[2023-12-19T14:14:21.558+0000] {processor.py:161} INFO - Started process (PID=86) to work on /home/airflow/.local/lib/python3.8/site-packages/airflow/example_dags/example_skip_dag.py
[2023-12-19T14:14:21.560+0000] {processor.py:830} INFO - Processing file /home/airflow/.local/lib/python3.8/site-packages/airflow/example_dags/example_skip_dag.py for tasks to queue
[2023-12-19T14:14:21.566+0000] {logging_mixin.py:188} INFO - [2023-12-19T14:14:21.564+0000] {dagbag.py:538} INFO - Filling up the DagBag from /home/airflow/.local/lib/python3.8/site-packages/airflow/example_dags/example_skip_dag.py
[2023-12-19T14:14:21.588+0000] {processor.py:840} INFO - DAG(s) 'example_skip_dag' retrieved from /home/airflow/.local/lib/python3.8/site-packages/airflow/example_dags/example_skip_dag.py
[2023-12-19T14:14:22.187+0000] {logging_mixin.py:188} INFO - [2023-12-19T14:14:22.172+0000] {dag.py:3033} INFO - Sync 1 DAGs
[2023-12-19T14:14:22.483+0000] {logging_mixin.py:188} INFO - [2023-12-19T14:14:22.482+0000] {dag.py:3820} INFO - Setting next_dagrun for example_skip_dag to 2023-12-18T00:00:00+00:00, run_after=2023-12-19T00:00:00+00:00
[2023-12-19T14:14:22.695+0000] {processor.py:183} INFO - Processing /home/airflow/.local/lib/python3.8/site-packages/airflow/example_dags/example_skip_dag.py took 1.146 seconds
[2023-12-19T14:14:53.299+0000] {processor.py:161} INFO - Started process (PID=141) to work on /home/airflow/.local/lib/python3.8/site-packages/airflow/example_dags/example_skip_dag.py
[2023-12-19T14:14:53.301+0000] {processor.py:830} INFO - Processing file /home/airflow/.local/lib/python3.8/site-packages/airflow/example_dags/example_skip_dag.py for tasks to queue
[2023-12-19T14:14:53.306+0000] {logging_mixin.py:188} INFO - [2023-12-19T14:14:53.305+0000] {dagbag.py:538} INFO - Filling up the DagBag from /home/airflow/.local/lib/python3.8/site-packages/airflow/example_dags/example_skip_dag.py
[2023-12-19T14:14:53.323+0000] {processor.py:840} INFO - DAG(s) 'example_skip_dag' retrieved from /home/airflow/.local/lib/python3.8/site-packages/airflow/example_dags/example_skip_dag.py
[2023-12-19T14:14:53.409+0000] {logging_mixin.py:188} INFO - [2023-12-19T14:14:53.406+0000] {dag.py:3033} INFO - Sync 1 DAGs
[2023-12-19T14:14:53.591+0000] {logging_mixin.py:188} INFO - [2023-12-19T14:14:53.591+0000] {dag.py:3820} INFO - Setting next_dagrun for example_skip_dag to 2023-12-18T00:00:00+00:00, run_after=2023-12-19T00:00:00+00:00
[2023-12-19T14:14:53.667+0000] {processor.py:183} INFO - Processing /home/airflow/.local/lib/python3.8/site-packages/airflow/example_dags/example_skip_dag.py took 0.376 seconds
[2023-12-19T14:18:45.929+0000] {processor.py:161} INFO - Started process (PID=78) to work on /home/airflow/.local/lib/python3.8/site-packages/airflow/example_dags/example_skip_dag.py
[2023-12-19T14:18:45.931+0000] {processor.py:830} INFO - Processing file /home/airflow/.local/lib/python3.8/site-packages/airflow/example_dags/example_skip_dag.py for tasks to queue
[2023-12-19T14:18:45.936+0000] {logging_mixin.py:188} INFO - [2023-12-19T14:18:45.935+0000] {dagbag.py:538} INFO - Filling up the DagBag from /home/airflow/.local/lib/python3.8/site-packages/airflow/example_dags/example_skip_dag.py
[2023-12-19T14:18:45.951+0000] {processor.py:840} INFO - DAG(s) 'example_skip_dag' retrieved from /home/airflow/.local/lib/python3.8/site-packages/airflow/example_dags/example_skip_dag.py
[2023-12-19T14:18:46.004+0000] {logging_mixin.py:188} INFO - [2023-12-19T14:18:46.003+0000] {dag.py:3033} INFO - Sync 1 DAGs
[2023-12-19T14:18:46.059+0000] {logging_mixin.py:188} INFO - [2023-12-19T14:18:46.059+0000] {dag.py:3820} INFO - Setting next_dagrun for example_skip_dag to 2023-12-18T00:00:00+00:00, run_after=2023-12-19T00:00:00+00:00
[2023-12-19T14:18:46.125+0000] {processor.py:183} INFO - Processing /home/airflow/.local/lib/python3.8/site-packages/airflow/example_dags/example_skip_dag.py took 0.202 seconds
[2023-12-19T14:19:18.675+0000] {processor.py:161} INFO - Started process (PID=134) to work on /home/airflow/.local/lib/python3.8/site-packages/airflow/example_dags/example_skip_dag.py
[2023-12-19T14:19:18.679+0000] {processor.py:830} INFO - Processing file /home/airflow/.local/lib/python3.8/site-packages/airflow/example_dags/example_skip_dag.py for tasks to queue
[2023-12-19T14:19:18.698+0000] {logging_mixin.py:188} INFO - [2023-12-19T14:19:18.697+0000] {dagbag.py:538} INFO - Filling up the DagBag from /home/airflow/.local/lib/python3.8/site-packages/airflow/example_dags/example_skip_dag.py
[2023-12-19T14:19:18.824+0000] {processor.py:840} INFO - DAG(s) 'example_skip_dag' retrieved from /home/airflow/.local/lib/python3.8/site-packages/airflow/example_dags/example_skip_dag.py
[2023-12-19T14:19:19.045+0000] {logging_mixin.py:188} INFO - [2023-12-19T14:19:19.044+0000] {dag.py:3033} INFO - Sync 1 DAGs
[2023-12-19T14:19:19.488+0000] {logging_mixin.py:188} INFO - [2023-12-19T14:19:19.488+0000] {dag.py:3820} INFO - Setting next_dagrun for example_skip_dag to 2023-12-18T00:00:00+00:00, run_after=2023-12-19T00:00:00+00:00
[2023-12-19T14:19:19.628+0000] {processor.py:183} INFO - Processing /home/airflow/.local/lib/python3.8/site-packages/airflow/example_dags/example_skip_dag.py took 0.977 seconds
[2023-12-19T14:19:50.253+0000] {processor.py:161} INFO - Started process (PID=189) to work on /home/airflow/.local/lib/python3.8/site-packages/airflow/example_dags/example_skip_dag.py
[2023-12-19T14:19:50.255+0000] {processor.py:830} INFO - Processing file /home/airflow/.local/lib/python3.8/site-packages/airflow/example_dags/example_skip_dag.py for tasks to queue
[2023-12-19T14:19:50.261+0000] {logging_mixin.py:188} INFO - [2023-12-19T14:19:50.261+0000] {dagbag.py:538} INFO - Filling up the DagBag from /home/airflow/.local/lib/python3.8/site-packages/airflow/example_dags/example_skip_dag.py
[2023-12-19T14:19:50.288+0000] {processor.py:840} INFO - DAG(s) 'example_skip_dag' retrieved from /home/airflow/.local/lib/python3.8/site-packages/airflow/example_dags/example_skip_dag.py
[2023-12-19T14:19:50.376+0000] {logging_mixin.py:188} INFO - [2023-12-19T14:19:50.375+0000] {dag.py:3033} INFO - Sync 1 DAGs
[2023-12-19T14:19:50.442+0000] {logging_mixin.py:188} INFO - [2023-12-19T14:19:50.442+0000] {dag.py:3820} INFO - Setting next_dagrun for example_skip_dag to 2023-12-18T00:00:00+00:00, run_after=2023-12-19T00:00:00+00:00
[2023-12-19T14:19:50.529+0000] {processor.py:183} INFO - Processing /home/airflow/.local/lib/python3.8/site-packages/airflow/example_dags/example_skip_dag.py took 0.284 seconds
[2023-12-19T14:20:21.426+0000] {processor.py:161} INFO - Started process (PID=244) to work on /home/airflow/.local/lib/python3.8/site-packages/airflow/example_dags/example_skip_dag.py
[2023-12-19T14:20:21.428+0000] {processor.py:830} INFO - Processing file /home/airflow/.local/lib/python3.8/site-packages/airflow/example_dags/example_skip_dag.py for tasks to queue
[2023-12-19T14:20:21.432+0000] {logging_mixin.py:188} INFO - [2023-12-19T14:20:21.432+0000] {dagbag.py:538} INFO - Filling up the DagBag from /home/airflow/.local/lib/python3.8/site-packages/airflow/example_dags/example_skip_dag.py
[2023-12-19T14:20:21.447+0000] {processor.py:840} INFO - DAG(s) 'example_skip_dag' retrieved from /home/airflow/.local/lib/python3.8/site-packages/airflow/example_dags/example_skip_dag.py
[2023-12-19T14:20:21.504+0000] {logging_mixin.py:188} INFO - [2023-12-19T14:20:21.504+0000] {dag.py:3033} INFO - Sync 1 DAGs
[2023-12-19T14:20:21.566+0000] {logging_mixin.py:188} INFO - [2023-12-19T14:20:21.566+0000] {dag.py:3820} INFO - Setting next_dagrun for example_skip_dag to 2023-12-18T00:00:00+00:00, run_after=2023-12-19T00:00:00+00:00
[2023-12-19T14:20:21.623+0000] {processor.py:183} INFO - Processing /home/airflow/.local/lib/python3.8/site-packages/airflow/example_dags/example_skip_dag.py took 0.203 seconds
[2023-12-19T14:20:52.248+0000] {processor.py:161} INFO - Started process (PID=300) to work on /home/airflow/.local/lib/python3.8/site-packages/airflow/example_dags/example_skip_dag.py
[2023-12-19T14:20:52.251+0000] {processor.py:830} INFO - Processing file /home/airflow/.local/lib/python3.8/site-packages/airflow/example_dags/example_skip_dag.py for tasks to queue
[2023-12-19T14:20:52.258+0000] {logging_mixin.py:188} INFO - [2023-12-19T14:20:52.257+0000] {dagbag.py:538} INFO - Filling up the DagBag from /home/airflow/.local/lib/python3.8/site-packages/airflow/example_dags/example_skip_dag.py
[2023-12-19T14:20:52.284+0000] {processor.py:840} INFO - DAG(s) 'example_skip_dag' retrieved from /home/airflow/.local/lib/python3.8/site-packages/airflow/example_dags/example_skip_dag.py
[2023-12-19T14:20:52.358+0000] {logging_mixin.py:188} INFO - [2023-12-19T14:20:52.357+0000] {dag.py:3033} INFO - Sync 1 DAGs
[2023-12-19T14:20:52.412+0000] {logging_mixin.py:188} INFO - [2023-12-19T14:20:52.412+0000] {dag.py:3820} INFO - Setting next_dagrun for example_skip_dag to 2023-12-18T00:00:00+00:00, run_after=2023-12-19T00:00:00+00:00
[2023-12-19T14:20:52.451+0000] {processor.py:183} INFO - Processing /home/airflow/.local/lib/python3.8/site-packages/airflow/example_dags/example_skip_dag.py took 0.215 seconds
[2023-12-19T14:21:22.721+0000] {processor.py:161} INFO - Started process (PID=354) to work on /home/airflow/.local/lib/python3.8/site-packages/airflow/example_dags/example_skip_dag.py
[2023-12-19T14:21:22.725+0000] {processor.py:830} INFO - Processing file /home/airflow/.local/lib/python3.8/site-packages/airflow/example_dags/example_skip_dag.py for tasks to queue
[2023-12-19T14:21:22.746+0000] {logging_mixin.py:188} INFO - [2023-12-19T14:21:22.745+0000] {dagbag.py:538} INFO - Filling up the DagBag from /home/airflow/.local/lib/python3.8/site-packages/airflow/example_dags/example_skip_dag.py
[2023-12-19T14:21:22.782+0000] {processor.py:840} INFO - DAG(s) 'example_skip_dag' retrieved from /home/airflow/.local/lib/python3.8/site-packages/airflow/example_dags/example_skip_dag.py
[2023-12-19T14:21:22.947+0000] {logging_mixin.py:188} INFO - [2023-12-19T14:21:22.946+0000] {dag.py:3033} INFO - Sync 1 DAGs
[2023-12-19T14:21:23.052+0000] {logging_mixin.py:188} INFO - [2023-12-19T14:21:23.051+0000] {dag.py:3820} INFO - Setting next_dagrun for example_skip_dag to 2023-12-18T00:00:00+00:00, run_after=2023-12-19T00:00:00+00:00
[2023-12-19T14:21:23.121+0000] {processor.py:183} INFO - Processing /home/airflow/.local/lib/python3.8/site-packages/airflow/example_dags/example_skip_dag.py took 0.416 seconds
[2023-12-19T14:21:53.704+0000] {processor.py:161} INFO - Started process (PID=409) to work on /home/airflow/.local/lib/python3.8/site-packages/airflow/example_dags/example_skip_dag.py
[2023-12-19T14:21:53.708+0000] {processor.py:830} INFO - Processing file /home/airflow/.local/lib/python3.8/site-packages/airflow/example_dags/example_skip_dag.py for tasks to queue
[2023-12-19T14:21:53.722+0000] {logging_mixin.py:188} INFO - [2023-12-19T14:21:53.716+0000] {dagbag.py:538} INFO - Filling up the DagBag from /home/airflow/.local/lib/python3.8/site-packages/airflow/example_dags/example_skip_dag.py
[2023-12-19T14:21:53.737+0000] {processor.py:840} INFO - DAG(s) 'example_skip_dag' retrieved from /home/airflow/.local/lib/python3.8/site-packages/airflow/example_dags/example_skip_dag.py
[2023-12-19T14:21:53.858+0000] {logging_mixin.py:188} INFO - [2023-12-19T14:21:53.857+0000] {dag.py:3033} INFO - Sync 1 DAGs
[2023-12-19T14:21:53.936+0000] {logging_mixin.py:188} INFO - [2023-12-19T14:21:53.936+0000] {dag.py:3820} INFO - Setting next_dagrun for example_skip_dag to 2023-12-18T00:00:00+00:00, run_after=2023-12-19T00:00:00+00:00
[2023-12-19T14:21:54.033+0000] {processor.py:183} INFO - Processing /home/airflow/.local/lib/python3.8/site-packages/airflow/example_dags/example_skip_dag.py took 0.348 seconds
[2023-12-19T14:22:24.899+0000] {processor.py:161} INFO - Started process (PID=464) to work on /home/airflow/.local/lib/python3.8/site-packages/airflow/example_dags/example_skip_dag.py
[2023-12-19T14:22:24.901+0000] {processor.py:830} INFO - Processing file /home/airflow/.local/lib/python3.8/site-packages/airflow/example_dags/example_skip_dag.py for tasks to queue
[2023-12-19T14:22:24.905+0000] {logging_mixin.py:188} INFO - [2023-12-19T14:22:24.905+0000] {dagbag.py:538} INFO - Filling up the DagBag from /home/airflow/.local/lib/python3.8/site-packages/airflow/example_dags/example_skip_dag.py
[2023-12-19T14:22:24.918+0000] {processor.py:840} INFO - DAG(s) 'example_skip_dag' retrieved from /home/airflow/.local/lib/python3.8/site-packages/airflow/example_dags/example_skip_dag.py
[2023-12-19T14:22:24.974+0000] {logging_mixin.py:188} INFO - [2023-12-19T14:22:24.973+0000] {dag.py:3033} INFO - Sync 1 DAGs
[2023-12-19T14:22:25.038+0000] {logging_mixin.py:188} INFO - [2023-12-19T14:22:25.038+0000] {dag.py:3820} INFO - Setting next_dagrun for example_skip_dag to 2023-12-18T00:00:00+00:00, run_after=2023-12-19T00:00:00+00:00
[2023-12-19T14:22:25.080+0000] {processor.py:183} INFO - Processing /home/airflow/.local/lib/python3.8/site-packages/airflow/example_dags/example_skip_dag.py took 0.188 seconds
[2023-12-19T14:23:37.776+0000] {processor.py:161} INFO - Started process (PID=78) to work on /home/airflow/.local/lib/python3.8/site-packages/airflow/example_dags/example_skip_dag.py
[2023-12-19T14:23:37.779+0000] {processor.py:830} INFO - Processing file /home/airflow/.local/lib/python3.8/site-packages/airflow/example_dags/example_skip_dag.py for tasks to queue
[2023-12-19T14:23:37.785+0000] {logging_mixin.py:188} INFO - [2023-12-19T14:23:37.784+0000] {dagbag.py:538} INFO - Filling up the DagBag from /home/airflow/.local/lib/python3.8/site-packages/airflow/example_dags/example_skip_dag.py
[2023-12-19T14:23:37.803+0000] {processor.py:840} INFO - DAG(s) 'example_skip_dag' retrieved from /home/airflow/.local/lib/python3.8/site-packages/airflow/example_dags/example_skip_dag.py
[2023-12-19T14:23:37.901+0000] {logging_mixin.py:188} INFO - [2023-12-19T14:23:37.900+0000] {dag.py:3033} INFO - Sync 1 DAGs
[2023-12-19T14:23:37.966+0000] {logging_mixin.py:188} INFO - [2023-12-19T14:23:37.966+0000] {dag.py:3820} INFO - Setting next_dagrun for example_skip_dag to 2023-12-18T00:00:00+00:00, run_after=2023-12-19T00:00:00+00:00
[2023-12-19T14:23:38.091+0000] {processor.py:183} INFO - Processing /home/airflow/.local/lib/python3.8/site-packages/airflow/example_dags/example_skip_dag.py took 0.325 seconds
[2023-12-19T14:25:35.499+0000] {processor.py:161} INFO - Started process (PID=90) to work on /home/airflow/.local/lib/python3.8/site-packages/airflow/example_dags/example_skip_dag.py
[2023-12-19T14:25:35.502+0000] {processor.py:830} INFO - Processing file /home/airflow/.local/lib/python3.8/site-packages/airflow/example_dags/example_skip_dag.py for tasks to queue
[2023-12-19T14:25:35.510+0000] {logging_mixin.py:188} INFO - [2023-12-19T14:25:35.510+0000] {dagbag.py:538} INFO - Filling up the DagBag from /home/airflow/.local/lib/python3.8/site-packages/airflow/example_dags/example_skip_dag.py
[2023-12-19T14:25:35.544+0000] {processor.py:840} INFO - DAG(s) 'example_skip_dag' retrieved from /home/airflow/.local/lib/python3.8/site-packages/airflow/example_dags/example_skip_dag.py
[2023-12-19T14:25:35.921+0000] {logging_mixin.py:188} INFO - [2023-12-19T14:25:35.920+0000] {dag.py:3033} INFO - Sync 1 DAGs
[2023-12-19T14:25:35.975+0000] {logging_mixin.py:188} INFO - [2023-12-19T14:25:35.975+0000] {dag.py:3820} INFO - Setting next_dagrun for example_skip_dag to 2023-12-18T00:00:00+00:00, run_after=2023-12-19T00:00:00+00:00
[2023-12-19T14:25:36.044+0000] {processor.py:183} INFO - Processing /home/airflow/.local/lib/python3.8/site-packages/airflow/example_dags/example_skip_dag.py took 0.553 seconds
[2023-12-19T14:26:06.552+0000] {processor.py:161} INFO - Started process (PID=144) to work on /home/airflow/.local/lib/python3.8/site-packages/airflow/example_dags/example_skip_dag.py
[2023-12-19T14:26:06.554+0000] {processor.py:830} INFO - Processing file /home/airflow/.local/lib/python3.8/site-packages/airflow/example_dags/example_skip_dag.py for tasks to queue
[2023-12-19T14:26:06.559+0000] {logging_mixin.py:188} INFO - [2023-12-19T14:26:06.558+0000] {dagbag.py:538} INFO - Filling up the DagBag from /home/airflow/.local/lib/python3.8/site-packages/airflow/example_dags/example_skip_dag.py
[2023-12-19T14:26:06.574+0000] {processor.py:840} INFO - DAG(s) 'example_skip_dag' retrieved from /home/airflow/.local/lib/python3.8/site-packages/airflow/example_dags/example_skip_dag.py
[2023-12-19T14:26:06.632+0000] {logging_mixin.py:188} INFO - [2023-12-19T14:26:06.631+0000] {dag.py:3033} INFO - Sync 1 DAGs
[2023-12-19T14:26:06.681+0000] {logging_mixin.py:188} INFO - [2023-12-19T14:26:06.681+0000] {dag.py:3820} INFO - Setting next_dagrun for example_skip_dag to 2023-12-18T00:00:00+00:00, run_after=2023-12-19T00:00:00+00:00
[2023-12-19T14:26:06.722+0000] {processor.py:183} INFO - Processing /home/airflow/.local/lib/python3.8/site-packages/airflow/example_dags/example_skip_dag.py took 0.176 seconds
[2023-12-19T14:26:37.231+0000] {processor.py:161} INFO - Started process (PID=199) to work on /home/airflow/.local/lib/python3.8/site-packages/airflow/example_dags/example_skip_dag.py
[2023-12-19T14:26:37.232+0000] {processor.py:830} INFO - Processing file /home/airflow/.local/lib/python3.8/site-packages/airflow/example_dags/example_skip_dag.py for tasks to queue
[2023-12-19T14:26:37.241+0000] {logging_mixin.py:188} INFO - [2023-12-19T14:26:37.240+0000] {dagbag.py:538} INFO - Filling up the DagBag from /home/airflow/.local/lib/python3.8/site-packages/airflow/example_dags/example_skip_dag.py
[2023-12-19T14:26:37.258+0000] {processor.py:840} INFO - DAG(s) 'example_skip_dag' retrieved from /home/airflow/.local/lib/python3.8/site-packages/airflow/example_dags/example_skip_dag.py
[2023-12-19T14:26:37.338+0000] {logging_mixin.py:188} INFO - [2023-12-19T14:26:37.338+0000] {dag.py:3033} INFO - Sync 1 DAGs
[2023-12-19T14:26:37.413+0000] {logging_mixin.py:188} INFO - [2023-12-19T14:26:37.413+0000] {dag.py:3820} INFO - Setting next_dagrun for example_skip_dag to 2023-12-18T00:00:00+00:00, run_after=2023-12-19T00:00:00+00:00
[2023-12-19T14:26:37.496+0000] {processor.py:183} INFO - Processing /home/airflow/.local/lib/python3.8/site-packages/airflow/example_dags/example_skip_dag.py took 0.273 seconds
[2023-12-19T14:27:07.722+0000] {processor.py:161} INFO - Started process (PID=254) to work on /home/airflow/.local/lib/python3.8/site-packages/airflow/example_dags/example_skip_dag.py
[2023-12-19T14:27:07.724+0000] {processor.py:830} INFO - Processing file /home/airflow/.local/lib/python3.8/site-packages/airflow/example_dags/example_skip_dag.py for tasks to queue
[2023-12-19T14:27:07.727+0000] {logging_mixin.py:188} INFO - [2023-12-19T14:27:07.727+0000] {dagbag.py:538} INFO - Filling up the DagBag from /home/airflow/.local/lib/python3.8/site-packages/airflow/example_dags/example_skip_dag.py
[2023-12-19T14:27:07.742+0000] {processor.py:840} INFO - DAG(s) 'example_skip_dag' retrieved from /home/airflow/.local/lib/python3.8/site-packages/airflow/example_dags/example_skip_dag.py
[2023-12-19T14:27:07.790+0000] {logging_mixin.py:188} INFO - [2023-12-19T14:27:07.790+0000] {dag.py:3033} INFO - Sync 1 DAGs
[2023-12-19T14:27:07.838+0000] {logging_mixin.py:188} INFO - [2023-12-19T14:27:07.837+0000] {dag.py:3820} INFO - Setting next_dagrun for example_skip_dag to 2023-12-18T00:00:00+00:00, run_after=2023-12-19T00:00:00+00:00
[2023-12-19T14:27:07.877+0000] {processor.py:183} INFO - Processing /home/airflow/.local/lib/python3.8/site-packages/airflow/example_dags/example_skip_dag.py took 0.162 seconds
[2023-12-19T14:27:38.033+0000] {processor.py:161} INFO - Started process (PID=309) to work on /home/airflow/.local/lib/python3.8/site-packages/airflow/example_dags/example_skip_dag.py
[2023-12-19T14:27:38.035+0000] {processor.py:830} INFO - Processing file /home/airflow/.local/lib/python3.8/site-packages/airflow/example_dags/example_skip_dag.py for tasks to queue
[2023-12-19T14:27:38.040+0000] {logging_mixin.py:188} INFO - [2023-12-19T14:27:38.039+0000] {dagbag.py:538} INFO - Filling up the DagBag from /home/airflow/.local/lib/python3.8/site-packages/airflow/example_dags/example_skip_dag.py
[2023-12-19T14:27:38.054+0000] {processor.py:840} INFO - DAG(s) 'example_skip_dag' retrieved from /home/airflow/.local/lib/python3.8/site-packages/airflow/example_dags/example_skip_dag.py
[2023-12-19T14:27:38.103+0000] {logging_mixin.py:188} INFO - [2023-12-19T14:27:38.103+0000] {dag.py:3033} INFO - Sync 1 DAGs
[2023-12-19T14:27:38.152+0000] {logging_mixin.py:188} INFO - [2023-12-19T14:27:38.152+0000] {dag.py:3820} INFO - Setting next_dagrun for example_skip_dag to 2023-12-18T00:00:00+00:00, run_after=2023-12-19T00:00:00+00:00
[2023-12-19T14:27:38.194+0000] {processor.py:183} INFO - Processing /home/airflow/.local/lib/python3.8/site-packages/airflow/example_dags/example_skip_dag.py took 0.169 seconds
[2023-12-19T14:28:08.391+0000] {processor.py:161} INFO - Started process (PID=364) to work on /home/airflow/.local/lib/python3.8/site-packages/airflow/example_dags/example_skip_dag.py
[2023-12-19T14:28:08.393+0000] {processor.py:830} INFO - Processing file /home/airflow/.local/lib/python3.8/site-packages/airflow/example_dags/example_skip_dag.py for tasks to queue
[2023-12-19T14:28:08.397+0000] {logging_mixin.py:188} INFO - [2023-12-19T14:28:08.396+0000] {dagbag.py:538} INFO - Filling up the DagBag from /home/airflow/.local/lib/python3.8/site-packages/airflow/example_dags/example_skip_dag.py
[2023-12-19T14:28:08.409+0000] {processor.py:840} INFO - DAG(s) 'example_skip_dag' retrieved from /home/airflow/.local/lib/python3.8/site-packages/airflow/example_dags/example_skip_dag.py
[2023-12-19T14:28:08.453+0000] {logging_mixin.py:188} INFO - [2023-12-19T14:28:08.453+0000] {dag.py:3033} INFO - Sync 1 DAGs
[2023-12-19T14:28:08.499+0000] {logging_mixin.py:188} INFO - [2023-12-19T14:28:08.498+0000] {dag.py:3820} INFO - Setting next_dagrun for example_skip_dag to 2023-12-18T00:00:00+00:00, run_after=2023-12-19T00:00:00+00:00
[2023-12-19T14:28:08.542+0000] {processor.py:183} INFO - Processing /home/airflow/.local/lib/python3.8/site-packages/airflow/example_dags/example_skip_dag.py took 0.157 seconds
[2023-12-19T14:28:38.973+0000] {processor.py:161} INFO - Started process (PID=420) to work on /home/airflow/.local/lib/python3.8/site-packages/airflow/example_dags/example_skip_dag.py
[2023-12-19T14:28:38.977+0000] {processor.py:830} INFO - Processing file /home/airflow/.local/lib/python3.8/site-packages/airflow/example_dags/example_skip_dag.py for tasks to queue
[2023-12-19T14:28:38.983+0000] {logging_mixin.py:188} INFO - [2023-12-19T14:28:38.982+0000] {dagbag.py:538} INFO - Filling up the DagBag from /home/airflow/.local/lib/python3.8/site-packages/airflow/example_dags/example_skip_dag.py
[2023-12-19T14:28:39.004+0000] {processor.py:840} INFO - DAG(s) 'example_skip_dag' retrieved from /home/airflow/.local/lib/python3.8/site-packages/airflow/example_dags/example_skip_dag.py
[2023-12-19T14:28:39.085+0000] {logging_mixin.py:188} INFO - [2023-12-19T14:28:39.085+0000] {dag.py:3033} INFO - Sync 1 DAGs
[2023-12-19T14:28:39.164+0000] {logging_mixin.py:188} INFO - [2023-12-19T14:28:39.164+0000] {dag.py:3820} INFO - Setting next_dagrun for example_skip_dag to 2023-12-18T00:00:00+00:00, run_after=2023-12-19T00:00:00+00:00
[2023-12-19T14:28:39.221+0000] {processor.py:183} INFO - Processing /home/airflow/.local/lib/python3.8/site-packages/airflow/example_dags/example_skip_dag.py took 0.263 seconds
[2023-12-19T14:29:10.056+0000] {processor.py:161} INFO - Started process (PID=475) to work on /home/airflow/.local/lib/python3.8/site-packages/airflow/example_dags/example_skip_dag.py
[2023-12-19T14:29:10.058+0000] {processor.py:830} INFO - Processing file /home/airflow/.local/lib/python3.8/site-packages/airflow/example_dags/example_skip_dag.py for tasks to queue
[2023-12-19T14:29:10.062+0000] {logging_mixin.py:188} INFO - [2023-12-19T14:29:10.061+0000] {dagbag.py:538} INFO - Filling up the DagBag from /home/airflow/.local/lib/python3.8/site-packages/airflow/example_dags/example_skip_dag.py
[2023-12-19T14:29:10.073+0000] {processor.py:840} INFO - DAG(s) 'example_skip_dag' retrieved from /home/airflow/.local/lib/python3.8/site-packages/airflow/example_dags/example_skip_dag.py
[2023-12-19T14:29:10.110+0000] {logging_mixin.py:188} INFO - [2023-12-19T14:29:10.110+0000] {dag.py:3033} INFO - Sync 1 DAGs
[2023-12-19T14:29:10.155+0000] {logging_mixin.py:188} INFO - [2023-12-19T14:29:10.155+0000] {dag.py:3820} INFO - Setting next_dagrun for example_skip_dag to 2023-12-18T00:00:00+00:00, run_after=2023-12-19T00:00:00+00:00
[2023-12-19T14:29:10.193+0000] {processor.py:183} INFO - Processing /home/airflow/.local/lib/python3.8/site-packages/airflow/example_dags/example_skip_dag.py took 0.144 seconds
[2023-12-19T14:29:41.777+0000] {processor.py:161} INFO - Started process (PID=530) to work on /home/airflow/.local/lib/python3.8/site-packages/airflow/example_dags/example_skip_dag.py
[2023-12-19T14:29:41.779+0000] {processor.py:830} INFO - Processing file /home/airflow/.local/lib/python3.8/site-packages/airflow/example_dags/example_skip_dag.py for tasks to queue
[2023-12-19T14:29:41.783+0000] {logging_mixin.py:188} INFO - [2023-12-19T14:29:41.782+0000] {dagbag.py:538} INFO - Filling up the DagBag from /home/airflow/.local/lib/python3.8/site-packages/airflow/example_dags/example_skip_dag.py
[2023-12-19T14:29:41.799+0000] {processor.py:840} INFO - DAG(s) 'example_skip_dag' retrieved from /home/airflow/.local/lib/python3.8/site-packages/airflow/example_dags/example_skip_dag.py
[2023-12-19T14:29:41.856+0000] {logging_mixin.py:188} INFO - [2023-12-19T14:29:41.855+0000] {dag.py:3033} INFO - Sync 1 DAGs
[2023-12-19T14:29:41.921+0000] {logging_mixin.py:188} INFO - [2023-12-19T14:29:41.921+0000] {dag.py:3820} INFO - Setting next_dagrun for example_skip_dag to 2023-12-18T00:00:00+00:00, run_after=2023-12-19T00:00:00+00:00
[2023-12-19T14:29:42.100+0000] {processor.py:183} INFO - Processing /home/airflow/.local/lib/python3.8/site-packages/airflow/example_dags/example_skip_dag.py took 0.331 seconds
[2023-12-19T14:30:12.231+0000] {processor.py:161} INFO - Started process (PID=585) to work on /home/airflow/.local/lib/python3.8/site-packages/airflow/example_dags/example_skip_dag.py
[2023-12-19T14:30:12.232+0000] {processor.py:830} INFO - Processing file /home/airflow/.local/lib/python3.8/site-packages/airflow/example_dags/example_skip_dag.py for tasks to queue
[2023-12-19T14:30:12.236+0000] {logging_mixin.py:188} INFO - [2023-12-19T14:30:12.235+0000] {dagbag.py:538} INFO - Filling up the DagBag from /home/airflow/.local/lib/python3.8/site-packages/airflow/example_dags/example_skip_dag.py
[2023-12-19T14:30:12.248+0000] {processor.py:840} INFO - DAG(s) 'example_skip_dag' retrieved from /home/airflow/.local/lib/python3.8/site-packages/airflow/example_dags/example_skip_dag.py
[2023-12-19T14:30:12.302+0000] {logging_mixin.py:188} INFO - [2023-12-19T14:30:12.301+0000] {dag.py:3033} INFO - Sync 1 DAGs
[2023-12-19T14:30:12.361+0000] {logging_mixin.py:188} INFO - [2023-12-19T14:30:12.361+0000] {dag.py:3820} INFO - Setting next_dagrun for example_skip_dag to 2023-12-18T00:00:00+00:00, run_after=2023-12-19T00:00:00+00:00
[2023-12-19T14:30:12.403+0000] {processor.py:183} INFO - Processing /home/airflow/.local/lib/python3.8/site-packages/airflow/example_dags/example_skip_dag.py took 0.178 seconds
[2023-12-19T14:30:42.983+0000] {processor.py:161} INFO - Started process (PID=640) to work on /home/airflow/.local/lib/python3.8/site-packages/airflow/example_dags/example_skip_dag.py
[2023-12-19T14:30:42.985+0000] {processor.py:830} INFO - Processing file /home/airflow/.local/lib/python3.8/site-packages/airflow/example_dags/example_skip_dag.py for tasks to queue
[2023-12-19T14:30:42.991+0000] {logging_mixin.py:188} INFO - [2023-12-19T14:30:42.989+0000] {dagbag.py:538} INFO - Filling up the DagBag from /home/airflow/.local/lib/python3.8/site-packages/airflow/example_dags/example_skip_dag.py
[2023-12-19T14:30:43.007+0000] {processor.py:840} INFO - DAG(s) 'example_skip_dag' retrieved from /home/airflow/.local/lib/python3.8/site-packages/airflow/example_dags/example_skip_dag.py
[2023-12-19T14:30:43.062+0000] {logging_mixin.py:188} INFO - [2023-12-19T14:30:43.061+0000] {dag.py:3033} INFO - Sync 1 DAGs
[2023-12-19T14:30:43.113+0000] {logging_mixin.py:188} INFO - [2023-12-19T14:30:43.113+0000] {dag.py:3820} INFO - Setting next_dagrun for example_skip_dag to 2023-12-18T00:00:00+00:00, run_after=2023-12-19T00:00:00+00:00
[2023-12-19T14:30:43.158+0000] {processor.py:183} INFO - Processing /home/airflow/.local/lib/python3.8/site-packages/airflow/example_dags/example_skip_dag.py took 0.183 seconds
[2023-12-19T14:31:13.351+0000] {processor.py:161} INFO - Started process (PID=693) to work on /home/airflow/.local/lib/python3.8/site-packages/airflow/example_dags/example_skip_dag.py
[2023-12-19T14:31:13.358+0000] {processor.py:830} INFO - Processing file /home/airflow/.local/lib/python3.8/site-packages/airflow/example_dags/example_skip_dag.py for tasks to queue
[2023-12-19T14:31:13.364+0000] {logging_mixin.py:188} INFO - [2023-12-19T14:31:13.363+0000] {dagbag.py:538} INFO - Filling up the DagBag from /home/airflow/.local/lib/python3.8/site-packages/airflow/example_dags/example_skip_dag.py
[2023-12-19T14:31:13.393+0000] {processor.py:840} INFO - DAG(s) 'example_skip_dag' retrieved from /home/airflow/.local/lib/python3.8/site-packages/airflow/example_dags/example_skip_dag.py
[2023-12-19T14:31:13.500+0000] {logging_mixin.py:188} INFO - [2023-12-19T14:31:13.500+0000] {dag.py:3033} INFO - Sync 1 DAGs
[2023-12-19T14:31:13.604+0000] {logging_mixin.py:188} INFO - [2023-12-19T14:31:13.604+0000] {dag.py:3820} INFO - Setting next_dagrun for example_skip_dag to 2023-12-18T00:00:00+00:00, run_after=2023-12-19T00:00:00+00:00
[2023-12-19T14:31:13.688+0000] {processor.py:183} INFO - Processing /home/airflow/.local/lib/python3.8/site-packages/airflow/example_dags/example_skip_dag.py took 0.351 seconds
[2023-12-19T14:31:44.097+0000] {processor.py:161} INFO - Started process (PID=748) to work on /home/airflow/.local/lib/python3.8/site-packages/airflow/example_dags/example_skip_dag.py
[2023-12-19T14:31:44.099+0000] {processor.py:830} INFO - Processing file /home/airflow/.local/lib/python3.8/site-packages/airflow/example_dags/example_skip_dag.py for tasks to queue
[2023-12-19T14:31:44.104+0000] {logging_mixin.py:188} INFO - [2023-12-19T14:31:44.103+0000] {dagbag.py:538} INFO - Filling up the DagBag from /home/airflow/.local/lib/python3.8/site-packages/airflow/example_dags/example_skip_dag.py
[2023-12-19T14:31:44.120+0000] {processor.py:840} INFO - DAG(s) 'example_skip_dag' retrieved from /home/airflow/.local/lib/python3.8/site-packages/airflow/example_dags/example_skip_dag.py
[2023-12-19T14:31:44.175+0000] {logging_mixin.py:188} INFO - [2023-12-19T14:31:44.175+0000] {dag.py:3033} INFO - Sync 1 DAGs
[2023-12-19T14:31:44.237+0000] {logging_mixin.py:188} INFO - [2023-12-19T14:31:44.237+0000] {dag.py:3820} INFO - Setting next_dagrun for example_skip_dag to 2023-12-18T00:00:00+00:00, run_after=2023-12-19T00:00:00+00:00
[2023-12-19T14:31:44.285+0000] {processor.py:183} INFO - Processing /home/airflow/.local/lib/python3.8/site-packages/airflow/example_dags/example_skip_dag.py took 0.196 seconds
[2023-12-19T14:32:15.606+0000] {processor.py:161} INFO - Started process (PID=802) to work on /home/airflow/.local/lib/python3.8/site-packages/airflow/example_dags/example_skip_dag.py
[2023-12-19T14:32:15.608+0000] {processor.py:830} INFO - Processing file /home/airflow/.local/lib/python3.8/site-packages/airflow/example_dags/example_skip_dag.py for tasks to queue
[2023-12-19T14:32:15.614+0000] {logging_mixin.py:188} INFO - [2023-12-19T14:32:15.613+0000] {dagbag.py:538} INFO - Filling up the DagBag from /home/airflow/.local/lib/python3.8/site-packages/airflow/example_dags/example_skip_dag.py
[2023-12-19T14:32:15.640+0000] {processor.py:840} INFO - DAG(s) 'example_skip_dag' retrieved from /home/airflow/.local/lib/python3.8/site-packages/airflow/example_dags/example_skip_dag.py
[2023-12-19T14:32:15.756+0000] {logging_mixin.py:188} INFO - [2023-12-19T14:32:15.755+0000] {dag.py:3033} INFO - Sync 1 DAGs
[2023-12-19T14:32:15.870+0000] {logging_mixin.py:188} INFO - [2023-12-19T14:32:15.869+0000] {dag.py:3820} INFO - Setting next_dagrun for example_skip_dag to 2023-12-18T00:00:00+00:00, run_after=2023-12-19T00:00:00+00:00
[2023-12-19T14:32:16.026+0000] {processor.py:183} INFO - Processing /home/airflow/.local/lib/python3.8/site-packages/airflow/example_dags/example_skip_dag.py took 0.427 seconds
[2023-12-19T14:32:47.017+0000] {processor.py:161} INFO - Started process (PID=857) to work on /home/airflow/.local/lib/python3.8/site-packages/airflow/example_dags/example_skip_dag.py
[2023-12-19T14:32:47.021+0000] {processor.py:830} INFO - Processing file /home/airflow/.local/lib/python3.8/site-packages/airflow/example_dags/example_skip_dag.py for tasks to queue
[2023-12-19T14:32:47.027+0000] {logging_mixin.py:188} INFO - [2023-12-19T14:32:47.027+0000] {dagbag.py:538} INFO - Filling up the DagBag from /home/airflow/.local/lib/python3.8/site-packages/airflow/example_dags/example_skip_dag.py
[2023-12-19T14:32:47.045+0000] {processor.py:840} INFO - DAG(s) 'example_skip_dag' retrieved from /home/airflow/.local/lib/python3.8/site-packages/airflow/example_dags/example_skip_dag.py
[2023-12-19T14:32:47.170+0000] {logging_mixin.py:188} INFO - [2023-12-19T14:32:47.169+0000] {dag.py:3033} INFO - Sync 1 DAGs
[2023-12-19T14:32:47.344+0000] {logging_mixin.py:188} INFO - [2023-12-19T14:32:47.343+0000] {dag.py:3820} INFO - Setting next_dagrun for example_skip_dag to 2023-12-18T00:00:00+00:00, run_after=2023-12-19T00:00:00+00:00
[2023-12-19T14:32:47.461+0000] {processor.py:183} INFO - Processing /home/airflow/.local/lib/python3.8/site-packages/airflow/example_dags/example_skip_dag.py took 0.466 seconds
[2023-12-19T14:33:17.575+0000] {processor.py:161} INFO - Started process (PID=912) to work on /home/airflow/.local/lib/python3.8/site-packages/airflow/example_dags/example_skip_dag.py
[2023-12-19T14:33:17.577+0000] {processor.py:830} INFO - Processing file /home/airflow/.local/lib/python3.8/site-packages/airflow/example_dags/example_skip_dag.py for tasks to queue
[2023-12-19T14:33:17.583+0000] {logging_mixin.py:188} INFO - [2023-12-19T14:33:17.582+0000] {dagbag.py:538} INFO - Filling up the DagBag from /home/airflow/.local/lib/python3.8/site-packages/airflow/example_dags/example_skip_dag.py
[2023-12-19T14:33:17.599+0000] {processor.py:840} INFO - DAG(s) 'example_skip_dag' retrieved from /home/airflow/.local/lib/python3.8/site-packages/airflow/example_dags/example_skip_dag.py
[2023-12-19T14:33:17.648+0000] {logging_mixin.py:188} INFO - [2023-12-19T14:33:17.648+0000] {dag.py:3033} INFO - Sync 1 DAGs
[2023-12-19T14:33:17.705+0000] {logging_mixin.py:188} INFO - [2023-12-19T14:33:17.704+0000] {dag.py:3820} INFO - Setting next_dagrun for example_skip_dag to 2023-12-18T00:00:00+00:00, run_after=2023-12-19T00:00:00+00:00
[2023-12-19T14:33:17.764+0000] {processor.py:183} INFO - Processing /home/airflow/.local/lib/python3.8/site-packages/airflow/example_dags/example_skip_dag.py took 0.196 seconds
[2023-12-19T14:33:48.101+0000] {processor.py:161} INFO - Started process (PID=967) to work on /home/airflow/.local/lib/python3.8/site-packages/airflow/example_dags/example_skip_dag.py
[2023-12-19T14:33:48.105+0000] {processor.py:830} INFO - Processing file /home/airflow/.local/lib/python3.8/site-packages/airflow/example_dags/example_skip_dag.py for tasks to queue
[2023-12-19T14:33:48.113+0000] {logging_mixin.py:188} INFO - [2023-12-19T14:33:48.112+0000] {dagbag.py:538} INFO - Filling up the DagBag from /home/airflow/.local/lib/python3.8/site-packages/airflow/example_dags/example_skip_dag.py
[2023-12-19T14:33:48.132+0000] {processor.py:840} INFO - DAG(s) 'example_skip_dag' retrieved from /home/airflow/.local/lib/python3.8/site-packages/airflow/example_dags/example_skip_dag.py
[2023-12-19T14:33:48.199+0000] {logging_mixin.py:188} INFO - [2023-12-19T14:33:48.199+0000] {dag.py:3033} INFO - Sync 1 DAGs
[2023-12-19T14:33:48.256+0000] {logging_mixin.py:188} INFO - [2023-12-19T14:33:48.255+0000] {dag.py:3820} INFO - Setting next_dagrun for example_skip_dag to 2023-12-18T00:00:00+00:00, run_after=2023-12-19T00:00:00+00:00
[2023-12-19T14:33:48.309+0000] {processor.py:183} INFO - Processing /home/airflow/.local/lib/python3.8/site-packages/airflow/example_dags/example_skip_dag.py took 0.223 seconds
[2023-12-19T14:34:18.731+0000] {processor.py:161} INFO - Started process (PID=1022) to work on /home/airflow/.local/lib/python3.8/site-packages/airflow/example_dags/example_skip_dag.py
[2023-12-19T14:34:18.733+0000] {processor.py:830} INFO - Processing file /home/airflow/.local/lib/python3.8/site-packages/airflow/example_dags/example_skip_dag.py for tasks to queue
[2023-12-19T14:34:18.739+0000] {logging_mixin.py:188} INFO - [2023-12-19T14:34:18.738+0000] {dagbag.py:538} INFO - Filling up the DagBag from /home/airflow/.local/lib/python3.8/site-packages/airflow/example_dags/example_skip_dag.py
[2023-12-19T14:34:18.769+0000] {processor.py:840} INFO - DAG(s) 'example_skip_dag' retrieved from /home/airflow/.local/lib/python3.8/site-packages/airflow/example_dags/example_skip_dag.py
[2023-12-19T14:34:18.845+0000] {logging_mixin.py:188} INFO - [2023-12-19T14:34:18.844+0000] {dag.py:3033} INFO - Sync 1 DAGs
[2023-12-19T14:34:18.955+0000] {logging_mixin.py:188} INFO - [2023-12-19T14:34:18.954+0000] {dag.py:3820} INFO - Setting next_dagrun for example_skip_dag to 2023-12-18T00:00:00+00:00, run_after=2023-12-19T00:00:00+00:00
[2023-12-19T14:34:19.037+0000] {processor.py:183} INFO - Processing /home/airflow/.local/lib/python3.8/site-packages/airflow/example_dags/example_skip_dag.py took 0.319 seconds
[2023-12-19T14:34:49.971+0000] {processor.py:161} INFO - Started process (PID=1076) to work on /home/airflow/.local/lib/python3.8/site-packages/airflow/example_dags/example_skip_dag.py
[2023-12-19T14:34:49.974+0000] {processor.py:830} INFO - Processing file /home/airflow/.local/lib/python3.8/site-packages/airflow/example_dags/example_skip_dag.py for tasks to queue
[2023-12-19T14:34:49.982+0000] {logging_mixin.py:188} INFO - [2023-12-19T14:34:49.981+0000] {dagbag.py:538} INFO - Filling up the DagBag from /home/airflow/.local/lib/python3.8/site-packages/airflow/example_dags/example_skip_dag.py
[2023-12-19T14:34:50.006+0000] {processor.py:840} INFO - DAG(s) 'example_skip_dag' retrieved from /home/airflow/.local/lib/python3.8/site-packages/airflow/example_dags/example_skip_dag.py
[2023-12-19T14:34:50.061+0000] {logging_mixin.py:188} INFO - [2023-12-19T14:34:50.061+0000] {dag.py:3033} INFO - Sync 1 DAGs
[2023-12-19T14:34:50.115+0000] {logging_mixin.py:188} INFO - [2023-12-19T14:34:50.114+0000] {dag.py:3820} INFO - Setting next_dagrun for example_skip_dag to 2023-12-18T00:00:00+00:00, run_after=2023-12-19T00:00:00+00:00
[2023-12-19T14:34:50.168+0000] {processor.py:183} INFO - Processing /home/airflow/.local/lib/python3.8/site-packages/airflow/example_dags/example_skip_dag.py took 0.208 seconds
[2023-12-19T14:35:20.932+0000] {processor.py:161} INFO - Started process (PID=1131) to work on /home/airflow/.local/lib/python3.8/site-packages/airflow/example_dags/example_skip_dag.py
[2023-12-19T14:35:20.935+0000] {processor.py:830} INFO - Processing file /home/airflow/.local/lib/python3.8/site-packages/airflow/example_dags/example_skip_dag.py for tasks to queue
[2023-12-19T14:35:20.943+0000] {logging_mixin.py:188} INFO - [2023-12-19T14:35:20.942+0000] {dagbag.py:538} INFO - Filling up the DagBag from /home/airflow/.local/lib/python3.8/site-packages/airflow/example_dags/example_skip_dag.py
[2023-12-19T14:35:20.962+0000] {processor.py:840} INFO - DAG(s) 'example_skip_dag' retrieved from /home/airflow/.local/lib/python3.8/site-packages/airflow/example_dags/example_skip_dag.py
[2023-12-19T14:35:21.000+0000] {logging_mixin.py:188} INFO - [2023-12-19T14:35:21.000+0000] {dag.py:3033} INFO - Sync 1 DAGs
[2023-12-19T14:35:21.033+0000] {logging_mixin.py:188} INFO - [2023-12-19T14:35:21.033+0000] {dag.py:3820} INFO - Setting next_dagrun for example_skip_dag to 2023-12-18T00:00:00+00:00, run_after=2023-12-19T00:00:00+00:00
[2023-12-19T14:35:21.061+0000] {processor.py:183} INFO - Processing /home/airflow/.local/lib/python3.8/site-packages/airflow/example_dags/example_skip_dag.py took 0.137 seconds
[2023-12-19T14:35:51.277+0000] {processor.py:161} INFO - Started process (PID=1185) to work on /home/airflow/.local/lib/python3.8/site-packages/airflow/example_dags/example_skip_dag.py
[2023-12-19T14:35:51.279+0000] {processor.py:830} INFO - Processing file /home/airflow/.local/lib/python3.8/site-packages/airflow/example_dags/example_skip_dag.py for tasks to queue
[2023-12-19T14:35:51.283+0000] {logging_mixin.py:188} INFO - [2023-12-19T14:35:51.282+0000] {dagbag.py:538} INFO - Filling up the DagBag from /home/airflow/.local/lib/python3.8/site-packages/airflow/example_dags/example_skip_dag.py
[2023-12-19T14:35:51.302+0000] {processor.py:840} INFO - DAG(s) 'example_skip_dag' retrieved from /home/airflow/.local/lib/python3.8/site-packages/airflow/example_dags/example_skip_dag.py
[2023-12-19T14:35:51.349+0000] {logging_mixin.py:188} INFO - [2023-12-19T14:35:51.348+0000] {dag.py:3033} INFO - Sync 1 DAGs
[2023-12-19T14:35:51.404+0000] {logging_mixin.py:188} INFO - [2023-12-19T14:35:51.404+0000] {dag.py:3820} INFO - Setting next_dagrun for example_skip_dag to 2023-12-18T00:00:00+00:00, run_after=2023-12-19T00:00:00+00:00
[2023-12-19T14:35:51.439+0000] {processor.py:183} INFO - Processing /home/airflow/.local/lib/python3.8/site-packages/airflow/example_dags/example_skip_dag.py took 0.169 seconds
[2023-12-19T14:36:22.249+0000] {processor.py:161} INFO - Started process (PID=1240) to work on /home/airflow/.local/lib/python3.8/site-packages/airflow/example_dags/example_skip_dag.py
[2023-12-19T14:36:22.250+0000] {processor.py:830} INFO - Processing file /home/airflow/.local/lib/python3.8/site-packages/airflow/example_dags/example_skip_dag.py for tasks to queue
[2023-12-19T14:36:22.253+0000] {logging_mixin.py:188} INFO - [2023-12-19T14:36:22.252+0000] {dagbag.py:538} INFO - Filling up the DagBag from /home/airflow/.local/lib/python3.8/site-packages/airflow/example_dags/example_skip_dag.py
[2023-12-19T14:36:22.262+0000] {processor.py:840} INFO - DAG(s) 'example_skip_dag' retrieved from /home/airflow/.local/lib/python3.8/site-packages/airflow/example_dags/example_skip_dag.py
[2023-12-19T14:36:22.303+0000] {logging_mixin.py:188} INFO - [2023-12-19T14:36:22.302+0000] {dag.py:3033} INFO - Sync 1 DAGs
[2023-12-19T14:36:22.330+0000] {logging_mixin.py:188} INFO - [2023-12-19T14:36:22.330+0000] {dag.py:3820} INFO - Setting next_dagrun for example_skip_dag to 2023-12-18T00:00:00+00:00, run_after=2023-12-19T00:00:00+00:00
[2023-12-19T14:36:22.353+0000] {processor.py:183} INFO - Processing /home/airflow/.local/lib/python3.8/site-packages/airflow/example_dags/example_skip_dag.py took 0.109 seconds
[2023-12-19T14:36:52.409+0000] {processor.py:161} INFO - Started process (PID=1295) to work on /home/airflow/.local/lib/python3.8/site-packages/airflow/example_dags/example_skip_dag.py
[2023-12-19T14:36:52.411+0000] {processor.py:830} INFO - Processing file /home/airflow/.local/lib/python3.8/site-packages/airflow/example_dags/example_skip_dag.py for tasks to queue
[2023-12-19T14:36:52.415+0000] {logging_mixin.py:188} INFO - [2023-12-19T14:36:52.414+0000] {dagbag.py:538} INFO - Filling up the DagBag from /home/airflow/.local/lib/python3.8/site-packages/airflow/example_dags/example_skip_dag.py
[2023-12-19T14:36:52.433+0000] {processor.py:840} INFO - DAG(s) 'example_skip_dag' retrieved from /home/airflow/.local/lib/python3.8/site-packages/airflow/example_dags/example_skip_dag.py
[2023-12-19T14:36:52.481+0000] {logging_mixin.py:188} INFO - [2023-12-19T14:36:52.481+0000] {dag.py:3033} INFO - Sync 1 DAGs
[2023-12-19T14:36:52.564+0000] {logging_mixin.py:188} INFO - [2023-12-19T14:36:52.564+0000] {dag.py:3820} INFO - Setting next_dagrun for example_skip_dag to 2023-12-18T00:00:00+00:00, run_after=2023-12-19T00:00:00+00:00
[2023-12-19T14:36:52.634+0000] {processor.py:183} INFO - Processing /home/airflow/.local/lib/python3.8/site-packages/airflow/example_dags/example_skip_dag.py took 0.231 seconds
