[2023-12-19T14:14:16.470+0000] {processor.py:161} INFO - Started process (PID=78) to work on /home/airflow/.local/lib/python3.8/site-packages/airflow/example_dags/example_short_circuit_decorator.py
[2023-12-19T14:14:16.472+0000] {processor.py:830} INFO - Processing file /home/airflow/.local/lib/python3.8/site-packages/airflow/example_dags/example_short_circuit_decorator.py for tasks to queue
[2023-12-19T14:14:16.478+0000] {logging_mixin.py:188} INFO - [2023-12-19T14:14:16.477+0000] {dagbag.py:538} INFO - Filling up the DagBag from /home/airflow/.local/lib/python3.8/site-packages/airflow/example_dags/example_short_circuit_decorator.py
[2023-12-19T14:14:16.552+0000] {processor.py:840} INFO - DAG(s) 'example_short_circuit_decorator' retrieved from /home/airflow/.local/lib/python3.8/site-packages/airflow/example_dags/example_short_circuit_decorator.py
[2023-12-19T14:14:17.390+0000] {logging_mixin.py:188} INFO - [2023-12-19T14:14:17.390+0000] {dag.py:3033} INFO - Sync 1 DAGs
[2023-12-19T14:14:17.730+0000] {logging_mixin.py:188} INFO - [2023-12-19T14:14:17.729+0000] {dag.py:3820} INFO - Setting next_dagrun for example_short_circuit_decorator to 2023-12-18T00:00:00+00:00, run_after=2023-12-19T00:00:00+00:00
[2023-12-19T14:14:18.192+0000] {processor.py:183} INFO - Processing /home/airflow/.local/lib/python3.8/site-packages/airflow/example_dags/example_short_circuit_decorator.py took 1.731 seconds
[2023-12-19T14:14:48.742+0000] {processor.py:161} INFO - Started process (PID=133) to work on /home/airflow/.local/lib/python3.8/site-packages/airflow/example_dags/example_short_circuit_decorator.py
[2023-12-19T14:14:48.744+0000] {processor.py:830} INFO - Processing file /home/airflow/.local/lib/python3.8/site-packages/airflow/example_dags/example_short_circuit_decorator.py for tasks to queue
[2023-12-19T14:14:48.750+0000] {logging_mixin.py:188} INFO - [2023-12-19T14:14:48.749+0000] {dagbag.py:538} INFO - Filling up the DagBag from /home/airflow/.local/lib/python3.8/site-packages/airflow/example_dags/example_short_circuit_decorator.py
[2023-12-19T14:14:48.794+0000] {processor.py:840} INFO - DAG(s) 'example_short_circuit_decorator' retrieved from /home/airflow/.local/lib/python3.8/site-packages/airflow/example_dags/example_short_circuit_decorator.py
[2023-12-19T14:14:49.137+0000] {logging_mixin.py:188} INFO - [2023-12-19T14:14:49.137+0000] {dag.py:3033} INFO - Sync 1 DAGs
[2023-12-19T14:14:49.221+0000] {logging_mixin.py:188} INFO - [2023-12-19T14:14:49.220+0000] {dag.py:3820} INFO - Setting next_dagrun for example_short_circuit_decorator to 2023-12-18T00:00:00+00:00, run_after=2023-12-19T00:00:00+00:00
[2023-12-19T14:14:49.307+0000] {processor.py:183} INFO - Processing /home/airflow/.local/lib/python3.8/site-packages/airflow/example_dags/example_short_circuit_decorator.py took 0.572 seconds
[2023-12-19T14:15:56.618+0000] {processor.py:161} INFO - Started process (PID=194) to work on /home/airflow/.local/lib/python3.8/site-packages/airflow/example_dags/example_short_circuit_decorator.py
[2023-12-19T14:15:56.630+0000] {processor.py:830} INFO - Processing file /home/airflow/.local/lib/python3.8/site-packages/airflow/example_dags/example_short_circuit_decorator.py for tasks to queue
[2023-12-19T14:15:56.828+0000] {logging_mixin.py:188} INFO - [2023-12-19T14:15:56.801+0000] {dagbag.py:538} INFO - Filling up the DagBag from /home/airflow/.local/lib/python3.8/site-packages/airflow/example_dags/example_short_circuit_decorator.py
[2023-12-19T14:15:57.056+0000] {processor.py:840} INFO - DAG(s) 'example_short_circuit_decorator' retrieved from /home/airflow/.local/lib/python3.8/site-packages/airflow/example_dags/example_short_circuit_decorator.py
[2023-12-19T14:15:59.557+0000] {logging_mixin.py:188} INFO - [2023-12-19T14:15:59.535+0000] {dag.py:3033} INFO - Sync 1 DAGs
[2023-12-19T14:16:01.069+0000] {logging_mixin.py:188} INFO - [2023-12-19T14:16:01.052+0000] {dag.py:3820} INFO - Setting next_dagrun for example_short_circuit_decorator to 2023-12-18T00:00:00+00:00, run_after=2023-12-19T00:00:00+00:00
[2023-12-19T14:16:02.210+0000] {processor.py:183} INFO - Processing /home/airflow/.local/lib/python3.8/site-packages/airflow/example_dags/example_short_circuit_decorator.py took 5.662 seconds
[2023-12-19T14:18:43.889+0000] {processor.py:161} INFO - Started process (PID=70) to work on /home/airflow/.local/lib/python3.8/site-packages/airflow/example_dags/example_short_circuit_decorator.py
[2023-12-19T14:18:43.896+0000] {processor.py:830} INFO - Processing file /home/airflow/.local/lib/python3.8/site-packages/airflow/example_dags/example_short_circuit_decorator.py for tasks to queue
[2023-12-19T14:18:43.901+0000] {logging_mixin.py:188} INFO - [2023-12-19T14:18:43.900+0000] {dagbag.py:538} INFO - Filling up the DagBag from /home/airflow/.local/lib/python3.8/site-packages/airflow/example_dags/example_short_circuit_decorator.py
[2023-12-19T14:18:43.942+0000] {processor.py:840} INFO - DAG(s) 'example_short_circuit_decorator' retrieved from /home/airflow/.local/lib/python3.8/site-packages/airflow/example_dags/example_short_circuit_decorator.py
[2023-12-19T14:18:44.051+0000] {logging_mixin.py:188} INFO - [2023-12-19T14:18:44.050+0000] {dag.py:3033} INFO - Sync 1 DAGs
[2023-12-19T14:18:44.133+0000] {logging_mixin.py:188} INFO - [2023-12-19T14:18:44.133+0000] {dag.py:3820} INFO - Setting next_dagrun for example_short_circuit_decorator to 2023-12-18T00:00:00+00:00, run_after=2023-12-19T00:00:00+00:00
[2023-12-19T14:18:44.213+0000] {processor.py:183} INFO - Processing /home/airflow/.local/lib/python3.8/site-packages/airflow/example_dags/example_short_circuit_decorator.py took 0.341 seconds
[2023-12-19T14:19:15.337+0000] {processor.py:161} INFO - Started process (PID=126) to work on /home/airflow/.local/lib/python3.8/site-packages/airflow/example_dags/example_short_circuit_decorator.py
[2023-12-19T14:19:15.371+0000] {processor.py:830} INFO - Processing file /home/airflow/.local/lib/python3.8/site-packages/airflow/example_dags/example_short_circuit_decorator.py for tasks to queue
[2023-12-19T14:19:15.376+0000] {logging_mixin.py:188} INFO - [2023-12-19T14:19:15.375+0000] {dagbag.py:538} INFO - Filling up the DagBag from /home/airflow/.local/lib/python3.8/site-packages/airflow/example_dags/example_short_circuit_decorator.py
[2023-12-19T14:19:15.446+0000] {processor.py:840} INFO - DAG(s) 'example_short_circuit_decorator' retrieved from /home/airflow/.local/lib/python3.8/site-packages/airflow/example_dags/example_short_circuit_decorator.py
[2023-12-19T14:19:15.593+0000] {logging_mixin.py:188} INFO - [2023-12-19T14:19:15.592+0000] {dag.py:3033} INFO - Sync 1 DAGs
[2023-12-19T14:19:15.680+0000] {logging_mixin.py:188} INFO - [2023-12-19T14:19:15.680+0000] {dag.py:3820} INFO - Setting next_dagrun for example_short_circuit_decorator to 2023-12-18T00:00:00+00:00, run_after=2023-12-19T00:00:00+00:00
[2023-12-19T14:19:15.814+0000] {processor.py:183} INFO - Processing /home/airflow/.local/lib/python3.8/site-packages/airflow/example_dags/example_short_circuit_decorator.py took 0.496 seconds
[2023-12-19T14:19:46.610+0000] {processor.py:161} INFO - Started process (PID=181) to work on /home/airflow/.local/lib/python3.8/site-packages/airflow/example_dags/example_short_circuit_decorator.py
[2023-12-19T14:19:46.629+0000] {processor.py:830} INFO - Processing file /home/airflow/.local/lib/python3.8/site-packages/airflow/example_dags/example_short_circuit_decorator.py for tasks to queue
[2023-12-19T14:19:46.635+0000] {logging_mixin.py:188} INFO - [2023-12-19T14:19:46.634+0000] {dagbag.py:538} INFO - Filling up the DagBag from /home/airflow/.local/lib/python3.8/site-packages/airflow/example_dags/example_short_circuit_decorator.py
[2023-12-19T14:19:46.659+0000] {processor.py:840} INFO - DAG(s) 'example_short_circuit_decorator' retrieved from /home/airflow/.local/lib/python3.8/site-packages/airflow/example_dags/example_short_circuit_decorator.py
[2023-12-19T14:19:46.745+0000] {logging_mixin.py:188} INFO - [2023-12-19T14:19:46.744+0000] {dag.py:3033} INFO - Sync 1 DAGs
[2023-12-19T14:19:46.821+0000] {logging_mixin.py:188} INFO - [2023-12-19T14:19:46.820+0000] {dag.py:3820} INFO - Setting next_dagrun for example_short_circuit_decorator to 2023-12-18T00:00:00+00:00, run_after=2023-12-19T00:00:00+00:00
[2023-12-19T14:19:46.888+0000] {processor.py:183} INFO - Processing /home/airflow/.local/lib/python3.8/site-packages/airflow/example_dags/example_short_circuit_decorator.py took 0.289 seconds
[2023-12-19T14:20:17.288+0000] {processor.py:161} INFO - Started process (PID=236) to work on /home/airflow/.local/lib/python3.8/site-packages/airflow/example_dags/example_short_circuit_decorator.py
[2023-12-19T14:20:17.290+0000] {processor.py:830} INFO - Processing file /home/airflow/.local/lib/python3.8/site-packages/airflow/example_dags/example_short_circuit_decorator.py for tasks to queue
[2023-12-19T14:20:17.295+0000] {logging_mixin.py:188} INFO - [2023-12-19T14:20:17.294+0000] {dagbag.py:538} INFO - Filling up the DagBag from /home/airflow/.local/lib/python3.8/site-packages/airflow/example_dags/example_short_circuit_decorator.py
[2023-12-19T14:20:17.318+0000] {processor.py:840} INFO - DAG(s) 'example_short_circuit_decorator' retrieved from /home/airflow/.local/lib/python3.8/site-packages/airflow/example_dags/example_short_circuit_decorator.py
[2023-12-19T14:20:17.368+0000] {logging_mixin.py:188} INFO - [2023-12-19T14:20:17.368+0000] {dag.py:3033} INFO - Sync 1 DAGs
[2023-12-19T14:20:17.421+0000] {logging_mixin.py:188} INFO - [2023-12-19T14:20:17.421+0000] {dag.py:3820} INFO - Setting next_dagrun for example_short_circuit_decorator to 2023-12-18T00:00:00+00:00, run_after=2023-12-19T00:00:00+00:00
[2023-12-19T14:20:17.463+0000] {processor.py:183} INFO - Processing /home/airflow/.local/lib/python3.8/site-packages/airflow/example_dags/example_short_circuit_decorator.py took 0.184 seconds
[2023-12-19T14:20:47.710+0000] {processor.py:161} INFO - Started process (PID=292) to work on /home/airflow/.local/lib/python3.8/site-packages/airflow/example_dags/example_short_circuit_decorator.py
[2023-12-19T14:20:47.712+0000] {processor.py:830} INFO - Processing file /home/airflow/.local/lib/python3.8/site-packages/airflow/example_dags/example_short_circuit_decorator.py for tasks to queue
[2023-12-19T14:20:47.718+0000] {logging_mixin.py:188} INFO - [2023-12-19T14:20:47.717+0000] {dagbag.py:538} INFO - Filling up the DagBag from /home/airflow/.local/lib/python3.8/site-packages/airflow/example_dags/example_short_circuit_decorator.py
[2023-12-19T14:20:47.741+0000] {processor.py:840} INFO - DAG(s) 'example_short_circuit_decorator' retrieved from /home/airflow/.local/lib/python3.8/site-packages/airflow/example_dags/example_short_circuit_decorator.py
[2023-12-19T14:20:47.815+0000] {logging_mixin.py:188} INFO - [2023-12-19T14:20:47.815+0000] {dag.py:3033} INFO - Sync 1 DAGs
[2023-12-19T14:20:47.887+0000] {logging_mixin.py:188} INFO - [2023-12-19T14:20:47.887+0000] {dag.py:3820} INFO - Setting next_dagrun for example_short_circuit_decorator to 2023-12-18T00:00:00+00:00, run_after=2023-12-19T00:00:00+00:00
[2023-12-19T14:20:47.956+0000] {processor.py:183} INFO - Processing /home/airflow/.local/lib/python3.8/site-packages/airflow/example_dags/example_short_circuit_decorator.py took 0.255 seconds
[2023-12-19T14:21:18.920+0000] {processor.py:161} INFO - Started process (PID=346) to work on /home/airflow/.local/lib/python3.8/site-packages/airflow/example_dags/example_short_circuit_decorator.py
[2023-12-19T14:21:18.933+0000] {processor.py:830} INFO - Processing file /home/airflow/.local/lib/python3.8/site-packages/airflow/example_dags/example_short_circuit_decorator.py for tasks to queue
[2023-12-19T14:21:18.939+0000] {logging_mixin.py:188} INFO - [2023-12-19T14:21:18.939+0000] {dagbag.py:538} INFO - Filling up the DagBag from /home/airflow/.local/lib/python3.8/site-packages/airflow/example_dags/example_short_circuit_decorator.py
[2023-12-19T14:21:18.969+0000] {processor.py:840} INFO - DAG(s) 'example_short_circuit_decorator' retrieved from /home/airflow/.local/lib/python3.8/site-packages/airflow/example_dags/example_short_circuit_decorator.py
[2023-12-19T14:21:19.044+0000] {logging_mixin.py:188} INFO - [2023-12-19T14:21:19.044+0000] {dag.py:3033} INFO - Sync 1 DAGs
[2023-12-19T14:21:19.127+0000] {logging_mixin.py:188} INFO - [2023-12-19T14:21:19.127+0000] {dag.py:3820} INFO - Setting next_dagrun for example_short_circuit_decorator to 2023-12-18T00:00:00+00:00, run_after=2023-12-19T00:00:00+00:00
[2023-12-19T14:21:19.209+0000] {processor.py:183} INFO - Processing /home/airflow/.local/lib/python3.8/site-packages/airflow/example_dags/example_short_circuit_decorator.py took 0.321 seconds
[2023-12-19T14:21:50.298+0000] {processor.py:161} INFO - Started process (PID=401) to work on /home/airflow/.local/lib/python3.8/site-packages/airflow/example_dags/example_short_circuit_decorator.py
[2023-12-19T14:21:50.308+0000] {processor.py:830} INFO - Processing file /home/airflow/.local/lib/python3.8/site-packages/airflow/example_dags/example_short_circuit_decorator.py for tasks to queue
[2023-12-19T14:21:50.319+0000] {logging_mixin.py:188} INFO - [2023-12-19T14:21:50.319+0000] {dagbag.py:538} INFO - Filling up the DagBag from /home/airflow/.local/lib/python3.8/site-packages/airflow/example_dags/example_short_circuit_decorator.py
[2023-12-19T14:21:50.398+0000] {processor.py:840} INFO - DAG(s) 'example_short_circuit_decorator' retrieved from /home/airflow/.local/lib/python3.8/site-packages/airflow/example_dags/example_short_circuit_decorator.py
[2023-12-19T14:21:50.564+0000] {logging_mixin.py:188} INFO - [2023-12-19T14:21:50.564+0000] {dag.py:3033} INFO - Sync 1 DAGs
[2023-12-19T14:21:50.691+0000] {logging_mixin.py:188} INFO - [2023-12-19T14:21:50.691+0000] {dag.py:3820} INFO - Setting next_dagrun for example_short_circuit_decorator to 2023-12-18T00:00:00+00:00, run_after=2023-12-19T00:00:00+00:00
[2023-12-19T14:21:50.804+0000] {processor.py:183} INFO - Processing /home/airflow/.local/lib/python3.8/site-packages/airflow/example_dags/example_short_circuit_decorator.py took 0.520 seconds
[2023-12-19T14:22:20.983+0000] {processor.py:161} INFO - Started process (PID=456) to work on /home/airflow/.local/lib/python3.8/site-packages/airflow/example_dags/example_short_circuit_decorator.py
[2023-12-19T14:22:20.984+0000] {processor.py:830} INFO - Processing file /home/airflow/.local/lib/python3.8/site-packages/airflow/example_dags/example_short_circuit_decorator.py for tasks to queue
[2023-12-19T14:22:20.989+0000] {logging_mixin.py:188} INFO - [2023-12-19T14:22:20.988+0000] {dagbag.py:538} INFO - Filling up the DagBag from /home/airflow/.local/lib/python3.8/site-packages/airflow/example_dags/example_short_circuit_decorator.py
[2023-12-19T14:22:21.006+0000] {processor.py:840} INFO - DAG(s) 'example_short_circuit_decorator' retrieved from /home/airflow/.local/lib/python3.8/site-packages/airflow/example_dags/example_short_circuit_decorator.py
[2023-12-19T14:22:21.057+0000] {logging_mixin.py:188} INFO - [2023-12-19T14:22:21.056+0000] {dag.py:3033} INFO - Sync 1 DAGs
[2023-12-19T14:22:21.104+0000] {logging_mixin.py:188} INFO - [2023-12-19T14:22:21.104+0000] {dag.py:3820} INFO - Setting next_dagrun for example_short_circuit_decorator to 2023-12-18T00:00:00+00:00, run_after=2023-12-19T00:00:00+00:00
[2023-12-19T14:22:21.146+0000] {processor.py:183} INFO - Processing /home/airflow/.local/lib/python3.8/site-packages/airflow/example_dags/example_short_circuit_decorator.py took 0.169 seconds
[2023-12-19T14:23:35.556+0000] {processor.py:161} INFO - Started process (PID=70) to work on /home/airflow/.local/lib/python3.8/site-packages/airflow/example_dags/example_short_circuit_decorator.py
[2023-12-19T14:23:35.562+0000] {processor.py:830} INFO - Processing file /home/airflow/.local/lib/python3.8/site-packages/airflow/example_dags/example_short_circuit_decorator.py for tasks to queue
[2023-12-19T14:23:35.574+0000] {logging_mixin.py:188} INFO - [2023-12-19T14:23:35.574+0000] {dagbag.py:538} INFO - Filling up the DagBag from /home/airflow/.local/lib/python3.8/site-packages/airflow/example_dags/example_short_circuit_decorator.py
[2023-12-19T14:23:35.651+0000] {processor.py:840} INFO - DAG(s) 'example_short_circuit_decorator' retrieved from /home/airflow/.local/lib/python3.8/site-packages/airflow/example_dags/example_short_circuit_decorator.py
[2023-12-19T14:23:35.736+0000] {logging_mixin.py:188} INFO - [2023-12-19T14:23:35.735+0000] {dag.py:3033} INFO - Sync 1 DAGs
[2023-12-19T14:23:35.833+0000] {logging_mixin.py:188} INFO - [2023-12-19T14:23:35.832+0000] {dag.py:3820} INFO - Setting next_dagrun for example_short_circuit_decorator to 2023-12-18T00:00:00+00:00, run_after=2023-12-19T00:00:00+00:00
[2023-12-19T14:23:35.910+0000] {processor.py:183} INFO - Processing /home/airflow/.local/lib/python3.8/site-packages/airflow/example_dags/example_short_circuit_decorator.py took 0.363 seconds
[2023-12-19T14:25:31.679+0000] {processor.py:161} INFO - Started process (PID=76) to work on /home/airflow/.local/lib/python3.8/site-packages/airflow/example_dags/example_short_circuit_decorator.py
[2023-12-19T14:25:31.701+0000] {processor.py:830} INFO - Processing file /home/airflow/.local/lib/python3.8/site-packages/airflow/example_dags/example_short_circuit_decorator.py for tasks to queue
[2023-12-19T14:25:31.706+0000] {logging_mixin.py:188} INFO - [2023-12-19T14:25:31.705+0000] {dagbag.py:538} INFO - Filling up the DagBag from /home/airflow/.local/lib/python3.8/site-packages/airflow/example_dags/example_short_circuit_decorator.py
[2023-12-19T14:25:31.788+0000] {processor.py:840} INFO - DAG(s) 'example_short_circuit_decorator' retrieved from /home/airflow/.local/lib/python3.8/site-packages/airflow/example_dags/example_short_circuit_decorator.py
[2023-12-19T14:25:32.200+0000] {logging_mixin.py:188} INFO - [2023-12-19T14:25:32.200+0000] {dag.py:3033} INFO - Sync 1 DAGs
[2023-12-19T14:25:32.297+0000] {logging_mixin.py:188} INFO - [2023-12-19T14:25:32.296+0000] {dag.py:3820} INFO - Setting next_dagrun for example_short_circuit_decorator to 2023-12-18T00:00:00+00:00, run_after=2023-12-19T00:00:00+00:00
[2023-12-19T14:25:32.398+0000] {processor.py:183} INFO - Processing /home/airflow/.local/lib/python3.8/site-packages/airflow/example_dags/example_short_circuit_decorator.py took 0.732 seconds
[2023-12-19T14:26:02.735+0000] {processor.py:161} INFO - Started process (PID=131) to work on /home/airflow/.local/lib/python3.8/site-packages/airflow/example_dags/example_short_circuit_decorator.py
[2023-12-19T14:26:02.737+0000] {processor.py:830} INFO - Processing file /home/airflow/.local/lib/python3.8/site-packages/airflow/example_dags/example_short_circuit_decorator.py for tasks to queue
[2023-12-19T14:26:02.744+0000] {logging_mixin.py:188} INFO - [2023-12-19T14:26:02.743+0000] {dagbag.py:538} INFO - Filling up the DagBag from /home/airflow/.local/lib/python3.8/site-packages/airflow/example_dags/example_short_circuit_decorator.py
[2023-12-19T14:26:02.767+0000] {processor.py:840} INFO - DAG(s) 'example_short_circuit_decorator' retrieved from /home/airflow/.local/lib/python3.8/site-packages/airflow/example_dags/example_short_circuit_decorator.py
[2023-12-19T14:26:02.817+0000] {logging_mixin.py:188} INFO - [2023-12-19T14:26:02.817+0000] {dag.py:3033} INFO - Sync 1 DAGs
[2023-12-19T14:26:02.863+0000] {logging_mixin.py:188} INFO - [2023-12-19T14:26:02.863+0000] {dag.py:3820} INFO - Setting next_dagrun for example_short_circuit_decorator to 2023-12-18T00:00:00+00:00, run_after=2023-12-19T00:00:00+00:00
[2023-12-19T14:26:02.903+0000] {processor.py:183} INFO - Processing /home/airflow/.local/lib/python3.8/site-packages/airflow/example_dags/example_short_circuit_decorator.py took 0.175 seconds
[2023-12-19T14:26:33.695+0000] {processor.py:161} INFO - Started process (PID=185) to work on /home/airflow/.local/lib/python3.8/site-packages/airflow/example_dags/example_short_circuit_decorator.py
[2023-12-19T14:26:33.697+0000] {processor.py:830} INFO - Processing file /home/airflow/.local/lib/python3.8/site-packages/airflow/example_dags/example_short_circuit_decorator.py for tasks to queue
[2023-12-19T14:26:33.702+0000] {logging_mixin.py:188} INFO - [2023-12-19T14:26:33.701+0000] {dagbag.py:538} INFO - Filling up the DagBag from /home/airflow/.local/lib/python3.8/site-packages/airflow/example_dags/example_short_circuit_decorator.py
[2023-12-19T14:26:33.726+0000] {processor.py:840} INFO - DAG(s) 'example_short_circuit_decorator' retrieved from /home/airflow/.local/lib/python3.8/site-packages/airflow/example_dags/example_short_circuit_decorator.py
[2023-12-19T14:26:33.784+0000] {logging_mixin.py:188} INFO - [2023-12-19T14:26:33.784+0000] {dag.py:3033} INFO - Sync 1 DAGs
[2023-12-19T14:26:33.837+0000] {logging_mixin.py:188} INFO - [2023-12-19T14:26:33.837+0000] {dag.py:3820} INFO - Setting next_dagrun for example_short_circuit_decorator to 2023-12-18T00:00:00+00:00, run_after=2023-12-19T00:00:00+00:00
[2023-12-19T14:26:33.893+0000] {processor.py:183} INFO - Processing /home/airflow/.local/lib/python3.8/site-packages/airflow/example_dags/example_short_circuit_decorator.py took 0.206 seconds
[2023-12-19T14:27:04.104+0000] {processor.py:161} INFO - Started process (PID=240) to work on /home/airflow/.local/lib/python3.8/site-packages/airflow/example_dags/example_short_circuit_decorator.py
[2023-12-19T14:27:04.106+0000] {processor.py:830} INFO - Processing file /home/airflow/.local/lib/python3.8/site-packages/airflow/example_dags/example_short_circuit_decorator.py for tasks to queue
[2023-12-19T14:27:04.111+0000] {logging_mixin.py:188} INFO - [2023-12-19T14:27:04.110+0000] {dagbag.py:538} INFO - Filling up the DagBag from /home/airflow/.local/lib/python3.8/site-packages/airflow/example_dags/example_short_circuit_decorator.py
[2023-12-19T14:27:04.133+0000] {processor.py:840} INFO - DAG(s) 'example_short_circuit_decorator' retrieved from /home/airflow/.local/lib/python3.8/site-packages/airflow/example_dags/example_short_circuit_decorator.py
[2023-12-19T14:27:04.180+0000] {logging_mixin.py:188} INFO - [2023-12-19T14:27:04.180+0000] {dag.py:3033} INFO - Sync 1 DAGs
[2023-12-19T14:27:04.234+0000] {logging_mixin.py:188} INFO - [2023-12-19T14:27:04.233+0000] {dag.py:3820} INFO - Setting next_dagrun for example_short_circuit_decorator to 2023-12-18T00:00:00+00:00, run_after=2023-12-19T00:00:00+00:00
[2023-12-19T14:27:04.270+0000] {processor.py:183} INFO - Processing /home/airflow/.local/lib/python3.8/site-packages/airflow/example_dags/example_short_circuit_decorator.py took 0.174 seconds
[2023-12-19T14:27:34.511+0000] {processor.py:161} INFO - Started process (PID=295) to work on /home/airflow/.local/lib/python3.8/site-packages/airflow/example_dags/example_short_circuit_decorator.py
[2023-12-19T14:27:34.513+0000] {processor.py:830} INFO - Processing file /home/airflow/.local/lib/python3.8/site-packages/airflow/example_dags/example_short_circuit_decorator.py for tasks to queue
[2023-12-19T14:27:34.519+0000] {logging_mixin.py:188} INFO - [2023-12-19T14:27:34.517+0000] {dagbag.py:538} INFO - Filling up the DagBag from /home/airflow/.local/lib/python3.8/site-packages/airflow/example_dags/example_short_circuit_decorator.py
[2023-12-19T14:27:34.540+0000] {processor.py:840} INFO - DAG(s) 'example_short_circuit_decorator' retrieved from /home/airflow/.local/lib/python3.8/site-packages/airflow/example_dags/example_short_circuit_decorator.py
[2023-12-19T14:27:34.591+0000] {logging_mixin.py:188} INFO - [2023-12-19T14:27:34.590+0000] {dag.py:3033} INFO - Sync 1 DAGs
[2023-12-19T14:27:34.639+0000] {logging_mixin.py:188} INFO - [2023-12-19T14:27:34.639+0000] {dag.py:3820} INFO - Setting next_dagrun for example_short_circuit_decorator to 2023-12-18T00:00:00+00:00, run_after=2023-12-19T00:00:00+00:00
[2023-12-19T14:27:34.681+0000] {processor.py:183} INFO - Processing /home/airflow/.local/lib/python3.8/site-packages/airflow/example_dags/example_short_circuit_decorator.py took 0.176 seconds
[2023-12-19T14:28:04.811+0000] {processor.py:161} INFO - Started process (PID=350) to work on /home/airflow/.local/lib/python3.8/site-packages/airflow/example_dags/example_short_circuit_decorator.py
[2023-12-19T14:28:04.813+0000] {processor.py:830} INFO - Processing file /home/airflow/.local/lib/python3.8/site-packages/airflow/example_dags/example_short_circuit_decorator.py for tasks to queue
[2023-12-19T14:28:04.816+0000] {logging_mixin.py:188} INFO - [2023-12-19T14:28:04.815+0000] {dagbag.py:538} INFO - Filling up the DagBag from /home/airflow/.local/lib/python3.8/site-packages/airflow/example_dags/example_short_circuit_decorator.py
[2023-12-19T14:28:04.831+0000] {processor.py:840} INFO - DAG(s) 'example_short_circuit_decorator' retrieved from /home/airflow/.local/lib/python3.8/site-packages/airflow/example_dags/example_short_circuit_decorator.py
[2023-12-19T14:28:04.873+0000] {logging_mixin.py:188} INFO - [2023-12-19T14:28:04.873+0000] {dag.py:3033} INFO - Sync 1 DAGs
[2023-12-19T14:28:04.916+0000] {logging_mixin.py:188} INFO - [2023-12-19T14:28:04.915+0000] {dag.py:3820} INFO - Setting next_dagrun for example_short_circuit_decorator to 2023-12-18T00:00:00+00:00, run_after=2023-12-19T00:00:00+00:00
[2023-12-19T14:28:04.953+0000] {processor.py:183} INFO - Processing /home/airflow/.local/lib/python3.8/site-packages/airflow/example_dags/example_short_circuit_decorator.py took 0.148 seconds
[2023-12-19T14:28:35.845+0000] {processor.py:161} INFO - Started process (PID=411) to work on /home/airflow/.local/lib/python3.8/site-packages/airflow/example_dags/example_short_circuit_decorator.py
[2023-12-19T14:28:35.851+0000] {processor.py:830} INFO - Processing file /home/airflow/.local/lib/python3.8/site-packages/airflow/example_dags/example_short_circuit_decorator.py for tasks to queue
[2023-12-19T14:28:35.863+0000] {logging_mixin.py:188} INFO - [2023-12-19T14:28:35.856+0000] {dagbag.py:538} INFO - Filling up the DagBag from /home/airflow/.local/lib/python3.8/site-packages/airflow/example_dags/example_short_circuit_decorator.py
[2023-12-19T14:28:35.914+0000] {processor.py:840} INFO - DAG(s) 'example_short_circuit_decorator' retrieved from /home/airflow/.local/lib/python3.8/site-packages/airflow/example_dags/example_short_circuit_decorator.py
[2023-12-19T14:28:36.040+0000] {logging_mixin.py:188} INFO - [2023-12-19T14:28:36.040+0000] {dag.py:3033} INFO - Sync 1 DAGs
[2023-12-19T14:28:36.124+0000] {logging_mixin.py:188} INFO - [2023-12-19T14:28:36.123+0000] {dag.py:3820} INFO - Setting next_dagrun for example_short_circuit_decorator to 2023-12-18T00:00:00+00:00, run_after=2023-12-19T00:00:00+00:00
[2023-12-19T14:28:36.192+0000] {processor.py:183} INFO - Processing /home/airflow/.local/lib/python3.8/site-packages/airflow/example_dags/example_short_circuit_decorator.py took 0.363 seconds
[2023-12-19T14:29:06.748+0000] {processor.py:161} INFO - Started process (PID=466) to work on /home/airflow/.local/lib/python3.8/site-packages/airflow/example_dags/example_short_circuit_decorator.py
[2023-12-19T14:29:06.751+0000] {processor.py:830} INFO - Processing file /home/airflow/.local/lib/python3.8/site-packages/airflow/example_dags/example_short_circuit_decorator.py for tasks to queue
[2023-12-19T14:29:06.757+0000] {logging_mixin.py:188} INFO - [2023-12-19T14:29:06.756+0000] {dagbag.py:538} INFO - Filling up the DagBag from /home/airflow/.local/lib/python3.8/site-packages/airflow/example_dags/example_short_circuit_decorator.py
[2023-12-19T14:29:06.786+0000] {processor.py:840} INFO - DAG(s) 'example_short_circuit_decorator' retrieved from /home/airflow/.local/lib/python3.8/site-packages/airflow/example_dags/example_short_circuit_decorator.py
[2023-12-19T14:29:06.924+0000] {logging_mixin.py:188} INFO - [2023-12-19T14:29:06.919+0000] {dag.py:3033} INFO - Sync 1 DAGs
[2023-12-19T14:29:06.993+0000] {logging_mixin.py:188} INFO - [2023-12-19T14:29:06.992+0000] {dag.py:3820} INFO - Setting next_dagrun for example_short_circuit_decorator to 2023-12-18T00:00:00+00:00, run_after=2023-12-19T00:00:00+00:00
[2023-12-19T14:29:07.068+0000] {processor.py:183} INFO - Processing /home/airflow/.local/lib/python3.8/site-packages/airflow/example_dags/example_short_circuit_decorator.py took 0.337 seconds
[2023-12-19T14:29:38.334+0000] {processor.py:161} INFO - Started process (PID=521) to work on /home/airflow/.local/lib/python3.8/site-packages/airflow/example_dags/example_short_circuit_decorator.py
[2023-12-19T14:29:38.338+0000] {processor.py:830} INFO - Processing file /home/airflow/.local/lib/python3.8/site-packages/airflow/example_dags/example_short_circuit_decorator.py for tasks to queue
[2023-12-19T14:29:38.349+0000] {logging_mixin.py:188} INFO - [2023-12-19T14:29:38.345+0000] {dagbag.py:538} INFO - Filling up the DagBag from /home/airflow/.local/lib/python3.8/site-packages/airflow/example_dags/example_short_circuit_decorator.py
[2023-12-19T14:29:38.414+0000] {processor.py:840} INFO - DAG(s) 'example_short_circuit_decorator' retrieved from /home/airflow/.local/lib/python3.8/site-packages/airflow/example_dags/example_short_circuit_decorator.py
[2023-12-19T14:29:38.490+0000] {logging_mixin.py:188} INFO - [2023-12-19T14:29:38.489+0000] {dag.py:3033} INFO - Sync 1 DAGs
[2023-12-19T14:29:38.574+0000] {logging_mixin.py:188} INFO - [2023-12-19T14:29:38.573+0000] {dag.py:3820} INFO - Setting next_dagrun for example_short_circuit_decorator to 2023-12-18T00:00:00+00:00, run_after=2023-12-19T00:00:00+00:00
[2023-12-19T14:29:38.634+0000] {processor.py:183} INFO - Processing /home/airflow/.local/lib/python3.8/site-packages/airflow/example_dags/example_short_circuit_decorator.py took 0.313 seconds
[2023-12-19T14:30:09.201+0000] {processor.py:161} INFO - Started process (PID=576) to work on /home/airflow/.local/lib/python3.8/site-packages/airflow/example_dags/example_short_circuit_decorator.py
[2023-12-19T14:30:09.204+0000] {processor.py:830} INFO - Processing file /home/airflow/.local/lib/python3.8/site-packages/airflow/example_dags/example_short_circuit_decorator.py for tasks to queue
[2023-12-19T14:30:09.221+0000] {logging_mixin.py:188} INFO - [2023-12-19T14:30:09.210+0000] {dagbag.py:538} INFO - Filling up the DagBag from /home/airflow/.local/lib/python3.8/site-packages/airflow/example_dags/example_short_circuit_decorator.py
[2023-12-19T14:30:09.251+0000] {processor.py:840} INFO - DAG(s) 'example_short_circuit_decorator' retrieved from /home/airflow/.local/lib/python3.8/site-packages/airflow/example_dags/example_short_circuit_decorator.py
[2023-12-19T14:30:09.310+0000] {logging_mixin.py:188} INFO - [2023-12-19T14:30:09.310+0000] {dag.py:3033} INFO - Sync 1 DAGs
[2023-12-19T14:30:09.357+0000] {logging_mixin.py:188} INFO - [2023-12-19T14:30:09.356+0000] {dag.py:3820} INFO - Setting next_dagrun for example_short_circuit_decorator to 2023-12-18T00:00:00+00:00, run_after=2023-12-19T00:00:00+00:00
[2023-12-19T14:30:09.400+0000] {processor.py:183} INFO - Processing /home/airflow/.local/lib/python3.8/site-packages/airflow/example_dags/example_short_circuit_decorator.py took 0.208 seconds
[2023-12-19T14:30:39.647+0000] {processor.py:161} INFO - Started process (PID=631) to work on /home/airflow/.local/lib/python3.8/site-packages/airflow/example_dags/example_short_circuit_decorator.py
[2023-12-19T14:30:39.648+0000] {processor.py:830} INFO - Processing file /home/airflow/.local/lib/python3.8/site-packages/airflow/example_dags/example_short_circuit_decorator.py for tasks to queue
[2023-12-19T14:30:39.652+0000] {logging_mixin.py:188} INFO - [2023-12-19T14:30:39.652+0000] {dagbag.py:538} INFO - Filling up the DagBag from /home/airflow/.local/lib/python3.8/site-packages/airflow/example_dags/example_short_circuit_decorator.py
[2023-12-19T14:30:39.674+0000] {processor.py:840} INFO - DAG(s) 'example_short_circuit_decorator' retrieved from /home/airflow/.local/lib/python3.8/site-packages/airflow/example_dags/example_short_circuit_decorator.py
[2023-12-19T14:30:39.727+0000] {logging_mixin.py:188} INFO - [2023-12-19T14:30:39.726+0000] {dag.py:3033} INFO - Sync 1 DAGs
[2023-12-19T14:30:39.778+0000] {logging_mixin.py:188} INFO - [2023-12-19T14:30:39.777+0000] {dag.py:3820} INFO - Setting next_dagrun for example_short_circuit_decorator to 2023-12-18T00:00:00+00:00, run_after=2023-12-19T00:00:00+00:00
[2023-12-19T14:30:39.822+0000] {processor.py:183} INFO - Processing /home/airflow/.local/lib/python3.8/site-packages/airflow/example_dags/example_short_circuit_decorator.py took 0.183 seconds
[2023-12-19T14:31:09.979+0000] {processor.py:161} INFO - Started process (PID=685) to work on /home/airflow/.local/lib/python3.8/site-packages/airflow/example_dags/example_short_circuit_decorator.py
[2023-12-19T14:31:09.981+0000] {processor.py:830} INFO - Processing file /home/airflow/.local/lib/python3.8/site-packages/airflow/example_dags/example_short_circuit_decorator.py for tasks to queue
[2023-12-19T14:31:09.988+0000] {logging_mixin.py:188} INFO - [2023-12-19T14:31:09.988+0000] {dagbag.py:538} INFO - Filling up the DagBag from /home/airflow/.local/lib/python3.8/site-packages/airflow/example_dags/example_short_circuit_decorator.py
[2023-12-19T14:31:10.012+0000] {processor.py:840} INFO - DAG(s) 'example_short_circuit_decorator' retrieved from /home/airflow/.local/lib/python3.8/site-packages/airflow/example_dags/example_short_circuit_decorator.py
[2023-12-19T14:31:10.063+0000] {logging_mixin.py:188} INFO - [2023-12-19T14:31:10.063+0000] {dag.py:3033} INFO - Sync 1 DAGs
[2023-12-19T14:31:10.120+0000] {logging_mixin.py:188} INFO - [2023-12-19T14:31:10.120+0000] {dag.py:3820} INFO - Setting next_dagrun for example_short_circuit_decorator to 2023-12-18T00:00:00+00:00, run_after=2023-12-19T00:00:00+00:00
[2023-12-19T14:31:10.170+0000] {processor.py:183} INFO - Processing /home/airflow/.local/lib/python3.8/site-packages/airflow/example_dags/example_short_circuit_decorator.py took 0.197 seconds
[2023-12-19T14:31:40.726+0000] {processor.py:161} INFO - Started process (PID=740) to work on /home/airflow/.local/lib/python3.8/site-packages/airflow/example_dags/example_short_circuit_decorator.py
[2023-12-19T14:31:40.728+0000] {processor.py:830} INFO - Processing file /home/airflow/.local/lib/python3.8/site-packages/airflow/example_dags/example_short_circuit_decorator.py for tasks to queue
[2023-12-19T14:31:40.733+0000] {logging_mixin.py:188} INFO - [2023-12-19T14:31:40.732+0000] {dagbag.py:538} INFO - Filling up the DagBag from /home/airflow/.local/lib/python3.8/site-packages/airflow/example_dags/example_short_circuit_decorator.py
[2023-12-19T14:31:40.756+0000] {processor.py:840} INFO - DAG(s) 'example_short_circuit_decorator' retrieved from /home/airflow/.local/lib/python3.8/site-packages/airflow/example_dags/example_short_circuit_decorator.py
[2023-12-19T14:31:40.810+0000] {logging_mixin.py:188} INFO - [2023-12-19T14:31:40.810+0000] {dag.py:3033} INFO - Sync 1 DAGs
[2023-12-19T14:31:40.890+0000] {logging_mixin.py:188} INFO - [2023-12-19T14:31:40.889+0000] {dag.py:3820} INFO - Setting next_dagrun for example_short_circuit_decorator to 2023-12-18T00:00:00+00:00, run_after=2023-12-19T00:00:00+00:00
[2023-12-19T14:31:41.005+0000] {processor.py:183} INFO - Processing /home/airflow/.local/lib/python3.8/site-packages/airflow/example_dags/example_short_circuit_decorator.py took 0.286 seconds
[2023-12-19T14:32:11.999+0000] {processor.py:161} INFO - Started process (PID=794) to work on /home/airflow/.local/lib/python3.8/site-packages/airflow/example_dags/example_short_circuit_decorator.py
[2023-12-19T14:32:12.002+0000] {processor.py:830} INFO - Processing file /home/airflow/.local/lib/python3.8/site-packages/airflow/example_dags/example_short_circuit_decorator.py for tasks to queue
[2023-12-19T14:32:12.023+0000] {logging_mixin.py:188} INFO - [2023-12-19T14:32:12.022+0000] {dagbag.py:538} INFO - Filling up the DagBag from /home/airflow/.local/lib/python3.8/site-packages/airflow/example_dags/example_short_circuit_decorator.py
[2023-12-19T14:32:12.084+0000] {processor.py:840} INFO - DAG(s) 'example_short_circuit_decorator' retrieved from /home/airflow/.local/lib/python3.8/site-packages/airflow/example_dags/example_short_circuit_decorator.py
[2023-12-19T14:32:12.153+0000] {logging_mixin.py:188} INFO - [2023-12-19T14:32:12.153+0000] {dag.py:3033} INFO - Sync 1 DAGs
[2023-12-19T14:32:12.232+0000] {logging_mixin.py:188} INFO - [2023-12-19T14:32:12.231+0000] {dag.py:3820} INFO - Setting next_dagrun for example_short_circuit_decorator to 2023-12-18T00:00:00+00:00, run_after=2023-12-19T00:00:00+00:00
[2023-12-19T14:32:12.292+0000] {processor.py:183} INFO - Processing /home/airflow/.local/lib/python3.8/site-packages/airflow/example_dags/example_short_circuit_decorator.py took 0.300 seconds
[2023-12-19T14:32:42.916+0000] {processor.py:161} INFO - Started process (PID=849) to work on /home/airflow/.local/lib/python3.8/site-packages/airflow/example_dags/example_short_circuit_decorator.py
[2023-12-19T14:32:42.920+0000] {processor.py:830} INFO - Processing file /home/airflow/.local/lib/python3.8/site-packages/airflow/example_dags/example_short_circuit_decorator.py for tasks to queue
[2023-12-19T14:32:42.927+0000] {logging_mixin.py:188} INFO - [2023-12-19T14:32:42.925+0000] {dagbag.py:538} INFO - Filling up the DagBag from /home/airflow/.local/lib/python3.8/site-packages/airflow/example_dags/example_short_circuit_decorator.py
[2023-12-19T14:32:42.953+0000] {processor.py:840} INFO - DAG(s) 'example_short_circuit_decorator' retrieved from /home/airflow/.local/lib/python3.8/site-packages/airflow/example_dags/example_short_circuit_decorator.py
[2023-12-19T14:32:43.055+0000] {logging_mixin.py:188} INFO - [2023-12-19T14:32:43.055+0000] {dag.py:3033} INFO - Sync 1 DAGs
[2023-12-19T14:32:43.157+0000] {logging_mixin.py:188} INFO - [2023-12-19T14:32:43.156+0000] {dag.py:3820} INFO - Setting next_dagrun for example_short_circuit_decorator to 2023-12-18T00:00:00+00:00, run_after=2023-12-19T00:00:00+00:00
[2023-12-19T14:32:43.272+0000] {processor.py:183} INFO - Processing /home/airflow/.local/lib/python3.8/site-packages/airflow/example_dags/example_short_circuit_decorator.py took 0.387 seconds
[2023-12-19T14:33:13.946+0000] {processor.py:161} INFO - Started process (PID=904) to work on /home/airflow/.local/lib/python3.8/site-packages/airflow/example_dags/example_short_circuit_decorator.py
[2023-12-19T14:33:13.948+0000] {processor.py:830} INFO - Processing file /home/airflow/.local/lib/python3.8/site-packages/airflow/example_dags/example_short_circuit_decorator.py for tasks to queue
[2023-12-19T14:33:13.953+0000] {logging_mixin.py:188} INFO - [2023-12-19T14:33:13.953+0000] {dagbag.py:538} INFO - Filling up the DagBag from /home/airflow/.local/lib/python3.8/site-packages/airflow/example_dags/example_short_circuit_decorator.py
[2023-12-19T14:33:13.986+0000] {processor.py:840} INFO - DAG(s) 'example_short_circuit_decorator' retrieved from /home/airflow/.local/lib/python3.8/site-packages/airflow/example_dags/example_short_circuit_decorator.py
[2023-12-19T14:33:14.073+0000] {logging_mixin.py:188} INFO - [2023-12-19T14:33:14.073+0000] {dag.py:3033} INFO - Sync 1 DAGs
[2023-12-19T14:33:14.159+0000] {logging_mixin.py:188} INFO - [2023-12-19T14:33:14.158+0000] {dag.py:3820} INFO - Setting next_dagrun for example_short_circuit_decorator to 2023-12-18T00:00:00+00:00, run_after=2023-12-19T00:00:00+00:00
[2023-12-19T14:33:14.261+0000] {processor.py:183} INFO - Processing /home/airflow/.local/lib/python3.8/site-packages/airflow/example_dags/example_short_circuit_decorator.py took 0.325 seconds
[2023-12-19T14:33:44.422+0000] {processor.py:161} INFO - Started process (PID=959) to work on /home/airflow/.local/lib/python3.8/site-packages/airflow/example_dags/example_short_circuit_decorator.py
[2023-12-19T14:33:44.424+0000] {processor.py:830} INFO - Processing file /home/airflow/.local/lib/python3.8/site-packages/airflow/example_dags/example_short_circuit_decorator.py for tasks to queue
[2023-12-19T14:33:44.428+0000] {logging_mixin.py:188} INFO - [2023-12-19T14:33:44.428+0000] {dagbag.py:538} INFO - Filling up the DagBag from /home/airflow/.local/lib/python3.8/site-packages/airflow/example_dags/example_short_circuit_decorator.py
[2023-12-19T14:33:44.450+0000] {processor.py:840} INFO - DAG(s) 'example_short_circuit_decorator' retrieved from /home/airflow/.local/lib/python3.8/site-packages/airflow/example_dags/example_short_circuit_decorator.py
[2023-12-19T14:33:44.508+0000] {logging_mixin.py:188} INFO - [2023-12-19T14:33:44.507+0000] {dag.py:3033} INFO - Sync 1 DAGs
[2023-12-19T14:33:44.566+0000] {logging_mixin.py:188} INFO - [2023-12-19T14:33:44.566+0000] {dag.py:3820} INFO - Setting next_dagrun for example_short_circuit_decorator to 2023-12-18T00:00:00+00:00, run_after=2023-12-19T00:00:00+00:00
[2023-12-19T14:33:44.615+0000] {processor.py:183} INFO - Processing /home/airflow/.local/lib/python3.8/site-packages/airflow/example_dags/example_short_circuit_decorator.py took 0.201 seconds
[2023-12-19T14:34:15.179+0000] {processor.py:161} INFO - Started process (PID=1014) to work on /home/airflow/.local/lib/python3.8/site-packages/airflow/example_dags/example_short_circuit_decorator.py
[2023-12-19T14:34:15.181+0000] {processor.py:830} INFO - Processing file /home/airflow/.local/lib/python3.8/site-packages/airflow/example_dags/example_short_circuit_decorator.py for tasks to queue
[2023-12-19T14:34:15.196+0000] {logging_mixin.py:188} INFO - [2023-12-19T14:34:15.195+0000] {dagbag.py:538} INFO - Filling up the DagBag from /home/airflow/.local/lib/python3.8/site-packages/airflow/example_dags/example_short_circuit_decorator.py
[2023-12-19T14:34:15.236+0000] {processor.py:840} INFO - DAG(s) 'example_short_circuit_decorator' retrieved from /home/airflow/.local/lib/python3.8/site-packages/airflow/example_dags/example_short_circuit_decorator.py
[2023-12-19T14:34:15.356+0000] {logging_mixin.py:188} INFO - [2023-12-19T14:34:15.355+0000] {dag.py:3033} INFO - Sync 1 DAGs
[2023-12-19T14:34:15.425+0000] {logging_mixin.py:188} INFO - [2023-12-19T14:34:15.424+0000] {dag.py:3820} INFO - Setting next_dagrun for example_short_circuit_decorator to 2023-12-18T00:00:00+00:00, run_after=2023-12-19T00:00:00+00:00
[2023-12-19T14:34:15.492+0000] {processor.py:183} INFO - Processing /home/airflow/.local/lib/python3.8/site-packages/airflow/example_dags/example_short_circuit_decorator.py took 0.329 seconds
[2023-12-19T14:34:47.479+0000] {processor.py:161} INFO - Started process (PID=1068) to work on /home/airflow/.local/lib/python3.8/site-packages/airflow/example_dags/example_short_circuit_decorator.py
[2023-12-19T14:34:47.482+0000] {processor.py:830} INFO - Processing file /home/airflow/.local/lib/python3.8/site-packages/airflow/example_dags/example_short_circuit_decorator.py for tasks to queue
[2023-12-19T14:34:47.487+0000] {logging_mixin.py:188} INFO - [2023-12-19T14:34:47.486+0000] {dagbag.py:538} INFO - Filling up the DagBag from /home/airflow/.local/lib/python3.8/site-packages/airflow/example_dags/example_short_circuit_decorator.py
[2023-12-19T14:34:47.514+0000] {processor.py:840} INFO - DAG(s) 'example_short_circuit_decorator' retrieved from /home/airflow/.local/lib/python3.8/site-packages/airflow/example_dags/example_short_circuit_decorator.py
[2023-12-19T14:34:47.594+0000] {logging_mixin.py:188} INFO - [2023-12-19T14:34:47.593+0000] {dag.py:3033} INFO - Sync 1 DAGs
[2023-12-19T14:34:47.675+0000] {logging_mixin.py:188} INFO - [2023-12-19T14:34:47.675+0000] {dag.py:3820} INFO - Setting next_dagrun for example_short_circuit_decorator to 2023-12-18T00:00:00+00:00, run_after=2023-12-19T00:00:00+00:00
[2023-12-19T14:34:47.765+0000] {processor.py:183} INFO - Processing /home/airflow/.local/lib/python3.8/site-packages/airflow/example_dags/example_short_circuit_decorator.py took 0.295 seconds
[2023-12-19T14:35:17.941+0000] {processor.py:161} INFO - Started process (PID=1123) to work on /home/airflow/.local/lib/python3.8/site-packages/airflow/example_dags/example_short_circuit_decorator.py
[2023-12-19T14:35:17.943+0000] {processor.py:830} INFO - Processing file /home/airflow/.local/lib/python3.8/site-packages/airflow/example_dags/example_short_circuit_decorator.py for tasks to queue
[2023-12-19T14:35:17.949+0000] {logging_mixin.py:188} INFO - [2023-12-19T14:35:17.948+0000] {dagbag.py:538} INFO - Filling up the DagBag from /home/airflow/.local/lib/python3.8/site-packages/airflow/example_dags/example_short_circuit_decorator.py
[2023-12-19T14:35:17.974+0000] {processor.py:840} INFO - DAG(s) 'example_short_circuit_decorator' retrieved from /home/airflow/.local/lib/python3.8/site-packages/airflow/example_dags/example_short_circuit_decorator.py
[2023-12-19T14:35:18.024+0000] {logging_mixin.py:188} INFO - [2023-12-19T14:35:18.024+0000] {dag.py:3033} INFO - Sync 1 DAGs
[2023-12-19T14:35:18.055+0000] {logging_mixin.py:188} INFO - [2023-12-19T14:35:18.054+0000] {dag.py:3820} INFO - Setting next_dagrun for example_short_circuit_decorator to 2023-12-18T00:00:00+00:00, run_after=2023-12-19T00:00:00+00:00
[2023-12-19T14:35:18.081+0000] {processor.py:183} INFO - Processing /home/airflow/.local/lib/python3.8/site-packages/airflow/example_dags/example_short_circuit_decorator.py took 0.145 seconds
[2023-12-19T14:35:48.283+0000] {processor.py:161} INFO - Started process (PID=1177) to work on /home/airflow/.local/lib/python3.8/site-packages/airflow/example_dags/example_short_circuit_decorator.py
[2023-12-19T14:35:48.284+0000] {processor.py:830} INFO - Processing file /home/airflow/.local/lib/python3.8/site-packages/airflow/example_dags/example_short_circuit_decorator.py for tasks to queue
[2023-12-19T14:35:48.287+0000] {logging_mixin.py:188} INFO - [2023-12-19T14:35:48.287+0000] {dagbag.py:538} INFO - Filling up the DagBag from /home/airflow/.local/lib/python3.8/site-packages/airflow/example_dags/example_short_circuit_decorator.py
[2023-12-19T14:35:48.306+0000] {processor.py:840} INFO - DAG(s) 'example_short_circuit_decorator' retrieved from /home/airflow/.local/lib/python3.8/site-packages/airflow/example_dags/example_short_circuit_decorator.py
[2023-12-19T14:35:48.345+0000] {logging_mixin.py:188} INFO - [2023-12-19T14:35:48.345+0000] {dag.py:3033} INFO - Sync 1 DAGs
[2023-12-19T14:35:48.380+0000] {logging_mixin.py:188} INFO - [2023-12-19T14:35:48.380+0000] {dag.py:3820} INFO - Setting next_dagrun for example_short_circuit_decorator to 2023-12-18T00:00:00+00:00, run_after=2023-12-19T00:00:00+00:00
[2023-12-19T14:35:48.407+0000] {processor.py:183} INFO - Processing /home/airflow/.local/lib/python3.8/site-packages/airflow/example_dags/example_short_circuit_decorator.py took 0.129 seconds
[2023-12-19T14:36:19.408+0000] {processor.py:161} INFO - Started process (PID=1232) to work on /home/airflow/.local/lib/python3.8/site-packages/airflow/example_dags/example_short_circuit_decorator.py
[2023-12-19T14:36:19.409+0000] {processor.py:830} INFO - Processing file /home/airflow/.local/lib/python3.8/site-packages/airflow/example_dags/example_short_circuit_decorator.py for tasks to queue
[2023-12-19T14:36:19.412+0000] {logging_mixin.py:188} INFO - [2023-12-19T14:36:19.412+0000] {dagbag.py:538} INFO - Filling up the DagBag from /home/airflow/.local/lib/python3.8/site-packages/airflow/example_dags/example_short_circuit_decorator.py
[2023-12-19T14:36:19.427+0000] {processor.py:840} INFO - DAG(s) 'example_short_circuit_decorator' retrieved from /home/airflow/.local/lib/python3.8/site-packages/airflow/example_dags/example_short_circuit_decorator.py
[2023-12-19T14:36:19.463+0000] {logging_mixin.py:188} INFO - [2023-12-19T14:36:19.463+0000] {dag.py:3033} INFO - Sync 1 DAGs
[2023-12-19T14:36:19.499+0000] {logging_mixin.py:188} INFO - [2023-12-19T14:36:19.499+0000] {dag.py:3820} INFO - Setting next_dagrun for example_short_circuit_decorator to 2023-12-18T00:00:00+00:00, run_after=2023-12-19T00:00:00+00:00
[2023-12-19T14:36:19.528+0000] {processor.py:183} INFO - Processing /home/airflow/.local/lib/python3.8/site-packages/airflow/example_dags/example_short_circuit_decorator.py took 0.125 seconds
[2023-12-19T14:36:50.554+0000] {processor.py:161} INFO - Started process (PID=1287) to work on /home/airflow/.local/lib/python3.8/site-packages/airflow/example_dags/example_short_circuit_decorator.py
[2023-12-19T14:36:50.555+0000] {processor.py:830} INFO - Processing file /home/airflow/.local/lib/python3.8/site-packages/airflow/example_dags/example_short_circuit_decorator.py for tasks to queue
[2023-12-19T14:36:50.559+0000] {logging_mixin.py:188} INFO - [2023-12-19T14:36:50.558+0000] {dagbag.py:538} INFO - Filling up the DagBag from /home/airflow/.local/lib/python3.8/site-packages/airflow/example_dags/example_short_circuit_decorator.py
[2023-12-19T14:36:50.572+0000] {processor.py:840} INFO - DAG(s) 'example_short_circuit_decorator' retrieved from /home/airflow/.local/lib/python3.8/site-packages/airflow/example_dags/example_short_circuit_decorator.py
[2023-12-19T14:36:50.604+0000] {logging_mixin.py:188} INFO - [2023-12-19T14:36:50.603+0000] {dag.py:3033} INFO - Sync 1 DAGs
[2023-12-19T14:36:50.634+0000] {logging_mixin.py:188} INFO - [2023-12-19T14:36:50.634+0000] {dag.py:3820} INFO - Setting next_dagrun for example_short_circuit_decorator to 2023-12-18T00:00:00+00:00, run_after=2023-12-19T00:00:00+00:00
[2023-12-19T14:36:50.661+0000] {processor.py:183} INFO - Processing /home/airflow/.local/lib/python3.8/site-packages/airflow/example_dags/example_short_circuit_decorator.py took 0.111 seconds
