[2023-12-19T14:14:20.689+0000] {processor.py:161} INFO - Started process (PID=84) to work on /home/airflow/.local/lib/python3.8/site-packages/airflow/example_dags/example_trigger_target_dag.py
[2023-12-19T14:14:20.691+0000] {processor.py:830} INFO - Processing file /home/airflow/.local/lib/python3.8/site-packages/airflow/example_dags/example_trigger_target_dag.py for tasks to queue
[2023-12-19T14:14:20.698+0000] {logging_mixin.py:188} INFO - [2023-12-19T14:14:20.696+0000] {dagbag.py:538} INFO - Filling up the DagBag from /home/airflow/.local/lib/python3.8/site-packages/airflow/example_dags/example_trigger_target_dag.py
[2023-12-19T14:14:20.716+0000] {processor.py:840} INFO - DAG(s) 'example_trigger_target_dag' retrieved from /home/airflow/.local/lib/python3.8/site-packages/airflow/example_dags/example_trigger_target_dag.py
[2023-12-19T14:14:21.225+0000] {logging_mixin.py:188} INFO - [2023-12-19T14:14:21.221+0000] {dag.py:3033} INFO - Sync 1 DAGs
[2023-12-19T14:14:21.369+0000] {logging_mixin.py:188} INFO - [2023-12-19T14:14:21.368+0000] {dag.py:3820} INFO - Setting next_dagrun for example_trigger_target_dag to None, run_after=None
[2023-12-19T14:14:21.443+0000] {processor.py:183} INFO - Processing /home/airflow/.local/lib/python3.8/site-packages/airflow/example_dags/example_trigger_target_dag.py took 0.764 seconds
[2023-12-19T14:14:52.026+0000] {processor.py:161} INFO - Started process (PID=139) to work on /home/airflow/.local/lib/python3.8/site-packages/airflow/example_dags/example_trigger_target_dag.py
[2023-12-19T14:14:52.030+0000] {processor.py:830} INFO - Processing file /home/airflow/.local/lib/python3.8/site-packages/airflow/example_dags/example_trigger_target_dag.py for tasks to queue
[2023-12-19T14:14:52.035+0000] {logging_mixin.py:188} INFO - [2023-12-19T14:14:52.034+0000] {dagbag.py:538} INFO - Filling up the DagBag from /home/airflow/.local/lib/python3.8/site-packages/airflow/example_dags/example_trigger_target_dag.py
[2023-12-19T14:14:52.053+0000] {processor.py:840} INFO - DAG(s) 'example_trigger_target_dag' retrieved from /home/airflow/.local/lib/python3.8/site-packages/airflow/example_dags/example_trigger_target_dag.py
[2023-12-19T14:14:52.107+0000] {logging_mixin.py:188} INFO - [2023-12-19T14:14:52.106+0000] {dag.py:3033} INFO - Sync 1 DAGs
[2023-12-19T14:14:52.140+0000] {logging_mixin.py:188} INFO - [2023-12-19T14:14:52.140+0000] {dag.py:3820} INFO - Setting next_dagrun for example_trigger_target_dag to None, run_after=None
[2023-12-19T14:14:52.198+0000] {processor.py:183} INFO - Processing /home/airflow/.local/lib/python3.8/site-packages/airflow/example_dags/example_trigger_target_dag.py took 0.180 seconds
[2023-12-19T14:18:45.386+0000] {processor.py:161} INFO - Started process (PID=76) to work on /home/airflow/.local/lib/python3.8/site-packages/airflow/example_dags/example_trigger_target_dag.py
[2023-12-19T14:18:45.391+0000] {processor.py:830} INFO - Processing file /home/airflow/.local/lib/python3.8/site-packages/airflow/example_dags/example_trigger_target_dag.py for tasks to queue
[2023-12-19T14:18:45.396+0000] {logging_mixin.py:188} INFO - [2023-12-19T14:18:45.395+0000] {dagbag.py:538} INFO - Filling up the DagBag from /home/airflow/.local/lib/python3.8/site-packages/airflow/example_dags/example_trigger_target_dag.py
[2023-12-19T14:18:45.444+0000] {processor.py:840} INFO - DAG(s) 'example_trigger_target_dag' retrieved from /home/airflow/.local/lib/python3.8/site-packages/airflow/example_dags/example_trigger_target_dag.py
[2023-12-19T14:18:45.538+0000] {logging_mixin.py:188} INFO - [2023-12-19T14:18:45.537+0000] {dag.py:3033} INFO - Sync 1 DAGs
[2023-12-19T14:18:45.571+0000] {logging_mixin.py:188} INFO - [2023-12-19T14:18:45.570+0000] {dag.py:3820} INFO - Setting next_dagrun for example_trigger_target_dag to None, run_after=None
[2023-12-19T14:18:45.636+0000] {processor.py:183} INFO - Processing /home/airflow/.local/lib/python3.8/site-packages/airflow/example_dags/example_trigger_target_dag.py took 0.262 seconds
[2023-12-19T14:19:17.936+0000] {processor.py:161} INFO - Started process (PID=132) to work on /home/airflow/.local/lib/python3.8/site-packages/airflow/example_dags/example_trigger_target_dag.py
[2023-12-19T14:19:17.943+0000] {processor.py:830} INFO - Processing file /home/airflow/.local/lib/python3.8/site-packages/airflow/example_dags/example_trigger_target_dag.py for tasks to queue
[2023-12-19T14:19:17.963+0000] {logging_mixin.py:188} INFO - [2023-12-19T14:19:17.956+0000] {dagbag.py:538} INFO - Filling up the DagBag from /home/airflow/.local/lib/python3.8/site-packages/airflow/example_dags/example_trigger_target_dag.py
[2023-12-19T14:19:18.041+0000] {processor.py:840} INFO - DAG(s) 'example_trigger_target_dag' retrieved from /home/airflow/.local/lib/python3.8/site-packages/airflow/example_dags/example_trigger_target_dag.py
[2023-12-19T14:19:18.227+0000] {logging_mixin.py:188} INFO - [2023-12-19T14:19:18.227+0000] {dag.py:3033} INFO - Sync 1 DAGs
[2023-12-19T14:19:18.340+0000] {logging_mixin.py:188} INFO - [2023-12-19T14:19:18.340+0000] {dag.py:3820} INFO - Setting next_dagrun for example_trigger_target_dag to None, run_after=None
[2023-12-19T14:19:18.504+0000] {processor.py:183} INFO - Processing /home/airflow/.local/lib/python3.8/site-packages/airflow/example_dags/example_trigger_target_dag.py took 0.598 seconds
[2023-12-19T14:19:48.988+0000] {processor.py:161} INFO - Started process (PID=187) to work on /home/airflow/.local/lib/python3.8/site-packages/airflow/example_dags/example_trigger_target_dag.py
[2023-12-19T14:19:48.989+0000] {processor.py:830} INFO - Processing file /home/airflow/.local/lib/python3.8/site-packages/airflow/example_dags/example_trigger_target_dag.py for tasks to queue
[2023-12-19T14:19:48.995+0000] {logging_mixin.py:188} INFO - [2023-12-19T14:19:48.994+0000] {dagbag.py:538} INFO - Filling up the DagBag from /home/airflow/.local/lib/python3.8/site-packages/airflow/example_dags/example_trigger_target_dag.py
[2023-12-19T14:19:49.009+0000] {processor.py:840} INFO - DAG(s) 'example_trigger_target_dag' retrieved from /home/airflow/.local/lib/python3.8/site-packages/airflow/example_dags/example_trigger_target_dag.py
[2023-12-19T14:19:49.058+0000] {logging_mixin.py:188} INFO - [2023-12-19T14:19:49.058+0000] {dag.py:3033} INFO - Sync 1 DAGs
[2023-12-19T14:19:49.093+0000] {logging_mixin.py:188} INFO - [2023-12-19T14:19:49.092+0000] {dag.py:3820} INFO - Setting next_dagrun for example_trigger_target_dag to None, run_after=None
[2023-12-19T14:19:49.142+0000] {processor.py:183} INFO - Processing /home/airflow/.local/lib/python3.8/site-packages/airflow/example_dags/example_trigger_target_dag.py took 0.162 seconds
[2023-12-19T14:20:19.231+0000] {processor.py:161} INFO - Started process (PID=242) to work on /home/airflow/.local/lib/python3.8/site-packages/airflow/example_dags/example_trigger_target_dag.py
[2023-12-19T14:20:19.233+0000] {processor.py:830} INFO - Processing file /home/airflow/.local/lib/python3.8/site-packages/airflow/example_dags/example_trigger_target_dag.py for tasks to queue
[2023-12-19T14:20:19.240+0000] {logging_mixin.py:188} INFO - [2023-12-19T14:20:19.239+0000] {dagbag.py:538} INFO - Filling up the DagBag from /home/airflow/.local/lib/python3.8/site-packages/airflow/example_dags/example_trigger_target_dag.py
[2023-12-19T14:20:19.253+0000] {processor.py:840} INFO - DAG(s) 'example_trigger_target_dag' retrieved from /home/airflow/.local/lib/python3.8/site-packages/airflow/example_dags/example_trigger_target_dag.py
[2023-12-19T14:20:19.298+0000] {logging_mixin.py:188} INFO - [2023-12-19T14:20:19.298+0000] {dag.py:3033} INFO - Sync 1 DAGs
[2023-12-19T14:20:19.322+0000] {logging_mixin.py:188} INFO - [2023-12-19T14:20:19.322+0000] {dag.py:3820} INFO - Setting next_dagrun for example_trigger_target_dag to None, run_after=None
[2023-12-19T14:20:19.359+0000] {processor.py:183} INFO - Processing /home/airflow/.local/lib/python3.8/site-packages/airflow/example_dags/example_trigger_target_dag.py took 0.136 seconds
[2023-12-19T14:20:50.054+0000] {processor.py:161} INFO - Started process (PID=298) to work on /home/airflow/.local/lib/python3.8/site-packages/airflow/example_dags/example_trigger_target_dag.py
[2023-12-19T14:20:50.055+0000] {processor.py:830} INFO - Processing file /home/airflow/.local/lib/python3.8/site-packages/airflow/example_dags/example_trigger_target_dag.py for tasks to queue
[2023-12-19T14:20:50.059+0000] {logging_mixin.py:188} INFO - [2023-12-19T14:20:50.058+0000] {dagbag.py:538} INFO - Filling up the DagBag from /home/airflow/.local/lib/python3.8/site-packages/airflow/example_dags/example_trigger_target_dag.py
[2023-12-19T14:20:50.069+0000] {processor.py:840} INFO - DAG(s) 'example_trigger_target_dag' retrieved from /home/airflow/.local/lib/python3.8/site-packages/airflow/example_dags/example_trigger_target_dag.py
[2023-12-19T14:20:50.104+0000] {logging_mixin.py:188} INFO - [2023-12-19T14:20:50.103+0000] {dag.py:3033} INFO - Sync 1 DAGs
[2023-12-19T14:20:50.126+0000] {logging_mixin.py:188} INFO - [2023-12-19T14:20:50.126+0000] {dag.py:3820} INFO - Setting next_dagrun for example_trigger_target_dag to None, run_after=None
[2023-12-19T14:20:50.162+0000] {processor.py:183} INFO - Processing /home/airflow/.local/lib/python3.8/site-packages/airflow/example_dags/example_trigger_target_dag.py took 0.114 seconds
[2023-12-19T14:21:20.426+0000] {processor.py:161} INFO - Started process (PID=352) to work on /home/airflow/.local/lib/python3.8/site-packages/airflow/example_dags/example_trigger_target_dag.py
[2023-12-19T14:21:20.432+0000] {processor.py:830} INFO - Processing file /home/airflow/.local/lib/python3.8/site-packages/airflow/example_dags/example_trigger_target_dag.py for tasks to queue
[2023-12-19T14:21:20.437+0000] {logging_mixin.py:188} INFO - [2023-12-19T14:21:20.436+0000] {dagbag.py:538} INFO - Filling up the DagBag from /home/airflow/.local/lib/python3.8/site-packages/airflow/example_dags/example_trigger_target_dag.py
[2023-12-19T14:21:20.455+0000] {processor.py:840} INFO - DAG(s) 'example_trigger_target_dag' retrieved from /home/airflow/.local/lib/python3.8/site-packages/airflow/example_dags/example_trigger_target_dag.py
[2023-12-19T14:21:20.525+0000] {logging_mixin.py:188} INFO - [2023-12-19T14:21:20.525+0000] {dag.py:3033} INFO - Sync 1 DAGs
[2023-12-19T14:21:20.561+0000] {logging_mixin.py:188} INFO - [2023-12-19T14:21:20.560+0000] {dag.py:3820} INFO - Setting next_dagrun for example_trigger_target_dag to None, run_after=None
[2023-12-19T14:21:20.607+0000] {processor.py:183} INFO - Processing /home/airflow/.local/lib/python3.8/site-packages/airflow/example_dags/example_trigger_target_dag.py took 0.188 seconds
[2023-12-19T14:21:52.137+0000] {processor.py:161} INFO - Started process (PID=407) to work on /home/airflow/.local/lib/python3.8/site-packages/airflow/example_dags/example_trigger_target_dag.py
[2023-12-19T14:21:52.148+0000] {processor.py:830} INFO - Processing file /home/airflow/.local/lib/python3.8/site-packages/airflow/example_dags/example_trigger_target_dag.py for tasks to queue
[2023-12-19T14:21:52.152+0000] {logging_mixin.py:188} INFO - [2023-12-19T14:21:52.151+0000] {dagbag.py:538} INFO - Filling up the DagBag from /home/airflow/.local/lib/python3.8/site-packages/airflow/example_dags/example_trigger_target_dag.py
[2023-12-19T14:21:52.193+0000] {processor.py:840} INFO - DAG(s) 'example_trigger_target_dag' retrieved from /home/airflow/.local/lib/python3.8/site-packages/airflow/example_dags/example_trigger_target_dag.py
[2023-12-19T14:21:52.359+0000] {logging_mixin.py:188} INFO - [2023-12-19T14:21:52.355+0000] {dag.py:3033} INFO - Sync 1 DAGs
[2023-12-19T14:21:52.453+0000] {logging_mixin.py:188} INFO - [2023-12-19T14:21:52.452+0000] {dag.py:3820} INFO - Setting next_dagrun for example_trigger_target_dag to None, run_after=None
[2023-12-19T14:21:52.591+0000] {processor.py:183} INFO - Processing /home/airflow/.local/lib/python3.8/site-packages/airflow/example_dags/example_trigger_target_dag.py took 0.480 seconds
[2023-12-19T14:22:22.690+0000] {processor.py:161} INFO - Started process (PID=462) to work on /home/airflow/.local/lib/python3.8/site-packages/airflow/example_dags/example_trigger_target_dag.py
[2023-12-19T14:22:22.692+0000] {processor.py:830} INFO - Processing file /home/airflow/.local/lib/python3.8/site-packages/airflow/example_dags/example_trigger_target_dag.py for tasks to queue
[2023-12-19T14:22:22.697+0000] {logging_mixin.py:188} INFO - [2023-12-19T14:22:22.696+0000] {dagbag.py:538} INFO - Filling up the DagBag from /home/airflow/.local/lib/python3.8/site-packages/airflow/example_dags/example_trigger_target_dag.py
[2023-12-19T14:22:22.709+0000] {processor.py:840} INFO - DAG(s) 'example_trigger_target_dag' retrieved from /home/airflow/.local/lib/python3.8/site-packages/airflow/example_dags/example_trigger_target_dag.py
[2023-12-19T14:22:22.753+0000] {logging_mixin.py:188} INFO - [2023-12-19T14:22:22.752+0000] {dag.py:3033} INFO - Sync 1 DAGs
[2023-12-19T14:22:22.782+0000] {logging_mixin.py:188} INFO - [2023-12-19T14:22:22.781+0000] {dag.py:3820} INFO - Setting next_dagrun for example_trigger_target_dag to None, run_after=None
[2023-12-19T14:22:22.827+0000] {processor.py:183} INFO - Processing /home/airflow/.local/lib/python3.8/site-packages/airflow/example_dags/example_trigger_target_dag.py took 0.144 seconds
[2023-12-19T14:23:37.073+0000] {processor.py:161} INFO - Started process (PID=76) to work on /home/airflow/.local/lib/python3.8/site-packages/airflow/example_dags/example_trigger_target_dag.py
[2023-12-19T14:23:37.076+0000] {processor.py:830} INFO - Processing file /home/airflow/.local/lib/python3.8/site-packages/airflow/example_dags/example_trigger_target_dag.py for tasks to queue
[2023-12-19T14:23:37.081+0000] {logging_mixin.py:188} INFO - [2023-12-19T14:23:37.080+0000] {dagbag.py:538} INFO - Filling up the DagBag from /home/airflow/.local/lib/python3.8/site-packages/airflow/example_dags/example_trigger_target_dag.py
[2023-12-19T14:23:37.096+0000] {processor.py:840} INFO - DAG(s) 'example_trigger_target_dag' retrieved from /home/airflow/.local/lib/python3.8/site-packages/airflow/example_dags/example_trigger_target_dag.py
[2023-12-19T14:23:37.168+0000] {logging_mixin.py:188} INFO - [2023-12-19T14:23:37.168+0000] {dag.py:3033} INFO - Sync 1 DAGs
[2023-12-19T14:23:37.585+0000] {logging_mixin.py:188} INFO - [2023-12-19T14:23:37.584+0000] {dag.py:3820} INFO - Setting next_dagrun for example_trigger_target_dag to None, run_after=None
[2023-12-19T14:23:37.665+0000] {processor.py:183} INFO - Processing /home/airflow/.local/lib/python3.8/site-packages/airflow/example_dags/example_trigger_target_dag.py took 0.598 seconds
[2023-12-19T14:25:34.851+0000] {processor.py:161} INFO - Started process (PID=88) to work on /home/airflow/.local/lib/python3.8/site-packages/airflow/example_dags/example_trigger_target_dag.py
[2023-12-19T14:25:34.860+0000] {processor.py:830} INFO - Processing file /home/airflow/.local/lib/python3.8/site-packages/airflow/example_dags/example_trigger_target_dag.py for tasks to queue
[2023-12-19T14:25:34.868+0000] {logging_mixin.py:188} INFO - [2023-12-19T14:25:34.867+0000] {dagbag.py:538} INFO - Filling up the DagBag from /home/airflow/.local/lib/python3.8/site-packages/airflow/example_dags/example_trigger_target_dag.py
[2023-12-19T14:25:34.888+0000] {processor.py:840} INFO - DAG(s) 'example_trigger_target_dag' retrieved from /home/airflow/.local/lib/python3.8/site-packages/airflow/example_dags/example_trigger_target_dag.py
[2023-12-19T14:25:35.290+0000] {logging_mixin.py:188} INFO - [2023-12-19T14:25:35.290+0000] {dag.py:3033} INFO - Sync 1 DAGs
[2023-12-19T14:25:35.316+0000] {logging_mixin.py:188} INFO - [2023-12-19T14:25:35.316+0000] {dag.py:3820} INFO - Setting next_dagrun for example_trigger_target_dag to None, run_after=None
[2023-12-19T14:25:35.372+0000] {processor.py:183} INFO - Processing /home/airflow/.local/lib/python3.8/site-packages/airflow/example_dags/example_trigger_target_dag.py took 0.547 seconds
[2023-12-19T14:26:05.508+0000] {processor.py:161} INFO - Started process (PID=142) to work on /home/airflow/.local/lib/python3.8/site-packages/airflow/example_dags/example_trigger_target_dag.py
[2023-12-19T14:26:05.511+0000] {processor.py:830} INFO - Processing file /home/airflow/.local/lib/python3.8/site-packages/airflow/example_dags/example_trigger_target_dag.py for tasks to queue
[2023-12-19T14:26:05.518+0000] {logging_mixin.py:188} INFO - [2023-12-19T14:26:05.517+0000] {dagbag.py:538} INFO - Filling up the DagBag from /home/airflow/.local/lib/python3.8/site-packages/airflow/example_dags/example_trigger_target_dag.py
[2023-12-19T14:26:05.531+0000] {processor.py:840} INFO - DAG(s) 'example_trigger_target_dag' retrieved from /home/airflow/.local/lib/python3.8/site-packages/airflow/example_dags/example_trigger_target_dag.py
[2023-12-19T14:26:05.571+0000] {logging_mixin.py:188} INFO - [2023-12-19T14:26:05.571+0000] {dag.py:3033} INFO - Sync 1 DAGs
[2023-12-19T14:26:05.612+0000] {logging_mixin.py:188} INFO - [2023-12-19T14:26:05.612+0000] {dag.py:3820} INFO - Setting next_dagrun for example_trigger_target_dag to None, run_after=None
[2023-12-19T14:26:05.683+0000] {processor.py:183} INFO - Processing /home/airflow/.local/lib/python3.8/site-packages/airflow/example_dags/example_trigger_target_dag.py took 0.184 seconds
[2023-12-19T14:26:36.179+0000] {processor.py:161} INFO - Started process (PID=197) to work on /home/airflow/.local/lib/python3.8/site-packages/airflow/example_dags/example_trigger_target_dag.py
[2023-12-19T14:26:36.195+0000] {processor.py:830} INFO - Processing file /home/airflow/.local/lib/python3.8/site-packages/airflow/example_dags/example_trigger_target_dag.py for tasks to queue
[2023-12-19T14:26:36.215+0000] {logging_mixin.py:188} INFO - [2023-12-19T14:26:36.211+0000] {dagbag.py:538} INFO - Filling up the DagBag from /home/airflow/.local/lib/python3.8/site-packages/airflow/example_dags/example_trigger_target_dag.py
[2023-12-19T14:26:36.230+0000] {processor.py:840} INFO - DAG(s) 'example_trigger_target_dag' retrieved from /home/airflow/.local/lib/python3.8/site-packages/airflow/example_dags/example_trigger_target_dag.py
[2023-12-19T14:26:36.307+0000] {logging_mixin.py:188} INFO - [2023-12-19T14:26:36.306+0000] {dag.py:3033} INFO - Sync 1 DAGs
[2023-12-19T14:26:36.339+0000] {logging_mixin.py:188} INFO - [2023-12-19T14:26:36.339+0000] {dag.py:3820} INFO - Setting next_dagrun for example_trigger_target_dag to None, run_after=None
[2023-12-19T14:26:36.389+0000] {processor.py:183} INFO - Processing /home/airflow/.local/lib/python3.8/site-packages/airflow/example_dags/example_trigger_target_dag.py took 0.232 seconds
[2023-12-19T14:27:06.661+0000] {processor.py:161} INFO - Started process (PID=252) to work on /home/airflow/.local/lib/python3.8/site-packages/airflow/example_dags/example_trigger_target_dag.py
[2023-12-19T14:27:06.662+0000] {processor.py:830} INFO - Processing file /home/airflow/.local/lib/python3.8/site-packages/airflow/example_dags/example_trigger_target_dag.py for tasks to queue
[2023-12-19T14:27:06.667+0000] {logging_mixin.py:188} INFO - [2023-12-19T14:27:06.666+0000] {dagbag.py:538} INFO - Filling up the DagBag from /home/airflow/.local/lib/python3.8/site-packages/airflow/example_dags/example_trigger_target_dag.py
[2023-12-19T14:27:06.678+0000] {processor.py:840} INFO - DAG(s) 'example_trigger_target_dag' retrieved from /home/airflow/.local/lib/python3.8/site-packages/airflow/example_dags/example_trigger_target_dag.py
[2023-12-19T14:27:06.722+0000] {logging_mixin.py:188} INFO - [2023-12-19T14:27:06.721+0000] {dag.py:3033} INFO - Sync 1 DAGs
[2023-12-19T14:27:06.749+0000] {logging_mixin.py:188} INFO - [2023-12-19T14:27:06.748+0000] {dag.py:3820} INFO - Setting next_dagrun for example_trigger_target_dag to None, run_after=None
[2023-12-19T14:27:06.787+0000] {processor.py:183} INFO - Processing /home/airflow/.local/lib/python3.8/site-packages/airflow/example_dags/example_trigger_target_dag.py took 0.133 seconds
[2023-12-19T14:27:36.984+0000] {processor.py:161} INFO - Started process (PID=307) to work on /home/airflow/.local/lib/python3.8/site-packages/airflow/example_dags/example_trigger_target_dag.py
[2023-12-19T14:27:36.985+0000] {processor.py:830} INFO - Processing file /home/airflow/.local/lib/python3.8/site-packages/airflow/example_dags/example_trigger_target_dag.py for tasks to queue
[2023-12-19T14:27:36.989+0000] {logging_mixin.py:188} INFO - [2023-12-19T14:27:36.988+0000] {dagbag.py:538} INFO - Filling up the DagBag from /home/airflow/.local/lib/python3.8/site-packages/airflow/example_dags/example_trigger_target_dag.py
[2023-12-19T14:27:36.999+0000] {processor.py:840} INFO - DAG(s) 'example_trigger_target_dag' retrieved from /home/airflow/.local/lib/python3.8/site-packages/airflow/example_dags/example_trigger_target_dag.py
[2023-12-19T14:27:37.037+0000] {logging_mixin.py:188} INFO - [2023-12-19T14:27:37.037+0000] {dag.py:3033} INFO - Sync 1 DAGs
[2023-12-19T14:27:37.061+0000] {logging_mixin.py:188} INFO - [2023-12-19T14:27:37.060+0000] {dag.py:3820} INFO - Setting next_dagrun for example_trigger_target_dag to None, run_after=None
[2023-12-19T14:27:37.098+0000] {processor.py:183} INFO - Processing /home/airflow/.local/lib/python3.8/site-packages/airflow/example_dags/example_trigger_target_dag.py took 0.120 seconds
[2023-12-19T14:28:07.217+0000] {processor.py:161} INFO - Started process (PID=362) to work on /home/airflow/.local/lib/python3.8/site-packages/airflow/example_dags/example_trigger_target_dag.py
[2023-12-19T14:28:07.219+0000] {processor.py:830} INFO - Processing file /home/airflow/.local/lib/python3.8/site-packages/airflow/example_dags/example_trigger_target_dag.py for tasks to queue
[2023-12-19T14:28:07.223+0000] {logging_mixin.py:188} INFO - [2023-12-19T14:28:07.222+0000] {dagbag.py:538} INFO - Filling up the DagBag from /home/airflow/.local/lib/python3.8/site-packages/airflow/example_dags/example_trigger_target_dag.py
[2023-12-19T14:28:07.232+0000] {processor.py:840} INFO - DAG(s) 'example_trigger_target_dag' retrieved from /home/airflow/.local/lib/python3.8/site-packages/airflow/example_dags/example_trigger_target_dag.py
[2023-12-19T14:28:07.268+0000] {logging_mixin.py:188} INFO - [2023-12-19T14:28:07.268+0000] {dag.py:3033} INFO - Sync 1 DAGs
[2023-12-19T14:28:07.290+0000] {logging_mixin.py:188} INFO - [2023-12-19T14:28:07.290+0000] {dag.py:3820} INFO - Setting next_dagrun for example_trigger_target_dag to None, run_after=None
[2023-12-19T14:28:07.327+0000] {processor.py:183} INFO - Processing /home/airflow/.local/lib/python3.8/site-packages/airflow/example_dags/example_trigger_target_dag.py took 0.117 seconds
[2023-12-19T14:28:38.379+0000] {processor.py:161} INFO - Started process (PID=417) to work on /home/airflow/.local/lib/python3.8/site-packages/airflow/example_dags/example_trigger_target_dag.py
[2023-12-19T14:28:38.387+0000] {processor.py:830} INFO - Processing file /home/airflow/.local/lib/python3.8/site-packages/airflow/example_dags/example_trigger_target_dag.py for tasks to queue
[2023-12-19T14:28:38.392+0000] {logging_mixin.py:188} INFO - [2023-12-19T14:28:38.391+0000] {dagbag.py:538} INFO - Filling up the DagBag from /home/airflow/.local/lib/python3.8/site-packages/airflow/example_dags/example_trigger_target_dag.py
[2023-12-19T14:28:38.428+0000] {processor.py:840} INFO - DAG(s) 'example_trigger_target_dag' retrieved from /home/airflow/.local/lib/python3.8/site-packages/airflow/example_dags/example_trigger_target_dag.py
[2023-12-19T14:28:38.547+0000] {logging_mixin.py:188} INFO - [2023-12-19T14:28:38.546+0000] {dag.py:3033} INFO - Sync 1 DAGs
[2023-12-19T14:28:38.588+0000] {logging_mixin.py:188} INFO - [2023-12-19T14:28:38.587+0000] {dag.py:3820} INFO - Setting next_dagrun for example_trigger_target_dag to None, run_after=None
[2023-12-19T14:28:38.668+0000] {processor.py:183} INFO - Processing /home/airflow/.local/lib/python3.8/site-packages/airflow/example_dags/example_trigger_target_dag.py took 0.303 seconds
[2023-12-19T14:29:09.636+0000] {processor.py:161} INFO - Started process (PID=472) to work on /home/airflow/.local/lib/python3.8/site-packages/airflow/example_dags/example_trigger_target_dag.py
[2023-12-19T14:29:09.639+0000] {processor.py:830} INFO - Processing file /home/airflow/.local/lib/python3.8/site-packages/airflow/example_dags/example_trigger_target_dag.py for tasks to queue
[2023-12-19T14:29:09.645+0000] {logging_mixin.py:188} INFO - [2023-12-19T14:29:09.644+0000] {dagbag.py:538} INFO - Filling up the DagBag from /home/airflow/.local/lib/python3.8/site-packages/airflow/example_dags/example_trigger_target_dag.py
[2023-12-19T14:29:09.660+0000] {processor.py:840} INFO - DAG(s) 'example_trigger_target_dag' retrieved from /home/airflow/.local/lib/python3.8/site-packages/airflow/example_dags/example_trigger_target_dag.py
[2023-12-19T14:29:09.717+0000] {logging_mixin.py:188} INFO - [2023-12-19T14:29:09.716+0000] {dag.py:3033} INFO - Sync 1 DAGs
[2023-12-19T14:29:09.761+0000] {logging_mixin.py:188} INFO - [2023-12-19T14:29:09.761+0000] {dag.py:3820} INFO - Setting next_dagrun for example_trigger_target_dag to None, run_after=None
[2023-12-19T14:29:09.840+0000] {processor.py:183} INFO - Processing /home/airflow/.local/lib/python3.8/site-packages/airflow/example_dags/example_trigger_target_dag.py took 0.212 seconds
[2023-12-19T14:29:41.133+0000] {processor.py:161} INFO - Started process (PID=527) to work on /home/airflow/.local/lib/python3.8/site-packages/airflow/example_dags/example_trigger_target_dag.py
[2023-12-19T14:29:41.135+0000] {processor.py:830} INFO - Processing file /home/airflow/.local/lib/python3.8/site-packages/airflow/example_dags/example_trigger_target_dag.py for tasks to queue
[2023-12-19T14:29:41.142+0000] {logging_mixin.py:188} INFO - [2023-12-19T14:29:41.141+0000] {dagbag.py:538} INFO - Filling up the DagBag from /home/airflow/.local/lib/python3.8/site-packages/airflow/example_dags/example_trigger_target_dag.py
[2023-12-19T14:29:41.198+0000] {processor.py:840} INFO - DAG(s) 'example_trigger_target_dag' retrieved from /home/airflow/.local/lib/python3.8/site-packages/airflow/example_dags/example_trigger_target_dag.py
[2023-12-19T14:29:41.298+0000] {logging_mixin.py:188} INFO - [2023-12-19T14:29:41.298+0000] {dag.py:3033} INFO - Sync 1 DAGs
[2023-12-19T14:29:41.339+0000] {logging_mixin.py:188} INFO - [2023-12-19T14:29:41.338+0000] {dag.py:3820} INFO - Setting next_dagrun for example_trigger_target_dag to None, run_after=None
[2023-12-19T14:29:41.470+0000] {processor.py:183} INFO - Processing /home/airflow/.local/lib/python3.8/site-packages/airflow/example_dags/example_trigger_target_dag.py took 0.352 seconds
[2023-12-19T14:30:11.868+0000] {processor.py:161} INFO - Started process (PID=583) to work on /home/airflow/.local/lib/python3.8/site-packages/airflow/example_dags/example_trigger_target_dag.py
[2023-12-19T14:30:11.870+0000] {processor.py:830} INFO - Processing file /home/airflow/.local/lib/python3.8/site-packages/airflow/example_dags/example_trigger_target_dag.py for tasks to queue
[2023-12-19T14:30:11.874+0000] {logging_mixin.py:188} INFO - [2023-12-19T14:30:11.873+0000] {dagbag.py:538} INFO - Filling up the DagBag from /home/airflow/.local/lib/python3.8/site-packages/airflow/example_dags/example_trigger_target_dag.py
[2023-12-19T14:30:11.884+0000] {processor.py:840} INFO - DAG(s) 'example_trigger_target_dag' retrieved from /home/airflow/.local/lib/python3.8/site-packages/airflow/example_dags/example_trigger_target_dag.py
[2023-12-19T14:30:11.919+0000] {logging_mixin.py:188} INFO - [2023-12-19T14:30:11.919+0000] {dag.py:3033} INFO - Sync 1 DAGs
[2023-12-19T14:30:11.942+0000] {logging_mixin.py:188} INFO - [2023-12-19T14:30:11.942+0000] {dag.py:3820} INFO - Setting next_dagrun for example_trigger_target_dag to None, run_after=None
[2023-12-19T14:30:11.979+0000] {processor.py:183} INFO - Processing /home/airflow/.local/lib/python3.8/site-packages/airflow/example_dags/example_trigger_target_dag.py took 0.116 seconds
[2023-12-19T14:30:42.551+0000] {processor.py:161} INFO - Started process (PID=637) to work on /home/airflow/.local/lib/python3.8/site-packages/airflow/example_dags/example_trigger_target_dag.py
[2023-12-19T14:30:42.552+0000] {processor.py:830} INFO - Processing file /home/airflow/.local/lib/python3.8/site-packages/airflow/example_dags/example_trigger_target_dag.py for tasks to queue
[2023-12-19T14:30:42.558+0000] {logging_mixin.py:188} INFO - [2023-12-19T14:30:42.557+0000] {dagbag.py:538} INFO - Filling up the DagBag from /home/airflow/.local/lib/python3.8/site-packages/airflow/example_dags/example_trigger_target_dag.py
[2023-12-19T14:30:42.573+0000] {processor.py:840} INFO - DAG(s) 'example_trigger_target_dag' retrieved from /home/airflow/.local/lib/python3.8/site-packages/airflow/example_dags/example_trigger_target_dag.py
[2023-12-19T14:30:42.626+0000] {logging_mixin.py:188} INFO - [2023-12-19T14:30:42.626+0000] {dag.py:3033} INFO - Sync 1 DAGs
[2023-12-19T14:30:42.660+0000] {logging_mixin.py:188} INFO - [2023-12-19T14:30:42.660+0000] {dag.py:3820} INFO - Setting next_dagrun for example_trigger_target_dag to None, run_after=None
[2023-12-19T14:30:42.721+0000] {processor.py:183} INFO - Processing /home/airflow/.local/lib/python3.8/site-packages/airflow/example_dags/example_trigger_target_dag.py took 0.176 seconds
[2023-12-19T14:31:13.090+0000] {processor.py:161} INFO - Started process (PID=691) to work on /home/airflow/.local/lib/python3.8/site-packages/airflow/example_dags/example_trigger_target_dag.py
[2023-12-19T14:31:13.092+0000] {processor.py:830} INFO - Processing file /home/airflow/.local/lib/python3.8/site-packages/airflow/example_dags/example_trigger_target_dag.py for tasks to queue
[2023-12-19T14:31:13.098+0000] {logging_mixin.py:188} INFO - [2023-12-19T14:31:13.097+0000] {dagbag.py:538} INFO - Filling up the DagBag from /home/airflow/.local/lib/python3.8/site-packages/airflow/example_dags/example_trigger_target_dag.py
[2023-12-19T14:31:13.113+0000] {processor.py:840} INFO - DAG(s) 'example_trigger_target_dag' retrieved from /home/airflow/.local/lib/python3.8/site-packages/airflow/example_dags/example_trigger_target_dag.py
[2023-12-19T14:31:13.169+0000] {logging_mixin.py:188} INFO - [2023-12-19T14:31:13.169+0000] {dag.py:3033} INFO - Sync 1 DAGs
[2023-12-19T14:31:13.207+0000] {logging_mixin.py:188} INFO - [2023-12-19T14:31:13.206+0000] {dag.py:3820} INFO - Setting next_dagrun for example_trigger_target_dag to None, run_after=None
[2023-12-19T14:31:13.257+0000] {processor.py:183} INFO - Processing /home/airflow/.local/lib/python3.8/site-packages/airflow/example_dags/example_trigger_target_dag.py took 0.174 seconds
[2023-12-19T14:31:43.854+0000] {processor.py:161} INFO - Started process (PID=746) to work on /home/airflow/.local/lib/python3.8/site-packages/airflow/example_dags/example_trigger_target_dag.py
[2023-12-19T14:31:43.858+0000] {processor.py:830} INFO - Processing file /home/airflow/.local/lib/python3.8/site-packages/airflow/example_dags/example_trigger_target_dag.py for tasks to queue
[2023-12-19T14:31:43.864+0000] {logging_mixin.py:188} INFO - [2023-12-19T14:31:43.863+0000] {dagbag.py:538} INFO - Filling up the DagBag from /home/airflow/.local/lib/python3.8/site-packages/airflow/example_dags/example_trigger_target_dag.py
[2023-12-19T14:31:43.882+0000] {processor.py:840} INFO - DAG(s) 'example_trigger_target_dag' retrieved from /home/airflow/.local/lib/python3.8/site-packages/airflow/example_dags/example_trigger_target_dag.py
[2023-12-19T14:31:43.949+0000] {logging_mixin.py:188} INFO - [2023-12-19T14:31:43.948+0000] {dag.py:3033} INFO - Sync 1 DAGs
[2023-12-19T14:31:43.977+0000] {logging_mixin.py:188} INFO - [2023-12-19T14:31:43.977+0000] {dag.py:3820} INFO - Setting next_dagrun for example_trigger_target_dag to None, run_after=None
[2023-12-19T14:31:44.018+0000] {processor.py:183} INFO - Processing /home/airflow/.local/lib/python3.8/site-packages/airflow/example_dags/example_trigger_target_dag.py took 0.174 seconds
[2023-12-19T14:32:14.782+0000] {processor.py:161} INFO - Started process (PID=800) to work on /home/airflow/.local/lib/python3.8/site-packages/airflow/example_dags/example_trigger_target_dag.py
[2023-12-19T14:32:14.791+0000] {processor.py:830} INFO - Processing file /home/airflow/.local/lib/python3.8/site-packages/airflow/example_dags/example_trigger_target_dag.py for tasks to queue
[2023-12-19T14:32:14.810+0000] {logging_mixin.py:188} INFO - [2023-12-19T14:32:14.809+0000] {dagbag.py:538} INFO - Filling up the DagBag from /home/airflow/.local/lib/python3.8/site-packages/airflow/example_dags/example_trigger_target_dag.py
[2023-12-19T14:32:14.837+0000] {processor.py:840} INFO - DAG(s) 'example_trigger_target_dag' retrieved from /home/airflow/.local/lib/python3.8/site-packages/airflow/example_dags/example_trigger_target_dag.py
[2023-12-19T14:32:14.980+0000] {logging_mixin.py:188} INFO - [2023-12-19T14:32:14.979+0000] {dag.py:3033} INFO - Sync 1 DAGs
[2023-12-19T14:32:15.043+0000] {logging_mixin.py:188} INFO - [2023-12-19T14:32:15.042+0000] {dag.py:3820} INFO - Setting next_dagrun for example_trigger_target_dag to None, run_after=None
[2023-12-19T14:32:15.118+0000] {processor.py:183} INFO - Processing /home/airflow/.local/lib/python3.8/site-packages/airflow/example_dags/example_trigger_target_dag.py took 0.381 seconds
[2023-12-19T14:32:45.403+0000] {processor.py:161} INFO - Started process (PID=855) to work on /home/airflow/.local/lib/python3.8/site-packages/airflow/example_dags/example_trigger_target_dag.py
[2023-12-19T14:32:45.407+0000] {processor.py:830} INFO - Processing file /home/airflow/.local/lib/python3.8/site-packages/airflow/example_dags/example_trigger_target_dag.py for tasks to queue
[2023-12-19T14:32:45.425+0000] {logging_mixin.py:188} INFO - [2023-12-19T14:32:45.424+0000] {dagbag.py:538} INFO - Filling up the DagBag from /home/airflow/.local/lib/python3.8/site-packages/airflow/example_dags/example_trigger_target_dag.py
[2023-12-19T14:32:45.445+0000] {processor.py:840} INFO - DAG(s) 'example_trigger_target_dag' retrieved from /home/airflow/.local/lib/python3.8/site-packages/airflow/example_dags/example_trigger_target_dag.py
[2023-12-19T14:32:45.519+0000] {logging_mixin.py:188} INFO - [2023-12-19T14:32:45.518+0000] {dag.py:3033} INFO - Sync 1 DAGs
[2023-12-19T14:32:45.574+0000] {logging_mixin.py:188} INFO - [2023-12-19T14:32:45.574+0000] {dag.py:3820} INFO - Setting next_dagrun for example_trigger_target_dag to None, run_after=None
[2023-12-19T14:32:45.666+0000] {processor.py:183} INFO - Processing /home/airflow/.local/lib/python3.8/site-packages/airflow/example_dags/example_trigger_target_dag.py took 0.295 seconds
[2023-12-19T14:33:15.996+0000] {processor.py:161} INFO - Started process (PID=910) to work on /home/airflow/.local/lib/python3.8/site-packages/airflow/example_dags/example_trigger_target_dag.py
[2023-12-19T14:33:16.000+0000] {processor.py:830} INFO - Processing file /home/airflow/.local/lib/python3.8/site-packages/airflow/example_dags/example_trigger_target_dag.py for tasks to queue
[2023-12-19T14:33:16.009+0000] {logging_mixin.py:188} INFO - [2023-12-19T14:33:16.008+0000] {dagbag.py:538} INFO - Filling up the DagBag from /home/airflow/.local/lib/python3.8/site-packages/airflow/example_dags/example_trigger_target_dag.py
[2023-12-19T14:33:16.029+0000] {processor.py:840} INFO - DAG(s) 'example_trigger_target_dag' retrieved from /home/airflow/.local/lib/python3.8/site-packages/airflow/example_dags/example_trigger_target_dag.py
[2023-12-19T14:33:16.112+0000] {logging_mixin.py:188} INFO - [2023-12-19T14:33:16.112+0000] {dag.py:3033} INFO - Sync 1 DAGs
[2023-12-19T14:33:16.153+0000] {logging_mixin.py:188} INFO - [2023-12-19T14:33:16.153+0000] {dag.py:3820} INFO - Setting next_dagrun for example_trigger_target_dag to None, run_after=None
[2023-12-19T14:33:16.234+0000] {processor.py:183} INFO - Processing /home/airflow/.local/lib/python3.8/site-packages/airflow/example_dags/example_trigger_target_dag.py took 0.249 seconds
[2023-12-19T14:33:46.308+0000] {processor.py:161} INFO - Started process (PID=964) to work on /home/airflow/.local/lib/python3.8/site-packages/airflow/example_dags/example_trigger_target_dag.py
[2023-12-19T14:33:46.311+0000] {processor.py:830} INFO - Processing file /home/airflow/.local/lib/python3.8/site-packages/airflow/example_dags/example_trigger_target_dag.py for tasks to queue
[2023-12-19T14:33:46.317+0000] {logging_mixin.py:188} INFO - [2023-12-19T14:33:46.316+0000] {dagbag.py:538} INFO - Filling up the DagBag from /home/airflow/.local/lib/python3.8/site-packages/airflow/example_dags/example_trigger_target_dag.py
[2023-12-19T14:33:46.333+0000] {processor.py:840} INFO - DAG(s) 'example_trigger_target_dag' retrieved from /home/airflow/.local/lib/python3.8/site-packages/airflow/example_dags/example_trigger_target_dag.py
[2023-12-19T14:33:46.389+0000] {logging_mixin.py:188} INFO - [2023-12-19T14:33:46.389+0000] {dag.py:3033} INFO - Sync 1 DAGs
[2023-12-19T14:33:46.433+0000] {logging_mixin.py:188} INFO - [2023-12-19T14:33:46.432+0000] {dag.py:3820} INFO - Setting next_dagrun for example_trigger_target_dag to None, run_after=None
[2023-12-19T14:33:46.498+0000] {processor.py:183} INFO - Processing /home/airflow/.local/lib/python3.8/site-packages/airflow/example_dags/example_trigger_target_dag.py took 0.198 seconds
[2023-12-19T14:34:17.040+0000] {processor.py:161} INFO - Started process (PID=1019) to work on /home/airflow/.local/lib/python3.8/site-packages/airflow/example_dags/example_trigger_target_dag.py
[2023-12-19T14:34:17.042+0000] {processor.py:830} INFO - Processing file /home/airflow/.local/lib/python3.8/site-packages/airflow/example_dags/example_trigger_target_dag.py for tasks to queue
[2023-12-19T14:34:17.054+0000] {logging_mixin.py:188} INFO - [2023-12-19T14:34:17.053+0000] {dagbag.py:538} INFO - Filling up the DagBag from /home/airflow/.local/lib/python3.8/site-packages/airflow/example_dags/example_trigger_target_dag.py
[2023-12-19T14:34:17.069+0000] {processor.py:840} INFO - DAG(s) 'example_trigger_target_dag' retrieved from /home/airflow/.local/lib/python3.8/site-packages/airflow/example_dags/example_trigger_target_dag.py
[2023-12-19T14:34:17.157+0000] {logging_mixin.py:188} INFO - [2023-12-19T14:34:17.157+0000] {dag.py:3033} INFO - Sync 1 DAGs
[2023-12-19T14:34:17.192+0000] {logging_mixin.py:188} INFO - [2023-12-19T14:34:17.191+0000] {dag.py:3820} INFO - Setting next_dagrun for example_trigger_target_dag to None, run_after=None
[2023-12-19T14:34:17.252+0000] {processor.py:183} INFO - Processing /home/airflow/.local/lib/python3.8/site-packages/airflow/example_dags/example_trigger_target_dag.py took 0.219 seconds
[2023-12-19T14:34:48.441+0000] {processor.py:161} INFO - Started process (PID=1073) to work on /home/airflow/.local/lib/python3.8/site-packages/airflow/example_dags/example_trigger_target_dag.py
[2023-12-19T14:34:48.444+0000] {processor.py:830} INFO - Processing file /home/airflow/.local/lib/python3.8/site-packages/airflow/example_dags/example_trigger_target_dag.py for tasks to queue
[2023-12-19T14:34:48.449+0000] {logging_mixin.py:188} INFO - [2023-12-19T14:34:48.448+0000] {dagbag.py:538} INFO - Filling up the DagBag from /home/airflow/.local/lib/python3.8/site-packages/airflow/example_dags/example_trigger_target_dag.py
[2023-12-19T14:34:48.464+0000] {processor.py:840} INFO - DAG(s) 'example_trigger_target_dag' retrieved from /home/airflow/.local/lib/python3.8/site-packages/airflow/example_dags/example_trigger_target_dag.py
[2023-12-19T14:34:48.518+0000] {logging_mixin.py:188} INFO - [2023-12-19T14:34:48.517+0000] {dag.py:3033} INFO - Sync 1 DAGs
[2023-12-19T14:34:48.552+0000] {logging_mixin.py:188} INFO - [2023-12-19T14:34:48.551+0000] {dag.py:3820} INFO - Setting next_dagrun for example_trigger_target_dag to None, run_after=None
[2023-12-19T14:34:48.639+0000] {processor.py:183} INFO - Processing /home/airflow/.local/lib/python3.8/site-packages/airflow/example_dags/example_trigger_target_dag.py took 0.205 seconds
[2023-12-19T14:35:19.605+0000] {processor.py:161} INFO - Started process (PID=1129) to work on /home/airflow/.local/lib/python3.8/site-packages/airflow/example_dags/example_trigger_target_dag.py
[2023-12-19T14:35:19.606+0000] {processor.py:830} INFO - Processing file /home/airflow/.local/lib/python3.8/site-packages/airflow/example_dags/example_trigger_target_dag.py for tasks to queue
[2023-12-19T14:35:19.610+0000] {logging_mixin.py:188} INFO - [2023-12-19T14:35:19.610+0000] {dagbag.py:538} INFO - Filling up the DagBag from /home/airflow/.local/lib/python3.8/site-packages/airflow/example_dags/example_trigger_target_dag.py
[2023-12-19T14:35:19.622+0000] {processor.py:840} INFO - DAG(s) 'example_trigger_target_dag' retrieved from /home/airflow/.local/lib/python3.8/site-packages/airflow/example_dags/example_trigger_target_dag.py
[2023-12-19T14:35:19.658+0000] {logging_mixin.py:188} INFO - [2023-12-19T14:35:19.658+0000] {dag.py:3033} INFO - Sync 1 DAGs
[2023-12-19T14:35:19.700+0000] {logging_mixin.py:188} INFO - [2023-12-19T14:35:19.699+0000] {dag.py:3820} INFO - Setting next_dagrun for example_trigger_target_dag to None, run_after=None
[2023-12-19T14:35:19.754+0000] {processor.py:183} INFO - Processing /home/airflow/.local/lib/python3.8/site-packages/airflow/example_dags/example_trigger_target_dag.py took 0.158 seconds
[2023-12-19T14:35:49.814+0000] {processor.py:161} INFO - Started process (PID=1182) to work on /home/airflow/.local/lib/python3.8/site-packages/airflow/example_dags/example_trigger_target_dag.py
[2023-12-19T14:35:49.816+0000] {processor.py:830} INFO - Processing file /home/airflow/.local/lib/python3.8/site-packages/airflow/example_dags/example_trigger_target_dag.py for tasks to queue
[2023-12-19T14:35:49.819+0000] {logging_mixin.py:188} INFO - [2023-12-19T14:35:49.819+0000] {dagbag.py:538} INFO - Filling up the DagBag from /home/airflow/.local/lib/python3.8/site-packages/airflow/example_dags/example_trigger_target_dag.py
[2023-12-19T14:35:49.827+0000] {processor.py:840} INFO - DAG(s) 'example_trigger_target_dag' retrieved from /home/airflow/.local/lib/python3.8/site-packages/airflow/example_dags/example_trigger_target_dag.py
[2023-12-19T14:35:49.859+0000] {logging_mixin.py:188} INFO - [2023-12-19T14:35:49.859+0000] {dag.py:3033} INFO - Sync 1 DAGs
[2023-12-19T14:35:49.879+0000] {logging_mixin.py:188} INFO - [2023-12-19T14:35:49.878+0000] {dag.py:3820} INFO - Setting next_dagrun for example_trigger_target_dag to None, run_after=None
[2023-12-19T14:35:49.908+0000] {processor.py:183} INFO - Processing /home/airflow/.local/lib/python3.8/site-packages/airflow/example_dags/example_trigger_target_dag.py took 0.099 seconds
[2023-12-19T14:36:20.031+0000] {processor.py:161} INFO - Started process (PID=1237) to work on /home/airflow/.local/lib/python3.8/site-packages/airflow/example_dags/example_trigger_target_dag.py
[2023-12-19T14:36:20.033+0000] {processor.py:830} INFO - Processing file /home/airflow/.local/lib/python3.8/site-packages/airflow/example_dags/example_trigger_target_dag.py for tasks to queue
[2023-12-19T14:36:20.036+0000] {logging_mixin.py:188} INFO - [2023-12-19T14:36:20.035+0000] {dagbag.py:538} INFO - Filling up the DagBag from /home/airflow/.local/lib/python3.8/site-packages/airflow/example_dags/example_trigger_target_dag.py
[2023-12-19T14:36:20.047+0000] {processor.py:840} INFO - DAG(s) 'example_trigger_target_dag' retrieved from /home/airflow/.local/lib/python3.8/site-packages/airflow/example_dags/example_trigger_target_dag.py
[2023-12-19T14:36:20.089+0000] {logging_mixin.py:188} INFO - [2023-12-19T14:36:20.089+0000] {dag.py:3033} INFO - Sync 1 DAGs
[2023-12-19T14:36:20.109+0000] {logging_mixin.py:188} INFO - [2023-12-19T14:36:20.109+0000] {dag.py:3820} INFO - Setting next_dagrun for example_trigger_target_dag to None, run_after=None
[2023-12-19T14:36:20.136+0000] {processor.py:183} INFO - Processing /home/airflow/.local/lib/python3.8/site-packages/airflow/example_dags/example_trigger_target_dag.py took 0.109 seconds
[2023-12-19T14:36:51.084+0000] {processor.py:161} INFO - Started process (PID=1292) to work on /home/airflow/.local/lib/python3.8/site-packages/airflow/example_dags/example_trigger_target_dag.py
[2023-12-19T14:36:51.085+0000] {processor.py:830} INFO - Processing file /home/airflow/.local/lib/python3.8/site-packages/airflow/example_dags/example_trigger_target_dag.py for tasks to queue
[2023-12-19T14:36:51.088+0000] {logging_mixin.py:188} INFO - [2023-12-19T14:36:51.087+0000] {dagbag.py:538} INFO - Filling up the DagBag from /home/airflow/.local/lib/python3.8/site-packages/airflow/example_dags/example_trigger_target_dag.py
[2023-12-19T14:36:51.100+0000] {processor.py:840} INFO - DAG(s) 'example_trigger_target_dag' retrieved from /home/airflow/.local/lib/python3.8/site-packages/airflow/example_dags/example_trigger_target_dag.py
[2023-12-19T14:36:51.130+0000] {logging_mixin.py:188} INFO - [2023-12-19T14:36:51.129+0000] {dag.py:3033} INFO - Sync 1 DAGs
[2023-12-19T14:36:51.149+0000] {logging_mixin.py:188} INFO - [2023-12-19T14:36:51.148+0000] {dag.py:3820} INFO - Setting next_dagrun for example_trigger_target_dag to None, run_after=None
[2023-12-19T14:36:51.178+0000] {processor.py:183} INFO - Processing /home/airflow/.local/lib/python3.8/site-packages/airflow/example_dags/example_trigger_target_dag.py took 0.099 seconds
