[2023-12-19T14:14:15.325+0000] {processor.py:161} INFO - Started process (PID=75) to work on /home/airflow/.local/lib/python3.8/site-packages/airflow/example_dags/example_python_decorator.py
[2023-12-19T14:14:15.327+0000] {processor.py:830} INFO - Processing file /home/airflow/.local/lib/python3.8/site-packages/airflow/example_dags/example_python_decorator.py for tasks to queue
[2023-12-19T14:14:15.333+0000] {logging_mixin.py:188} INFO - [2023-12-19T14:14:15.332+0000] {dagbag.py:538} INFO - Filling up the DagBag from /home/airflow/.local/lib/python3.8/site-packages/airflow/example_dags/example_python_decorator.py
[2023-12-19T14:14:15.368+0000] {processor.py:840} INFO - DAG(s) 'example_python_decorator' retrieved from /home/airflow/.local/lib/python3.8/site-packages/airflow/example_dags/example_python_decorator.py
[2023-12-19T14:14:15.983+0000] {logging_mixin.py:188} INFO - [2023-12-19T14:14:15.983+0000] {dag.py:3033} INFO - Sync 1 DAGs
[2023-12-19T14:14:16.079+0000] {logging_mixin.py:188} INFO - [2023-12-19T14:14:16.078+0000] {dag.py:3820} INFO - Setting next_dagrun for example_python_decorator to None, run_after=None
[2023-12-19T14:14:16.195+0000] {processor.py:183} INFO - Processing /home/airflow/.local/lib/python3.8/site-packages/airflow/example_dags/example_python_decorator.py took 0.880 seconds
[2023-12-19T14:14:46.466+0000] {processor.py:161} INFO - Started process (PID=130) to work on /home/airflow/.local/lib/python3.8/site-packages/airflow/example_dags/example_python_decorator.py
[2023-12-19T14:14:46.468+0000] {processor.py:830} INFO - Processing file /home/airflow/.local/lib/python3.8/site-packages/airflow/example_dags/example_python_decorator.py for tasks to queue
[2023-12-19T14:14:46.472+0000] {logging_mixin.py:188} INFO - [2023-12-19T14:14:46.472+0000] {dagbag.py:538} INFO - Filling up the DagBag from /home/airflow/.local/lib/python3.8/site-packages/airflow/example_dags/example_python_decorator.py
[2023-12-19T14:14:46.496+0000] {processor.py:840} INFO - DAG(s) 'example_python_decorator' retrieved from /home/airflow/.local/lib/python3.8/site-packages/airflow/example_dags/example_python_decorator.py
[2023-12-19T14:14:46.548+0000] {logging_mixin.py:188} INFO - [2023-12-19T14:14:46.547+0000] {dag.py:3033} INFO - Sync 1 DAGs
[2023-12-19T14:14:46.581+0000] {logging_mixin.py:188} INFO - [2023-12-19T14:14:46.581+0000] {dag.py:3820} INFO - Setting next_dagrun for example_python_decorator to None, run_after=None
[2023-12-19T14:14:46.631+0000] {processor.py:183} INFO - Processing /home/airflow/.local/lib/python3.8/site-packages/airflow/example_dags/example_python_decorator.py took 0.174 seconds
[2023-12-19T14:15:43.423+0000] {processor.py:161} INFO - Started process (PID=186) to work on /home/airflow/.local/lib/python3.8/site-packages/airflow/example_dags/example_python_decorator.py
[2023-12-19T14:15:43.444+0000] {processor.py:830} INFO - Processing file /home/airflow/.local/lib/python3.8/site-packages/airflow/example_dags/example_python_decorator.py for tasks to queue
[2023-12-19T14:15:43.481+0000] {logging_mixin.py:188} INFO - [2023-12-19T14:15:43.480+0000] {dagbag.py:538} INFO - Filling up the DagBag from /home/airflow/.local/lib/python3.8/site-packages/airflow/example_dags/example_python_decorator.py
[2023-12-19T14:15:43.593+0000] {processor.py:840} INFO - DAG(s) 'example_python_decorator' retrieved from /home/airflow/.local/lib/python3.8/site-packages/airflow/example_dags/example_python_decorator.py
[2023-12-19T14:15:44.347+0000] {logging_mixin.py:188} INFO - [2023-12-19T14:15:44.346+0000] {dag.py:3033} INFO - Sync 1 DAGs
[2023-12-19T14:15:44.411+0000] {logging_mixin.py:188} INFO - [2023-12-19T14:15:44.410+0000] {dag.py:3820} INFO - Setting next_dagrun for example_python_decorator to None, run_after=None
[2023-12-19T14:15:44.612+0000] {processor.py:183} INFO - Processing /home/airflow/.local/lib/python3.8/site-packages/airflow/example_dags/example_python_decorator.py took 1.205 seconds
[2023-12-19T14:18:42.841+0000] {processor.py:161} INFO - Started process (PID=67) to work on /home/airflow/.local/lib/python3.8/site-packages/airflow/example_dags/example_python_decorator.py
[2023-12-19T14:18:42.901+0000] {processor.py:830} INFO - Processing file /home/airflow/.local/lib/python3.8/site-packages/airflow/example_dags/example_python_decorator.py for tasks to queue
[2023-12-19T14:18:42.906+0000] {logging_mixin.py:188} INFO - [2023-12-19T14:18:42.905+0000] {dagbag.py:538} INFO - Filling up the DagBag from /home/airflow/.local/lib/python3.8/site-packages/airflow/example_dags/example_python_decorator.py
[2023-12-19T14:18:43.008+0000] {processor.py:840} INFO - DAG(s) 'example_python_decorator' retrieved from /home/airflow/.local/lib/python3.8/site-packages/airflow/example_dags/example_python_decorator.py
[2023-12-19T14:18:43.276+0000] {logging_mixin.py:188} INFO - [2023-12-19T14:18:43.276+0000] {dag.py:3033} INFO - Sync 1 DAGs
[2023-12-19T14:18:43.406+0000] {logging_mixin.py:188} INFO - [2023-12-19T14:18:43.405+0000] {dag.py:3820} INFO - Setting next_dagrun for example_python_decorator to None, run_after=None
[2023-12-19T14:18:43.529+0000] {processor.py:183} INFO - Processing /home/airflow/.local/lib/python3.8/site-packages/airflow/example_dags/example_python_decorator.py took 0.695 seconds
[2023-12-19T14:19:14.615+0000] {processor.py:161} INFO - Started process (PID=123) to work on /home/airflow/.local/lib/python3.8/site-packages/airflow/example_dags/example_python_decorator.py
[2023-12-19T14:19:14.623+0000] {processor.py:830} INFO - Processing file /home/airflow/.local/lib/python3.8/site-packages/airflow/example_dags/example_python_decorator.py for tasks to queue
[2023-12-19T14:19:14.629+0000] {logging_mixin.py:188} INFO - [2023-12-19T14:19:14.629+0000] {dagbag.py:538} INFO - Filling up the DagBag from /home/airflow/.local/lib/python3.8/site-packages/airflow/example_dags/example_python_decorator.py
[2023-12-19T14:19:14.653+0000] {processor.py:840} INFO - DAG(s) 'example_python_decorator' retrieved from /home/airflow/.local/lib/python3.8/site-packages/airflow/example_dags/example_python_decorator.py
[2023-12-19T14:19:14.737+0000] {logging_mixin.py:188} INFO - [2023-12-19T14:19:14.736+0000] {dag.py:3033} INFO - Sync 1 DAGs
[2023-12-19T14:19:14.774+0000] {logging_mixin.py:188} INFO - [2023-12-19T14:19:14.773+0000] {dag.py:3820} INFO - Setting next_dagrun for example_python_decorator to None, run_after=None
[2023-12-19T14:19:14.841+0000] {processor.py:183} INFO - Processing /home/airflow/.local/lib/python3.8/site-packages/airflow/example_dags/example_python_decorator.py took 0.242 seconds
[2023-12-19T14:19:45.185+0000] {processor.py:161} INFO - Started process (PID=178) to work on /home/airflow/.local/lib/python3.8/site-packages/airflow/example_dags/example_python_decorator.py
[2023-12-19T14:19:45.190+0000] {processor.py:830} INFO - Processing file /home/airflow/.local/lib/python3.8/site-packages/airflow/example_dags/example_python_decorator.py for tasks to queue
[2023-12-19T14:19:45.230+0000] {logging_mixin.py:188} INFO - [2023-12-19T14:19:45.220+0000] {dagbag.py:538} INFO - Filling up the DagBag from /home/airflow/.local/lib/python3.8/site-packages/airflow/example_dags/example_python_decorator.py
[2023-12-19T14:19:45.276+0000] {processor.py:840} INFO - DAG(s) 'example_python_decorator' retrieved from /home/airflow/.local/lib/python3.8/site-packages/airflow/example_dags/example_python_decorator.py
[2023-12-19T14:19:45.356+0000] {logging_mixin.py:188} INFO - [2023-12-19T14:19:45.356+0000] {dag.py:3033} INFO - Sync 1 DAGs
[2023-12-19T14:19:45.410+0000] {logging_mixin.py:188} INFO - [2023-12-19T14:19:45.410+0000] {dag.py:3820} INFO - Setting next_dagrun for example_python_decorator to None, run_after=None
[2023-12-19T14:19:45.488+0000] {processor.py:183} INFO - Processing /home/airflow/.local/lib/python3.8/site-packages/airflow/example_dags/example_python_decorator.py took 0.329 seconds
[2023-12-19T14:20:16.007+0000] {processor.py:161} INFO - Started process (PID=233) to work on /home/airflow/.local/lib/python3.8/site-packages/airflow/example_dags/example_python_decorator.py
[2023-12-19T14:20:16.009+0000] {processor.py:830} INFO - Processing file /home/airflow/.local/lib/python3.8/site-packages/airflow/example_dags/example_python_decorator.py for tasks to queue
[2023-12-19T14:20:16.020+0000] {logging_mixin.py:188} INFO - [2023-12-19T14:20:16.019+0000] {dagbag.py:538} INFO - Filling up the DagBag from /home/airflow/.local/lib/python3.8/site-packages/airflow/example_dags/example_python_decorator.py
[2023-12-19T14:20:16.040+0000] {processor.py:840} INFO - DAG(s) 'example_python_decorator' retrieved from /home/airflow/.local/lib/python3.8/site-packages/airflow/example_dags/example_python_decorator.py
[2023-12-19T14:20:16.098+0000] {logging_mixin.py:188} INFO - [2023-12-19T14:20:16.097+0000] {dag.py:3033} INFO - Sync 1 DAGs
[2023-12-19T14:20:16.124+0000] {logging_mixin.py:188} INFO - [2023-12-19T14:20:16.123+0000] {dag.py:3820} INFO - Setting next_dagrun for example_python_decorator to None, run_after=None
[2023-12-19T14:20:16.166+0000] {processor.py:183} INFO - Processing /home/airflow/.local/lib/python3.8/site-packages/airflow/example_dags/example_python_decorator.py took 0.185 seconds
[2023-12-19T14:20:46.991+0000] {processor.py:161} INFO - Started process (PID=289) to work on /home/airflow/.local/lib/python3.8/site-packages/airflow/example_dags/example_python_decorator.py
[2023-12-19T14:20:46.996+0000] {processor.py:830} INFO - Processing file /home/airflow/.local/lib/python3.8/site-packages/airflow/example_dags/example_python_decorator.py for tasks to queue
[2023-12-19T14:20:47.002+0000] {logging_mixin.py:188} INFO - [2023-12-19T14:20:47.001+0000] {dagbag.py:538} INFO - Filling up the DagBag from /home/airflow/.local/lib/python3.8/site-packages/airflow/example_dags/example_python_decorator.py
[2023-12-19T14:20:47.036+0000] {processor.py:840} INFO - DAG(s) 'example_python_decorator' retrieved from /home/airflow/.local/lib/python3.8/site-packages/airflow/example_dags/example_python_decorator.py
[2023-12-19T14:20:47.168+0000] {logging_mixin.py:188} INFO - [2023-12-19T14:20:47.167+0000] {dag.py:3033} INFO - Sync 1 DAGs
[2023-12-19T14:20:47.220+0000] {logging_mixin.py:188} INFO - [2023-12-19T14:20:47.220+0000] {dag.py:3820} INFO - Setting next_dagrun for example_python_decorator to None, run_after=None
[2023-12-19T14:20:47.283+0000] {processor.py:183} INFO - Processing /home/airflow/.local/lib/python3.8/site-packages/airflow/example_dags/example_python_decorator.py took 0.310 seconds
[2023-12-19T14:21:18.372+0000] {processor.py:161} INFO - Started process (PID=343) to work on /home/airflow/.local/lib/python3.8/site-packages/airflow/example_dags/example_python_decorator.py
[2023-12-19T14:21:18.376+0000] {processor.py:830} INFO - Processing file /home/airflow/.local/lib/python3.8/site-packages/airflow/example_dags/example_python_decorator.py for tasks to queue
[2023-12-19T14:21:18.381+0000] {logging_mixin.py:188} INFO - [2023-12-19T14:21:18.380+0000] {dagbag.py:538} INFO - Filling up the DagBag from /home/airflow/.local/lib/python3.8/site-packages/airflow/example_dags/example_python_decorator.py
[2023-12-19T14:21:18.415+0000] {processor.py:840} INFO - DAG(s) 'example_python_decorator' retrieved from /home/airflow/.local/lib/python3.8/site-packages/airflow/example_dags/example_python_decorator.py
[2023-12-19T14:21:18.504+0000] {logging_mixin.py:188} INFO - [2023-12-19T14:21:18.504+0000] {dag.py:3033} INFO - Sync 1 DAGs
[2023-12-19T14:21:18.541+0000] {logging_mixin.py:188} INFO - [2023-12-19T14:21:18.540+0000] {dag.py:3820} INFO - Setting next_dagrun for example_python_decorator to None, run_after=None
[2023-12-19T14:21:18.647+0000] {processor.py:183} INFO - Processing /home/airflow/.local/lib/python3.8/site-packages/airflow/example_dags/example_python_decorator.py took 0.290 seconds
[2023-12-19T14:21:49.344+0000] {processor.py:161} INFO - Started process (PID=398) to work on /home/airflow/.local/lib/python3.8/site-packages/airflow/example_dags/example_python_decorator.py
[2023-12-19T14:21:49.363+0000] {processor.py:830} INFO - Processing file /home/airflow/.local/lib/python3.8/site-packages/airflow/example_dags/example_python_decorator.py for tasks to queue
[2023-12-19T14:21:49.374+0000] {logging_mixin.py:188} INFO - [2023-12-19T14:21:49.373+0000] {dagbag.py:538} INFO - Filling up the DagBag from /home/airflow/.local/lib/python3.8/site-packages/airflow/example_dags/example_python_decorator.py
[2023-12-19T14:21:49.426+0000] {processor.py:840} INFO - DAG(s) 'example_python_decorator' retrieved from /home/airflow/.local/lib/python3.8/site-packages/airflow/example_dags/example_python_decorator.py
[2023-12-19T14:21:49.496+0000] {logging_mixin.py:188} INFO - [2023-12-19T14:21:49.495+0000] {dag.py:3033} INFO - Sync 1 DAGs
[2023-12-19T14:21:49.546+0000] {logging_mixin.py:188} INFO - [2023-12-19T14:21:49.545+0000] {dag.py:3820} INFO - Setting next_dagrun for example_python_decorator to None, run_after=None
[2023-12-19T14:21:49.655+0000] {processor.py:183} INFO - Processing /home/airflow/.local/lib/python3.8/site-packages/airflow/example_dags/example_python_decorator.py took 0.334 seconds
[2023-12-19T14:22:20.479+0000] {processor.py:161} INFO - Started process (PID=453) to work on /home/airflow/.local/lib/python3.8/site-packages/airflow/example_dags/example_python_decorator.py
[2023-12-19T14:22:20.482+0000] {processor.py:830} INFO - Processing file /home/airflow/.local/lib/python3.8/site-packages/airflow/example_dags/example_python_decorator.py for tasks to queue
[2023-12-19T14:22:20.486+0000] {logging_mixin.py:188} INFO - [2023-12-19T14:22:20.485+0000] {dagbag.py:538} INFO - Filling up the DagBag from /home/airflow/.local/lib/python3.8/site-packages/airflow/example_dags/example_python_decorator.py
[2023-12-19T14:22:20.506+0000] {processor.py:840} INFO - DAG(s) 'example_python_decorator' retrieved from /home/airflow/.local/lib/python3.8/site-packages/airflow/example_dags/example_python_decorator.py
[2023-12-19T14:22:20.554+0000] {logging_mixin.py:188} INFO - [2023-12-19T14:22:20.553+0000] {dag.py:3033} INFO - Sync 1 DAGs
[2023-12-19T14:22:20.582+0000] {logging_mixin.py:188} INFO - [2023-12-19T14:22:20.581+0000] {dag.py:3820} INFO - Setting next_dagrun for example_python_decorator to None, run_after=None
[2023-12-19T14:22:20.629+0000] {processor.py:183} INFO - Processing /home/airflow/.local/lib/python3.8/site-packages/airflow/example_dags/example_python_decorator.py took 0.156 seconds
[2023-12-19T14:23:34.783+0000] {processor.py:161} INFO - Started process (PID=67) to work on /home/airflow/.local/lib/python3.8/site-packages/airflow/example_dags/example_python_decorator.py
[2023-12-19T14:23:34.793+0000] {processor.py:830} INFO - Processing file /home/airflow/.local/lib/python3.8/site-packages/airflow/example_dags/example_python_decorator.py for tasks to queue
[2023-12-19T14:23:34.798+0000] {logging_mixin.py:188} INFO - [2023-12-19T14:23:34.797+0000] {dagbag.py:538} INFO - Filling up the DagBag from /home/airflow/.local/lib/python3.8/site-packages/airflow/example_dags/example_python_decorator.py
[2023-12-19T14:23:34.914+0000] {processor.py:840} INFO - DAG(s) 'example_python_decorator' retrieved from /home/airflow/.local/lib/python3.8/site-packages/airflow/example_dags/example_python_decorator.py
[2023-12-19T14:23:35.088+0000] {logging_mixin.py:188} INFO - [2023-12-19T14:23:35.086+0000] {dag.py:3033} INFO - Sync 1 DAGs
[2023-12-19T14:23:35.160+0000] {logging_mixin.py:188} INFO - [2023-12-19T14:23:35.159+0000] {dag.py:3820} INFO - Setting next_dagrun for example_python_decorator to None, run_after=None
[2023-12-19T14:23:35.221+0000] {processor.py:183} INFO - Processing /home/airflow/.local/lib/python3.8/site-packages/airflow/example_dags/example_python_decorator.py took 0.475 seconds
[2023-12-19T14:25:29.925+0000] {processor.py:161} INFO - Started process (PID=73) to work on /home/airflow/.local/lib/python3.8/site-packages/airflow/example_dags/example_python_decorator.py
[2023-12-19T14:25:29.927+0000] {processor.py:830} INFO - Processing file /home/airflow/.local/lib/python3.8/site-packages/airflow/example_dags/example_python_decorator.py for tasks to queue
[2023-12-19T14:25:29.932+0000] {logging_mixin.py:188} INFO - [2023-12-19T14:25:29.932+0000] {dagbag.py:538} INFO - Filling up the DagBag from /home/airflow/.local/lib/python3.8/site-packages/airflow/example_dags/example_python_decorator.py
[2023-12-19T14:25:29.956+0000] {processor.py:840} INFO - DAG(s) 'example_python_decorator' retrieved from /home/airflow/.local/lib/python3.8/site-packages/airflow/example_dags/example_python_decorator.py
[2023-12-19T14:25:30.310+0000] {logging_mixin.py:188} INFO - [2023-12-19T14:25:30.310+0000] {dag.py:3033} INFO - Sync 1 DAGs
[2023-12-19T14:25:30.353+0000] {logging_mixin.py:188} INFO - [2023-12-19T14:25:30.352+0000] {dag.py:3820} INFO - Setting next_dagrun for example_python_decorator to None, run_after=None
[2023-12-19T14:25:30.506+0000] {processor.py:183} INFO - Processing /home/airflow/.local/lib/python3.8/site-packages/airflow/example_dags/example_python_decorator.py took 0.588 seconds
[2023-12-19T14:26:01.321+0000] {processor.py:161} INFO - Started process (PID=128) to work on /home/airflow/.local/lib/python3.8/site-packages/airflow/example_dags/example_python_decorator.py
[2023-12-19T14:26:01.324+0000] {processor.py:830} INFO - Processing file /home/airflow/.local/lib/python3.8/site-packages/airflow/example_dags/example_python_decorator.py for tasks to queue
[2023-12-19T14:26:01.328+0000] {logging_mixin.py:188} INFO - [2023-12-19T14:26:01.327+0000] {dagbag.py:538} INFO - Filling up the DagBag from /home/airflow/.local/lib/python3.8/site-packages/airflow/example_dags/example_python_decorator.py
[2023-12-19T14:26:01.348+0000] {processor.py:840} INFO - DAG(s) 'example_python_decorator' retrieved from /home/airflow/.local/lib/python3.8/site-packages/airflow/example_dags/example_python_decorator.py
[2023-12-19T14:26:01.394+0000] {logging_mixin.py:188} INFO - [2023-12-19T14:26:01.394+0000] {dag.py:3033} INFO - Sync 1 DAGs
[2023-12-19T14:26:01.419+0000] {logging_mixin.py:188} INFO - [2023-12-19T14:26:01.419+0000] {dag.py:3820} INFO - Setting next_dagrun for example_python_decorator to None, run_after=None
[2023-12-19T14:26:01.462+0000] {processor.py:183} INFO - Processing /home/airflow/.local/lib/python3.8/site-packages/airflow/example_dags/example_python_decorator.py took 0.147 seconds
[2023-12-19T14:26:32.150+0000] {processor.py:161} INFO - Started process (PID=182) to work on /home/airflow/.local/lib/python3.8/site-packages/airflow/example_dags/example_python_decorator.py
[2023-12-19T14:26:32.154+0000] {processor.py:830} INFO - Processing file /home/airflow/.local/lib/python3.8/site-packages/airflow/example_dags/example_python_decorator.py for tasks to queue
[2023-12-19T14:26:32.183+0000] {logging_mixin.py:188} INFO - [2023-12-19T14:26:32.174+0000] {dagbag.py:538} INFO - Filling up the DagBag from /home/airflow/.local/lib/python3.8/site-packages/airflow/example_dags/example_python_decorator.py
[2023-12-19T14:26:32.282+0000] {processor.py:840} INFO - DAG(s) 'example_python_decorator' retrieved from /home/airflow/.local/lib/python3.8/site-packages/airflow/example_dags/example_python_decorator.py
[2023-12-19T14:26:32.412+0000] {logging_mixin.py:188} INFO - [2023-12-19T14:26:32.411+0000] {dag.py:3033} INFO - Sync 1 DAGs
[2023-12-19T14:26:32.450+0000] {logging_mixin.py:188} INFO - [2023-12-19T14:26:32.449+0000] {dag.py:3820} INFO - Setting next_dagrun for example_python_decorator to None, run_after=None
[2023-12-19T14:26:32.509+0000] {processor.py:183} INFO - Processing /home/airflow/.local/lib/python3.8/site-packages/airflow/example_dags/example_python_decorator.py took 0.370 seconds
[2023-12-19T14:27:02.666+0000] {processor.py:161} INFO - Started process (PID=237) to work on /home/airflow/.local/lib/python3.8/site-packages/airflow/example_dags/example_python_decorator.py
[2023-12-19T14:27:02.667+0000] {processor.py:830} INFO - Processing file /home/airflow/.local/lib/python3.8/site-packages/airflow/example_dags/example_python_decorator.py for tasks to queue
[2023-12-19T14:27:02.671+0000] {logging_mixin.py:188} INFO - [2023-12-19T14:27:02.671+0000] {dagbag.py:538} INFO - Filling up the DagBag from /home/airflow/.local/lib/python3.8/site-packages/airflow/example_dags/example_python_decorator.py
[2023-12-19T14:27:02.690+0000] {processor.py:840} INFO - DAG(s) 'example_python_decorator' retrieved from /home/airflow/.local/lib/python3.8/site-packages/airflow/example_dags/example_python_decorator.py
[2023-12-19T14:27:02.730+0000] {logging_mixin.py:188} INFO - [2023-12-19T14:27:02.729+0000] {dag.py:3033} INFO - Sync 1 DAGs
[2023-12-19T14:27:02.751+0000] {logging_mixin.py:188} INFO - [2023-12-19T14:27:02.751+0000] {dag.py:3820} INFO - Setting next_dagrun for example_python_decorator to None, run_after=None
[2023-12-19T14:27:02.788+0000] {processor.py:183} INFO - Processing /home/airflow/.local/lib/python3.8/site-packages/airflow/example_dags/example_python_decorator.py took 0.129 seconds
[2023-12-19T14:27:33.032+0000] {processor.py:161} INFO - Started process (PID=292) to work on /home/airflow/.local/lib/python3.8/site-packages/airflow/example_dags/example_python_decorator.py
[2023-12-19T14:27:33.033+0000] {processor.py:830} INFO - Processing file /home/airflow/.local/lib/python3.8/site-packages/airflow/example_dags/example_python_decorator.py for tasks to queue
[2023-12-19T14:27:33.039+0000] {logging_mixin.py:188} INFO - [2023-12-19T14:27:33.038+0000] {dagbag.py:538} INFO - Filling up the DagBag from /home/airflow/.local/lib/python3.8/site-packages/airflow/example_dags/example_python_decorator.py
[2023-12-19T14:27:33.059+0000] {processor.py:840} INFO - DAG(s) 'example_python_decorator' retrieved from /home/airflow/.local/lib/python3.8/site-packages/airflow/example_dags/example_python_decorator.py
[2023-12-19T14:27:33.100+0000] {logging_mixin.py:188} INFO - [2023-12-19T14:27:33.100+0000] {dag.py:3033} INFO - Sync 1 DAGs
[2023-12-19T14:27:33.122+0000] {logging_mixin.py:188} INFO - [2023-12-19T14:27:33.122+0000] {dag.py:3820} INFO - Setting next_dagrun for example_python_decorator to None, run_after=None
[2023-12-19T14:27:33.158+0000] {processor.py:183} INFO - Processing /home/airflow/.local/lib/python3.8/site-packages/airflow/example_dags/example_python_decorator.py took 0.133 seconds
[2023-12-19T14:28:03.375+0000] {processor.py:161} INFO - Started process (PID=347) to work on /home/airflow/.local/lib/python3.8/site-packages/airflow/example_dags/example_python_decorator.py
[2023-12-19T14:28:03.376+0000] {processor.py:830} INFO - Processing file /home/airflow/.local/lib/python3.8/site-packages/airflow/example_dags/example_python_decorator.py for tasks to queue
[2023-12-19T14:28:03.381+0000] {logging_mixin.py:188} INFO - [2023-12-19T14:28:03.381+0000] {dagbag.py:538} INFO - Filling up the DagBag from /home/airflow/.local/lib/python3.8/site-packages/airflow/example_dags/example_python_decorator.py
[2023-12-19T14:28:03.400+0000] {processor.py:840} INFO - DAG(s) 'example_python_decorator' retrieved from /home/airflow/.local/lib/python3.8/site-packages/airflow/example_dags/example_python_decorator.py
[2023-12-19T14:28:03.447+0000] {logging_mixin.py:188} INFO - [2023-12-19T14:28:03.447+0000] {dag.py:3033} INFO - Sync 1 DAGs
[2023-12-19T14:28:03.476+0000] {logging_mixin.py:188} INFO - [2023-12-19T14:28:03.475+0000] {dag.py:3820} INFO - Setting next_dagrun for example_python_decorator to None, run_after=None
[2023-12-19T14:28:03.515+0000] {processor.py:183} INFO - Processing /home/airflow/.local/lib/python3.8/site-packages/airflow/example_dags/example_python_decorator.py took 0.146 seconds
[2023-12-19T14:28:34.244+0000] {processor.py:161} INFO - Started process (PID=402) to work on /home/airflow/.local/lib/python3.8/site-packages/airflow/example_dags/example_python_decorator.py
[2023-12-19T14:28:34.247+0000] {processor.py:830} INFO - Processing file /home/airflow/.local/lib/python3.8/site-packages/airflow/example_dags/example_python_decorator.py for tasks to queue
[2023-12-19T14:28:34.251+0000] {logging_mixin.py:188} INFO - [2023-12-19T14:28:34.251+0000] {dagbag.py:538} INFO - Filling up the DagBag from /home/airflow/.local/lib/python3.8/site-packages/airflow/example_dags/example_python_decorator.py
[2023-12-19T14:28:34.278+0000] {processor.py:840} INFO - DAG(s) 'example_python_decorator' retrieved from /home/airflow/.local/lib/python3.8/site-packages/airflow/example_dags/example_python_decorator.py
[2023-12-19T14:28:34.339+0000] {logging_mixin.py:188} INFO - [2023-12-19T14:28:34.339+0000] {dag.py:3033} INFO - Sync 1 DAGs
[2023-12-19T14:28:34.378+0000] {logging_mixin.py:188} INFO - [2023-12-19T14:28:34.377+0000] {dag.py:3820} INFO - Setting next_dagrun for example_python_decorator to None, run_after=None
[2023-12-19T14:28:34.437+0000] {processor.py:183} INFO - Processing /home/airflow/.local/lib/python3.8/site-packages/airflow/example_dags/example_python_decorator.py took 0.201 seconds
[2023-12-19T14:29:04.728+0000] {processor.py:161} INFO - Started process (PID=457) to work on /home/airflow/.local/lib/python3.8/site-packages/airflow/example_dags/example_python_decorator.py
[2023-12-19T14:29:04.735+0000] {processor.py:830} INFO - Processing file /home/airflow/.local/lib/python3.8/site-packages/airflow/example_dags/example_python_decorator.py for tasks to queue
[2023-12-19T14:29:04.750+0000] {logging_mixin.py:188} INFO - [2023-12-19T14:29:04.749+0000] {dagbag.py:538} INFO - Filling up the DagBag from /home/airflow/.local/lib/python3.8/site-packages/airflow/example_dags/example_python_decorator.py
[2023-12-19T14:29:04.806+0000] {processor.py:840} INFO - DAG(s) 'example_python_decorator' retrieved from /home/airflow/.local/lib/python3.8/site-packages/airflow/example_dags/example_python_decorator.py
[2023-12-19T14:29:04.941+0000] {logging_mixin.py:188} INFO - [2023-12-19T14:29:04.940+0000] {dag.py:3033} INFO - Sync 1 DAGs
[2023-12-19T14:29:05.034+0000] {logging_mixin.py:188} INFO - [2023-12-19T14:29:05.034+0000] {dag.py:3820} INFO - Setting next_dagrun for example_python_decorator to None, run_after=None
[2023-12-19T14:29:05.242+0000] {processor.py:183} INFO - Processing /home/airflow/.local/lib/python3.8/site-packages/airflow/example_dags/example_python_decorator.py took 0.535 seconds
[2023-12-19T14:29:35.944+0000] {processor.py:161} INFO - Started process (PID=512) to work on /home/airflow/.local/lib/python3.8/site-packages/airflow/example_dags/example_python_decorator.py
[2023-12-19T14:29:35.975+0000] {processor.py:830} INFO - Processing file /home/airflow/.local/lib/python3.8/site-packages/airflow/example_dags/example_python_decorator.py for tasks to queue
[2023-12-19T14:29:35.983+0000] {logging_mixin.py:188} INFO - [2023-12-19T14:29:35.981+0000] {dagbag.py:538} INFO - Filling up the DagBag from /home/airflow/.local/lib/python3.8/site-packages/airflow/example_dags/example_python_decorator.py
[2023-12-19T14:29:36.061+0000] {processor.py:840} INFO - DAG(s) 'example_python_decorator' retrieved from /home/airflow/.local/lib/python3.8/site-packages/airflow/example_dags/example_python_decorator.py
[2023-12-19T14:29:36.323+0000] {logging_mixin.py:188} INFO - [2023-12-19T14:29:36.323+0000] {dag.py:3033} INFO - Sync 1 DAGs
[2023-12-19T14:29:36.410+0000] {logging_mixin.py:188} INFO - [2023-12-19T14:29:36.410+0000] {dag.py:3820} INFO - Setting next_dagrun for example_python_decorator to None, run_after=None
[2023-12-19T14:29:36.540+0000] {processor.py:183} INFO - Processing /home/airflow/.local/lib/python3.8/site-packages/airflow/example_dags/example_python_decorator.py took 0.606 seconds
[2023-12-19T14:30:06.887+0000] {processor.py:161} INFO - Started process (PID=573) to work on /home/airflow/.local/lib/python3.8/site-packages/airflow/example_dags/example_python_decorator.py
[2023-12-19T14:30:06.889+0000] {processor.py:830} INFO - Processing file /home/airflow/.local/lib/python3.8/site-packages/airflow/example_dags/example_python_decorator.py for tasks to queue
[2023-12-19T14:30:06.894+0000] {logging_mixin.py:188} INFO - [2023-12-19T14:30:06.893+0000] {dagbag.py:538} INFO - Filling up the DagBag from /home/airflow/.local/lib/python3.8/site-packages/airflow/example_dags/example_python_decorator.py
[2023-12-19T14:30:06.916+0000] {processor.py:840} INFO - DAG(s) 'example_python_decorator' retrieved from /home/airflow/.local/lib/python3.8/site-packages/airflow/example_dags/example_python_decorator.py
[2023-12-19T14:30:06.967+0000] {logging_mixin.py:188} INFO - [2023-12-19T14:30:06.966+0000] {dag.py:3033} INFO - Sync 1 DAGs
[2023-12-19T14:30:07.005+0000] {logging_mixin.py:188} INFO - [2023-12-19T14:30:07.005+0000] {dag.py:3820} INFO - Setting next_dagrun for example_python_decorator to None, run_after=None
[2023-12-19T14:30:07.057+0000] {processor.py:183} INFO - Processing /home/airflow/.local/lib/python3.8/site-packages/airflow/example_dags/example_python_decorator.py took 0.177 seconds
[2023-12-19T14:30:37.949+0000] {processor.py:161} INFO - Started process (PID=628) to work on /home/airflow/.local/lib/python3.8/site-packages/airflow/example_dags/example_python_decorator.py
[2023-12-19T14:30:37.950+0000] {processor.py:830} INFO - Processing file /home/airflow/.local/lib/python3.8/site-packages/airflow/example_dags/example_python_decorator.py for tasks to queue
[2023-12-19T14:30:37.954+0000] {logging_mixin.py:188} INFO - [2023-12-19T14:30:37.954+0000] {dagbag.py:538} INFO - Filling up the DagBag from /home/airflow/.local/lib/python3.8/site-packages/airflow/example_dags/example_python_decorator.py
[2023-12-19T14:30:37.974+0000] {processor.py:840} INFO - DAG(s) 'example_python_decorator' retrieved from /home/airflow/.local/lib/python3.8/site-packages/airflow/example_dags/example_python_decorator.py
[2023-12-19T14:30:38.020+0000] {logging_mixin.py:188} INFO - [2023-12-19T14:30:38.019+0000] {dag.py:3033} INFO - Sync 1 DAGs
[2023-12-19T14:30:38.046+0000] {logging_mixin.py:188} INFO - [2023-12-19T14:30:38.046+0000] {dag.py:3820} INFO - Setting next_dagrun for example_python_decorator to None, run_after=None
[2023-12-19T14:30:38.089+0000] {processor.py:183} INFO - Processing /home/airflow/.local/lib/python3.8/site-packages/airflow/example_dags/example_python_decorator.py took 0.146 seconds
[2023-12-19T14:31:08.457+0000] {processor.py:161} INFO - Started process (PID=682) to work on /home/airflow/.local/lib/python3.8/site-packages/airflow/example_dags/example_python_decorator.py
[2023-12-19T14:31:08.461+0000] {processor.py:830} INFO - Processing file /home/airflow/.local/lib/python3.8/site-packages/airflow/example_dags/example_python_decorator.py for tasks to queue
[2023-12-19T14:31:08.468+0000] {logging_mixin.py:188} INFO - [2023-12-19T14:31:08.467+0000] {dagbag.py:538} INFO - Filling up the DagBag from /home/airflow/.local/lib/python3.8/site-packages/airflow/example_dags/example_python_decorator.py
[2023-12-19T14:31:08.508+0000] {processor.py:840} INFO - DAG(s) 'example_python_decorator' retrieved from /home/airflow/.local/lib/python3.8/site-packages/airflow/example_dags/example_python_decorator.py
[2023-12-19T14:31:08.593+0000] {logging_mixin.py:188} INFO - [2023-12-19T14:31:08.592+0000] {dag.py:3033} INFO - Sync 1 DAGs
[2023-12-19T14:31:08.634+0000] {logging_mixin.py:188} INFO - [2023-12-19T14:31:08.633+0000] {dag.py:3820} INFO - Setting next_dagrun for example_python_decorator to None, run_after=None
[2023-12-19T14:31:08.715+0000] {processor.py:183} INFO - Processing /home/airflow/.local/lib/python3.8/site-packages/airflow/example_dags/example_python_decorator.py took 0.269 seconds
[2023-12-19T14:31:39.281+0000] {processor.py:161} INFO - Started process (PID=737) to work on /home/airflow/.local/lib/python3.8/site-packages/airflow/example_dags/example_python_decorator.py
[2023-12-19T14:31:39.292+0000] {processor.py:830} INFO - Processing file /home/airflow/.local/lib/python3.8/site-packages/airflow/example_dags/example_python_decorator.py for tasks to queue
[2023-12-19T14:31:39.297+0000] {logging_mixin.py:188} INFO - [2023-12-19T14:31:39.296+0000] {dagbag.py:538} INFO - Filling up the DagBag from /home/airflow/.local/lib/python3.8/site-packages/airflow/example_dags/example_python_decorator.py
[2023-12-19T14:31:39.332+0000] {processor.py:840} INFO - DAG(s) 'example_python_decorator' retrieved from /home/airflow/.local/lib/python3.8/site-packages/airflow/example_dags/example_python_decorator.py
[2023-12-19T14:31:39.453+0000] {logging_mixin.py:188} INFO - [2023-12-19T14:31:39.453+0000] {dag.py:3033} INFO - Sync 1 DAGs
[2023-12-19T14:31:39.492+0000] {logging_mixin.py:188} INFO - [2023-12-19T14:31:39.491+0000] {dag.py:3820} INFO - Setting next_dagrun for example_python_decorator to None, run_after=None
[2023-12-19T14:31:39.576+0000] {processor.py:183} INFO - Processing /home/airflow/.local/lib/python3.8/site-packages/airflow/example_dags/example_python_decorator.py took 0.318 seconds
[2023-12-19T14:32:10.331+0000] {processor.py:161} INFO - Started process (PID=791) to work on /home/airflow/.local/lib/python3.8/site-packages/airflow/example_dags/example_python_decorator.py
[2023-12-19T14:32:10.343+0000] {processor.py:830} INFO - Processing file /home/airflow/.local/lib/python3.8/site-packages/airflow/example_dags/example_python_decorator.py for tasks to queue
[2023-12-19T14:32:10.349+0000] {logging_mixin.py:188} INFO - [2023-12-19T14:32:10.348+0000] {dagbag.py:538} INFO - Filling up the DagBag from /home/airflow/.local/lib/python3.8/site-packages/airflow/example_dags/example_python_decorator.py
[2023-12-19T14:32:10.438+0000] {processor.py:840} INFO - DAG(s) 'example_python_decorator' retrieved from /home/airflow/.local/lib/python3.8/site-packages/airflow/example_dags/example_python_decorator.py
[2023-12-19T14:32:10.793+0000] {logging_mixin.py:188} INFO - [2023-12-19T14:32:10.792+0000] {dag.py:3033} INFO - Sync 1 DAGs
[2023-12-19T14:32:10.884+0000] {logging_mixin.py:188} INFO - [2023-12-19T14:32:10.883+0000] {dag.py:3820} INFO - Setting next_dagrun for example_python_decorator to None, run_after=None
[2023-12-19T14:32:10.994+0000] {processor.py:183} INFO - Processing /home/airflow/.local/lib/python3.8/site-packages/airflow/example_dags/example_python_decorator.py took 0.698 seconds
[2023-12-19T14:32:41.591+0000] {processor.py:161} INFO - Started process (PID=846) to work on /home/airflow/.local/lib/python3.8/site-packages/airflow/example_dags/example_python_decorator.py
[2023-12-19T14:32:41.594+0000] {processor.py:830} INFO - Processing file /home/airflow/.local/lib/python3.8/site-packages/airflow/example_dags/example_python_decorator.py for tasks to queue
[2023-12-19T14:32:41.600+0000] {logging_mixin.py:188} INFO - [2023-12-19T14:32:41.599+0000] {dagbag.py:538} INFO - Filling up the DagBag from /home/airflow/.local/lib/python3.8/site-packages/airflow/example_dags/example_python_decorator.py
[2023-12-19T14:32:41.649+0000] {processor.py:840} INFO - DAG(s) 'example_python_decorator' retrieved from /home/airflow/.local/lib/python3.8/site-packages/airflow/example_dags/example_python_decorator.py
[2023-12-19T14:32:41.818+0000] {logging_mixin.py:188} INFO - [2023-12-19T14:32:41.818+0000] {dag.py:3033} INFO - Sync 1 DAGs
[2023-12-19T14:32:41.861+0000] {logging_mixin.py:188} INFO - [2023-12-19T14:32:41.861+0000] {dag.py:3820} INFO - Setting next_dagrun for example_python_decorator to None, run_after=None
[2023-12-19T14:32:41.943+0000] {processor.py:183} INFO - Processing /home/airflow/.local/lib/python3.8/site-packages/airflow/example_dags/example_python_decorator.py took 0.368 seconds
[2023-12-19T14:33:12.483+0000] {processor.py:161} INFO - Started process (PID=901) to work on /home/airflow/.local/lib/python3.8/site-packages/airflow/example_dags/example_python_decorator.py
[2023-12-19T14:33:12.486+0000] {processor.py:830} INFO - Processing file /home/airflow/.local/lib/python3.8/site-packages/airflow/example_dags/example_python_decorator.py for tasks to queue
[2023-12-19T14:33:12.492+0000] {logging_mixin.py:188} INFO - [2023-12-19T14:33:12.491+0000] {dagbag.py:538} INFO - Filling up the DagBag from /home/airflow/.local/lib/python3.8/site-packages/airflow/example_dags/example_python_decorator.py
[2023-12-19T14:33:12.523+0000] {processor.py:840} INFO - DAG(s) 'example_python_decorator' retrieved from /home/airflow/.local/lib/python3.8/site-packages/airflow/example_dags/example_python_decorator.py
[2023-12-19T14:33:12.578+0000] {logging_mixin.py:188} INFO - [2023-12-19T14:33:12.577+0000] {dag.py:3033} INFO - Sync 1 DAGs
[2023-12-19T14:33:12.610+0000] {logging_mixin.py:188} INFO - [2023-12-19T14:33:12.610+0000] {dag.py:3820} INFO - Setting next_dagrun for example_python_decorator to None, run_after=None
[2023-12-19T14:33:12.657+0000] {processor.py:183} INFO - Processing /home/airflow/.local/lib/python3.8/site-packages/airflow/example_dags/example_python_decorator.py took 0.187 seconds
[2023-12-19T14:33:42.917+0000] {processor.py:161} INFO - Started process (PID=956) to work on /home/airflow/.local/lib/python3.8/site-packages/airflow/example_dags/example_python_decorator.py
[2023-12-19T14:33:42.919+0000] {processor.py:830} INFO - Processing file /home/airflow/.local/lib/python3.8/site-packages/airflow/example_dags/example_python_decorator.py for tasks to queue
[2023-12-19T14:33:42.923+0000] {logging_mixin.py:188} INFO - [2023-12-19T14:33:42.922+0000] {dagbag.py:538} INFO - Filling up the DagBag from /home/airflow/.local/lib/python3.8/site-packages/airflow/example_dags/example_python_decorator.py
[2023-12-19T14:33:42.944+0000] {processor.py:840} INFO - DAG(s) 'example_python_decorator' retrieved from /home/airflow/.local/lib/python3.8/site-packages/airflow/example_dags/example_python_decorator.py
[2023-12-19T14:33:42.989+0000] {logging_mixin.py:188} INFO - [2023-12-19T14:33:42.988+0000] {dag.py:3033} INFO - Sync 1 DAGs
[2023-12-19T14:33:43.014+0000] {logging_mixin.py:188} INFO - [2023-12-19T14:33:43.013+0000] {dag.py:3820} INFO - Setting next_dagrun for example_python_decorator to None, run_after=None
[2023-12-19T14:33:43.052+0000] {processor.py:183} INFO - Processing /home/airflow/.local/lib/python3.8/site-packages/airflow/example_dags/example_python_decorator.py took 0.142 seconds
[2023-12-19T14:34:14.487+0000] {processor.py:161} INFO - Started process (PID=1011) to work on /home/airflow/.local/lib/python3.8/site-packages/airflow/example_dags/example_python_decorator.py
[2023-12-19T14:34:14.494+0000] {processor.py:830} INFO - Processing file /home/airflow/.local/lib/python3.8/site-packages/airflow/example_dags/example_python_decorator.py for tasks to queue
[2023-12-19T14:34:14.507+0000] {logging_mixin.py:188} INFO - [2023-12-19T14:34:14.507+0000] {dagbag.py:538} INFO - Filling up the DagBag from /home/airflow/.local/lib/python3.8/site-packages/airflow/example_dags/example_python_decorator.py
[2023-12-19T14:34:14.606+0000] {processor.py:840} INFO - DAG(s) 'example_python_decorator' retrieved from /home/airflow/.local/lib/python3.8/site-packages/airflow/example_dags/example_python_decorator.py
[2023-12-19T14:34:14.701+0000] {logging_mixin.py:188} INFO - [2023-12-19T14:34:14.700+0000] {dag.py:3033} INFO - Sync 1 DAGs
[2023-12-19T14:34:14.772+0000] {logging_mixin.py:188} INFO - [2023-12-19T14:34:14.771+0000] {dag.py:3820} INFO - Setting next_dagrun for example_python_decorator to None, run_after=None
[2023-12-19T14:34:14.849+0000] {processor.py:183} INFO - Processing /home/airflow/.local/lib/python3.8/site-packages/airflow/example_dags/example_python_decorator.py took 0.377 seconds
[2023-12-19T14:34:46.998+0000] {processor.py:161} INFO - Started process (PID=1065) to work on /home/airflow/.local/lib/python3.8/site-packages/airflow/example_dags/example_python_decorator.py
[2023-12-19T14:34:47.001+0000] {processor.py:830} INFO - Processing file /home/airflow/.local/lib/python3.8/site-packages/airflow/example_dags/example_python_decorator.py for tasks to queue
[2023-12-19T14:34:47.009+0000] {logging_mixin.py:188} INFO - [2023-12-19T14:34:47.006+0000] {dagbag.py:538} INFO - Filling up the DagBag from /home/airflow/.local/lib/python3.8/site-packages/airflow/example_dags/example_python_decorator.py
[2023-12-19T14:34:47.035+0000] {processor.py:840} INFO - DAG(s) 'example_python_decorator' retrieved from /home/airflow/.local/lib/python3.8/site-packages/airflow/example_dags/example_python_decorator.py
[2023-12-19T14:34:47.086+0000] {logging_mixin.py:188} INFO - [2023-12-19T14:34:47.085+0000] {dag.py:3033} INFO - Sync 1 DAGs
[2023-12-19T14:34:47.113+0000] {logging_mixin.py:188} INFO - [2023-12-19T14:34:47.112+0000] {dag.py:3820} INFO - Setting next_dagrun for example_python_decorator to None, run_after=None
[2023-12-19T14:34:47.159+0000] {processor.py:183} INFO - Processing /home/airflow/.local/lib/python3.8/site-packages/airflow/example_dags/example_python_decorator.py took 0.170 seconds
[2023-12-19T14:35:17.564+0000] {processor.py:161} INFO - Started process (PID=1120) to work on /home/airflow/.local/lib/python3.8/site-packages/airflow/example_dags/example_python_decorator.py
[2023-12-19T14:35:17.566+0000] {processor.py:830} INFO - Processing file /home/airflow/.local/lib/python3.8/site-packages/airflow/example_dags/example_python_decorator.py for tasks to queue
[2023-12-19T14:35:17.571+0000] {logging_mixin.py:188} INFO - [2023-12-19T14:35:17.570+0000] {dagbag.py:538} INFO - Filling up the DagBag from /home/airflow/.local/lib/python3.8/site-packages/airflow/example_dags/example_python_decorator.py
[2023-12-19T14:35:17.595+0000] {processor.py:840} INFO - DAG(s) 'example_python_decorator' retrieved from /home/airflow/.local/lib/python3.8/site-packages/airflow/example_dags/example_python_decorator.py
[2023-12-19T14:35:17.650+0000] {logging_mixin.py:188} INFO - [2023-12-19T14:35:17.649+0000] {dag.py:3033} INFO - Sync 1 DAGs
[2023-12-19T14:35:17.682+0000] {logging_mixin.py:188} INFO - [2023-12-19T14:35:17.681+0000] {dag.py:3820} INFO - Setting next_dagrun for example_python_decorator to None, run_after=None
[2023-12-19T14:35:17.735+0000] {processor.py:183} INFO - Processing /home/airflow/.local/lib/python3.8/site-packages/airflow/example_dags/example_python_decorator.py took 0.177 seconds
[2023-12-19T14:35:47.833+0000] {processor.py:161} INFO - Started process (PID=1174) to work on /home/airflow/.local/lib/python3.8/site-packages/airflow/example_dags/example_python_decorator.py
[2023-12-19T14:35:47.834+0000] {processor.py:830} INFO - Processing file /home/airflow/.local/lib/python3.8/site-packages/airflow/example_dags/example_python_decorator.py for tasks to queue
[2023-12-19T14:35:47.837+0000] {logging_mixin.py:188} INFO - [2023-12-19T14:35:47.836+0000] {dagbag.py:538} INFO - Filling up the DagBag from /home/airflow/.local/lib/python3.8/site-packages/airflow/example_dags/example_python_decorator.py
[2023-12-19T14:35:47.849+0000] {processor.py:840} INFO - DAG(s) 'example_python_decorator' retrieved from /home/airflow/.local/lib/python3.8/site-packages/airflow/example_dags/example_python_decorator.py
[2023-12-19T14:35:47.877+0000] {logging_mixin.py:188} INFO - [2023-12-19T14:35:47.876+0000] {dag.py:3033} INFO - Sync 1 DAGs
[2023-12-19T14:35:47.894+0000] {logging_mixin.py:188} INFO - [2023-12-19T14:35:47.894+0000] {dag.py:3820} INFO - Setting next_dagrun for example_python_decorator to None, run_after=None
[2023-12-19T14:35:47.921+0000] {processor.py:183} INFO - Processing /home/airflow/.local/lib/python3.8/site-packages/airflow/example_dags/example_python_decorator.py took 0.092 seconds
[2023-12-19T14:36:19.185+0000] {processor.py:161} INFO - Started process (PID=1229) to work on /home/airflow/.local/lib/python3.8/site-packages/airflow/example_dags/example_python_decorator.py
[2023-12-19T14:36:19.187+0000] {processor.py:830} INFO - Processing file /home/airflow/.local/lib/python3.8/site-packages/airflow/example_dags/example_python_decorator.py for tasks to queue
[2023-12-19T14:36:19.190+0000] {logging_mixin.py:188} INFO - [2023-12-19T14:36:19.190+0000] {dagbag.py:538} INFO - Filling up the DagBag from /home/airflow/.local/lib/python3.8/site-packages/airflow/example_dags/example_python_decorator.py
[2023-12-19T14:36:19.212+0000] {processor.py:840} INFO - DAG(s) 'example_python_decorator' retrieved from /home/airflow/.local/lib/python3.8/site-packages/airflow/example_dags/example_python_decorator.py
[2023-12-19T14:36:19.250+0000] {logging_mixin.py:188} INFO - [2023-12-19T14:36:19.250+0000] {dag.py:3033} INFO - Sync 1 DAGs
[2023-12-19T14:36:19.270+0000] {logging_mixin.py:188} INFO - [2023-12-19T14:36:19.270+0000] {dag.py:3820} INFO - Setting next_dagrun for example_python_decorator to None, run_after=None
[2023-12-19T14:36:19.300+0000] {processor.py:183} INFO - Processing /home/airflow/.local/lib/python3.8/site-packages/airflow/example_dags/example_python_decorator.py took 0.120 seconds
[2023-12-19T14:36:50.273+0000] {processor.py:161} INFO - Started process (PID=1284) to work on /home/airflow/.local/lib/python3.8/site-packages/airflow/example_dags/example_python_decorator.py
[2023-12-19T14:36:50.274+0000] {processor.py:830} INFO - Processing file /home/airflow/.local/lib/python3.8/site-packages/airflow/example_dags/example_python_decorator.py for tasks to queue
[2023-12-19T14:36:50.277+0000] {logging_mixin.py:188} INFO - [2023-12-19T14:36:50.277+0000] {dagbag.py:538} INFO - Filling up the DagBag from /home/airflow/.local/lib/python3.8/site-packages/airflow/example_dags/example_python_decorator.py
[2023-12-19T14:36:50.292+0000] {processor.py:840} INFO - DAG(s) 'example_python_decorator' retrieved from /home/airflow/.local/lib/python3.8/site-packages/airflow/example_dags/example_python_decorator.py
[2023-12-19T14:36:50.327+0000] {logging_mixin.py:188} INFO - [2023-12-19T14:36:50.327+0000] {dag.py:3033} INFO - Sync 1 DAGs
[2023-12-19T14:36:50.350+0000] {logging_mixin.py:188} INFO - [2023-12-19T14:36:50.349+0000] {dag.py:3820} INFO - Setting next_dagrun for example_python_decorator to None, run_after=None
[2023-12-19T14:36:50.379+0000] {processor.py:183} INFO - Processing /home/airflow/.local/lib/python3.8/site-packages/airflow/example_dags/example_python_decorator.py took 0.110 seconds
