[2023-12-19T14:14:15.630+0000] {processor.py:161} INFO - Started process (PID=76) to work on /home/airflow/.local/lib/python3.8/site-packages/airflow/example_dags/example_sla_dag.py
[2023-12-19T14:14:15.652+0000] {processor.py:830} INFO - Processing file /home/airflow/.local/lib/python3.8/site-packages/airflow/example_dags/example_sla_dag.py for tasks to queue
[2023-12-19T14:14:15.669+0000] {logging_mixin.py:188} INFO - [2023-12-19T14:14:15.668+0000] {dagbag.py:538} INFO - Filling up the DagBag from /home/airflow/.local/lib/python3.8/site-packages/airflow/example_dags/example_sla_dag.py
[2023-12-19T14:14:15.736+0000] {processor.py:840} INFO - DAG(s) 'example_sla_dag' retrieved from /home/airflow/.local/lib/python3.8/site-packages/airflow/example_dags/example_sla_dag.py
[2023-12-19T14:14:16.149+0000] {logging_mixin.py:188} INFO - [2023-12-19T14:14:16.148+0000] {dag.py:3033} INFO - Sync 1 DAGs
[2023-12-19T14:14:16.266+0000] {logging_mixin.py:188} INFO - [2023-12-19T14:14:16.265+0000] {dag.py:3820} INFO - Setting next_dagrun for example_sla_dag to 2023-12-19T14:12:00+00:00, run_after=2023-12-19T14:14:00+00:00
[2023-12-19T14:14:16.348+0000] {processor.py:183} INFO - Processing /home/airflow/.local/lib/python3.8/site-packages/airflow/example_dags/example_sla_dag.py took 0.730 seconds
[2023-12-19T14:14:46.489+0000] {processor.py:161} INFO - Started process (PID=131) to work on /home/airflow/.local/lib/python3.8/site-packages/airflow/example_dags/example_sla_dag.py
[2023-12-19T14:14:46.491+0000] {processor.py:830} INFO - Processing file /home/airflow/.local/lib/python3.8/site-packages/airflow/example_dags/example_sla_dag.py for tasks to queue
[2023-12-19T14:14:46.495+0000] {logging_mixin.py:188} INFO - [2023-12-19T14:14:46.494+0000] {dagbag.py:538} INFO - Filling up the DagBag from /home/airflow/.local/lib/python3.8/site-packages/airflow/example_dags/example_sla_dag.py
[2023-12-19T14:14:46.514+0000] {processor.py:840} INFO - DAG(s) 'example_sla_dag' retrieved from /home/airflow/.local/lib/python3.8/site-packages/airflow/example_dags/example_sla_dag.py
[2023-12-19T14:14:46.559+0000] {logging_mixin.py:188} INFO - [2023-12-19T14:14:46.559+0000] {dag.py:3033} INFO - Sync 1 DAGs
[2023-12-19T14:14:46.621+0000] {logging_mixin.py:188} INFO - [2023-12-19T14:14:46.621+0000] {dag.py:3820} INFO - Setting next_dagrun for example_sla_dag to 2023-12-19T14:12:00+00:00, run_after=2023-12-19T14:14:00+00:00
[2023-12-19T14:14:46.665+0000] {processor.py:183} INFO - Processing /home/airflow/.local/lib/python3.8/site-packages/airflow/example_dags/example_sla_dag.py took 0.184 seconds
[2023-12-19T14:15:44.561+0000] {processor.py:161} INFO - Started process (PID=187) to work on /home/airflow/.local/lib/python3.8/site-packages/airflow/example_dags/example_sla_dag.py
[2023-12-19T14:15:44.578+0000] {processor.py:830} INFO - Processing file /home/airflow/.local/lib/python3.8/site-packages/airflow/example_dags/example_sla_dag.py for tasks to queue
[2023-12-19T14:15:44.598+0000] {logging_mixin.py:188} INFO - [2023-12-19T14:15:44.582+0000] {dagbag.py:538} INFO - Filling up the DagBag from /home/airflow/.local/lib/python3.8/site-packages/airflow/example_dags/example_sla_dag.py
[2023-12-19T14:15:44.721+0000] {processor.py:840} INFO - DAG(s) 'example_sla_dag' retrieved from /home/airflow/.local/lib/python3.8/site-packages/airflow/example_dags/example_sla_dag.py
[2023-12-19T14:15:45.183+0000] {logging_mixin.py:188} INFO - [2023-12-19T14:15:45.183+0000] {dag.py:3033} INFO - Sync 1 DAGs
[2023-12-19T14:15:45.462+0000] {logging_mixin.py:188} INFO - [2023-12-19T14:15:45.459+0000] {dag.py:3820} INFO - Setting next_dagrun for example_sla_dag to 2023-12-19T14:12:00+00:00, run_after=2023-12-19T14:14:00+00:00
[2023-12-19T14:15:46.074+0000] {processor.py:183} INFO - Processing /home/airflow/.local/lib/python3.8/site-packages/airflow/example_dags/example_sla_dag.py took 1.542 seconds
[2023-12-19T14:18:43.466+0000] {processor.py:161} INFO - Started process (PID=68) to work on /home/airflow/.local/lib/python3.8/site-packages/airflow/example_dags/example_sla_dag.py
[2023-12-19T14:18:43.475+0000] {processor.py:830} INFO - Processing file /home/airflow/.local/lib/python3.8/site-packages/airflow/example_dags/example_sla_dag.py for tasks to queue
[2023-12-19T14:18:43.480+0000] {logging_mixin.py:188} INFO - [2023-12-19T14:18:43.480+0000] {dagbag.py:538} INFO - Filling up the DagBag from /home/airflow/.local/lib/python3.8/site-packages/airflow/example_dags/example_sla_dag.py
[2023-12-19T14:18:43.515+0000] {processor.py:840} INFO - DAG(s) 'example_sla_dag' retrieved from /home/airflow/.local/lib/python3.8/site-packages/airflow/example_dags/example_sla_dag.py
[2023-12-19T14:18:43.564+0000] {logging_mixin.py:188} INFO - [2023-12-19T14:18:43.563+0000] {dag.py:3033} INFO - Sync 1 DAGs
[2023-12-19T14:18:43.699+0000] {logging_mixin.py:188} INFO - [2023-12-19T14:18:43.699+0000] {dag.py:3820} INFO - Setting next_dagrun for example_sla_dag to 2023-12-19T14:16:00+00:00, run_after=2023-12-19T14:18:00+00:00
[2023-12-19T14:18:43.758+0000] {processor.py:183} INFO - Processing /home/airflow/.local/lib/python3.8/site-packages/airflow/example_dags/example_sla_dag.py took 0.300 seconds
[2023-12-19T14:19:14.913+0000] {processor.py:161} INFO - Started process (PID=124) to work on /home/airflow/.local/lib/python3.8/site-packages/airflow/example_dags/example_sla_dag.py
[2023-12-19T14:19:14.931+0000] {processor.py:830} INFO - Processing file /home/airflow/.local/lib/python3.8/site-packages/airflow/example_dags/example_sla_dag.py for tasks to queue
[2023-12-19T14:19:14.936+0000] {logging_mixin.py:188} INFO - [2023-12-19T14:19:14.935+0000] {dagbag.py:538} INFO - Filling up the DagBag from /home/airflow/.local/lib/python3.8/site-packages/airflow/example_dags/example_sla_dag.py
[2023-12-19T14:19:14.976+0000] {processor.py:840} INFO - DAG(s) 'example_sla_dag' retrieved from /home/airflow/.local/lib/python3.8/site-packages/airflow/example_dags/example_sla_dag.py
[2023-12-19T14:19:15.023+0000] {logging_mixin.py:188} INFO - [2023-12-19T14:19:15.022+0000] {dag.py:3033} INFO - Sync 1 DAGs
[2023-12-19T14:19:15.094+0000] {logging_mixin.py:188} INFO - [2023-12-19T14:19:15.093+0000] {dag.py:3820} INFO - Setting next_dagrun for example_sla_dag to 2023-12-19T14:16:00+00:00, run_after=2023-12-19T14:18:00+00:00
[2023-12-19T14:19:15.163+0000] {processor.py:183} INFO - Processing /home/airflow/.local/lib/python3.8/site-packages/airflow/example_dags/example_sla_dag.py took 0.258 seconds
[2023-12-19T14:19:45.328+0000] {processor.py:161} INFO - Started process (PID=179) to work on /home/airflow/.local/lib/python3.8/site-packages/airflow/example_dags/example_sla_dag.py
[2023-12-19T14:19:45.332+0000] {processor.py:830} INFO - Processing file /home/airflow/.local/lib/python3.8/site-packages/airflow/example_dags/example_sla_dag.py for tasks to queue
[2023-12-19T14:19:45.341+0000] {logging_mixin.py:188} INFO - [2023-12-19T14:19:45.340+0000] {dagbag.py:538} INFO - Filling up the DagBag from /home/airflow/.local/lib/python3.8/site-packages/airflow/example_dags/example_sla_dag.py
[2023-12-19T14:19:45.382+0000] {processor.py:840} INFO - DAG(s) 'example_sla_dag' retrieved from /home/airflow/.local/lib/python3.8/site-packages/airflow/example_dags/example_sla_dag.py
[2023-12-19T14:19:45.463+0000] {logging_mixin.py:188} INFO - [2023-12-19T14:19:45.463+0000] {dag.py:3033} INFO - Sync 1 DAGs
[2023-12-19T14:19:45.546+0000] {logging_mixin.py:188} INFO - [2023-12-19T14:19:45.545+0000] {dag.py:3820} INFO - Setting next_dagrun for example_sla_dag to 2023-12-19T14:16:00+00:00, run_after=2023-12-19T14:18:00+00:00
[2023-12-19T14:19:45.585+0000] {processor.py:183} INFO - Processing /home/airflow/.local/lib/python3.8/site-packages/airflow/example_dags/example_sla_dag.py took 0.270 seconds
[2023-12-19T14:20:16.221+0000] {processor.py:161} INFO - Started process (PID=234) to work on /home/airflow/.local/lib/python3.8/site-packages/airflow/example_dags/example_sla_dag.py
[2023-12-19T14:20:16.223+0000] {processor.py:830} INFO - Processing file /home/airflow/.local/lib/python3.8/site-packages/airflow/example_dags/example_sla_dag.py for tasks to queue
[2023-12-19T14:20:16.227+0000] {logging_mixin.py:188} INFO - [2023-12-19T14:20:16.227+0000] {dagbag.py:538} INFO - Filling up the DagBag from /home/airflow/.local/lib/python3.8/site-packages/airflow/example_dags/example_sla_dag.py
[2023-12-19T14:20:16.243+0000] {processor.py:840} INFO - DAG(s) 'example_sla_dag' retrieved from /home/airflow/.local/lib/python3.8/site-packages/airflow/example_dags/example_sla_dag.py
[2023-12-19T14:20:16.280+0000] {logging_mixin.py:188} INFO - [2023-12-19T14:20:16.280+0000] {dag.py:3033} INFO - Sync 1 DAGs
[2023-12-19T14:20:16.326+0000] {logging_mixin.py:188} INFO - [2023-12-19T14:20:16.325+0000] {dag.py:3820} INFO - Setting next_dagrun for example_sla_dag to 2023-12-19T14:18:00+00:00, run_after=2023-12-19T14:20:00+00:00
[2023-12-19T14:20:16.363+0000] {processor.py:183} INFO - Processing /home/airflow/.local/lib/python3.8/site-packages/airflow/example_dags/example_sla_dag.py took 0.149 seconds
[2023-12-19T14:20:47.363+0000] {processor.py:161} INFO - Started process (PID=290) to work on /home/airflow/.local/lib/python3.8/site-packages/airflow/example_dags/example_sla_dag.py
[2023-12-19T14:20:47.369+0000] {processor.py:830} INFO - Processing file /home/airflow/.local/lib/python3.8/site-packages/airflow/example_dags/example_sla_dag.py for tasks to queue
[2023-12-19T14:20:47.375+0000] {logging_mixin.py:188} INFO - [2023-12-19T14:20:47.375+0000] {dagbag.py:538} INFO - Filling up the DagBag from /home/airflow/.local/lib/python3.8/site-packages/airflow/example_dags/example_sla_dag.py
[2023-12-19T14:20:47.403+0000] {processor.py:840} INFO - DAG(s) 'example_sla_dag' retrieved from /home/airflow/.local/lib/python3.8/site-packages/airflow/example_dags/example_sla_dag.py
[2023-12-19T14:20:47.474+0000] {logging_mixin.py:188} INFO - [2023-12-19T14:20:47.473+0000] {dag.py:3033} INFO - Sync 1 DAGs
[2023-12-19T14:20:47.548+0000] {logging_mixin.py:188} INFO - [2023-12-19T14:20:47.548+0000] {dag.py:3820} INFO - Setting next_dagrun for example_sla_dag to 2023-12-19T14:18:00+00:00, run_after=2023-12-19T14:20:00+00:00
[2023-12-19T14:20:47.607+0000] {processor.py:183} INFO - Processing /home/airflow/.local/lib/python3.8/site-packages/airflow/example_dags/example_sla_dag.py took 0.254 seconds
[2023-12-19T14:21:18.478+0000] {processor.py:161} INFO - Started process (PID=344) to work on /home/airflow/.local/lib/python3.8/site-packages/airflow/example_dags/example_sla_dag.py
[2023-12-19T14:21:18.483+0000] {processor.py:830} INFO - Processing file /home/airflow/.local/lib/python3.8/site-packages/airflow/example_dags/example_sla_dag.py for tasks to queue
[2023-12-19T14:21:18.488+0000] {logging_mixin.py:188} INFO - [2023-12-19T14:21:18.488+0000] {dagbag.py:538} INFO - Filling up the DagBag from /home/airflow/.local/lib/python3.8/site-packages/airflow/example_dags/example_sla_dag.py
[2023-12-19T14:21:18.520+0000] {processor.py:840} INFO - DAG(s) 'example_sla_dag' retrieved from /home/airflow/.local/lib/python3.8/site-packages/airflow/example_dags/example_sla_dag.py
[2023-12-19T14:21:18.590+0000] {logging_mixin.py:188} INFO - [2023-12-19T14:21:18.589+0000] {dag.py:3033} INFO - Sync 1 DAGs
[2023-12-19T14:21:18.699+0000] {logging_mixin.py:188} INFO - [2023-12-19T14:21:18.699+0000] {dag.py:3820} INFO - Setting next_dagrun for example_sla_dag to 2023-12-19T14:18:00+00:00, run_after=2023-12-19T14:20:00+00:00
[2023-12-19T14:21:18.814+0000] {processor.py:183} INFO - Processing /home/airflow/.local/lib/python3.8/site-packages/airflow/example_dags/example_sla_dag.py took 0.344 seconds
[2023-12-19T14:21:49.774+0000] {processor.py:161} INFO - Started process (PID=399) to work on /home/airflow/.local/lib/python3.8/site-packages/airflow/example_dags/example_sla_dag.py
[2023-12-19T14:21:49.778+0000] {processor.py:830} INFO - Processing file /home/airflow/.local/lib/python3.8/site-packages/airflow/example_dags/example_sla_dag.py for tasks to queue
[2023-12-19T14:21:49.792+0000] {logging_mixin.py:188} INFO - [2023-12-19T14:21:49.791+0000] {dagbag.py:538} INFO - Filling up the DagBag from /home/airflow/.local/lib/python3.8/site-packages/airflow/example_dags/example_sla_dag.py
[2023-12-19T14:21:49.826+0000] {processor.py:840} INFO - DAG(s) 'example_sla_dag' retrieved from /home/airflow/.local/lib/python3.8/site-packages/airflow/example_dags/example_sla_dag.py
[2023-12-19T14:21:49.898+0000] {logging_mixin.py:188} INFO - [2023-12-19T14:21:49.897+0000] {dag.py:3033} INFO - Sync 1 DAGs
[2023-12-19T14:21:50.018+0000] {logging_mixin.py:188} INFO - [2023-12-19T14:21:50.017+0000] {dag.py:3820} INFO - Setting next_dagrun for example_sla_dag to 2023-12-19T14:18:00+00:00, run_after=2023-12-19T14:20:00+00:00
[2023-12-19T14:21:50.124+0000] {processor.py:183} INFO - Processing /home/airflow/.local/lib/python3.8/site-packages/airflow/example_dags/example_sla_dag.py took 0.363 seconds
[2023-12-19T14:22:20.501+0000] {processor.py:161} INFO - Started process (PID=454) to work on /home/airflow/.local/lib/python3.8/site-packages/airflow/example_dags/example_sla_dag.py
[2023-12-19T14:22:20.502+0000] {processor.py:830} INFO - Processing file /home/airflow/.local/lib/python3.8/site-packages/airflow/example_dags/example_sla_dag.py for tasks to queue
[2023-12-19T14:22:20.506+0000] {logging_mixin.py:188} INFO - [2023-12-19T14:22:20.506+0000] {dagbag.py:538} INFO - Filling up the DagBag from /home/airflow/.local/lib/python3.8/site-packages/airflow/example_dags/example_sla_dag.py
[2023-12-19T14:22:20.524+0000] {processor.py:840} INFO - DAG(s) 'example_sla_dag' retrieved from /home/airflow/.local/lib/python3.8/site-packages/airflow/example_dags/example_sla_dag.py
[2023-12-19T14:22:20.569+0000] {logging_mixin.py:188} INFO - [2023-12-19T14:22:20.568+0000] {dag.py:3033} INFO - Sync 1 DAGs
[2023-12-19T14:22:20.628+0000] {logging_mixin.py:188} INFO - [2023-12-19T14:22:20.627+0000] {dag.py:3820} INFO - Setting next_dagrun for example_sla_dag to 2023-12-19T14:20:00+00:00, run_after=2023-12-19T14:22:00+00:00
[2023-12-19T14:22:20.671+0000] {processor.py:183} INFO - Processing /home/airflow/.local/lib/python3.8/site-packages/airflow/example_dags/example_sla_dag.py took 0.178 seconds
[2023-12-19T14:23:35.213+0000] {processor.py:161} INFO - Started process (PID=68) to work on /home/airflow/.local/lib/python3.8/site-packages/airflow/example_dags/example_sla_dag.py
[2023-12-19T14:23:35.214+0000] {processor.py:830} INFO - Processing file /home/airflow/.local/lib/python3.8/site-packages/airflow/example_dags/example_sla_dag.py for tasks to queue
[2023-12-19T14:23:35.218+0000] {logging_mixin.py:188} INFO - [2023-12-19T14:23:35.218+0000] {dagbag.py:538} INFO - Filling up the DagBag from /home/airflow/.local/lib/python3.8/site-packages/airflow/example_dags/example_sla_dag.py
[2023-12-19T14:23:35.251+0000] {processor.py:840} INFO - DAG(s) 'example_sla_dag' retrieved from /home/airflow/.local/lib/python3.8/site-packages/airflow/example_dags/example_sla_dag.py
[2023-12-19T14:23:35.325+0000] {logging_mixin.py:188} INFO - [2023-12-19T14:23:35.324+0000] {dag.py:3033} INFO - Sync 1 DAGs
[2023-12-19T14:23:35.410+0000] {logging_mixin.py:188} INFO - [2023-12-19T14:23:35.410+0000] {dag.py:3820} INFO - Setting next_dagrun for example_sla_dag to 2023-12-19T14:20:00+00:00, run_after=2023-12-19T14:22:00+00:00
[2023-12-19T14:23:35.475+0000] {processor.py:183} INFO - Processing /home/airflow/.local/lib/python3.8/site-packages/airflow/example_dags/example_sla_dag.py took 0.270 seconds
[2023-12-19T14:25:30.289+0000] {processor.py:161} INFO - Started process (PID=74) to work on /home/airflow/.local/lib/python3.8/site-packages/airflow/example_dags/example_sla_dag.py
[2023-12-19T14:25:30.292+0000] {processor.py:830} INFO - Processing file /home/airflow/.local/lib/python3.8/site-packages/airflow/example_dags/example_sla_dag.py for tasks to queue
[2023-12-19T14:25:30.296+0000] {logging_mixin.py:188} INFO - [2023-12-19T14:25:30.296+0000] {dagbag.py:538} INFO - Filling up the DagBag from /home/airflow/.local/lib/python3.8/site-packages/airflow/example_dags/example_sla_dag.py
[2023-12-19T14:25:30.374+0000] {processor.py:840} INFO - DAG(s) 'example_sla_dag' retrieved from /home/airflow/.local/lib/python3.8/site-packages/airflow/example_dags/example_sla_dag.py
[2023-12-19T14:25:31.140+0000] {logging_mixin.py:188} INFO - [2023-12-19T14:25:31.139+0000] {dag.py:3033} INFO - Sync 1 DAGs
[2023-12-19T14:25:31.267+0000] {logging_mixin.py:188} INFO - [2023-12-19T14:25:31.267+0000] {dag.py:3820} INFO - Setting next_dagrun for example_sla_dag to 2023-12-19T14:22:00+00:00, run_after=2023-12-19T14:24:00+00:00
[2023-12-19T14:25:31.537+0000] {processor.py:183} INFO - Processing /home/airflow/.local/lib/python3.8/site-packages/airflow/example_dags/example_sla_dag.py took 1.255 seconds
[2023-12-19T14:26:02.514+0000] {processor.py:161} INFO - Started process (PID=129) to work on /home/airflow/.local/lib/python3.8/site-packages/airflow/example_dags/example_sla_dag.py
[2023-12-19T14:26:02.516+0000] {processor.py:830} INFO - Processing file /home/airflow/.local/lib/python3.8/site-packages/airflow/example_dags/example_sla_dag.py for tasks to queue
[2023-12-19T14:26:02.521+0000] {logging_mixin.py:188} INFO - [2023-12-19T14:26:02.521+0000] {dagbag.py:538} INFO - Filling up the DagBag from /home/airflow/.local/lib/python3.8/site-packages/airflow/example_dags/example_sla_dag.py
[2023-12-19T14:26:02.542+0000] {processor.py:840} INFO - DAG(s) 'example_sla_dag' retrieved from /home/airflow/.local/lib/python3.8/site-packages/airflow/example_dags/example_sla_dag.py
[2023-12-19T14:26:02.584+0000] {logging_mixin.py:188} INFO - [2023-12-19T14:26:02.584+0000] {dag.py:3033} INFO - Sync 1 DAGs
[2023-12-19T14:26:02.633+0000] {logging_mixin.py:188} INFO - [2023-12-19T14:26:02.633+0000] {dag.py:3820} INFO - Setting next_dagrun for example_sla_dag to 2023-12-19T14:24:00+00:00, run_after=2023-12-19T14:26:00+00:00
[2023-12-19T14:26:02.672+0000] {processor.py:183} INFO - Processing /home/airflow/.local/lib/python3.8/site-packages/airflow/example_dags/example_sla_dag.py took 0.165 seconds
[2023-12-19T14:26:33.301+0000] {processor.py:161} INFO - Started process (PID=183) to work on /home/airflow/.local/lib/python3.8/site-packages/airflow/example_dags/example_sla_dag.py
[2023-12-19T14:26:33.316+0000] {processor.py:830} INFO - Processing file /home/airflow/.local/lib/python3.8/site-packages/airflow/example_dags/example_sla_dag.py for tasks to queue
[2023-12-19T14:26:33.339+0000] {logging_mixin.py:188} INFO - [2023-12-19T14:26:33.338+0000] {dagbag.py:538} INFO - Filling up the DagBag from /home/airflow/.local/lib/python3.8/site-packages/airflow/example_dags/example_sla_dag.py
[2023-12-19T14:26:33.407+0000] {processor.py:840} INFO - DAG(s) 'example_sla_dag' retrieved from /home/airflow/.local/lib/python3.8/site-packages/airflow/example_dags/example_sla_dag.py
[2023-12-19T14:26:33.486+0000] {logging_mixin.py:188} INFO - [2023-12-19T14:26:33.486+0000] {dag.py:3033} INFO - Sync 1 DAGs
[2023-12-19T14:26:33.554+0000] {logging_mixin.py:188} INFO - [2023-12-19T14:26:33.554+0000] {dag.py:3820} INFO - Setting next_dagrun for example_sla_dag to 2023-12-19T14:24:00+00:00, run_after=2023-12-19T14:26:00+00:00
[2023-12-19T14:26:33.611+0000] {processor.py:183} INFO - Processing /home/airflow/.local/lib/python3.8/site-packages/airflow/example_dags/example_sla_dag.py took 0.348 seconds
[2023-12-19T14:27:03.696+0000] {processor.py:161} INFO - Started process (PID=238) to work on /home/airflow/.local/lib/python3.8/site-packages/airflow/example_dags/example_sla_dag.py
[2023-12-19T14:27:03.698+0000] {processor.py:830} INFO - Processing file /home/airflow/.local/lib/python3.8/site-packages/airflow/example_dags/example_sla_dag.py for tasks to queue
[2023-12-19T14:27:03.703+0000] {logging_mixin.py:188} INFO - [2023-12-19T14:27:03.702+0000] {dagbag.py:538} INFO - Filling up the DagBag from /home/airflow/.local/lib/python3.8/site-packages/airflow/example_dags/example_sla_dag.py
[2023-12-19T14:27:03.722+0000] {processor.py:840} INFO - DAG(s) 'example_sla_dag' retrieved from /home/airflow/.local/lib/python3.8/site-packages/airflow/example_dags/example_sla_dag.py
[2023-12-19T14:27:03.771+0000] {logging_mixin.py:188} INFO - [2023-12-19T14:27:03.770+0000] {dag.py:3033} INFO - Sync 1 DAGs
[2023-12-19T14:27:03.827+0000] {logging_mixin.py:188} INFO - [2023-12-19T14:27:03.827+0000] {dag.py:3820} INFO - Setting next_dagrun for example_sla_dag to 2023-12-19T14:24:00+00:00, run_after=2023-12-19T14:26:00+00:00
[2023-12-19T14:27:03.883+0000] {processor.py:183} INFO - Processing /home/airflow/.local/lib/python3.8/site-packages/airflow/example_dags/example_sla_dag.py took 0.195 seconds
[2023-12-19T14:27:34.064+0000] {processor.py:161} INFO - Started process (PID=293) to work on /home/airflow/.local/lib/python3.8/site-packages/airflow/example_dags/example_sla_dag.py
[2023-12-19T14:27:34.067+0000] {processor.py:830} INFO - Processing file /home/airflow/.local/lib/python3.8/site-packages/airflow/example_dags/example_sla_dag.py for tasks to queue
[2023-12-19T14:27:34.074+0000] {logging_mixin.py:188} INFO - [2023-12-19T14:27:34.073+0000] {dagbag.py:538} INFO - Filling up the DagBag from /home/airflow/.local/lib/python3.8/site-packages/airflow/example_dags/example_sla_dag.py
[2023-12-19T14:27:34.097+0000] {processor.py:840} INFO - DAG(s) 'example_sla_dag' retrieved from /home/airflow/.local/lib/python3.8/site-packages/airflow/example_dags/example_sla_dag.py
[2023-12-19T14:27:34.136+0000] {logging_mixin.py:188} INFO - [2023-12-19T14:27:34.135+0000] {dag.py:3033} INFO - Sync 1 DAGs
[2023-12-19T14:27:34.189+0000] {logging_mixin.py:188} INFO - [2023-12-19T14:27:34.188+0000] {dag.py:3820} INFO - Setting next_dagrun for example_sla_dag to 2023-12-19T14:24:00+00:00, run_after=2023-12-19T14:26:00+00:00
[2023-12-19T14:27:34.247+0000] {processor.py:183} INFO - Processing /home/airflow/.local/lib/python3.8/site-packages/airflow/example_dags/example_sla_dag.py took 0.193 seconds
[2023-12-19T14:28:04.405+0000] {processor.py:161} INFO - Started process (PID=348) to work on /home/airflow/.local/lib/python3.8/site-packages/airflow/example_dags/example_sla_dag.py
[2023-12-19T14:28:04.407+0000] {processor.py:830} INFO - Processing file /home/airflow/.local/lib/python3.8/site-packages/airflow/example_dags/example_sla_dag.py for tasks to queue
[2023-12-19T14:28:04.411+0000] {logging_mixin.py:188} INFO - [2023-12-19T14:28:04.410+0000] {dagbag.py:538} INFO - Filling up the DagBag from /home/airflow/.local/lib/python3.8/site-packages/airflow/example_dags/example_sla_dag.py
[2023-12-19T14:28:04.425+0000] {processor.py:840} INFO - DAG(s) 'example_sla_dag' retrieved from /home/airflow/.local/lib/python3.8/site-packages/airflow/example_dags/example_sla_dag.py
[2023-12-19T14:28:04.465+0000] {logging_mixin.py:188} INFO - [2023-12-19T14:28:04.464+0000] {dag.py:3033} INFO - Sync 1 DAGs
[2023-12-19T14:28:04.518+0000] {logging_mixin.py:188} INFO - [2023-12-19T14:28:04.518+0000] {dag.py:3820} INFO - Setting next_dagrun for example_sla_dag to 2023-12-19T14:26:00+00:00, run_after=2023-12-19T14:28:00+00:00
[2023-12-19T14:28:04.556+0000] {processor.py:183} INFO - Processing /home/airflow/.local/lib/python3.8/site-packages/airflow/example_dags/example_sla_dag.py took 0.158 seconds
[2023-12-19T14:28:35.321+0000] {processor.py:161} INFO - Started process (PID=409) to work on /home/airflow/.local/lib/python3.8/site-packages/airflow/example_dags/example_sla_dag.py
[2023-12-19T14:28:35.335+0000] {processor.py:830} INFO - Processing file /home/airflow/.local/lib/python3.8/site-packages/airflow/example_dags/example_sla_dag.py for tasks to queue
[2023-12-19T14:28:35.340+0000] {logging_mixin.py:188} INFO - [2023-12-19T14:28:35.339+0000] {dagbag.py:538} INFO - Filling up the DagBag from /home/airflow/.local/lib/python3.8/site-packages/airflow/example_dags/example_sla_dag.py
[2023-12-19T14:28:35.374+0000] {processor.py:840} INFO - DAG(s) 'example_sla_dag' retrieved from /home/airflow/.local/lib/python3.8/site-packages/airflow/example_dags/example_sla_dag.py
[2023-12-19T14:28:35.509+0000] {logging_mixin.py:188} INFO - [2023-12-19T14:28:35.508+0000] {dag.py:3033} INFO - Sync 1 DAGs
[2023-12-19T14:28:35.625+0000] {logging_mixin.py:188} INFO - [2023-12-19T14:28:35.625+0000] {dag.py:3820} INFO - Setting next_dagrun for example_sla_dag to 2023-12-19T14:26:00+00:00, run_after=2023-12-19T14:28:00+00:00
[2023-12-19T14:28:35.721+0000] {processor.py:183} INFO - Processing /home/airflow/.local/lib/python3.8/site-packages/airflow/example_dags/example_sla_dag.py took 0.416 seconds
[2023-12-19T14:29:06.389+0000] {processor.py:161} INFO - Started process (PID=464) to work on /home/airflow/.local/lib/python3.8/site-packages/airflow/example_dags/example_sla_dag.py
[2023-12-19T14:29:06.394+0000] {processor.py:830} INFO - Processing file /home/airflow/.local/lib/python3.8/site-packages/airflow/example_dags/example_sla_dag.py for tasks to queue
[2023-12-19T14:29:06.399+0000] {logging_mixin.py:188} INFO - [2023-12-19T14:29:06.398+0000] {dagbag.py:538} INFO - Filling up the DagBag from /home/airflow/.local/lib/python3.8/site-packages/airflow/example_dags/example_sla_dag.py
[2023-12-19T14:29:06.427+0000] {processor.py:840} INFO - DAG(s) 'example_sla_dag' retrieved from /home/airflow/.local/lib/python3.8/site-packages/airflow/example_dags/example_sla_dag.py
[2023-12-19T14:29:06.497+0000] {logging_mixin.py:188} INFO - [2023-12-19T14:29:06.496+0000] {dag.py:3033} INFO - Sync 1 DAGs
[2023-12-19T14:29:06.580+0000] {logging_mixin.py:188} INFO - [2023-12-19T14:29:06.579+0000] {dag.py:3820} INFO - Setting next_dagrun for example_sla_dag to 2023-12-19T14:26:00+00:00, run_after=2023-12-19T14:28:00+00:00
[2023-12-19T14:29:06.646+0000] {processor.py:183} INFO - Processing /home/airflow/.local/lib/python3.8/site-packages/airflow/example_dags/example_sla_dag.py took 0.272 seconds
[2023-12-19T14:29:37.694+0000] {processor.py:161} INFO - Started process (PID=519) to work on /home/airflow/.local/lib/python3.8/site-packages/airflow/example_dags/example_sla_dag.py
[2023-12-19T14:29:37.705+0000] {processor.py:830} INFO - Processing file /home/airflow/.local/lib/python3.8/site-packages/airflow/example_dags/example_sla_dag.py for tasks to queue
[2023-12-19T14:29:37.730+0000] {logging_mixin.py:188} INFO - [2023-12-19T14:29:37.718+0000] {dagbag.py:538} INFO - Filling up the DagBag from /home/airflow/.local/lib/python3.8/site-packages/airflow/example_dags/example_sla_dag.py
[2023-12-19T14:29:37.815+0000] {processor.py:840} INFO - DAG(s) 'example_sla_dag' retrieved from /home/airflow/.local/lib/python3.8/site-packages/airflow/example_dags/example_sla_dag.py
[2023-12-19T14:29:37.899+0000] {logging_mixin.py:188} INFO - [2023-12-19T14:29:37.898+0000] {dag.py:3033} INFO - Sync 1 DAGs
[2023-12-19T14:29:38.125+0000] {logging_mixin.py:188} INFO - [2023-12-19T14:29:38.105+0000] {dag.py:3820} INFO - Setting next_dagrun for example_sla_dag to 2023-12-19T14:26:00+00:00, run_after=2023-12-19T14:28:00+00:00
[2023-12-19T14:29:38.225+0000] {processor.py:183} INFO - Processing /home/airflow/.local/lib/python3.8/site-packages/airflow/example_dags/example_sla_dag.py took 0.588 seconds
[2023-12-19T14:30:08.924+0000] {processor.py:161} INFO - Started process (PID=574) to work on /home/airflow/.local/lib/python3.8/site-packages/airflow/example_dags/example_sla_dag.py
[2023-12-19T14:30:08.926+0000] {processor.py:830} INFO - Processing file /home/airflow/.local/lib/python3.8/site-packages/airflow/example_dags/example_sla_dag.py for tasks to queue
[2023-12-19T14:30:08.930+0000] {logging_mixin.py:188} INFO - [2023-12-19T14:30:08.929+0000] {dagbag.py:538} INFO - Filling up the DagBag from /home/airflow/.local/lib/python3.8/site-packages/airflow/example_dags/example_sla_dag.py
[2023-12-19T14:30:08.945+0000] {processor.py:840} INFO - DAG(s) 'example_sla_dag' retrieved from /home/airflow/.local/lib/python3.8/site-packages/airflow/example_dags/example_sla_dag.py
[2023-12-19T14:30:08.983+0000] {logging_mixin.py:188} INFO - [2023-12-19T14:30:08.982+0000] {dag.py:3033} INFO - Sync 1 DAGs
[2023-12-19T14:30:09.042+0000] {logging_mixin.py:188} INFO - [2023-12-19T14:30:09.042+0000] {dag.py:3820} INFO - Setting next_dagrun for example_sla_dag to 2023-12-19T14:28:00+00:00, run_after=2023-12-19T14:30:00+00:00
[2023-12-19T14:30:09.090+0000] {processor.py:183} INFO - Processing /home/airflow/.local/lib/python3.8/site-packages/airflow/example_dags/example_sla_dag.py took 0.173 seconds
[2023-12-19T14:30:39.160+0000] {processor.py:161} INFO - Started process (PID=629) to work on /home/airflow/.local/lib/python3.8/site-packages/airflow/example_dags/example_sla_dag.py
[2023-12-19T14:30:39.162+0000] {processor.py:830} INFO - Processing file /home/airflow/.local/lib/python3.8/site-packages/airflow/example_dags/example_sla_dag.py for tasks to queue
[2023-12-19T14:30:39.168+0000] {logging_mixin.py:188} INFO - [2023-12-19T14:30:39.167+0000] {dagbag.py:538} INFO - Filling up the DagBag from /home/airflow/.local/lib/python3.8/site-packages/airflow/example_dags/example_sla_dag.py
[2023-12-19T14:30:39.203+0000] {processor.py:840} INFO - DAG(s) 'example_sla_dag' retrieved from /home/airflow/.local/lib/python3.8/site-packages/airflow/example_dags/example_sla_dag.py
[2023-12-19T14:30:39.252+0000] {logging_mixin.py:188} INFO - [2023-12-19T14:30:39.252+0000] {dag.py:3033} INFO - Sync 1 DAGs
[2023-12-19T14:30:39.306+0000] {logging_mixin.py:188} INFO - [2023-12-19T14:30:39.305+0000] {dag.py:3820} INFO - Setting next_dagrun for example_sla_dag to 2023-12-19T14:28:00+00:00, run_after=2023-12-19T14:30:00+00:00
[2023-12-19T14:30:39.343+0000] {processor.py:183} INFO - Processing /home/airflow/.local/lib/python3.8/site-packages/airflow/example_dags/example_sla_dag.py took 0.194 seconds
[2023-12-19T14:31:09.698+0000] {processor.py:161} INFO - Started process (PID=683) to work on /home/airflow/.local/lib/python3.8/site-packages/airflow/example_dags/example_sla_dag.py
[2023-12-19T14:31:09.699+0000] {processor.py:830} INFO - Processing file /home/airflow/.local/lib/python3.8/site-packages/airflow/example_dags/example_sla_dag.py for tasks to queue
[2023-12-19T14:31:09.703+0000] {logging_mixin.py:188} INFO - [2023-12-19T14:31:09.703+0000] {dagbag.py:538} INFO - Filling up the DagBag from /home/airflow/.local/lib/python3.8/site-packages/airflow/example_dags/example_sla_dag.py
[2023-12-19T14:31:09.719+0000] {processor.py:840} INFO - DAG(s) 'example_sla_dag' retrieved from /home/airflow/.local/lib/python3.8/site-packages/airflow/example_dags/example_sla_dag.py
[2023-12-19T14:31:09.775+0000] {logging_mixin.py:188} INFO - [2023-12-19T14:31:09.775+0000] {dag.py:3033} INFO - Sync 1 DAGs
[2023-12-19T14:31:09.851+0000] {logging_mixin.py:188} INFO - [2023-12-19T14:31:09.850+0000] {dag.py:3820} INFO - Setting next_dagrun for example_sla_dag to 2023-12-19T14:28:00+00:00, run_after=2023-12-19T14:30:00+00:00
[2023-12-19T14:31:09.913+0000] {processor.py:183} INFO - Processing /home/airflow/.local/lib/python3.8/site-packages/airflow/example_dags/example_sla_dag.py took 0.222 seconds
[2023-12-19T14:31:40.431+0000] {processor.py:161} INFO - Started process (PID=738) to work on /home/airflow/.local/lib/python3.8/site-packages/airflow/example_dags/example_sla_dag.py
[2023-12-19T14:31:40.434+0000] {processor.py:830} INFO - Processing file /home/airflow/.local/lib/python3.8/site-packages/airflow/example_dags/example_sla_dag.py for tasks to queue
[2023-12-19T14:31:40.439+0000] {logging_mixin.py:188} INFO - [2023-12-19T14:31:40.439+0000] {dagbag.py:538} INFO - Filling up the DagBag from /home/airflow/.local/lib/python3.8/site-packages/airflow/example_dags/example_sla_dag.py
[2023-12-19T14:31:40.465+0000] {processor.py:840} INFO - DAG(s) 'example_sla_dag' retrieved from /home/airflow/.local/lib/python3.8/site-packages/airflow/example_dags/example_sla_dag.py
[2023-12-19T14:31:40.528+0000] {logging_mixin.py:188} INFO - [2023-12-19T14:31:40.528+0000] {dag.py:3033} INFO - Sync 1 DAGs
[2023-12-19T14:31:40.607+0000] {logging_mixin.py:188} INFO - [2023-12-19T14:31:40.606+0000] {dag.py:3820} INFO - Setting next_dagrun for example_sla_dag to 2023-12-19T14:28:00+00:00, run_after=2023-12-19T14:30:00+00:00
[2023-12-19T14:31:40.665+0000] {processor.py:183} INFO - Processing /home/airflow/.local/lib/python3.8/site-packages/airflow/example_dags/example_sla_dag.py took 0.241 seconds
[2023-12-19T14:32:11.133+0000] {processor.py:161} INFO - Started process (PID=792) to work on /home/airflow/.local/lib/python3.8/site-packages/airflow/example_dags/example_sla_dag.py
[2023-12-19T14:32:11.152+0000] {processor.py:830} INFO - Processing file /home/airflow/.local/lib/python3.8/site-packages/airflow/example_dags/example_sla_dag.py for tasks to queue
[2023-12-19T14:32:11.168+0000] {logging_mixin.py:188} INFO - [2023-12-19T14:32:11.167+0000] {dagbag.py:538} INFO - Filling up the DagBag from /home/airflow/.local/lib/python3.8/site-packages/airflow/example_dags/example_sla_dag.py
[2023-12-19T14:32:11.212+0000] {processor.py:840} INFO - DAG(s) 'example_sla_dag' retrieved from /home/airflow/.local/lib/python3.8/site-packages/airflow/example_dags/example_sla_dag.py
[2023-12-19T14:32:11.352+0000] {logging_mixin.py:188} INFO - [2023-12-19T14:32:11.352+0000] {dag.py:3033} INFO - Sync 1 DAGs
[2023-12-19T14:32:11.663+0000] {logging_mixin.py:188} INFO - [2023-12-19T14:32:11.658+0000] {dag.py:3820} INFO - Setting next_dagrun for example_sla_dag to 2023-12-19T14:30:00+00:00, run_after=2023-12-19T14:32:00+00:00
[2023-12-19T14:32:11.814+0000] {processor.py:183} INFO - Processing /home/airflow/.local/lib/python3.8/site-packages/airflow/example_dags/example_sla_dag.py took 0.707 seconds
[2023-12-19T14:32:42.028+0000] {processor.py:161} INFO - Started process (PID=847) to work on /home/airflow/.local/lib/python3.8/site-packages/airflow/example_dags/example_sla_dag.py
[2023-12-19T14:32:42.031+0000] {processor.py:830} INFO - Processing file /home/airflow/.local/lib/python3.8/site-packages/airflow/example_dags/example_sla_dag.py for tasks to queue
[2023-12-19T14:32:42.038+0000] {logging_mixin.py:188} INFO - [2023-12-19T14:32:42.037+0000] {dagbag.py:538} INFO - Filling up the DagBag from /home/airflow/.local/lib/python3.8/site-packages/airflow/example_dags/example_sla_dag.py
[2023-12-19T14:32:42.056+0000] {processor.py:840} INFO - DAG(s) 'example_sla_dag' retrieved from /home/airflow/.local/lib/python3.8/site-packages/airflow/example_dags/example_sla_dag.py
[2023-12-19T14:32:42.129+0000] {logging_mixin.py:188} INFO - [2023-12-19T14:32:42.128+0000] {dag.py:3033} INFO - Sync 1 DAGs
[2023-12-19T14:32:42.214+0000] {logging_mixin.py:188} INFO - [2023-12-19T14:32:42.214+0000] {dag.py:3820} INFO - Setting next_dagrun for example_sla_dag to 2023-12-19T14:30:00+00:00, run_after=2023-12-19T14:32:00+00:00
[2023-12-19T14:32:42.268+0000] {processor.py:183} INFO - Processing /home/airflow/.local/lib/python3.8/site-packages/airflow/example_dags/example_sla_dag.py took 0.249 seconds
[2023-12-19T14:33:12.683+0000] {processor.py:161} INFO - Started process (PID=902) to work on /home/airflow/.local/lib/python3.8/site-packages/airflow/example_dags/example_sla_dag.py
[2023-12-19T14:33:12.685+0000] {processor.py:830} INFO - Processing file /home/airflow/.local/lib/python3.8/site-packages/airflow/example_dags/example_sla_dag.py for tasks to queue
[2023-12-19T14:33:12.689+0000] {logging_mixin.py:188} INFO - [2023-12-19T14:33:12.689+0000] {dagbag.py:538} INFO - Filling up the DagBag from /home/airflow/.local/lib/python3.8/site-packages/airflow/example_dags/example_sla_dag.py
[2023-12-19T14:33:12.706+0000] {processor.py:840} INFO - DAG(s) 'example_sla_dag' retrieved from /home/airflow/.local/lib/python3.8/site-packages/airflow/example_dags/example_sla_dag.py
[2023-12-19T14:33:12.745+0000] {logging_mixin.py:188} INFO - [2023-12-19T14:33:12.744+0000] {dag.py:3033} INFO - Sync 1 DAGs
[2023-12-19T14:33:12.796+0000] {logging_mixin.py:188} INFO - [2023-12-19T14:33:12.795+0000] {dag.py:3820} INFO - Setting next_dagrun for example_sla_dag to 2023-12-19T14:30:00+00:00, run_after=2023-12-19T14:32:00+00:00
[2023-12-19T14:33:12.836+0000] {processor.py:183} INFO - Processing /home/airflow/.local/lib/python3.8/site-packages/airflow/example_dags/example_sla_dag.py took 0.163 seconds
[2023-12-19T14:33:43.112+0000] {processor.py:161} INFO - Started process (PID=957) to work on /home/airflow/.local/lib/python3.8/site-packages/airflow/example_dags/example_sla_dag.py
[2023-12-19T14:33:43.115+0000] {processor.py:830} INFO - Processing file /home/airflow/.local/lib/python3.8/site-packages/airflow/example_dags/example_sla_dag.py for tasks to queue
[2023-12-19T14:33:43.119+0000] {logging_mixin.py:188} INFO - [2023-12-19T14:33:43.118+0000] {dagbag.py:538} INFO - Filling up the DagBag from /home/airflow/.local/lib/python3.8/site-packages/airflow/example_dags/example_sla_dag.py
[2023-12-19T14:33:43.138+0000] {processor.py:840} INFO - DAG(s) 'example_sla_dag' retrieved from /home/airflow/.local/lib/python3.8/site-packages/airflow/example_dags/example_sla_dag.py
[2023-12-19T14:33:43.208+0000] {logging_mixin.py:188} INFO - [2023-12-19T14:33:43.207+0000] {dag.py:3033} INFO - Sync 1 DAGs
[2023-12-19T14:33:43.280+0000] {logging_mixin.py:188} INFO - [2023-12-19T14:33:43.279+0000] {dag.py:3820} INFO - Setting next_dagrun for example_sla_dag to 2023-12-19T14:30:00+00:00, run_after=2023-12-19T14:32:00+00:00
[2023-12-19T14:33:43.331+0000] {processor.py:183} INFO - Processing /home/airflow/.local/lib/python3.8/site-packages/airflow/example_dags/example_sla_dag.py took 0.225 seconds
[2023-12-19T14:34:14.678+0000] {processor.py:161} INFO - Started process (PID=1012) to work on /home/airflow/.local/lib/python3.8/site-packages/airflow/example_dags/example_sla_dag.py
[2023-12-19T14:34:14.683+0000] {processor.py:830} INFO - Processing file /home/airflow/.local/lib/python3.8/site-packages/airflow/example_dags/example_sla_dag.py for tasks to queue
[2023-12-19T14:34:14.696+0000] {logging_mixin.py:188} INFO - [2023-12-19T14:34:14.695+0000] {dagbag.py:538} INFO - Filling up the DagBag from /home/airflow/.local/lib/python3.8/site-packages/airflow/example_dags/example_sla_dag.py
[2023-12-19T14:34:14.743+0000] {processor.py:840} INFO - DAG(s) 'example_sla_dag' retrieved from /home/airflow/.local/lib/python3.8/site-packages/airflow/example_dags/example_sla_dag.py
[2023-12-19T14:34:14.848+0000] {logging_mixin.py:188} INFO - [2023-12-19T14:34:14.847+0000] {dag.py:3033} INFO - Sync 1 DAGs
[2023-12-19T14:34:14.967+0000] {logging_mixin.py:188} INFO - [2023-12-19T14:34:14.967+0000] {dag.py:3820} INFO - Setting next_dagrun for example_sla_dag to 2023-12-19T14:32:00+00:00, run_after=2023-12-19T14:34:00+00:00
[2023-12-19T14:34:15.043+0000] {processor.py:183} INFO - Processing /home/airflow/.local/lib/python3.8/site-packages/airflow/example_dags/example_sla_dag.py took 0.391 seconds
[2023-12-19T14:34:47.216+0000] {processor.py:161} INFO - Started process (PID=1066) to work on /home/airflow/.local/lib/python3.8/site-packages/airflow/example_dags/example_sla_dag.py
[2023-12-19T14:34:47.218+0000] {processor.py:830} INFO - Processing file /home/airflow/.local/lib/python3.8/site-packages/airflow/example_dags/example_sla_dag.py for tasks to queue
[2023-12-19T14:34:47.222+0000] {logging_mixin.py:188} INFO - [2023-12-19T14:34:47.221+0000] {dagbag.py:538} INFO - Filling up the DagBag from /home/airflow/.local/lib/python3.8/site-packages/airflow/example_dags/example_sla_dag.py
[2023-12-19T14:34:47.240+0000] {processor.py:840} INFO - DAG(s) 'example_sla_dag' retrieved from /home/airflow/.local/lib/python3.8/site-packages/airflow/example_dags/example_sla_dag.py
[2023-12-19T14:34:47.294+0000] {logging_mixin.py:188} INFO - [2023-12-19T14:34:47.293+0000] {dag.py:3033} INFO - Sync 1 DAGs
[2023-12-19T14:34:47.360+0000] {logging_mixin.py:188} INFO - [2023-12-19T14:34:47.360+0000] {dag.py:3820} INFO - Setting next_dagrun for example_sla_dag to 2023-12-19T14:32:00+00:00, run_after=2023-12-19T14:34:00+00:00
[2023-12-19T14:34:47.403+0000] {processor.py:183} INFO - Processing /home/airflow/.local/lib/python3.8/site-packages/airflow/example_dags/example_sla_dag.py took 0.195 seconds
[2023-12-19T14:35:17.678+0000] {processor.py:161} INFO - Started process (PID=1121) to work on /home/airflow/.local/lib/python3.8/site-packages/airflow/example_dags/example_sla_dag.py
[2023-12-19T14:35:17.680+0000] {processor.py:830} INFO - Processing file /home/airflow/.local/lib/python3.8/site-packages/airflow/example_dags/example_sla_dag.py for tasks to queue
[2023-12-19T14:35:17.685+0000] {logging_mixin.py:188} INFO - [2023-12-19T14:35:17.684+0000] {dagbag.py:538} INFO - Filling up the DagBag from /home/airflow/.local/lib/python3.8/site-packages/airflow/example_dags/example_sla_dag.py
[2023-12-19T14:35:17.707+0000] {processor.py:840} INFO - DAG(s) 'example_sla_dag' retrieved from /home/airflow/.local/lib/python3.8/site-packages/airflow/example_dags/example_sla_dag.py
[2023-12-19T14:35:17.758+0000] {logging_mixin.py:188} INFO - [2023-12-19T14:35:17.757+0000] {dag.py:3033} INFO - Sync 1 DAGs
[2023-12-19T14:35:17.838+0000] {logging_mixin.py:188} INFO - [2023-12-19T14:35:17.838+0000] {dag.py:3820} INFO - Setting next_dagrun for example_sla_dag to 2023-12-19T14:32:00+00:00, run_after=2023-12-19T14:34:00+00:00
[2023-12-19T14:35:17.868+0000] {processor.py:183} INFO - Processing /home/airflow/.local/lib/python3.8/site-packages/airflow/example_dags/example_sla_dag.py took 0.197 seconds
[2023-12-19T14:35:47.960+0000] {processor.py:161} INFO - Started process (PID=1175) to work on /home/airflow/.local/lib/python3.8/site-packages/airflow/example_dags/example_sla_dag.py
[2023-12-19T14:35:47.961+0000] {processor.py:830} INFO - Processing file /home/airflow/.local/lib/python3.8/site-packages/airflow/example_dags/example_sla_dag.py for tasks to queue
[2023-12-19T14:35:47.964+0000] {logging_mixin.py:188} INFO - [2023-12-19T14:35:47.964+0000] {dagbag.py:538} INFO - Filling up the DagBag from /home/airflow/.local/lib/python3.8/site-packages/airflow/example_dags/example_sla_dag.py
[2023-12-19T14:35:47.974+0000] {processor.py:840} INFO - DAG(s) 'example_sla_dag' retrieved from /home/airflow/.local/lib/python3.8/site-packages/airflow/example_dags/example_sla_dag.py
[2023-12-19T14:35:48.001+0000] {logging_mixin.py:188} INFO - [2023-12-19T14:35:48.001+0000] {dag.py:3033} INFO - Sync 1 DAGs
[2023-12-19T14:35:48.032+0000] {logging_mixin.py:188} INFO - [2023-12-19T14:35:48.032+0000] {dag.py:3820} INFO - Setting next_dagrun for example_sla_dag to 2023-12-19T14:32:00+00:00, run_after=2023-12-19T14:34:00+00:00
[2023-12-19T14:35:48.058+0000] {processor.py:183} INFO - Processing /home/airflow/.local/lib/python3.8/site-packages/airflow/example_dags/example_sla_dag.py took 0.102 seconds
[2023-12-19T14:36:19.238+0000] {processor.py:161} INFO - Started process (PID=1230) to work on /home/airflow/.local/lib/python3.8/site-packages/airflow/example_dags/example_sla_dag.py
[2023-12-19T14:36:19.239+0000] {processor.py:830} INFO - Processing file /home/airflow/.local/lib/python3.8/site-packages/airflow/example_dags/example_sla_dag.py for tasks to queue
[2023-12-19T14:36:19.243+0000] {logging_mixin.py:188} INFO - [2023-12-19T14:36:19.243+0000] {dagbag.py:538} INFO - Filling up the DagBag from /home/airflow/.local/lib/python3.8/site-packages/airflow/example_dags/example_sla_dag.py
[2023-12-19T14:36:19.257+0000] {processor.py:840} INFO - DAG(s) 'example_sla_dag' retrieved from /home/airflow/.local/lib/python3.8/site-packages/airflow/example_dags/example_sla_dag.py
[2023-12-19T14:36:19.289+0000] {logging_mixin.py:188} INFO - [2023-12-19T14:36:19.289+0000] {dag.py:3033} INFO - Sync 1 DAGs
[2023-12-19T14:36:19.331+0000] {logging_mixin.py:188} INFO - [2023-12-19T14:36:19.331+0000] {dag.py:3820} INFO - Setting next_dagrun for example_sla_dag to 2023-12-19T14:34:00+00:00, run_after=2023-12-19T14:36:00+00:00
[2023-12-19T14:36:19.362+0000] {processor.py:183} INFO - Processing /home/airflow/.local/lib/python3.8/site-packages/airflow/example_dags/example_sla_dag.py took 0.128 seconds
[2023-12-19T14:36:50.387+0000] {processor.py:161} INFO - Started process (PID=1285) to work on /home/airflow/.local/lib/python3.8/site-packages/airflow/example_dags/example_sla_dag.py
[2023-12-19T14:36:50.389+0000] {processor.py:830} INFO - Processing file /home/airflow/.local/lib/python3.8/site-packages/airflow/example_dags/example_sla_dag.py for tasks to queue
[2023-12-19T14:36:50.391+0000] {logging_mixin.py:188} INFO - [2023-12-19T14:36:50.391+0000] {dagbag.py:538} INFO - Filling up the DagBag from /home/airflow/.local/lib/python3.8/site-packages/airflow/example_dags/example_sla_dag.py
[2023-12-19T14:36:50.405+0000] {processor.py:840} INFO - DAG(s) 'example_sla_dag' retrieved from /home/airflow/.local/lib/python3.8/site-packages/airflow/example_dags/example_sla_dag.py
[2023-12-19T14:36:50.435+0000] {logging_mixin.py:188} INFO - [2023-12-19T14:36:50.435+0000] {dag.py:3033} INFO - Sync 1 DAGs
[2023-12-19T14:36:50.480+0000] {logging_mixin.py:188} INFO - [2023-12-19T14:36:50.479+0000] {dag.py:3820} INFO - Setting next_dagrun for example_sla_dag to 2023-12-19T14:34:00+00:00, run_after=2023-12-19T14:36:00+00:00
[2023-12-19T14:36:50.512+0000] {processor.py:183} INFO - Processing /home/airflow/.local/lib/python3.8/site-packages/airflow/example_dags/example_sla_dag.py took 0.129 seconds
