[2023-12-19T14:13:59.721+0000] {processor.py:161} INFO - Started process (PID=47) to work on /home/airflow/.local/lib/python3.8/site-packages/airflow/example_dags/example_branch_day_of_week_operator.py
[2023-12-19T14:13:59.731+0000] {processor.py:830} INFO - Processing file /home/airflow/.local/lib/python3.8/site-packages/airflow/example_dags/example_branch_day_of_week_operator.py for tasks to queue
[2023-12-19T14:13:59.744+0000] {logging_mixin.py:188} INFO - [2023-12-19T14:13:59.743+0000] {dagbag.py:538} INFO - Filling up the DagBag from /home/airflow/.local/lib/python3.8/site-packages/airflow/example_dags/example_branch_day_of_week_operator.py
[2023-12-19T14:13:59.792+0000] {processor.py:840} INFO - DAG(s) 'example_weekday_branch_operator' retrieved from /home/airflow/.local/lib/python3.8/site-packages/airflow/example_dags/example_branch_day_of_week_operator.py
[2023-12-19T14:14:00.392+0000] {logging_mixin.py:188} INFO - [2023-12-19T14:14:00.391+0000] {dag.py:3033} INFO - Sync 1 DAGs
[2023-12-19T14:14:00.550+0000] {logging_mixin.py:188} INFO - [2023-12-19T14:14:00.550+0000] {dag.py:3820} INFO - Setting next_dagrun for example_weekday_branch_operator to 2023-12-18T00:00:00+00:00, run_after=2023-12-19T00:00:00+00:00
[2023-12-19T14:14:00.779+0000] {processor.py:183} INFO - Processing /home/airflow/.local/lib/python3.8/site-packages/airflow/example_dags/example_branch_day_of_week_operator.py took 1.067 seconds
[2023-12-19T14:14:31.961+0000] {processor.py:161} INFO - Started process (PID=102) to work on /home/airflow/.local/lib/python3.8/site-packages/airflow/example_dags/example_branch_day_of_week_operator.py
[2023-12-19T14:14:31.963+0000] {processor.py:830} INFO - Processing file /home/airflow/.local/lib/python3.8/site-packages/airflow/example_dags/example_branch_day_of_week_operator.py for tasks to queue
[2023-12-19T14:14:31.969+0000] {logging_mixin.py:188} INFO - [2023-12-19T14:14:31.968+0000] {dagbag.py:538} INFO - Filling up the DagBag from /home/airflow/.local/lib/python3.8/site-packages/airflow/example_dags/example_branch_day_of_week_operator.py
[2023-12-19T14:14:32.002+0000] {processor.py:840} INFO - DAG(s) 'example_weekday_branch_operator' retrieved from /home/airflow/.local/lib/python3.8/site-packages/airflow/example_dags/example_branch_day_of_week_operator.py
[2023-12-19T14:14:32.118+0000] {logging_mixin.py:188} INFO - [2023-12-19T14:14:32.116+0000] {dag.py:3033} INFO - Sync 1 DAGs
[2023-12-19T14:14:32.280+0000] {logging_mixin.py:188} INFO - [2023-12-19T14:14:32.280+0000] {dag.py:3820} INFO - Setting next_dagrun for example_weekday_branch_operator to 2023-12-18T00:00:00+00:00, run_after=2023-12-19T00:00:00+00:00
[2023-12-19T14:14:32.415+0000] {processor.py:183} INFO - Processing /home/airflow/.local/lib/python3.8/site-packages/airflow/example_dags/example_branch_day_of_week_operator.py took 0.463 seconds
[2023-12-19T14:15:20.092+0000] {processor.py:161} INFO - Started process (PID=164) to work on /home/airflow/.local/lib/python3.8/site-packages/airflow/example_dags/example_branch_day_of_week_operator.py
[2023-12-19T14:15:20.095+0000] {processor.py:830} INFO - Processing file /home/airflow/.local/lib/python3.8/site-packages/airflow/example_dags/example_branch_day_of_week_operator.py for tasks to queue
[2023-12-19T14:15:20.113+0000] {logging_mixin.py:188} INFO - [2023-12-19T14:15:20.105+0000] {dagbag.py:538} INFO - Filling up the DagBag from /home/airflow/.local/lib/python3.8/site-packages/airflow/example_dags/example_branch_day_of_week_operator.py
[2023-12-19T14:15:20.184+0000] {processor.py:840} INFO - DAG(s) 'example_weekday_branch_operator' retrieved from /home/airflow/.local/lib/python3.8/site-packages/airflow/example_dags/example_branch_day_of_week_operator.py
[2023-12-19T14:15:20.710+0000] {logging_mixin.py:188} INFO - [2023-12-19T14:15:20.709+0000] {dag.py:3033} INFO - Sync 1 DAGs
[2023-12-19T14:15:21.026+0000] {logging_mixin.py:188} INFO - [2023-12-19T14:15:21.025+0000] {dag.py:3820} INFO - Setting next_dagrun for example_weekday_branch_operator to 2023-12-18T00:00:00+00:00, run_after=2023-12-19T00:00:00+00:00
[2023-12-19T14:15:21.396+0000] {processor.py:183} INFO - Processing /home/airflow/.local/lib/python3.8/site-packages/airflow/example_dags/example_branch_day_of_week_operator.py took 1.323 seconds
[2023-12-19T14:18:32.928+0000] {processor.py:161} INFO - Started process (PID=45) to work on /home/airflow/.local/lib/python3.8/site-packages/airflow/example_dags/example_branch_day_of_week_operator.py
[2023-12-19T14:18:32.937+0000] {processor.py:830} INFO - Processing file /home/airflow/.local/lib/python3.8/site-packages/airflow/example_dags/example_branch_day_of_week_operator.py for tasks to queue
[2023-12-19T14:18:32.942+0000] {logging_mixin.py:188} INFO - [2023-12-19T14:18:32.941+0000] {dagbag.py:538} INFO - Filling up the DagBag from /home/airflow/.local/lib/python3.8/site-packages/airflow/example_dags/example_branch_day_of_week_operator.py
[2023-12-19T14:18:32.991+0000] {processor.py:840} INFO - DAG(s) 'example_weekday_branch_operator' retrieved from /home/airflow/.local/lib/python3.8/site-packages/airflow/example_dags/example_branch_day_of_week_operator.py
[2023-12-19T14:18:33.069+0000] {logging_mixin.py:188} INFO - [2023-12-19T14:18:33.069+0000] {dag.py:3033} INFO - Sync 1 DAGs
[2023-12-19T14:18:33.153+0000] {logging_mixin.py:188} INFO - [2023-12-19T14:18:33.152+0000] {dag.py:3820} INFO - Setting next_dagrun for example_weekday_branch_operator to 2023-12-18T00:00:00+00:00, run_after=2023-12-19T00:00:00+00:00
[2023-12-19T14:18:33.259+0000] {processor.py:183} INFO - Processing /home/airflow/.local/lib/python3.8/site-packages/airflow/example_dags/example_branch_day_of_week_operator.py took 0.347 seconds
[2023-12-19T14:19:05.413+0000] {processor.py:161} INFO - Started process (PID=101) to work on /home/airflow/.local/lib/python3.8/site-packages/airflow/example_dags/example_branch_day_of_week_operator.py
[2023-12-19T14:19:05.431+0000] {processor.py:830} INFO - Processing file /home/airflow/.local/lib/python3.8/site-packages/airflow/example_dags/example_branch_day_of_week_operator.py for tasks to queue
[2023-12-19T14:19:05.441+0000] {logging_mixin.py:188} INFO - [2023-12-19T14:19:05.441+0000] {dagbag.py:538} INFO - Filling up the DagBag from /home/airflow/.local/lib/python3.8/site-packages/airflow/example_dags/example_branch_day_of_week_operator.py
[2023-12-19T14:19:05.514+0000] {processor.py:840} INFO - DAG(s) 'example_weekday_branch_operator' retrieved from /home/airflow/.local/lib/python3.8/site-packages/airflow/example_dags/example_branch_day_of_week_operator.py
[2023-12-19T14:19:05.632+0000] {logging_mixin.py:188} INFO - [2023-12-19T14:19:05.632+0000] {dag.py:3033} INFO - Sync 1 DAGs
[2023-12-19T14:19:05.861+0000] {logging_mixin.py:188} INFO - [2023-12-19T14:19:05.861+0000] {dag.py:3820} INFO - Setting next_dagrun for example_weekday_branch_operator to 2023-12-18T00:00:00+00:00, run_after=2023-12-19T00:00:00+00:00
[2023-12-19T14:19:06.007+0000] {processor.py:183} INFO - Processing /home/airflow/.local/lib/python3.8/site-packages/airflow/example_dags/example_branch_day_of_week_operator.py took 0.620 seconds
[2023-12-19T14:19:36.223+0000] {processor.py:161} INFO - Started process (PID=156) to work on /home/airflow/.local/lib/python3.8/site-packages/airflow/example_dags/example_branch_day_of_week_operator.py
[2023-12-19T14:19:36.225+0000] {processor.py:830} INFO - Processing file /home/airflow/.local/lib/python3.8/site-packages/airflow/example_dags/example_branch_day_of_week_operator.py for tasks to queue
[2023-12-19T14:19:36.230+0000] {logging_mixin.py:188} INFO - [2023-12-19T14:19:36.230+0000] {dagbag.py:538} INFO - Filling up the DagBag from /home/airflow/.local/lib/python3.8/site-packages/airflow/example_dags/example_branch_day_of_week_operator.py
[2023-12-19T14:19:36.250+0000] {processor.py:840} INFO - DAG(s) 'example_weekday_branch_operator' retrieved from /home/airflow/.local/lib/python3.8/site-packages/airflow/example_dags/example_branch_day_of_week_operator.py
[2023-12-19T14:19:36.313+0000] {logging_mixin.py:188} INFO - [2023-12-19T14:19:36.313+0000] {dag.py:3033} INFO - Sync 1 DAGs
[2023-12-19T14:19:36.391+0000] {logging_mixin.py:188} INFO - [2023-12-19T14:19:36.390+0000] {dag.py:3820} INFO - Setting next_dagrun for example_weekday_branch_operator to 2023-12-18T00:00:00+00:00, run_after=2023-12-19T00:00:00+00:00
[2023-12-19T14:19:36.439+0000] {processor.py:183} INFO - Processing /home/airflow/.local/lib/python3.8/site-packages/airflow/example_dags/example_branch_day_of_week_operator.py took 0.224 seconds
[2023-12-19T14:20:07.345+0000] {processor.py:161} INFO - Started process (PID=211) to work on /home/airflow/.local/lib/python3.8/site-packages/airflow/example_dags/example_branch_day_of_week_operator.py
[2023-12-19T14:20:07.347+0000] {processor.py:830} INFO - Processing file /home/airflow/.local/lib/python3.8/site-packages/airflow/example_dags/example_branch_day_of_week_operator.py for tasks to queue
[2023-12-19T14:20:07.354+0000] {logging_mixin.py:188} INFO - [2023-12-19T14:20:07.352+0000] {dagbag.py:538} INFO - Filling up the DagBag from /home/airflow/.local/lib/python3.8/site-packages/airflow/example_dags/example_branch_day_of_week_operator.py
[2023-12-19T14:20:07.380+0000] {processor.py:840} INFO - DAG(s) 'example_weekday_branch_operator' retrieved from /home/airflow/.local/lib/python3.8/site-packages/airflow/example_dags/example_branch_day_of_week_operator.py
[2023-12-19T14:20:07.428+0000] {logging_mixin.py:188} INFO - [2023-12-19T14:20:07.428+0000] {dag.py:3033} INFO - Sync 1 DAGs
[2023-12-19T14:20:07.472+0000] {logging_mixin.py:188} INFO - [2023-12-19T14:20:07.472+0000] {dag.py:3820} INFO - Setting next_dagrun for example_weekday_branch_operator to 2023-12-18T00:00:00+00:00, run_after=2023-12-19T00:00:00+00:00
[2023-12-19T14:20:07.508+0000] {processor.py:183} INFO - Processing /home/airflow/.local/lib/python3.8/site-packages/airflow/example_dags/example_branch_day_of_week_operator.py took 0.171 seconds
[2023-12-19T14:20:38.054+0000] {processor.py:161} INFO - Started process (PID=267) to work on /home/airflow/.local/lib/python3.8/site-packages/airflow/example_dags/example_branch_day_of_week_operator.py
[2023-12-19T14:20:38.056+0000] {processor.py:830} INFO - Processing file /home/airflow/.local/lib/python3.8/site-packages/airflow/example_dags/example_branch_day_of_week_operator.py for tasks to queue
[2023-12-19T14:20:38.061+0000] {logging_mixin.py:188} INFO - [2023-12-19T14:20:38.060+0000] {dagbag.py:538} INFO - Filling up the DagBag from /home/airflow/.local/lib/python3.8/site-packages/airflow/example_dags/example_branch_day_of_week_operator.py
[2023-12-19T14:20:38.077+0000] {processor.py:840} INFO - DAG(s) 'example_weekday_branch_operator' retrieved from /home/airflow/.local/lib/python3.8/site-packages/airflow/example_dags/example_branch_day_of_week_operator.py
[2023-12-19T14:20:38.118+0000] {logging_mixin.py:188} INFO - [2023-12-19T14:20:38.118+0000] {dag.py:3033} INFO - Sync 1 DAGs
[2023-12-19T14:20:38.165+0000] {logging_mixin.py:188} INFO - [2023-12-19T14:20:38.165+0000] {dag.py:3820} INFO - Setting next_dagrun for example_weekday_branch_operator to 2023-12-18T00:00:00+00:00, run_after=2023-12-19T00:00:00+00:00
[2023-12-19T14:20:38.203+0000] {processor.py:183} INFO - Processing /home/airflow/.local/lib/python3.8/site-packages/airflow/example_dags/example_branch_day_of_week_operator.py took 0.156 seconds
[2023-12-19T14:21:08.901+0000] {processor.py:161} INFO - Started process (PID=321) to work on /home/airflow/.local/lib/python3.8/site-packages/airflow/example_dags/example_branch_day_of_week_operator.py
[2023-12-19T14:21:08.939+0000] {processor.py:830} INFO - Processing file /home/airflow/.local/lib/python3.8/site-packages/airflow/example_dags/example_branch_day_of_week_operator.py for tasks to queue
[2023-12-19T14:21:08.950+0000] {logging_mixin.py:188} INFO - [2023-12-19T14:21:08.949+0000] {dagbag.py:538} INFO - Filling up the DagBag from /home/airflow/.local/lib/python3.8/site-packages/airflow/example_dags/example_branch_day_of_week_operator.py
[2023-12-19T14:21:09.017+0000] {processor.py:840} INFO - DAG(s) 'example_weekday_branch_operator' retrieved from /home/airflow/.local/lib/python3.8/site-packages/airflow/example_dags/example_branch_day_of_week_operator.py
[2023-12-19T14:21:09.095+0000] {logging_mixin.py:188} INFO - [2023-12-19T14:21:09.094+0000] {dag.py:3033} INFO - Sync 1 DAGs
[2023-12-19T14:21:09.172+0000] {logging_mixin.py:188} INFO - [2023-12-19T14:21:09.172+0000] {dag.py:3820} INFO - Setting next_dagrun for example_weekday_branch_operator to 2023-12-18T00:00:00+00:00, run_after=2023-12-19T00:00:00+00:00
[2023-12-19T14:21:09.237+0000] {processor.py:183} INFO - Processing /home/airflow/.local/lib/python3.8/site-packages/airflow/example_dags/example_branch_day_of_week_operator.py took 0.375 seconds
[2023-12-19T14:21:39.559+0000] {processor.py:161} INFO - Started process (PID=376) to work on /home/airflow/.local/lib/python3.8/site-packages/airflow/example_dags/example_branch_day_of_week_operator.py
[2023-12-19T14:21:39.563+0000] {processor.py:830} INFO - Processing file /home/airflow/.local/lib/python3.8/site-packages/airflow/example_dags/example_branch_day_of_week_operator.py for tasks to queue
[2023-12-19T14:21:39.569+0000] {logging_mixin.py:188} INFO - [2023-12-19T14:21:39.568+0000] {dagbag.py:538} INFO - Filling up the DagBag from /home/airflow/.local/lib/python3.8/site-packages/airflow/example_dags/example_branch_day_of_week_operator.py
[2023-12-19T14:21:39.598+0000] {processor.py:840} INFO - DAG(s) 'example_weekday_branch_operator' retrieved from /home/airflow/.local/lib/python3.8/site-packages/airflow/example_dags/example_branch_day_of_week_operator.py
[2023-12-19T14:21:39.676+0000] {logging_mixin.py:188} INFO - [2023-12-19T14:21:39.676+0000] {dag.py:3033} INFO - Sync 1 DAGs
[2023-12-19T14:21:39.812+0000] {logging_mixin.py:188} INFO - [2023-12-19T14:21:39.811+0000] {dag.py:3820} INFO - Setting next_dagrun for example_weekday_branch_operator to 2023-12-18T00:00:00+00:00, run_after=2023-12-19T00:00:00+00:00
[2023-12-19T14:21:39.925+0000] {processor.py:183} INFO - Processing /home/airflow/.local/lib/python3.8/site-packages/airflow/example_dags/example_branch_day_of_week_operator.py took 0.382 seconds
[2023-12-19T14:22:10.184+0000] {processor.py:161} INFO - Started process (PID=431) to work on /home/airflow/.local/lib/python3.8/site-packages/airflow/example_dags/example_branch_day_of_week_operator.py
[2023-12-19T14:22:10.186+0000] {processor.py:830} INFO - Processing file /home/airflow/.local/lib/python3.8/site-packages/airflow/example_dags/example_branch_day_of_week_operator.py for tasks to queue
[2023-12-19T14:22:10.190+0000] {logging_mixin.py:188} INFO - [2023-12-19T14:22:10.189+0000] {dagbag.py:538} INFO - Filling up the DagBag from /home/airflow/.local/lib/python3.8/site-packages/airflow/example_dags/example_branch_day_of_week_operator.py
[2023-12-19T14:22:10.208+0000] {processor.py:840} INFO - DAG(s) 'example_weekday_branch_operator' retrieved from /home/airflow/.local/lib/python3.8/site-packages/airflow/example_dags/example_branch_day_of_week_operator.py
[2023-12-19T14:22:10.254+0000] {logging_mixin.py:188} INFO - [2023-12-19T14:22:10.254+0000] {dag.py:3033} INFO - Sync 1 DAGs
[2023-12-19T14:22:10.302+0000] {logging_mixin.py:188} INFO - [2023-12-19T14:22:10.302+0000] {dag.py:3820} INFO - Setting next_dagrun for example_weekday_branch_operator to 2023-12-18T00:00:00+00:00, run_after=2023-12-19T00:00:00+00:00
[2023-12-19T14:22:10.344+0000] {processor.py:183} INFO - Processing /home/airflow/.local/lib/python3.8/site-packages/airflow/example_dags/example_branch_day_of_week_operator.py took 0.166 seconds
[2023-12-19T14:23:19.179+0000] {processor.py:161} INFO - Started process (PID=45) to work on /home/airflow/.local/lib/python3.8/site-packages/airflow/example_dags/example_branch_day_of_week_operator.py
[2023-12-19T14:23:19.182+0000] {processor.py:830} INFO - Processing file /home/airflow/.local/lib/python3.8/site-packages/airflow/example_dags/example_branch_day_of_week_operator.py for tasks to queue
[2023-12-19T14:23:19.188+0000] {logging_mixin.py:188} INFO - [2023-12-19T14:23:19.187+0000] {dagbag.py:538} INFO - Filling up the DagBag from /home/airflow/.local/lib/python3.8/site-packages/airflow/example_dags/example_branch_day_of_week_operator.py
[2023-12-19T14:23:19.240+0000] {processor.py:840} INFO - DAG(s) 'example_weekday_branch_operator' retrieved from /home/airflow/.local/lib/python3.8/site-packages/airflow/example_dags/example_branch_day_of_week_operator.py
[2023-12-19T14:23:19.361+0000] {logging_mixin.py:188} INFO - [2023-12-19T14:23:19.360+0000] {dag.py:3033} INFO - Sync 1 DAGs
[2023-12-19T14:23:19.489+0000] {logging_mixin.py:188} INFO - [2023-12-19T14:23:19.488+0000] {dag.py:3820} INFO - Setting next_dagrun for example_weekday_branch_operator to 2023-12-18T00:00:00+00:00, run_after=2023-12-19T00:00:00+00:00
[2023-12-19T14:23:19.560+0000] {processor.py:183} INFO - Processing /home/airflow/.local/lib/python3.8/site-packages/airflow/example_dags/example_branch_day_of_week_operator.py took 0.391 seconds
[2023-12-19T14:23:50.414+0000] {processor.py:161} INFO - Started process (PID=100) to work on /home/airflow/.local/lib/python3.8/site-packages/airflow/example_dags/example_branch_day_of_week_operator.py
[2023-12-19T14:23:50.428+0000] {processor.py:830} INFO - Processing file /home/airflow/.local/lib/python3.8/site-packages/airflow/example_dags/example_branch_day_of_week_operator.py for tasks to queue
[2023-12-19T14:23:50.434+0000] {logging_mixin.py:188} INFO - [2023-12-19T14:23:50.433+0000] {dagbag.py:538} INFO - Filling up the DagBag from /home/airflow/.local/lib/python3.8/site-packages/airflow/example_dags/example_branch_day_of_week_operator.py
[2023-12-19T14:23:50.461+0000] {processor.py:840} INFO - DAG(s) 'example_weekday_branch_operator' retrieved from /home/airflow/.local/lib/python3.8/site-packages/airflow/example_dags/example_branch_day_of_week_operator.py
[2023-12-19T14:23:50.504+0000] {logging_mixin.py:188} INFO - [2023-12-19T14:23:50.503+0000] {dag.py:3033} INFO - Sync 1 DAGs
[2023-12-19T14:23:50.576+0000] {logging_mixin.py:188} INFO - [2023-12-19T14:23:50.576+0000] {dag.py:3820} INFO - Setting next_dagrun for example_weekday_branch_operator to 2023-12-18T00:00:00+00:00, run_after=2023-12-19T00:00:00+00:00
[2023-12-19T14:23:50.640+0000] {processor.py:183} INFO - Processing /home/airflow/.local/lib/python3.8/site-packages/airflow/example_dags/example_branch_day_of_week_operator.py took 0.243 seconds
[2023-12-19T14:25:15.177+0000] {processor.py:161} INFO - Started process (PID=51) to work on /home/airflow/.local/lib/python3.8/site-packages/airflow/example_dags/example_branch_day_of_week_operator.py
[2023-12-19T14:25:15.180+0000] {processor.py:830} INFO - Processing file /home/airflow/.local/lib/python3.8/site-packages/airflow/example_dags/example_branch_day_of_week_operator.py for tasks to queue
[2023-12-19T14:25:15.189+0000] {logging_mixin.py:188} INFO - [2023-12-19T14:25:15.189+0000] {dagbag.py:538} INFO - Filling up the DagBag from /home/airflow/.local/lib/python3.8/site-packages/airflow/example_dags/example_branch_day_of_week_operator.py
[2023-12-19T14:25:15.229+0000] {processor.py:840} INFO - DAG(s) 'example_weekday_branch_operator' retrieved from /home/airflow/.local/lib/python3.8/site-packages/airflow/example_dags/example_branch_day_of_week_operator.py
[2023-12-19T14:25:15.625+0000] {logging_mixin.py:188} INFO - [2023-12-19T14:25:15.624+0000] {dag.py:3033} INFO - Sync 1 DAGs
[2023-12-19T14:25:15.777+0000] {logging_mixin.py:188} INFO - [2023-12-19T14:25:15.777+0000] {dag.py:3820} INFO - Setting next_dagrun for example_weekday_branch_operator to 2023-12-18T00:00:00+00:00, run_after=2023-12-19T00:00:00+00:00
[2023-12-19T14:25:15.916+0000] {processor.py:183} INFO - Processing /home/airflow/.local/lib/python3.8/site-packages/airflow/example_dags/example_branch_day_of_week_operator.py took 0.746 seconds
[2023-12-19T14:25:46.216+0000] {processor.py:161} INFO - Started process (PID=106) to work on /home/airflow/.local/lib/python3.8/site-packages/airflow/example_dags/example_branch_day_of_week_operator.py
[2023-12-19T14:25:46.225+0000] {processor.py:830} INFO - Processing file /home/airflow/.local/lib/python3.8/site-packages/airflow/example_dags/example_branch_day_of_week_operator.py for tasks to queue
[2023-12-19T14:25:46.230+0000] {logging_mixin.py:188} INFO - [2023-12-19T14:25:46.229+0000] {dagbag.py:538} INFO - Filling up the DagBag from /home/airflow/.local/lib/python3.8/site-packages/airflow/example_dags/example_branch_day_of_week_operator.py
[2023-12-19T14:25:46.252+0000] {processor.py:840} INFO - DAG(s) 'example_weekday_branch_operator' retrieved from /home/airflow/.local/lib/python3.8/site-packages/airflow/example_dags/example_branch_day_of_week_operator.py
[2023-12-19T14:25:46.294+0000] {logging_mixin.py:188} INFO - [2023-12-19T14:25:46.294+0000] {dag.py:3033} INFO - Sync 1 DAGs
[2023-12-19T14:25:46.343+0000] {logging_mixin.py:188} INFO - [2023-12-19T14:25:46.342+0000] {dag.py:3820} INFO - Setting next_dagrun for example_weekday_branch_operator to 2023-12-18T00:00:00+00:00, run_after=2023-12-19T00:00:00+00:00
[2023-12-19T14:25:46.382+0000] {processor.py:183} INFO - Processing /home/airflow/.local/lib/python3.8/site-packages/airflow/example_dags/example_branch_day_of_week_operator.py took 0.174 seconds
[2023-12-19T14:26:16.825+0000] {processor.py:161} INFO - Started process (PID=160) to work on /home/airflow/.local/lib/python3.8/site-packages/airflow/example_dags/example_branch_day_of_week_operator.py
[2023-12-19T14:26:16.826+0000] {processor.py:830} INFO - Processing file /home/airflow/.local/lib/python3.8/site-packages/airflow/example_dags/example_branch_day_of_week_operator.py for tasks to queue
[2023-12-19T14:26:16.831+0000] {logging_mixin.py:188} INFO - [2023-12-19T14:26:16.830+0000] {dagbag.py:538} INFO - Filling up the DagBag from /home/airflow/.local/lib/python3.8/site-packages/airflow/example_dags/example_branch_day_of_week_operator.py
[2023-12-19T14:26:16.846+0000] {processor.py:840} INFO - DAG(s) 'example_weekday_branch_operator' retrieved from /home/airflow/.local/lib/python3.8/site-packages/airflow/example_dags/example_branch_day_of_week_operator.py
[2023-12-19T14:26:16.883+0000] {logging_mixin.py:188} INFO - [2023-12-19T14:26:16.882+0000] {dag.py:3033} INFO - Sync 1 DAGs
[2023-12-19T14:26:16.929+0000] {logging_mixin.py:188} INFO - [2023-12-19T14:26:16.929+0000] {dag.py:3820} INFO - Setting next_dagrun for example_weekday_branch_operator to 2023-12-18T00:00:00+00:00, run_after=2023-12-19T00:00:00+00:00
[2023-12-19T14:26:16.976+0000] {processor.py:183} INFO - Processing /home/airflow/.local/lib/python3.8/site-packages/airflow/example_dags/example_branch_day_of_week_operator.py took 0.157 seconds
[2023-12-19T14:26:47.771+0000] {processor.py:161} INFO - Started process (PID=215) to work on /home/airflow/.local/lib/python3.8/site-packages/airflow/example_dags/example_branch_day_of_week_operator.py
[2023-12-19T14:26:47.772+0000] {processor.py:830} INFO - Processing file /home/airflow/.local/lib/python3.8/site-packages/airflow/example_dags/example_branch_day_of_week_operator.py for tasks to queue
[2023-12-19T14:26:47.776+0000] {logging_mixin.py:188} INFO - [2023-12-19T14:26:47.776+0000] {dagbag.py:538} INFO - Filling up the DagBag from /home/airflow/.local/lib/python3.8/site-packages/airflow/example_dags/example_branch_day_of_week_operator.py
[2023-12-19T14:26:47.793+0000] {processor.py:840} INFO - DAG(s) 'example_weekday_branch_operator' retrieved from /home/airflow/.local/lib/python3.8/site-packages/airflow/example_dags/example_branch_day_of_week_operator.py
[2023-12-19T14:26:47.830+0000] {logging_mixin.py:188} INFO - [2023-12-19T14:26:47.829+0000] {dag.py:3033} INFO - Sync 1 DAGs
[2023-12-19T14:26:47.871+0000] {logging_mixin.py:188} INFO - [2023-12-19T14:26:47.871+0000] {dag.py:3820} INFO - Setting next_dagrun for example_weekday_branch_operator to 2023-12-18T00:00:00+00:00, run_after=2023-12-19T00:00:00+00:00
[2023-12-19T14:26:47.909+0000] {processor.py:183} INFO - Processing /home/airflow/.local/lib/python3.8/site-packages/airflow/example_dags/example_branch_day_of_week_operator.py took 0.144 seconds
[2023-12-19T14:27:18.944+0000] {processor.py:161} INFO - Started process (PID=270) to work on /home/airflow/.local/lib/python3.8/site-packages/airflow/example_dags/example_branch_day_of_week_operator.py
[2023-12-19T14:27:18.946+0000] {processor.py:830} INFO - Processing file /home/airflow/.local/lib/python3.8/site-packages/airflow/example_dags/example_branch_day_of_week_operator.py for tasks to queue
[2023-12-19T14:27:18.952+0000] {logging_mixin.py:188} INFO - [2023-12-19T14:27:18.951+0000] {dagbag.py:538} INFO - Filling up the DagBag from /home/airflow/.local/lib/python3.8/site-packages/airflow/example_dags/example_branch_day_of_week_operator.py
[2023-12-19T14:27:18.973+0000] {processor.py:840} INFO - DAG(s) 'example_weekday_branch_operator' retrieved from /home/airflow/.local/lib/python3.8/site-packages/airflow/example_dags/example_branch_day_of_week_operator.py
[2023-12-19T14:27:19.037+0000] {logging_mixin.py:188} INFO - [2023-12-19T14:27:19.036+0000] {dag.py:3033} INFO - Sync 1 DAGs
[2023-12-19T14:27:19.105+0000] {logging_mixin.py:188} INFO - [2023-12-19T14:27:19.104+0000] {dag.py:3820} INFO - Setting next_dagrun for example_weekday_branch_operator to 2023-12-18T00:00:00+00:00, run_after=2023-12-19T00:00:00+00:00
[2023-12-19T14:27:19.168+0000] {processor.py:183} INFO - Processing /home/airflow/.local/lib/python3.8/site-packages/airflow/example_dags/example_branch_day_of_week_operator.py took 0.232 seconds
[2023-12-19T14:27:50.019+0000] {processor.py:161} INFO - Started process (PID=325) to work on /home/airflow/.local/lib/python3.8/site-packages/airflow/example_dags/example_branch_day_of_week_operator.py
[2023-12-19T14:27:50.022+0000] {processor.py:830} INFO - Processing file /home/airflow/.local/lib/python3.8/site-packages/airflow/example_dags/example_branch_day_of_week_operator.py for tasks to queue
[2023-12-19T14:27:50.028+0000] {logging_mixin.py:188} INFO - [2023-12-19T14:27:50.026+0000] {dagbag.py:538} INFO - Filling up the DagBag from /home/airflow/.local/lib/python3.8/site-packages/airflow/example_dags/example_branch_day_of_week_operator.py
[2023-12-19T14:27:50.069+0000] {processor.py:840} INFO - DAG(s) 'example_weekday_branch_operator' retrieved from /home/airflow/.local/lib/python3.8/site-packages/airflow/example_dags/example_branch_day_of_week_operator.py
[2023-12-19T14:27:50.131+0000] {logging_mixin.py:188} INFO - [2023-12-19T14:27:50.130+0000] {dag.py:3033} INFO - Sync 1 DAGs
[2023-12-19T14:27:50.239+0000] {logging_mixin.py:188} INFO - [2023-12-19T14:27:50.239+0000] {dag.py:3820} INFO - Setting next_dagrun for example_weekday_branch_operator to 2023-12-18T00:00:00+00:00, run_after=2023-12-19T00:00:00+00:00
[2023-12-19T14:27:50.307+0000] {processor.py:183} INFO - Processing /home/airflow/.local/lib/python3.8/site-packages/airflow/example_dags/example_branch_day_of_week_operator.py took 0.311 seconds
[2023-12-19T14:28:21.215+0000] {processor.py:161} INFO - Started process (PID=380) to work on /home/airflow/.local/lib/python3.8/site-packages/airflow/example_dags/example_branch_day_of_week_operator.py
[2023-12-19T14:28:21.218+0000] {processor.py:830} INFO - Processing file /home/airflow/.local/lib/python3.8/site-packages/airflow/example_dags/example_branch_day_of_week_operator.py for tasks to queue
[2023-12-19T14:28:21.223+0000] {logging_mixin.py:188} INFO - [2023-12-19T14:28:21.222+0000] {dagbag.py:538} INFO - Filling up the DagBag from /home/airflow/.local/lib/python3.8/site-packages/airflow/example_dags/example_branch_day_of_week_operator.py
[2023-12-19T14:28:21.238+0000] {processor.py:840} INFO - DAG(s) 'example_weekday_branch_operator' retrieved from /home/airflow/.local/lib/python3.8/site-packages/airflow/example_dags/example_branch_day_of_week_operator.py
[2023-12-19T14:28:21.282+0000] {logging_mixin.py:188} INFO - [2023-12-19T14:28:21.281+0000] {dag.py:3033} INFO - Sync 1 DAGs
[2023-12-19T14:28:21.340+0000] {logging_mixin.py:188} INFO - [2023-12-19T14:28:21.339+0000] {dag.py:3820} INFO - Setting next_dagrun for example_weekday_branch_operator to 2023-12-18T00:00:00+00:00, run_after=2023-12-19T00:00:00+00:00
[2023-12-19T14:28:21.397+0000] {processor.py:183} INFO - Processing /home/airflow/.local/lib/python3.8/site-packages/airflow/example_dags/example_branch_day_of_week_operator.py took 0.190 seconds
[2023-12-19T14:28:52.193+0000] {processor.py:161} INFO - Started process (PID=435) to work on /home/airflow/.local/lib/python3.8/site-packages/airflow/example_dags/example_branch_day_of_week_operator.py
[2023-12-19T14:28:52.203+0000] {processor.py:830} INFO - Processing file /home/airflow/.local/lib/python3.8/site-packages/airflow/example_dags/example_branch_day_of_week_operator.py for tasks to queue
[2023-12-19T14:28:52.208+0000] {logging_mixin.py:188} INFO - [2023-12-19T14:28:52.207+0000] {dagbag.py:538} INFO - Filling up the DagBag from /home/airflow/.local/lib/python3.8/site-packages/airflow/example_dags/example_branch_day_of_week_operator.py
[2023-12-19T14:28:52.232+0000] {processor.py:840} INFO - DAG(s) 'example_weekday_branch_operator' retrieved from /home/airflow/.local/lib/python3.8/site-packages/airflow/example_dags/example_branch_day_of_week_operator.py
[2023-12-19T14:28:52.311+0000] {logging_mixin.py:188} INFO - [2023-12-19T14:28:52.310+0000] {dag.py:3033} INFO - Sync 1 DAGs
[2023-12-19T14:28:52.367+0000] {logging_mixin.py:188} INFO - [2023-12-19T14:28:52.367+0000] {dag.py:3820} INFO - Setting next_dagrun for example_weekday_branch_operator to 2023-12-18T00:00:00+00:00, run_after=2023-12-19T00:00:00+00:00
[2023-12-19T14:28:52.420+0000] {processor.py:183} INFO - Processing /home/airflow/.local/lib/python3.8/site-packages/airflow/example_dags/example_branch_day_of_week_operator.py took 0.235 seconds
[2023-12-19T14:29:22.675+0000] {processor.py:161} INFO - Started process (PID=490) to work on /home/airflow/.local/lib/python3.8/site-packages/airflow/example_dags/example_branch_day_of_week_operator.py
[2023-12-19T14:29:22.677+0000] {processor.py:830} INFO - Processing file /home/airflow/.local/lib/python3.8/site-packages/airflow/example_dags/example_branch_day_of_week_operator.py for tasks to queue
[2023-12-19T14:29:22.683+0000] {logging_mixin.py:188} INFO - [2023-12-19T14:29:22.682+0000] {dagbag.py:538} INFO - Filling up the DagBag from /home/airflow/.local/lib/python3.8/site-packages/airflow/example_dags/example_branch_day_of_week_operator.py
[2023-12-19T14:29:22.702+0000] {processor.py:840} INFO - DAG(s) 'example_weekday_branch_operator' retrieved from /home/airflow/.local/lib/python3.8/site-packages/airflow/example_dags/example_branch_day_of_week_operator.py
[2023-12-19T14:29:22.753+0000] {logging_mixin.py:188} INFO - [2023-12-19T14:29:22.752+0000] {dag.py:3033} INFO - Sync 1 DAGs
[2023-12-19T14:29:22.862+0000] {logging_mixin.py:188} INFO - [2023-12-19T14:29:22.861+0000] {dag.py:3820} INFO - Setting next_dagrun for example_weekday_branch_operator to 2023-12-18T00:00:00+00:00, run_after=2023-12-19T00:00:00+00:00
[2023-12-19T14:29:22.929+0000] {processor.py:183} INFO - Processing /home/airflow/.local/lib/python3.8/site-packages/airflow/example_dags/example_branch_day_of_week_operator.py took 0.261 seconds
[2023-12-19T14:29:53.229+0000] {processor.py:161} INFO - Started process (PID=544) to work on /home/airflow/.local/lib/python3.8/site-packages/airflow/example_dags/example_branch_day_of_week_operator.py
[2023-12-19T14:29:53.233+0000] {processor.py:830} INFO - Processing file /home/airflow/.local/lib/python3.8/site-packages/airflow/example_dags/example_branch_day_of_week_operator.py for tasks to queue
[2023-12-19T14:29:53.240+0000] {logging_mixin.py:188} INFO - [2023-12-19T14:29:53.240+0000] {dagbag.py:538} INFO - Filling up the DagBag from /home/airflow/.local/lib/python3.8/site-packages/airflow/example_dags/example_branch_day_of_week_operator.py
[2023-12-19T14:29:53.263+0000] {processor.py:840} INFO - DAG(s) 'example_weekday_branch_operator' retrieved from /home/airflow/.local/lib/python3.8/site-packages/airflow/example_dags/example_branch_day_of_week_operator.py
[2023-12-19T14:29:53.342+0000] {logging_mixin.py:188} INFO - [2023-12-19T14:29:53.341+0000] {dag.py:3033} INFO - Sync 1 DAGs
[2023-12-19T14:29:53.429+0000] {logging_mixin.py:188} INFO - [2023-12-19T14:29:53.428+0000] {dag.py:3820} INFO - Setting next_dagrun for example_weekday_branch_operator to 2023-12-18T00:00:00+00:00, run_after=2023-12-19T00:00:00+00:00
[2023-12-19T14:29:53.515+0000] {processor.py:183} INFO - Processing /home/airflow/.local/lib/python3.8/site-packages/airflow/example_dags/example_branch_day_of_week_operator.py took 0.295 seconds
[2023-12-19T14:30:23.879+0000] {processor.py:161} INFO - Started process (PID=598) to work on /home/airflow/.local/lib/python3.8/site-packages/airflow/example_dags/example_branch_day_of_week_operator.py
[2023-12-19T14:30:23.881+0000] {processor.py:830} INFO - Processing file /home/airflow/.local/lib/python3.8/site-packages/airflow/example_dags/example_branch_day_of_week_operator.py for tasks to queue
[2023-12-19T14:30:23.885+0000] {logging_mixin.py:188} INFO - [2023-12-19T14:30:23.885+0000] {dagbag.py:538} INFO - Filling up the DagBag from /home/airflow/.local/lib/python3.8/site-packages/airflow/example_dags/example_branch_day_of_week_operator.py
[2023-12-19T14:30:23.903+0000] {processor.py:840} INFO - DAG(s) 'example_weekday_branch_operator' retrieved from /home/airflow/.local/lib/python3.8/site-packages/airflow/example_dags/example_branch_day_of_week_operator.py
[2023-12-19T14:30:23.946+0000] {logging_mixin.py:188} INFO - [2023-12-19T14:30:23.946+0000] {dag.py:3033} INFO - Sync 1 DAGs
[2023-12-19T14:30:23.989+0000] {logging_mixin.py:188} INFO - [2023-12-19T14:30:23.989+0000] {dag.py:3820} INFO - Setting next_dagrun for example_weekday_branch_operator to 2023-12-18T00:00:00+00:00, run_after=2023-12-19T00:00:00+00:00
[2023-12-19T14:30:24.025+0000] {processor.py:183} INFO - Processing /home/airflow/.local/lib/python3.8/site-packages/airflow/example_dags/example_branch_day_of_week_operator.py took 0.154 seconds
[2023-12-19T14:30:54.895+0000] {processor.py:161} INFO - Started process (PID=653) to work on /home/airflow/.local/lib/python3.8/site-packages/airflow/example_dags/example_branch_day_of_week_operator.py
[2023-12-19T14:30:54.908+0000] {processor.py:830} INFO - Processing file /home/airflow/.local/lib/python3.8/site-packages/airflow/example_dags/example_branch_day_of_week_operator.py for tasks to queue
[2023-12-19T14:30:54.915+0000] {logging_mixin.py:188} INFO - [2023-12-19T14:30:54.914+0000] {dagbag.py:538} INFO - Filling up the DagBag from /home/airflow/.local/lib/python3.8/site-packages/airflow/example_dags/example_branch_day_of_week_operator.py
[2023-12-19T14:30:54.971+0000] {processor.py:840} INFO - DAG(s) 'example_weekday_branch_operator' retrieved from /home/airflow/.local/lib/python3.8/site-packages/airflow/example_dags/example_branch_day_of_week_operator.py
[2023-12-19T14:30:55.115+0000] {logging_mixin.py:188} INFO - [2023-12-19T14:30:55.115+0000] {dag.py:3033} INFO - Sync 1 DAGs
[2023-12-19T14:30:55.313+0000] {logging_mixin.py:188} INFO - [2023-12-19T14:30:55.312+0000] {dag.py:3820} INFO - Setting next_dagrun for example_weekday_branch_operator to 2023-12-18T00:00:00+00:00, run_after=2023-12-19T00:00:00+00:00
[2023-12-19T14:30:55.555+0000] {processor.py:183} INFO - Processing /home/airflow/.local/lib/python3.8/site-packages/airflow/example_dags/example_branch_day_of_week_operator.py took 0.682 seconds
[2023-12-19T14:31:26.188+0000] {processor.py:161} INFO - Started process (PID=707) to work on /home/airflow/.local/lib/python3.8/site-packages/airflow/example_dags/example_branch_day_of_week_operator.py
[2023-12-19T14:31:26.192+0000] {processor.py:830} INFO - Processing file /home/airflow/.local/lib/python3.8/site-packages/airflow/example_dags/example_branch_day_of_week_operator.py for tasks to queue
[2023-12-19T14:31:26.207+0000] {logging_mixin.py:188} INFO - [2023-12-19T14:31:26.207+0000] {dagbag.py:538} INFO - Filling up the DagBag from /home/airflow/.local/lib/python3.8/site-packages/airflow/example_dags/example_branch_day_of_week_operator.py
[2023-12-19T14:31:26.247+0000] {processor.py:840} INFO - DAG(s) 'example_weekday_branch_operator' retrieved from /home/airflow/.local/lib/python3.8/site-packages/airflow/example_dags/example_branch_day_of_week_operator.py
[2023-12-19T14:31:26.356+0000] {logging_mixin.py:188} INFO - [2023-12-19T14:31:26.356+0000] {dag.py:3033} INFO - Sync 1 DAGs
[2023-12-19T14:31:26.509+0000] {logging_mixin.py:188} INFO - [2023-12-19T14:31:26.509+0000] {dag.py:3820} INFO - Setting next_dagrun for example_weekday_branch_operator to 2023-12-18T00:00:00+00:00, run_after=2023-12-19T00:00:00+00:00
[2023-12-19T14:31:26.694+0000] {processor.py:183} INFO - Processing /home/airflow/.local/lib/python3.8/site-packages/airflow/example_dags/example_branch_day_of_week_operator.py took 0.515 seconds
[2023-12-19T14:31:56.894+0000] {processor.py:161} INFO - Started process (PID=762) to work on /home/airflow/.local/lib/python3.8/site-packages/airflow/example_dags/example_branch_day_of_week_operator.py
[2023-12-19T14:31:56.896+0000] {processor.py:830} INFO - Processing file /home/airflow/.local/lib/python3.8/site-packages/airflow/example_dags/example_branch_day_of_week_operator.py for tasks to queue
[2023-12-19T14:31:56.901+0000] {logging_mixin.py:188} INFO - [2023-12-19T14:31:56.900+0000] {dagbag.py:538} INFO - Filling up the DagBag from /home/airflow/.local/lib/python3.8/site-packages/airflow/example_dags/example_branch_day_of_week_operator.py
[2023-12-19T14:31:56.923+0000] {processor.py:840} INFO - DAG(s) 'example_weekday_branch_operator' retrieved from /home/airflow/.local/lib/python3.8/site-packages/airflow/example_dags/example_branch_day_of_week_operator.py
[2023-12-19T14:31:56.973+0000] {logging_mixin.py:188} INFO - [2023-12-19T14:31:56.972+0000] {dag.py:3033} INFO - Sync 1 DAGs
[2023-12-19T14:31:57.032+0000] {logging_mixin.py:188} INFO - [2023-12-19T14:31:57.032+0000] {dag.py:3820} INFO - Setting next_dagrun for example_weekday_branch_operator to 2023-12-18T00:00:00+00:00, run_after=2023-12-19T00:00:00+00:00
[2023-12-19T14:31:57.080+0000] {processor.py:183} INFO - Processing /home/airflow/.local/lib/python3.8/site-packages/airflow/example_dags/example_branch_day_of_week_operator.py took 0.195 seconds
[2023-12-19T14:32:27.329+0000] {processor.py:161} INFO - Started process (PID=816) to work on /home/airflow/.local/lib/python3.8/site-packages/airflow/example_dags/example_branch_day_of_week_operator.py
[2023-12-19T14:32:27.338+0000] {processor.py:830} INFO - Processing file /home/airflow/.local/lib/python3.8/site-packages/airflow/example_dags/example_branch_day_of_week_operator.py for tasks to queue
[2023-12-19T14:32:27.343+0000] {logging_mixin.py:188} INFO - [2023-12-19T14:32:27.342+0000] {dagbag.py:538} INFO - Filling up the DagBag from /home/airflow/.local/lib/python3.8/site-packages/airflow/example_dags/example_branch_day_of_week_operator.py
[2023-12-19T14:32:27.365+0000] {processor.py:840} INFO - DAG(s) 'example_weekday_branch_operator' retrieved from /home/airflow/.local/lib/python3.8/site-packages/airflow/example_dags/example_branch_day_of_week_operator.py
[2023-12-19T14:32:27.449+0000] {logging_mixin.py:188} INFO - [2023-12-19T14:32:27.449+0000] {dag.py:3033} INFO - Sync 1 DAGs
[2023-12-19T14:32:27.538+0000] {logging_mixin.py:188} INFO - [2023-12-19T14:32:27.537+0000] {dag.py:3820} INFO - Setting next_dagrun for example_weekday_branch_operator to 2023-12-18T00:00:00+00:00, run_after=2023-12-19T00:00:00+00:00
[2023-12-19T14:32:27.616+0000] {processor.py:183} INFO - Processing /home/airflow/.local/lib/python3.8/site-packages/airflow/example_dags/example_branch_day_of_week_operator.py took 0.295 seconds
[2023-12-19T14:32:57.956+0000] {processor.py:161} INFO - Started process (PID=871) to work on /home/airflow/.local/lib/python3.8/site-packages/airflow/example_dags/example_branch_day_of_week_operator.py
[2023-12-19T14:32:57.961+0000] {processor.py:830} INFO - Processing file /home/airflow/.local/lib/python3.8/site-packages/airflow/example_dags/example_branch_day_of_week_operator.py for tasks to queue
[2023-12-19T14:32:57.967+0000] {logging_mixin.py:188} INFO - [2023-12-19T14:32:57.966+0000] {dagbag.py:538} INFO - Filling up the DagBag from /home/airflow/.local/lib/python3.8/site-packages/airflow/example_dags/example_branch_day_of_week_operator.py
[2023-12-19T14:32:57.990+0000] {processor.py:840} INFO - DAG(s) 'example_weekday_branch_operator' retrieved from /home/airflow/.local/lib/python3.8/site-packages/airflow/example_dags/example_branch_day_of_week_operator.py
[2023-12-19T14:32:58.046+0000] {logging_mixin.py:188} INFO - [2023-12-19T14:32:58.045+0000] {dag.py:3033} INFO - Sync 1 DAGs
[2023-12-19T14:32:58.115+0000] {logging_mixin.py:188} INFO - [2023-12-19T14:32:58.114+0000] {dag.py:3820} INFO - Setting next_dagrun for example_weekday_branch_operator to 2023-12-18T00:00:00+00:00, run_after=2023-12-19T00:00:00+00:00
[2023-12-19T14:32:58.187+0000] {processor.py:183} INFO - Processing /home/airflow/.local/lib/python3.8/site-packages/airflow/example_dags/example_branch_day_of_week_operator.py took 0.240 seconds
[2023-12-19T14:33:28.481+0000] {processor.py:161} INFO - Started process (PID=926) to work on /home/airflow/.local/lib/python3.8/site-packages/airflow/example_dags/example_branch_day_of_week_operator.py
[2023-12-19T14:33:28.490+0000] {processor.py:830} INFO - Processing file /home/airflow/.local/lib/python3.8/site-packages/airflow/example_dags/example_branch_day_of_week_operator.py for tasks to queue
[2023-12-19T14:33:28.498+0000] {logging_mixin.py:188} INFO - [2023-12-19T14:33:28.497+0000] {dagbag.py:538} INFO - Filling up the DagBag from /home/airflow/.local/lib/python3.8/site-packages/airflow/example_dags/example_branch_day_of_week_operator.py
[2023-12-19T14:33:28.527+0000] {processor.py:840} INFO - DAG(s) 'example_weekday_branch_operator' retrieved from /home/airflow/.local/lib/python3.8/site-packages/airflow/example_dags/example_branch_day_of_week_operator.py
[2023-12-19T14:33:28.700+0000] {logging_mixin.py:188} INFO - [2023-12-19T14:33:28.700+0000] {dag.py:3033} INFO - Sync 1 DAGs
[2023-12-19T14:33:28.834+0000] {logging_mixin.py:188} INFO - [2023-12-19T14:33:28.833+0000] {dag.py:3820} INFO - Setting next_dagrun for example_weekday_branch_operator to 2023-12-18T00:00:00+00:00, run_after=2023-12-19T00:00:00+00:00
[2023-12-19T14:33:28.924+0000] {processor.py:183} INFO - Processing /home/airflow/.local/lib/python3.8/site-packages/airflow/example_dags/example_branch_day_of_week_operator.py took 0.462 seconds
[2023-12-19T14:33:59.124+0000] {processor.py:161} INFO - Started process (PID=981) to work on /home/airflow/.local/lib/python3.8/site-packages/airflow/example_dags/example_branch_day_of_week_operator.py
[2023-12-19T14:33:59.126+0000] {processor.py:830} INFO - Processing file /home/airflow/.local/lib/python3.8/site-packages/airflow/example_dags/example_branch_day_of_week_operator.py for tasks to queue
[2023-12-19T14:33:59.131+0000] {logging_mixin.py:188} INFO - [2023-12-19T14:33:59.130+0000] {dagbag.py:538} INFO - Filling up the DagBag from /home/airflow/.local/lib/python3.8/site-packages/airflow/example_dags/example_branch_day_of_week_operator.py
[2023-12-19T14:33:59.152+0000] {processor.py:840} INFO - DAG(s) 'example_weekday_branch_operator' retrieved from /home/airflow/.local/lib/python3.8/site-packages/airflow/example_dags/example_branch_day_of_week_operator.py
[2023-12-19T14:33:59.218+0000] {logging_mixin.py:188} INFO - [2023-12-19T14:33:59.217+0000] {dag.py:3033} INFO - Sync 1 DAGs
[2023-12-19T14:33:59.297+0000] {logging_mixin.py:188} INFO - [2023-12-19T14:33:59.296+0000] {dag.py:3820} INFO - Setting next_dagrun for example_weekday_branch_operator to 2023-12-18T00:00:00+00:00, run_after=2023-12-19T00:00:00+00:00
[2023-12-19T14:33:59.341+0000] {processor.py:183} INFO - Processing /home/airflow/.local/lib/python3.8/site-packages/airflow/example_dags/example_branch_day_of_week_operator.py took 0.224 seconds
[2023-12-19T14:34:29.398+0000] {processor.py:161} INFO - Started process (PID=1035) to work on /home/airflow/.local/lib/python3.8/site-packages/airflow/example_dags/example_branch_day_of_week_operator.py
[2023-12-19T14:34:29.399+0000] {processor.py:830} INFO - Processing file /home/airflow/.local/lib/python3.8/site-packages/airflow/example_dags/example_branch_day_of_week_operator.py for tasks to queue
[2023-12-19T14:34:29.403+0000] {logging_mixin.py:188} INFO - [2023-12-19T14:34:29.403+0000] {dagbag.py:538} INFO - Filling up the DagBag from /home/airflow/.local/lib/python3.8/site-packages/airflow/example_dags/example_branch_day_of_week_operator.py
[2023-12-19T14:34:29.419+0000] {processor.py:840} INFO - DAG(s) 'example_weekday_branch_operator' retrieved from /home/airflow/.local/lib/python3.8/site-packages/airflow/example_dags/example_branch_day_of_week_operator.py
[2023-12-19T14:34:29.460+0000] {logging_mixin.py:188} INFO - [2023-12-19T14:34:29.459+0000] {dag.py:3033} INFO - Sync 1 DAGs
[2023-12-19T14:34:29.503+0000] {logging_mixin.py:188} INFO - [2023-12-19T14:34:29.503+0000] {dag.py:3820} INFO - Setting next_dagrun for example_weekday_branch_operator to 2023-12-18T00:00:00+00:00, run_after=2023-12-19T00:00:00+00:00
[2023-12-19T14:34:29.538+0000] {processor.py:183} INFO - Processing /home/airflow/.local/lib/python3.8/site-packages/airflow/example_dags/example_branch_day_of_week_operator.py took 0.147 seconds
[2023-12-19T14:34:59.896+0000] {processor.py:161} INFO - Started process (PID=1090) to work on /home/airflow/.local/lib/python3.8/site-packages/airflow/example_dags/example_branch_day_of_week_operator.py
[2023-12-19T14:34:59.902+0000] {processor.py:830} INFO - Processing file /home/airflow/.local/lib/python3.8/site-packages/airflow/example_dags/example_branch_day_of_week_operator.py for tasks to queue
[2023-12-19T14:34:59.909+0000] {logging_mixin.py:188} INFO - [2023-12-19T14:34:59.906+0000] {dagbag.py:538} INFO - Filling up the DagBag from /home/airflow/.local/lib/python3.8/site-packages/airflow/example_dags/example_branch_day_of_week_operator.py
[2023-12-19T14:34:59.936+0000] {processor.py:840} INFO - DAG(s) 'example_weekday_branch_operator' retrieved from /home/airflow/.local/lib/python3.8/site-packages/airflow/example_dags/example_branch_day_of_week_operator.py
[2023-12-19T14:35:00.047+0000] {logging_mixin.py:188} INFO - [2023-12-19T14:35:00.047+0000] {dag.py:3033} INFO - Sync 1 DAGs
[2023-12-19T14:35:00.149+0000] {logging_mixin.py:188} INFO - [2023-12-19T14:35:00.148+0000] {dag.py:3820} INFO - Setting next_dagrun for example_weekday_branch_operator to 2023-12-18T00:00:00+00:00, run_after=2023-12-19T00:00:00+00:00
[2023-12-19T14:35:00.220+0000] {processor.py:183} INFO - Processing /home/airflow/.local/lib/python3.8/site-packages/airflow/example_dags/example_branch_day_of_week_operator.py took 0.332 seconds
[2023-12-19T14:35:30.833+0000] {processor.py:161} INFO - Started process (PID=1145) to work on /home/airflow/.local/lib/python3.8/site-packages/airflow/example_dags/example_branch_day_of_week_operator.py
[2023-12-19T14:35:30.834+0000] {processor.py:830} INFO - Processing file /home/airflow/.local/lib/python3.8/site-packages/airflow/example_dags/example_branch_day_of_week_operator.py for tasks to queue
[2023-12-19T14:35:30.837+0000] {logging_mixin.py:188} INFO - [2023-12-19T14:35:30.837+0000] {dagbag.py:538} INFO - Filling up the DagBag from /home/airflow/.local/lib/python3.8/site-packages/airflow/example_dags/example_branch_day_of_week_operator.py
[2023-12-19T14:35:30.851+0000] {processor.py:840} INFO - DAG(s) 'example_weekday_branch_operator' retrieved from /home/airflow/.local/lib/python3.8/site-packages/airflow/example_dags/example_branch_day_of_week_operator.py
[2023-12-19T14:35:30.884+0000] {logging_mixin.py:188} INFO - [2023-12-19T14:35:30.883+0000] {dag.py:3033} INFO - Sync 1 DAGs
[2023-12-19T14:35:30.921+0000] {logging_mixin.py:188} INFO - [2023-12-19T14:35:30.920+0000] {dag.py:3820} INFO - Setting next_dagrun for example_weekday_branch_operator to 2023-12-18T00:00:00+00:00, run_after=2023-12-19T00:00:00+00:00
[2023-12-19T14:35:30.951+0000] {processor.py:183} INFO - Processing /home/airflow/.local/lib/python3.8/site-packages/airflow/example_dags/example_branch_day_of_week_operator.py took 0.124 seconds
[2023-12-19T14:36:01.384+0000] {processor.py:161} INFO - Started process (PID=1199) to work on /home/airflow/.local/lib/python3.8/site-packages/airflow/example_dags/example_branch_day_of_week_operator.py
[2023-12-19T14:36:01.385+0000] {processor.py:830} INFO - Processing file /home/airflow/.local/lib/python3.8/site-packages/airflow/example_dags/example_branch_day_of_week_operator.py for tasks to queue
[2023-12-19T14:36:01.387+0000] {logging_mixin.py:188} INFO - [2023-12-19T14:36:01.387+0000] {dagbag.py:538} INFO - Filling up the DagBag from /home/airflow/.local/lib/python3.8/site-packages/airflow/example_dags/example_branch_day_of_week_operator.py
[2023-12-19T14:36:01.399+0000] {processor.py:840} INFO - DAG(s) 'example_weekday_branch_operator' retrieved from /home/airflow/.local/lib/python3.8/site-packages/airflow/example_dags/example_branch_day_of_week_operator.py
[2023-12-19T14:36:01.432+0000] {logging_mixin.py:188} INFO - [2023-12-19T14:36:01.432+0000] {dag.py:3033} INFO - Sync 1 DAGs
[2023-12-19T14:36:01.471+0000] {logging_mixin.py:188} INFO - [2023-12-19T14:36:01.471+0000] {dag.py:3820} INFO - Setting next_dagrun for example_weekday_branch_operator to 2023-12-18T00:00:00+00:00, run_after=2023-12-19T00:00:00+00:00
[2023-12-19T14:36:01.504+0000] {processor.py:183} INFO - Processing /home/airflow/.local/lib/python3.8/site-packages/airflow/example_dags/example_branch_day_of_week_operator.py took 0.125 seconds
[2023-12-19T14:36:32.050+0000] {processor.py:161} INFO - Started process (PID=1254) to work on /home/airflow/.local/lib/python3.8/site-packages/airflow/example_dags/example_branch_day_of_week_operator.py
[2023-12-19T14:36:32.050+0000] {processor.py:830} INFO - Processing file /home/airflow/.local/lib/python3.8/site-packages/airflow/example_dags/example_branch_day_of_week_operator.py for tasks to queue
[2023-12-19T14:36:32.053+0000] {logging_mixin.py:188} INFO - [2023-12-19T14:36:32.053+0000] {dagbag.py:538} INFO - Filling up the DagBag from /home/airflow/.local/lib/python3.8/site-packages/airflow/example_dags/example_branch_day_of_week_operator.py
[2023-12-19T14:36:32.063+0000] {processor.py:840} INFO - DAG(s) 'example_weekday_branch_operator' retrieved from /home/airflow/.local/lib/python3.8/site-packages/airflow/example_dags/example_branch_day_of_week_operator.py
[2023-12-19T14:36:32.091+0000] {logging_mixin.py:188} INFO - [2023-12-19T14:36:32.091+0000] {dag.py:3033} INFO - Sync 1 DAGs
[2023-12-19T14:36:32.126+0000] {logging_mixin.py:188} INFO - [2023-12-19T14:36:32.126+0000] {dag.py:3820} INFO - Setting next_dagrun for example_weekday_branch_operator to 2023-12-18T00:00:00+00:00, run_after=2023-12-19T00:00:00+00:00
[2023-12-19T14:36:32.152+0000] {processor.py:183} INFO - Processing /home/airflow/.local/lib/python3.8/site-packages/airflow/example_dags/example_branch_day_of_week_operator.py took 0.106 seconds
[2023-12-19T14:37:02.286+0000] {processor.py:161} INFO - Started process (PID=1309) to work on /home/airflow/.local/lib/python3.8/site-packages/airflow/example_dags/example_branch_day_of_week_operator.py
[2023-12-19T14:37:02.288+0000] {processor.py:830} INFO - Processing file /home/airflow/.local/lib/python3.8/site-packages/airflow/example_dags/example_branch_day_of_week_operator.py for tasks to queue
[2023-12-19T14:37:02.292+0000] {logging_mixin.py:188} INFO - [2023-12-19T14:37:02.291+0000] {dagbag.py:538} INFO - Filling up the DagBag from /home/airflow/.local/lib/python3.8/site-packages/airflow/example_dags/example_branch_day_of_week_operator.py
[2023-12-19T14:37:02.306+0000] {processor.py:840} INFO - DAG(s) 'example_weekday_branch_operator' retrieved from /home/airflow/.local/lib/python3.8/site-packages/airflow/example_dags/example_branch_day_of_week_operator.py
[2023-12-19T14:37:02.355+0000] {logging_mixin.py:188} INFO - [2023-12-19T14:37:02.354+0000] {dag.py:3033} INFO - Sync 1 DAGs
[2023-12-19T14:37:02.393+0000] {logging_mixin.py:188} INFO - [2023-12-19T14:37:02.393+0000] {dag.py:3820} INFO - Setting next_dagrun for example_weekday_branch_operator to 2023-12-18T00:00:00+00:00, run_after=2023-12-19T00:00:00+00:00
[2023-12-19T14:37:02.422+0000] {processor.py:183} INFO - Processing /home/airflow/.local/lib/python3.8/site-packages/airflow/example_dags/example_branch_day_of_week_operator.py took 0.143 seconds
