[2023-12-19T14:13:59.141+0000] {processor.py:161} INFO - Started process (PID=46) to work on /home/airflow/.local/lib/python3.8/site-packages/airflow/example_dags/example_kubernetes_executor.py
[2023-12-19T14:13:59.143+0000] {processor.py:830} INFO - Processing file /home/airflow/.local/lib/python3.8/site-packages/airflow/example_dags/example_kubernetes_executor.py for tasks to queue
[2023-12-19T14:13:59.148+0000] {logging_mixin.py:188} INFO - [2023-12-19T14:13:59.148+0000] {dagbag.py:538} INFO - Filling up the DagBag from /home/airflow/.local/lib/python3.8/site-packages/airflow/example_dags/example_kubernetes_executor.py
[2023-12-19T14:13:59.193+0000] {processor.py:840} INFO - DAG(s) 'example_kubernetes_executor' retrieved from /home/airflow/.local/lib/python3.8/site-packages/airflow/example_dags/example_kubernetes_executor.py
[2023-12-19T14:13:59.742+0000] {logging_mixin.py:188} INFO - [2023-12-19T14:13:59.741+0000] {dag.py:3033} INFO - Sync 1 DAGs
[2023-12-19T14:13:59.781+0000] {logging_mixin.py:188} INFO - [2023-12-19T14:13:59.781+0000] {dag.py:3820} INFO - Setting next_dagrun for example_kubernetes_executor to None, run_after=None
[2023-12-19T14:13:59.896+0000] {processor.py:183} INFO - Processing /home/airflow/.local/lib/python3.8/site-packages/airflow/example_dags/example_kubernetes_executor.py took 0.763 seconds
[2023-12-19T14:14:31.794+0000] {processor.py:161} INFO - Started process (PID=101) to work on /home/airflow/.local/lib/python3.8/site-packages/airflow/example_dags/example_kubernetes_executor.py
[2023-12-19T14:14:31.800+0000] {processor.py:830} INFO - Processing file /home/airflow/.local/lib/python3.8/site-packages/airflow/example_dags/example_kubernetes_executor.py for tasks to queue
[2023-12-19T14:14:31.808+0000] {logging_mixin.py:188} INFO - [2023-12-19T14:14:31.806+0000] {dagbag.py:538} INFO - Filling up the DagBag from /home/airflow/.local/lib/python3.8/site-packages/airflow/example_dags/example_kubernetes_executor.py
[2023-12-19T14:14:31.851+0000] {processor.py:840} INFO - DAG(s) 'example_kubernetes_executor' retrieved from /home/airflow/.local/lib/python3.8/site-packages/airflow/example_dags/example_kubernetes_executor.py
[2023-12-19T14:14:31.973+0000] {logging_mixin.py:188} INFO - [2023-12-19T14:14:31.972+0000] {dag.py:3033} INFO - Sync 1 DAGs
[2023-12-19T14:14:32.045+0000] {logging_mixin.py:188} INFO - [2023-12-19T14:14:32.045+0000] {dag.py:3820} INFO - Setting next_dagrun for example_kubernetes_executor to None, run_after=None
[2023-12-19T14:14:32.131+0000] {processor.py:183} INFO - Processing /home/airflow/.local/lib/python3.8/site-packages/airflow/example_dags/example_kubernetes_executor.py took 0.349 seconds
[2023-12-19T14:15:18.616+0000] {processor.py:161} INFO - Started process (PID=162) to work on /home/airflow/.local/lib/python3.8/site-packages/airflow/example_dags/example_kubernetes_executor.py
[2023-12-19T14:15:18.669+0000] {processor.py:830} INFO - Processing file /home/airflow/.local/lib/python3.8/site-packages/airflow/example_dags/example_kubernetes_executor.py for tasks to queue
[2023-12-19T14:15:18.690+0000] {logging_mixin.py:188} INFO - [2023-12-19T14:15:18.678+0000] {dagbag.py:538} INFO - Filling up the DagBag from /home/airflow/.local/lib/python3.8/site-packages/airflow/example_dags/example_kubernetes_executor.py
[2023-12-19T14:15:18.818+0000] {processor.py:840} INFO - DAG(s) 'example_kubernetes_executor' retrieved from /home/airflow/.local/lib/python3.8/site-packages/airflow/example_dags/example_kubernetes_executor.py
[2023-12-19T14:15:19.558+0000] {logging_mixin.py:188} INFO - [2023-12-19T14:15:19.553+0000] {dag.py:3033} INFO - Sync 1 DAGs
[2023-12-19T14:15:19.695+0000] {logging_mixin.py:188} INFO - [2023-12-19T14:15:19.694+0000] {dag.py:3820} INFO - Setting next_dagrun for example_kubernetes_executor to None, run_after=None
[2023-12-19T14:15:19.832+0000] {processor.py:183} INFO - Processing /home/airflow/.local/lib/python3.8/site-packages/airflow/example_dags/example_kubernetes_executor.py took 1.291 seconds
[2023-12-19T14:18:32.439+0000] {processor.py:161} INFO - Started process (PID=44) to work on /home/airflow/.local/lib/python3.8/site-packages/airflow/example_dags/example_kubernetes_executor.py
[2023-12-19T14:18:32.451+0000] {processor.py:830} INFO - Processing file /home/airflow/.local/lib/python3.8/site-packages/airflow/example_dags/example_kubernetes_executor.py for tasks to queue
[2023-12-19T14:18:32.463+0000] {logging_mixin.py:188} INFO - [2023-12-19T14:18:32.455+0000] {dagbag.py:538} INFO - Filling up the DagBag from /home/airflow/.local/lib/python3.8/site-packages/airflow/example_dags/example_kubernetes_executor.py
[2023-12-19T14:18:32.587+0000] {processor.py:840} INFO - DAG(s) 'example_kubernetes_executor' retrieved from /home/airflow/.local/lib/python3.8/site-packages/airflow/example_dags/example_kubernetes_executor.py
[2023-12-19T14:18:32.863+0000] {logging_mixin.py:188} INFO - [2023-12-19T14:18:32.863+0000] {dag.py:3033} INFO - Sync 1 DAGs
[2023-12-19T14:18:32.895+0000] {logging_mixin.py:188} INFO - [2023-12-19T14:18:32.895+0000] {dag.py:3820} INFO - Setting next_dagrun for example_kubernetes_executor to None, run_after=None
[2023-12-19T14:18:32.950+0000] {processor.py:183} INFO - Processing /home/airflow/.local/lib/python3.8/site-packages/airflow/example_dags/example_kubernetes_executor.py took 0.538 seconds
[2023-12-19T14:19:04.860+0000] {processor.py:161} INFO - Started process (PID=100) to work on /home/airflow/.local/lib/python3.8/site-packages/airflow/example_dags/example_kubernetes_executor.py
[2023-12-19T14:19:04.865+0000] {processor.py:830} INFO - Processing file /home/airflow/.local/lib/python3.8/site-packages/airflow/example_dags/example_kubernetes_executor.py for tasks to queue
[2023-12-19T14:19:04.870+0000] {logging_mixin.py:188} INFO - [2023-12-19T14:19:04.870+0000] {dagbag.py:538} INFO - Filling up the DagBag from /home/airflow/.local/lib/python3.8/site-packages/airflow/example_dags/example_kubernetes_executor.py
[2023-12-19T14:19:05.088+0000] {processor.py:840} INFO - DAG(s) 'example_kubernetes_executor' retrieved from /home/airflow/.local/lib/python3.8/site-packages/airflow/example_dags/example_kubernetes_executor.py
[2023-12-19T14:19:05.527+0000] {logging_mixin.py:188} INFO - [2023-12-19T14:19:05.527+0000] {dag.py:3033} INFO - Sync 1 DAGs
[2023-12-19T14:19:05.596+0000] {logging_mixin.py:188} INFO - [2023-12-19T14:19:05.595+0000] {dag.py:3820} INFO - Setting next_dagrun for example_kubernetes_executor to None, run_after=None
[2023-12-19T14:19:05.703+0000] {processor.py:183} INFO - Processing /home/airflow/.local/lib/python3.8/site-packages/airflow/example_dags/example_kubernetes_executor.py took 0.863 seconds
[2023-12-19T14:19:35.958+0000] {processor.py:161} INFO - Started process (PID=155) to work on /home/airflow/.local/lib/python3.8/site-packages/airflow/example_dags/example_kubernetes_executor.py
[2023-12-19T14:19:35.965+0000] {processor.py:830} INFO - Processing file /home/airflow/.local/lib/python3.8/site-packages/airflow/example_dags/example_kubernetes_executor.py for tasks to queue
[2023-12-19T14:19:35.973+0000] {logging_mixin.py:188} INFO - [2023-12-19T14:19:35.970+0000] {dagbag.py:538} INFO - Filling up the DagBag from /home/airflow/.local/lib/python3.8/site-packages/airflow/example_dags/example_kubernetes_executor.py
[2023-12-19T14:19:36.135+0000] {processor.py:840} INFO - DAG(s) 'example_kubernetes_executor' retrieved from /home/airflow/.local/lib/python3.8/site-packages/airflow/example_dags/example_kubernetes_executor.py
[2023-12-19T14:19:36.263+0000] {logging_mixin.py:188} INFO - [2023-12-19T14:19:36.262+0000] {dag.py:3033} INFO - Sync 1 DAGs
[2023-12-19T14:19:36.300+0000] {logging_mixin.py:188} INFO - [2023-12-19T14:19:36.299+0000] {dag.py:3820} INFO - Setting next_dagrun for example_kubernetes_executor to None, run_after=None
[2023-12-19T14:19:36.352+0000] {processor.py:183} INFO - Processing /home/airflow/.local/lib/python3.8/site-packages/airflow/example_dags/example_kubernetes_executor.py took 0.411 seconds
[2023-12-19T14:20:07.115+0000] {processor.py:161} INFO - Started process (PID=210) to work on /home/airflow/.local/lib/python3.8/site-packages/airflow/example_dags/example_kubernetes_executor.py
[2023-12-19T14:20:07.116+0000] {processor.py:830} INFO - Processing file /home/airflow/.local/lib/python3.8/site-packages/airflow/example_dags/example_kubernetes_executor.py for tasks to queue
[2023-12-19T14:20:07.121+0000] {logging_mixin.py:188} INFO - [2023-12-19T14:20:07.120+0000] {dagbag.py:538} INFO - Filling up the DagBag from /home/airflow/.local/lib/python3.8/site-packages/airflow/example_dags/example_kubernetes_executor.py
[2023-12-19T14:20:07.154+0000] {processor.py:840} INFO - DAG(s) 'example_kubernetes_executor' retrieved from /home/airflow/.local/lib/python3.8/site-packages/airflow/example_dags/example_kubernetes_executor.py
[2023-12-19T14:20:07.263+0000] {logging_mixin.py:188} INFO - [2023-12-19T14:20:07.262+0000] {dag.py:3033} INFO - Sync 1 DAGs
[2023-12-19T14:20:07.303+0000] {logging_mixin.py:188} INFO - [2023-12-19T14:20:07.303+0000] {dag.py:3820} INFO - Setting next_dagrun for example_kubernetes_executor to None, run_after=None
[2023-12-19T14:20:07.359+0000] {processor.py:183} INFO - Processing /home/airflow/.local/lib/python3.8/site-packages/airflow/example_dags/example_kubernetes_executor.py took 0.250 seconds
[2023-12-19T14:20:37.837+0000] {processor.py:161} INFO - Started process (PID=266) to work on /home/airflow/.local/lib/python3.8/site-packages/airflow/example_dags/example_kubernetes_executor.py
[2023-12-19T14:20:37.838+0000] {processor.py:830} INFO - Processing file /home/airflow/.local/lib/python3.8/site-packages/airflow/example_dags/example_kubernetes_executor.py for tasks to queue
[2023-12-19T14:20:37.842+0000] {logging_mixin.py:188} INFO - [2023-12-19T14:20:37.842+0000] {dagbag.py:538} INFO - Filling up the DagBag from /home/airflow/.local/lib/python3.8/site-packages/airflow/example_dags/example_kubernetes_executor.py
[2023-12-19T14:20:37.876+0000] {processor.py:840} INFO - DAG(s) 'example_kubernetes_executor' retrieved from /home/airflow/.local/lib/python3.8/site-packages/airflow/example_dags/example_kubernetes_executor.py
[2023-12-19T14:20:37.966+0000] {logging_mixin.py:188} INFO - [2023-12-19T14:20:37.966+0000] {dag.py:3033} INFO - Sync 1 DAGs
[2023-12-19T14:20:38.004+0000] {logging_mixin.py:188} INFO - [2023-12-19T14:20:38.004+0000] {dag.py:3820} INFO - Setting next_dagrun for example_kubernetes_executor to None, run_after=None
[2023-12-19T14:20:38.050+0000] {processor.py:183} INFO - Processing /home/airflow/.local/lib/python3.8/site-packages/airflow/example_dags/example_kubernetes_executor.py took 0.220 seconds
[2023-12-19T14:21:08.305+0000] {processor.py:161} INFO - Started process (PID=320) to work on /home/airflow/.local/lib/python3.8/site-packages/airflow/example_dags/example_kubernetes_executor.py
[2023-12-19T14:21:08.319+0000] {processor.py:830} INFO - Processing file /home/airflow/.local/lib/python3.8/site-packages/airflow/example_dags/example_kubernetes_executor.py for tasks to queue
[2023-12-19T14:21:08.325+0000] {logging_mixin.py:188} INFO - [2023-12-19T14:21:08.324+0000] {dagbag.py:538} INFO - Filling up the DagBag from /home/airflow/.local/lib/python3.8/site-packages/airflow/example_dags/example_kubernetes_executor.py
[2023-12-19T14:21:08.468+0000] {processor.py:840} INFO - DAG(s) 'example_kubernetes_executor' retrieved from /home/airflow/.local/lib/python3.8/site-packages/airflow/example_dags/example_kubernetes_executor.py
[2023-12-19T14:21:08.773+0000] {logging_mixin.py:188} INFO - [2023-12-19T14:21:08.772+0000] {dag.py:3033} INFO - Sync 1 DAGs
[2023-12-19T14:21:08.818+0000] {logging_mixin.py:188} INFO - [2023-12-19T14:21:08.818+0000] {dag.py:3820} INFO - Setting next_dagrun for example_kubernetes_executor to None, run_after=None
[2023-12-19T14:21:08.905+0000] {processor.py:183} INFO - Processing /home/airflow/.local/lib/python3.8/site-packages/airflow/example_dags/example_kubernetes_executor.py took 0.612 seconds
[2023-12-19T14:21:39.259+0000] {processor.py:161} INFO - Started process (PID=375) to work on /home/airflow/.local/lib/python3.8/site-packages/airflow/example_dags/example_kubernetes_executor.py
[2023-12-19T14:21:39.272+0000] {processor.py:830} INFO - Processing file /home/airflow/.local/lib/python3.8/site-packages/airflow/example_dags/example_kubernetes_executor.py for tasks to queue
[2023-12-19T14:21:39.278+0000] {logging_mixin.py:188} INFO - [2023-12-19T14:21:39.277+0000] {dagbag.py:538} INFO - Filling up the DagBag from /home/airflow/.local/lib/python3.8/site-packages/airflow/example_dags/example_kubernetes_executor.py
[2023-12-19T14:21:39.367+0000] {processor.py:840} INFO - DAG(s) 'example_kubernetes_executor' retrieved from /home/airflow/.local/lib/python3.8/site-packages/airflow/example_dags/example_kubernetes_executor.py
[2023-12-19T14:21:39.571+0000] {logging_mixin.py:188} INFO - [2023-12-19T14:21:39.569+0000] {dag.py:3033} INFO - Sync 1 DAGs
[2023-12-19T14:21:39.625+0000] {logging_mixin.py:188} INFO - [2023-12-19T14:21:39.625+0000] {dag.py:3820} INFO - Setting next_dagrun for example_kubernetes_executor to None, run_after=None
[2023-12-19T14:21:39.713+0000] {processor.py:183} INFO - Processing /home/airflow/.local/lib/python3.8/site-packages/airflow/example_dags/example_kubernetes_executor.py took 0.465 seconds
[2023-12-19T14:22:09.918+0000] {processor.py:161} INFO - Started process (PID=430) to work on /home/airflow/.local/lib/python3.8/site-packages/airflow/example_dags/example_kubernetes_executor.py
[2023-12-19T14:22:09.920+0000] {processor.py:830} INFO - Processing file /home/airflow/.local/lib/python3.8/site-packages/airflow/example_dags/example_kubernetes_executor.py for tasks to queue
[2023-12-19T14:22:09.925+0000] {logging_mixin.py:188} INFO - [2023-12-19T14:22:09.924+0000] {dagbag.py:538} INFO - Filling up the DagBag from /home/airflow/.local/lib/python3.8/site-packages/airflow/example_dags/example_kubernetes_executor.py
[2023-12-19T14:22:09.971+0000] {processor.py:840} INFO - DAG(s) 'example_kubernetes_executor' retrieved from /home/airflow/.local/lib/python3.8/site-packages/airflow/example_dags/example_kubernetes_executor.py
[2023-12-19T14:22:10.056+0000] {logging_mixin.py:188} INFO - [2023-12-19T14:22:10.055+0000] {dag.py:3033} INFO - Sync 1 DAGs
[2023-12-19T14:22:10.083+0000] {logging_mixin.py:188} INFO - [2023-12-19T14:22:10.083+0000] {dag.py:3820} INFO - Setting next_dagrun for example_kubernetes_executor to None, run_after=None
[2023-12-19T14:22:10.128+0000] {processor.py:183} INFO - Processing /home/airflow/.local/lib/python3.8/site-packages/airflow/example_dags/example_kubernetes_executor.py took 0.220 seconds
[2023-12-19T14:23:18.856+0000] {processor.py:161} INFO - Started process (PID=44) to work on /home/airflow/.local/lib/python3.8/site-packages/airflow/example_dags/example_kubernetes_executor.py
[2023-12-19T14:23:18.859+0000] {processor.py:830} INFO - Processing file /home/airflow/.local/lib/python3.8/site-packages/airflow/example_dags/example_kubernetes_executor.py for tasks to queue
[2023-12-19T14:23:18.864+0000] {logging_mixin.py:188} INFO - [2023-12-19T14:23:18.864+0000] {dagbag.py:538} INFO - Filling up the DagBag from /home/airflow/.local/lib/python3.8/site-packages/airflow/example_dags/example_kubernetes_executor.py
[2023-12-19T14:23:18.905+0000] {processor.py:840} INFO - DAG(s) 'example_kubernetes_executor' retrieved from /home/airflow/.local/lib/python3.8/site-packages/airflow/example_dags/example_kubernetes_executor.py
[2023-12-19T14:23:19.123+0000] {logging_mixin.py:188} INFO - [2023-12-19T14:23:19.122+0000] {dag.py:3033} INFO - Sync 1 DAGs
[2023-12-19T14:23:19.161+0000] {logging_mixin.py:188} INFO - [2023-12-19T14:23:19.160+0000] {dag.py:3820} INFO - Setting next_dagrun for example_kubernetes_executor to None, run_after=None
[2023-12-19T14:23:19.262+0000] {processor.py:183} INFO - Processing /home/airflow/.local/lib/python3.8/site-packages/airflow/example_dags/example_kubernetes_executor.py took 0.414 seconds
[2023-12-19T14:23:50.191+0000] {processor.py:161} INFO - Started process (PID=99) to work on /home/airflow/.local/lib/python3.8/site-packages/airflow/example_dags/example_kubernetes_executor.py
[2023-12-19T14:23:50.203+0000] {processor.py:830} INFO - Processing file /home/airflow/.local/lib/python3.8/site-packages/airflow/example_dags/example_kubernetes_executor.py for tasks to queue
[2023-12-19T14:23:50.218+0000] {logging_mixin.py:188} INFO - [2023-12-19T14:23:50.217+0000] {dagbag.py:538} INFO - Filling up the DagBag from /home/airflow/.local/lib/python3.8/site-packages/airflow/example_dags/example_kubernetes_executor.py
[2023-12-19T14:23:50.299+0000] {processor.py:840} INFO - DAG(s) 'example_kubernetes_executor' retrieved from /home/airflow/.local/lib/python3.8/site-packages/airflow/example_dags/example_kubernetes_executor.py
[2023-12-19T14:23:50.355+0000] {logging_mixin.py:188} INFO - [2023-12-19T14:23:50.355+0000] {dag.py:3033} INFO - Sync 1 DAGs
[2023-12-19T14:23:50.422+0000] {logging_mixin.py:188} INFO - [2023-12-19T14:23:50.421+0000] {dag.py:3820} INFO - Setting next_dagrun for example_kubernetes_executor to None, run_after=None
[2023-12-19T14:23:50.514+0000] {processor.py:183} INFO - Processing /home/airflow/.local/lib/python3.8/site-packages/airflow/example_dags/example_kubernetes_executor.py took 0.349 seconds
[2023-12-19T14:25:14.109+0000] {processor.py:161} INFO - Started process (PID=50) to work on /home/airflow/.local/lib/python3.8/site-packages/airflow/example_dags/example_kubernetes_executor.py
[2023-12-19T14:25:14.119+0000] {processor.py:830} INFO - Processing file /home/airflow/.local/lib/python3.8/site-packages/airflow/example_dags/example_kubernetes_executor.py for tasks to queue
[2023-12-19T14:25:14.125+0000] {logging_mixin.py:188} INFO - [2023-12-19T14:25:14.124+0000] {dagbag.py:538} INFO - Filling up the DagBag from /home/airflow/.local/lib/python3.8/site-packages/airflow/example_dags/example_kubernetes_executor.py
[2023-12-19T14:25:14.177+0000] {processor.py:840} INFO - DAG(s) 'example_kubernetes_executor' retrieved from /home/airflow/.local/lib/python3.8/site-packages/airflow/example_dags/example_kubernetes_executor.py
[2023-12-19T14:25:15.000+0000] {logging_mixin.py:188} INFO - [2023-12-19T14:25:15.000+0000] {dag.py:3033} INFO - Sync 1 DAGs
[2023-12-19T14:25:15.069+0000] {logging_mixin.py:188} INFO - [2023-12-19T14:25:15.067+0000] {dag.py:3820} INFO - Setting next_dagrun for example_kubernetes_executor to None, run_after=None
[2023-12-19T14:25:15.204+0000] {processor.py:183} INFO - Processing /home/airflow/.local/lib/python3.8/site-packages/airflow/example_dags/example_kubernetes_executor.py took 1.105 seconds
[2023-12-19T14:25:46.004+0000] {processor.py:161} INFO - Started process (PID=105) to work on /home/airflow/.local/lib/python3.8/site-packages/airflow/example_dags/example_kubernetes_executor.py
[2023-12-19T14:25:46.006+0000] {processor.py:830} INFO - Processing file /home/airflow/.local/lib/python3.8/site-packages/airflow/example_dags/example_kubernetes_executor.py for tasks to queue
[2023-12-19T14:25:46.010+0000] {logging_mixin.py:188} INFO - [2023-12-19T14:25:46.010+0000] {dagbag.py:538} INFO - Filling up the DagBag from /home/airflow/.local/lib/python3.8/site-packages/airflow/example_dags/example_kubernetes_executor.py
[2023-12-19T14:25:46.044+0000] {processor.py:840} INFO - DAG(s) 'example_kubernetes_executor' retrieved from /home/airflow/.local/lib/python3.8/site-packages/airflow/example_dags/example_kubernetes_executor.py
[2023-12-19T14:25:46.134+0000] {logging_mixin.py:188} INFO - [2023-12-19T14:25:46.133+0000] {dag.py:3033} INFO - Sync 1 DAGs
[2023-12-19T14:25:46.168+0000] {logging_mixin.py:188} INFO - [2023-12-19T14:25:46.168+0000] {dag.py:3820} INFO - Setting next_dagrun for example_kubernetes_executor to None, run_after=None
[2023-12-19T14:25:46.216+0000] {processor.py:183} INFO - Processing /home/airflow/.local/lib/python3.8/site-packages/airflow/example_dags/example_kubernetes_executor.py took 0.218 seconds
[2023-12-19T14:26:16.624+0000] {processor.py:161} INFO - Started process (PID=159) to work on /home/airflow/.local/lib/python3.8/site-packages/airflow/example_dags/example_kubernetes_executor.py
[2023-12-19T14:26:16.626+0000] {processor.py:830} INFO - Processing file /home/airflow/.local/lib/python3.8/site-packages/airflow/example_dags/example_kubernetes_executor.py for tasks to queue
[2023-12-19T14:26:16.631+0000] {logging_mixin.py:188} INFO - [2023-12-19T14:26:16.630+0000] {dagbag.py:538} INFO - Filling up the DagBag from /home/airflow/.local/lib/python3.8/site-packages/airflow/example_dags/example_kubernetes_executor.py
[2023-12-19T14:26:16.660+0000] {processor.py:840} INFO - DAG(s) 'example_kubernetes_executor' retrieved from /home/airflow/.local/lib/python3.8/site-packages/airflow/example_dags/example_kubernetes_executor.py
[2023-12-19T14:26:16.740+0000] {logging_mixin.py:188} INFO - [2023-12-19T14:26:16.739+0000] {dag.py:3033} INFO - Sync 1 DAGs
[2023-12-19T14:26:16.769+0000] {logging_mixin.py:188} INFO - [2023-12-19T14:26:16.769+0000] {dag.py:3820} INFO - Setting next_dagrun for example_kubernetes_executor to None, run_after=None
[2023-12-19T14:26:16.810+0000] {processor.py:183} INFO - Processing /home/airflow/.local/lib/python3.8/site-packages/airflow/example_dags/example_kubernetes_executor.py took 0.194 seconds
[2023-12-19T14:26:47.565+0000] {processor.py:161} INFO - Started process (PID=214) to work on /home/airflow/.local/lib/python3.8/site-packages/airflow/example_dags/example_kubernetes_executor.py
[2023-12-19T14:26:47.566+0000] {processor.py:830} INFO - Processing file /home/airflow/.local/lib/python3.8/site-packages/airflow/example_dags/example_kubernetes_executor.py for tasks to queue
[2023-12-19T14:26:47.571+0000] {logging_mixin.py:188} INFO - [2023-12-19T14:26:47.570+0000] {dagbag.py:538} INFO - Filling up the DagBag from /home/airflow/.local/lib/python3.8/site-packages/airflow/example_dags/example_kubernetes_executor.py
[2023-12-19T14:26:47.596+0000] {processor.py:840} INFO - DAG(s) 'example_kubernetes_executor' retrieved from /home/airflow/.local/lib/python3.8/site-packages/airflow/example_dags/example_kubernetes_executor.py
[2023-12-19T14:26:47.678+0000] {logging_mixin.py:188} INFO - [2023-12-19T14:26:47.678+0000] {dag.py:3033} INFO - Sync 1 DAGs
[2023-12-19T14:26:47.705+0000] {logging_mixin.py:188} INFO - [2023-12-19T14:26:47.705+0000] {dag.py:3820} INFO - Setting next_dagrun for example_kubernetes_executor to None, run_after=None
[2023-12-19T14:26:47.752+0000] {processor.py:183} INFO - Processing /home/airflow/.local/lib/python3.8/site-packages/airflow/example_dags/example_kubernetes_executor.py took 0.195 seconds
[2023-12-19T14:27:18.628+0000] {processor.py:161} INFO - Started process (PID=269) to work on /home/airflow/.local/lib/python3.8/site-packages/airflow/example_dags/example_kubernetes_executor.py
[2023-12-19T14:27:18.631+0000] {processor.py:830} INFO - Processing file /home/airflow/.local/lib/python3.8/site-packages/airflow/example_dags/example_kubernetes_executor.py for tasks to queue
[2023-12-19T14:27:18.639+0000] {logging_mixin.py:188} INFO - [2023-12-19T14:27:18.638+0000] {dagbag.py:538} INFO - Filling up the DagBag from /home/airflow/.local/lib/python3.8/site-packages/airflow/example_dags/example_kubernetes_executor.py
[2023-12-19T14:27:18.677+0000] {processor.py:840} INFO - DAG(s) 'example_kubernetes_executor' retrieved from /home/airflow/.local/lib/python3.8/site-packages/airflow/example_dags/example_kubernetes_executor.py
[2023-12-19T14:27:18.788+0000] {logging_mixin.py:188} INFO - [2023-12-19T14:27:18.787+0000] {dag.py:3033} INFO - Sync 1 DAGs
[2023-12-19T14:27:18.824+0000] {logging_mixin.py:188} INFO - [2023-12-19T14:27:18.823+0000] {dag.py:3820} INFO - Setting next_dagrun for example_kubernetes_executor to None, run_after=None
[2023-12-19T14:27:18.894+0000] {processor.py:183} INFO - Processing /home/airflow/.local/lib/python3.8/site-packages/airflow/example_dags/example_kubernetes_executor.py took 0.298 seconds
[2023-12-19T14:27:49.526+0000] {processor.py:161} INFO - Started process (PID=324) to work on /home/airflow/.local/lib/python3.8/site-packages/airflow/example_dags/example_kubernetes_executor.py
[2023-12-19T14:27:49.539+0000] {processor.py:830} INFO - Processing file /home/airflow/.local/lib/python3.8/site-packages/airflow/example_dags/example_kubernetes_executor.py for tasks to queue
[2023-12-19T14:27:49.544+0000] {logging_mixin.py:188} INFO - [2023-12-19T14:27:49.543+0000] {dagbag.py:538} INFO - Filling up the DagBag from /home/airflow/.local/lib/python3.8/site-packages/airflow/example_dags/example_kubernetes_executor.py
[2023-12-19T14:27:49.597+0000] {processor.py:840} INFO - DAG(s) 'example_kubernetes_executor' retrieved from /home/airflow/.local/lib/python3.8/site-packages/airflow/example_dags/example_kubernetes_executor.py
[2023-12-19T14:27:49.829+0000] {logging_mixin.py:188} INFO - [2023-12-19T14:27:49.828+0000] {dag.py:3033} INFO - Sync 1 DAGs
[2023-12-19T14:27:49.867+0000] {logging_mixin.py:188} INFO - [2023-12-19T14:27:49.866+0000] {dag.py:3820} INFO - Setting next_dagrun for example_kubernetes_executor to None, run_after=None
[2023-12-19T14:27:49.933+0000] {processor.py:183} INFO - Processing /home/airflow/.local/lib/python3.8/site-packages/airflow/example_dags/example_kubernetes_executor.py took 0.420 seconds
[2023-12-19T14:28:20.918+0000] {processor.py:161} INFO - Started process (PID=379) to work on /home/airflow/.local/lib/python3.8/site-packages/airflow/example_dags/example_kubernetes_executor.py
[2023-12-19T14:28:20.920+0000] {processor.py:830} INFO - Processing file /home/airflow/.local/lib/python3.8/site-packages/airflow/example_dags/example_kubernetes_executor.py for tasks to queue
[2023-12-19T14:28:20.925+0000] {logging_mixin.py:188} INFO - [2023-12-19T14:28:20.924+0000] {dagbag.py:538} INFO - Filling up the DagBag from /home/airflow/.local/lib/python3.8/site-packages/airflow/example_dags/example_kubernetes_executor.py
[2023-12-19T14:28:20.958+0000] {processor.py:840} INFO - DAG(s) 'example_kubernetes_executor' retrieved from /home/airflow/.local/lib/python3.8/site-packages/airflow/example_dags/example_kubernetes_executor.py
[2023-12-19T14:28:21.106+0000] {logging_mixin.py:188} INFO - [2023-12-19T14:28:21.105+0000] {dag.py:3033} INFO - Sync 1 DAGs
[2023-12-19T14:28:21.138+0000] {logging_mixin.py:188} INFO - [2023-12-19T14:28:21.138+0000] {dag.py:3820} INFO - Setting next_dagrun for example_kubernetes_executor to None, run_after=None
[2023-12-19T14:28:21.206+0000] {processor.py:183} INFO - Processing /home/airflow/.local/lib/python3.8/site-packages/airflow/example_dags/example_kubernetes_executor.py took 0.297 seconds
[2023-12-19T14:28:51.658+0000] {processor.py:161} INFO - Started process (PID=434) to work on /home/airflow/.local/lib/python3.8/site-packages/airflow/example_dags/example_kubernetes_executor.py
[2023-12-19T14:28:51.665+0000] {processor.py:830} INFO - Processing file /home/airflow/.local/lib/python3.8/site-packages/airflow/example_dags/example_kubernetes_executor.py for tasks to queue
[2023-12-19T14:28:51.672+0000] {logging_mixin.py:188} INFO - [2023-12-19T14:28:51.671+0000] {dagbag.py:538} INFO - Filling up the DagBag from /home/airflow/.local/lib/python3.8/site-packages/airflow/example_dags/example_kubernetes_executor.py
[2023-12-19T14:28:51.765+0000] {processor.py:840} INFO - DAG(s) 'example_kubernetes_executor' retrieved from /home/airflow/.local/lib/python3.8/site-packages/airflow/example_dags/example_kubernetes_executor.py
[2023-12-19T14:28:52.030+0000] {logging_mixin.py:188} INFO - [2023-12-19T14:28:52.030+0000] {dag.py:3033} INFO - Sync 1 DAGs
[2023-12-19T14:28:52.084+0000] {logging_mixin.py:188} INFO - [2023-12-19T14:28:52.084+0000] {dag.py:3820} INFO - Setting next_dagrun for example_kubernetes_executor to None, run_after=None
[2023-12-19T14:28:52.170+0000] {processor.py:183} INFO - Processing /home/airflow/.local/lib/python3.8/site-packages/airflow/example_dags/example_kubernetes_executor.py took 0.533 seconds
[2023-12-19T14:29:22.468+0000] {processor.py:161} INFO - Started process (PID=489) to work on /home/airflow/.local/lib/python3.8/site-packages/airflow/example_dags/example_kubernetes_executor.py
[2023-12-19T14:29:22.470+0000] {processor.py:830} INFO - Processing file /home/airflow/.local/lib/python3.8/site-packages/airflow/example_dags/example_kubernetes_executor.py for tasks to queue
[2023-12-19T14:29:22.474+0000] {logging_mixin.py:188} INFO - [2023-12-19T14:29:22.473+0000] {dagbag.py:538} INFO - Filling up the DagBag from /home/airflow/.local/lib/python3.8/site-packages/airflow/example_dags/example_kubernetes_executor.py
[2023-12-19T14:29:22.505+0000] {processor.py:840} INFO - DAG(s) 'example_kubernetes_executor' retrieved from /home/airflow/.local/lib/python3.8/site-packages/airflow/example_dags/example_kubernetes_executor.py
[2023-12-19T14:29:22.589+0000] {logging_mixin.py:188} INFO - [2023-12-19T14:29:22.589+0000] {dag.py:3033} INFO - Sync 1 DAGs
[2023-12-19T14:29:22.615+0000] {logging_mixin.py:188} INFO - [2023-12-19T14:29:22.615+0000] {dag.py:3820} INFO - Setting next_dagrun for example_kubernetes_executor to None, run_after=None
[2023-12-19T14:29:22.660+0000] {processor.py:183} INFO - Processing /home/airflow/.local/lib/python3.8/site-packages/airflow/example_dags/example_kubernetes_executor.py took 0.198 seconds
[2023-12-19T14:29:52.777+0000] {processor.py:161} INFO - Started process (PID=542) to work on /home/airflow/.local/lib/python3.8/site-packages/airflow/example_dags/example_kubernetes_executor.py
[2023-12-19T14:29:52.787+0000] {processor.py:830} INFO - Processing file /home/airflow/.local/lib/python3.8/site-packages/airflow/example_dags/example_kubernetes_executor.py for tasks to queue
[2023-12-19T14:29:52.792+0000] {logging_mixin.py:188} INFO - [2023-12-19T14:29:52.791+0000] {dagbag.py:538} INFO - Filling up the DagBag from /home/airflow/.local/lib/python3.8/site-packages/airflow/example_dags/example_kubernetes_executor.py
[2023-12-19T14:29:52.842+0000] {processor.py:840} INFO - DAG(s) 'example_kubernetes_executor' retrieved from /home/airflow/.local/lib/python3.8/site-packages/airflow/example_dags/example_kubernetes_executor.py
[2023-12-19T14:29:52.999+0000] {logging_mixin.py:188} INFO - [2023-12-19T14:29:52.998+0000] {dag.py:3033} INFO - Sync 1 DAGs
[2023-12-19T14:29:53.039+0000] {logging_mixin.py:188} INFO - [2023-12-19T14:29:53.039+0000] {dag.py:3820} INFO - Setting next_dagrun for example_kubernetes_executor to None, run_after=None
[2023-12-19T14:29:53.115+0000] {processor.py:183} INFO - Processing /home/airflow/.local/lib/python3.8/site-packages/airflow/example_dags/example_kubernetes_executor.py took 0.346 seconds
[2023-12-19T14:30:23.671+0000] {processor.py:161} INFO - Started process (PID=597) to work on /home/airflow/.local/lib/python3.8/site-packages/airflow/example_dags/example_kubernetes_executor.py
[2023-12-19T14:30:23.673+0000] {processor.py:830} INFO - Processing file /home/airflow/.local/lib/python3.8/site-packages/airflow/example_dags/example_kubernetes_executor.py for tasks to queue
[2023-12-19T14:30:23.677+0000] {logging_mixin.py:188} INFO - [2023-12-19T14:30:23.677+0000] {dagbag.py:538} INFO - Filling up the DagBag from /home/airflow/.local/lib/python3.8/site-packages/airflow/example_dags/example_kubernetes_executor.py
[2023-12-19T14:30:23.706+0000] {processor.py:840} INFO - DAG(s) 'example_kubernetes_executor' retrieved from /home/airflow/.local/lib/python3.8/site-packages/airflow/example_dags/example_kubernetes_executor.py
[2023-12-19T14:30:23.798+0000] {logging_mixin.py:188} INFO - [2023-12-19T14:30:23.798+0000] {dag.py:3033} INFO - Sync 1 DAGs
[2023-12-19T14:30:23.834+0000] {logging_mixin.py:188} INFO - [2023-12-19T14:30:23.833+0000] {dag.py:3820} INFO - Setting next_dagrun for example_kubernetes_executor to None, run_after=None
[2023-12-19T14:30:23.888+0000] {processor.py:183} INFO - Processing /home/airflow/.local/lib/python3.8/site-packages/airflow/example_dags/example_kubernetes_executor.py took 0.226 seconds
[2023-12-19T14:30:54.374+0000] {processor.py:161} INFO - Started process (PID=652) to work on /home/airflow/.local/lib/python3.8/site-packages/airflow/example_dags/example_kubernetes_executor.py
[2023-12-19T14:30:54.383+0000] {processor.py:830} INFO - Processing file /home/airflow/.local/lib/python3.8/site-packages/airflow/example_dags/example_kubernetes_executor.py for tasks to queue
[2023-12-19T14:30:54.389+0000] {logging_mixin.py:188} INFO - [2023-12-19T14:30:54.388+0000] {dagbag.py:538} INFO - Filling up the DagBag from /home/airflow/.local/lib/python3.8/site-packages/airflow/example_dags/example_kubernetes_executor.py
[2023-12-19T14:30:54.436+0000] {processor.py:840} INFO - DAG(s) 'example_kubernetes_executor' retrieved from /home/airflow/.local/lib/python3.8/site-packages/airflow/example_dags/example_kubernetes_executor.py
[2023-12-19T14:30:54.697+0000] {logging_mixin.py:188} INFO - [2023-12-19T14:30:54.696+0000] {dag.py:3033} INFO - Sync 1 DAGs
[2023-12-19T14:30:54.768+0000] {logging_mixin.py:188} INFO - [2023-12-19T14:30:54.767+0000] {dag.py:3820} INFO - Setting next_dagrun for example_kubernetes_executor to None, run_after=None
[2023-12-19T14:30:54.877+0000] {processor.py:183} INFO - Processing /home/airflow/.local/lib/python3.8/site-packages/airflow/example_dags/example_kubernetes_executor.py took 0.516 seconds
[2023-12-19T14:31:25.791+0000] {processor.py:161} INFO - Started process (PID=706) to work on /home/airflow/.local/lib/python3.8/site-packages/airflow/example_dags/example_kubernetes_executor.py
[2023-12-19T14:31:25.799+0000] {processor.py:830} INFO - Processing file /home/airflow/.local/lib/python3.8/site-packages/airflow/example_dags/example_kubernetes_executor.py for tasks to queue
[2023-12-19T14:31:25.813+0000] {logging_mixin.py:188} INFO - [2023-12-19T14:31:25.810+0000] {dagbag.py:538} INFO - Filling up the DagBag from /home/airflow/.local/lib/python3.8/site-packages/airflow/example_dags/example_kubernetes_executor.py
[2023-12-19T14:31:25.866+0000] {processor.py:840} INFO - DAG(s) 'example_kubernetes_executor' retrieved from /home/airflow/.local/lib/python3.8/site-packages/airflow/example_dags/example_kubernetes_executor.py
[2023-12-19T14:31:25.994+0000] {logging_mixin.py:188} INFO - [2023-12-19T14:31:25.993+0000] {dag.py:3033} INFO - Sync 1 DAGs
[2023-12-19T14:31:26.037+0000] {logging_mixin.py:188} INFO - [2023-12-19T14:31:26.037+0000] {dag.py:3820} INFO - Setting next_dagrun for example_kubernetes_executor to None, run_after=None
[2023-12-19T14:31:26.107+0000] {processor.py:183} INFO - Processing /home/airflow/.local/lib/python3.8/site-packages/airflow/example_dags/example_kubernetes_executor.py took 0.331 seconds
[2023-12-19T14:31:56.869+0000] {processor.py:161} INFO - Started process (PID=761) to work on /home/airflow/.local/lib/python3.8/site-packages/airflow/example_dags/example_kubernetes_executor.py
[2023-12-19T14:31:56.871+0000] {processor.py:830} INFO - Processing file /home/airflow/.local/lib/python3.8/site-packages/airflow/example_dags/example_kubernetes_executor.py for tasks to queue
[2023-12-19T14:31:56.876+0000] {logging_mixin.py:188} INFO - [2023-12-19T14:31:56.875+0000] {dagbag.py:538} INFO - Filling up the DagBag from /home/airflow/.local/lib/python3.8/site-packages/airflow/example_dags/example_kubernetes_executor.py
[2023-12-19T14:31:56.918+0000] {processor.py:840} INFO - DAG(s) 'example_kubernetes_executor' retrieved from /home/airflow/.local/lib/python3.8/site-packages/airflow/example_dags/example_kubernetes_executor.py
[2023-12-19T14:31:57.012+0000] {logging_mixin.py:188} INFO - [2023-12-19T14:31:57.011+0000] {dag.py:3033} INFO - Sync 1 DAGs
[2023-12-19T14:31:57.044+0000] {logging_mixin.py:188} INFO - [2023-12-19T14:31:57.044+0000] {dag.py:3820} INFO - Setting next_dagrun for example_kubernetes_executor to None, run_after=None
[2023-12-19T14:31:57.093+0000] {processor.py:183} INFO - Processing /home/airflow/.local/lib/python3.8/site-packages/airflow/example_dags/example_kubernetes_executor.py took 0.231 seconds
[2023-12-19T14:32:27.307+0000] {processor.py:161} INFO - Started process (PID=815) to work on /home/airflow/.local/lib/python3.8/site-packages/airflow/example_dags/example_kubernetes_executor.py
[2023-12-19T14:32:27.310+0000] {processor.py:830} INFO - Processing file /home/airflow/.local/lib/python3.8/site-packages/airflow/example_dags/example_kubernetes_executor.py for tasks to queue
[2023-12-19T14:32:27.317+0000] {logging_mixin.py:188} INFO - [2023-12-19T14:32:27.316+0000] {dagbag.py:538} INFO - Filling up the DagBag from /home/airflow/.local/lib/python3.8/site-packages/airflow/example_dags/example_kubernetes_executor.py
[2023-12-19T14:32:27.367+0000] {processor.py:840} INFO - DAG(s) 'example_kubernetes_executor' retrieved from /home/airflow/.local/lib/python3.8/site-packages/airflow/example_dags/example_kubernetes_executor.py
[2023-12-19T14:32:27.486+0000] {logging_mixin.py:188} INFO - [2023-12-19T14:32:27.486+0000] {dag.py:3033} INFO - Sync 1 DAGs
[2023-12-19T14:32:27.540+0000] {logging_mixin.py:188} INFO - [2023-12-19T14:32:27.540+0000] {dag.py:3820} INFO - Setting next_dagrun for example_kubernetes_executor to None, run_after=None
[2023-12-19T14:32:27.622+0000] {processor.py:183} INFO - Processing /home/airflow/.local/lib/python3.8/site-packages/airflow/example_dags/example_kubernetes_executor.py took 0.323 seconds
[2023-12-19T14:32:57.934+0000] {processor.py:161} INFO - Started process (PID=870) to work on /home/airflow/.local/lib/python3.8/site-packages/airflow/example_dags/example_kubernetes_executor.py
[2023-12-19T14:32:57.939+0000] {processor.py:830} INFO - Processing file /home/airflow/.local/lib/python3.8/site-packages/airflow/example_dags/example_kubernetes_executor.py for tasks to queue
[2023-12-19T14:32:57.947+0000] {logging_mixin.py:188} INFO - [2023-12-19T14:32:57.946+0000] {dagbag.py:538} INFO - Filling up the DagBag from /home/airflow/.local/lib/python3.8/site-packages/airflow/example_dags/example_kubernetes_executor.py
[2023-12-19T14:32:57.997+0000] {processor.py:840} INFO - DAG(s) 'example_kubernetes_executor' retrieved from /home/airflow/.local/lib/python3.8/site-packages/airflow/example_dags/example_kubernetes_executor.py
[2023-12-19T14:32:58.122+0000] {logging_mixin.py:188} INFO - [2023-12-19T14:32:58.121+0000] {dag.py:3033} INFO - Sync 1 DAGs
[2023-12-19T14:32:58.163+0000] {logging_mixin.py:188} INFO - [2023-12-19T14:32:58.162+0000] {dag.py:3820} INFO - Setting next_dagrun for example_kubernetes_executor to None, run_after=None
[2023-12-19T14:32:58.239+0000] {processor.py:183} INFO - Processing /home/airflow/.local/lib/python3.8/site-packages/airflow/example_dags/example_kubernetes_executor.py took 0.318 seconds
[2023-12-19T14:33:28.400+0000] {processor.py:161} INFO - Started process (PID=925) to work on /home/airflow/.local/lib/python3.8/site-packages/airflow/example_dags/example_kubernetes_executor.py
[2023-12-19T14:33:28.404+0000] {processor.py:830} INFO - Processing file /home/airflow/.local/lib/python3.8/site-packages/airflow/example_dags/example_kubernetes_executor.py for tasks to queue
[2023-12-19T14:33:28.410+0000] {logging_mixin.py:188} INFO - [2023-12-19T14:33:28.409+0000] {dagbag.py:538} INFO - Filling up the DagBag from /home/airflow/.local/lib/python3.8/site-packages/airflow/example_dags/example_kubernetes_executor.py
[2023-12-19T14:33:28.453+0000] {processor.py:840} INFO - DAG(s) 'example_kubernetes_executor' retrieved from /home/airflow/.local/lib/python3.8/site-packages/airflow/example_dags/example_kubernetes_executor.py
[2023-12-19T14:33:28.588+0000] {logging_mixin.py:188} INFO - [2023-12-19T14:33:28.586+0000] {dag.py:3033} INFO - Sync 1 DAGs
[2023-12-19T14:33:28.641+0000] {logging_mixin.py:188} INFO - [2023-12-19T14:33:28.641+0000] {dag.py:3820} INFO - Setting next_dagrun for example_kubernetes_executor to None, run_after=None
[2023-12-19T14:33:28.746+0000] {processor.py:183} INFO - Processing /home/airflow/.local/lib/python3.8/site-packages/airflow/example_dags/example_kubernetes_executor.py took 0.357 seconds
[2023-12-19T14:33:59.107+0000] {processor.py:161} INFO - Started process (PID=980) to work on /home/airflow/.local/lib/python3.8/site-packages/airflow/example_dags/example_kubernetes_executor.py
[2023-12-19T14:33:59.109+0000] {processor.py:830} INFO - Processing file /home/airflow/.local/lib/python3.8/site-packages/airflow/example_dags/example_kubernetes_executor.py for tasks to queue
[2023-12-19T14:33:59.115+0000] {logging_mixin.py:188} INFO - [2023-12-19T14:33:59.114+0000] {dagbag.py:538} INFO - Filling up the DagBag from /home/airflow/.local/lib/python3.8/site-packages/airflow/example_dags/example_kubernetes_executor.py
[2023-12-19T14:33:59.155+0000] {processor.py:840} INFO - DAG(s) 'example_kubernetes_executor' retrieved from /home/airflow/.local/lib/python3.8/site-packages/airflow/example_dags/example_kubernetes_executor.py
[2023-12-19T14:33:59.273+0000] {logging_mixin.py:188} INFO - [2023-12-19T14:33:59.273+0000] {dag.py:3033} INFO - Sync 1 DAGs
[2023-12-19T14:33:59.314+0000] {logging_mixin.py:188} INFO - [2023-12-19T14:33:59.313+0000] {dag.py:3820} INFO - Setting next_dagrun for example_kubernetes_executor to None, run_after=None
[2023-12-19T14:33:59.363+0000] {processor.py:183} INFO - Processing /home/airflow/.local/lib/python3.8/site-packages/airflow/example_dags/example_kubernetes_executor.py took 0.263 seconds
[2023-12-19T14:34:29.592+0000] {processor.py:161} INFO - Started process (PID=1036) to work on /home/airflow/.local/lib/python3.8/site-packages/airflow/example_dags/example_kubernetes_executor.py
[2023-12-19T14:34:29.594+0000] {processor.py:830} INFO - Processing file /home/airflow/.local/lib/python3.8/site-packages/airflow/example_dags/example_kubernetes_executor.py for tasks to queue
[2023-12-19T14:34:29.597+0000] {logging_mixin.py:188} INFO - [2023-12-19T14:34:29.597+0000] {dagbag.py:538} INFO - Filling up the DagBag from /home/airflow/.local/lib/python3.8/site-packages/airflow/example_dags/example_kubernetes_executor.py
[2023-12-19T14:34:29.620+0000] {processor.py:840} INFO - DAG(s) 'example_kubernetes_executor' retrieved from /home/airflow/.local/lib/python3.8/site-packages/airflow/example_dags/example_kubernetes_executor.py
[2023-12-19T14:34:29.692+0000] {logging_mixin.py:188} INFO - [2023-12-19T14:34:29.691+0000] {dag.py:3033} INFO - Sync 1 DAGs
[2023-12-19T14:34:29.719+0000] {logging_mixin.py:188} INFO - [2023-12-19T14:34:29.719+0000] {dag.py:3820} INFO - Setting next_dagrun for example_kubernetes_executor to None, run_after=None
[2023-12-19T14:34:29.774+0000] {processor.py:183} INFO - Processing /home/airflow/.local/lib/python3.8/site-packages/airflow/example_dags/example_kubernetes_executor.py took 0.187 seconds
[2023-12-19T14:34:59.857+0000] {processor.py:161} INFO - Started process (PID=1089) to work on /home/airflow/.local/lib/python3.8/site-packages/airflow/example_dags/example_kubernetes_executor.py
[2023-12-19T14:34:59.860+0000] {processor.py:830} INFO - Processing file /home/airflow/.local/lib/python3.8/site-packages/airflow/example_dags/example_kubernetes_executor.py for tasks to queue
[2023-12-19T14:34:59.864+0000] {logging_mixin.py:188} INFO - [2023-12-19T14:34:59.864+0000] {dagbag.py:538} INFO - Filling up the DagBag from /home/airflow/.local/lib/python3.8/site-packages/airflow/example_dags/example_kubernetes_executor.py
[2023-12-19T14:34:59.911+0000] {processor.py:840} INFO - DAG(s) 'example_kubernetes_executor' retrieved from /home/airflow/.local/lib/python3.8/site-packages/airflow/example_dags/example_kubernetes_executor.py
[2023-12-19T14:35:00.047+0000] {logging_mixin.py:188} INFO - [2023-12-19T14:35:00.047+0000] {dag.py:3033} INFO - Sync 1 DAGs
[2023-12-19T14:35:00.097+0000] {logging_mixin.py:188} INFO - [2023-12-19T14:35:00.095+0000] {dag.py:3820} INFO - Setting next_dagrun for example_kubernetes_executor to None, run_after=None
[2023-12-19T14:35:00.210+0000] {processor.py:183} INFO - Processing /home/airflow/.local/lib/python3.8/site-packages/airflow/example_dags/example_kubernetes_executor.py took 0.361 seconds
[2023-12-19T14:35:30.816+0000] {processor.py:161} INFO - Started process (PID=1144) to work on /home/airflow/.local/lib/python3.8/site-packages/airflow/example_dags/example_kubernetes_executor.py
[2023-12-19T14:35:30.818+0000] {processor.py:830} INFO - Processing file /home/airflow/.local/lib/python3.8/site-packages/airflow/example_dags/example_kubernetes_executor.py for tasks to queue
[2023-12-19T14:35:30.820+0000] {logging_mixin.py:188} INFO - [2023-12-19T14:35:30.820+0000] {dagbag.py:538} INFO - Filling up the DagBag from /home/airflow/.local/lib/python3.8/site-packages/airflow/example_dags/example_kubernetes_executor.py
[2023-12-19T14:35:30.847+0000] {processor.py:840} INFO - DAG(s) 'example_kubernetes_executor' retrieved from /home/airflow/.local/lib/python3.8/site-packages/airflow/example_dags/example_kubernetes_executor.py
[2023-12-19T14:35:30.906+0000] {logging_mixin.py:188} INFO - [2023-12-19T14:35:30.906+0000] {dag.py:3033} INFO - Sync 1 DAGs
[2023-12-19T14:35:30.924+0000] {logging_mixin.py:188} INFO - [2023-12-19T14:35:30.924+0000] {dag.py:3820} INFO - Setting next_dagrun for example_kubernetes_executor to None, run_after=None
[2023-12-19T14:35:30.955+0000] {processor.py:183} INFO - Processing /home/airflow/.local/lib/python3.8/site-packages/airflow/example_dags/example_kubernetes_executor.py took 0.143 seconds
[2023-12-19T14:36:01.369+0000] {processor.py:161} INFO - Started process (PID=1198) to work on /home/airflow/.local/lib/python3.8/site-packages/airflow/example_dags/example_kubernetes_executor.py
[2023-12-19T14:36:01.371+0000] {processor.py:830} INFO - Processing file /home/airflow/.local/lib/python3.8/site-packages/airflow/example_dags/example_kubernetes_executor.py for tasks to queue
[2023-12-19T14:36:01.374+0000] {logging_mixin.py:188} INFO - [2023-12-19T14:36:01.374+0000] {dagbag.py:538} INFO - Filling up the DagBag from /home/airflow/.local/lib/python3.8/site-packages/airflow/example_dags/example_kubernetes_executor.py
[2023-12-19T14:36:01.395+0000] {processor.py:840} INFO - DAG(s) 'example_kubernetes_executor' retrieved from /home/airflow/.local/lib/python3.8/site-packages/airflow/example_dags/example_kubernetes_executor.py
[2023-12-19T14:36:01.455+0000] {logging_mixin.py:188} INFO - [2023-12-19T14:36:01.454+0000] {dag.py:3033} INFO - Sync 1 DAGs
[2023-12-19T14:36:01.474+0000] {logging_mixin.py:188} INFO - [2023-12-19T14:36:01.473+0000] {dag.py:3820} INFO - Setting next_dagrun for example_kubernetes_executor to None, run_after=None
[2023-12-19T14:36:01.524+0000] {processor.py:183} INFO - Processing /home/airflow/.local/lib/python3.8/site-packages/airflow/example_dags/example_kubernetes_executor.py took 0.160 seconds
[2023-12-19T14:36:32.039+0000] {processor.py:161} INFO - Started process (PID=1253) to work on /home/airflow/.local/lib/python3.8/site-packages/airflow/example_dags/example_kubernetes_executor.py
[2023-12-19T14:36:32.040+0000] {processor.py:830} INFO - Processing file /home/airflow/.local/lib/python3.8/site-packages/airflow/example_dags/example_kubernetes_executor.py for tasks to queue
[2023-12-19T14:36:32.044+0000] {logging_mixin.py:188} INFO - [2023-12-19T14:36:32.043+0000] {dagbag.py:538} INFO - Filling up the DagBag from /home/airflow/.local/lib/python3.8/site-packages/airflow/example_dags/example_kubernetes_executor.py
[2023-12-19T14:36:32.062+0000] {processor.py:840} INFO - DAG(s) 'example_kubernetes_executor' retrieved from /home/airflow/.local/lib/python3.8/site-packages/airflow/example_dags/example_kubernetes_executor.py
[2023-12-19T14:36:32.117+0000] {logging_mixin.py:188} INFO - [2023-12-19T14:36:32.117+0000] {dag.py:3033} INFO - Sync 1 DAGs
[2023-12-19T14:36:32.136+0000] {logging_mixin.py:188} INFO - [2023-12-19T14:36:32.135+0000] {dag.py:3820} INFO - Setting next_dagrun for example_kubernetes_executor to None, run_after=None
[2023-12-19T14:36:32.161+0000] {processor.py:183} INFO - Processing /home/airflow/.local/lib/python3.8/site-packages/airflow/example_dags/example_kubernetes_executor.py took 0.127 seconds
[2023-12-19T14:37:02.257+0000] {processor.py:161} INFO - Started process (PID=1308) to work on /home/airflow/.local/lib/python3.8/site-packages/airflow/example_dags/example_kubernetes_executor.py
[2023-12-19T14:37:02.259+0000] {processor.py:830} INFO - Processing file /home/airflow/.local/lib/python3.8/site-packages/airflow/example_dags/example_kubernetes_executor.py for tasks to queue
[2023-12-19T14:37:02.262+0000] {logging_mixin.py:188} INFO - [2023-12-19T14:37:02.262+0000] {dagbag.py:538} INFO - Filling up the DagBag from /home/airflow/.local/lib/python3.8/site-packages/airflow/example_dags/example_kubernetes_executor.py
[2023-12-19T14:37:02.286+0000] {processor.py:840} INFO - DAG(s) 'example_kubernetes_executor' retrieved from /home/airflow/.local/lib/python3.8/site-packages/airflow/example_dags/example_kubernetes_executor.py
[2023-12-19T14:37:02.409+0000] {logging_mixin.py:188} INFO - [2023-12-19T14:37:02.408+0000] {dag.py:3033} INFO - Sync 1 DAGs
[2023-12-19T14:37:02.442+0000] {logging_mixin.py:188} INFO - [2023-12-19T14:37:02.442+0000] {dag.py:3820} INFO - Setting next_dagrun for example_kubernetes_executor to None, run_after=None
[2023-12-19T14:37:02.488+0000] {processor.py:183} INFO - Processing /home/airflow/.local/lib/python3.8/site-packages/airflow/example_dags/example_kubernetes_executor.py took 0.236 seconds
