[2023-12-19T14:14:19.550+0000] {processor.py:161} INFO - Started process (PID=81) to work on /home/airflow/.local/lib/python3.8/site-packages/airflow/example_dags/example_datasets.py
[2023-12-19T14:14:19.551+0000] {processor.py:830} INFO - Processing file /home/airflow/.local/lib/python3.8/site-packages/airflow/example_dags/example_datasets.py for tasks to queue
[2023-12-19T14:14:19.557+0000] {logging_mixin.py:188} INFO - [2023-12-19T14:14:19.556+0000] {dagbag.py:538} INFO - Filling up the DagBag from /home/airflow/.local/lib/python3.8/site-packages/airflow/example_dags/example_datasets.py
[2023-12-19T14:14:19.581+0000] {processor.py:840} INFO - DAG(s) 'dataset_produces_1', 'dataset_consumes_1_and_2', 'dataset_consumes_unknown_never_scheduled', 'dataset_consumes_1_never_scheduled', 'dataset_produces_2', 'dataset_consumes_1' retrieved from /home/airflow/.local/lib/python3.8/site-packages/airflow/example_dags/example_datasets.py
[2023-12-19T14:14:20.310+0000] {logging_mixin.py:188} INFO - [2023-12-19T14:14:20.310+0000] {dag.py:3033} INFO - Sync 6 DAGs
[2023-12-19T14:14:20.372+0000] {logging_mixin.py:188} INFO - [2023-12-19T14:14:20.372+0000] {dag.py:3820} INFO - Setting next_dagrun for dataset_consumes_1 to None, run_after=None
[2023-12-19T14:14:20.381+0000] {logging_mixin.py:188} INFO - [2023-12-19T14:14:20.381+0000] {dag.py:3820} INFO - Setting next_dagrun for dataset_consumes_1_and_2 to None, run_after=None
[2023-12-19T14:14:20.386+0000] {logging_mixin.py:188} INFO - [2023-12-19T14:14:20.385+0000] {dag.py:3820} INFO - Setting next_dagrun for dataset_consumes_1_never_scheduled to None, run_after=None
[2023-12-19T14:14:20.390+0000] {logging_mixin.py:188} INFO - [2023-12-19T14:14:20.390+0000] {dag.py:3820} INFO - Setting next_dagrun for dataset_consumes_unknown_never_scheduled to None, run_after=None
[2023-12-19T14:14:20.398+0000] {logging_mixin.py:188} INFO - [2023-12-19T14:14:20.398+0000] {dag.py:3820} INFO - Setting next_dagrun for dataset_produces_1 to 2023-12-18T00:00:00+00:00, run_after=2023-12-19T00:00:00+00:00
[2023-12-19T14:14:20.403+0000] {logging_mixin.py:188} INFO - [2023-12-19T14:14:20.402+0000] {dag.py:3820} INFO - Setting next_dagrun for dataset_produces_2 to None, run_after=None
[2023-12-19T14:14:20.596+0000] {processor.py:183} INFO - Processing /home/airflow/.local/lib/python3.8/site-packages/airflow/example_dags/example_datasets.py took 1.057 seconds
[2023-12-19T14:14:51.531+0000] {processor.py:161} INFO - Started process (PID=137) to work on /home/airflow/.local/lib/python3.8/site-packages/airflow/example_dags/example_datasets.py
[2023-12-19T14:14:51.533+0000] {processor.py:830} INFO - Processing file /home/airflow/.local/lib/python3.8/site-packages/airflow/example_dags/example_datasets.py for tasks to queue
[2023-12-19T14:14:51.537+0000] {logging_mixin.py:188} INFO - [2023-12-19T14:14:51.536+0000] {dagbag.py:538} INFO - Filling up the DagBag from /home/airflow/.local/lib/python3.8/site-packages/airflow/example_dags/example_datasets.py
[2023-12-19T14:14:51.559+0000] {processor.py:840} INFO - DAG(s) 'dataset_produces_1', 'dataset_produces_2', 'dataset_consumes_1', 'dataset_consumes_1_never_scheduled', 'dataset_consumes_1_and_2', 'dataset_consumes_unknown_never_scheduled' retrieved from /home/airflow/.local/lib/python3.8/site-packages/airflow/example_dags/example_datasets.py
[2023-12-19T14:14:51.668+0000] {logging_mixin.py:188} INFO - [2023-12-19T14:14:51.667+0000] {dag.py:3033} INFO - Sync 6 DAGs
[2023-12-19T14:14:51.734+0000] {logging_mixin.py:188} INFO - [2023-12-19T14:14:51.733+0000] {dag.py:3820} INFO - Setting next_dagrun for dataset_consumes_1 to None, run_after=None
[2023-12-19T14:14:51.746+0000] {logging_mixin.py:188} INFO - [2023-12-19T14:14:51.745+0000] {dag.py:3820} INFO - Setting next_dagrun for dataset_consumes_1_and_2 to None, run_after=None
[2023-12-19T14:14:51.751+0000] {logging_mixin.py:188} INFO - [2023-12-19T14:14:51.750+0000] {dag.py:3820} INFO - Setting next_dagrun for dataset_consumes_1_never_scheduled to None, run_after=None
[2023-12-19T14:14:51.756+0000] {logging_mixin.py:188} INFO - [2023-12-19T14:14:51.755+0000] {dag.py:3820} INFO - Setting next_dagrun for dataset_consumes_unknown_never_scheduled to None, run_after=None
[2023-12-19T14:14:51.763+0000] {logging_mixin.py:188} INFO - [2023-12-19T14:14:51.763+0000] {dag.py:3820} INFO - Setting next_dagrun for dataset_produces_1 to 2023-12-18T00:00:00+00:00, run_after=2023-12-19T00:00:00+00:00
[2023-12-19T14:14:51.770+0000] {logging_mixin.py:188} INFO - [2023-12-19T14:14:51.769+0000] {dag.py:3820} INFO - Setting next_dagrun for dataset_produces_2 to None, run_after=None
[2023-12-19T14:14:51.913+0000] {processor.py:183} INFO - Processing /home/airflow/.local/lib/python3.8/site-packages/airflow/example_dags/example_datasets.py took 0.390 seconds
[2023-12-19T14:16:11.852+0000] {processor.py:161} INFO - Started process (PID=203) to work on /home/airflow/.local/lib/python3.8/site-packages/airflow/example_dags/example_datasets.py
[2023-12-19T14:16:11.990+0000] {processor.py:830} INFO - Processing file /home/airflow/.local/lib/python3.8/site-packages/airflow/example_dags/example_datasets.py for tasks to queue
[2023-12-19T14:16:12.093+0000] {logging_mixin.py:188} INFO - [2023-12-19T14:16:12.041+0000] {dagbag.py:538} INFO - Filling up the DagBag from /home/airflow/.local/lib/python3.8/site-packages/airflow/example_dags/example_datasets.py
[2023-12-19T14:16:12.915+0000] {processor.py:840} INFO - DAG(s) 'dataset_consumes_1_and_2', 'dataset_produces_2', 'dataset_produces_1', 'dataset_consumes_unknown_never_scheduled', 'dataset_consumes_1', 'dataset_consumes_1_never_scheduled' retrieved from /home/airflow/.local/lib/python3.8/site-packages/airflow/example_dags/example_datasets.py
[2023-12-19T14:16:21.946+0000] {logging_mixin.py:188} INFO - [2023-12-19T14:16:21.901+0000] {dag.py:3033} INFO - Sync 6 DAGs
[2023-12-19T14:18:44.647+0000] {processor.py:161} INFO - Started process (PID=73) to work on /home/airflow/.local/lib/python3.8/site-packages/airflow/example_dags/example_datasets.py
[2023-12-19T14:18:44.649+0000] {processor.py:830} INFO - Processing file /home/airflow/.local/lib/python3.8/site-packages/airflow/example_dags/example_datasets.py for tasks to queue
[2023-12-19T14:18:44.656+0000] {logging_mixin.py:188} INFO - [2023-12-19T14:18:44.655+0000] {dagbag.py:538} INFO - Filling up the DagBag from /home/airflow/.local/lib/python3.8/site-packages/airflow/example_dags/example_datasets.py
[2023-12-19T14:18:44.688+0000] {processor.py:840} INFO - DAG(s) 'dataset_consumes_1', 'dataset_consumes_1_never_scheduled', 'dataset_consumes_1_and_2', 'dataset_produces_2', 'dataset_produces_1', 'dataset_consumes_unknown_never_scheduled' retrieved from /home/airflow/.local/lib/python3.8/site-packages/airflow/example_dags/example_datasets.py
[2023-12-19T14:18:44.795+0000] {logging_mixin.py:188} INFO - [2023-12-19T14:18:44.794+0000] {dag.py:3033} INFO - Sync 6 DAGs
[2023-12-19T14:18:44.907+0000] {logging_mixin.py:188} INFO - [2023-12-19T14:18:44.898+0000] {dag.py:3820} INFO - Setting next_dagrun for dataset_consumes_1 to None, run_after=None
[2023-12-19T14:18:44.916+0000] {logging_mixin.py:188} INFO - [2023-12-19T14:18:44.916+0000] {dag.py:3820} INFO - Setting next_dagrun for dataset_consumes_1_and_2 to None, run_after=None
[2023-12-19T14:18:44.927+0000] {logging_mixin.py:188} INFO - [2023-12-19T14:18:44.926+0000] {dag.py:3820} INFO - Setting next_dagrun for dataset_consumes_1_never_scheduled to None, run_after=None
[2023-12-19T14:18:44.936+0000] {logging_mixin.py:188} INFO - [2023-12-19T14:18:44.930+0000] {dag.py:3820} INFO - Setting next_dagrun for dataset_consumes_unknown_never_scheduled to None, run_after=None
[2023-12-19T14:18:44.945+0000] {logging_mixin.py:188} INFO - [2023-12-19T14:18:44.944+0000] {dag.py:3820} INFO - Setting next_dagrun for dataset_produces_1 to 2023-12-18T00:00:00+00:00, run_after=2023-12-19T00:00:00+00:00
[2023-12-19T14:18:44.949+0000] {logging_mixin.py:188} INFO - [2023-12-19T14:18:44.948+0000] {dag.py:3820} INFO - Setting next_dagrun for dataset_produces_2 to None, run_after=None
[2023-12-19T14:18:45.085+0000] {processor.py:183} INFO - Processing /home/airflow/.local/lib/python3.8/site-packages/airflow/example_dags/example_datasets.py took 0.451 seconds
[2023-12-19T14:19:16.703+0000] {processor.py:161} INFO - Started process (PID=129) to work on /home/airflow/.local/lib/python3.8/site-packages/airflow/example_dags/example_datasets.py
[2023-12-19T14:19:16.707+0000] {processor.py:830} INFO - Processing file /home/airflow/.local/lib/python3.8/site-packages/airflow/example_dags/example_datasets.py for tasks to queue
[2023-12-19T14:19:16.714+0000] {logging_mixin.py:188} INFO - [2023-12-19T14:19:16.712+0000] {dagbag.py:538} INFO - Filling up the DagBag from /home/airflow/.local/lib/python3.8/site-packages/airflow/example_dags/example_datasets.py
[2023-12-19T14:19:16.742+0000] {processor.py:840} INFO - DAG(s) 'dataset_consumes_unknown_never_scheduled', 'dataset_consumes_1_and_2', 'dataset_produces_2', 'dataset_consumes_1_never_scheduled', 'dataset_consumes_1', 'dataset_produces_1' retrieved from /home/airflow/.local/lib/python3.8/site-packages/airflow/example_dags/example_datasets.py
[2023-12-19T14:19:16.854+0000] {logging_mixin.py:188} INFO - [2023-12-19T14:19:16.853+0000] {dag.py:3033} INFO - Sync 6 DAGs
[2023-12-19T14:19:16.935+0000] {logging_mixin.py:188} INFO - [2023-12-19T14:19:16.934+0000] {dag.py:3820} INFO - Setting next_dagrun for dataset_consumes_1 to None, run_after=None
[2023-12-19T14:19:16.945+0000] {logging_mixin.py:188} INFO - [2023-12-19T14:19:16.944+0000] {dag.py:3820} INFO - Setting next_dagrun for dataset_consumes_1_and_2 to None, run_after=None
[2023-12-19T14:19:16.949+0000] {logging_mixin.py:188} INFO - [2023-12-19T14:19:16.948+0000] {dag.py:3820} INFO - Setting next_dagrun for dataset_consumes_1_never_scheduled to None, run_after=None
[2023-12-19T14:19:16.953+0000] {logging_mixin.py:188} INFO - [2023-12-19T14:19:16.952+0000] {dag.py:3820} INFO - Setting next_dagrun for dataset_consumes_unknown_never_scheduled to None, run_after=None
[2023-12-19T14:19:16.961+0000] {logging_mixin.py:188} INFO - [2023-12-19T14:19:16.960+0000] {dag.py:3820} INFO - Setting next_dagrun for dataset_produces_1 to 2023-12-18T00:00:00+00:00, run_after=2023-12-19T00:00:00+00:00
[2023-12-19T14:19:16.966+0000] {logging_mixin.py:188} INFO - [2023-12-19T14:19:16.965+0000] {dag.py:3820} INFO - Setting next_dagrun for dataset_produces_2 to None, run_after=None
[2023-12-19T14:19:17.113+0000] {processor.py:183} INFO - Processing /home/airflow/.local/lib/python3.8/site-packages/airflow/example_dags/example_datasets.py took 0.420 seconds
[2023-12-19T14:19:47.306+0000] {processor.py:161} INFO - Started process (PID=184) to work on /home/airflow/.local/lib/python3.8/site-packages/airflow/example_dags/example_datasets.py
[2023-12-19T14:19:47.308+0000] {processor.py:830} INFO - Processing file /home/airflow/.local/lib/python3.8/site-packages/airflow/example_dags/example_datasets.py for tasks to queue
[2023-12-19T14:19:47.313+0000] {logging_mixin.py:188} INFO - [2023-12-19T14:19:47.313+0000] {dagbag.py:538} INFO - Filling up the DagBag from /home/airflow/.local/lib/python3.8/site-packages/airflow/example_dags/example_datasets.py
[2023-12-19T14:19:47.339+0000] {processor.py:840} INFO - DAG(s) 'dataset_consumes_1', 'dataset_consumes_1_and_2', 'dataset_produces_2', 'dataset_produces_1', 'dataset_consumes_unknown_never_scheduled', 'dataset_consumes_1_never_scheduled' retrieved from /home/airflow/.local/lib/python3.8/site-packages/airflow/example_dags/example_datasets.py
[2023-12-19T14:19:47.453+0000] {logging_mixin.py:188} INFO - [2023-12-19T14:19:47.452+0000] {dag.py:3033} INFO - Sync 6 DAGs
[2023-12-19T14:19:47.527+0000] {logging_mixin.py:188} INFO - [2023-12-19T14:19:47.527+0000] {dag.py:3820} INFO - Setting next_dagrun for dataset_consumes_1 to None, run_after=None
[2023-12-19T14:19:47.537+0000] {logging_mixin.py:188} INFO - [2023-12-19T14:19:47.536+0000] {dag.py:3820} INFO - Setting next_dagrun for dataset_consumes_1_and_2 to None, run_after=None
[2023-12-19T14:19:47.541+0000] {logging_mixin.py:188} INFO - [2023-12-19T14:19:47.540+0000] {dag.py:3820} INFO - Setting next_dagrun for dataset_consumes_1_never_scheduled to None, run_after=None
[2023-12-19T14:19:47.546+0000] {logging_mixin.py:188} INFO - [2023-12-19T14:19:47.545+0000] {dag.py:3820} INFO - Setting next_dagrun for dataset_consumes_unknown_never_scheduled to None, run_after=None
[2023-12-19T14:19:47.554+0000] {logging_mixin.py:188} INFO - [2023-12-19T14:19:47.553+0000] {dag.py:3820} INFO - Setting next_dagrun for dataset_produces_1 to 2023-12-18T00:00:00+00:00, run_after=2023-12-19T00:00:00+00:00
[2023-12-19T14:19:47.558+0000] {logging_mixin.py:188} INFO - [2023-12-19T14:19:47.558+0000] {dag.py:3820} INFO - Setting next_dagrun for dataset_produces_2 to None, run_after=None
[2023-12-19T14:19:47.665+0000] {processor.py:183} INFO - Processing /home/airflow/.local/lib/python3.8/site-packages/airflow/example_dags/example_datasets.py took 0.367 seconds
[2023-12-19T14:20:17.776+0000] {processor.py:161} INFO - Started process (PID=239) to work on /home/airflow/.local/lib/python3.8/site-packages/airflow/example_dags/example_datasets.py
[2023-12-19T14:20:17.778+0000] {processor.py:830} INFO - Processing file /home/airflow/.local/lib/python3.8/site-packages/airflow/example_dags/example_datasets.py for tasks to queue
[2023-12-19T14:20:17.783+0000] {logging_mixin.py:188} INFO - [2023-12-19T14:20:17.782+0000] {dagbag.py:538} INFO - Filling up the DagBag from /home/airflow/.local/lib/python3.8/site-packages/airflow/example_dags/example_datasets.py
[2023-12-19T14:20:17.804+0000] {processor.py:840} INFO - DAG(s) 'dataset_consumes_unknown_never_scheduled', 'dataset_produces_1', 'dataset_consumes_1', 'dataset_consumes_1_never_scheduled', 'dataset_consumes_1_and_2', 'dataset_produces_2' retrieved from /home/airflow/.local/lib/python3.8/site-packages/airflow/example_dags/example_datasets.py
[2023-12-19T14:20:17.891+0000] {logging_mixin.py:188} INFO - [2023-12-19T14:20:17.891+0000] {dag.py:3033} INFO - Sync 6 DAGs
[2023-12-19T14:20:17.949+0000] {logging_mixin.py:188} INFO - [2023-12-19T14:20:17.949+0000] {dag.py:3820} INFO - Setting next_dagrun for dataset_consumes_1 to None, run_after=None
[2023-12-19T14:20:17.958+0000] {logging_mixin.py:188} INFO - [2023-12-19T14:20:17.958+0000] {dag.py:3820} INFO - Setting next_dagrun for dataset_consumes_1_and_2 to None, run_after=None
[2023-12-19T14:20:17.961+0000] {logging_mixin.py:188} INFO - [2023-12-19T14:20:17.960+0000] {dag.py:3820} INFO - Setting next_dagrun for dataset_consumes_1_never_scheduled to None, run_after=None
[2023-12-19T14:20:17.964+0000] {logging_mixin.py:188} INFO - [2023-12-19T14:20:17.963+0000] {dag.py:3820} INFO - Setting next_dagrun for dataset_consumes_unknown_never_scheduled to None, run_after=None
[2023-12-19T14:20:17.969+0000] {logging_mixin.py:188} INFO - [2023-12-19T14:20:17.969+0000] {dag.py:3820} INFO - Setting next_dagrun for dataset_produces_1 to 2023-12-18T00:00:00+00:00, run_after=2023-12-19T00:00:00+00:00
[2023-12-19T14:20:17.972+0000] {logging_mixin.py:188} INFO - [2023-12-19T14:20:17.972+0000] {dag.py:3820} INFO - Setting next_dagrun for dataset_produces_2 to None, run_after=None
[2023-12-19T14:20:18.035+0000] {processor.py:183} INFO - Processing /home/airflow/.local/lib/python3.8/site-packages/airflow/example_dags/example_datasets.py took 0.266 seconds
[2023-12-19T14:20:48.809+0000] {processor.py:161} INFO - Started process (PID=295) to work on /home/airflow/.local/lib/python3.8/site-packages/airflow/example_dags/example_datasets.py
[2023-12-19T14:20:48.812+0000] {processor.py:830} INFO - Processing file /home/airflow/.local/lib/python3.8/site-packages/airflow/example_dags/example_datasets.py for tasks to queue
[2023-12-19T14:20:48.818+0000] {logging_mixin.py:188} INFO - [2023-12-19T14:20:48.817+0000] {dagbag.py:538} INFO - Filling up the DagBag from /home/airflow/.local/lib/python3.8/site-packages/airflow/example_dags/example_datasets.py
[2023-12-19T14:20:48.839+0000] {processor.py:840} INFO - DAG(s) 'dataset_consumes_unknown_never_scheduled', 'dataset_consumes_1', 'dataset_produces_1', 'dataset_produces_2', 'dataset_consumes_1_and_2', 'dataset_consumes_1_never_scheduled' retrieved from /home/airflow/.local/lib/python3.8/site-packages/airflow/example_dags/example_datasets.py
[2023-12-19T14:20:48.916+0000] {logging_mixin.py:188} INFO - [2023-12-19T14:20:48.915+0000] {dag.py:3033} INFO - Sync 6 DAGs
[2023-12-19T14:20:48.964+0000] {logging_mixin.py:188} INFO - [2023-12-19T14:20:48.964+0000] {dag.py:3820} INFO - Setting next_dagrun for dataset_consumes_1 to None, run_after=None
[2023-12-19T14:20:48.971+0000] {logging_mixin.py:188} INFO - [2023-12-19T14:20:48.971+0000] {dag.py:3820} INFO - Setting next_dagrun for dataset_consumes_1_and_2 to None, run_after=None
[2023-12-19T14:20:48.974+0000] {logging_mixin.py:188} INFO - [2023-12-19T14:20:48.973+0000] {dag.py:3820} INFO - Setting next_dagrun for dataset_consumes_1_never_scheduled to None, run_after=None
[2023-12-19T14:20:48.976+0000] {logging_mixin.py:188} INFO - [2023-12-19T14:20:48.975+0000] {dag.py:3820} INFO - Setting next_dagrun for dataset_consumes_unknown_never_scheduled to None, run_after=None
[2023-12-19T14:20:48.982+0000] {logging_mixin.py:188} INFO - [2023-12-19T14:20:48.982+0000] {dag.py:3820} INFO - Setting next_dagrun for dataset_produces_1 to 2023-12-18T00:00:00+00:00, run_after=2023-12-19T00:00:00+00:00
[2023-12-19T14:20:48.986+0000] {logging_mixin.py:188} INFO - [2023-12-19T14:20:48.985+0000] {dag.py:3820} INFO - Setting next_dagrun for dataset_produces_2 to None, run_after=None
[2023-12-19T14:20:49.057+0000] {processor.py:183} INFO - Processing /home/airflow/.local/lib/python3.8/site-packages/airflow/example_dags/example_datasets.py took 0.257 seconds
[2023-12-19T14:21:19.799+0000] {processor.py:161} INFO - Started process (PID=349) to work on /home/airflow/.local/lib/python3.8/site-packages/airflow/example_dags/example_datasets.py
[2023-12-19T14:21:19.803+0000] {processor.py:830} INFO - Processing file /home/airflow/.local/lib/python3.8/site-packages/airflow/example_dags/example_datasets.py for tasks to queue
[2023-12-19T14:21:19.808+0000] {logging_mixin.py:188} INFO - [2023-12-19T14:21:19.808+0000] {dagbag.py:538} INFO - Filling up the DagBag from /home/airflow/.local/lib/python3.8/site-packages/airflow/example_dags/example_datasets.py
[2023-12-19T14:21:19.827+0000] {processor.py:840} INFO - DAG(s) 'dataset_consumes_1_and_2', 'dataset_produces_1', 'dataset_produces_2', 'dataset_consumes_unknown_never_scheduled', 'dataset_consumes_1_never_scheduled', 'dataset_consumes_1' retrieved from /home/airflow/.local/lib/python3.8/site-packages/airflow/example_dags/example_datasets.py
[2023-12-19T14:21:19.925+0000] {logging_mixin.py:188} INFO - [2023-12-19T14:21:19.925+0000] {dag.py:3033} INFO - Sync 6 DAGs
[2023-12-19T14:21:19.980+0000] {logging_mixin.py:188} INFO - [2023-12-19T14:21:19.980+0000] {dag.py:3820} INFO - Setting next_dagrun for dataset_consumes_1 to None, run_after=None
[2023-12-19T14:21:19.988+0000] {logging_mixin.py:188} INFO - [2023-12-19T14:21:19.987+0000] {dag.py:3820} INFO - Setting next_dagrun for dataset_consumes_1_and_2 to None, run_after=None
[2023-12-19T14:21:19.991+0000] {logging_mixin.py:188} INFO - [2023-12-19T14:21:19.990+0000] {dag.py:3820} INFO - Setting next_dagrun for dataset_consumes_1_never_scheduled to None, run_after=None
[2023-12-19T14:21:19.993+0000] {logging_mixin.py:188} INFO - [2023-12-19T14:21:19.993+0000] {dag.py:3820} INFO - Setting next_dagrun for dataset_consumes_unknown_never_scheduled to None, run_after=None
[2023-12-19T14:21:20.001+0000] {logging_mixin.py:188} INFO - [2023-12-19T14:21:20.000+0000] {dag.py:3820} INFO - Setting next_dagrun for dataset_produces_1 to 2023-12-18T00:00:00+00:00, run_after=2023-12-19T00:00:00+00:00
[2023-12-19T14:21:20.004+0000] {logging_mixin.py:188} INFO - [2023-12-19T14:21:20.003+0000] {dag.py:3820} INFO - Setting next_dagrun for dataset_produces_2 to None, run_after=None
[2023-12-19T14:21:20.083+0000] {processor.py:183} INFO - Processing /home/airflow/.local/lib/python3.8/site-packages/airflow/example_dags/example_datasets.py took 0.293 seconds
[2023-12-19T14:21:51.154+0000] {processor.py:161} INFO - Started process (PID=404) to work on /home/airflow/.local/lib/python3.8/site-packages/airflow/example_dags/example_datasets.py
[2023-12-19T14:21:51.158+0000] {processor.py:830} INFO - Processing file /home/airflow/.local/lib/python3.8/site-packages/airflow/example_dags/example_datasets.py for tasks to queue
[2023-12-19T14:21:51.170+0000] {logging_mixin.py:188} INFO - [2023-12-19T14:21:51.169+0000] {dagbag.py:538} INFO - Filling up the DagBag from /home/airflow/.local/lib/python3.8/site-packages/airflow/example_dags/example_datasets.py
[2023-12-19T14:21:51.199+0000] {processor.py:840} INFO - DAG(s) 'dataset_consumes_1', 'dataset_consumes_1_and_2', 'dataset_produces_2', 'dataset_consumes_1_never_scheduled', 'dataset_consumes_unknown_never_scheduled', 'dataset_produces_1' retrieved from /home/airflow/.local/lib/python3.8/site-packages/airflow/example_dags/example_datasets.py
[2023-12-19T14:21:51.391+0000] {logging_mixin.py:188} INFO - [2023-12-19T14:21:51.390+0000] {dag.py:3033} INFO - Sync 6 DAGs
[2023-12-19T14:21:51.524+0000] {logging_mixin.py:188} INFO - [2023-12-19T14:21:51.524+0000] {dag.py:3820} INFO - Setting next_dagrun for dataset_consumes_1 to None, run_after=None
[2023-12-19T14:21:51.553+0000] {logging_mixin.py:188} INFO - [2023-12-19T14:21:51.552+0000] {dag.py:3820} INFO - Setting next_dagrun for dataset_consumes_1_and_2 to None, run_after=None
[2023-12-19T14:21:51.557+0000] {logging_mixin.py:188} INFO - [2023-12-19T14:21:51.556+0000] {dag.py:3820} INFO - Setting next_dagrun for dataset_consumes_1_never_scheduled to None, run_after=None
[2023-12-19T14:21:51.561+0000] {logging_mixin.py:188} INFO - [2023-12-19T14:21:51.561+0000] {dag.py:3820} INFO - Setting next_dagrun for dataset_consumes_unknown_never_scheduled to None, run_after=None
[2023-12-19T14:21:51.570+0000] {logging_mixin.py:188} INFO - [2023-12-19T14:21:51.570+0000] {dag.py:3820} INFO - Setting next_dagrun for dataset_produces_1 to 2023-12-18T00:00:00+00:00, run_after=2023-12-19T00:00:00+00:00
[2023-12-19T14:21:51.579+0000] {logging_mixin.py:188} INFO - [2023-12-19T14:21:51.579+0000] {dag.py:3820} INFO - Setting next_dagrun for dataset_produces_2 to None, run_after=None
[2023-12-19T14:21:51.739+0000] {processor.py:183} INFO - Processing /home/airflow/.local/lib/python3.8/site-packages/airflow/example_dags/example_datasets.py took 0.592 seconds
[2023-12-19T14:22:22.248+0000] {processor.py:161} INFO - Started process (PID=459) to work on /home/airflow/.local/lib/python3.8/site-packages/airflow/example_dags/example_datasets.py
[2023-12-19T14:22:22.249+0000] {processor.py:830} INFO - Processing file /home/airflow/.local/lib/python3.8/site-packages/airflow/example_dags/example_datasets.py for tasks to queue
[2023-12-19T14:22:22.253+0000] {logging_mixin.py:188} INFO - [2023-12-19T14:22:22.253+0000] {dagbag.py:538} INFO - Filling up the DagBag from /home/airflow/.local/lib/python3.8/site-packages/airflow/example_dags/example_datasets.py
[2023-12-19T14:22:22.272+0000] {processor.py:840} INFO - DAG(s) 'dataset_consumes_1_never_scheduled', 'dataset_produces_1', 'dataset_consumes_unknown_never_scheduled', 'dataset_produces_2', 'dataset_consumes_1', 'dataset_consumes_1_and_2' retrieved from /home/airflow/.local/lib/python3.8/site-packages/airflow/example_dags/example_datasets.py
[2023-12-19T14:22:22.350+0000] {logging_mixin.py:188} INFO - [2023-12-19T14:22:22.350+0000] {dag.py:3033} INFO - Sync 6 DAGs
[2023-12-19T14:22:22.401+0000] {logging_mixin.py:188} INFO - [2023-12-19T14:22:22.401+0000] {dag.py:3820} INFO - Setting next_dagrun for dataset_consumes_1 to None, run_after=None
[2023-12-19T14:22:22.409+0000] {logging_mixin.py:188} INFO - [2023-12-19T14:22:22.409+0000] {dag.py:3820} INFO - Setting next_dagrun for dataset_consumes_1_and_2 to None, run_after=None
[2023-12-19T14:22:22.413+0000] {logging_mixin.py:188} INFO - [2023-12-19T14:22:22.412+0000] {dag.py:3820} INFO - Setting next_dagrun for dataset_consumes_1_never_scheduled to None, run_after=None
[2023-12-19T14:22:22.416+0000] {logging_mixin.py:188} INFO - [2023-12-19T14:22:22.416+0000] {dag.py:3820} INFO - Setting next_dagrun for dataset_consumes_unknown_never_scheduled to None, run_after=None
[2023-12-19T14:22:22.423+0000] {logging_mixin.py:188} INFO - [2023-12-19T14:22:22.422+0000] {dag.py:3820} INFO - Setting next_dagrun for dataset_produces_1 to 2023-12-18T00:00:00+00:00, run_after=2023-12-19T00:00:00+00:00
[2023-12-19T14:22:22.427+0000] {logging_mixin.py:188} INFO - [2023-12-19T14:22:22.427+0000] {dag.py:3820} INFO - Setting next_dagrun for dataset_produces_2 to None, run_after=None
[2023-12-19T14:22:22.514+0000] {processor.py:183} INFO - Processing /home/airflow/.local/lib/python3.8/site-packages/airflow/example_dags/example_datasets.py took 0.272 seconds
[2023-12-19T14:23:36.257+0000] {processor.py:161} INFO - Started process (PID=73) to work on /home/airflow/.local/lib/python3.8/site-packages/airflow/example_dags/example_datasets.py
[2023-12-19T14:23:36.264+0000] {processor.py:830} INFO - Processing file /home/airflow/.local/lib/python3.8/site-packages/airflow/example_dags/example_datasets.py for tasks to queue
[2023-12-19T14:23:36.277+0000] {logging_mixin.py:188} INFO - [2023-12-19T14:23:36.271+0000] {dagbag.py:538} INFO - Filling up the DagBag from /home/airflow/.local/lib/python3.8/site-packages/airflow/example_dags/example_datasets.py
[2023-12-19T14:23:36.343+0000] {processor.py:840} INFO - DAG(s) 'dataset_produces_2', 'dataset_consumes_1', 'dataset_consumes_1_never_scheduled', 'dataset_consumes_unknown_never_scheduled', 'dataset_consumes_1_and_2', 'dataset_produces_1' retrieved from /home/airflow/.local/lib/python3.8/site-packages/airflow/example_dags/example_datasets.py
[2023-12-19T14:23:36.448+0000] {logging_mixin.py:188} INFO - [2023-12-19T14:23:36.448+0000] {dag.py:3033} INFO - Sync 6 DAGs
[2023-12-19T14:23:36.528+0000] {logging_mixin.py:188} INFO - [2023-12-19T14:23:36.528+0000] {dag.py:3820} INFO - Setting next_dagrun for dataset_consumes_1 to None, run_after=None
[2023-12-19T14:23:36.537+0000] {logging_mixin.py:188} INFO - [2023-12-19T14:23:36.536+0000] {dag.py:3820} INFO - Setting next_dagrun for dataset_consumes_1_and_2 to None, run_after=None
[2023-12-19T14:23:36.542+0000] {logging_mixin.py:188} INFO - [2023-12-19T14:23:36.541+0000] {dag.py:3820} INFO - Setting next_dagrun for dataset_consumes_1_never_scheduled to None, run_after=None
[2023-12-19T14:23:36.546+0000] {logging_mixin.py:188} INFO - [2023-12-19T14:23:36.545+0000] {dag.py:3820} INFO - Setting next_dagrun for dataset_consumes_unknown_never_scheduled to None, run_after=None
[2023-12-19T14:23:36.555+0000] {logging_mixin.py:188} INFO - [2023-12-19T14:23:36.555+0000] {dag.py:3820} INFO - Setting next_dagrun for dataset_produces_1 to 2023-12-18T00:00:00+00:00, run_after=2023-12-19T00:00:00+00:00
[2023-12-19T14:23:36.559+0000] {logging_mixin.py:188} INFO - [2023-12-19T14:23:36.558+0000] {dag.py:3820} INFO - Setting next_dagrun for dataset_produces_2 to None, run_after=None
[2023-12-19T14:23:36.693+0000] {processor.py:183} INFO - Processing /home/airflow/.local/lib/python3.8/site-packages/airflow/example_dags/example_datasets.py took 0.452 seconds
[2023-12-19T14:25:33.613+0000] {processor.py:161} INFO - Started process (PID=79) to work on /home/airflow/.local/lib/python3.8/site-packages/airflow/example_dags/example_datasets.py
[2023-12-19T14:25:33.619+0000] {processor.py:830} INFO - Processing file /home/airflow/.local/lib/python3.8/site-packages/airflow/example_dags/example_datasets.py for tasks to queue
[2023-12-19T14:25:33.634+0000] {logging_mixin.py:188} INFO - [2023-12-19T14:25:33.633+0000] {dagbag.py:538} INFO - Filling up the DagBag from /home/airflow/.local/lib/python3.8/site-packages/airflow/example_dags/example_datasets.py
[2023-12-19T14:25:33.739+0000] {processor.py:840} INFO - DAG(s) 'dataset_consumes_1', 'dataset_produces_1', 'dataset_consumes_unknown_never_scheduled', 'dataset_produces_2', 'dataset_consumes_1_never_scheduled', 'dataset_consumes_1_and_2' retrieved from /home/airflow/.local/lib/python3.8/site-packages/airflow/example_dags/example_datasets.py
[2023-12-19T14:25:34.471+0000] {logging_mixin.py:188} INFO - [2023-12-19T14:25:34.470+0000] {dag.py:3033} INFO - Sync 6 DAGs
[2023-12-19T14:25:34.555+0000] {logging_mixin.py:188} INFO - [2023-12-19T14:25:34.555+0000] {dag.py:3820} INFO - Setting next_dagrun for dataset_consumes_1 to None, run_after=None
[2023-12-19T14:25:34.565+0000] {logging_mixin.py:188} INFO - [2023-12-19T14:25:34.565+0000] {dag.py:3820} INFO - Setting next_dagrun for dataset_consumes_1_and_2 to None, run_after=None
[2023-12-19T14:25:34.573+0000] {logging_mixin.py:188} INFO - [2023-12-19T14:25:34.572+0000] {dag.py:3820} INFO - Setting next_dagrun for dataset_consumes_1_never_scheduled to None, run_after=None
[2023-12-19T14:25:34.580+0000] {logging_mixin.py:188} INFO - [2023-12-19T14:25:34.580+0000] {dag.py:3820} INFO - Setting next_dagrun for dataset_consumes_unknown_never_scheduled to None, run_after=None
[2023-12-19T14:25:34.596+0000] {logging_mixin.py:188} INFO - [2023-12-19T14:25:34.595+0000] {dag.py:3820} INFO - Setting next_dagrun for dataset_produces_1 to 2023-12-18T00:00:00+00:00, run_after=2023-12-19T00:00:00+00:00
[2023-12-19T14:25:34.600+0000] {logging_mixin.py:188} INFO - [2023-12-19T14:25:34.600+0000] {dag.py:3820} INFO - Setting next_dagrun for dataset_produces_2 to None, run_after=None
[2023-12-19T14:25:34.718+0000] {processor.py:183} INFO - Processing /home/airflow/.local/lib/python3.8/site-packages/airflow/example_dags/example_datasets.py took 1.132 seconds
[2023-12-19T14:26:05.065+0000] {processor.py:161} INFO - Started process (PID=139) to work on /home/airflow/.local/lib/python3.8/site-packages/airflow/example_dags/example_datasets.py
[2023-12-19T14:26:05.067+0000] {processor.py:830} INFO - Processing file /home/airflow/.local/lib/python3.8/site-packages/airflow/example_dags/example_datasets.py for tasks to queue
[2023-12-19T14:26:05.071+0000] {logging_mixin.py:188} INFO - [2023-12-19T14:26:05.071+0000] {dagbag.py:538} INFO - Filling up the DagBag from /home/airflow/.local/lib/python3.8/site-packages/airflow/example_dags/example_datasets.py
[2023-12-19T14:26:05.098+0000] {processor.py:840} INFO - DAG(s) 'dataset_produces_1', 'dataset_consumes_unknown_never_scheduled', 'dataset_consumes_1_and_2', 'dataset_consumes_1_never_scheduled', 'dataset_produces_2', 'dataset_consumes_1' retrieved from /home/airflow/.local/lib/python3.8/site-packages/airflow/example_dags/example_datasets.py
[2023-12-19T14:26:05.183+0000] {logging_mixin.py:188} INFO - [2023-12-19T14:26:05.182+0000] {dag.py:3033} INFO - Sync 6 DAGs
[2023-12-19T14:26:05.229+0000] {logging_mixin.py:188} INFO - [2023-12-19T14:26:05.228+0000] {dag.py:3820} INFO - Setting next_dagrun for dataset_consumes_1 to None, run_after=None
[2023-12-19T14:26:05.236+0000] {logging_mixin.py:188} INFO - [2023-12-19T14:26:05.235+0000] {dag.py:3820} INFO - Setting next_dagrun for dataset_consumes_1_and_2 to None, run_after=None
[2023-12-19T14:26:05.239+0000] {logging_mixin.py:188} INFO - [2023-12-19T14:26:05.238+0000] {dag.py:3820} INFO - Setting next_dagrun for dataset_consumes_1_never_scheduled to None, run_after=None
[2023-12-19T14:26:05.242+0000] {logging_mixin.py:188} INFO - [2023-12-19T14:26:05.241+0000] {dag.py:3820} INFO - Setting next_dagrun for dataset_consumes_unknown_never_scheduled to None, run_after=None
[2023-12-19T14:26:05.247+0000] {logging_mixin.py:188} INFO - [2023-12-19T14:26:05.247+0000] {dag.py:3820} INFO - Setting next_dagrun for dataset_produces_1 to 2023-12-18T00:00:00+00:00, run_after=2023-12-19T00:00:00+00:00
[2023-12-19T14:26:05.251+0000] {logging_mixin.py:188} INFO - [2023-12-19T14:26:05.250+0000] {dag.py:3820} INFO - Setting next_dagrun for dataset_produces_2 to None, run_after=None
[2023-12-19T14:26:05.319+0000] {processor.py:183} INFO - Processing /home/airflow/.local/lib/python3.8/site-packages/airflow/example_dags/example_datasets.py took 0.261 seconds
[2023-12-19T14:26:35.447+0000] {processor.py:161} INFO - Started process (PID=195) to work on /home/airflow/.local/lib/python3.8/site-packages/airflow/example_dags/example_datasets.py
[2023-12-19T14:26:35.449+0000] {processor.py:830} INFO - Processing file /home/airflow/.local/lib/python3.8/site-packages/airflow/example_dags/example_datasets.py for tasks to queue
[2023-12-19T14:26:35.455+0000] {logging_mixin.py:188} INFO - [2023-12-19T14:26:35.454+0000] {dagbag.py:538} INFO - Filling up the DagBag from /home/airflow/.local/lib/python3.8/site-packages/airflow/example_dags/example_datasets.py
[2023-12-19T14:26:35.485+0000] {processor.py:840} INFO - DAG(s) 'dataset_consumes_1_never_scheduled', 'dataset_produces_1', 'dataset_produces_2', 'dataset_consumes_1', 'dataset_consumes_unknown_never_scheduled', 'dataset_consumes_1_and_2' retrieved from /home/airflow/.local/lib/python3.8/site-packages/airflow/example_dags/example_datasets.py
[2023-12-19T14:26:35.693+0000] {logging_mixin.py:188} INFO - [2023-12-19T14:26:35.692+0000] {dag.py:3033} INFO - Sync 6 DAGs
[2023-12-19T14:26:35.761+0000] {logging_mixin.py:188} INFO - [2023-12-19T14:26:35.760+0000] {dag.py:3820} INFO - Setting next_dagrun for dataset_consumes_1 to None, run_after=None
[2023-12-19T14:26:35.775+0000] {logging_mixin.py:188} INFO - [2023-12-19T14:26:35.772+0000] {dag.py:3820} INFO - Setting next_dagrun for dataset_consumes_1_and_2 to None, run_after=None
[2023-12-19T14:26:35.782+0000] {logging_mixin.py:188} INFO - [2023-12-19T14:26:35.782+0000] {dag.py:3820} INFO - Setting next_dagrun for dataset_consumes_1_never_scheduled to None, run_after=None
[2023-12-19T14:26:35.787+0000] {logging_mixin.py:188} INFO - [2023-12-19T14:26:35.787+0000] {dag.py:3820} INFO - Setting next_dagrun for dataset_consumes_unknown_never_scheduled to None, run_after=None
[2023-12-19T14:26:35.796+0000] {logging_mixin.py:188} INFO - [2023-12-19T14:26:35.795+0000] {dag.py:3820} INFO - Setting next_dagrun for dataset_produces_1 to 2023-12-18T00:00:00+00:00, run_after=2023-12-19T00:00:00+00:00
[2023-12-19T14:26:35.800+0000] {logging_mixin.py:188} INFO - [2023-12-19T14:26:35.799+0000] {dag.py:3820} INFO - Setting next_dagrun for dataset_produces_2 to None, run_after=None
[2023-12-19T14:26:35.917+0000] {processor.py:183} INFO - Processing /home/airflow/.local/lib/python3.8/site-packages/airflow/example_dags/example_datasets.py took 0.478 seconds
[2023-12-19T14:27:06.075+0000] {processor.py:161} INFO - Started process (PID=250) to work on /home/airflow/.local/lib/python3.8/site-packages/airflow/example_dags/example_datasets.py
[2023-12-19T14:27:06.078+0000] {processor.py:830} INFO - Processing file /home/airflow/.local/lib/python3.8/site-packages/airflow/example_dags/example_datasets.py for tasks to queue
[2023-12-19T14:27:06.084+0000] {logging_mixin.py:188} INFO - [2023-12-19T14:27:06.083+0000] {dagbag.py:538} INFO - Filling up the DagBag from /home/airflow/.local/lib/python3.8/site-packages/airflow/example_dags/example_datasets.py
[2023-12-19T14:27:06.106+0000] {processor.py:840} INFO - DAG(s) 'dataset_consumes_1', 'dataset_produces_2', 'dataset_consumes_unknown_never_scheduled', 'dataset_produces_1', 'dataset_consumes_1_never_scheduled', 'dataset_consumes_1_and_2' retrieved from /home/airflow/.local/lib/python3.8/site-packages/airflow/example_dags/example_datasets.py
[2023-12-19T14:27:06.180+0000] {logging_mixin.py:188} INFO - [2023-12-19T14:27:06.179+0000] {dag.py:3033} INFO - Sync 6 DAGs
[2023-12-19T14:27:06.225+0000] {logging_mixin.py:188} INFO - [2023-12-19T14:27:06.225+0000] {dag.py:3820} INFO - Setting next_dagrun for dataset_consumes_1 to None, run_after=None
[2023-12-19T14:27:06.232+0000] {logging_mixin.py:188} INFO - [2023-12-19T14:27:06.231+0000] {dag.py:3820} INFO - Setting next_dagrun for dataset_consumes_1_and_2 to None, run_after=None
[2023-12-19T14:27:06.234+0000] {logging_mixin.py:188} INFO - [2023-12-19T14:27:06.234+0000] {dag.py:3820} INFO - Setting next_dagrun for dataset_consumes_1_never_scheduled to None, run_after=None
[2023-12-19T14:27:06.236+0000] {logging_mixin.py:188} INFO - [2023-12-19T14:27:06.236+0000] {dag.py:3820} INFO - Setting next_dagrun for dataset_consumes_unknown_never_scheduled to None, run_after=None
[2023-12-19T14:27:06.241+0000] {logging_mixin.py:188} INFO - [2023-12-19T14:27:06.241+0000] {dag.py:3820} INFO - Setting next_dagrun for dataset_produces_1 to 2023-12-18T00:00:00+00:00, run_after=2023-12-19T00:00:00+00:00
[2023-12-19T14:27:06.244+0000] {logging_mixin.py:188} INFO - [2023-12-19T14:27:06.244+0000] {dag.py:3820} INFO - Setting next_dagrun for dataset_produces_2 to None, run_after=None
[2023-12-19T14:27:06.316+0000] {processor.py:183} INFO - Processing /home/airflow/.local/lib/python3.8/site-packages/airflow/example_dags/example_datasets.py took 0.247 seconds
[2023-12-19T14:27:36.406+0000] {processor.py:161} INFO - Started process (PID=305) to work on /home/airflow/.local/lib/python3.8/site-packages/airflow/example_dags/example_datasets.py
[2023-12-19T14:27:36.408+0000] {processor.py:830} INFO - Processing file /home/airflow/.local/lib/python3.8/site-packages/airflow/example_dags/example_datasets.py for tasks to queue
[2023-12-19T14:27:36.413+0000] {logging_mixin.py:188} INFO - [2023-12-19T14:27:36.413+0000] {dagbag.py:538} INFO - Filling up the DagBag from /home/airflow/.local/lib/python3.8/site-packages/airflow/example_dags/example_datasets.py
[2023-12-19T14:27:36.437+0000] {processor.py:840} INFO - DAG(s) 'dataset_consumes_1_and_2', 'dataset_consumes_unknown_never_scheduled', 'dataset_produces_2', 'dataset_consumes_1', 'dataset_consumes_1_never_scheduled', 'dataset_produces_1' retrieved from /home/airflow/.local/lib/python3.8/site-packages/airflow/example_dags/example_datasets.py
[2023-12-19T14:27:36.545+0000] {logging_mixin.py:188} INFO - [2023-12-19T14:27:36.545+0000] {dag.py:3033} INFO - Sync 6 DAGs
[2023-12-19T14:27:36.600+0000] {logging_mixin.py:188} INFO - [2023-12-19T14:27:36.599+0000] {dag.py:3820} INFO - Setting next_dagrun for dataset_consumes_1 to None, run_after=None
[2023-12-19T14:27:36.607+0000] {logging_mixin.py:188} INFO - [2023-12-19T14:27:36.606+0000] {dag.py:3820} INFO - Setting next_dagrun for dataset_consumes_1_and_2 to None, run_after=None
[2023-12-19T14:27:36.609+0000] {logging_mixin.py:188} INFO - [2023-12-19T14:27:36.609+0000] {dag.py:3820} INFO - Setting next_dagrun for dataset_consumes_1_never_scheduled to None, run_after=None
[2023-12-19T14:27:36.611+0000] {logging_mixin.py:188} INFO - [2023-12-19T14:27:36.611+0000] {dag.py:3820} INFO - Setting next_dagrun for dataset_consumes_unknown_never_scheduled to None, run_after=None
[2023-12-19T14:27:36.616+0000] {logging_mixin.py:188} INFO - [2023-12-19T14:27:36.616+0000] {dag.py:3820} INFO - Setting next_dagrun for dataset_produces_1 to 2023-12-18T00:00:00+00:00, run_after=2023-12-19T00:00:00+00:00
[2023-12-19T14:27:36.619+0000] {logging_mixin.py:188} INFO - [2023-12-19T14:27:36.619+0000] {dag.py:3820} INFO - Setting next_dagrun for dataset_produces_2 to None, run_after=None
[2023-12-19T14:27:36.689+0000] {processor.py:183} INFO - Processing /home/airflow/.local/lib/python3.8/site-packages/airflow/example_dags/example_datasets.py took 0.291 seconds
[2023-12-19T14:28:06.925+0000] {processor.py:161} INFO - Started process (PID=360) to work on /home/airflow/.local/lib/python3.8/site-packages/airflow/example_dags/example_datasets.py
[2023-12-19T14:28:06.927+0000] {processor.py:830} INFO - Processing file /home/airflow/.local/lib/python3.8/site-packages/airflow/example_dags/example_datasets.py for tasks to queue
[2023-12-19T14:28:06.932+0000] {logging_mixin.py:188} INFO - [2023-12-19T14:28:06.932+0000] {dagbag.py:538} INFO - Filling up the DagBag from /home/airflow/.local/lib/python3.8/site-packages/airflow/example_dags/example_datasets.py
[2023-12-19T14:28:06.955+0000] {processor.py:840} INFO - DAG(s) 'dataset_consumes_1', 'dataset_produces_2', 'dataset_consumes_1_and_2', 'dataset_produces_1', 'dataset_consumes_1_never_scheduled', 'dataset_consumes_unknown_never_scheduled' retrieved from /home/airflow/.local/lib/python3.8/site-packages/airflow/example_dags/example_datasets.py
[2023-12-19T14:28:07.033+0000] {logging_mixin.py:188} INFO - [2023-12-19T14:28:07.032+0000] {dag.py:3033} INFO - Sync 6 DAGs
[2023-12-19T14:28:07.086+0000] {logging_mixin.py:188} INFO - [2023-12-19T14:28:07.085+0000] {dag.py:3820} INFO - Setting next_dagrun for dataset_consumes_1 to None, run_after=None
[2023-12-19T14:28:07.094+0000] {logging_mixin.py:188} INFO - [2023-12-19T14:28:07.094+0000] {dag.py:3820} INFO - Setting next_dagrun for dataset_consumes_1_and_2 to None, run_after=None
[2023-12-19T14:28:07.098+0000] {logging_mixin.py:188} INFO - [2023-12-19T14:28:07.098+0000] {dag.py:3820} INFO - Setting next_dagrun for dataset_consumes_1_never_scheduled to None, run_after=None
[2023-12-19T14:28:07.101+0000] {logging_mixin.py:188} INFO - [2023-12-19T14:28:07.101+0000] {dag.py:3820} INFO - Setting next_dagrun for dataset_consumes_unknown_never_scheduled to None, run_after=None
[2023-12-19T14:28:07.107+0000] {logging_mixin.py:188} INFO - [2023-12-19T14:28:07.106+0000] {dag.py:3820} INFO - Setting next_dagrun for dataset_produces_1 to 2023-12-18T00:00:00+00:00, run_after=2023-12-19T00:00:00+00:00
[2023-12-19T14:28:07.109+0000] {logging_mixin.py:188} INFO - [2023-12-19T14:28:07.109+0000] {dag.py:3820} INFO - Setting next_dagrun for dataset_produces_2 to None, run_after=None
[2023-12-19T14:28:07.181+0000] {processor.py:183} INFO - Processing /home/airflow/.local/lib/python3.8/site-packages/airflow/example_dags/example_datasets.py took 0.266 seconds
[2023-12-19T14:28:37.734+0000] {processor.py:161} INFO - Started process (PID=415) to work on /home/airflow/.local/lib/python3.8/site-packages/airflow/example_dags/example_datasets.py
[2023-12-19T14:28:37.738+0000] {processor.py:830} INFO - Processing file /home/airflow/.local/lib/python3.8/site-packages/airflow/example_dags/example_datasets.py for tasks to queue
[2023-12-19T14:28:37.753+0000] {logging_mixin.py:188} INFO - [2023-12-19T14:28:37.752+0000] {dagbag.py:538} INFO - Filling up the DagBag from /home/airflow/.local/lib/python3.8/site-packages/airflow/example_dags/example_datasets.py
[2023-12-19T14:28:37.793+0000] {processor.py:840} INFO - DAG(s) 'dataset_consumes_1_never_scheduled', 'dataset_produces_1', 'dataset_produces_2', 'dataset_consumes_1', 'dataset_consumes_unknown_never_scheduled', 'dataset_consumes_1_and_2' retrieved from /home/airflow/.local/lib/python3.8/site-packages/airflow/example_dags/example_datasets.py
[2023-12-19T14:28:38.000+0000] {logging_mixin.py:188} INFO - [2023-12-19T14:28:38.000+0000] {dag.py:3033} INFO - Sync 6 DAGs
[2023-12-19T14:28:38.086+0000] {logging_mixin.py:188} INFO - [2023-12-19T14:28:38.085+0000] {dag.py:3820} INFO - Setting next_dagrun for dataset_consumes_1 to None, run_after=None
[2023-12-19T14:28:38.096+0000] {logging_mixin.py:188} INFO - [2023-12-19T14:28:38.096+0000] {dag.py:3820} INFO - Setting next_dagrun for dataset_consumes_1_and_2 to None, run_after=None
[2023-12-19T14:28:38.100+0000] {logging_mixin.py:188} INFO - [2023-12-19T14:28:38.100+0000] {dag.py:3820} INFO - Setting next_dagrun for dataset_consumes_1_never_scheduled to None, run_after=None
[2023-12-19T14:28:38.104+0000] {logging_mixin.py:188} INFO - [2023-12-19T14:28:38.104+0000] {dag.py:3820} INFO - Setting next_dagrun for dataset_consumes_unknown_never_scheduled to None, run_after=None
[2023-12-19T14:28:38.114+0000] {logging_mixin.py:188} INFO - [2023-12-19T14:28:38.113+0000] {dag.py:3820} INFO - Setting next_dagrun for dataset_produces_1 to 2023-12-18T00:00:00+00:00, run_after=2023-12-19T00:00:00+00:00
[2023-12-19T14:28:38.118+0000] {logging_mixin.py:188} INFO - [2023-12-19T14:28:38.118+0000] {dag.py:3820} INFO - Setting next_dagrun for dataset_produces_2 to None, run_after=None
[2023-12-19T14:28:38.255+0000] {processor.py:183} INFO - Processing /home/airflow/.local/lib/python3.8/site-packages/airflow/example_dags/example_datasets.py took 0.529 seconds
[2023-12-19T14:29:09.184+0000] {processor.py:161} INFO - Started process (PID=470) to work on /home/airflow/.local/lib/python3.8/site-packages/airflow/example_dags/example_datasets.py
[2023-12-19T14:29:09.186+0000] {processor.py:830} INFO - Processing file /home/airflow/.local/lib/python3.8/site-packages/airflow/example_dags/example_datasets.py for tasks to queue
[2023-12-19T14:29:09.191+0000] {logging_mixin.py:188} INFO - [2023-12-19T14:29:09.190+0000] {dagbag.py:538} INFO - Filling up the DagBag from /home/airflow/.local/lib/python3.8/site-packages/airflow/example_dags/example_datasets.py
[2023-12-19T14:29:09.236+0000] {processor.py:840} INFO - DAG(s) 'dataset_produces_2', 'dataset_consumes_1_and_2', 'dataset_consumes_unknown_never_scheduled', 'dataset_consumes_1', 'dataset_produces_1', 'dataset_consumes_1_never_scheduled' retrieved from /home/airflow/.local/lib/python3.8/site-packages/airflow/example_dags/example_datasets.py
[2023-12-19T14:29:09.347+0000] {logging_mixin.py:188} INFO - [2023-12-19T14:29:09.346+0000] {dag.py:3033} INFO - Sync 6 DAGs
[2023-12-19T14:29:09.404+0000] {logging_mixin.py:188} INFO - [2023-12-19T14:29:09.404+0000] {dag.py:3820} INFO - Setting next_dagrun for dataset_consumes_1 to None, run_after=None
[2023-12-19T14:29:09.416+0000] {logging_mixin.py:188} INFO - [2023-12-19T14:29:09.416+0000] {dag.py:3820} INFO - Setting next_dagrun for dataset_consumes_1_and_2 to None, run_after=None
[2023-12-19T14:29:09.420+0000] {logging_mixin.py:188} INFO - [2023-12-19T14:29:09.420+0000] {dag.py:3820} INFO - Setting next_dagrun for dataset_consumes_1_never_scheduled to None, run_after=None
[2023-12-19T14:29:09.423+0000] {logging_mixin.py:188} INFO - [2023-12-19T14:29:09.423+0000] {dag.py:3820} INFO - Setting next_dagrun for dataset_consumes_unknown_never_scheduled to None, run_after=None
[2023-12-19T14:29:09.430+0000] {logging_mixin.py:188} INFO - [2023-12-19T14:29:09.429+0000] {dag.py:3820} INFO - Setting next_dagrun for dataset_produces_1 to 2023-12-18T00:00:00+00:00, run_after=2023-12-19T00:00:00+00:00
[2023-12-19T14:29:09.435+0000] {logging_mixin.py:188} INFO - [2023-12-19T14:29:09.434+0000] {dag.py:3820} INFO - Setting next_dagrun for dataset_produces_2 to None, run_after=None
[2023-12-19T14:29:09.539+0000] {processor.py:183} INFO - Processing /home/airflow/.local/lib/python3.8/site-packages/airflow/example_dags/example_datasets.py took 0.363 seconds
[2023-12-19T14:29:39.949+0000] {processor.py:161} INFO - Started process (PID=525) to work on /home/airflow/.local/lib/python3.8/site-packages/airflow/example_dags/example_datasets.py
[2023-12-19T14:29:39.968+0000] {processor.py:830} INFO - Processing file /home/airflow/.local/lib/python3.8/site-packages/airflow/example_dags/example_datasets.py for tasks to queue
[2023-12-19T14:29:39.987+0000] {logging_mixin.py:188} INFO - [2023-12-19T14:29:39.980+0000] {dagbag.py:538} INFO - Filling up the DagBag from /home/airflow/.local/lib/python3.8/site-packages/airflow/example_dags/example_datasets.py
[2023-12-19T14:29:40.147+0000] {processor.py:840} INFO - DAG(s) 'dataset_consumes_1_and_2', 'dataset_produces_1', 'dataset_consumes_unknown_never_scheduled', 'dataset_consumes_1_never_scheduled', 'dataset_produces_2', 'dataset_consumes_1' retrieved from /home/airflow/.local/lib/python3.8/site-packages/airflow/example_dags/example_datasets.py
[2023-12-19T14:29:40.533+0000] {logging_mixin.py:188} INFO - [2023-12-19T14:29:40.532+0000] {dag.py:3033} INFO - Sync 6 DAGs
[2023-12-19T14:29:40.824+0000] {logging_mixin.py:188} INFO - [2023-12-19T14:29:40.824+0000] {dag.py:3820} INFO - Setting next_dagrun for dataset_consumes_1 to None, run_after=None
[2023-12-19T14:29:40.858+0000] {logging_mixin.py:188} INFO - [2023-12-19T14:29:40.857+0000] {dag.py:3820} INFO - Setting next_dagrun for dataset_consumes_1_and_2 to None, run_after=None
[2023-12-19T14:29:40.877+0000] {logging_mixin.py:188} INFO - [2023-12-19T14:29:40.875+0000] {dag.py:3820} INFO - Setting next_dagrun for dataset_consumes_1_never_scheduled to None, run_after=None
[2023-12-19T14:29:40.891+0000] {logging_mixin.py:188} INFO - [2023-12-19T14:29:40.890+0000] {dag.py:3820} INFO - Setting next_dagrun for dataset_consumes_unknown_never_scheduled to None, run_after=None
[2023-12-19T14:29:40.926+0000] {logging_mixin.py:188} INFO - [2023-12-19T14:29:40.925+0000] {dag.py:3820} INFO - Setting next_dagrun for dataset_produces_1 to 2023-12-18T00:00:00+00:00, run_after=2023-12-19T00:00:00+00:00
[2023-12-19T14:29:40.937+0000] {logging_mixin.py:188} INFO - [2023-12-19T14:29:40.936+0000] {dag.py:3820} INFO - Setting next_dagrun for dataset_produces_2 to None, run_after=None
[2023-12-19T14:29:41.213+0000] {processor.py:183} INFO - Processing /home/airflow/.local/lib/python3.8/site-packages/airflow/example_dags/example_datasets.py took 1.285 seconds
[2023-12-19T14:30:11.559+0000] {processor.py:161} INFO - Started process (PID=580) to work on /home/airflow/.local/lib/python3.8/site-packages/airflow/example_dags/example_datasets.py
[2023-12-19T14:30:11.562+0000] {processor.py:830} INFO - Processing file /home/airflow/.local/lib/python3.8/site-packages/airflow/example_dags/example_datasets.py for tasks to queue
[2023-12-19T14:30:11.567+0000] {logging_mixin.py:188} INFO - [2023-12-19T14:30:11.566+0000] {dagbag.py:538} INFO - Filling up the DagBag from /home/airflow/.local/lib/python3.8/site-packages/airflow/example_dags/example_datasets.py
[2023-12-19T14:30:11.590+0000] {processor.py:840} INFO - DAG(s) 'dataset_consumes_unknown_never_scheduled', 'dataset_consumes_1', 'dataset_produces_1', 'dataset_produces_2', 'dataset_consumes_1_never_scheduled', 'dataset_consumes_1_and_2' retrieved from /home/airflow/.local/lib/python3.8/site-packages/airflow/example_dags/example_datasets.py
[2023-12-19T14:30:11.670+0000] {logging_mixin.py:188} INFO - [2023-12-19T14:30:11.669+0000] {dag.py:3033} INFO - Sync 6 DAGs
[2023-12-19T14:30:11.716+0000] {logging_mixin.py:188} INFO - [2023-12-19T14:30:11.716+0000] {dag.py:3820} INFO - Setting next_dagrun for dataset_consumes_1 to None, run_after=None
[2023-12-19T14:30:11.723+0000] {logging_mixin.py:188} INFO - [2023-12-19T14:30:11.723+0000] {dag.py:3820} INFO - Setting next_dagrun for dataset_consumes_1_and_2 to None, run_after=None
[2023-12-19T14:30:11.726+0000] {logging_mixin.py:188} INFO - [2023-12-19T14:30:11.726+0000] {dag.py:3820} INFO - Setting next_dagrun for dataset_consumes_1_never_scheduled to None, run_after=None
[2023-12-19T14:30:11.729+0000] {logging_mixin.py:188} INFO - [2023-12-19T14:30:11.729+0000] {dag.py:3820} INFO - Setting next_dagrun for dataset_consumes_unknown_never_scheduled to None, run_after=None
[2023-12-19T14:30:11.735+0000] {logging_mixin.py:188} INFO - [2023-12-19T14:30:11.735+0000] {dag.py:3820} INFO - Setting next_dagrun for dataset_produces_1 to 2023-12-18T00:00:00+00:00, run_after=2023-12-19T00:00:00+00:00
[2023-12-19T14:30:11.740+0000] {logging_mixin.py:188} INFO - [2023-12-19T14:30:11.740+0000] {dag.py:3820} INFO - Setting next_dagrun for dataset_produces_2 to None, run_after=None
[2023-12-19T14:30:11.813+0000] {processor.py:183} INFO - Processing /home/airflow/.local/lib/python3.8/site-packages/airflow/example_dags/example_datasets.py took 0.262 seconds
[2023-12-19T14:30:42.257+0000] {processor.py:161} INFO - Started process (PID=635) to work on /home/airflow/.local/lib/python3.8/site-packages/airflow/example_dags/example_datasets.py
[2023-12-19T14:30:42.259+0000] {processor.py:830} INFO - Processing file /home/airflow/.local/lib/python3.8/site-packages/airflow/example_dags/example_datasets.py for tasks to queue
[2023-12-19T14:30:42.263+0000] {logging_mixin.py:188} INFO - [2023-12-19T14:30:42.263+0000] {dagbag.py:538} INFO - Filling up the DagBag from /home/airflow/.local/lib/python3.8/site-packages/airflow/example_dags/example_datasets.py
[2023-12-19T14:30:42.287+0000] {processor.py:840} INFO - DAG(s) 'dataset_consumes_1_and_2', 'dataset_consumes_1', 'dataset_produces_1', 'dataset_consumes_1_never_scheduled', 'dataset_consumes_unknown_never_scheduled', 'dataset_produces_2' retrieved from /home/airflow/.local/lib/python3.8/site-packages/airflow/example_dags/example_datasets.py
[2023-12-19T14:30:42.403+0000] {logging_mixin.py:188} INFO - [2023-12-19T14:30:42.401+0000] {dag.py:3033} INFO - Sync 6 DAGs
[2023-12-19T14:30:42.484+0000] {logging_mixin.py:188} INFO - [2023-12-19T14:30:42.484+0000] {dag.py:3820} INFO - Setting next_dagrun for dataset_consumes_1 to None, run_after=None
[2023-12-19T14:30:42.495+0000] {logging_mixin.py:188} INFO - [2023-12-19T14:30:42.495+0000] {dag.py:3820} INFO - Setting next_dagrun for dataset_consumes_1_and_2 to None, run_after=None
[2023-12-19T14:30:42.499+0000] {logging_mixin.py:188} INFO - [2023-12-19T14:30:42.499+0000] {dag.py:3820} INFO - Setting next_dagrun for dataset_consumes_1_never_scheduled to None, run_after=None
[2023-12-19T14:30:42.503+0000] {logging_mixin.py:188} INFO - [2023-12-19T14:30:42.502+0000] {dag.py:3820} INFO - Setting next_dagrun for dataset_consumes_unknown_never_scheduled to None, run_after=None
[2023-12-19T14:30:42.511+0000] {logging_mixin.py:188} INFO - [2023-12-19T14:30:42.510+0000] {dag.py:3820} INFO - Setting next_dagrun for dataset_produces_1 to 2023-12-18T00:00:00+00:00, run_after=2023-12-19T00:00:00+00:00
[2023-12-19T14:30:42.515+0000] {logging_mixin.py:188} INFO - [2023-12-19T14:30:42.514+0000] {dag.py:3820} INFO - Setting next_dagrun for dataset_produces_2 to None, run_after=None
[2023-12-19T14:30:42.605+0000] {processor.py:183} INFO - Processing /home/airflow/.local/lib/python3.8/site-packages/airflow/example_dags/example_datasets.py took 0.355 seconds
[2023-12-19T14:31:12.767+0000] {processor.py:161} INFO - Started process (PID=689) to work on /home/airflow/.local/lib/python3.8/site-packages/airflow/example_dags/example_datasets.py
[2023-12-19T14:31:12.772+0000] {processor.py:830} INFO - Processing file /home/airflow/.local/lib/python3.8/site-packages/airflow/example_dags/example_datasets.py for tasks to queue
[2023-12-19T14:31:12.784+0000] {logging_mixin.py:188} INFO - [2023-12-19T14:31:12.781+0000] {dagbag.py:538} INFO - Filling up the DagBag from /home/airflow/.local/lib/python3.8/site-packages/airflow/example_dags/example_datasets.py
[2023-12-19T14:31:12.850+0000] {processor.py:840} INFO - DAG(s) 'dataset_consumes_1_never_scheduled', 'dataset_consumes_1', 'dataset_consumes_1_and_2', 'dataset_produces_1', 'dataset_produces_2', 'dataset_consumes_unknown_never_scheduled' retrieved from /home/airflow/.local/lib/python3.8/site-packages/airflow/example_dags/example_datasets.py
[2023-12-19T14:31:12.989+0000] {logging_mixin.py:188} INFO - [2023-12-19T14:31:12.988+0000] {dag.py:3033} INFO - Sync 6 DAGs
[2023-12-19T14:31:13.053+0000] {logging_mixin.py:188} INFO - [2023-12-19T14:31:13.053+0000] {dag.py:3820} INFO - Setting next_dagrun for dataset_consumes_1 to None, run_after=None
[2023-12-19T14:31:13.063+0000] {logging_mixin.py:188} INFO - [2023-12-19T14:31:13.063+0000] {dag.py:3820} INFO - Setting next_dagrun for dataset_consumes_1_and_2 to None, run_after=None
[2023-12-19T14:31:13.066+0000] {logging_mixin.py:188} INFO - [2023-12-19T14:31:13.066+0000] {dag.py:3820} INFO - Setting next_dagrun for dataset_consumes_1_never_scheduled to None, run_after=None
[2023-12-19T14:31:13.069+0000] {logging_mixin.py:188} INFO - [2023-12-19T14:31:13.069+0000] {dag.py:3820} INFO - Setting next_dagrun for dataset_consumes_unknown_never_scheduled to None, run_after=None
[2023-12-19T14:31:13.077+0000] {logging_mixin.py:188} INFO - [2023-12-19T14:31:13.077+0000] {dag.py:3820} INFO - Setting next_dagrun for dataset_produces_1 to 2023-12-18T00:00:00+00:00, run_after=2023-12-19T00:00:00+00:00
[2023-12-19T14:31:13.081+0000] {logging_mixin.py:188} INFO - [2023-12-19T14:31:13.080+0000] {dag.py:3820} INFO - Setting next_dagrun for dataset_produces_2 to None, run_after=None
[2023-12-19T14:31:13.166+0000] {processor.py:183} INFO - Processing /home/airflow/.local/lib/python3.8/site-packages/airflow/example_dags/example_datasets.py took 0.423 seconds
[2023-12-19T14:31:43.467+0000] {processor.py:161} INFO - Started process (PID=745) to work on /home/airflow/.local/lib/python3.8/site-packages/airflow/example_dags/example_datasets.py
[2023-12-19T14:31:43.470+0000] {processor.py:830} INFO - Processing file /home/airflow/.local/lib/python3.8/site-packages/airflow/example_dags/example_datasets.py for tasks to queue
[2023-12-19T14:31:43.475+0000] {logging_mixin.py:188} INFO - [2023-12-19T14:31:43.474+0000] {dagbag.py:538} INFO - Filling up the DagBag from /home/airflow/.local/lib/python3.8/site-packages/airflow/example_dags/example_datasets.py
[2023-12-19T14:31:43.499+0000] {processor.py:840} INFO - DAG(s) 'dataset_consumes_1_and_2', 'dataset_produces_2', 'dataset_consumes_1', 'dataset_consumes_1_never_scheduled', 'dataset_produces_1', 'dataset_consumes_unknown_never_scheduled' retrieved from /home/airflow/.local/lib/python3.8/site-packages/airflow/example_dags/example_datasets.py
[2023-12-19T14:31:43.591+0000] {logging_mixin.py:188} INFO - [2023-12-19T14:31:43.590+0000] {dag.py:3033} INFO - Sync 6 DAGs
[2023-12-19T14:31:43.645+0000] {logging_mixin.py:188} INFO - [2023-12-19T14:31:43.644+0000] {dag.py:3820} INFO - Setting next_dagrun for dataset_consumes_1 to None, run_after=None
[2023-12-19T14:31:43.653+0000] {logging_mixin.py:188} INFO - [2023-12-19T14:31:43.652+0000] {dag.py:3820} INFO - Setting next_dagrun for dataset_consumes_1_and_2 to None, run_after=None
[2023-12-19T14:31:43.658+0000] {logging_mixin.py:188} INFO - [2023-12-19T14:31:43.657+0000] {dag.py:3820} INFO - Setting next_dagrun for dataset_consumes_1_never_scheduled to None, run_after=None
[2023-12-19T14:31:43.661+0000] {logging_mixin.py:188} INFO - [2023-12-19T14:31:43.660+0000] {dag.py:3820} INFO - Setting next_dagrun for dataset_consumes_unknown_never_scheduled to None, run_after=None
[2023-12-19T14:31:43.667+0000] {logging_mixin.py:188} INFO - [2023-12-19T14:31:43.666+0000] {dag.py:3820} INFO - Setting next_dagrun for dataset_produces_1 to 2023-12-18T00:00:00+00:00, run_after=2023-12-19T00:00:00+00:00
[2023-12-19T14:31:43.670+0000] {logging_mixin.py:188} INFO - [2023-12-19T14:31:43.670+0000] {dag.py:3820} INFO - Setting next_dagrun for dataset_produces_2 to None, run_after=None
[2023-12-19T14:31:43.764+0000] {processor.py:183} INFO - Processing /home/airflow/.local/lib/python3.8/site-packages/airflow/example_dags/example_datasets.py took 0.305 seconds
[2023-12-19T14:32:14.271+0000] {processor.py:161} INFO - Started process (PID=799) to work on /home/airflow/.local/lib/python3.8/site-packages/airflow/example_dags/example_datasets.py
[2023-12-19T14:32:14.275+0000] {processor.py:830} INFO - Processing file /home/airflow/.local/lib/python3.8/site-packages/airflow/example_dags/example_datasets.py for tasks to queue
[2023-12-19T14:32:14.292+0000] {logging_mixin.py:188} INFO - [2023-12-19T14:32:14.290+0000] {dagbag.py:538} INFO - Filling up the DagBag from /home/airflow/.local/lib/python3.8/site-packages/airflow/example_dags/example_datasets.py
[2023-12-19T14:32:14.375+0000] {processor.py:840} INFO - DAG(s) 'dataset_consumes_1_and_2', 'dataset_consumes_1_never_scheduled', 'dataset_consumes_1', 'dataset_produces_1', 'dataset_consumes_unknown_never_scheduled', 'dataset_produces_2' retrieved from /home/airflow/.local/lib/python3.8/site-packages/airflow/example_dags/example_datasets.py
[2023-12-19T14:32:14.682+0000] {logging_mixin.py:188} INFO - [2023-12-19T14:32:14.681+0000] {dag.py:3033} INFO - Sync 6 DAGs
[2023-12-19T14:32:14.825+0000] {logging_mixin.py:188} INFO - [2023-12-19T14:32:14.824+0000] {dag.py:3820} INFO - Setting next_dagrun for dataset_consumes_1 to None, run_after=None
[2023-12-19T14:32:14.849+0000] {logging_mixin.py:188} INFO - [2023-12-19T14:32:14.848+0000] {dag.py:3820} INFO - Setting next_dagrun for dataset_consumes_1_and_2 to None, run_after=None
[2023-12-19T14:32:14.864+0000] {logging_mixin.py:188} INFO - [2023-12-19T14:32:14.863+0000] {dag.py:3820} INFO - Setting next_dagrun for dataset_consumes_1_never_scheduled to None, run_after=None
[2023-12-19T14:32:14.894+0000] {logging_mixin.py:188} INFO - [2023-12-19T14:32:14.893+0000] {dag.py:3820} INFO - Setting next_dagrun for dataset_consumes_unknown_never_scheduled to None, run_after=None
[2023-12-19T14:32:14.912+0000] {logging_mixin.py:188} INFO - [2023-12-19T14:32:14.912+0000] {dag.py:3820} INFO - Setting next_dagrun for dataset_produces_1 to 2023-12-18T00:00:00+00:00, run_after=2023-12-19T00:00:00+00:00
[2023-12-19T14:32:14.929+0000] {logging_mixin.py:188} INFO - [2023-12-19T14:32:14.929+0000] {dag.py:3820} INFO - Setting next_dagrun for dataset_produces_2 to None, run_after=None
[2023-12-19T14:32:15.145+0000] {processor.py:183} INFO - Processing /home/airflow/.local/lib/python3.8/site-packages/airflow/example_dags/example_datasets.py took 0.903 seconds
[2023-12-19T14:32:45.341+0000] {processor.py:161} INFO - Started process (PID=854) to work on /home/airflow/.local/lib/python3.8/site-packages/airflow/example_dags/example_datasets.py
[2023-12-19T14:32:45.344+0000] {processor.py:830} INFO - Processing file /home/airflow/.local/lib/python3.8/site-packages/airflow/example_dags/example_datasets.py for tasks to queue
[2023-12-19T14:32:45.349+0000] {logging_mixin.py:188} INFO - [2023-12-19T14:32:45.349+0000] {dagbag.py:538} INFO - Filling up the DagBag from /home/airflow/.local/lib/python3.8/site-packages/airflow/example_dags/example_datasets.py
[2023-12-19T14:32:45.401+0000] {processor.py:840} INFO - DAG(s) 'dataset_consumes_unknown_never_scheduled', 'dataset_consumes_1_and_2', 'dataset_consumes_1', 'dataset_produces_2', 'dataset_consumes_1_never_scheduled', 'dataset_produces_1' retrieved from /home/airflow/.local/lib/python3.8/site-packages/airflow/example_dags/example_datasets.py
[2023-12-19T14:32:45.613+0000] {logging_mixin.py:188} INFO - [2023-12-19T14:32:45.612+0000] {dag.py:3033} INFO - Sync 6 DAGs
[2023-12-19T14:32:45.691+0000] {logging_mixin.py:188} INFO - [2023-12-19T14:32:45.690+0000] {dag.py:3820} INFO - Setting next_dagrun for dataset_consumes_1 to None, run_after=None
[2023-12-19T14:32:45.700+0000] {logging_mixin.py:188} INFO - [2023-12-19T14:32:45.700+0000] {dag.py:3820} INFO - Setting next_dagrun for dataset_consumes_1_and_2 to None, run_after=None
[2023-12-19T14:32:45.704+0000] {logging_mixin.py:188} INFO - [2023-12-19T14:32:45.704+0000] {dag.py:3820} INFO - Setting next_dagrun for dataset_consumes_1_never_scheduled to None, run_after=None
[2023-12-19T14:32:45.708+0000] {logging_mixin.py:188} INFO - [2023-12-19T14:32:45.708+0000] {dag.py:3820} INFO - Setting next_dagrun for dataset_consumes_unknown_never_scheduled to None, run_after=None
[2023-12-19T14:32:45.720+0000] {logging_mixin.py:188} INFO - [2023-12-19T14:32:45.719+0000] {dag.py:3820} INFO - Setting next_dagrun for dataset_produces_1 to 2023-12-18T00:00:00+00:00, run_after=2023-12-19T00:00:00+00:00
[2023-12-19T14:32:45.725+0000] {logging_mixin.py:188} INFO - [2023-12-19T14:32:45.725+0000] {dag.py:3820} INFO - Setting next_dagrun for dataset_produces_2 to None, run_after=None
[2023-12-19T14:32:45.858+0000] {processor.py:183} INFO - Processing /home/airflow/.local/lib/python3.8/site-packages/airflow/example_dags/example_datasets.py took 0.529 seconds
[2023-12-19T14:33:16.004+0000] {processor.py:161} INFO - Started process (PID=909) to work on /home/airflow/.local/lib/python3.8/site-packages/airflow/example_dags/example_datasets.py
[2023-12-19T14:33:16.011+0000] {processor.py:830} INFO - Processing file /home/airflow/.local/lib/python3.8/site-packages/airflow/example_dags/example_datasets.py for tasks to queue
[2023-12-19T14:33:16.017+0000] {logging_mixin.py:188} INFO - [2023-12-19T14:33:16.016+0000] {dagbag.py:538} INFO - Filling up the DagBag from /home/airflow/.local/lib/python3.8/site-packages/airflow/example_dags/example_datasets.py
[2023-12-19T14:33:16.043+0000] {processor.py:840} INFO - DAG(s) 'dataset_produces_2', 'dataset_consumes_1', 'dataset_produces_1', 'dataset_consumes_1_never_scheduled', 'dataset_consumes_1_and_2', 'dataset_consumes_unknown_never_scheduled' retrieved from /home/airflow/.local/lib/python3.8/site-packages/airflow/example_dags/example_datasets.py
[2023-12-19T14:33:16.190+0000] {logging_mixin.py:188} INFO - [2023-12-19T14:33:16.189+0000] {dag.py:3033} INFO - Sync 6 DAGs
[2023-12-19T14:33:16.269+0000] {logging_mixin.py:188} INFO - [2023-12-19T14:33:16.269+0000] {dag.py:3820} INFO - Setting next_dagrun for dataset_consumes_1 to None, run_after=None
[2023-12-19T14:33:16.279+0000] {logging_mixin.py:188} INFO - [2023-12-19T14:33:16.278+0000] {dag.py:3820} INFO - Setting next_dagrun for dataset_consumes_1_and_2 to None, run_after=None
[2023-12-19T14:33:16.283+0000] {logging_mixin.py:188} INFO - [2023-12-19T14:33:16.282+0000] {dag.py:3820} INFO - Setting next_dagrun for dataset_consumes_1_never_scheduled to None, run_after=None
[2023-12-19T14:33:16.287+0000] {logging_mixin.py:188} INFO - [2023-12-19T14:33:16.286+0000] {dag.py:3820} INFO - Setting next_dagrun for dataset_consumes_unknown_never_scheduled to None, run_after=None
[2023-12-19T14:33:16.295+0000] {logging_mixin.py:188} INFO - [2023-12-19T14:33:16.294+0000] {dag.py:3820} INFO - Setting next_dagrun for dataset_produces_1 to 2023-12-18T00:00:00+00:00, run_after=2023-12-19T00:00:00+00:00
[2023-12-19T14:33:16.298+0000] {logging_mixin.py:188} INFO - [2023-12-19T14:33:16.298+0000] {dag.py:3820} INFO - Setting next_dagrun for dataset_produces_2 to None, run_after=None
[2023-12-19T14:33:16.390+0000] {processor.py:183} INFO - Processing /home/airflow/.local/lib/python3.8/site-packages/airflow/example_dags/example_datasets.py took 0.420 seconds
[2023-12-19T14:33:46.566+0000] {processor.py:161} INFO - Started process (PID=965) to work on /home/airflow/.local/lib/python3.8/site-packages/airflow/example_dags/example_datasets.py
[2023-12-19T14:33:46.568+0000] {processor.py:830} INFO - Processing file /home/airflow/.local/lib/python3.8/site-packages/airflow/example_dags/example_datasets.py for tasks to queue
[2023-12-19T14:33:46.573+0000] {logging_mixin.py:188} INFO - [2023-12-19T14:33:46.572+0000] {dagbag.py:538} INFO - Filling up the DagBag from /home/airflow/.local/lib/python3.8/site-packages/airflow/example_dags/example_datasets.py
[2023-12-19T14:33:46.601+0000] {processor.py:840} INFO - DAG(s) 'dataset_consumes_1_and_2', 'dataset_consumes_1_never_scheduled', 'dataset_produces_2', 'dataset_produces_1', 'dataset_consumes_1', 'dataset_consumes_unknown_never_scheduled' retrieved from /home/airflow/.local/lib/python3.8/site-packages/airflow/example_dags/example_datasets.py
[2023-12-19T14:33:46.738+0000] {logging_mixin.py:188} INFO - [2023-12-19T14:33:46.738+0000] {dag.py:3033} INFO - Sync 6 DAGs
[2023-12-19T14:33:46.815+0000] {logging_mixin.py:188} INFO - [2023-12-19T14:33:46.815+0000] {dag.py:3820} INFO - Setting next_dagrun for dataset_consumes_1 to None, run_after=None
[2023-12-19T14:33:46.826+0000] {logging_mixin.py:188} INFO - [2023-12-19T14:33:46.826+0000] {dag.py:3820} INFO - Setting next_dagrun for dataset_consumes_1_and_2 to None, run_after=None
[2023-12-19T14:33:46.830+0000] {logging_mixin.py:188} INFO - [2023-12-19T14:33:46.830+0000] {dag.py:3820} INFO - Setting next_dagrun for dataset_consumes_1_never_scheduled to None, run_after=None
[2023-12-19T14:33:46.835+0000] {logging_mixin.py:188} INFO - [2023-12-19T14:33:46.834+0000] {dag.py:3820} INFO - Setting next_dagrun for dataset_consumes_unknown_never_scheduled to None, run_after=None
[2023-12-19T14:33:46.844+0000] {logging_mixin.py:188} INFO - [2023-12-19T14:33:46.843+0000] {dag.py:3820} INFO - Setting next_dagrun for dataset_produces_1 to 2023-12-18T00:00:00+00:00, run_after=2023-12-19T00:00:00+00:00
[2023-12-19T14:33:46.848+0000] {logging_mixin.py:188} INFO - [2023-12-19T14:33:46.848+0000] {dag.py:3820} INFO - Setting next_dagrun for dataset_produces_2 to None, run_after=None
[2023-12-19T14:33:46.967+0000] {processor.py:183} INFO - Processing /home/airflow/.local/lib/python3.8/site-packages/airflow/example_dags/example_datasets.py took 0.410 seconds
[2023-12-19T14:34:17.296+0000] {processor.py:161} INFO - Started process (PID=1020) to work on /home/airflow/.local/lib/python3.8/site-packages/airflow/example_dags/example_datasets.py
[2023-12-19T14:34:17.298+0000] {processor.py:830} INFO - Processing file /home/airflow/.local/lib/python3.8/site-packages/airflow/example_dags/example_datasets.py for tasks to queue
[2023-12-19T14:34:17.303+0000] {logging_mixin.py:188} INFO - [2023-12-19T14:34:17.303+0000] {dagbag.py:538} INFO - Filling up the DagBag from /home/airflow/.local/lib/python3.8/site-packages/airflow/example_dags/example_datasets.py
[2023-12-19T14:34:17.326+0000] {processor.py:840} INFO - DAG(s) 'dataset_consumes_1', 'dataset_consumes_1_and_2', 'dataset_consumes_unknown_never_scheduled', 'dataset_produces_1', 'dataset_produces_2', 'dataset_consumes_1_never_scheduled' retrieved from /home/airflow/.local/lib/python3.8/site-packages/airflow/example_dags/example_datasets.py
[2023-12-19T14:34:17.421+0000] {logging_mixin.py:188} INFO - [2023-12-19T14:34:17.421+0000] {dag.py:3033} INFO - Sync 6 DAGs
[2023-12-19T14:34:17.474+0000] {logging_mixin.py:188} INFO - [2023-12-19T14:34:17.473+0000] {dag.py:3820} INFO - Setting next_dagrun for dataset_consumes_1 to None, run_after=None
[2023-12-19T14:34:17.483+0000] {logging_mixin.py:188} INFO - [2023-12-19T14:34:17.483+0000] {dag.py:3820} INFO - Setting next_dagrun for dataset_consumes_1_and_2 to None, run_after=None
[2023-12-19T14:34:17.487+0000] {logging_mixin.py:188} INFO - [2023-12-19T14:34:17.487+0000] {dag.py:3820} INFO - Setting next_dagrun for dataset_consumes_1_never_scheduled to None, run_after=None
[2023-12-19T14:34:17.491+0000] {logging_mixin.py:188} INFO - [2023-12-19T14:34:17.491+0000] {dag.py:3820} INFO - Setting next_dagrun for dataset_consumes_unknown_never_scheduled to None, run_after=None
[2023-12-19T14:34:17.499+0000] {logging_mixin.py:188} INFO - [2023-12-19T14:34:17.498+0000] {dag.py:3820} INFO - Setting next_dagrun for dataset_produces_1 to 2023-12-18T00:00:00+00:00, run_after=2023-12-19T00:00:00+00:00
[2023-12-19T14:34:17.505+0000] {logging_mixin.py:188} INFO - [2023-12-19T14:34:17.505+0000] {dag.py:3820} INFO - Setting next_dagrun for dataset_produces_2 to None, run_after=None
[2023-12-19T14:34:17.613+0000] {processor.py:183} INFO - Processing /home/airflow/.local/lib/python3.8/site-packages/airflow/example_dags/example_datasets.py took 0.325 seconds
[2023-12-19T14:34:48.510+0000] {processor.py:161} INFO - Started process (PID=1074) to work on /home/airflow/.local/lib/python3.8/site-packages/airflow/example_dags/example_datasets.py
[2023-12-19T14:34:48.513+0000] {processor.py:830} INFO - Processing file /home/airflow/.local/lib/python3.8/site-packages/airflow/example_dags/example_datasets.py for tasks to queue
[2023-12-19T14:34:48.518+0000] {logging_mixin.py:188} INFO - [2023-12-19T14:34:48.517+0000] {dagbag.py:538} INFO - Filling up the DagBag from /home/airflow/.local/lib/python3.8/site-packages/airflow/example_dags/example_datasets.py
[2023-12-19T14:34:48.544+0000] {processor.py:840} INFO - DAG(s) 'dataset_produces_1', 'dataset_produces_2', 'dataset_consumes_1_and_2', 'dataset_consumes_unknown_never_scheduled', 'dataset_consumes_1_never_scheduled', 'dataset_consumes_1' retrieved from /home/airflow/.local/lib/python3.8/site-packages/airflow/example_dags/example_datasets.py
[2023-12-19T14:34:48.654+0000] {logging_mixin.py:188} INFO - [2023-12-19T14:34:48.653+0000] {dag.py:3033} INFO - Sync 6 DAGs
[2023-12-19T14:34:48.727+0000] {logging_mixin.py:188} INFO - [2023-12-19T14:34:48.727+0000] {dag.py:3820} INFO - Setting next_dagrun for dataset_consumes_1 to None, run_after=None
[2023-12-19T14:34:48.738+0000] {logging_mixin.py:188} INFO - [2023-12-19T14:34:48.737+0000] {dag.py:3820} INFO - Setting next_dagrun for dataset_consumes_1_and_2 to None, run_after=None
[2023-12-19T14:34:48.749+0000] {logging_mixin.py:188} INFO - [2023-12-19T14:34:48.749+0000] {dag.py:3820} INFO - Setting next_dagrun for dataset_consumes_1_never_scheduled to None, run_after=None
[2023-12-19T14:34:48.753+0000] {logging_mixin.py:188} INFO - [2023-12-19T14:34:48.753+0000] {dag.py:3820} INFO - Setting next_dagrun for dataset_consumes_unknown_never_scheduled to None, run_after=None
[2023-12-19T14:34:48.770+0000] {logging_mixin.py:188} INFO - [2023-12-19T14:34:48.770+0000] {dag.py:3820} INFO - Setting next_dagrun for dataset_produces_1 to 2023-12-18T00:00:00+00:00, run_after=2023-12-19T00:00:00+00:00
[2023-12-19T14:34:48.777+0000] {logging_mixin.py:188} INFO - [2023-12-19T14:34:48.776+0000] {dag.py:3820} INFO - Setting next_dagrun for dataset_produces_2 to None, run_after=None
[2023-12-19T14:34:48.873+0000] {processor.py:183} INFO - Processing /home/airflow/.local/lib/python3.8/site-packages/airflow/example_dags/example_datasets.py took 0.370 seconds
[2023-12-19T14:35:19.584+0000] {processor.py:161} INFO - Started process (PID=1128) to work on /home/airflow/.local/lib/python3.8/site-packages/airflow/example_dags/example_datasets.py
[2023-12-19T14:35:19.587+0000] {processor.py:830} INFO - Processing file /home/airflow/.local/lib/python3.8/site-packages/airflow/example_dags/example_datasets.py for tasks to queue
[2023-12-19T14:35:19.594+0000] {logging_mixin.py:188} INFO - [2023-12-19T14:35:19.593+0000] {dagbag.py:538} INFO - Filling up the DagBag from /home/airflow/.local/lib/python3.8/site-packages/airflow/example_dags/example_datasets.py
[2023-12-19T14:35:19.617+0000] {processor.py:840} INFO - DAG(s) 'dataset_produces_2', 'dataset_consumes_unknown_never_scheduled', 'dataset_produces_1', 'dataset_consumes_1_never_scheduled', 'dataset_consumes_1_and_2', 'dataset_consumes_1' retrieved from /home/airflow/.local/lib/python3.8/site-packages/airflow/example_dags/example_datasets.py
[2023-12-19T14:35:19.734+0000] {logging_mixin.py:188} INFO - [2023-12-19T14:35:19.734+0000] {dag.py:3033} INFO - Sync 6 DAGs
[2023-12-19T14:35:19.785+0000] {logging_mixin.py:188} INFO - [2023-12-19T14:35:19.785+0000] {dag.py:3820} INFO - Setting next_dagrun for dataset_consumes_1 to None, run_after=None
[2023-12-19T14:35:19.792+0000] {logging_mixin.py:188} INFO - [2023-12-19T14:35:19.792+0000] {dag.py:3820} INFO - Setting next_dagrun for dataset_consumes_1_and_2 to None, run_after=None
[2023-12-19T14:35:19.795+0000] {logging_mixin.py:188} INFO - [2023-12-19T14:35:19.795+0000] {dag.py:3820} INFO - Setting next_dagrun for dataset_consumes_1_never_scheduled to None, run_after=None
[2023-12-19T14:35:19.797+0000] {logging_mixin.py:188} INFO - [2023-12-19T14:35:19.797+0000] {dag.py:3820} INFO - Setting next_dagrun for dataset_consumes_unknown_never_scheduled to None, run_after=None
[2023-12-19T14:35:19.802+0000] {logging_mixin.py:188} INFO - [2023-12-19T14:35:19.802+0000] {dag.py:3820} INFO - Setting next_dagrun for dataset_produces_1 to 2023-12-18T00:00:00+00:00, run_after=2023-12-19T00:00:00+00:00
[2023-12-19T14:35:19.805+0000] {logging_mixin.py:188} INFO - [2023-12-19T14:35:19.805+0000] {dag.py:3820} INFO - Setting next_dagrun for dataset_produces_2 to None, run_after=None
[2023-12-19T14:35:19.876+0000] {processor.py:183} INFO - Processing /home/airflow/.local/lib/python3.8/site-packages/airflow/example_dags/example_datasets.py took 0.301 seconds
[2023-12-19T14:35:49.950+0000] {processor.py:161} INFO - Started process (PID=1183) to work on /home/airflow/.local/lib/python3.8/site-packages/airflow/example_dags/example_datasets.py
[2023-12-19T14:35:49.952+0000] {processor.py:830} INFO - Processing file /home/airflow/.local/lib/python3.8/site-packages/airflow/example_dags/example_datasets.py for tasks to queue
[2023-12-19T14:35:49.956+0000] {logging_mixin.py:188} INFO - [2023-12-19T14:35:49.955+0000] {dagbag.py:538} INFO - Filling up the DagBag from /home/airflow/.local/lib/python3.8/site-packages/airflow/example_dags/example_datasets.py
[2023-12-19T14:35:49.978+0000] {processor.py:840} INFO - DAG(s) 'dataset_consumes_unknown_never_scheduled', 'dataset_produces_2', 'dataset_consumes_1', 'dataset_consumes_1_and_2', 'dataset_produces_1', 'dataset_consumes_1_never_scheduled' retrieved from /home/airflow/.local/lib/python3.8/site-packages/airflow/example_dags/example_datasets.py
[2023-12-19T14:35:50.092+0000] {logging_mixin.py:188} INFO - [2023-12-19T14:35:50.091+0000] {dag.py:3033} INFO - Sync 6 DAGs
[2023-12-19T14:35:50.133+0000] {logging_mixin.py:188} INFO - [2023-12-19T14:35:50.133+0000] {dag.py:3820} INFO - Setting next_dagrun for dataset_consumes_1 to None, run_after=None
[2023-12-19T14:35:50.139+0000] {logging_mixin.py:188} INFO - [2023-12-19T14:35:50.139+0000] {dag.py:3820} INFO - Setting next_dagrun for dataset_consumes_1_and_2 to None, run_after=None
[2023-12-19T14:35:50.141+0000] {logging_mixin.py:188} INFO - [2023-12-19T14:35:50.141+0000] {dag.py:3820} INFO - Setting next_dagrun for dataset_consumes_1_never_scheduled to None, run_after=None
[2023-12-19T14:35:50.144+0000] {logging_mixin.py:188} INFO - [2023-12-19T14:35:50.143+0000] {dag.py:3820} INFO - Setting next_dagrun for dataset_consumes_unknown_never_scheduled to None, run_after=None
[2023-12-19T14:35:50.149+0000] {logging_mixin.py:188} INFO - [2023-12-19T14:35:50.148+0000] {dag.py:3820} INFO - Setting next_dagrun for dataset_produces_1 to 2023-12-18T00:00:00+00:00, run_after=2023-12-19T00:00:00+00:00
[2023-12-19T14:35:50.151+0000] {logging_mixin.py:188} INFO - [2023-12-19T14:35:50.151+0000] {dag.py:3820} INFO - Setting next_dagrun for dataset_produces_2 to None, run_after=None
[2023-12-19T14:35:50.215+0000] {processor.py:183} INFO - Processing /home/airflow/.local/lib/python3.8/site-packages/airflow/example_dags/example_datasets.py took 0.272 seconds
[2023-12-19T14:36:21.062+0000] {processor.py:161} INFO - Started process (PID=1238) to work on /home/airflow/.local/lib/python3.8/site-packages/airflow/example_dags/example_datasets.py
[2023-12-19T14:36:21.065+0000] {processor.py:830} INFO - Processing file /home/airflow/.local/lib/python3.8/site-packages/airflow/example_dags/example_datasets.py for tasks to queue
[2023-12-19T14:36:21.070+0000] {logging_mixin.py:188} INFO - [2023-12-19T14:36:21.069+0000] {dagbag.py:538} INFO - Filling up the DagBag from /home/airflow/.local/lib/python3.8/site-packages/airflow/example_dags/example_datasets.py
[2023-12-19T14:36:21.094+0000] {processor.py:840} INFO - DAG(s) 'dataset_consumes_1', 'dataset_produces_2', 'dataset_consumes_1_never_scheduled', 'dataset_consumes_unknown_never_scheduled', 'dataset_produces_1', 'dataset_consumes_1_and_2' retrieved from /home/airflow/.local/lib/python3.8/site-packages/airflow/example_dags/example_datasets.py
[2023-12-19T14:36:21.149+0000] {logging_mixin.py:188} INFO - [2023-12-19T14:36:21.149+0000] {dag.py:3033} INFO - Sync 6 DAGs
[2023-12-19T14:36:21.186+0000] {logging_mixin.py:188} INFO - [2023-12-19T14:36:21.186+0000] {dag.py:3820} INFO - Setting next_dagrun for dataset_consumes_1 to None, run_after=None
[2023-12-19T14:36:21.192+0000] {logging_mixin.py:188} INFO - [2023-12-19T14:36:21.191+0000] {dag.py:3820} INFO - Setting next_dagrun for dataset_consumes_1_and_2 to None, run_after=None
[2023-12-19T14:36:21.193+0000] {logging_mixin.py:188} INFO - [2023-12-19T14:36:21.193+0000] {dag.py:3820} INFO - Setting next_dagrun for dataset_consumes_1_never_scheduled to None, run_after=None
[2023-12-19T14:36:21.195+0000] {logging_mixin.py:188} INFO - [2023-12-19T14:36:21.195+0000] {dag.py:3820} INFO - Setting next_dagrun for dataset_consumes_unknown_never_scheduled to None, run_after=None
[2023-12-19T14:36:21.199+0000] {logging_mixin.py:188} INFO - [2023-12-19T14:36:21.199+0000] {dag.py:3820} INFO - Setting next_dagrun for dataset_produces_1 to 2023-12-18T00:00:00+00:00, run_after=2023-12-19T00:00:00+00:00
[2023-12-19T14:36:21.201+0000] {logging_mixin.py:188} INFO - [2023-12-19T14:36:21.201+0000] {dag.py:3820} INFO - Setting next_dagrun for dataset_produces_2 to None, run_after=None
[2023-12-19T14:36:21.238+0000] {processor.py:183} INFO - Processing /home/airflow/.local/lib/python3.8/site-packages/airflow/example_dags/example_datasets.py took 0.183 seconds
[2023-12-19T14:36:52.130+0000] {processor.py:161} INFO - Started process (PID=1293) to work on /home/airflow/.local/lib/python3.8/site-packages/airflow/example_dags/example_datasets.py
[2023-12-19T14:36:52.132+0000] {processor.py:830} INFO - Processing file /home/airflow/.local/lib/python3.8/site-packages/airflow/example_dags/example_datasets.py for tasks to queue
[2023-12-19T14:36:52.135+0000] {logging_mixin.py:188} INFO - [2023-12-19T14:36:52.135+0000] {dagbag.py:538} INFO - Filling up the DagBag from /home/airflow/.local/lib/python3.8/site-packages/airflow/example_dags/example_datasets.py
[2023-12-19T14:36:52.158+0000] {processor.py:840} INFO - DAG(s) 'dataset_consumes_unknown_never_scheduled', 'dataset_produces_1', 'dataset_consumes_1', 'dataset_consumes_1_and_2', 'dataset_consumes_1_never_scheduled', 'dataset_produces_2' retrieved from /home/airflow/.local/lib/python3.8/site-packages/airflow/example_dags/example_datasets.py
[2023-12-19T14:36:52.270+0000] {logging_mixin.py:188} INFO - [2023-12-19T14:36:52.270+0000] {dag.py:3033} INFO - Sync 6 DAGs
[2023-12-19T14:36:52.357+0000] {logging_mixin.py:188} INFO - [2023-12-19T14:36:52.357+0000] {dag.py:3820} INFO - Setting next_dagrun for dataset_consumes_1 to None, run_after=None
[2023-12-19T14:36:52.363+0000] {logging_mixin.py:188} INFO - [2023-12-19T14:36:52.363+0000] {dag.py:3820} INFO - Setting next_dagrun for dataset_consumes_1_and_2 to None, run_after=None
[2023-12-19T14:36:52.366+0000] {logging_mixin.py:188} INFO - [2023-12-19T14:36:52.366+0000] {dag.py:3820} INFO - Setting next_dagrun for dataset_consumes_1_never_scheduled to None, run_after=None
[2023-12-19T14:36:52.372+0000] {logging_mixin.py:188} INFO - [2023-12-19T14:36:52.371+0000] {dag.py:3820} INFO - Setting next_dagrun for dataset_consumes_unknown_never_scheduled to None, run_after=None
[2023-12-19T14:36:52.379+0000] {logging_mixin.py:188} INFO - [2023-12-19T14:36:52.379+0000] {dag.py:3820} INFO - Setting next_dagrun for dataset_produces_1 to 2023-12-18T00:00:00+00:00, run_after=2023-12-19T00:00:00+00:00
[2023-12-19T14:36:52.383+0000] {logging_mixin.py:188} INFO - [2023-12-19T14:36:52.382+0000] {dag.py:3820} INFO - Setting next_dagrun for dataset_produces_2 to None, run_after=None
[2023-12-19T14:36:52.450+0000] {processor.py:183} INFO - Processing /home/airflow/.local/lib/python3.8/site-packages/airflow/example_dags/example_datasets.py took 0.326 seconds
