[2023-12-19T14:14:08.498+0000] {processor.py:161} INFO - Started process (PID=64) to work on /home/airflow/.local/lib/python3.8/site-packages/airflow/example_dags/example_bash_operator.py
[2023-12-19T14:14:08.500+0000] {processor.py:830} INFO - Processing file /home/airflow/.local/lib/python3.8/site-packages/airflow/example_dags/example_bash_operator.py for tasks to queue
[2023-12-19T14:14:08.504+0000] {logging_mixin.py:188} INFO - [2023-12-19T14:14:08.504+0000] {dagbag.py:538} INFO - Filling up the DagBag from /home/airflow/.local/lib/python3.8/site-packages/airflow/example_dags/example_bash_operator.py
[2023-12-19T14:14:08.599+0000] {processor.py:840} INFO - DAG(s) 'example_bash_operator' retrieved from /home/airflow/.local/lib/python3.8/site-packages/airflow/example_dags/example_bash_operator.py
[2023-12-19T14:14:09.771+0000] {logging_mixin.py:188} INFO - [2023-12-19T14:14:09.753+0000] {dag.py:3033} INFO - Sync 1 DAGs
[2023-12-19T14:14:10.147+0000] {logging_mixin.py:188} INFO - [2023-12-19T14:14:10.147+0000] {dag.py:3820} INFO - Setting next_dagrun for example_bash_operator to 2023-12-18T00:00:00+00:00, run_after=2023-12-19T00:00:00+00:00
[2023-12-19T14:14:10.253+0000] {processor.py:183} INFO - Processing /home/airflow/.local/lib/python3.8/site-packages/airflow/example_dags/example_bash_operator.py took 1.763 seconds
[2023-12-19T14:14:40.874+0000] {processor.py:161} INFO - Started process (PID=119) to work on /home/airflow/.local/lib/python3.8/site-packages/airflow/example_dags/example_bash_operator.py
[2023-12-19T14:14:40.877+0000] {processor.py:830} INFO - Processing file /home/airflow/.local/lib/python3.8/site-packages/airflow/example_dags/example_bash_operator.py for tasks to queue
[2023-12-19T14:14:40.882+0000] {logging_mixin.py:188} INFO - [2023-12-19T14:14:40.881+0000] {dagbag.py:538} INFO - Filling up the DagBag from /home/airflow/.local/lib/python3.8/site-packages/airflow/example_dags/example_bash_operator.py
[2023-12-19T14:14:40.912+0000] {processor.py:840} INFO - DAG(s) 'example_bash_operator' retrieved from /home/airflow/.local/lib/python3.8/site-packages/airflow/example_dags/example_bash_operator.py
[2023-12-19T14:14:41.003+0000] {logging_mixin.py:188} INFO - [2023-12-19T14:14:41.001+0000] {dag.py:3033} INFO - Sync 1 DAGs
[2023-12-19T14:14:41.071+0000] {logging_mixin.py:188} INFO - [2023-12-19T14:14:41.068+0000] {dag.py:3820} INFO - Setting next_dagrun for example_bash_operator to 2023-12-18T00:00:00+00:00, run_after=2023-12-19T00:00:00+00:00
[2023-12-19T14:14:41.128+0000] {processor.py:183} INFO - Processing /home/airflow/.local/lib/python3.8/site-packages/airflow/example_dags/example_bash_operator.py took 0.261 seconds
[2023-12-19T14:15:29.870+0000] {processor.py:161} INFO - Started process (PID=175) to work on /home/airflow/.local/lib/python3.8/site-packages/airflow/example_dags/example_bash_operator.py
[2023-12-19T14:15:29.877+0000] {processor.py:830} INFO - Processing file /home/airflow/.local/lib/python3.8/site-packages/airflow/example_dags/example_bash_operator.py for tasks to queue
[2023-12-19T14:15:29.881+0000] {logging_mixin.py:188} INFO - [2023-12-19T14:15:29.881+0000] {dagbag.py:538} INFO - Filling up the DagBag from /home/airflow/.local/lib/python3.8/site-packages/airflow/example_dags/example_bash_operator.py
[2023-12-19T14:15:29.992+0000] {processor.py:840} INFO - DAG(s) 'example_bash_operator' retrieved from /home/airflow/.local/lib/python3.8/site-packages/airflow/example_dags/example_bash_operator.py
[2023-12-19T14:15:30.469+0000] {logging_mixin.py:188} INFO - [2023-12-19T14:15:30.469+0000] {dag.py:3033} INFO - Sync 1 DAGs
[2023-12-19T14:15:30.694+0000] {logging_mixin.py:188} INFO - [2023-12-19T14:15:30.694+0000] {dag.py:3820} INFO - Setting next_dagrun for example_bash_operator to 2023-12-18T00:00:00+00:00, run_after=2023-12-19T00:00:00+00:00
[2023-12-19T14:15:30.898+0000] {processor.py:183} INFO - Processing /home/airflow/.local/lib/python3.8/site-packages/airflow/example_dags/example_bash_operator.py took 1.035 seconds
[2023-12-19T14:18:37.333+0000] {processor.py:161} INFO - Started process (PID=56) to work on /home/airflow/.local/lib/python3.8/site-packages/airflow/example_dags/example_bash_operator.py
[2023-12-19T14:18:37.336+0000] {processor.py:830} INFO - Processing file /home/airflow/.local/lib/python3.8/site-packages/airflow/example_dags/example_bash_operator.py for tasks to queue
[2023-12-19T14:18:37.348+0000] {logging_mixin.py:188} INFO - [2023-12-19T14:18:37.345+0000] {dagbag.py:538} INFO - Filling up the DagBag from /home/airflow/.local/lib/python3.8/site-packages/airflow/example_dags/example_bash_operator.py
[2023-12-19T14:18:37.403+0000] {processor.py:840} INFO - DAG(s) 'example_bash_operator' retrieved from /home/airflow/.local/lib/python3.8/site-packages/airflow/example_dags/example_bash_operator.py
[2023-12-19T14:18:37.815+0000] {logging_mixin.py:188} INFO - [2023-12-19T14:18:37.812+0000] {dag.py:3033} INFO - Sync 1 DAGs
[2023-12-19T14:18:37.990+0000] {logging_mixin.py:188} INFO - [2023-12-19T14:18:37.989+0000] {dag.py:3820} INFO - Setting next_dagrun for example_bash_operator to 2023-12-18T00:00:00+00:00, run_after=2023-12-19T00:00:00+00:00
[2023-12-19T14:18:38.201+0000] {processor.py:183} INFO - Processing /home/airflow/.local/lib/python3.8/site-packages/airflow/example_dags/example_bash_operator.py took 0.908 seconds
[2023-12-19T14:19:10.258+0000] {processor.py:161} INFO - Started process (PID=112) to work on /home/airflow/.local/lib/python3.8/site-packages/airflow/example_dags/example_bash_operator.py
[2023-12-19T14:19:10.264+0000] {processor.py:830} INFO - Processing file /home/airflow/.local/lib/python3.8/site-packages/airflow/example_dags/example_bash_operator.py for tasks to queue
[2023-12-19T14:19:10.269+0000] {logging_mixin.py:188} INFO - [2023-12-19T14:19:10.268+0000] {dagbag.py:538} INFO - Filling up the DagBag from /home/airflow/.local/lib/python3.8/site-packages/airflow/example_dags/example_bash_operator.py
[2023-12-19T14:19:10.306+0000] {processor.py:840} INFO - DAG(s) 'example_bash_operator' retrieved from /home/airflow/.local/lib/python3.8/site-packages/airflow/example_dags/example_bash_operator.py
[2023-12-19T14:19:10.388+0000] {logging_mixin.py:188} INFO - [2023-12-19T14:19:10.387+0000] {dag.py:3033} INFO - Sync 1 DAGs
[2023-12-19T14:19:10.468+0000] {logging_mixin.py:188} INFO - [2023-12-19T14:19:10.461+0000] {dag.py:3820} INFO - Setting next_dagrun for example_bash_operator to 2023-12-18T00:00:00+00:00, run_after=2023-12-19T00:00:00+00:00
[2023-12-19T14:19:10.552+0000] {processor.py:183} INFO - Processing /home/airflow/.local/lib/python3.8/site-packages/airflow/example_dags/example_bash_operator.py took 0.303 seconds
[2023-12-19T14:19:40.776+0000] {processor.py:161} INFO - Started process (PID=167) to work on /home/airflow/.local/lib/python3.8/site-packages/airflow/example_dags/example_bash_operator.py
[2023-12-19T14:19:40.779+0000] {processor.py:830} INFO - Processing file /home/airflow/.local/lib/python3.8/site-packages/airflow/example_dags/example_bash_operator.py for tasks to queue
[2023-12-19T14:19:40.784+0000] {logging_mixin.py:188} INFO - [2023-12-19T14:19:40.783+0000] {dagbag.py:538} INFO - Filling up the DagBag from /home/airflow/.local/lib/python3.8/site-packages/airflow/example_dags/example_bash_operator.py
[2023-12-19T14:19:40.817+0000] {processor.py:840} INFO - DAG(s) 'example_bash_operator' retrieved from /home/airflow/.local/lib/python3.8/site-packages/airflow/example_dags/example_bash_operator.py
[2023-12-19T14:19:40.872+0000] {logging_mixin.py:188} INFO - [2023-12-19T14:19:40.872+0000] {dag.py:3033} INFO - Sync 1 DAGs
[2023-12-19T14:19:40.922+0000] {logging_mixin.py:188} INFO - [2023-12-19T14:19:40.922+0000] {dag.py:3820} INFO - Setting next_dagrun for example_bash_operator to 2023-12-18T00:00:00+00:00, run_after=2023-12-19T00:00:00+00:00
[2023-12-19T14:19:40.978+0000] {processor.py:183} INFO - Processing /home/airflow/.local/lib/python3.8/site-packages/airflow/example_dags/example_bash_operator.py took 0.210 seconds
[2023-12-19T14:20:11.367+0000] {processor.py:161} INFO - Started process (PID=222) to work on /home/airflow/.local/lib/python3.8/site-packages/airflow/example_dags/example_bash_operator.py
[2023-12-19T14:20:11.370+0000] {processor.py:830} INFO - Processing file /home/airflow/.local/lib/python3.8/site-packages/airflow/example_dags/example_bash_operator.py for tasks to queue
[2023-12-19T14:20:11.375+0000] {logging_mixin.py:188} INFO - [2023-12-19T14:20:11.374+0000] {dagbag.py:538} INFO - Filling up the DagBag from /home/airflow/.local/lib/python3.8/site-packages/airflow/example_dags/example_bash_operator.py
[2023-12-19T14:20:11.408+0000] {processor.py:840} INFO - DAG(s) 'example_bash_operator' retrieved from /home/airflow/.local/lib/python3.8/site-packages/airflow/example_dags/example_bash_operator.py
[2023-12-19T14:20:11.477+0000] {logging_mixin.py:188} INFO - [2023-12-19T14:20:11.476+0000] {dag.py:3033} INFO - Sync 1 DAGs
[2023-12-19T14:20:11.519+0000] {logging_mixin.py:188} INFO - [2023-12-19T14:20:11.519+0000] {dag.py:3820} INFO - Setting next_dagrun for example_bash_operator to 2023-12-18T00:00:00+00:00, run_after=2023-12-19T00:00:00+00:00
[2023-12-19T14:20:11.554+0000] {processor.py:183} INFO - Processing /home/airflow/.local/lib/python3.8/site-packages/airflow/example_dags/example_bash_operator.py took 0.193 seconds
[2023-12-19T14:20:41.920+0000] {processor.py:161} INFO - Started process (PID=278) to work on /home/airflow/.local/lib/python3.8/site-packages/airflow/example_dags/example_bash_operator.py
[2023-12-19T14:20:41.922+0000] {processor.py:830} INFO - Processing file /home/airflow/.local/lib/python3.8/site-packages/airflow/example_dags/example_bash_operator.py for tasks to queue
[2023-12-19T14:20:41.927+0000] {logging_mixin.py:188} INFO - [2023-12-19T14:20:41.926+0000] {dagbag.py:538} INFO - Filling up the DagBag from /home/airflow/.local/lib/python3.8/site-packages/airflow/example_dags/example_bash_operator.py
[2023-12-19T14:20:41.953+0000] {processor.py:840} INFO - DAG(s) 'example_bash_operator' retrieved from /home/airflow/.local/lib/python3.8/site-packages/airflow/example_dags/example_bash_operator.py
[2023-12-19T14:20:42.040+0000] {logging_mixin.py:188} INFO - [2023-12-19T14:20:42.039+0000] {dag.py:3033} INFO - Sync 1 DAGs
[2023-12-19T14:20:42.103+0000] {logging_mixin.py:188} INFO - [2023-12-19T14:20:42.103+0000] {dag.py:3820} INFO - Setting next_dagrun for example_bash_operator to 2023-12-18T00:00:00+00:00, run_after=2023-12-19T00:00:00+00:00
[2023-12-19T14:20:42.153+0000] {processor.py:183} INFO - Processing /home/airflow/.local/lib/python3.8/site-packages/airflow/example_dags/example_bash_operator.py took 0.240 seconds
[2023-12-19T14:21:13.895+0000] {processor.py:161} INFO - Started process (PID=332) to work on /home/airflow/.local/lib/python3.8/site-packages/airflow/example_dags/example_bash_operator.py
[2023-12-19T14:21:13.908+0000] {processor.py:830} INFO - Processing file /home/airflow/.local/lib/python3.8/site-packages/airflow/example_dags/example_bash_operator.py for tasks to queue
[2023-12-19T14:21:13.912+0000] {logging_mixin.py:188} INFO - [2023-12-19T14:21:13.912+0000] {dagbag.py:538} INFO - Filling up the DagBag from /home/airflow/.local/lib/python3.8/site-packages/airflow/example_dags/example_bash_operator.py
[2023-12-19T14:21:13.981+0000] {processor.py:840} INFO - DAG(s) 'example_bash_operator' retrieved from /home/airflow/.local/lib/python3.8/site-packages/airflow/example_dags/example_bash_operator.py
[2023-12-19T14:21:14.057+0000] {logging_mixin.py:188} INFO - [2023-12-19T14:21:14.056+0000] {dag.py:3033} INFO - Sync 1 DAGs
[2023-12-19T14:21:14.104+0000] {logging_mixin.py:188} INFO - [2023-12-19T14:21:14.103+0000] {dag.py:3820} INFO - Setting next_dagrun for example_bash_operator to 2023-12-18T00:00:00+00:00, run_after=2023-12-19T00:00:00+00:00
[2023-12-19T14:21:14.159+0000] {processor.py:183} INFO - Processing /home/airflow/.local/lib/python3.8/site-packages/airflow/example_dags/example_bash_operator.py took 0.305 seconds
[2023-12-19T14:21:44.862+0000] {processor.py:161} INFO - Started process (PID=387) to work on /home/airflow/.local/lib/python3.8/site-packages/airflow/example_dags/example_bash_operator.py
[2023-12-19T14:21:44.864+0000] {processor.py:830} INFO - Processing file /home/airflow/.local/lib/python3.8/site-packages/airflow/example_dags/example_bash_operator.py for tasks to queue
[2023-12-19T14:21:44.870+0000] {logging_mixin.py:188} INFO - [2023-12-19T14:21:44.869+0000] {dagbag.py:538} INFO - Filling up the DagBag from /home/airflow/.local/lib/python3.8/site-packages/airflow/example_dags/example_bash_operator.py
[2023-12-19T14:21:44.902+0000] {processor.py:840} INFO - DAG(s) 'example_bash_operator' retrieved from /home/airflow/.local/lib/python3.8/site-packages/airflow/example_dags/example_bash_operator.py
[2023-12-19T14:21:44.993+0000] {logging_mixin.py:188} INFO - [2023-12-19T14:21:44.992+0000] {dag.py:3033} INFO - Sync 1 DAGs
[2023-12-19T14:21:45.089+0000] {logging_mixin.py:188} INFO - [2023-12-19T14:21:45.088+0000] {dag.py:3820} INFO - Setting next_dagrun for example_bash_operator to 2023-12-18T00:00:00+00:00, run_after=2023-12-19T00:00:00+00:00
[2023-12-19T14:21:45.190+0000] {processor.py:183} INFO - Processing /home/airflow/.local/lib/python3.8/site-packages/airflow/example_dags/example_bash_operator.py took 0.336 seconds
[2023-12-19T14:22:16.365+0000] {processor.py:161} INFO - Started process (PID=442) to work on /home/airflow/.local/lib/python3.8/site-packages/airflow/example_dags/example_bash_operator.py
[2023-12-19T14:22:16.368+0000] {processor.py:830} INFO - Processing file /home/airflow/.local/lib/python3.8/site-packages/airflow/example_dags/example_bash_operator.py for tasks to queue
[2023-12-19T14:22:16.384+0000] {logging_mixin.py:188} INFO - [2023-12-19T14:22:16.384+0000] {dagbag.py:538} INFO - Filling up the DagBag from /home/airflow/.local/lib/python3.8/site-packages/airflow/example_dags/example_bash_operator.py
[2023-12-19T14:22:16.431+0000] {processor.py:840} INFO - DAG(s) 'example_bash_operator' retrieved from /home/airflow/.local/lib/python3.8/site-packages/airflow/example_dags/example_bash_operator.py
[2023-12-19T14:22:16.584+0000] {logging_mixin.py:188} INFO - [2023-12-19T14:22:16.583+0000] {dag.py:3033} INFO - Sync 1 DAGs
[2023-12-19T14:22:16.652+0000] {logging_mixin.py:188} INFO - [2023-12-19T14:22:16.652+0000] {dag.py:3820} INFO - Setting next_dagrun for example_bash_operator to 2023-12-18T00:00:00+00:00, run_after=2023-12-19T00:00:00+00:00
[2023-12-19T14:22:16.720+0000] {processor.py:183} INFO - Processing /home/airflow/.local/lib/python3.8/site-packages/airflow/example_dags/example_bash_operator.py took 0.364 seconds
[2023-12-19T14:23:23.261+0000] {processor.py:161} INFO - Started process (PID=56) to work on /home/airflow/.local/lib/python3.8/site-packages/airflow/example_dags/example_bash_operator.py
[2023-12-19T14:23:23.265+0000] {processor.py:830} INFO - Processing file /home/airflow/.local/lib/python3.8/site-packages/airflow/example_dags/example_bash_operator.py for tasks to queue
[2023-12-19T14:23:23.275+0000] {logging_mixin.py:188} INFO - [2023-12-19T14:23:23.273+0000] {dagbag.py:538} INFO - Filling up the DagBag from /home/airflow/.local/lib/python3.8/site-packages/airflow/example_dags/example_bash_operator.py
[2023-12-19T14:23:23.329+0000] {processor.py:840} INFO - DAG(s) 'example_bash_operator' retrieved from /home/airflow/.local/lib/python3.8/site-packages/airflow/example_dags/example_bash_operator.py
[2023-12-19T14:23:23.473+0000] {logging_mixin.py:188} INFO - [2023-12-19T14:23:23.472+0000] {dag.py:3033} INFO - Sync 1 DAGs
[2023-12-19T14:23:23.564+0000] {logging_mixin.py:188} INFO - [2023-12-19T14:23:23.563+0000] {dag.py:3820} INFO - Setting next_dagrun for example_bash_operator to 2023-12-18T00:00:00+00:00, run_after=2023-12-19T00:00:00+00:00
[2023-12-19T14:23:23.627+0000] {processor.py:183} INFO - Processing /home/airflow/.local/lib/python3.8/site-packages/airflow/example_dags/example_bash_operator.py took 0.385 seconds
[2023-12-19T14:23:54.367+0000] {processor.py:161} INFO - Started process (PID=110) to work on /home/airflow/.local/lib/python3.8/site-packages/airflow/example_dags/example_bash_operator.py
[2023-12-19T14:23:54.371+0000] {processor.py:830} INFO - Processing file /home/airflow/.local/lib/python3.8/site-packages/airflow/example_dags/example_bash_operator.py for tasks to queue
[2023-12-19T14:23:54.376+0000] {logging_mixin.py:188} INFO - [2023-12-19T14:23:54.375+0000] {dagbag.py:538} INFO - Filling up the DagBag from /home/airflow/.local/lib/python3.8/site-packages/airflow/example_dags/example_bash_operator.py
[2023-12-19T14:23:54.406+0000] {processor.py:840} INFO - DAG(s) 'example_bash_operator' retrieved from /home/airflow/.local/lib/python3.8/site-packages/airflow/example_dags/example_bash_operator.py
[2023-12-19T14:23:54.448+0000] {logging_mixin.py:188} INFO - [2023-12-19T14:23:54.448+0000] {dag.py:3033} INFO - Sync 1 DAGs
[2023-12-19T14:23:54.540+0000] {logging_mixin.py:188} INFO - [2023-12-19T14:23:54.540+0000] {dag.py:3820} INFO - Setting next_dagrun for example_bash_operator to 2023-12-18T00:00:00+00:00, run_after=2023-12-19T00:00:00+00:00
[2023-12-19T14:23:54.597+0000] {processor.py:183} INFO - Processing /home/airflow/.local/lib/python3.8/site-packages/airflow/example_dags/example_bash_operator.py took 0.237 seconds
[2023-12-19T14:25:24.066+0000] {processor.py:161} INFO - Started process (PID=62) to work on /home/airflow/.local/lib/python3.8/site-packages/airflow/example_dags/example_bash_operator.py
[2023-12-19T14:25:24.073+0000] {processor.py:830} INFO - Processing file /home/airflow/.local/lib/python3.8/site-packages/airflow/example_dags/example_bash_operator.py for tasks to queue
[2023-12-19T14:25:24.086+0000] {logging_mixin.py:188} INFO - [2023-12-19T14:25:24.085+0000] {dagbag.py:538} INFO - Filling up the DagBag from /home/airflow/.local/lib/python3.8/site-packages/airflow/example_dags/example_bash_operator.py
[2023-12-19T14:25:24.150+0000] {processor.py:840} INFO - DAG(s) 'example_bash_operator' retrieved from /home/airflow/.local/lib/python3.8/site-packages/airflow/example_dags/example_bash_operator.py
[2023-12-19T14:25:25.204+0000] {logging_mixin.py:188} INFO - [2023-12-19T14:25:25.204+0000] {dag.py:3033} INFO - Sync 1 DAGs
[2023-12-19T14:25:25.332+0000] {logging_mixin.py:188} INFO - [2023-12-19T14:25:25.332+0000] {dag.py:3820} INFO - Setting next_dagrun for example_bash_operator to 2023-12-18T00:00:00+00:00, run_after=2023-12-19T00:00:00+00:00
[2023-12-19T14:25:25.448+0000] {processor.py:183} INFO - Processing /home/airflow/.local/lib/python3.8/site-packages/airflow/example_dags/example_bash_operator.py took 1.400 seconds
[2023-12-19T14:25:55.698+0000] {processor.py:161} INFO - Started process (PID=117) to work on /home/airflow/.local/lib/python3.8/site-packages/airflow/example_dags/example_bash_operator.py
[2023-12-19T14:25:55.711+0000] {processor.py:830} INFO - Processing file /home/airflow/.local/lib/python3.8/site-packages/airflow/example_dags/example_bash_operator.py for tasks to queue
[2023-12-19T14:25:55.717+0000] {logging_mixin.py:188} INFO - [2023-12-19T14:25:55.716+0000] {dagbag.py:538} INFO - Filling up the DagBag from /home/airflow/.local/lib/python3.8/site-packages/airflow/example_dags/example_bash_operator.py
[2023-12-19T14:25:55.764+0000] {processor.py:840} INFO - DAG(s) 'example_bash_operator' retrieved from /home/airflow/.local/lib/python3.8/site-packages/airflow/example_dags/example_bash_operator.py
[2023-12-19T14:25:56.029+0000] {logging_mixin.py:188} INFO - [2023-12-19T14:25:56.029+0000] {dag.py:3033} INFO - Sync 1 DAGs
[2023-12-19T14:25:56.143+0000] {logging_mixin.py:188} INFO - [2023-12-19T14:25:56.143+0000] {dag.py:3820} INFO - Setting next_dagrun for example_bash_operator to 2023-12-18T00:00:00+00:00, run_after=2023-12-19T00:00:00+00:00
[2023-12-19T14:25:56.234+0000] {processor.py:183} INFO - Processing /home/airflow/.local/lib/python3.8/site-packages/airflow/example_dags/example_bash_operator.py took 0.544 seconds
[2023-12-19T14:26:26.901+0000] {processor.py:161} INFO - Started process (PID=171) to work on /home/airflow/.local/lib/python3.8/site-packages/airflow/example_dags/example_bash_operator.py
[2023-12-19T14:26:26.903+0000] {processor.py:830} INFO - Processing file /home/airflow/.local/lib/python3.8/site-packages/airflow/example_dags/example_bash_operator.py for tasks to queue
[2023-12-19T14:26:26.907+0000] {logging_mixin.py:188} INFO - [2023-12-19T14:26:26.907+0000] {dagbag.py:538} INFO - Filling up the DagBag from /home/airflow/.local/lib/python3.8/site-packages/airflow/example_dags/example_bash_operator.py
[2023-12-19T14:26:26.940+0000] {processor.py:840} INFO - DAG(s) 'example_bash_operator' retrieved from /home/airflow/.local/lib/python3.8/site-packages/airflow/example_dags/example_bash_operator.py
[2023-12-19T14:26:27.008+0000] {logging_mixin.py:188} INFO - [2023-12-19T14:26:27.007+0000] {dag.py:3033} INFO - Sync 1 DAGs
[2023-12-19T14:26:27.057+0000] {logging_mixin.py:188} INFO - [2023-12-19T14:26:27.057+0000] {dag.py:3820} INFO - Setting next_dagrun for example_bash_operator to 2023-12-18T00:00:00+00:00, run_after=2023-12-19T00:00:00+00:00
[2023-12-19T14:26:27.098+0000] {processor.py:183} INFO - Processing /home/airflow/.local/lib/python3.8/site-packages/airflow/example_dags/example_bash_operator.py took 0.204 seconds
[2023-12-19T14:26:57.980+0000] {processor.py:161} INFO - Started process (PID=226) to work on /home/airflow/.local/lib/python3.8/site-packages/airflow/example_dags/example_bash_operator.py
[2023-12-19T14:26:57.983+0000] {processor.py:830} INFO - Processing file /home/airflow/.local/lib/python3.8/site-packages/airflow/example_dags/example_bash_operator.py for tasks to queue
[2023-12-19T14:26:57.987+0000] {logging_mixin.py:188} INFO - [2023-12-19T14:26:57.986+0000] {dagbag.py:538} INFO - Filling up the DagBag from /home/airflow/.local/lib/python3.8/site-packages/airflow/example_dags/example_bash_operator.py
[2023-12-19T14:26:58.011+0000] {processor.py:840} INFO - DAG(s) 'example_bash_operator' retrieved from /home/airflow/.local/lib/python3.8/site-packages/airflow/example_dags/example_bash_operator.py
[2023-12-19T14:26:58.080+0000] {logging_mixin.py:188} INFO - [2023-12-19T14:26:58.079+0000] {dag.py:3033} INFO - Sync 1 DAGs
[2023-12-19T14:26:58.137+0000] {logging_mixin.py:188} INFO - [2023-12-19T14:26:58.137+0000] {dag.py:3820} INFO - Setting next_dagrun for example_bash_operator to 2023-12-18T00:00:00+00:00, run_after=2023-12-19T00:00:00+00:00
[2023-12-19T14:26:58.184+0000] {processor.py:183} INFO - Processing /home/airflow/.local/lib/python3.8/site-packages/airflow/example_dags/example_bash_operator.py took 0.209 seconds
[2023-12-19T14:27:28.426+0000] {processor.py:161} INFO - Started process (PID=281) to work on /home/airflow/.local/lib/python3.8/site-packages/airflow/example_dags/example_bash_operator.py
[2023-12-19T14:27:28.428+0000] {processor.py:830} INFO - Processing file /home/airflow/.local/lib/python3.8/site-packages/airflow/example_dags/example_bash_operator.py for tasks to queue
[2023-12-19T14:27:28.433+0000] {logging_mixin.py:188} INFO - [2023-12-19T14:27:28.432+0000] {dagbag.py:538} INFO - Filling up the DagBag from /home/airflow/.local/lib/python3.8/site-packages/airflow/example_dags/example_bash_operator.py
[2023-12-19T14:27:28.461+0000] {processor.py:840} INFO - DAG(s) 'example_bash_operator' retrieved from /home/airflow/.local/lib/python3.8/site-packages/airflow/example_dags/example_bash_operator.py
[2023-12-19T14:27:28.528+0000] {logging_mixin.py:188} INFO - [2023-12-19T14:27:28.528+0000] {dag.py:3033} INFO - Sync 1 DAGs
[2023-12-19T14:27:28.584+0000] {logging_mixin.py:188} INFO - [2023-12-19T14:27:28.583+0000] {dag.py:3820} INFO - Setting next_dagrun for example_bash_operator to 2023-12-18T00:00:00+00:00, run_after=2023-12-19T00:00:00+00:00
[2023-12-19T14:27:28.633+0000] {processor.py:183} INFO - Processing /home/airflow/.local/lib/python3.8/site-packages/airflow/example_dags/example_bash_operator.py took 0.215 seconds
[2023-12-19T14:27:58.786+0000] {processor.py:161} INFO - Started process (PID=336) to work on /home/airflow/.local/lib/python3.8/site-packages/airflow/example_dags/example_bash_operator.py
[2023-12-19T14:27:58.790+0000] {processor.py:830} INFO - Processing file /home/airflow/.local/lib/python3.8/site-packages/airflow/example_dags/example_bash_operator.py for tasks to queue
[2023-12-19T14:27:58.794+0000] {logging_mixin.py:188} INFO - [2023-12-19T14:27:58.793+0000] {dagbag.py:538} INFO - Filling up the DagBag from /home/airflow/.local/lib/python3.8/site-packages/airflow/example_dags/example_bash_operator.py
[2023-12-19T14:27:58.821+0000] {processor.py:840} INFO - DAG(s) 'example_bash_operator' retrieved from /home/airflow/.local/lib/python3.8/site-packages/airflow/example_dags/example_bash_operator.py
[2023-12-19T14:27:58.892+0000] {logging_mixin.py:188} INFO - [2023-12-19T14:27:58.892+0000] {dag.py:3033} INFO - Sync 1 DAGs
[2023-12-19T14:27:58.941+0000] {logging_mixin.py:188} INFO - [2023-12-19T14:27:58.941+0000] {dag.py:3820} INFO - Setting next_dagrun for example_bash_operator to 2023-12-18T00:00:00+00:00, run_after=2023-12-19T00:00:00+00:00
[2023-12-19T14:27:58.986+0000] {processor.py:183} INFO - Processing /home/airflow/.local/lib/python3.8/site-packages/airflow/example_dags/example_bash_operator.py took 0.206 seconds
[2023-12-19T14:28:29.356+0000] {processor.py:161} INFO - Started process (PID=391) to work on /home/airflow/.local/lib/python3.8/site-packages/airflow/example_dags/example_bash_operator.py
[2023-12-19T14:28:29.358+0000] {processor.py:830} INFO - Processing file /home/airflow/.local/lib/python3.8/site-packages/airflow/example_dags/example_bash_operator.py for tasks to queue
[2023-12-19T14:28:29.362+0000] {logging_mixin.py:188} INFO - [2023-12-19T14:28:29.361+0000] {dagbag.py:538} INFO - Filling up the DagBag from /home/airflow/.local/lib/python3.8/site-packages/airflow/example_dags/example_bash_operator.py
[2023-12-19T14:28:29.384+0000] {processor.py:840} INFO - DAG(s) 'example_bash_operator' retrieved from /home/airflow/.local/lib/python3.8/site-packages/airflow/example_dags/example_bash_operator.py
[2023-12-19T14:28:29.445+0000] {logging_mixin.py:188} INFO - [2023-12-19T14:28:29.445+0000] {dag.py:3033} INFO - Sync 1 DAGs
[2023-12-19T14:28:29.490+0000] {logging_mixin.py:188} INFO - [2023-12-19T14:28:29.490+0000] {dag.py:3820} INFO - Setting next_dagrun for example_bash_operator to 2023-12-18T00:00:00+00:00, run_after=2023-12-19T00:00:00+00:00
[2023-12-19T14:28:29.529+0000] {processor.py:183} INFO - Processing /home/airflow/.local/lib/python3.8/site-packages/airflow/example_dags/example_bash_operator.py took 0.179 seconds
[2023-12-19T14:28:59.743+0000] {processor.py:161} INFO - Started process (PID=446) to work on /home/airflow/.local/lib/python3.8/site-packages/airflow/example_dags/example_bash_operator.py
[2023-12-19T14:28:59.746+0000] {processor.py:830} INFO - Processing file /home/airflow/.local/lib/python3.8/site-packages/airflow/example_dags/example_bash_operator.py for tasks to queue
[2023-12-19T14:28:59.751+0000] {logging_mixin.py:188} INFO - [2023-12-19T14:28:59.751+0000] {dagbag.py:538} INFO - Filling up the DagBag from /home/airflow/.local/lib/python3.8/site-packages/airflow/example_dags/example_bash_operator.py
[2023-12-19T14:28:59.798+0000] {processor.py:840} INFO - DAG(s) 'example_bash_operator' retrieved from /home/airflow/.local/lib/python3.8/site-packages/airflow/example_dags/example_bash_operator.py
[2023-12-19T14:28:59.972+0000] {logging_mixin.py:188} INFO - [2023-12-19T14:28:59.971+0000] {dag.py:3033} INFO - Sync 1 DAGs
[2023-12-19T14:29:00.038+0000] {logging_mixin.py:188} INFO - [2023-12-19T14:29:00.038+0000] {dag.py:3820} INFO - Setting next_dagrun for example_bash_operator to 2023-12-18T00:00:00+00:00, run_after=2023-12-19T00:00:00+00:00
[2023-12-19T14:29:00.160+0000] {processor.py:183} INFO - Processing /home/airflow/.local/lib/python3.8/site-packages/airflow/example_dags/example_bash_operator.py took 0.436 seconds
[2023-12-19T14:29:30.351+0000] {processor.py:161} INFO - Started process (PID=501) to work on /home/airflow/.local/lib/python3.8/site-packages/airflow/example_dags/example_bash_operator.py
[2023-12-19T14:29:30.353+0000] {processor.py:830} INFO - Processing file /home/airflow/.local/lib/python3.8/site-packages/airflow/example_dags/example_bash_operator.py for tasks to queue
[2023-12-19T14:29:30.358+0000] {logging_mixin.py:188} INFO - [2023-12-19T14:29:30.357+0000] {dagbag.py:538} INFO - Filling up the DagBag from /home/airflow/.local/lib/python3.8/site-packages/airflow/example_dags/example_bash_operator.py
[2023-12-19T14:29:30.389+0000] {processor.py:840} INFO - DAG(s) 'example_bash_operator' retrieved from /home/airflow/.local/lib/python3.8/site-packages/airflow/example_dags/example_bash_operator.py
[2023-12-19T14:29:30.480+0000] {logging_mixin.py:188} INFO - [2023-12-19T14:29:30.479+0000] {dag.py:3033} INFO - Sync 1 DAGs
[2023-12-19T14:29:30.548+0000] {logging_mixin.py:188} INFO - [2023-12-19T14:29:30.547+0000] {dag.py:3820} INFO - Setting next_dagrun for example_bash_operator to 2023-12-18T00:00:00+00:00, run_after=2023-12-19T00:00:00+00:00
[2023-12-19T14:29:30.612+0000] {processor.py:183} INFO - Processing /home/airflow/.local/lib/python3.8/site-packages/airflow/example_dags/example_bash_operator.py took 0.268 seconds
[2023-12-19T14:30:01.301+0000] {processor.py:161} INFO - Started process (PID=556) to work on /home/airflow/.local/lib/python3.8/site-packages/airflow/example_dags/example_bash_operator.py
[2023-12-19T14:30:01.308+0000] {processor.py:830} INFO - Processing file /home/airflow/.local/lib/python3.8/site-packages/airflow/example_dags/example_bash_operator.py for tasks to queue
[2023-12-19T14:30:01.313+0000] {logging_mixin.py:188} INFO - [2023-12-19T14:30:01.312+0000] {dagbag.py:538} INFO - Filling up the DagBag from /home/airflow/.local/lib/python3.8/site-packages/airflow/example_dags/example_bash_operator.py
[2023-12-19T14:30:01.392+0000] {processor.py:840} INFO - DAG(s) 'example_bash_operator' retrieved from /home/airflow/.local/lib/python3.8/site-packages/airflow/example_dags/example_bash_operator.py
[2023-12-19T14:30:01.538+0000] {logging_mixin.py:188} INFO - [2023-12-19T14:30:01.538+0000] {dag.py:3033} INFO - Sync 1 DAGs
[2023-12-19T14:30:01.624+0000] {logging_mixin.py:188} INFO - [2023-12-19T14:30:01.623+0000] {dag.py:3820} INFO - Setting next_dagrun for example_bash_operator to 2023-12-18T00:00:00+00:00, run_after=2023-12-19T00:00:00+00:00
[2023-12-19T14:30:01.683+0000] {processor.py:183} INFO - Processing /home/airflow/.local/lib/python3.8/site-packages/airflow/example_dags/example_bash_operator.py took 0.394 seconds
[2023-12-19T14:30:32.313+0000] {processor.py:161} INFO - Started process (PID=611) to work on /home/airflow/.local/lib/python3.8/site-packages/airflow/example_dags/example_bash_operator.py
[2023-12-19T14:30:32.319+0000] {processor.py:830} INFO - Processing file /home/airflow/.local/lib/python3.8/site-packages/airflow/example_dags/example_bash_operator.py for tasks to queue
[2023-12-19T14:30:32.325+0000] {logging_mixin.py:188} INFO - [2023-12-19T14:30:32.324+0000] {dagbag.py:538} INFO - Filling up the DagBag from /home/airflow/.local/lib/python3.8/site-packages/airflow/example_dags/example_bash_operator.py
[2023-12-19T14:30:32.367+0000] {processor.py:840} INFO - DAG(s) 'example_bash_operator' retrieved from /home/airflow/.local/lib/python3.8/site-packages/airflow/example_dags/example_bash_operator.py
[2023-12-19T14:30:32.473+0000] {logging_mixin.py:188} INFO - [2023-12-19T14:30:32.471+0000] {dag.py:3033} INFO - Sync 1 DAGs
[2023-12-19T14:30:32.570+0000] {logging_mixin.py:188} INFO - [2023-12-19T14:30:32.569+0000] {dag.py:3820} INFO - Setting next_dagrun for example_bash_operator to 2023-12-18T00:00:00+00:00, run_after=2023-12-19T00:00:00+00:00
[2023-12-19T14:30:32.628+0000] {processor.py:183} INFO - Processing /home/airflow/.local/lib/python3.8/site-packages/airflow/example_dags/example_bash_operator.py took 0.324 seconds
[2023-12-19T14:31:03.298+0000] {processor.py:161} INFO - Started process (PID=666) to work on /home/airflow/.local/lib/python3.8/site-packages/airflow/example_dags/example_bash_operator.py
[2023-12-19T14:31:03.307+0000] {processor.py:830} INFO - Processing file /home/airflow/.local/lib/python3.8/site-packages/airflow/example_dags/example_bash_operator.py for tasks to queue
[2023-12-19T14:31:03.312+0000] {logging_mixin.py:188} INFO - [2023-12-19T14:31:03.311+0000] {dagbag.py:538} INFO - Filling up the DagBag from /home/airflow/.local/lib/python3.8/site-packages/airflow/example_dags/example_bash_operator.py
[2023-12-19T14:31:03.348+0000] {processor.py:840} INFO - DAG(s) 'example_bash_operator' retrieved from /home/airflow/.local/lib/python3.8/site-packages/airflow/example_dags/example_bash_operator.py
[2023-12-19T14:31:03.450+0000] {logging_mixin.py:188} INFO - [2023-12-19T14:31:03.449+0000] {dag.py:3033} INFO - Sync 1 DAGs
[2023-12-19T14:31:03.528+0000] {logging_mixin.py:188} INFO - [2023-12-19T14:31:03.528+0000] {dag.py:3820} INFO - Setting next_dagrun for example_bash_operator to 2023-12-18T00:00:00+00:00, run_after=2023-12-19T00:00:00+00:00
[2023-12-19T14:31:03.581+0000] {processor.py:183} INFO - Processing /home/airflow/.local/lib/python3.8/site-packages/airflow/example_dags/example_bash_operator.py took 0.289 seconds
[2023-12-19T14:31:34.006+0000] {processor.py:161} INFO - Started process (PID=720) to work on /home/airflow/.local/lib/python3.8/site-packages/airflow/example_dags/example_bash_operator.py
[2023-12-19T14:31:34.011+0000] {processor.py:830} INFO - Processing file /home/airflow/.local/lib/python3.8/site-packages/airflow/example_dags/example_bash_operator.py for tasks to queue
[2023-12-19T14:31:34.016+0000] {logging_mixin.py:188} INFO - [2023-12-19T14:31:34.015+0000] {dagbag.py:538} INFO - Filling up the DagBag from /home/airflow/.local/lib/python3.8/site-packages/airflow/example_dags/example_bash_operator.py
[2023-12-19T14:31:34.043+0000] {processor.py:840} INFO - DAG(s) 'example_bash_operator' retrieved from /home/airflow/.local/lib/python3.8/site-packages/airflow/example_dags/example_bash_operator.py
[2023-12-19T14:31:34.119+0000] {logging_mixin.py:188} INFO - [2023-12-19T14:31:34.118+0000] {dag.py:3033} INFO - Sync 1 DAGs
[2023-12-19T14:31:34.175+0000] {logging_mixin.py:188} INFO - [2023-12-19T14:31:34.175+0000] {dag.py:3820} INFO - Setting next_dagrun for example_bash_operator to 2023-12-18T00:00:00+00:00, run_after=2023-12-19T00:00:00+00:00
[2023-12-19T14:31:34.231+0000] {processor.py:183} INFO - Processing /home/airflow/.local/lib/python3.8/site-packages/airflow/example_dags/example_bash_operator.py took 0.241 seconds
[2023-12-19T14:32:05.932+0000] {processor.py:161} INFO - Started process (PID=775) to work on /home/airflow/.local/lib/python3.8/site-packages/airflow/example_dags/example_bash_operator.py
[2023-12-19T14:32:05.935+0000] {processor.py:830} INFO - Processing file /home/airflow/.local/lib/python3.8/site-packages/airflow/example_dags/example_bash_operator.py for tasks to queue
[2023-12-19T14:32:05.944+0000] {logging_mixin.py:188} INFO - [2023-12-19T14:32:05.942+0000] {dagbag.py:538} INFO - Filling up the DagBag from /home/airflow/.local/lib/python3.8/site-packages/airflow/example_dags/example_bash_operator.py
[2023-12-19T14:32:06.034+0000] {processor.py:840} INFO - DAG(s) 'example_bash_operator' retrieved from /home/airflow/.local/lib/python3.8/site-packages/airflow/example_dags/example_bash_operator.py
[2023-12-19T14:32:06.184+0000] {logging_mixin.py:188} INFO - [2023-12-19T14:32:06.183+0000] {dag.py:3033} INFO - Sync 1 DAGs
[2023-12-19T14:32:06.267+0000] {logging_mixin.py:188} INFO - [2023-12-19T14:32:06.266+0000] {dag.py:3820} INFO - Setting next_dagrun for example_bash_operator to 2023-12-18T00:00:00+00:00, run_after=2023-12-19T00:00:00+00:00
[2023-12-19T14:32:06.366+0000] {processor.py:183} INFO - Processing /home/airflow/.local/lib/python3.8/site-packages/airflow/example_dags/example_bash_operator.py took 0.455 seconds
[2023-12-19T14:32:37.716+0000] {processor.py:161} INFO - Started process (PID=829) to work on /home/airflow/.local/lib/python3.8/site-packages/airflow/example_dags/example_bash_operator.py
[2023-12-19T14:32:37.719+0000] {processor.py:830} INFO - Processing file /home/airflow/.local/lib/python3.8/site-packages/airflow/example_dags/example_bash_operator.py for tasks to queue
[2023-12-19T14:32:37.723+0000] {logging_mixin.py:188} INFO - [2023-12-19T14:32:37.723+0000] {dagbag.py:538} INFO - Filling up the DagBag from /home/airflow/.local/lib/python3.8/site-packages/airflow/example_dags/example_bash_operator.py
[2023-12-19T14:32:37.763+0000] {processor.py:840} INFO - DAG(s) 'example_bash_operator' retrieved from /home/airflow/.local/lib/python3.8/site-packages/airflow/example_dags/example_bash_operator.py
[2023-12-19T14:32:37.848+0000] {logging_mixin.py:188} INFO - [2023-12-19T14:32:37.848+0000] {dag.py:3033} INFO - Sync 1 DAGs
[2023-12-19T14:32:37.916+0000] {logging_mixin.py:188} INFO - [2023-12-19T14:32:37.915+0000] {dag.py:3820} INFO - Setting next_dagrun for example_bash_operator to 2023-12-18T00:00:00+00:00, run_after=2023-12-19T00:00:00+00:00
[2023-12-19T14:32:37.992+0000] {processor.py:183} INFO - Processing /home/airflow/.local/lib/python3.8/site-packages/airflow/example_dags/example_bash_operator.py took 0.286 seconds
[2023-12-19T14:33:09.140+0000] {processor.py:161} INFO - Started process (PID=890) to work on /home/airflow/.local/lib/python3.8/site-packages/airflow/example_dags/example_bash_operator.py
[2023-12-19T14:33:09.148+0000] {processor.py:830} INFO - Processing file /home/airflow/.local/lib/python3.8/site-packages/airflow/example_dags/example_bash_operator.py for tasks to queue
[2023-12-19T14:33:09.153+0000] {logging_mixin.py:188} INFO - [2023-12-19T14:33:09.153+0000] {dagbag.py:538} INFO - Filling up the DagBag from /home/airflow/.local/lib/python3.8/site-packages/airflow/example_dags/example_bash_operator.py
[2023-12-19T14:33:09.214+0000] {processor.py:840} INFO - DAG(s) 'example_bash_operator' retrieved from /home/airflow/.local/lib/python3.8/site-packages/airflow/example_dags/example_bash_operator.py
[2023-12-19T14:33:09.332+0000] {logging_mixin.py:188} INFO - [2023-12-19T14:33:09.332+0000] {dag.py:3033} INFO - Sync 1 DAGs
[2023-12-19T14:33:09.419+0000] {logging_mixin.py:188} INFO - [2023-12-19T14:33:09.412+0000] {dag.py:3820} INFO - Setting next_dagrun for example_bash_operator to 2023-12-18T00:00:00+00:00, run_after=2023-12-19T00:00:00+00:00
[2023-12-19T14:33:09.522+0000] {processor.py:183} INFO - Processing /home/airflow/.local/lib/python3.8/site-packages/airflow/example_dags/example_bash_operator.py took 0.391 seconds
[2023-12-19T14:33:40.527+0000] {processor.py:161} INFO - Started process (PID=945) to work on /home/airflow/.local/lib/python3.8/site-packages/airflow/example_dags/example_bash_operator.py
[2023-12-19T14:33:40.529+0000] {processor.py:830} INFO - Processing file /home/airflow/.local/lib/python3.8/site-packages/airflow/example_dags/example_bash_operator.py for tasks to queue
[2023-12-19T14:33:40.533+0000] {logging_mixin.py:188} INFO - [2023-12-19T14:33:40.533+0000] {dagbag.py:538} INFO - Filling up the DagBag from /home/airflow/.local/lib/python3.8/site-packages/airflow/example_dags/example_bash_operator.py
[2023-12-19T14:33:40.566+0000] {processor.py:840} INFO - DAG(s) 'example_bash_operator' retrieved from /home/airflow/.local/lib/python3.8/site-packages/airflow/example_dags/example_bash_operator.py
[2023-12-19T14:33:40.725+0000] {logging_mixin.py:188} INFO - [2023-12-19T14:33:40.724+0000] {dag.py:3033} INFO - Sync 1 DAGs
[2023-12-19T14:33:40.810+0000] {logging_mixin.py:188} INFO - [2023-12-19T14:33:40.809+0000] {dag.py:3820} INFO - Setting next_dagrun for example_bash_operator to 2023-12-18T00:00:00+00:00, run_after=2023-12-19T00:00:00+00:00
[2023-12-19T14:33:40.856+0000] {processor.py:183} INFO - Processing /home/airflow/.local/lib/python3.8/site-packages/airflow/example_dags/example_bash_operator.py took 0.335 seconds
[2023-12-19T14:34:12.118+0000] {processor.py:161} INFO - Started process (PID=1000) to work on /home/airflow/.local/lib/python3.8/site-packages/airflow/example_dags/example_bash_operator.py
[2023-12-19T14:34:12.121+0000] {processor.py:830} INFO - Processing file /home/airflow/.local/lib/python3.8/site-packages/airflow/example_dags/example_bash_operator.py for tasks to queue
[2023-12-19T14:34:12.130+0000] {logging_mixin.py:188} INFO - [2023-12-19T14:34:12.129+0000] {dagbag.py:538} INFO - Filling up the DagBag from /home/airflow/.local/lib/python3.8/site-packages/airflow/example_dags/example_bash_operator.py
[2023-12-19T14:34:12.171+0000] {processor.py:840} INFO - DAG(s) 'example_bash_operator' retrieved from /home/airflow/.local/lib/python3.8/site-packages/airflow/example_dags/example_bash_operator.py
[2023-12-19T14:34:12.270+0000] {logging_mixin.py:188} INFO - [2023-12-19T14:34:12.269+0000] {dag.py:3033} INFO - Sync 1 DAGs
[2023-12-19T14:34:12.339+0000] {logging_mixin.py:188} INFO - [2023-12-19T14:34:12.338+0000] {dag.py:3820} INFO - Setting next_dagrun for example_bash_operator to 2023-12-18T00:00:00+00:00, run_after=2023-12-19T00:00:00+00:00
[2023-12-19T14:34:12.386+0000] {processor.py:183} INFO - Processing /home/airflow/.local/lib/python3.8/site-packages/airflow/example_dags/example_bash_operator.py took 0.277 seconds
[2023-12-19T14:34:44.071+0000] {processor.py:161} INFO - Started process (PID=1054) to work on /home/airflow/.local/lib/python3.8/site-packages/airflow/example_dags/example_bash_operator.py
[2023-12-19T14:34:44.074+0000] {processor.py:830} INFO - Processing file /home/airflow/.local/lib/python3.8/site-packages/airflow/example_dags/example_bash_operator.py for tasks to queue
[2023-12-19T14:34:44.081+0000] {logging_mixin.py:188} INFO - [2023-12-19T14:34:44.080+0000] {dagbag.py:538} INFO - Filling up the DagBag from /home/airflow/.local/lib/python3.8/site-packages/airflow/example_dags/example_bash_operator.py
[2023-12-19T14:34:44.123+0000] {processor.py:840} INFO - DAG(s) 'example_bash_operator' retrieved from /home/airflow/.local/lib/python3.8/site-packages/airflow/example_dags/example_bash_operator.py
[2023-12-19T14:34:44.387+0000] {logging_mixin.py:188} INFO - [2023-12-19T14:34:44.386+0000] {dag.py:3033} INFO - Sync 1 DAGs
[2023-12-19T14:34:44.553+0000] {logging_mixin.py:188} INFO - [2023-12-19T14:34:44.553+0000] {dag.py:3820} INFO - Setting next_dagrun for example_bash_operator to 2023-12-18T00:00:00+00:00, run_after=2023-12-19T00:00:00+00:00
[2023-12-19T14:34:44.668+0000] {processor.py:183} INFO - Processing /home/airflow/.local/lib/python3.8/site-packages/airflow/example_dags/example_bash_operator.py took 0.626 seconds
[2023-12-19T14:35:15.626+0000] {processor.py:161} INFO - Started process (PID=1109) to work on /home/airflow/.local/lib/python3.8/site-packages/airflow/example_dags/example_bash_operator.py
[2023-12-19T14:35:15.631+0000] {processor.py:830} INFO - Processing file /home/airflow/.local/lib/python3.8/site-packages/airflow/example_dags/example_bash_operator.py for tasks to queue
[2023-12-19T14:35:15.636+0000] {logging_mixin.py:188} INFO - [2023-12-19T14:35:15.635+0000] {dagbag.py:538} INFO - Filling up the DagBag from /home/airflow/.local/lib/python3.8/site-packages/airflow/example_dags/example_bash_operator.py
[2023-12-19T14:35:15.662+0000] {processor.py:840} INFO - DAG(s) 'example_bash_operator' retrieved from /home/airflow/.local/lib/python3.8/site-packages/airflow/example_dags/example_bash_operator.py
[2023-12-19T14:35:15.748+0000] {logging_mixin.py:188} INFO - [2023-12-19T14:35:15.747+0000] {dag.py:3033} INFO - Sync 1 DAGs
[2023-12-19T14:35:15.834+0000] {logging_mixin.py:188} INFO - [2023-12-19T14:35:15.834+0000] {dag.py:3820} INFO - Setting next_dagrun for example_bash_operator to 2023-12-18T00:00:00+00:00, run_after=2023-12-19T00:00:00+00:00
[2023-12-19T14:35:15.920+0000] {processor.py:183} INFO - Processing /home/airflow/.local/lib/python3.8/site-packages/airflow/example_dags/example_bash_operator.py took 0.302 seconds
[2023-12-19T14:35:46.453+0000] {processor.py:161} INFO - Started process (PID=1162) to work on /home/airflow/.local/lib/python3.8/site-packages/airflow/example_dags/example_bash_operator.py
[2023-12-19T14:35:46.454+0000] {processor.py:830} INFO - Processing file /home/airflow/.local/lib/python3.8/site-packages/airflow/example_dags/example_bash_operator.py for tasks to queue
[2023-12-19T14:35:46.457+0000] {logging_mixin.py:188} INFO - [2023-12-19T14:35:46.456+0000] {dagbag.py:538} INFO - Filling up the DagBag from /home/airflow/.local/lib/python3.8/site-packages/airflow/example_dags/example_bash_operator.py
[2023-12-19T14:35:46.471+0000] {processor.py:840} INFO - DAG(s) 'example_bash_operator' retrieved from /home/airflow/.local/lib/python3.8/site-packages/airflow/example_dags/example_bash_operator.py
[2023-12-19T14:35:46.513+0000] {logging_mixin.py:188} INFO - [2023-12-19T14:35:46.512+0000] {dag.py:3033} INFO - Sync 1 DAGs
[2023-12-19T14:35:46.551+0000] {logging_mixin.py:188} INFO - [2023-12-19T14:35:46.550+0000] {dag.py:3820} INFO - Setting next_dagrun for example_bash_operator to 2023-12-18T00:00:00+00:00, run_after=2023-12-19T00:00:00+00:00
[2023-12-19T14:35:46.575+0000] {processor.py:183} INFO - Processing /home/airflow/.local/lib/python3.8/site-packages/airflow/example_dags/example_bash_operator.py took 0.127 seconds
[2023-12-19T14:36:17.319+0000] {processor.py:161} INFO - Started process (PID=1216) to work on /home/airflow/.local/lib/python3.8/site-packages/airflow/example_dags/example_bash_operator.py
[2023-12-19T14:36:17.322+0000] {processor.py:830} INFO - Processing file /home/airflow/.local/lib/python3.8/site-packages/airflow/example_dags/example_bash_operator.py for tasks to queue
[2023-12-19T14:36:17.326+0000] {logging_mixin.py:188} INFO - [2023-12-19T14:36:17.325+0000] {dagbag.py:538} INFO - Filling up the DagBag from /home/airflow/.local/lib/python3.8/site-packages/airflow/example_dags/example_bash_operator.py
[2023-12-19T14:36:17.349+0000] {processor.py:840} INFO - DAG(s) 'example_bash_operator' retrieved from /home/airflow/.local/lib/python3.8/site-packages/airflow/example_dags/example_bash_operator.py
[2023-12-19T14:36:17.434+0000] {logging_mixin.py:188} INFO - [2023-12-19T14:36:17.433+0000] {dag.py:3033} INFO - Sync 1 DAGs
[2023-12-19T14:36:17.490+0000] {logging_mixin.py:188} INFO - [2023-12-19T14:36:17.490+0000] {dag.py:3820} INFO - Setting next_dagrun for example_bash_operator to 2023-12-18T00:00:00+00:00, run_after=2023-12-19T00:00:00+00:00
[2023-12-19T14:36:17.525+0000] {processor.py:183} INFO - Processing /home/airflow/.local/lib/python3.8/site-packages/airflow/example_dags/example_bash_operator.py took 0.213 seconds
[2023-12-19T14:36:47.880+0000] {processor.py:161} INFO - Started process (PID=1270) to work on /home/airflow/.local/lib/python3.8/site-packages/airflow/example_dags/example_bash_operator.py
[2023-12-19T14:36:47.882+0000] {processor.py:830} INFO - Processing file /home/airflow/.local/lib/python3.8/site-packages/airflow/example_dags/example_bash_operator.py for tasks to queue
[2023-12-19T14:36:47.886+0000] {logging_mixin.py:188} INFO - [2023-12-19T14:36:47.885+0000] {dagbag.py:538} INFO - Filling up the DagBag from /home/airflow/.local/lib/python3.8/site-packages/airflow/example_dags/example_bash_operator.py
[2023-12-19T14:36:47.906+0000] {processor.py:840} INFO - DAG(s) 'example_bash_operator' retrieved from /home/airflow/.local/lib/python3.8/site-packages/airflow/example_dags/example_bash_operator.py
[2023-12-19T14:36:47.961+0000] {logging_mixin.py:188} INFO - [2023-12-19T14:36:47.961+0000] {dag.py:3033} INFO - Sync 1 DAGs
[2023-12-19T14:36:48.005+0000] {logging_mixin.py:188} INFO - [2023-12-19T14:36:48.005+0000] {dag.py:3820} INFO - Setting next_dagrun for example_bash_operator to 2023-12-18T00:00:00+00:00, run_after=2023-12-19T00:00:00+00:00
[2023-12-19T14:36:48.038+0000] {processor.py:183} INFO - Processing /home/airflow/.local/lib/python3.8/site-packages/airflow/example_dags/example_bash_operator.py took 0.162 seconds
