[2023-12-19T14:13:56.663+0000] {processor.py:161} INFO - Started process (PID=40) to work on /home/airflow/.local/lib/python3.8/site-packages/airflow/example_dags/example_branch_python_dop_operator_3.py
[2023-12-19T14:13:56.665+0000] {processor.py:830} INFO - Processing file /home/airflow/.local/lib/python3.8/site-packages/airflow/example_dags/example_branch_python_dop_operator_3.py for tasks to queue
[2023-12-19T14:13:56.671+0000] {logging_mixin.py:188} INFO - [2023-12-19T14:13:56.670+0000] {dagbag.py:538} INFO - Filling up the DagBag from /home/airflow/.local/lib/python3.8/site-packages/airflow/example_dags/example_branch_python_dop_operator_3.py
[2023-12-19T14:13:56.709+0000] {processor.py:840} INFO - DAG(s) 'example_branch_dop_operator_v3' retrieved from /home/airflow/.local/lib/python3.8/site-packages/airflow/example_dags/example_branch_python_dop_operator_3.py
[2023-12-19T14:13:57.212+0000] {logging_mixin.py:188} INFO - [2023-12-19T14:13:57.211+0000] {dag.py:3033} INFO - Sync 1 DAGs
[2023-12-19T14:13:57.297+0000] {logging_mixin.py:188} INFO - [2023-12-19T14:13:57.297+0000] {dag.py:3820} INFO - Setting next_dagrun for example_branch_dop_operator_v3 to 2023-12-19T14:12:00+00:00, run_after=2023-12-19T14:13:00+00:00
[2023-12-19T14:13:57.375+0000] {processor.py:183} INFO - Processing /home/airflow/.local/lib/python3.8/site-packages/airflow/example_dags/example_branch_python_dop_operator_3.py took 0.728 seconds
[2023-12-19T14:14:30.022+0000] {processor.py:161} INFO - Started process (PID=95) to work on /home/airflow/.local/lib/python3.8/site-packages/airflow/example_dags/example_branch_python_dop_operator_3.py
[2023-12-19T14:14:30.024+0000] {processor.py:830} INFO - Processing file /home/airflow/.local/lib/python3.8/site-packages/airflow/example_dags/example_branch_python_dop_operator_3.py for tasks to queue
[2023-12-19T14:14:30.029+0000] {logging_mixin.py:188} INFO - [2023-12-19T14:14:30.029+0000] {dagbag.py:538} INFO - Filling up the DagBag from /home/airflow/.local/lib/python3.8/site-packages/airflow/example_dags/example_branch_python_dop_operator_3.py
[2023-12-19T14:14:30.052+0000] {processor.py:840} INFO - DAG(s) 'example_branch_dop_operator_v3' retrieved from /home/airflow/.local/lib/python3.8/site-packages/airflow/example_dags/example_branch_python_dop_operator_3.py
[2023-12-19T14:14:30.120+0000] {logging_mixin.py:188} INFO - [2023-12-19T14:14:30.119+0000] {dag.py:3033} INFO - Sync 1 DAGs
[2023-12-19T14:14:30.192+0000] {logging_mixin.py:188} INFO - [2023-12-19T14:14:30.192+0000] {dag.py:3820} INFO - Setting next_dagrun for example_branch_dop_operator_v3 to 2023-12-19T14:13:00+00:00, run_after=2023-12-19T14:14:00+00:00
[2023-12-19T14:14:30.253+0000] {processor.py:183} INFO - Processing /home/airflow/.local/lib/python3.8/site-packages/airflow/example_dags/example_branch_python_dop_operator_3.py took 0.240 seconds
[2023-12-19T14:15:02.067+0000] {processor.py:161} INFO - Started process (PID=148) to work on /home/airflow/.local/lib/python3.8/site-packages/airflow/example_dags/example_branch_python_dop_operator_3.py
[2023-12-19T14:15:02.074+0000] {processor.py:830} INFO - Processing file /home/airflow/.local/lib/python3.8/site-packages/airflow/example_dags/example_branch_python_dop_operator_3.py for tasks to queue
[2023-12-19T14:15:02.139+0000] {logging_mixin.py:188} INFO - [2023-12-19T14:15:02.121+0000] {dagbag.py:538} INFO - Filling up the DagBag from /home/airflow/.local/lib/python3.8/site-packages/airflow/example_dags/example_branch_python_dop_operator_3.py
[2023-12-19T14:15:02.244+0000] {processor.py:840} INFO - DAG(s) 'example_branch_dop_operator_v3' retrieved from /home/airflow/.local/lib/python3.8/site-packages/airflow/example_dags/example_branch_python_dop_operator_3.py
[2023-12-19T14:15:02.816+0000] {logging_mixin.py:188} INFO - [2023-12-19T14:15:02.773+0000] {dag.py:3033} INFO - Sync 1 DAGs
[2023-12-19T14:15:03.677+0000] {logging_mixin.py:188} INFO - [2023-12-19T14:15:03.641+0000] {dag.py:3820} INFO - Setting next_dagrun for example_branch_dop_operator_v3 to 2023-12-19T14:14:00+00:00, run_after=2023-12-19T14:15:00+00:00
[2023-12-19T14:15:04.295+0000] {processor.py:183} INFO - Processing /home/airflow/.local/lib/python3.8/site-packages/airflow/example_dags/example_branch_python_dop_operator_3.py took 2.342 seconds
[2023-12-19T14:15:47.476+0000] {processor.py:161} INFO - Started process (PID=190) to work on /home/airflow/.local/lib/python3.8/site-packages/airflow/example_dags/example_branch_python_dop_operator_3.py
[2023-12-19T14:15:47.479+0000] {processor.py:830} INFO - Processing file /home/airflow/.local/lib/python3.8/site-packages/airflow/example_dags/example_branch_python_dop_operator_3.py for tasks to queue
[2023-12-19T14:15:47.492+0000] {logging_mixin.py:188} INFO - [2023-12-19T14:15:47.491+0000] {dagbag.py:538} INFO - Filling up the DagBag from /home/airflow/.local/lib/python3.8/site-packages/airflow/example_dags/example_branch_python_dop_operator_3.py
[2023-12-19T14:15:47.643+0000] {processor.py:840} INFO - DAG(s) 'example_branch_dop_operator_v3' retrieved from /home/airflow/.local/lib/python3.8/site-packages/airflow/example_dags/example_branch_python_dop_operator_3.py
[2023-12-19T14:15:48.987+0000] {logging_mixin.py:188} INFO - [2023-12-19T14:15:48.835+0000] {dag.py:3033} INFO - Sync 1 DAGs
[2023-12-19T14:15:50.231+0000] {logging_mixin.py:188} INFO - [2023-12-19T14:15:50.201+0000] {dag.py:3820} INFO - Setting next_dagrun for example_branch_dop_operator_v3 to 2023-12-19T14:14:00+00:00, run_after=2023-12-19T14:15:00+00:00
[2023-12-19T14:15:51.137+0000] {processor.py:183} INFO - Processing /home/airflow/.local/lib/python3.8/site-packages/airflow/example_dags/example_branch_python_dop_operator_3.py took 3.772 seconds
[2023-12-19T14:18:30.503+0000] {processor.py:161} INFO - Started process (PID=32) to work on /home/airflow/.local/lib/python3.8/site-packages/airflow/example_dags/example_branch_python_dop_operator_3.py
[2023-12-19T14:18:30.505+0000] {processor.py:830} INFO - Processing file /home/airflow/.local/lib/python3.8/site-packages/airflow/example_dags/example_branch_python_dop_operator_3.py for tasks to queue
[2023-12-19T14:18:30.511+0000] {logging_mixin.py:188} INFO - [2023-12-19T14:18:30.510+0000] {dagbag.py:538} INFO - Filling up the DagBag from /home/airflow/.local/lib/python3.8/site-packages/airflow/example_dags/example_branch_python_dop_operator_3.py
[2023-12-19T14:18:30.561+0000] {processor.py:840} INFO - DAG(s) 'example_branch_dop_operator_v3' retrieved from /home/airflow/.local/lib/python3.8/site-packages/airflow/example_dags/example_branch_python_dop_operator_3.py
[2023-12-19T14:18:30.623+0000] {logging_mixin.py:188} INFO - [2023-12-19T14:18:30.622+0000] {dag.py:3033} INFO - Sync 1 DAGs
[2023-12-19T14:18:30.696+0000] {logging_mixin.py:188} INFO - [2023-12-19T14:18:30.695+0000] {dag.py:3820} INFO - Setting next_dagrun for example_branch_dop_operator_v3 to 2023-12-19T14:17:00+00:00, run_after=2023-12-19T14:18:00+00:00
[2023-12-19T14:18:30.746+0000] {processor.py:183} INFO - Processing /home/airflow/.local/lib/python3.8/site-packages/airflow/example_dags/example_branch_python_dop_operator_3.py took 0.249 seconds
[2023-12-19T14:19:02.433+0000] {processor.py:161} INFO - Started process (PID=94) to work on /home/airflow/.local/lib/python3.8/site-packages/airflow/example_dags/example_branch_python_dop_operator_3.py
[2023-12-19T14:19:02.444+0000] {processor.py:830} INFO - Processing file /home/airflow/.local/lib/python3.8/site-packages/airflow/example_dags/example_branch_python_dop_operator_3.py for tasks to queue
[2023-12-19T14:19:02.460+0000] {logging_mixin.py:188} INFO - [2023-12-19T14:19:02.459+0000] {dagbag.py:538} INFO - Filling up the DagBag from /home/airflow/.local/lib/python3.8/site-packages/airflow/example_dags/example_branch_python_dop_operator_3.py
[2023-12-19T14:19:02.519+0000] {processor.py:840} INFO - DAG(s) 'example_branch_dop_operator_v3' retrieved from /home/airflow/.local/lib/python3.8/site-packages/airflow/example_dags/example_branch_python_dop_operator_3.py
[2023-12-19T14:19:02.809+0000] {logging_mixin.py:188} INFO - [2023-12-19T14:19:02.808+0000] {dag.py:3033} INFO - Sync 1 DAGs
[2023-12-19T14:19:03.173+0000] {logging_mixin.py:188} INFO - [2023-12-19T14:19:03.172+0000] {dag.py:3820} INFO - Setting next_dagrun for example_branch_dop_operator_v3 to 2023-12-19T14:18:00+00:00, run_after=2023-12-19T14:19:00+00:00
[2023-12-19T14:19:03.427+0000] {processor.py:183} INFO - Processing /home/airflow/.local/lib/python3.8/site-packages/airflow/example_dags/example_branch_python_dop_operator_3.py took 1.034 seconds
[2023-12-19T14:19:34.147+0000] {processor.py:161} INFO - Started process (PID=149) to work on /home/airflow/.local/lib/python3.8/site-packages/airflow/example_dags/example_branch_python_dop_operator_3.py
[2023-12-19T14:19:34.149+0000] {processor.py:830} INFO - Processing file /home/airflow/.local/lib/python3.8/site-packages/airflow/example_dags/example_branch_python_dop_operator_3.py for tasks to queue
[2023-12-19T14:19:34.155+0000] {logging_mixin.py:188} INFO - [2023-12-19T14:19:34.154+0000] {dagbag.py:538} INFO - Filling up the DagBag from /home/airflow/.local/lib/python3.8/site-packages/airflow/example_dags/example_branch_python_dop_operator_3.py
[2023-12-19T14:19:34.181+0000] {processor.py:840} INFO - DAG(s) 'example_branch_dop_operator_v3' retrieved from /home/airflow/.local/lib/python3.8/site-packages/airflow/example_dags/example_branch_python_dop_operator_3.py
[2023-12-19T14:19:34.308+0000] {logging_mixin.py:188} INFO - [2023-12-19T14:19:34.307+0000] {dag.py:3033} INFO - Sync 1 DAGs
[2023-12-19T14:19:34.385+0000] {logging_mixin.py:188} INFO - [2023-12-19T14:19:34.385+0000] {dag.py:3820} INFO - Setting next_dagrun for example_branch_dop_operator_v3 to 2023-12-19T14:18:00+00:00, run_after=2023-12-19T14:19:00+00:00
[2023-12-19T14:19:34.433+0000] {processor.py:183} INFO - Processing /home/airflow/.local/lib/python3.8/site-packages/airflow/example_dags/example_branch_python_dop_operator_3.py took 0.294 seconds
[2023-12-19T14:20:04.524+0000] {processor.py:161} INFO - Started process (PID=204) to work on /home/airflow/.local/lib/python3.8/site-packages/airflow/example_dags/example_branch_python_dop_operator_3.py
[2023-12-19T14:20:04.526+0000] {processor.py:830} INFO - Processing file /home/airflow/.local/lib/python3.8/site-packages/airflow/example_dags/example_branch_python_dop_operator_3.py for tasks to queue
[2023-12-19T14:20:04.531+0000] {logging_mixin.py:188} INFO - [2023-12-19T14:20:04.530+0000] {dagbag.py:538} INFO - Filling up the DagBag from /home/airflow/.local/lib/python3.8/site-packages/airflow/example_dags/example_branch_python_dop_operator_3.py
[2023-12-19T14:20:04.550+0000] {processor.py:840} INFO - DAG(s) 'example_branch_dop_operator_v3' retrieved from /home/airflow/.local/lib/python3.8/site-packages/airflow/example_dags/example_branch_python_dop_operator_3.py
[2023-12-19T14:20:04.603+0000] {logging_mixin.py:188} INFO - [2023-12-19T14:20:04.602+0000] {dag.py:3033} INFO - Sync 1 DAGs
[2023-12-19T14:20:04.672+0000] {logging_mixin.py:188} INFO - [2023-12-19T14:20:04.671+0000] {dag.py:3820} INFO - Setting next_dagrun for example_branch_dop_operator_v3 to 2023-12-19T14:19:00+00:00, run_after=2023-12-19T14:20:00+00:00
[2023-12-19T14:20:04.720+0000] {processor.py:183} INFO - Processing /home/airflow/.local/lib/python3.8/site-packages/airflow/example_dags/example_branch_python_dop_operator_3.py took 0.203 seconds
[2023-12-19T14:20:34.885+0000] {processor.py:161} INFO - Started process (PID=260) to work on /home/airflow/.local/lib/python3.8/site-packages/airflow/example_dags/example_branch_python_dop_operator_3.py
[2023-12-19T14:20:34.888+0000] {processor.py:830} INFO - Processing file /home/airflow/.local/lib/python3.8/site-packages/airflow/example_dags/example_branch_python_dop_operator_3.py for tasks to queue
[2023-12-19T14:20:34.897+0000] {logging_mixin.py:188} INFO - [2023-12-19T14:20:34.896+0000] {dagbag.py:538} INFO - Filling up the DagBag from /home/airflow/.local/lib/python3.8/site-packages/airflow/example_dags/example_branch_python_dop_operator_3.py
[2023-12-19T14:20:34.933+0000] {processor.py:840} INFO - DAG(s) 'example_branch_dop_operator_v3' retrieved from /home/airflow/.local/lib/python3.8/site-packages/airflow/example_dags/example_branch_python_dop_operator_3.py
[2023-12-19T14:20:35.004+0000] {logging_mixin.py:188} INFO - [2023-12-19T14:20:35.004+0000] {dag.py:3033} INFO - Sync 1 DAGs
[2023-12-19T14:20:35.097+0000] {logging_mixin.py:188} INFO - [2023-12-19T14:20:35.096+0000] {dag.py:3820} INFO - Setting next_dagrun for example_branch_dop_operator_v3 to 2023-12-19T14:19:00+00:00, run_after=2023-12-19T14:20:00+00:00
[2023-12-19T14:20:35.174+0000] {processor.py:183} INFO - Processing /home/airflow/.local/lib/python3.8/site-packages/airflow/example_dags/example_branch_python_dop_operator_3.py took 0.301 seconds
[2023-12-19T14:21:05.327+0000] {processor.py:161} INFO - Started process (PID=314) to work on /home/airflow/.local/lib/python3.8/site-packages/airflow/example_dags/example_branch_python_dop_operator_3.py
[2023-12-19T14:21:05.331+0000] {processor.py:830} INFO - Processing file /home/airflow/.local/lib/python3.8/site-packages/airflow/example_dags/example_branch_python_dop_operator_3.py for tasks to queue
[2023-12-19T14:21:05.338+0000] {logging_mixin.py:188} INFO - [2023-12-19T14:21:05.337+0000] {dagbag.py:538} INFO - Filling up the DagBag from /home/airflow/.local/lib/python3.8/site-packages/airflow/example_dags/example_branch_python_dop_operator_3.py
[2023-12-19T14:21:05.370+0000] {processor.py:840} INFO - DAG(s) 'example_branch_dop_operator_v3' retrieved from /home/airflow/.local/lib/python3.8/site-packages/airflow/example_dags/example_branch_python_dop_operator_3.py
[2023-12-19T14:21:05.437+0000] {logging_mixin.py:188} INFO - [2023-12-19T14:21:05.437+0000] {dag.py:3033} INFO - Sync 1 DAGs
[2023-12-19T14:21:05.527+0000] {logging_mixin.py:188} INFO - [2023-12-19T14:21:05.526+0000] {dag.py:3820} INFO - Setting next_dagrun for example_branch_dop_operator_v3 to 2023-12-19T14:20:00+00:00, run_after=2023-12-19T14:21:00+00:00
[2023-12-19T14:21:05.598+0000] {processor.py:183} INFO - Processing /home/airflow/.local/lib/python3.8/site-packages/airflow/example_dags/example_branch_python_dop_operator_3.py took 0.283 seconds
[2023-12-19T14:21:35.809+0000] {processor.py:161} INFO - Started process (PID=369) to work on /home/airflow/.local/lib/python3.8/site-packages/airflow/example_dags/example_branch_python_dop_operator_3.py
[2023-12-19T14:21:35.817+0000] {processor.py:830} INFO - Processing file /home/airflow/.local/lib/python3.8/site-packages/airflow/example_dags/example_branch_python_dop_operator_3.py for tasks to queue
[2023-12-19T14:21:35.829+0000] {logging_mixin.py:188} INFO - [2023-12-19T14:21:35.828+0000] {dagbag.py:538} INFO - Filling up the DagBag from /home/airflow/.local/lib/python3.8/site-packages/airflow/example_dags/example_branch_python_dop_operator_3.py
[2023-12-19T14:21:35.902+0000] {processor.py:840} INFO - DAG(s) 'example_branch_dop_operator_v3' retrieved from /home/airflow/.local/lib/python3.8/site-packages/airflow/example_dags/example_branch_python_dop_operator_3.py
[2023-12-19T14:21:36.063+0000] {logging_mixin.py:188} INFO - [2023-12-19T14:21:36.063+0000] {dag.py:3033} INFO - Sync 1 DAGs
[2023-12-19T14:21:36.169+0000] {logging_mixin.py:188} INFO - [2023-12-19T14:21:36.168+0000] {dag.py:3820} INFO - Setting next_dagrun for example_branch_dop_operator_v3 to 2023-12-19T14:20:00+00:00, run_after=2023-12-19T14:21:00+00:00
[2023-12-19T14:21:36.274+0000] {processor.py:183} INFO - Processing /home/airflow/.local/lib/python3.8/site-packages/airflow/example_dags/example_branch_python_dop_operator_3.py took 0.519 seconds
[2023-12-19T14:22:07.080+0000] {processor.py:161} INFO - Started process (PID=424) to work on /home/airflow/.local/lib/python3.8/site-packages/airflow/example_dags/example_branch_python_dop_operator_3.py
[2023-12-19T14:22:07.082+0000] {processor.py:830} INFO - Processing file /home/airflow/.local/lib/python3.8/site-packages/airflow/example_dags/example_branch_python_dop_operator_3.py for tasks to queue
[2023-12-19T14:22:07.087+0000] {logging_mixin.py:188} INFO - [2023-12-19T14:22:07.086+0000] {dagbag.py:538} INFO - Filling up the DagBag from /home/airflow/.local/lib/python3.8/site-packages/airflow/example_dags/example_branch_python_dop_operator_3.py
[2023-12-19T14:22:07.111+0000] {processor.py:840} INFO - DAG(s) 'example_branch_dop_operator_v3' retrieved from /home/airflow/.local/lib/python3.8/site-packages/airflow/example_dags/example_branch_python_dop_operator_3.py
[2023-12-19T14:22:07.161+0000] {logging_mixin.py:188} INFO - [2023-12-19T14:22:07.161+0000] {dag.py:3033} INFO - Sync 1 DAGs
[2023-12-19T14:22:07.231+0000] {logging_mixin.py:188} INFO - [2023-12-19T14:22:07.231+0000] {dag.py:3820} INFO - Setting next_dagrun for example_branch_dop_operator_v3 to 2023-12-19T14:21:00+00:00, run_after=2023-12-19T14:22:00+00:00
[2023-12-19T14:22:07.281+0000] {processor.py:183} INFO - Processing /home/airflow/.local/lib/python3.8/site-packages/airflow/example_dags/example_branch_python_dop_operator_3.py took 0.209 seconds
[2023-12-19T14:22:37.509+0000] {processor.py:161} INFO - Started process (PID=477) to work on /home/airflow/.local/lib/python3.8/site-packages/airflow/example_dags/example_branch_python_dop_operator_3.py
[2023-12-19T14:22:37.511+0000] {processor.py:830} INFO - Processing file /home/airflow/.local/lib/python3.8/site-packages/airflow/example_dags/example_branch_python_dop_operator_3.py for tasks to queue
[2023-12-19T14:22:37.516+0000] {logging_mixin.py:188} INFO - [2023-12-19T14:22:37.516+0000] {dagbag.py:538} INFO - Filling up the DagBag from /home/airflow/.local/lib/python3.8/site-packages/airflow/example_dags/example_branch_python_dop_operator_3.py
[2023-12-19T14:22:37.538+0000] {processor.py:840} INFO - DAG(s) 'example_branch_dop_operator_v3' retrieved from /home/airflow/.local/lib/python3.8/site-packages/airflow/example_dags/example_branch_python_dop_operator_3.py
[2023-12-19T14:22:37.591+0000] {logging_mixin.py:188} INFO - [2023-12-19T14:22:37.590+0000] {dag.py:3033} INFO - Sync 1 DAGs
[2023-12-19T14:22:37.667+0000] {logging_mixin.py:188} INFO - [2023-12-19T14:22:37.666+0000] {dag.py:3820} INFO - Setting next_dagrun for example_branch_dop_operator_v3 to 2023-12-19T14:21:00+00:00, run_after=2023-12-19T14:22:00+00:00
[2023-12-19T14:22:37.719+0000] {processor.py:183} INFO - Processing /home/airflow/.local/lib/python3.8/site-packages/airflow/example_dags/example_branch_python_dop_operator_3.py took 0.220 seconds
[2023-12-19T14:23:17.790+0000] {processor.py:161} INFO - Started process (PID=38) to work on /home/airflow/.local/lib/python3.8/site-packages/airflow/example_dags/example_branch_python_dop_operator_3.py
[2023-12-19T14:23:17.792+0000] {processor.py:830} INFO - Processing file /home/airflow/.local/lib/python3.8/site-packages/airflow/example_dags/example_branch_python_dop_operator_3.py for tasks to queue
[2023-12-19T14:23:17.797+0000] {logging_mixin.py:188} INFO - [2023-12-19T14:23:17.797+0000] {dagbag.py:538} INFO - Filling up the DagBag from /home/airflow/.local/lib/python3.8/site-packages/airflow/example_dags/example_branch_python_dop_operator_3.py
[2023-12-19T14:23:17.824+0000] {processor.py:840} INFO - DAG(s) 'example_branch_dop_operator_v3' retrieved from /home/airflow/.local/lib/python3.8/site-packages/airflow/example_dags/example_branch_python_dop_operator_3.py
[2023-12-19T14:23:17.887+0000] {logging_mixin.py:188} INFO - [2023-12-19T14:23:17.886+0000] {dag.py:3033} INFO - Sync 1 DAGs
[2023-12-19T14:23:17.955+0000] {logging_mixin.py:188} INFO - [2023-12-19T14:23:17.955+0000] {dag.py:3820} INFO - Setting next_dagrun for example_branch_dop_operator_v3 to 2023-12-19T14:22:00+00:00, run_after=2023-12-19T14:23:00+00:00
[2023-12-19T14:23:18.020+0000] {processor.py:183} INFO - Processing /home/airflow/.local/lib/python3.8/site-packages/airflow/example_dags/example_branch_python_dop_operator_3.py took 0.239 seconds
[2023-12-19T14:23:48.644+0000] {processor.py:161} INFO - Started process (PID=93) to work on /home/airflow/.local/lib/python3.8/site-packages/airflow/example_dags/example_branch_python_dop_operator_3.py
[2023-12-19T14:23:48.653+0000] {processor.py:830} INFO - Processing file /home/airflow/.local/lib/python3.8/site-packages/airflow/example_dags/example_branch_python_dop_operator_3.py for tasks to queue
[2023-12-19T14:23:48.658+0000] {logging_mixin.py:188} INFO - [2023-12-19T14:23:48.657+0000] {dagbag.py:538} INFO - Filling up the DagBag from /home/airflow/.local/lib/python3.8/site-packages/airflow/example_dags/example_branch_python_dop_operator_3.py
[2023-12-19T14:23:48.708+0000] {processor.py:840} INFO - DAG(s) 'example_branch_dop_operator_v3' retrieved from /home/airflow/.local/lib/python3.8/site-packages/airflow/example_dags/example_branch_python_dop_operator_3.py
[2023-12-19T14:23:48.744+0000] {logging_mixin.py:188} INFO - [2023-12-19T14:23:48.744+0000] {dag.py:3033} INFO - Sync 1 DAGs
[2023-12-19T14:23:48.840+0000] {logging_mixin.py:188} INFO - [2023-12-19T14:23:48.839+0000] {dag.py:3820} INFO - Setting next_dagrun for example_branch_dop_operator_v3 to 2023-12-19T14:22:00+00:00, run_after=2023-12-19T14:23:00+00:00
[2023-12-19T14:23:48.949+0000] {processor.py:183} INFO - Processing /home/airflow/.local/lib/python3.8/site-packages/airflow/example_dags/example_branch_python_dop_operator_3.py took 0.327 seconds
[2023-12-19T14:25:11.729+0000] {processor.py:161} INFO - Started process (PID=44) to work on /home/airflow/.local/lib/python3.8/site-packages/airflow/example_dags/example_branch_python_dop_operator_3.py
[2023-12-19T14:25:11.731+0000] {processor.py:830} INFO - Processing file /home/airflow/.local/lib/python3.8/site-packages/airflow/example_dags/example_branch_python_dop_operator_3.py for tasks to queue
[2023-12-19T14:25:11.736+0000] {logging_mixin.py:188} INFO - [2023-12-19T14:25:11.736+0000] {dagbag.py:538} INFO - Filling up the DagBag from /home/airflow/.local/lib/python3.8/site-packages/airflow/example_dags/example_branch_python_dop_operator_3.py
[2023-12-19T14:25:11.767+0000] {processor.py:840} INFO - DAG(s) 'example_branch_dop_operator_v3' retrieved from /home/airflow/.local/lib/python3.8/site-packages/airflow/example_dags/example_branch_python_dop_operator_3.py
[2023-12-19T14:25:12.096+0000] {logging_mixin.py:188} INFO - [2023-12-19T14:25:12.096+0000] {dag.py:3033} INFO - Sync 1 DAGs
[2023-12-19T14:25:12.242+0000] {logging_mixin.py:188} INFO - [2023-12-19T14:25:12.241+0000] {dag.py:3820} INFO - Setting next_dagrun for example_branch_dop_operator_v3 to 2023-12-19T14:24:00+00:00, run_after=2023-12-19T14:25:00+00:00
[2023-12-19T14:25:12.346+0000] {processor.py:183} INFO - Processing /home/airflow/.local/lib/python3.8/site-packages/airflow/example_dags/example_branch_python_dop_operator_3.py took 0.624 seconds
[2023-12-19T14:25:42.591+0000] {processor.py:161} INFO - Started process (PID=99) to work on /home/airflow/.local/lib/python3.8/site-packages/airflow/example_dags/example_branch_python_dop_operator_3.py
[2023-12-19T14:25:42.593+0000] {processor.py:830} INFO - Processing file /home/airflow/.local/lib/python3.8/site-packages/airflow/example_dags/example_branch_python_dop_operator_3.py for tasks to queue
[2023-12-19T14:25:42.598+0000] {logging_mixin.py:188} INFO - [2023-12-19T14:25:42.597+0000] {dagbag.py:538} INFO - Filling up the DagBag from /home/airflow/.local/lib/python3.8/site-packages/airflow/example_dags/example_branch_python_dop_operator_3.py
[2023-12-19T14:25:42.615+0000] {processor.py:840} INFO - DAG(s) 'example_branch_dop_operator_v3' retrieved from /home/airflow/.local/lib/python3.8/site-packages/airflow/example_dags/example_branch_python_dop_operator_3.py
[2023-12-19T14:25:42.656+0000] {logging_mixin.py:188} INFO - [2023-12-19T14:25:42.656+0000] {dag.py:3033} INFO - Sync 1 DAGs
[2023-12-19T14:25:42.712+0000] {logging_mixin.py:188} INFO - [2023-12-19T14:25:42.712+0000] {dag.py:3820} INFO - Setting next_dagrun for example_branch_dop_operator_v3 to 2023-12-19T14:24:00+00:00, run_after=2023-12-19T14:25:00+00:00
[2023-12-19T14:25:42.750+0000] {processor.py:183} INFO - Processing /home/airflow/.local/lib/python3.8/site-packages/airflow/example_dags/example_branch_python_dop_operator_3.py took 0.166 seconds
[2023-12-19T14:26:13.247+0000] {processor.py:161} INFO - Started process (PID=153) to work on /home/airflow/.local/lib/python3.8/site-packages/airflow/example_dags/example_branch_python_dop_operator_3.py
[2023-12-19T14:26:13.249+0000] {processor.py:830} INFO - Processing file /home/airflow/.local/lib/python3.8/site-packages/airflow/example_dags/example_branch_python_dop_operator_3.py for tasks to queue
[2023-12-19T14:26:13.253+0000] {logging_mixin.py:188} INFO - [2023-12-19T14:26:13.253+0000] {dagbag.py:538} INFO - Filling up the DagBag from /home/airflow/.local/lib/python3.8/site-packages/airflow/example_dags/example_branch_python_dop_operator_3.py
[2023-12-19T14:26:13.268+0000] {processor.py:840} INFO - DAG(s) 'example_branch_dop_operator_v3' retrieved from /home/airflow/.local/lib/python3.8/site-packages/airflow/example_dags/example_branch_python_dop_operator_3.py
[2023-12-19T14:26:13.309+0000] {logging_mixin.py:188} INFO - [2023-12-19T14:26:13.308+0000] {dag.py:3033} INFO - Sync 1 DAGs
[2023-12-19T14:26:13.358+0000] {logging_mixin.py:188} INFO - [2023-12-19T14:26:13.357+0000] {dag.py:3820} INFO - Setting next_dagrun for example_branch_dop_operator_v3 to 2023-12-19T14:25:00+00:00, run_after=2023-12-19T14:26:00+00:00
[2023-12-19T14:26:13.395+0000] {processor.py:183} INFO - Processing /home/airflow/.local/lib/python3.8/site-packages/airflow/example_dags/example_branch_python_dop_operator_3.py took 0.155 seconds
[2023-12-19T14:26:44.180+0000] {processor.py:161} INFO - Started process (PID=208) to work on /home/airflow/.local/lib/python3.8/site-packages/airflow/example_dags/example_branch_python_dop_operator_3.py
[2023-12-19T14:26:44.182+0000] {processor.py:830} INFO - Processing file /home/airflow/.local/lib/python3.8/site-packages/airflow/example_dags/example_branch_python_dop_operator_3.py for tasks to queue
[2023-12-19T14:26:44.187+0000] {logging_mixin.py:188} INFO - [2023-12-19T14:26:44.186+0000] {dagbag.py:538} INFO - Filling up the DagBag from /home/airflow/.local/lib/python3.8/site-packages/airflow/example_dags/example_branch_python_dop_operator_3.py
[2023-12-19T14:26:44.208+0000] {processor.py:840} INFO - DAG(s) 'example_branch_dop_operator_v3' retrieved from /home/airflow/.local/lib/python3.8/site-packages/airflow/example_dags/example_branch_python_dop_operator_3.py
[2023-12-19T14:26:44.246+0000] {logging_mixin.py:188} INFO - [2023-12-19T14:26:44.246+0000] {dag.py:3033} INFO - Sync 1 DAGs
[2023-12-19T14:26:44.292+0000] {logging_mixin.py:188} INFO - [2023-12-19T14:26:44.291+0000] {dag.py:3820} INFO - Setting next_dagrun for example_branch_dop_operator_v3 to 2023-12-19T14:25:00+00:00, run_after=2023-12-19T14:26:00+00:00
[2023-12-19T14:26:44.326+0000] {processor.py:183} INFO - Processing /home/airflow/.local/lib/python3.8/site-packages/airflow/example_dags/example_branch_python_dop_operator_3.py took 0.152 seconds
[2023-12-19T14:27:14.835+0000] {processor.py:161} INFO - Started process (PID=263) to work on /home/airflow/.local/lib/python3.8/site-packages/airflow/example_dags/example_branch_python_dop_operator_3.py
[2023-12-19T14:27:14.837+0000] {processor.py:830} INFO - Processing file /home/airflow/.local/lib/python3.8/site-packages/airflow/example_dags/example_branch_python_dop_operator_3.py for tasks to queue
[2023-12-19T14:27:14.842+0000] {logging_mixin.py:188} INFO - [2023-12-19T14:27:14.842+0000] {dagbag.py:538} INFO - Filling up the DagBag from /home/airflow/.local/lib/python3.8/site-packages/airflow/example_dags/example_branch_python_dop_operator_3.py
[2023-12-19T14:27:14.866+0000] {processor.py:840} INFO - DAG(s) 'example_branch_dop_operator_v3' retrieved from /home/airflow/.local/lib/python3.8/site-packages/airflow/example_dags/example_branch_python_dop_operator_3.py
[2023-12-19T14:27:14.922+0000] {logging_mixin.py:188} INFO - [2023-12-19T14:27:14.922+0000] {dag.py:3033} INFO - Sync 1 DAGs
[2023-12-19T14:27:15.024+0000] {logging_mixin.py:188} INFO - [2023-12-19T14:27:15.023+0000] {dag.py:3820} INFO - Setting next_dagrun for example_branch_dop_operator_v3 to 2023-12-19T14:26:00+00:00, run_after=2023-12-19T14:27:00+00:00
[2023-12-19T14:27:15.079+0000] {processor.py:183} INFO - Processing /home/airflow/.local/lib/python3.8/site-packages/airflow/example_dags/example_branch_python_dop_operator_3.py took 0.251 seconds
[2023-12-19T14:27:45.621+0000] {processor.py:161} INFO - Started process (PID=318) to work on /home/airflow/.local/lib/python3.8/site-packages/airflow/example_dags/example_branch_python_dop_operator_3.py
[2023-12-19T14:27:45.623+0000] {processor.py:830} INFO - Processing file /home/airflow/.local/lib/python3.8/site-packages/airflow/example_dags/example_branch_python_dop_operator_3.py for tasks to queue
[2023-12-19T14:27:45.627+0000] {logging_mixin.py:188} INFO - [2023-12-19T14:27:45.627+0000] {dagbag.py:538} INFO - Filling up the DagBag from /home/airflow/.local/lib/python3.8/site-packages/airflow/example_dags/example_branch_python_dop_operator_3.py
[2023-12-19T14:27:45.647+0000] {processor.py:840} INFO - DAG(s) 'example_branch_dop_operator_v3' retrieved from /home/airflow/.local/lib/python3.8/site-packages/airflow/example_dags/example_branch_python_dop_operator_3.py
[2023-12-19T14:27:45.695+0000] {logging_mixin.py:188} INFO - [2023-12-19T14:27:45.694+0000] {dag.py:3033} INFO - Sync 1 DAGs
[2023-12-19T14:27:45.750+0000] {logging_mixin.py:188} INFO - [2023-12-19T14:27:45.749+0000] {dag.py:3820} INFO - Setting next_dagrun for example_branch_dop_operator_v3 to 2023-12-19T14:26:00+00:00, run_after=2023-12-19T14:27:00+00:00
[2023-12-19T14:27:45.793+0000] {processor.py:183} INFO - Processing /home/airflow/.local/lib/python3.8/site-packages/airflow/example_dags/example_branch_python_dop_operator_3.py took 0.179 seconds
[2023-12-19T14:28:16.098+0000] {processor.py:161} INFO - Started process (PID=371) to work on /home/airflow/.local/lib/python3.8/site-packages/airflow/example_dags/example_branch_python_dop_operator_3.py
[2023-12-19T14:28:16.100+0000] {processor.py:830} INFO - Processing file /home/airflow/.local/lib/python3.8/site-packages/airflow/example_dags/example_branch_python_dop_operator_3.py for tasks to queue
[2023-12-19T14:28:16.105+0000] {logging_mixin.py:188} INFO - [2023-12-19T14:28:16.105+0000] {dagbag.py:538} INFO - Filling up the DagBag from /home/airflow/.local/lib/python3.8/site-packages/airflow/example_dags/example_branch_python_dop_operator_3.py
[2023-12-19T14:28:16.122+0000] {processor.py:840} INFO - DAG(s) 'example_branch_dop_operator_v3' retrieved from /home/airflow/.local/lib/python3.8/site-packages/airflow/example_dags/example_branch_python_dop_operator_3.py
[2023-12-19T14:28:16.165+0000] {logging_mixin.py:188} INFO - [2023-12-19T14:28:16.165+0000] {dag.py:3033} INFO - Sync 1 DAGs
[2023-12-19T14:28:16.222+0000] {logging_mixin.py:188} INFO - [2023-12-19T14:28:16.221+0000] {dag.py:3820} INFO - Setting next_dagrun for example_branch_dop_operator_v3 to 2023-12-19T14:27:00+00:00, run_after=2023-12-19T14:28:00+00:00
[2023-12-19T14:28:16.263+0000] {processor.py:183} INFO - Processing /home/airflow/.local/lib/python3.8/site-packages/airflow/example_dags/example_branch_python_dop_operator_3.py took 0.171 seconds
[2023-12-19T14:28:47.178+0000] {processor.py:161} INFO - Started process (PID=426) to work on /home/airflow/.local/lib/python3.8/site-packages/airflow/example_dags/example_branch_python_dop_operator_3.py
[2023-12-19T14:28:47.182+0000] {processor.py:830} INFO - Processing file /home/airflow/.local/lib/python3.8/site-packages/airflow/example_dags/example_branch_python_dop_operator_3.py for tasks to queue
[2023-12-19T14:28:47.190+0000] {logging_mixin.py:188} INFO - [2023-12-19T14:28:47.189+0000] {dagbag.py:538} INFO - Filling up the DagBag from /home/airflow/.local/lib/python3.8/site-packages/airflow/example_dags/example_branch_python_dop_operator_3.py
[2023-12-19T14:28:47.222+0000] {processor.py:840} INFO - DAG(s) 'example_branch_dop_operator_v3' retrieved from /home/airflow/.local/lib/python3.8/site-packages/airflow/example_dags/example_branch_python_dop_operator_3.py
[2023-12-19T14:28:47.276+0000] {logging_mixin.py:188} INFO - [2023-12-19T14:28:47.275+0000] {dag.py:3033} INFO - Sync 1 DAGs
[2023-12-19T14:28:47.355+0000] {logging_mixin.py:188} INFO - [2023-12-19T14:28:47.355+0000] {dag.py:3820} INFO - Setting next_dagrun for example_branch_dop_operator_v3 to 2023-12-19T14:27:00+00:00, run_after=2023-12-19T14:28:00+00:00
[2023-12-19T14:28:47.443+0000] {processor.py:183} INFO - Processing /home/airflow/.local/lib/python3.8/site-packages/airflow/example_dags/example_branch_python_dop_operator_3.py took 0.274 seconds
[2023-12-19T14:29:17.696+0000] {processor.py:161} INFO - Started process (PID=481) to work on /home/airflow/.local/lib/python3.8/site-packages/airflow/example_dags/example_branch_python_dop_operator_3.py
[2023-12-19T14:29:17.697+0000] {processor.py:830} INFO - Processing file /home/airflow/.local/lib/python3.8/site-packages/airflow/example_dags/example_branch_python_dop_operator_3.py for tasks to queue
[2023-12-19T14:29:17.702+0000] {logging_mixin.py:188} INFO - [2023-12-19T14:29:17.702+0000] {dagbag.py:538} INFO - Filling up the DagBag from /home/airflow/.local/lib/python3.8/site-packages/airflow/example_dags/example_branch_python_dop_operator_3.py
[2023-12-19T14:29:17.717+0000] {processor.py:840} INFO - DAG(s) 'example_branch_dop_operator_v3' retrieved from /home/airflow/.local/lib/python3.8/site-packages/airflow/example_dags/example_branch_python_dop_operator_3.py
[2023-12-19T14:29:17.756+0000] {logging_mixin.py:188} INFO - [2023-12-19T14:29:17.755+0000] {dag.py:3033} INFO - Sync 1 DAGs
[2023-12-19T14:29:17.809+0000] {logging_mixin.py:188} INFO - [2023-12-19T14:29:17.809+0000] {dag.py:3820} INFO - Setting next_dagrun for example_branch_dop_operator_v3 to 2023-12-19T14:28:00+00:00, run_after=2023-12-19T14:29:00+00:00
[2023-12-19T14:29:17.853+0000] {processor.py:183} INFO - Processing /home/airflow/.local/lib/python3.8/site-packages/airflow/example_dags/example_branch_python_dop_operator_3.py took 0.163 seconds
[2023-12-19T14:29:48.597+0000] {processor.py:161} INFO - Started process (PID=536) to work on /home/airflow/.local/lib/python3.8/site-packages/airflow/example_dags/example_branch_python_dop_operator_3.py
[2023-12-19T14:29:48.599+0000] {processor.py:830} INFO - Processing file /home/airflow/.local/lib/python3.8/site-packages/airflow/example_dags/example_branch_python_dop_operator_3.py for tasks to queue
[2023-12-19T14:29:48.605+0000] {logging_mixin.py:188} INFO - [2023-12-19T14:29:48.604+0000] {dagbag.py:538} INFO - Filling up the DagBag from /home/airflow/.local/lib/python3.8/site-packages/airflow/example_dags/example_branch_python_dop_operator_3.py
[2023-12-19T14:29:48.622+0000] {processor.py:840} INFO - DAG(s) 'example_branch_dop_operator_v3' retrieved from /home/airflow/.local/lib/python3.8/site-packages/airflow/example_dags/example_branch_python_dop_operator_3.py
[2023-12-19T14:29:48.663+0000] {logging_mixin.py:188} INFO - [2023-12-19T14:29:48.662+0000] {dag.py:3033} INFO - Sync 1 DAGs
[2023-12-19T14:29:48.713+0000] {logging_mixin.py:188} INFO - [2023-12-19T14:29:48.713+0000] {dag.py:3820} INFO - Setting next_dagrun for example_branch_dop_operator_v3 to 2023-12-19T14:28:00+00:00, run_after=2023-12-19T14:29:00+00:00
[2023-12-19T14:29:48.765+0000] {processor.py:183} INFO - Processing /home/airflow/.local/lib/python3.8/site-packages/airflow/example_dags/example_branch_python_dop_operator_3.py took 0.174 seconds
[2023-12-19T14:30:18.940+0000] {processor.py:161} INFO - Started process (PID=591) to work on /home/airflow/.local/lib/python3.8/site-packages/airflow/example_dags/example_branch_python_dop_operator_3.py
[2023-12-19T14:30:18.942+0000] {processor.py:830} INFO - Processing file /home/airflow/.local/lib/python3.8/site-packages/airflow/example_dags/example_branch_python_dop_operator_3.py for tasks to queue
[2023-12-19T14:30:18.948+0000] {logging_mixin.py:188} INFO - [2023-12-19T14:30:18.947+0000] {dagbag.py:538} INFO - Filling up the DagBag from /home/airflow/.local/lib/python3.8/site-packages/airflow/example_dags/example_branch_python_dop_operator_3.py
[2023-12-19T14:30:18.969+0000] {processor.py:840} INFO - DAG(s) 'example_branch_dop_operator_v3' retrieved from /home/airflow/.local/lib/python3.8/site-packages/airflow/example_dags/example_branch_python_dop_operator_3.py
[2023-12-19T14:30:19.010+0000] {logging_mixin.py:188} INFO - [2023-12-19T14:30:19.010+0000] {dag.py:3033} INFO - Sync 1 DAGs
[2023-12-19T14:30:19.080+0000] {logging_mixin.py:188} INFO - [2023-12-19T14:30:19.079+0000] {dag.py:3820} INFO - Setting next_dagrun for example_branch_dop_operator_v3 to 2023-12-19T14:29:00+00:00, run_after=2023-12-19T14:30:00+00:00
[2023-12-19T14:30:19.129+0000] {processor.py:183} INFO - Processing /home/airflow/.local/lib/python3.8/site-packages/airflow/example_dags/example_branch_python_dop_operator_3.py took 0.196 seconds
[2023-12-19T14:30:49.718+0000] {processor.py:161} INFO - Started process (PID=646) to work on /home/airflow/.local/lib/python3.8/site-packages/airflow/example_dags/example_branch_python_dop_operator_3.py
[2023-12-19T14:30:49.720+0000] {processor.py:830} INFO - Processing file /home/airflow/.local/lib/python3.8/site-packages/airflow/example_dags/example_branch_python_dop_operator_3.py for tasks to queue
[2023-12-19T14:30:49.726+0000] {logging_mixin.py:188} INFO - [2023-12-19T14:30:49.726+0000] {dagbag.py:538} INFO - Filling up the DagBag from /home/airflow/.local/lib/python3.8/site-packages/airflow/example_dags/example_branch_python_dop_operator_3.py
[2023-12-19T14:30:49.749+0000] {processor.py:840} INFO - DAG(s) 'example_branch_dop_operator_v3' retrieved from /home/airflow/.local/lib/python3.8/site-packages/airflow/example_dags/example_branch_python_dop_operator_3.py
[2023-12-19T14:30:49.795+0000] {logging_mixin.py:188} INFO - [2023-12-19T14:30:49.795+0000] {dag.py:3033} INFO - Sync 1 DAGs
[2023-12-19T14:30:49.865+0000] {logging_mixin.py:188} INFO - [2023-12-19T14:30:49.865+0000] {dag.py:3820} INFO - Setting next_dagrun for example_branch_dop_operator_v3 to 2023-12-19T14:29:00+00:00, run_after=2023-12-19T14:30:00+00:00
[2023-12-19T14:30:49.913+0000] {processor.py:183} INFO - Processing /home/airflow/.local/lib/python3.8/site-packages/airflow/example_dags/example_branch_python_dop_operator_3.py took 0.202 seconds
[2023-12-19T14:31:20.634+0000] {processor.py:161} INFO - Started process (PID=700) to work on /home/airflow/.local/lib/python3.8/site-packages/airflow/example_dags/example_branch_python_dop_operator_3.py
[2023-12-19T14:31:20.637+0000] {processor.py:830} INFO - Processing file /home/airflow/.local/lib/python3.8/site-packages/airflow/example_dags/example_branch_python_dop_operator_3.py for tasks to queue
[2023-12-19T14:31:20.644+0000] {logging_mixin.py:188} INFO - [2023-12-19T14:31:20.643+0000] {dagbag.py:538} INFO - Filling up the DagBag from /home/airflow/.local/lib/python3.8/site-packages/airflow/example_dags/example_branch_python_dop_operator_3.py
[2023-12-19T14:31:20.677+0000] {processor.py:840} INFO - DAG(s) 'example_branch_dop_operator_v3' retrieved from /home/airflow/.local/lib/python3.8/site-packages/airflow/example_dags/example_branch_python_dop_operator_3.py
[2023-12-19T14:31:20.736+0000] {logging_mixin.py:188} INFO - [2023-12-19T14:31:20.736+0000] {dag.py:3033} INFO - Sync 1 DAGs
[2023-12-19T14:31:20.805+0000] {logging_mixin.py:188} INFO - [2023-12-19T14:31:20.804+0000] {dag.py:3820} INFO - Setting next_dagrun for example_branch_dop_operator_v3 to 2023-12-19T14:30:00+00:00, run_after=2023-12-19T14:31:00+00:00
[2023-12-19T14:31:20.880+0000] {processor.py:183} INFO - Processing /home/airflow/.local/lib/python3.8/site-packages/airflow/example_dags/example_branch_python_dop_operator_3.py took 0.253 seconds
[2023-12-19T14:31:51.920+0000] {processor.py:161} INFO - Started process (PID=755) to work on /home/airflow/.local/lib/python3.8/site-packages/airflow/example_dags/example_branch_python_dop_operator_3.py
[2023-12-19T14:31:51.921+0000] {processor.py:830} INFO - Processing file /home/airflow/.local/lib/python3.8/site-packages/airflow/example_dags/example_branch_python_dop_operator_3.py for tasks to queue
[2023-12-19T14:31:51.926+0000] {logging_mixin.py:188} INFO - [2023-12-19T14:31:51.925+0000] {dagbag.py:538} INFO - Filling up the DagBag from /home/airflow/.local/lib/python3.8/site-packages/airflow/example_dags/example_branch_python_dop_operator_3.py
[2023-12-19T14:31:51.942+0000] {processor.py:840} INFO - DAG(s) 'example_branch_dop_operator_v3' retrieved from /home/airflow/.local/lib/python3.8/site-packages/airflow/example_dags/example_branch_python_dop_operator_3.py
[2023-12-19T14:31:51.978+0000] {logging_mixin.py:188} INFO - [2023-12-19T14:31:51.977+0000] {dag.py:3033} INFO - Sync 1 DAGs
[2023-12-19T14:31:52.030+0000] {logging_mixin.py:188} INFO - [2023-12-19T14:31:52.030+0000] {dag.py:3820} INFO - Setting next_dagrun for example_branch_dop_operator_v3 to 2023-12-19T14:30:00+00:00, run_after=2023-12-19T14:31:00+00:00
[2023-12-19T14:31:52.073+0000] {processor.py:183} INFO - Processing /home/airflow/.local/lib/python3.8/site-packages/airflow/example_dags/example_branch_python_dop_operator_3.py took 0.159 seconds
[2023-12-19T14:32:23.134+0000] {processor.py:161} INFO - Started process (PID=809) to work on /home/airflow/.local/lib/python3.8/site-packages/airflow/example_dags/example_branch_python_dop_operator_3.py
[2023-12-19T14:32:23.141+0000] {processor.py:830} INFO - Processing file /home/airflow/.local/lib/python3.8/site-packages/airflow/example_dags/example_branch_python_dop_operator_3.py for tasks to queue
[2023-12-19T14:32:23.149+0000] {logging_mixin.py:188} INFO - [2023-12-19T14:32:23.148+0000] {dagbag.py:538} INFO - Filling up the DagBag from /home/airflow/.local/lib/python3.8/site-packages/airflow/example_dags/example_branch_python_dop_operator_3.py
[2023-12-19T14:32:23.178+0000] {processor.py:840} INFO - DAG(s) 'example_branch_dop_operator_v3' retrieved from /home/airflow/.local/lib/python3.8/site-packages/airflow/example_dags/example_branch_python_dop_operator_3.py
[2023-12-19T14:32:23.269+0000] {logging_mixin.py:188} INFO - [2023-12-19T14:32:23.269+0000] {dag.py:3033} INFO - Sync 1 DAGs
[2023-12-19T14:32:23.351+0000] {logging_mixin.py:188} INFO - [2023-12-19T14:32:23.351+0000] {dag.py:3820} INFO - Setting next_dagrun for example_branch_dop_operator_v3 to 2023-12-19T14:31:00+00:00, run_after=2023-12-19T14:32:00+00:00
[2023-12-19T14:32:23.410+0000] {processor.py:183} INFO - Processing /home/airflow/.local/lib/python3.8/site-packages/airflow/example_dags/example_branch_python_dop_operator_3.py took 0.300 seconds
[2023-12-19T14:32:53.727+0000] {processor.py:161} INFO - Started process (PID=864) to work on /home/airflow/.local/lib/python3.8/site-packages/airflow/example_dags/example_branch_python_dop_operator_3.py
[2023-12-19T14:32:53.739+0000] {processor.py:830} INFO - Processing file /home/airflow/.local/lib/python3.8/site-packages/airflow/example_dags/example_branch_python_dop_operator_3.py for tasks to queue
[2023-12-19T14:32:53.747+0000] {logging_mixin.py:188} INFO - [2023-12-19T14:32:53.746+0000] {dagbag.py:538} INFO - Filling up the DagBag from /home/airflow/.local/lib/python3.8/site-packages/airflow/example_dags/example_branch_python_dop_operator_3.py
[2023-12-19T14:32:53.773+0000] {processor.py:840} INFO - DAG(s) 'example_branch_dop_operator_v3' retrieved from /home/airflow/.local/lib/python3.8/site-packages/airflow/example_dags/example_branch_python_dop_operator_3.py
[2023-12-19T14:32:53.837+0000] {logging_mixin.py:188} INFO - [2023-12-19T14:32:53.837+0000] {dag.py:3033} INFO - Sync 1 DAGs
[2023-12-19T14:32:53.944+0000] {logging_mixin.py:188} INFO - [2023-12-19T14:32:53.943+0000] {dag.py:3820} INFO - Setting next_dagrun for example_branch_dop_operator_v3 to 2023-12-19T14:31:00+00:00, run_after=2023-12-19T14:32:00+00:00
[2023-12-19T14:32:54.005+0000] {processor.py:183} INFO - Processing /home/airflow/.local/lib/python3.8/site-packages/airflow/example_dags/example_branch_python_dop_operator_3.py took 0.286 seconds
[2023-12-19T14:33:24.127+0000] {processor.py:161} INFO - Started process (PID=919) to work on /home/airflow/.local/lib/python3.8/site-packages/airflow/example_dags/example_branch_python_dop_operator_3.py
[2023-12-19T14:33:24.131+0000] {processor.py:830} INFO - Processing file /home/airflow/.local/lib/python3.8/site-packages/airflow/example_dags/example_branch_python_dop_operator_3.py for tasks to queue
[2023-12-19T14:33:24.140+0000] {logging_mixin.py:188} INFO - [2023-12-19T14:33:24.139+0000] {dagbag.py:538} INFO - Filling up the DagBag from /home/airflow/.local/lib/python3.8/site-packages/airflow/example_dags/example_branch_python_dop_operator_3.py
[2023-12-19T14:33:24.180+0000] {processor.py:840} INFO - DAG(s) 'example_branch_dop_operator_v3' retrieved from /home/airflow/.local/lib/python3.8/site-packages/airflow/example_dags/example_branch_python_dop_operator_3.py
[2023-12-19T14:33:24.281+0000] {logging_mixin.py:188} INFO - [2023-12-19T14:33:24.281+0000] {dag.py:3033} INFO - Sync 1 DAGs
[2023-12-19T14:33:24.378+0000] {logging_mixin.py:188} INFO - [2023-12-19T14:33:24.377+0000] {dag.py:3820} INFO - Setting next_dagrun for example_branch_dop_operator_v3 to 2023-12-19T14:32:00+00:00, run_after=2023-12-19T14:33:00+00:00
[2023-12-19T14:33:24.455+0000] {processor.py:183} INFO - Processing /home/airflow/.local/lib/python3.8/site-packages/airflow/example_dags/example_branch_python_dop_operator_3.py took 0.337 seconds
[2023-12-19T14:33:55.058+0000] {processor.py:161} INFO - Started process (PID=974) to work on /home/airflow/.local/lib/python3.8/site-packages/airflow/example_dags/example_branch_python_dop_operator_3.py
[2023-12-19T14:33:55.060+0000] {processor.py:830} INFO - Processing file /home/airflow/.local/lib/python3.8/site-packages/airflow/example_dags/example_branch_python_dop_operator_3.py for tasks to queue
[2023-12-19T14:33:55.068+0000] {logging_mixin.py:188} INFO - [2023-12-19T14:33:55.067+0000] {dagbag.py:538} INFO - Filling up the DagBag from /home/airflow/.local/lib/python3.8/site-packages/airflow/example_dags/example_branch_python_dop_operator_3.py
[2023-12-19T14:33:55.094+0000] {processor.py:840} INFO - DAG(s) 'example_branch_dop_operator_v3' retrieved from /home/airflow/.local/lib/python3.8/site-packages/airflow/example_dags/example_branch_python_dop_operator_3.py
[2023-12-19T14:33:55.149+0000] {logging_mixin.py:188} INFO - [2023-12-19T14:33:55.148+0000] {dag.py:3033} INFO - Sync 1 DAGs
[2023-12-19T14:33:55.226+0000] {logging_mixin.py:188} INFO - [2023-12-19T14:33:55.226+0000] {dag.py:3820} INFO - Setting next_dagrun for example_branch_dop_operator_v3 to 2023-12-19T14:32:00+00:00, run_after=2023-12-19T14:33:00+00:00
[2023-12-19T14:33:55.281+0000] {processor.py:183} INFO - Processing /home/airflow/.local/lib/python3.8/site-packages/airflow/example_dags/example_branch_python_dop_operator_3.py took 0.232 seconds
[2023-12-19T14:34:25.717+0000] {processor.py:161} INFO - Started process (PID=1029) to work on /home/airflow/.local/lib/python3.8/site-packages/airflow/example_dags/example_branch_python_dop_operator_3.py
[2023-12-19T14:34:25.719+0000] {processor.py:830} INFO - Processing file /home/airflow/.local/lib/python3.8/site-packages/airflow/example_dags/example_branch_python_dop_operator_3.py for tasks to queue
[2023-12-19T14:34:25.726+0000] {logging_mixin.py:188} INFO - [2023-12-19T14:34:25.725+0000] {dagbag.py:538} INFO - Filling up the DagBag from /home/airflow/.local/lib/python3.8/site-packages/airflow/example_dags/example_branch_python_dop_operator_3.py
[2023-12-19T14:34:25.748+0000] {processor.py:840} INFO - DAG(s) 'example_branch_dop_operator_v3' retrieved from /home/airflow/.local/lib/python3.8/site-packages/airflow/example_dags/example_branch_python_dop_operator_3.py
[2023-12-19T14:34:25.796+0000] {logging_mixin.py:188} INFO - [2023-12-19T14:34:25.795+0000] {dag.py:3033} INFO - Sync 1 DAGs
[2023-12-19T14:34:25.885+0000] {logging_mixin.py:188} INFO - [2023-12-19T14:34:25.884+0000] {dag.py:3820} INFO - Setting next_dagrun for example_branch_dop_operator_v3 to 2023-12-19T14:33:00+00:00, run_after=2023-12-19T14:34:00+00:00
[2023-12-19T14:34:25.972+0000] {processor.py:183} INFO - Processing /home/airflow/.local/lib/python3.8/site-packages/airflow/example_dags/example_branch_python_dop_operator_3.py took 0.264 seconds
[2023-12-19T14:34:56.768+0000] {processor.py:161} INFO - Started process (PID=1083) to work on /home/airflow/.local/lib/python3.8/site-packages/airflow/example_dags/example_branch_python_dop_operator_3.py
[2023-12-19T14:34:56.773+0000] {processor.py:830} INFO - Processing file /home/airflow/.local/lib/python3.8/site-packages/airflow/example_dags/example_branch_python_dop_operator_3.py for tasks to queue
[2023-12-19T14:34:56.784+0000] {logging_mixin.py:188} INFO - [2023-12-19T14:34:56.783+0000] {dagbag.py:538} INFO - Filling up the DagBag from /home/airflow/.local/lib/python3.8/site-packages/airflow/example_dags/example_branch_python_dop_operator_3.py
[2023-12-19T14:34:56.811+0000] {processor.py:840} INFO - DAG(s) 'example_branch_dop_operator_v3' retrieved from /home/airflow/.local/lib/python3.8/site-packages/airflow/example_dags/example_branch_python_dop_operator_3.py
[2023-12-19T14:34:56.868+0000] {logging_mixin.py:188} INFO - [2023-12-19T14:34:56.868+0000] {dag.py:3033} INFO - Sync 1 DAGs
[2023-12-19T14:34:56.950+0000] {logging_mixin.py:188} INFO - [2023-12-19T14:34:56.950+0000] {dag.py:3820} INFO - Setting next_dagrun for example_branch_dop_operator_v3 to 2023-12-19T14:33:00+00:00, run_after=2023-12-19T14:34:00+00:00
[2023-12-19T14:34:57.002+0000] {processor.py:183} INFO - Processing /home/airflow/.local/lib/python3.8/site-packages/airflow/example_dags/example_branch_python_dop_operator_3.py took 0.244 seconds
[2023-12-19T14:35:27.387+0000] {processor.py:161} INFO - Started process (PID=1138) to work on /home/airflow/.local/lib/python3.8/site-packages/airflow/example_dags/example_branch_python_dop_operator_3.py
[2023-12-19T14:35:27.389+0000] {processor.py:830} INFO - Processing file /home/airflow/.local/lib/python3.8/site-packages/airflow/example_dags/example_branch_python_dop_operator_3.py for tasks to queue
[2023-12-19T14:35:27.392+0000] {logging_mixin.py:188} INFO - [2023-12-19T14:35:27.392+0000] {dagbag.py:538} INFO - Filling up the DagBag from /home/airflow/.local/lib/python3.8/site-packages/airflow/example_dags/example_branch_python_dop_operator_3.py
[2023-12-19T14:35:27.406+0000] {processor.py:840} INFO - DAG(s) 'example_branch_dop_operator_v3' retrieved from /home/airflow/.local/lib/python3.8/site-packages/airflow/example_dags/example_branch_python_dop_operator_3.py
[2023-12-19T14:35:27.436+0000] {logging_mixin.py:188} INFO - [2023-12-19T14:35:27.436+0000] {dag.py:3033} INFO - Sync 1 DAGs
[2023-12-19T14:35:27.485+0000] {logging_mixin.py:188} INFO - [2023-12-19T14:35:27.485+0000] {dag.py:3820} INFO - Setting next_dagrun for example_branch_dop_operator_v3 to 2023-12-19T14:34:00+00:00, run_after=2023-12-19T14:35:00+00:00
[2023-12-19T14:35:27.517+0000] {processor.py:183} INFO - Processing /home/airflow/.local/lib/python3.8/site-packages/airflow/example_dags/example_branch_python_dop_operator_3.py took 0.135 seconds
[2023-12-19T14:35:57.888+0000] {processor.py:161} INFO - Started process (PID=1192) to work on /home/airflow/.local/lib/python3.8/site-packages/airflow/example_dags/example_branch_python_dop_operator_3.py
[2023-12-19T14:35:57.892+0000] {processor.py:830} INFO - Processing file /home/airflow/.local/lib/python3.8/site-packages/airflow/example_dags/example_branch_python_dop_operator_3.py for tasks to queue
[2023-12-19T14:35:57.896+0000] {logging_mixin.py:188} INFO - [2023-12-19T14:35:57.896+0000] {dagbag.py:538} INFO - Filling up the DagBag from /home/airflow/.local/lib/python3.8/site-packages/airflow/example_dags/example_branch_python_dop_operator_3.py
[2023-12-19T14:35:57.919+0000] {processor.py:840} INFO - DAG(s) 'example_branch_dop_operator_v3' retrieved from /home/airflow/.local/lib/python3.8/site-packages/airflow/example_dags/example_branch_python_dop_operator_3.py
[2023-12-19T14:35:57.959+0000] {logging_mixin.py:188} INFO - [2023-12-19T14:35:57.959+0000] {dag.py:3033} INFO - Sync 1 DAGs
[2023-12-19T14:35:58.043+0000] {logging_mixin.py:188} INFO - [2023-12-19T14:35:58.043+0000] {dag.py:3820} INFO - Setting next_dagrun for example_branch_dop_operator_v3 to 2023-12-19T14:34:00+00:00, run_after=2023-12-19T14:35:00+00:00
[2023-12-19T14:35:58.103+0000] {processor.py:183} INFO - Processing /home/airflow/.local/lib/python3.8/site-packages/airflow/example_dags/example_branch_python_dop_operator_3.py took 0.222 seconds
[2023-12-19T14:36:28.664+0000] {processor.py:161} INFO - Started process (PID=1247) to work on /home/airflow/.local/lib/python3.8/site-packages/airflow/example_dags/example_branch_python_dop_operator_3.py
[2023-12-19T14:36:28.665+0000] {processor.py:830} INFO - Processing file /home/airflow/.local/lib/python3.8/site-packages/airflow/example_dags/example_branch_python_dop_operator_3.py for tasks to queue
[2023-12-19T14:36:28.669+0000] {logging_mixin.py:188} INFO - [2023-12-19T14:36:28.668+0000] {dagbag.py:538} INFO - Filling up the DagBag from /home/airflow/.local/lib/python3.8/site-packages/airflow/example_dags/example_branch_python_dop_operator_3.py
[2023-12-19T14:36:28.681+0000] {processor.py:840} INFO - DAG(s) 'example_branch_dop_operator_v3' retrieved from /home/airflow/.local/lib/python3.8/site-packages/airflow/example_dags/example_branch_python_dop_operator_3.py
[2023-12-19T14:36:28.706+0000] {logging_mixin.py:188} INFO - [2023-12-19T14:36:28.706+0000] {dag.py:3033} INFO - Sync 1 DAGs
[2023-12-19T14:36:28.744+0000] {logging_mixin.py:188} INFO - [2023-12-19T14:36:28.743+0000] {dag.py:3820} INFO - Setting next_dagrun for example_branch_dop_operator_v3 to 2023-12-19T14:35:00+00:00, run_after=2023-12-19T14:36:00+00:00
[2023-12-19T14:36:28.769+0000] {processor.py:183} INFO - Processing /home/airflow/.local/lib/python3.8/site-packages/airflow/example_dags/example_branch_python_dop_operator_3.py took 0.109 seconds
[2023-12-19T14:36:59.368+0000] {processor.py:161} INFO - Started process (PID=1302) to work on /home/airflow/.local/lib/python3.8/site-packages/airflow/example_dags/example_branch_python_dop_operator_3.py
[2023-12-19T14:36:59.369+0000] {processor.py:830} INFO - Processing file /home/airflow/.local/lib/python3.8/site-packages/airflow/example_dags/example_branch_python_dop_operator_3.py for tasks to queue
[2023-12-19T14:36:59.375+0000] {logging_mixin.py:188} INFO - [2023-12-19T14:36:59.374+0000] {dagbag.py:538} INFO - Filling up the DagBag from /home/airflow/.local/lib/python3.8/site-packages/airflow/example_dags/example_branch_python_dop_operator_3.py
[2023-12-19T14:36:59.395+0000] {processor.py:840} INFO - DAG(s) 'example_branch_dop_operator_v3' retrieved from /home/airflow/.local/lib/python3.8/site-packages/airflow/example_dags/example_branch_python_dop_operator_3.py
[2023-12-19T14:36:59.433+0000] {logging_mixin.py:188} INFO - [2023-12-19T14:36:59.432+0000] {dag.py:3033} INFO - Sync 1 DAGs
[2023-12-19T14:36:59.482+0000] {logging_mixin.py:188} INFO - [2023-12-19T14:36:59.482+0000] {dag.py:3820} INFO - Setting next_dagrun for example_branch_dop_operator_v3 to 2023-12-19T14:35:00+00:00, run_after=2023-12-19T14:36:00+00:00
[2023-12-19T14:36:59.517+0000] {processor.py:183} INFO - Processing /home/airflow/.local/lib/python3.8/site-packages/airflow/example_dags/example_branch_python_dop_operator_3.py took 0.156 seconds
