[2023-12-19T14:14:18.664+0000] {processor.py:161} INFO - Started process (PID=79) to work on /home/airflow/.local/lib/python3.8/site-packages/airflow/example_dags/example_params_trigger_ui.py
[2023-12-19T14:14:18.672+0000] {processor.py:830} INFO - Processing file /home/airflow/.local/lib/python3.8/site-packages/airflow/example_dags/example_params_trigger_ui.py for tasks to queue
[2023-12-19T14:14:18.676+0000] {logging_mixin.py:188} INFO - [2023-12-19T14:14:18.676+0000] {dagbag.py:538} INFO - Filling up the DagBag from /home/airflow/.local/lib/python3.8/site-packages/airflow/example_dags/example_params_trigger_ui.py
[2023-12-19T14:14:18.777+0000] {processor.py:840} INFO - DAG(s) 'example_params_trigger_ui' retrieved from /home/airflow/.local/lib/python3.8/site-packages/airflow/example_dags/example_params_trigger_ui.py
[2023-12-19T14:14:19.309+0000] {logging_mixin.py:188} INFO - [2023-12-19T14:14:19.308+0000] {dag.py:3033} INFO - Sync 1 DAGs
[2023-12-19T14:14:19.352+0000] {logging_mixin.py:188} INFO - [2023-12-19T14:14:19.351+0000] {dag.py:3820} INFO - Setting next_dagrun for example_params_trigger_ui to None, run_after=None
[2023-12-19T14:14:19.468+0000] {processor.py:183} INFO - Processing /home/airflow/.local/lib/python3.8/site-packages/airflow/example_dags/example_params_trigger_ui.py took 0.830 seconds
[2023-12-19T14:14:50.396+0000] {processor.py:161} INFO - Started process (PID=134) to work on /home/airflow/.local/lib/python3.8/site-packages/airflow/example_dags/example_params_trigger_ui.py
[2023-12-19T14:14:50.398+0000] {processor.py:830} INFO - Processing file /home/airflow/.local/lib/python3.8/site-packages/airflow/example_dags/example_params_trigger_ui.py for tasks to queue
[2023-12-19T14:14:50.403+0000] {logging_mixin.py:188} INFO - [2023-12-19T14:14:50.402+0000] {dagbag.py:538} INFO - Filling up the DagBag from /home/airflow/.local/lib/python3.8/site-packages/airflow/example_dags/example_params_trigger_ui.py
[2023-12-19T14:14:50.751+0000] {processor.py:840} INFO - DAG(s) 'example_params_trigger_ui' retrieved from /home/airflow/.local/lib/python3.8/site-packages/airflow/example_dags/example_params_trigger_ui.py
[2023-12-19T14:14:51.094+0000] {logging_mixin.py:188} INFO - [2023-12-19T14:14:51.093+0000] {dag.py:3033} INFO - Sync 1 DAGs
[2023-12-19T14:14:51.131+0000] {logging_mixin.py:188} INFO - [2023-12-19T14:14:51.131+0000] {dag.py:3820} INFO - Setting next_dagrun for example_params_trigger_ui to None, run_after=None
[2023-12-19T14:14:51.212+0000] {processor.py:183} INFO - Processing /home/airflow/.local/lib/python3.8/site-packages/airflow/example_dags/example_params_trigger_ui.py took 0.823 seconds
[2023-12-19T14:16:01.110+0000] {processor.py:161} INFO - Started process (PID=201) to work on /home/airflow/.local/lib/python3.8/site-packages/airflow/example_dags/example_params_trigger_ui.py
[2023-12-19T14:16:01.186+0000] {processor.py:830} INFO - Processing file /home/airflow/.local/lib/python3.8/site-packages/airflow/example_dags/example_params_trigger_ui.py for tasks to queue
[2023-12-19T14:16:01.312+0000] {logging_mixin.py:188} INFO - [2023-12-19T14:16:01.305+0000] {dagbag.py:538} INFO - Filling up the DagBag from /home/airflow/.local/lib/python3.8/site-packages/airflow/example_dags/example_params_trigger_ui.py
[2023-12-19T14:16:02.567+0000] {processor.py:840} INFO - DAG(s) 'example_params_trigger_ui' retrieved from /home/airflow/.local/lib/python3.8/site-packages/airflow/example_dags/example_params_trigger_ui.py
[2023-12-19T14:16:07.271+0000] {logging_mixin.py:188} INFO - [2023-12-19T14:16:07.267+0000] {dag.py:3033} INFO - Sync 1 DAGs
[2023-12-19T14:16:08.143+0000] {logging_mixin.py:188} INFO - [2023-12-19T14:16:08.053+0000] {dag.py:3820} INFO - Setting next_dagrun for example_params_trigger_ui to None, run_after=None
[2023-12-19T14:16:10.259+0000] {processor.py:183} INFO - Processing /home/airflow/.local/lib/python3.8/site-packages/airflow/example_dags/example_params_trigger_ui.py took 9.511 seconds
[2023-12-19T14:18:44.104+0000] {processor.py:161} INFO - Started process (PID=71) to work on /home/airflow/.local/lib/python3.8/site-packages/airflow/example_dags/example_params_trigger_ui.py
[2023-12-19T14:18:44.107+0000] {processor.py:830} INFO - Processing file /home/airflow/.local/lib/python3.8/site-packages/airflow/example_dags/example_params_trigger_ui.py for tasks to queue
[2023-12-19T14:18:44.111+0000] {logging_mixin.py:188} INFO - [2023-12-19T14:18:44.111+0000] {dagbag.py:538} INFO - Filling up the DagBag from /home/airflow/.local/lib/python3.8/site-packages/airflow/example_dags/example_params_trigger_ui.py
[2023-12-19T14:18:44.175+0000] {processor.py:840} INFO - DAG(s) 'example_params_trigger_ui' retrieved from /home/airflow/.local/lib/python3.8/site-packages/airflow/example_dags/example_params_trigger_ui.py
[2023-12-19T14:18:44.376+0000] {logging_mixin.py:188} INFO - [2023-12-19T14:18:44.375+0000] {dag.py:3033} INFO - Sync 1 DAGs
[2023-12-19T14:18:44.446+0000] {logging_mixin.py:188} INFO - [2023-12-19T14:18:44.446+0000] {dag.py:3820} INFO - Setting next_dagrun for example_params_trigger_ui to None, run_after=None
[2023-12-19T14:18:44.566+0000] {processor.py:183} INFO - Processing /home/airflow/.local/lib/python3.8/site-packages/airflow/example_dags/example_params_trigger_ui.py took 0.469 seconds
[2023-12-19T14:19:15.931+0000] {processor.py:161} INFO - Started process (PID=127) to work on /home/airflow/.local/lib/python3.8/site-packages/airflow/example_dags/example_params_trigger_ui.py
[2023-12-19T14:19:15.934+0000] {processor.py:830} INFO - Processing file /home/airflow/.local/lib/python3.8/site-packages/airflow/example_dags/example_params_trigger_ui.py for tasks to queue
[2023-12-19T14:19:15.942+0000] {logging_mixin.py:188} INFO - [2023-12-19T14:19:15.938+0000] {dagbag.py:538} INFO - Filling up the DagBag from /home/airflow/.local/lib/python3.8/site-packages/airflow/example_dags/example_params_trigger_ui.py
[2023-12-19T14:19:15.979+0000] {processor.py:840} INFO - DAG(s) 'example_params_trigger_ui' retrieved from /home/airflow/.local/lib/python3.8/site-packages/airflow/example_dags/example_params_trigger_ui.py
[2023-12-19T14:19:16.189+0000] {logging_mixin.py:188} INFO - [2023-12-19T14:19:16.188+0000] {dag.py:3033} INFO - Sync 1 DAGs
[2023-12-19T14:19:16.223+0000] {logging_mixin.py:188} INFO - [2023-12-19T14:19:16.222+0000] {dag.py:3820} INFO - Setting next_dagrun for example_params_trigger_ui to None, run_after=None
[2023-12-19T14:19:16.290+0000] {processor.py:183} INFO - Processing /home/airflow/.local/lib/python3.8/site-packages/airflow/example_dags/example_params_trigger_ui.py took 0.366 seconds
[2023-12-19T14:19:46.957+0000] {processor.py:161} INFO - Started process (PID=182) to work on /home/airflow/.local/lib/python3.8/site-packages/airflow/example_dags/example_params_trigger_ui.py
[2023-12-19T14:19:46.959+0000] {processor.py:830} INFO - Processing file /home/airflow/.local/lib/python3.8/site-packages/airflow/example_dags/example_params_trigger_ui.py for tasks to queue
[2023-12-19T14:19:46.963+0000] {logging_mixin.py:188} INFO - [2023-12-19T14:19:46.962+0000] {dagbag.py:538} INFO - Filling up the DagBag from /home/airflow/.local/lib/python3.8/site-packages/airflow/example_dags/example_params_trigger_ui.py
[2023-12-19T14:19:46.992+0000] {processor.py:840} INFO - DAG(s) 'example_params_trigger_ui' retrieved from /home/airflow/.local/lib/python3.8/site-packages/airflow/example_dags/example_params_trigger_ui.py
[2023-12-19T14:19:47.089+0000] {logging_mixin.py:188} INFO - [2023-12-19T14:19:47.089+0000] {dag.py:3033} INFO - Sync 1 DAGs
[2023-12-19T14:19:47.112+0000] {logging_mixin.py:188} INFO - [2023-12-19T14:19:47.112+0000] {dag.py:3820} INFO - Setting next_dagrun for example_params_trigger_ui to None, run_after=None
[2023-12-19T14:19:47.166+0000] {processor.py:183} INFO - Processing /home/airflow/.local/lib/python3.8/site-packages/airflow/example_dags/example_params_trigger_ui.py took 0.217 seconds
[2023-12-19T14:20:17.517+0000] {processor.py:161} INFO - Started process (PID=237) to work on /home/airflow/.local/lib/python3.8/site-packages/airflow/example_dags/example_params_trigger_ui.py
[2023-12-19T14:20:17.518+0000] {processor.py:830} INFO - Processing file /home/airflow/.local/lib/python3.8/site-packages/airflow/example_dags/example_params_trigger_ui.py for tasks to queue
[2023-12-19T14:20:17.522+0000] {logging_mixin.py:188} INFO - [2023-12-19T14:20:17.522+0000] {dagbag.py:538} INFO - Filling up the DagBag from /home/airflow/.local/lib/python3.8/site-packages/airflow/example_dags/example_params_trigger_ui.py
[2023-12-19T14:20:17.551+0000] {processor.py:840} INFO - DAG(s) 'example_params_trigger_ui' retrieved from /home/airflow/.local/lib/python3.8/site-packages/airflow/example_dags/example_params_trigger_ui.py
[2023-12-19T14:20:17.651+0000] {logging_mixin.py:188} INFO - [2023-12-19T14:20:17.650+0000] {dag.py:3033} INFO - Sync 1 DAGs
[2023-12-19T14:20:17.673+0000] {logging_mixin.py:188} INFO - [2023-12-19T14:20:17.672+0000] {dag.py:3820} INFO - Setting next_dagrun for example_params_trigger_ui to None, run_after=None
[2023-12-19T14:20:17.707+0000] {processor.py:183} INFO - Processing /home/airflow/.local/lib/python3.8/site-packages/airflow/example_dags/example_params_trigger_ui.py took 0.197 seconds
[2023-12-19T14:20:48.067+0000] {processor.py:161} INFO - Started process (PID=293) to work on /home/airflow/.local/lib/python3.8/site-packages/airflow/example_dags/example_params_trigger_ui.py
[2023-12-19T14:20:48.070+0000] {processor.py:830} INFO - Processing file /home/airflow/.local/lib/python3.8/site-packages/airflow/example_dags/example_params_trigger_ui.py for tasks to queue
[2023-12-19T14:20:48.076+0000] {logging_mixin.py:188} INFO - [2023-12-19T14:20:48.075+0000] {dagbag.py:538} INFO - Filling up the DagBag from /home/airflow/.local/lib/python3.8/site-packages/airflow/example_dags/example_params_trigger_ui.py
[2023-12-19T14:20:48.120+0000] {processor.py:840} INFO - DAG(s) 'example_params_trigger_ui' retrieved from /home/airflow/.local/lib/python3.8/site-packages/airflow/example_dags/example_params_trigger_ui.py
[2023-12-19T14:20:48.291+0000] {logging_mixin.py:188} INFO - [2023-12-19T14:20:48.291+0000] {dag.py:3033} INFO - Sync 1 DAGs
[2023-12-19T14:20:48.335+0000] {logging_mixin.py:188} INFO - [2023-12-19T14:20:48.334+0000] {dag.py:3820} INFO - Setting next_dagrun for example_params_trigger_ui to None, run_after=None
[2023-12-19T14:20:48.404+0000] {processor.py:183} INFO - Processing /home/airflow/.local/lib/python3.8/site-packages/airflow/example_dags/example_params_trigger_ui.py took 0.347 seconds
[2023-12-19T14:21:19.267+0000] {processor.py:161} INFO - Started process (PID=347) to work on /home/airflow/.local/lib/python3.8/site-packages/airflow/example_dags/example_params_trigger_ui.py
[2023-12-19T14:21:19.269+0000] {processor.py:830} INFO - Processing file /home/airflow/.local/lib/python3.8/site-packages/airflow/example_dags/example_params_trigger_ui.py for tasks to queue
[2023-12-19T14:21:19.275+0000] {logging_mixin.py:188} INFO - [2023-12-19T14:21:19.274+0000] {dagbag.py:538} INFO - Filling up the DagBag from /home/airflow/.local/lib/python3.8/site-packages/airflow/example_dags/example_params_trigger_ui.py
[2023-12-19T14:21:19.375+0000] {processor.py:840} INFO - DAG(s) 'example_params_trigger_ui' retrieved from /home/airflow/.local/lib/python3.8/site-packages/airflow/example_dags/example_params_trigger_ui.py
[2023-12-19T14:21:19.615+0000] {logging_mixin.py:188} INFO - [2023-12-19T14:21:19.614+0000] {dag.py:3033} INFO - Sync 1 DAGs
[2023-12-19T14:21:19.652+0000] {logging_mixin.py:188} INFO - [2023-12-19T14:21:19.652+0000] {dag.py:3820} INFO - Setting next_dagrun for example_params_trigger_ui to None, run_after=None
[2023-12-19T14:21:19.742+0000] {processor.py:183} INFO - Processing /home/airflow/.local/lib/python3.8/site-packages/airflow/example_dags/example_params_trigger_ui.py took 0.481 seconds
[2023-12-19T14:21:50.762+0000] {processor.py:161} INFO - Started process (PID=402) to work on /home/airflow/.local/lib/python3.8/site-packages/airflow/example_dags/example_params_trigger_ui.py
[2023-12-19T14:21:50.765+0000] {processor.py:830} INFO - Processing file /home/airflow/.local/lib/python3.8/site-packages/airflow/example_dags/example_params_trigger_ui.py for tasks to queue
[2023-12-19T14:21:50.772+0000] {logging_mixin.py:188} INFO - [2023-12-19T14:21:50.771+0000] {dagbag.py:538} INFO - Filling up the DagBag from /home/airflow/.local/lib/python3.8/site-packages/airflow/example_dags/example_params_trigger_ui.py
[2023-12-19T14:21:50.818+0000] {processor.py:840} INFO - DAG(s) 'example_params_trigger_ui' retrieved from /home/airflow/.local/lib/python3.8/site-packages/airflow/example_dags/example_params_trigger_ui.py
[2023-12-19T14:21:50.938+0000] {logging_mixin.py:188} INFO - [2023-12-19T14:21:50.938+0000] {dag.py:3033} INFO - Sync 1 DAGs
[2023-12-19T14:21:50.967+0000] {logging_mixin.py:188} INFO - [2023-12-19T14:21:50.967+0000] {dag.py:3820} INFO - Setting next_dagrun for example_params_trigger_ui to None, run_after=None
[2023-12-19T14:21:51.041+0000] {processor.py:183} INFO - Processing /home/airflow/.local/lib/python3.8/site-packages/airflow/example_dags/example_params_trigger_ui.py took 0.294 seconds
[2023-12-19T14:22:21.203+0000] {processor.py:161} INFO - Started process (PID=457) to work on /home/airflow/.local/lib/python3.8/site-packages/airflow/example_dags/example_params_trigger_ui.py
[2023-12-19T14:22:21.204+0000] {processor.py:830} INFO - Processing file /home/airflow/.local/lib/python3.8/site-packages/airflow/example_dags/example_params_trigger_ui.py for tasks to queue
[2023-12-19T14:22:21.207+0000] {logging_mixin.py:188} INFO - [2023-12-19T14:22:21.207+0000] {dagbag.py:538} INFO - Filling up the DagBag from /home/airflow/.local/lib/python3.8/site-packages/airflow/example_dags/example_params_trigger_ui.py
[2023-12-19T14:22:21.235+0000] {processor.py:840} INFO - DAG(s) 'example_params_trigger_ui' retrieved from /home/airflow/.local/lib/python3.8/site-packages/airflow/example_dags/example_params_trigger_ui.py
[2023-12-19T14:22:21.340+0000] {logging_mixin.py:188} INFO - [2023-12-19T14:22:21.340+0000] {dag.py:3033} INFO - Sync 1 DAGs
[2023-12-19T14:22:21.367+0000] {logging_mixin.py:188} INFO - [2023-12-19T14:22:21.367+0000] {dag.py:3820} INFO - Setting next_dagrun for example_params_trigger_ui to None, run_after=None
[2023-12-19T14:22:21.408+0000] {processor.py:183} INFO - Processing /home/airflow/.local/lib/python3.8/site-packages/airflow/example_dags/example_params_trigger_ui.py took 0.211 seconds
[2023-12-19T14:23:35.815+0000] {processor.py:161} INFO - Started process (PID=71) to work on /home/airflow/.local/lib/python3.8/site-packages/airflow/example_dags/example_params_trigger_ui.py
[2023-12-19T14:23:35.817+0000] {processor.py:830} INFO - Processing file /home/airflow/.local/lib/python3.8/site-packages/airflow/example_dags/example_params_trigger_ui.py for tasks to queue
[2023-12-19T14:23:35.823+0000] {logging_mixin.py:188} INFO - [2023-12-19T14:23:35.822+0000] {dagbag.py:538} INFO - Filling up the DagBag from /home/airflow/.local/lib/python3.8/site-packages/airflow/example_dags/example_params_trigger_ui.py
[2023-12-19T14:23:35.868+0000] {processor.py:840} INFO - DAG(s) 'example_params_trigger_ui' retrieved from /home/airflow/.local/lib/python3.8/site-packages/airflow/example_dags/example_params_trigger_ui.py
[2023-12-19T14:23:36.038+0000] {logging_mixin.py:188} INFO - [2023-12-19T14:23:36.037+0000] {dag.py:3033} INFO - Sync 1 DAGs
[2023-12-19T14:23:36.076+0000] {logging_mixin.py:188} INFO - [2023-12-19T14:23:36.075+0000] {dag.py:3820} INFO - Setting next_dagrun for example_params_trigger_ui to None, run_after=None
[2023-12-19T14:23:36.147+0000] {processor.py:183} INFO - Processing /home/airflow/.local/lib/python3.8/site-packages/airflow/example_dags/example_params_trigger_ui.py took 0.342 seconds
[2023-12-19T14:25:31.990+0000] {processor.py:161} INFO - Started process (PID=77) to work on /home/airflow/.local/lib/python3.8/site-packages/airflow/example_dags/example_params_trigger_ui.py
[2023-12-19T14:25:31.999+0000] {processor.py:830} INFO - Processing file /home/airflow/.local/lib/python3.8/site-packages/airflow/example_dags/example_params_trigger_ui.py for tasks to queue
[2023-12-19T14:25:32.003+0000] {logging_mixin.py:188} INFO - [2023-12-19T14:25:32.003+0000] {dagbag.py:538} INFO - Filling up the DagBag from /home/airflow/.local/lib/python3.8/site-packages/airflow/example_dags/example_params_trigger_ui.py
[2023-12-19T14:25:32.060+0000] {processor.py:840} INFO - DAG(s) 'example_params_trigger_ui' retrieved from /home/airflow/.local/lib/python3.8/site-packages/airflow/example_dags/example_params_trigger_ui.py
[2023-12-19T14:25:33.147+0000] {logging_mixin.py:188} INFO - [2023-12-19T14:25:33.146+0000] {dag.py:3033} INFO - Sync 1 DAGs
[2023-12-19T14:25:33.248+0000] {logging_mixin.py:188} INFO - [2023-12-19T14:25:33.247+0000] {dag.py:3820} INFO - Setting next_dagrun for example_params_trigger_ui to None, run_after=None
[2023-12-19T14:25:33.414+0000] {processor.py:183} INFO - Processing /home/airflow/.local/lib/python3.8/site-packages/airflow/example_dags/example_params_trigger_ui.py took 1.464 seconds
[2023-12-19T14:26:03.822+0000] {processor.py:161} INFO - Started process (PID=132) to work on /home/airflow/.local/lib/python3.8/site-packages/airflow/example_dags/example_params_trigger_ui.py
[2023-12-19T14:26:03.825+0000] {processor.py:830} INFO - Processing file /home/airflow/.local/lib/python3.8/site-packages/airflow/example_dags/example_params_trigger_ui.py for tasks to queue
[2023-12-19T14:26:03.833+0000] {logging_mixin.py:188} INFO - [2023-12-19T14:26:03.832+0000] {dagbag.py:538} INFO - Filling up the DagBag from /home/airflow/.local/lib/python3.8/site-packages/airflow/example_dags/example_params_trigger_ui.py
[2023-12-19T14:26:03.869+0000] {processor.py:840} INFO - DAG(s) 'example_params_trigger_ui' retrieved from /home/airflow/.local/lib/python3.8/site-packages/airflow/example_dags/example_params_trigger_ui.py
[2023-12-19T14:26:03.975+0000] {logging_mixin.py:188} INFO - [2023-12-19T14:26:03.974+0000] {dag.py:3033} INFO - Sync 1 DAGs
[2023-12-19T14:26:03.997+0000] {logging_mixin.py:188} INFO - [2023-12-19T14:26:03.997+0000] {dag.py:3820} INFO - Setting next_dagrun for example_params_trigger_ui to None, run_after=None
[2023-12-19T14:26:04.037+0000] {processor.py:183} INFO - Processing /home/airflow/.local/lib/python3.8/site-packages/airflow/example_dags/example_params_trigger_ui.py took 0.225 seconds
[2023-12-19T14:26:34.880+0000] {processor.py:161} INFO - Started process (PID=192) to work on /home/airflow/.local/lib/python3.8/site-packages/airflow/example_dags/example_params_trigger_ui.py
[2023-12-19T14:26:34.887+0000] {processor.py:830} INFO - Processing file /home/airflow/.local/lib/python3.8/site-packages/airflow/example_dags/example_params_trigger_ui.py for tasks to queue
[2023-12-19T14:26:34.906+0000] {logging_mixin.py:188} INFO - [2023-12-19T14:26:34.900+0000] {dagbag.py:538} INFO - Filling up the DagBag from /home/airflow/.local/lib/python3.8/site-packages/airflow/example_dags/example_params_trigger_ui.py
[2023-12-19T14:26:35.028+0000] {processor.py:840} INFO - DAG(s) 'example_params_trigger_ui' retrieved from /home/airflow/.local/lib/python3.8/site-packages/airflow/example_dags/example_params_trigger_ui.py
[2023-12-19T14:26:35.253+0000] {logging_mixin.py:188} INFO - [2023-12-19T14:26:35.252+0000] {dag.py:3033} INFO - Sync 1 DAGs
[2023-12-19T14:26:35.287+0000] {logging_mixin.py:188} INFO - [2023-12-19T14:26:35.286+0000] {dag.py:3820} INFO - Setting next_dagrun for example_params_trigger_ui to None, run_after=None
[2023-12-19T14:26:35.357+0000] {processor.py:183} INFO - Processing /home/airflow/.local/lib/python3.8/site-packages/airflow/example_dags/example_params_trigger_ui.py took 0.506 seconds
[2023-12-19T14:27:05.582+0000] {processor.py:161} INFO - Started process (PID=248) to work on /home/airflow/.local/lib/python3.8/site-packages/airflow/example_dags/example_params_trigger_ui.py
[2023-12-19T14:27:05.584+0000] {processor.py:830} INFO - Processing file /home/airflow/.local/lib/python3.8/site-packages/airflow/example_dags/example_params_trigger_ui.py for tasks to queue
[2023-12-19T14:27:05.589+0000] {logging_mixin.py:188} INFO - [2023-12-19T14:27:05.588+0000] {dagbag.py:538} INFO - Filling up the DagBag from /home/airflow/.local/lib/python3.8/site-packages/airflow/example_dags/example_params_trigger_ui.py
[2023-12-19T14:27:05.617+0000] {processor.py:840} INFO - DAG(s) 'example_params_trigger_ui' retrieved from /home/airflow/.local/lib/python3.8/site-packages/airflow/example_dags/example_params_trigger_ui.py
[2023-12-19T14:27:05.719+0000] {logging_mixin.py:188} INFO - [2023-12-19T14:27:05.719+0000] {dag.py:3033} INFO - Sync 1 DAGs
[2023-12-19T14:27:05.741+0000] {logging_mixin.py:188} INFO - [2023-12-19T14:27:05.741+0000] {dag.py:3820} INFO - Setting next_dagrun for example_params_trigger_ui to None, run_after=None
[2023-12-19T14:27:05.781+0000] {processor.py:183} INFO - Processing /home/airflow/.local/lib/python3.8/site-packages/airflow/example_dags/example_params_trigger_ui.py took 0.206 seconds
[2023-12-19T14:27:35.949+0000] {processor.py:161} INFO - Started process (PID=303) to work on /home/airflow/.local/lib/python3.8/site-packages/airflow/example_dags/example_params_trigger_ui.py
[2023-12-19T14:27:35.950+0000] {processor.py:830} INFO - Processing file /home/airflow/.local/lib/python3.8/site-packages/airflow/example_dags/example_params_trigger_ui.py for tasks to queue
[2023-12-19T14:27:35.954+0000] {logging_mixin.py:188} INFO - [2023-12-19T14:27:35.953+0000] {dagbag.py:538} INFO - Filling up the DagBag from /home/airflow/.local/lib/python3.8/site-packages/airflow/example_dags/example_params_trigger_ui.py
[2023-12-19T14:27:35.976+0000] {processor.py:840} INFO - DAG(s) 'example_params_trigger_ui' retrieved from /home/airflow/.local/lib/python3.8/site-packages/airflow/example_dags/example_params_trigger_ui.py
[2023-12-19T14:27:36.066+0000] {logging_mixin.py:188} INFO - [2023-12-19T14:27:36.066+0000] {dag.py:3033} INFO - Sync 1 DAGs
[2023-12-19T14:27:36.089+0000] {logging_mixin.py:188} INFO - [2023-12-19T14:27:36.088+0000] {dag.py:3820} INFO - Setting next_dagrun for example_params_trigger_ui to None, run_after=None
[2023-12-19T14:27:36.128+0000] {processor.py:183} INFO - Processing /home/airflow/.local/lib/python3.8/site-packages/airflow/example_dags/example_params_trigger_ui.py took 0.184 seconds
[2023-12-19T14:28:06.460+0000] {processor.py:161} INFO - Started process (PID=358) to work on /home/airflow/.local/lib/python3.8/site-packages/airflow/example_dags/example_params_trigger_ui.py
[2023-12-19T14:28:06.462+0000] {processor.py:830} INFO - Processing file /home/airflow/.local/lib/python3.8/site-packages/airflow/example_dags/example_params_trigger_ui.py for tasks to queue
[2023-12-19T14:28:06.468+0000] {logging_mixin.py:188} INFO - [2023-12-19T14:28:06.467+0000] {dagbag.py:538} INFO - Filling up the DagBag from /home/airflow/.local/lib/python3.8/site-packages/airflow/example_dags/example_params_trigger_ui.py
[2023-12-19T14:28:06.523+0000] {processor.py:840} INFO - DAG(s) 'example_params_trigger_ui' retrieved from /home/airflow/.local/lib/python3.8/site-packages/airflow/example_dags/example_params_trigger_ui.py
[2023-12-19T14:28:06.862+0000] {logging_mixin.py:188} INFO - [2023-12-19T14:28:06.861+0000] {dag.py:3033} INFO - Sync 1 DAGs
[2023-12-19T14:28:06.894+0000] {logging_mixin.py:188} INFO - [2023-12-19T14:28:06.893+0000] {dag.py:3820} INFO - Setting next_dagrun for example_params_trigger_ui to None, run_after=None
[2023-12-19T14:28:06.936+0000] {processor.py:183} INFO - Processing /home/airflow/.local/lib/python3.8/site-packages/airflow/example_dags/example_params_trigger_ui.py took 0.484 seconds
[2023-12-19T14:28:37.084+0000] {processor.py:161} INFO - Started process (PID=412) to work on /home/airflow/.local/lib/python3.8/site-packages/airflow/example_dags/example_params_trigger_ui.py
[2023-12-19T14:28:37.088+0000] {processor.py:830} INFO - Processing file /home/airflow/.local/lib/python3.8/site-packages/airflow/example_dags/example_params_trigger_ui.py for tasks to queue
[2023-12-19T14:28:37.093+0000] {logging_mixin.py:188} INFO - [2023-12-19T14:28:37.092+0000] {dagbag.py:538} INFO - Filling up the DagBag from /home/airflow/.local/lib/python3.8/site-packages/airflow/example_dags/example_params_trigger_ui.py
[2023-12-19T14:28:37.209+0000] {processor.py:840} INFO - DAG(s) 'example_params_trigger_ui' retrieved from /home/airflow/.local/lib/python3.8/site-packages/airflow/example_dags/example_params_trigger_ui.py
[2023-12-19T14:28:37.481+0000] {logging_mixin.py:188} INFO - [2023-12-19T14:28:37.480+0000] {dag.py:3033} INFO - Sync 1 DAGs
[2023-12-19T14:28:37.528+0000] {logging_mixin.py:188} INFO - [2023-12-19T14:28:37.527+0000] {dag.py:3820} INFO - Setting next_dagrun for example_params_trigger_ui to None, run_after=None
[2023-12-19T14:28:37.609+0000] {processor.py:183} INFO - Processing /home/airflow/.local/lib/python3.8/site-packages/airflow/example_dags/example_params_trigger_ui.py took 0.538 seconds
[2023-12-19T14:29:07.963+0000] {processor.py:161} INFO - Started process (PID=467) to work on /home/airflow/.local/lib/python3.8/site-packages/airflow/example_dags/example_params_trigger_ui.py
[2023-12-19T14:29:07.967+0000] {processor.py:830} INFO - Processing file /home/airflow/.local/lib/python3.8/site-packages/airflow/example_dags/example_params_trigger_ui.py for tasks to queue
[2023-12-19T14:29:07.973+0000] {logging_mixin.py:188} INFO - [2023-12-19T14:29:07.972+0000] {dagbag.py:538} INFO - Filling up the DagBag from /home/airflow/.local/lib/python3.8/site-packages/airflow/example_dags/example_params_trigger_ui.py
[2023-12-19T14:29:08.061+0000] {processor.py:840} INFO - DAG(s) 'example_params_trigger_ui' retrieved from /home/airflow/.local/lib/python3.8/site-packages/airflow/example_dags/example_params_trigger_ui.py
[2023-12-19T14:29:08.359+0000] {logging_mixin.py:188} INFO - [2023-12-19T14:29:08.358+0000] {dag.py:3033} INFO - Sync 1 DAGs
[2023-12-19T14:29:08.402+0000] {logging_mixin.py:188} INFO - [2023-12-19T14:29:08.401+0000] {dag.py:3820} INFO - Setting next_dagrun for example_params_trigger_ui to None, run_after=None
[2023-12-19T14:29:08.491+0000] {processor.py:183} INFO - Processing /home/airflow/.local/lib/python3.8/site-packages/airflow/example_dags/example_params_trigger_ui.py took 0.536 seconds
[2023-12-19T14:29:38.740+0000] {processor.py:161} INFO - Started process (PID=522) to work on /home/airflow/.local/lib/python3.8/site-packages/airflow/example_dags/example_params_trigger_ui.py
[2023-12-19T14:29:38.747+0000] {processor.py:830} INFO - Processing file /home/airflow/.local/lib/python3.8/site-packages/airflow/example_dags/example_params_trigger_ui.py for tasks to queue
[2023-12-19T14:29:38.756+0000] {logging_mixin.py:188} INFO - [2023-12-19T14:29:38.755+0000] {dagbag.py:538} INFO - Filling up the DagBag from /home/airflow/.local/lib/python3.8/site-packages/airflow/example_dags/example_params_trigger_ui.py
[2023-12-19T14:29:38.840+0000] {processor.py:840} INFO - DAG(s) 'example_params_trigger_ui' retrieved from /home/airflow/.local/lib/python3.8/site-packages/airflow/example_dags/example_params_trigger_ui.py
[2023-12-19T14:29:39.312+0000] {logging_mixin.py:188} INFO - [2023-12-19T14:29:39.312+0000] {dag.py:3033} INFO - Sync 1 DAGs
[2023-12-19T14:29:39.432+0000] {logging_mixin.py:188} INFO - [2023-12-19T14:29:39.432+0000] {dag.py:3820} INFO - Setting next_dagrun for example_params_trigger_ui to None, run_after=None
[2023-12-19T14:29:39.683+0000] {processor.py:183} INFO - Processing /home/airflow/.local/lib/python3.8/site-packages/airflow/example_dags/example_params_trigger_ui.py took 0.966 seconds
[2023-12-19T14:30:10.476+0000] {processor.py:161} INFO - Started process (PID=578) to work on /home/airflow/.local/lib/python3.8/site-packages/airflow/example_dags/example_params_trigger_ui.py
[2023-12-19T14:30:10.478+0000] {processor.py:830} INFO - Processing file /home/airflow/.local/lib/python3.8/site-packages/airflow/example_dags/example_params_trigger_ui.py for tasks to queue
[2023-12-19T14:30:10.482+0000] {logging_mixin.py:188} INFO - [2023-12-19T14:30:10.482+0000] {dagbag.py:538} INFO - Filling up the DagBag from /home/airflow/.local/lib/python3.8/site-packages/airflow/example_dags/example_params_trigger_ui.py
[2023-12-19T14:30:10.519+0000] {processor.py:840} INFO - DAG(s) 'example_params_trigger_ui' retrieved from /home/airflow/.local/lib/python3.8/site-packages/airflow/example_dags/example_params_trigger_ui.py
[2023-12-19T14:30:10.640+0000] {logging_mixin.py:188} INFO - [2023-12-19T14:30:10.640+0000] {dag.py:3033} INFO - Sync 1 DAGs
[2023-12-19T14:30:10.666+0000] {logging_mixin.py:188} INFO - [2023-12-19T14:30:10.665+0000] {dag.py:3820} INFO - Setting next_dagrun for example_params_trigger_ui to None, run_after=None
[2023-12-19T14:30:10.708+0000] {processor.py:183} INFO - Processing /home/airflow/.local/lib/python3.8/site-packages/airflow/example_dags/example_params_trigger_ui.py took 0.240 seconds
[2023-12-19T14:30:40.901+0000] {processor.py:161} INFO - Started process (PID=633) to work on /home/airflow/.local/lib/python3.8/site-packages/airflow/example_dags/example_params_trigger_ui.py
[2023-12-19T14:30:40.903+0000] {processor.py:830} INFO - Processing file /home/airflow/.local/lib/python3.8/site-packages/airflow/example_dags/example_params_trigger_ui.py for tasks to queue
[2023-12-19T14:30:40.907+0000] {logging_mixin.py:188} INFO - [2023-12-19T14:30:40.906+0000] {dagbag.py:538} INFO - Filling up the DagBag from /home/airflow/.local/lib/python3.8/site-packages/airflow/example_dags/example_params_trigger_ui.py
[2023-12-19T14:30:40.944+0000] {processor.py:840} INFO - DAG(s) 'example_params_trigger_ui' retrieved from /home/airflow/.local/lib/python3.8/site-packages/airflow/example_dags/example_params_trigger_ui.py
[2023-12-19T14:30:41.089+0000] {logging_mixin.py:188} INFO - [2023-12-19T14:30:41.088+0000] {dag.py:3033} INFO - Sync 1 DAGs
[2023-12-19T14:30:41.116+0000] {logging_mixin.py:188} INFO - [2023-12-19T14:30:41.116+0000] {dag.py:3820} INFO - Setting next_dagrun for example_params_trigger_ui to None, run_after=None
[2023-12-19T14:30:41.187+0000] {processor.py:183} INFO - Processing /home/airflow/.local/lib/python3.8/site-packages/airflow/example_dags/example_params_trigger_ui.py took 0.292 seconds
[2023-12-19T14:31:11.441+0000] {processor.py:161} INFO - Started process (PID=688) to work on /home/airflow/.local/lib/python3.8/site-packages/airflow/example_dags/example_params_trigger_ui.py
[2023-12-19T14:31:11.449+0000] {processor.py:830} INFO - Processing file /home/airflow/.local/lib/python3.8/site-packages/airflow/example_dags/example_params_trigger_ui.py for tasks to queue
[2023-12-19T14:31:11.459+0000] {logging_mixin.py:188} INFO - [2023-12-19T14:31:11.457+0000] {dagbag.py:538} INFO - Filling up the DagBag from /home/airflow/.local/lib/python3.8/site-packages/airflow/example_dags/example_params_trigger_ui.py
[2023-12-19T14:31:11.506+0000] {processor.py:840} INFO - DAG(s) 'example_params_trigger_ui' retrieved from /home/airflow/.local/lib/python3.8/site-packages/airflow/example_dags/example_params_trigger_ui.py
[2023-12-19T14:31:11.693+0000] {logging_mixin.py:188} INFO - [2023-12-19T14:31:11.693+0000] {dag.py:3033} INFO - Sync 1 DAGs
[2023-12-19T14:31:11.721+0000] {logging_mixin.py:188} INFO - [2023-12-19T14:31:11.720+0000] {dag.py:3820} INFO - Setting next_dagrun for example_params_trigger_ui to None, run_after=None
[2023-12-19T14:31:11.778+0000] {processor.py:183} INFO - Processing /home/airflow/.local/lib/python3.8/site-packages/airflow/example_dags/example_params_trigger_ui.py took 0.347 seconds
[2023-12-19T14:31:42.118+0000] {processor.py:161} INFO - Started process (PID=742) to work on /home/airflow/.local/lib/python3.8/site-packages/airflow/example_dags/example_params_trigger_ui.py
[2023-12-19T14:31:42.120+0000] {processor.py:830} INFO - Processing file /home/airflow/.local/lib/python3.8/site-packages/airflow/example_dags/example_params_trigger_ui.py for tasks to queue
[2023-12-19T14:31:42.126+0000] {logging_mixin.py:188} INFO - [2023-12-19T14:31:42.125+0000] {dagbag.py:538} INFO - Filling up the DagBag from /home/airflow/.local/lib/python3.8/site-packages/airflow/example_dags/example_params_trigger_ui.py
[2023-12-19T14:31:42.168+0000] {processor.py:840} INFO - DAG(s) 'example_params_trigger_ui' retrieved from /home/airflow/.local/lib/python3.8/site-packages/airflow/example_dags/example_params_trigger_ui.py
[2023-12-19T14:31:42.310+0000] {logging_mixin.py:188} INFO - [2023-12-19T14:31:42.309+0000] {dag.py:3033} INFO - Sync 1 DAGs
[2023-12-19T14:31:42.343+0000] {logging_mixin.py:188} INFO - [2023-12-19T14:31:42.343+0000] {dag.py:3820} INFO - Setting next_dagrun for example_params_trigger_ui to None, run_after=None
[2023-12-19T14:31:42.393+0000] {processor.py:183} INFO - Processing /home/airflow/.local/lib/python3.8/site-packages/airflow/example_dags/example_params_trigger_ui.py took 0.284 seconds
[2023-12-19T14:32:13.410+0000] {processor.py:161} INFO - Started process (PID=796) to work on /home/airflow/.local/lib/python3.8/site-packages/airflow/example_dags/example_params_trigger_ui.py
[2023-12-19T14:32:13.427+0000] {processor.py:830} INFO - Processing file /home/airflow/.local/lib/python3.8/site-packages/airflow/example_dags/example_params_trigger_ui.py for tasks to queue
[2023-12-19T14:32:13.433+0000] {logging_mixin.py:188} INFO - [2023-12-19T14:32:13.432+0000] {dagbag.py:538} INFO - Filling up the DagBag from /home/airflow/.local/lib/python3.8/site-packages/airflow/example_dags/example_params_trigger_ui.py
[2023-12-19T14:32:13.484+0000] {processor.py:840} INFO - DAG(s) 'example_params_trigger_ui' retrieved from /home/airflow/.local/lib/python3.8/site-packages/airflow/example_dags/example_params_trigger_ui.py
[2023-12-19T14:32:13.694+0000] {logging_mixin.py:188} INFO - [2023-12-19T14:32:13.693+0000] {dag.py:3033} INFO - Sync 1 DAGs
[2023-12-19T14:32:13.742+0000] {logging_mixin.py:188} INFO - [2023-12-19T14:32:13.741+0000] {dag.py:3820} INFO - Setting next_dagrun for example_params_trigger_ui to None, run_after=None
[2023-12-19T14:32:13.822+0000] {processor.py:183} INFO - Processing /home/airflow/.local/lib/python3.8/site-packages/airflow/example_dags/example_params_trigger_ui.py took 0.441 seconds
[2023-12-19T14:32:44.424+0000] {processor.py:161} INFO - Started process (PID=851) to work on /home/airflow/.local/lib/python3.8/site-packages/airflow/example_dags/example_params_trigger_ui.py
[2023-12-19T14:32:44.432+0000] {processor.py:830} INFO - Processing file /home/airflow/.local/lib/python3.8/site-packages/airflow/example_dags/example_params_trigger_ui.py for tasks to queue
[2023-12-19T14:32:44.486+0000] {logging_mixin.py:188} INFO - [2023-12-19T14:32:44.485+0000] {dagbag.py:538} INFO - Filling up the DagBag from /home/airflow/.local/lib/python3.8/site-packages/airflow/example_dags/example_params_trigger_ui.py
[2023-12-19T14:32:44.520+0000] {processor.py:840} INFO - DAG(s) 'example_params_trigger_ui' retrieved from /home/airflow/.local/lib/python3.8/site-packages/airflow/example_dags/example_params_trigger_ui.py
[2023-12-19T14:32:44.768+0000] {logging_mixin.py:188} INFO - [2023-12-19T14:32:44.768+0000] {dag.py:3033} INFO - Sync 1 DAGs
[2023-12-19T14:32:44.825+0000] {logging_mixin.py:188} INFO - [2023-12-19T14:32:44.824+0000] {dag.py:3820} INFO - Setting next_dagrun for example_params_trigger_ui to None, run_after=None
[2023-12-19T14:32:44.906+0000] {processor.py:183} INFO - Processing /home/airflow/.local/lib/python3.8/site-packages/airflow/example_dags/example_params_trigger_ui.py took 0.504 seconds
[2023-12-19T14:33:15.331+0000] {processor.py:161} INFO - Started process (PID=906) to work on /home/airflow/.local/lib/python3.8/site-packages/airflow/example_dags/example_params_trigger_ui.py
[2023-12-19T14:33:15.334+0000] {processor.py:830} INFO - Processing file /home/airflow/.local/lib/python3.8/site-packages/airflow/example_dags/example_params_trigger_ui.py for tasks to queue
[2023-12-19T14:33:15.340+0000] {logging_mixin.py:188} INFO - [2023-12-19T14:33:15.339+0000] {dagbag.py:538} INFO - Filling up the DagBag from /home/airflow/.local/lib/python3.8/site-packages/airflow/example_dags/example_params_trigger_ui.py
[2023-12-19T14:33:15.382+0000] {processor.py:840} INFO - DAG(s) 'example_params_trigger_ui' retrieved from /home/airflow/.local/lib/python3.8/site-packages/airflow/example_dags/example_params_trigger_ui.py
[2023-12-19T14:33:15.558+0000] {logging_mixin.py:188} INFO - [2023-12-19T14:33:15.557+0000] {dag.py:3033} INFO - Sync 1 DAGs
[2023-12-19T14:33:15.597+0000] {logging_mixin.py:188} INFO - [2023-12-19T14:33:15.597+0000] {dag.py:3820} INFO - Setting next_dagrun for example_params_trigger_ui to None, run_after=None
[2023-12-19T14:33:15.667+0000] {processor.py:183} INFO - Processing /home/airflow/.local/lib/python3.8/site-packages/airflow/example_dags/example_params_trigger_ui.py took 0.347 seconds
[2023-12-19T14:33:46.002+0000] {processor.py:161} INFO - Started process (PID=962) to work on /home/airflow/.local/lib/python3.8/site-packages/airflow/example_dags/example_params_trigger_ui.py
[2023-12-19T14:33:46.004+0000] {processor.py:830} INFO - Processing file /home/airflow/.local/lib/python3.8/site-packages/airflow/example_dags/example_params_trigger_ui.py for tasks to queue
[2023-12-19T14:33:46.009+0000] {logging_mixin.py:188} INFO - [2023-12-19T14:33:46.008+0000] {dagbag.py:538} INFO - Filling up the DagBag from /home/airflow/.local/lib/python3.8/site-packages/airflow/example_dags/example_params_trigger_ui.py
[2023-12-19T14:33:46.045+0000] {processor.py:840} INFO - DAG(s) 'example_params_trigger_ui' retrieved from /home/airflow/.local/lib/python3.8/site-packages/airflow/example_dags/example_params_trigger_ui.py
[2023-12-19T14:33:46.205+0000] {logging_mixin.py:188} INFO - [2023-12-19T14:33:46.204+0000] {dag.py:3033} INFO - Sync 1 DAGs
[2023-12-19T14:33:46.240+0000] {logging_mixin.py:188} INFO - [2023-12-19T14:33:46.239+0000] {dag.py:3820} INFO - Setting next_dagrun for example_params_trigger_ui to None, run_after=None
[2023-12-19T14:33:46.299+0000] {processor.py:183} INFO - Processing /home/airflow/.local/lib/python3.8/site-packages/airflow/example_dags/example_params_trigger_ui.py took 0.305 seconds
[2023-12-19T14:34:16.622+0000] {processor.py:161} INFO - Started process (PID=1016) to work on /home/airflow/.local/lib/python3.8/site-packages/airflow/example_dags/example_params_trigger_ui.py
[2023-12-19T14:34:16.623+0000] {processor.py:830} INFO - Processing file /home/airflow/.local/lib/python3.8/site-packages/airflow/example_dags/example_params_trigger_ui.py for tasks to queue
[2023-12-19T14:34:16.629+0000] {logging_mixin.py:188} INFO - [2023-12-19T14:34:16.628+0000] {dagbag.py:538} INFO - Filling up the DagBag from /home/airflow/.local/lib/python3.8/site-packages/airflow/example_dags/example_params_trigger_ui.py
[2023-12-19T14:34:16.674+0000] {processor.py:840} INFO - DAG(s) 'example_params_trigger_ui' retrieved from /home/airflow/.local/lib/python3.8/site-packages/airflow/example_dags/example_params_trigger_ui.py
[2023-12-19T14:34:16.839+0000] {logging_mixin.py:188} INFO - [2023-12-19T14:34:16.838+0000] {dag.py:3033} INFO - Sync 1 DAGs
[2023-12-19T14:34:16.873+0000] {logging_mixin.py:188} INFO - [2023-12-19T14:34:16.872+0000] {dag.py:3820} INFO - Setting next_dagrun for example_params_trigger_ui to None, run_after=None
[2023-12-19T14:34:16.926+0000] {processor.py:183} INFO - Processing /home/airflow/.local/lib/python3.8/site-packages/airflow/example_dags/example_params_trigger_ui.py took 0.312 seconds
[2023-12-19T14:34:47.710+0000] {processor.py:161} INFO - Started process (PID=1069) to work on /home/airflow/.local/lib/python3.8/site-packages/airflow/example_dags/example_params_trigger_ui.py
[2023-12-19T14:34:47.718+0000] {processor.py:830} INFO - Processing file /home/airflow/.local/lib/python3.8/site-packages/airflow/example_dags/example_params_trigger_ui.py for tasks to queue
[2023-12-19T14:34:47.723+0000] {logging_mixin.py:188} INFO - [2023-12-19T14:34:47.722+0000] {dagbag.py:538} INFO - Filling up the DagBag from /home/airflow/.local/lib/python3.8/site-packages/airflow/example_dags/example_params_trigger_ui.py
[2023-12-19T14:34:47.763+0000] {processor.py:840} INFO - DAG(s) 'example_params_trigger_ui' retrieved from /home/airflow/.local/lib/python3.8/site-packages/airflow/example_dags/example_params_trigger_ui.py
[2023-12-19T14:34:47.939+0000] {logging_mixin.py:188} INFO - [2023-12-19T14:34:47.939+0000] {dag.py:3033} INFO - Sync 1 DAGs
[2023-12-19T14:34:47.963+0000] {logging_mixin.py:188} INFO - [2023-12-19T14:34:47.963+0000] {dag.py:3820} INFO - Setting next_dagrun for example_params_trigger_ui to None, run_after=None
[2023-12-19T14:34:48.008+0000] {processor.py:183} INFO - Processing /home/airflow/.local/lib/python3.8/site-packages/airflow/example_dags/example_params_trigger_ui.py took 0.320 seconds
[2023-12-19T14:35:18.119+0000] {processor.py:161} INFO - Started process (PID=1124) to work on /home/airflow/.local/lib/python3.8/site-packages/airflow/example_dags/example_params_trigger_ui.py
[2023-12-19T14:35:18.120+0000] {processor.py:830} INFO - Processing file /home/airflow/.local/lib/python3.8/site-packages/airflow/example_dags/example_params_trigger_ui.py for tasks to queue
[2023-12-19T14:35:18.123+0000] {logging_mixin.py:188} INFO - [2023-12-19T14:35:18.122+0000] {dagbag.py:538} INFO - Filling up the DagBag from /home/airflow/.local/lib/python3.8/site-packages/airflow/example_dags/example_params_trigger_ui.py
[2023-12-19T14:35:18.139+0000] {processor.py:840} INFO - DAG(s) 'example_params_trigger_ui' retrieved from /home/airflow/.local/lib/python3.8/site-packages/airflow/example_dags/example_params_trigger_ui.py
[2023-12-19T14:35:18.206+0000] {logging_mixin.py:188} INFO - [2023-12-19T14:35:18.205+0000] {dag.py:3033} INFO - Sync 1 DAGs
[2023-12-19T14:35:18.221+0000] {logging_mixin.py:188} INFO - [2023-12-19T14:35:18.221+0000] {dag.py:3820} INFO - Setting next_dagrun for example_params_trigger_ui to None, run_after=None
[2023-12-19T14:35:18.245+0000] {processor.py:183} INFO - Processing /home/airflow/.local/lib/python3.8/site-packages/airflow/example_dags/example_params_trigger_ui.py took 0.129 seconds
[2023-12-19T14:35:48.300+0000] {processor.py:161} INFO - Started process (PID=1178) to work on /home/airflow/.local/lib/python3.8/site-packages/airflow/example_dags/example_params_trigger_ui.py
[2023-12-19T14:35:48.302+0000] {processor.py:830} INFO - Processing file /home/airflow/.local/lib/python3.8/site-packages/airflow/example_dags/example_params_trigger_ui.py for tasks to queue
[2023-12-19T14:35:48.306+0000] {logging_mixin.py:188} INFO - [2023-12-19T14:35:48.306+0000] {dagbag.py:538} INFO - Filling up the DagBag from /home/airflow/.local/lib/python3.8/site-packages/airflow/example_dags/example_params_trigger_ui.py
[2023-12-19T14:35:48.331+0000] {processor.py:840} INFO - DAG(s) 'example_params_trigger_ui' retrieved from /home/airflow/.local/lib/python3.8/site-packages/airflow/example_dags/example_params_trigger_ui.py
[2023-12-19T14:35:48.421+0000] {logging_mixin.py:188} INFO - [2023-12-19T14:35:48.421+0000] {dag.py:3033} INFO - Sync 1 DAGs
[2023-12-19T14:35:48.445+0000] {logging_mixin.py:188} INFO - [2023-12-19T14:35:48.445+0000] {dag.py:3820} INFO - Setting next_dagrun for example_params_trigger_ui to None, run_after=None
[2023-12-19T14:35:48.480+0000] {processor.py:183} INFO - Processing /home/airflow/.local/lib/python3.8/site-packages/airflow/example_dags/example_params_trigger_ui.py took 0.185 seconds
[2023-12-19T14:36:19.542+0000] {processor.py:161} INFO - Started process (PID=1233) to work on /home/airflow/.local/lib/python3.8/site-packages/airflow/example_dags/example_params_trigger_ui.py
[2023-12-19T14:36:19.543+0000] {processor.py:830} INFO - Processing file /home/airflow/.local/lib/python3.8/site-packages/airflow/example_dags/example_params_trigger_ui.py for tasks to queue
[2023-12-19T14:36:19.546+0000] {logging_mixin.py:188} INFO - [2023-12-19T14:36:19.546+0000] {dagbag.py:538} INFO - Filling up the DagBag from /home/airflow/.local/lib/python3.8/site-packages/airflow/example_dags/example_params_trigger_ui.py
[2023-12-19T14:36:19.567+0000] {processor.py:840} INFO - DAG(s) 'example_params_trigger_ui' retrieved from /home/airflow/.local/lib/python3.8/site-packages/airflow/example_dags/example_params_trigger_ui.py
[2023-12-19T14:36:19.662+0000] {logging_mixin.py:188} INFO - [2023-12-19T14:36:19.662+0000] {dag.py:3033} INFO - Sync 1 DAGs
[2023-12-19T14:36:19.682+0000] {logging_mixin.py:188} INFO - [2023-12-19T14:36:19.681+0000] {dag.py:3820} INFO - Setting next_dagrun for example_params_trigger_ui to None, run_after=None
[2023-12-19T14:36:19.710+0000] {processor.py:183} INFO - Processing /home/airflow/.local/lib/python3.8/site-packages/airflow/example_dags/example_params_trigger_ui.py took 0.173 seconds
[2023-12-19T14:36:50.601+0000] {processor.py:161} INFO - Started process (PID=1288) to work on /home/airflow/.local/lib/python3.8/site-packages/airflow/example_dags/example_params_trigger_ui.py
[2023-12-19T14:36:50.602+0000] {processor.py:830} INFO - Processing file /home/airflow/.local/lib/python3.8/site-packages/airflow/example_dags/example_params_trigger_ui.py for tasks to queue
[2023-12-19T14:36:50.606+0000] {logging_mixin.py:188} INFO - [2023-12-19T14:36:50.605+0000] {dagbag.py:538} INFO - Filling up the DagBag from /home/airflow/.local/lib/python3.8/site-packages/airflow/example_dags/example_params_trigger_ui.py
[2023-12-19T14:36:50.631+0000] {processor.py:840} INFO - DAG(s) 'example_params_trigger_ui' retrieved from /home/airflow/.local/lib/python3.8/site-packages/airflow/example_dags/example_params_trigger_ui.py
[2023-12-19T14:36:50.722+0000] {logging_mixin.py:188} INFO - [2023-12-19T14:36:50.722+0000] {dag.py:3033} INFO - Sync 1 DAGs
[2023-12-19T14:36:50.749+0000] {logging_mixin.py:188} INFO - [2023-12-19T14:36:50.749+0000] {dag.py:3820} INFO - Setting next_dagrun for example_params_trigger_ui to None, run_after=None
[2023-12-19T14:36:50.793+0000] {processor.py:183} INFO - Processing /home/airflow/.local/lib/python3.8/site-packages/airflow/example_dags/example_params_trigger_ui.py took 0.198 seconds
