[2023-12-19T14:14:18.748+0000] {processor.py:161} INFO - Started process (PID=80) to work on /home/airflow/.local/lib/python3.8/site-packages/airflow/example_dags/example_nested_branch_dag.py
[2023-12-19T14:14:18.750+0000] {processor.py:830} INFO - Processing file /home/airflow/.local/lib/python3.8/site-packages/airflow/example_dags/example_nested_branch_dag.py for tasks to queue
[2023-12-19T14:14:18.755+0000] {logging_mixin.py:188} INFO - [2023-12-19T14:14:18.754+0000] {dagbag.py:538} INFO - Filling up the DagBag from /home/airflow/.local/lib/python3.8/site-packages/airflow/example_dags/example_nested_branch_dag.py
[2023-12-19T14:14:18.821+0000] {processor.py:840} INFO - DAG(s) 'example_nested_branch_dag' retrieved from /home/airflow/.local/lib/python3.8/site-packages/airflow/example_dags/example_nested_branch_dag.py
[2023-12-19T14:14:19.337+0000] {logging_mixin.py:188} INFO - [2023-12-19T14:14:19.337+0000] {dag.py:3033} INFO - Sync 1 DAGs
[2023-12-19T14:14:19.411+0000] {logging_mixin.py:188} INFO - [2023-12-19T14:14:19.410+0000] {dag.py:3820} INFO - Setting next_dagrun for example_nested_branch_dag to 2023-12-18T00:00:00+00:00, run_after=2023-12-19T00:00:00+00:00
[2023-12-19T14:14:19.521+0000] {processor.py:183} INFO - Processing /home/airflow/.local/lib/python3.8/site-packages/airflow/example_dags/example_nested_branch_dag.py took 0.781 seconds
[2023-12-19T14:14:50.601+0000] {processor.py:161} INFO - Started process (PID=135) to work on /home/airflow/.local/lib/python3.8/site-packages/airflow/example_dags/example_nested_branch_dag.py
[2023-12-19T14:14:50.602+0000] {processor.py:830} INFO - Processing file /home/airflow/.local/lib/python3.8/site-packages/airflow/example_dags/example_nested_branch_dag.py for tasks to queue
[2023-12-19T14:14:50.755+0000] {logging_mixin.py:188} INFO - [2023-12-19T14:14:50.754+0000] {dagbag.py:538} INFO - Filling up the DagBag from /home/airflow/.local/lib/python3.8/site-packages/airflow/example_dags/example_nested_branch_dag.py
[2023-12-19T14:14:50.886+0000] {processor.py:840} INFO - DAG(s) 'example_nested_branch_dag' retrieved from /home/airflow/.local/lib/python3.8/site-packages/airflow/example_dags/example_nested_branch_dag.py
[2023-12-19T14:14:51.035+0000] {logging_mixin.py:188} INFO - [2023-12-19T14:14:51.035+0000] {dag.py:3033} INFO - Sync 1 DAGs
[2023-12-19T14:14:51.132+0000] {logging_mixin.py:188} INFO - [2023-12-19T14:14:51.132+0000] {dag.py:3820} INFO - Setting next_dagrun for example_nested_branch_dag to 2023-12-18T00:00:00+00:00, run_after=2023-12-19T00:00:00+00:00
[2023-12-19T14:14:51.237+0000] {processor.py:183} INFO - Processing /home/airflow/.local/lib/python3.8/site-packages/airflow/example_dags/example_nested_branch_dag.py took 0.683 seconds
[2023-12-19T14:16:04.276+0000] {processor.py:161} INFO - Started process (PID=202) to work on /home/airflow/.local/lib/python3.8/site-packages/airflow/example_dags/example_nested_branch_dag.py
[2023-12-19T14:16:04.291+0000] {processor.py:830} INFO - Processing file /home/airflow/.local/lib/python3.8/site-packages/airflow/example_dags/example_nested_branch_dag.py for tasks to queue
[2023-12-19T14:16:04.379+0000] {logging_mixin.py:188} INFO - [2023-12-19T14:16:04.362+0000] {dagbag.py:538} INFO - Filling up the DagBag from /home/airflow/.local/lib/python3.8/site-packages/airflow/example_dags/example_nested_branch_dag.py
[2023-12-19T14:16:06.166+0000] {processor.py:840} INFO - DAG(s) 'example_nested_branch_dag' retrieved from /home/airflow/.local/lib/python3.8/site-packages/airflow/example_dags/example_nested_branch_dag.py
[2023-12-19T14:16:09.678+0000] {logging_mixin.py:188} INFO - [2023-12-19T14:16:09.543+0000] {dag.py:3033} INFO - Sync 1 DAGs
[2023-12-19T14:16:11.678+0000] {logging_mixin.py:188} INFO - [2023-12-19T14:16:11.538+0000] {dag.py:3820} INFO - Setting next_dagrun for example_nested_branch_dag to 2023-12-18T00:00:00+00:00, run_after=2023-12-19T00:00:00+00:00
[2023-12-19T14:16:14.678+0000] {processor.py:183} INFO - Processing /home/airflow/.local/lib/python3.8/site-packages/airflow/example_dags/example_nested_branch_dag.py took 10.428 seconds
[2023-12-19T14:18:44.362+0000] {processor.py:161} INFO - Started process (PID=72) to work on /home/airflow/.local/lib/python3.8/site-packages/airflow/example_dags/example_nested_branch_dag.py
[2023-12-19T14:18:44.364+0000] {processor.py:830} INFO - Processing file /home/airflow/.local/lib/python3.8/site-packages/airflow/example_dags/example_nested_branch_dag.py for tasks to queue
[2023-12-19T14:18:44.370+0000] {logging_mixin.py:188} INFO - [2023-12-19T14:18:44.369+0000] {dagbag.py:538} INFO - Filling up the DagBag from /home/airflow/.local/lib/python3.8/site-packages/airflow/example_dags/example_nested_branch_dag.py
[2023-12-19T14:18:44.410+0000] {processor.py:840} INFO - DAG(s) 'example_nested_branch_dag' retrieved from /home/airflow/.local/lib/python3.8/site-packages/airflow/example_dags/example_nested_branch_dag.py
[2023-12-19T14:18:44.572+0000] {logging_mixin.py:188} INFO - [2023-12-19T14:18:44.572+0000] {dag.py:3033} INFO - Sync 1 DAGs
[2023-12-19T14:18:44.662+0000] {logging_mixin.py:188} INFO - [2023-12-19T14:18:44.661+0000] {dag.py:3820} INFO - Setting next_dagrun for example_nested_branch_dag to 2023-12-18T00:00:00+00:00, run_after=2023-12-19T00:00:00+00:00
[2023-12-19T14:18:44.744+0000] {processor.py:183} INFO - Processing /home/airflow/.local/lib/python3.8/site-packages/airflow/example_dags/example_nested_branch_dag.py took 0.399 seconds
[2023-12-19T14:19:16.354+0000] {processor.py:161} INFO - Started process (PID=128) to work on /home/airflow/.local/lib/python3.8/site-packages/airflow/example_dags/example_nested_branch_dag.py
[2023-12-19T14:19:16.356+0000] {processor.py:830} INFO - Processing file /home/airflow/.local/lib/python3.8/site-packages/airflow/example_dags/example_nested_branch_dag.py for tasks to queue
[2023-12-19T14:19:16.361+0000] {logging_mixin.py:188} INFO - [2023-12-19T14:19:16.360+0000] {dagbag.py:538} INFO - Filling up the DagBag from /home/airflow/.local/lib/python3.8/site-packages/airflow/example_dags/example_nested_branch_dag.py
[2023-12-19T14:19:16.393+0000] {processor.py:840} INFO - DAG(s) 'example_nested_branch_dag' retrieved from /home/airflow/.local/lib/python3.8/site-packages/airflow/example_dags/example_nested_branch_dag.py
[2023-12-19T14:19:16.457+0000] {logging_mixin.py:188} INFO - [2023-12-19T14:19:16.456+0000] {dag.py:3033} INFO - Sync 1 DAGs
[2023-12-19T14:19:16.538+0000] {logging_mixin.py:188} INFO - [2023-12-19T14:19:16.537+0000] {dag.py:3820} INFO - Setting next_dagrun for example_nested_branch_dag to 2023-12-18T00:00:00+00:00, run_after=2023-12-19T00:00:00+00:00
[2023-12-19T14:19:16.620+0000] {processor.py:183} INFO - Processing /home/airflow/.local/lib/python3.8/site-packages/airflow/example_dags/example_nested_branch_dag.py took 0.274 seconds
[2023-12-19T14:19:47.267+0000] {processor.py:161} INFO - Started process (PID=183) to work on /home/airflow/.local/lib/python3.8/site-packages/airflow/example_dags/example_nested_branch_dag.py
[2023-12-19T14:19:47.269+0000] {processor.py:830} INFO - Processing file /home/airflow/.local/lib/python3.8/site-packages/airflow/example_dags/example_nested_branch_dag.py for tasks to queue
[2023-12-19T14:19:47.273+0000] {logging_mixin.py:188} INFO - [2023-12-19T14:19:47.273+0000] {dagbag.py:538} INFO - Filling up the DagBag from /home/airflow/.local/lib/python3.8/site-packages/airflow/example_dags/example_nested_branch_dag.py
[2023-12-19T14:19:47.298+0000] {processor.py:840} INFO - DAG(s) 'example_nested_branch_dag' retrieved from /home/airflow/.local/lib/python3.8/site-packages/airflow/example_dags/example_nested_branch_dag.py
[2023-12-19T14:19:47.368+0000] {logging_mixin.py:188} INFO - [2023-12-19T14:19:47.367+0000] {dag.py:3033} INFO - Sync 1 DAGs
[2023-12-19T14:19:47.460+0000] {logging_mixin.py:188} INFO - [2023-12-19T14:19:47.459+0000] {dag.py:3820} INFO - Setting next_dagrun for example_nested_branch_dag to 2023-12-18T00:00:00+00:00, run_after=2023-12-19T00:00:00+00:00
[2023-12-19T14:19:47.521+0000] {processor.py:183} INFO - Processing /home/airflow/.local/lib/python3.8/site-packages/airflow/example_dags/example_nested_branch_dag.py took 0.262 seconds
[2023-12-19T14:20:17.755+0000] {processor.py:161} INFO - Started process (PID=238) to work on /home/airflow/.local/lib/python3.8/site-packages/airflow/example_dags/example_nested_branch_dag.py
[2023-12-19T14:20:17.757+0000] {processor.py:830} INFO - Processing file /home/airflow/.local/lib/python3.8/site-packages/airflow/example_dags/example_nested_branch_dag.py for tasks to queue
[2023-12-19T14:20:17.763+0000] {logging_mixin.py:188} INFO - [2023-12-19T14:20:17.763+0000] {dagbag.py:538} INFO - Filling up the DagBag from /home/airflow/.local/lib/python3.8/site-packages/airflow/example_dags/example_nested_branch_dag.py
[2023-12-19T14:20:17.783+0000] {processor.py:840} INFO - DAG(s) 'example_nested_branch_dag' retrieved from /home/airflow/.local/lib/python3.8/site-packages/airflow/example_dags/example_nested_branch_dag.py
[2023-12-19T14:20:17.828+0000] {logging_mixin.py:188} INFO - [2023-12-19T14:20:17.828+0000] {dag.py:3033} INFO - Sync 1 DAGs
[2023-12-19T14:20:17.886+0000] {logging_mixin.py:188} INFO - [2023-12-19T14:20:17.885+0000] {dag.py:3820} INFO - Setting next_dagrun for example_nested_branch_dag to 2023-12-18T00:00:00+00:00, run_after=2023-12-19T00:00:00+00:00
[2023-12-19T14:20:17.932+0000] {processor.py:183} INFO - Processing /home/airflow/.local/lib/python3.8/site-packages/airflow/example_dags/example_nested_branch_dag.py took 0.184 seconds
[2023-12-19T14:20:48.477+0000] {processor.py:161} INFO - Started process (PID=294) to work on /home/airflow/.local/lib/python3.8/site-packages/airflow/example_dags/example_nested_branch_dag.py
[2023-12-19T14:20:48.480+0000] {processor.py:830} INFO - Processing file /home/airflow/.local/lib/python3.8/site-packages/airflow/example_dags/example_nested_branch_dag.py for tasks to queue
[2023-12-19T14:20:48.485+0000] {logging_mixin.py:188} INFO - [2023-12-19T14:20:48.484+0000] {dagbag.py:538} INFO - Filling up the DagBag from /home/airflow/.local/lib/python3.8/site-packages/airflow/example_dags/example_nested_branch_dag.py
[2023-12-19T14:20:48.515+0000] {processor.py:840} INFO - DAG(s) 'example_nested_branch_dag' retrieved from /home/airflow/.local/lib/python3.8/site-packages/airflow/example_dags/example_nested_branch_dag.py
[2023-12-19T14:20:48.593+0000] {logging_mixin.py:188} INFO - [2023-12-19T14:20:48.593+0000] {dag.py:3033} INFO - Sync 1 DAGs
[2023-12-19T14:20:48.665+0000] {logging_mixin.py:188} INFO - [2023-12-19T14:20:48.664+0000] {dag.py:3820} INFO - Setting next_dagrun for example_nested_branch_dag to 2023-12-18T00:00:00+00:00, run_after=2023-12-19T00:00:00+00:00
[2023-12-19T14:20:48.732+0000] {processor.py:183} INFO - Processing /home/airflow/.local/lib/python3.8/site-packages/airflow/example_dags/example_nested_branch_dag.py took 0.262 seconds
[2023-12-19T14:21:19.374+0000] {processor.py:161} INFO - Started process (PID=348) to work on /home/airflow/.local/lib/python3.8/site-packages/airflow/example_dags/example_nested_branch_dag.py
[2023-12-19T14:21:19.383+0000] {processor.py:830} INFO - Processing file /home/airflow/.local/lib/python3.8/site-packages/airflow/example_dags/example_nested_branch_dag.py for tasks to queue
[2023-12-19T14:21:19.407+0000] {logging_mixin.py:188} INFO - [2023-12-19T14:21:19.402+0000] {dagbag.py:538} INFO - Filling up the DagBag from /home/airflow/.local/lib/python3.8/site-packages/airflow/example_dags/example_nested_branch_dag.py
[2023-12-19T14:21:19.451+0000] {processor.py:840} INFO - DAG(s) 'example_nested_branch_dag' retrieved from /home/airflow/.local/lib/python3.8/site-packages/airflow/example_dags/example_nested_branch_dag.py
[2023-12-19T14:21:19.533+0000] {logging_mixin.py:188} INFO - [2023-12-19T14:21:19.532+0000] {dag.py:3033} INFO - Sync 1 DAGs
[2023-12-19T14:21:19.611+0000] {logging_mixin.py:188} INFO - [2023-12-19T14:21:19.610+0000] {dag.py:3820} INFO - Setting next_dagrun for example_nested_branch_dag to 2023-12-18T00:00:00+00:00, run_after=2023-12-19T00:00:00+00:00
[2023-12-19T14:21:19.687+0000] {processor.py:183} INFO - Processing /home/airflow/.local/lib/python3.8/site-packages/airflow/example_dags/example_nested_branch_dag.py took 0.348 seconds
[2023-12-19T14:21:50.905+0000] {processor.py:161} INFO - Started process (PID=403) to work on /home/airflow/.local/lib/python3.8/site-packages/airflow/example_dags/example_nested_branch_dag.py
[2023-12-19T14:21:50.907+0000] {processor.py:830} INFO - Processing file /home/airflow/.local/lib/python3.8/site-packages/airflow/example_dags/example_nested_branch_dag.py for tasks to queue
[2023-12-19T14:21:50.916+0000] {logging_mixin.py:188} INFO - [2023-12-19T14:21:50.914+0000] {dagbag.py:538} INFO - Filling up the DagBag from /home/airflow/.local/lib/python3.8/site-packages/airflow/example_dags/example_nested_branch_dag.py
[2023-12-19T14:21:50.950+0000] {processor.py:840} INFO - DAG(s) 'example_nested_branch_dag' retrieved from /home/airflow/.local/lib/python3.8/site-packages/airflow/example_dags/example_nested_branch_dag.py
[2023-12-19T14:21:51.076+0000] {logging_mixin.py:188} INFO - [2023-12-19T14:21:51.076+0000] {dag.py:3033} INFO - Sync 1 DAGs
[2023-12-19T14:21:51.252+0000] {logging_mixin.py:188} INFO - [2023-12-19T14:21:51.251+0000] {dag.py:3820} INFO - Setting next_dagrun for example_nested_branch_dag to 2023-12-18T00:00:00+00:00, run_after=2023-12-19T00:00:00+00:00
[2023-12-19T14:21:51.437+0000] {processor.py:183} INFO - Processing /home/airflow/.local/lib/python3.8/site-packages/airflow/example_dags/example_nested_branch_dag.py took 0.539 seconds
[2023-12-19T14:22:22.228+0000] {processor.py:161} INFO - Started process (PID=458) to work on /home/airflow/.local/lib/python3.8/site-packages/airflow/example_dags/example_nested_branch_dag.py
[2023-12-19T14:22:22.230+0000] {processor.py:830} INFO - Processing file /home/airflow/.local/lib/python3.8/site-packages/airflow/example_dags/example_nested_branch_dag.py for tasks to queue
[2023-12-19T14:22:22.234+0000] {logging_mixin.py:188} INFO - [2023-12-19T14:22:22.233+0000] {dagbag.py:538} INFO - Filling up the DagBag from /home/airflow/.local/lib/python3.8/site-packages/airflow/example_dags/example_nested_branch_dag.py
[2023-12-19T14:22:22.253+0000] {processor.py:840} INFO - DAG(s) 'example_nested_branch_dag' retrieved from /home/airflow/.local/lib/python3.8/site-packages/airflow/example_dags/example_nested_branch_dag.py
[2023-12-19T14:22:22.299+0000] {logging_mixin.py:188} INFO - [2023-12-19T14:22:22.298+0000] {dag.py:3033} INFO - Sync 1 DAGs
[2023-12-19T14:22:22.348+0000] {logging_mixin.py:188} INFO - [2023-12-19T14:22:22.347+0000] {dag.py:3820} INFO - Setting next_dagrun for example_nested_branch_dag to 2023-12-18T00:00:00+00:00, run_after=2023-12-19T00:00:00+00:00
[2023-12-19T14:22:22.391+0000] {processor.py:183} INFO - Processing /home/airflow/.local/lib/python3.8/site-packages/airflow/example_dags/example_nested_branch_dag.py took 0.170 seconds
[2023-12-19T14:23:36.026+0000] {processor.py:161} INFO - Started process (PID=72) to work on /home/airflow/.local/lib/python3.8/site-packages/airflow/example_dags/example_nested_branch_dag.py
[2023-12-19T14:23:36.031+0000] {processor.py:830} INFO - Processing file /home/airflow/.local/lib/python3.8/site-packages/airflow/example_dags/example_nested_branch_dag.py for tasks to queue
[2023-12-19T14:23:36.038+0000] {logging_mixin.py:188} INFO - [2023-12-19T14:23:36.037+0000] {dagbag.py:538} INFO - Filling up the DagBag from /home/airflow/.local/lib/python3.8/site-packages/airflow/example_dags/example_nested_branch_dag.py
[2023-12-19T14:23:36.083+0000] {processor.py:840} INFO - DAG(s) 'example_nested_branch_dag' retrieved from /home/airflow/.local/lib/python3.8/site-packages/airflow/example_dags/example_nested_branch_dag.py
[2023-12-19T14:23:36.157+0000] {logging_mixin.py:188} INFO - [2023-12-19T14:23:36.157+0000] {dag.py:3033} INFO - Sync 1 DAGs
[2023-12-19T14:23:36.223+0000] {logging_mixin.py:188} INFO - [2023-12-19T14:23:36.223+0000] {dag.py:3820} INFO - Setting next_dagrun for example_nested_branch_dag to 2023-12-18T00:00:00+00:00, run_after=2023-12-19T00:00:00+00:00
[2023-12-19T14:23:36.324+0000] {processor.py:183} INFO - Processing /home/airflow/.local/lib/python3.8/site-packages/airflow/example_dags/example_nested_branch_dag.py took 0.306 seconds
[2023-12-19T14:25:32.574+0000] {processor.py:161} INFO - Started process (PID=78) to work on /home/airflow/.local/lib/python3.8/site-packages/airflow/example_dags/example_nested_branch_dag.py
[2023-12-19T14:25:32.591+0000] {processor.py:830} INFO - Processing file /home/airflow/.local/lib/python3.8/site-packages/airflow/example_dags/example_nested_branch_dag.py for tasks to queue
[2023-12-19T14:25:32.595+0000] {logging_mixin.py:188} INFO - [2023-12-19T14:25:32.595+0000] {dagbag.py:538} INFO - Filling up the DagBag from /home/airflow/.local/lib/python3.8/site-packages/airflow/example_dags/example_nested_branch_dag.py
[2023-12-19T14:25:32.650+0000] {processor.py:840} INFO - DAG(s) 'example_nested_branch_dag' retrieved from /home/airflow/.local/lib/python3.8/site-packages/airflow/example_dags/example_nested_branch_dag.py
[2023-12-19T14:25:33.397+0000] {logging_mixin.py:188} INFO - [2023-12-19T14:25:33.397+0000] {dag.py:3033} INFO - Sync 1 DAGs
[2023-12-19T14:25:33.561+0000] {logging_mixin.py:188} INFO - [2023-12-19T14:25:33.561+0000] {dag.py:3820} INFO - Setting next_dagrun for example_nested_branch_dag to 2023-12-18T00:00:00+00:00, run_after=2023-12-19T00:00:00+00:00
[2023-12-19T14:25:33.689+0000] {processor.py:183} INFO - Processing /home/airflow/.local/lib/python3.8/site-packages/airflow/example_dags/example_nested_branch_dag.py took 1.129 seconds
[2023-12-19T14:26:03.846+0000] {processor.py:161} INFO - Started process (PID=133) to work on /home/airflow/.local/lib/python3.8/site-packages/airflow/example_dags/example_nested_branch_dag.py
[2023-12-19T14:26:03.848+0000] {processor.py:830} INFO - Processing file /home/airflow/.local/lib/python3.8/site-packages/airflow/example_dags/example_nested_branch_dag.py for tasks to queue
[2023-12-19T14:26:03.853+0000] {logging_mixin.py:188} INFO - [2023-12-19T14:26:03.853+0000] {dagbag.py:538} INFO - Filling up the DagBag from /home/airflow/.local/lib/python3.8/site-packages/airflow/example_dags/example_nested_branch_dag.py
[2023-12-19T14:26:03.876+0000] {processor.py:840} INFO - DAG(s) 'example_nested_branch_dag' retrieved from /home/airflow/.local/lib/python3.8/site-packages/airflow/example_dags/example_nested_branch_dag.py
[2023-12-19T14:26:03.918+0000] {logging_mixin.py:188} INFO - [2023-12-19T14:26:03.918+0000] {dag.py:3033} INFO - Sync 1 DAGs
[2023-12-19T14:26:03.962+0000] {logging_mixin.py:188} INFO - [2023-12-19T14:26:03.962+0000] {dag.py:3820} INFO - Setting next_dagrun for example_nested_branch_dag to 2023-12-18T00:00:00+00:00, run_after=2023-12-19T00:00:00+00:00
[2023-12-19T14:26:04.000+0000] {processor.py:183} INFO - Processing /home/airflow/.local/lib/python3.8/site-packages/airflow/example_dags/example_nested_branch_dag.py took 0.166 seconds
[2023-12-19T14:26:34.922+0000] {processor.py:161} INFO - Started process (PID=193) to work on /home/airflow/.local/lib/python3.8/site-packages/airflow/example_dags/example_nested_branch_dag.py
[2023-12-19T14:26:34.924+0000] {processor.py:830} INFO - Processing file /home/airflow/.local/lib/python3.8/site-packages/airflow/example_dags/example_nested_branch_dag.py for tasks to queue
[2023-12-19T14:26:34.929+0000] {logging_mixin.py:188} INFO - [2023-12-19T14:26:34.929+0000] {dagbag.py:538} INFO - Filling up the DagBag from /home/airflow/.local/lib/python3.8/site-packages/airflow/example_dags/example_nested_branch_dag.py
[2023-12-19T14:26:35.000+0000] {processor.py:840} INFO - DAG(s) 'example_nested_branch_dag' retrieved from /home/airflow/.local/lib/python3.8/site-packages/airflow/example_dags/example_nested_branch_dag.py
[2023-12-19T14:26:35.105+0000] {logging_mixin.py:188} INFO - [2023-12-19T14:26:35.104+0000] {dag.py:3033} INFO - Sync 1 DAGs
[2023-12-19T14:26:35.171+0000] {logging_mixin.py:188} INFO - [2023-12-19T14:26:35.170+0000] {dag.py:3820} INFO - Setting next_dagrun for example_nested_branch_dag to 2023-12-18T00:00:00+00:00, run_after=2023-12-19T00:00:00+00:00
[2023-12-19T14:26:35.225+0000] {processor.py:183} INFO - Processing /home/airflow/.local/lib/python3.8/site-packages/airflow/example_dags/example_nested_branch_dag.py took 0.318 seconds
[2023-12-19T14:27:05.338+0000] {processor.py:161} INFO - Started process (PID=247) to work on /home/airflow/.local/lib/python3.8/site-packages/airflow/example_dags/example_nested_branch_dag.py
[2023-12-19T14:27:05.340+0000] {processor.py:830} INFO - Processing file /home/airflow/.local/lib/python3.8/site-packages/airflow/example_dags/example_nested_branch_dag.py for tasks to queue
[2023-12-19T14:27:05.345+0000] {logging_mixin.py:188} INFO - [2023-12-19T14:27:05.344+0000] {dagbag.py:538} INFO - Filling up the DagBag from /home/airflow/.local/lib/python3.8/site-packages/airflow/example_dags/example_nested_branch_dag.py
[2023-12-19T14:27:05.368+0000] {processor.py:840} INFO - DAG(s) 'example_nested_branch_dag' retrieved from /home/airflow/.local/lib/python3.8/site-packages/airflow/example_dags/example_nested_branch_dag.py
[2023-12-19T14:27:05.419+0000] {logging_mixin.py:188} INFO - [2023-12-19T14:27:05.418+0000] {dag.py:3033} INFO - Sync 1 DAGs
[2023-12-19T14:27:05.470+0000] {logging_mixin.py:188} INFO - [2023-12-19T14:27:05.469+0000] {dag.py:3820} INFO - Setting next_dagrun for example_nested_branch_dag to 2023-12-18T00:00:00+00:00, run_after=2023-12-19T00:00:00+00:00
[2023-12-19T14:27:05.513+0000] {processor.py:183} INFO - Processing /home/airflow/.local/lib/python3.8/site-packages/airflow/example_dags/example_nested_branch_dag.py took 0.183 seconds
[2023-12-19T14:27:35.747+0000] {processor.py:161} INFO - Started process (PID=302) to work on /home/airflow/.local/lib/python3.8/site-packages/airflow/example_dags/example_nested_branch_dag.py
[2023-12-19T14:27:35.749+0000] {processor.py:830} INFO - Processing file /home/airflow/.local/lib/python3.8/site-packages/airflow/example_dags/example_nested_branch_dag.py for tasks to queue
[2023-12-19T14:27:35.753+0000] {logging_mixin.py:188} INFO - [2023-12-19T14:27:35.752+0000] {dagbag.py:538} INFO - Filling up the DagBag from /home/airflow/.local/lib/python3.8/site-packages/airflow/example_dags/example_nested_branch_dag.py
[2023-12-19T14:27:35.771+0000] {processor.py:840} INFO - DAG(s) 'example_nested_branch_dag' retrieved from /home/airflow/.local/lib/python3.8/site-packages/airflow/example_dags/example_nested_branch_dag.py
[2023-12-19T14:27:35.811+0000] {logging_mixin.py:188} INFO - [2023-12-19T14:27:35.810+0000] {dag.py:3033} INFO - Sync 1 DAGs
[2023-12-19T14:27:35.853+0000] {logging_mixin.py:188} INFO - [2023-12-19T14:27:35.853+0000] {dag.py:3820} INFO - Setting next_dagrun for example_nested_branch_dag to 2023-12-18T00:00:00+00:00, run_after=2023-12-19T00:00:00+00:00
[2023-12-19T14:27:35.890+0000] {processor.py:183} INFO - Processing /home/airflow/.local/lib/python3.8/site-packages/airflow/example_dags/example_nested_branch_dag.py took 0.148 seconds
[2023-12-19T14:28:06.048+0000] {processor.py:161} INFO - Started process (PID=357) to work on /home/airflow/.local/lib/python3.8/site-packages/airflow/example_dags/example_nested_branch_dag.py
[2023-12-19T14:28:06.054+0000] {processor.py:830} INFO - Processing file /home/airflow/.local/lib/python3.8/site-packages/airflow/example_dags/example_nested_branch_dag.py for tasks to queue
[2023-12-19T14:28:06.060+0000] {logging_mixin.py:188} INFO - [2023-12-19T14:28:06.059+0000] {dagbag.py:538} INFO - Filling up the DagBag from /home/airflow/.local/lib/python3.8/site-packages/airflow/example_dags/example_nested_branch_dag.py
[2023-12-19T14:28:06.108+0000] {processor.py:840} INFO - DAG(s) 'example_nested_branch_dag' retrieved from /home/airflow/.local/lib/python3.8/site-packages/airflow/example_dags/example_nested_branch_dag.py
[2023-12-19T14:28:06.194+0000] {logging_mixin.py:188} INFO - [2023-12-19T14:28:06.194+0000] {dag.py:3033} INFO - Sync 1 DAGs
[2023-12-19T14:28:06.286+0000] {logging_mixin.py:188} INFO - [2023-12-19T14:28:06.285+0000] {dag.py:3820} INFO - Setting next_dagrun for example_nested_branch_dag to 2023-12-18T00:00:00+00:00, run_after=2023-12-19T00:00:00+00:00
[2023-12-19T14:28:06.368+0000] {processor.py:183} INFO - Processing /home/airflow/.local/lib/python3.8/site-packages/airflow/example_dags/example_nested_branch_dag.py took 0.331 seconds
[2023-12-19T14:28:37.114+0000] {processor.py:161} INFO - Started process (PID=413) to work on /home/airflow/.local/lib/python3.8/site-packages/airflow/example_dags/example_nested_branch_dag.py
[2023-12-19T14:28:37.150+0000] {processor.py:830} INFO - Processing file /home/airflow/.local/lib/python3.8/site-packages/airflow/example_dags/example_nested_branch_dag.py for tasks to queue
[2023-12-19T14:28:37.167+0000] {logging_mixin.py:188} INFO - [2023-12-19T14:28:37.154+0000] {dagbag.py:538} INFO - Filling up the DagBag from /home/airflow/.local/lib/python3.8/site-packages/airflow/example_dags/example_nested_branch_dag.py
[2023-12-19T14:28:37.208+0000] {processor.py:840} INFO - DAG(s) 'example_nested_branch_dag' retrieved from /home/airflow/.local/lib/python3.8/site-packages/airflow/example_dags/example_nested_branch_dag.py
[2023-12-19T14:28:37.306+0000] {logging_mixin.py:188} INFO - [2023-12-19T14:28:37.306+0000] {dag.py:3033} INFO - Sync 1 DAGs
[2023-12-19T14:28:37.415+0000] {logging_mixin.py:188} INFO - [2023-12-19T14:28:37.415+0000] {dag.py:3820} INFO - Setting next_dagrun for example_nested_branch_dag to 2023-12-18T00:00:00+00:00, run_after=2023-12-19T00:00:00+00:00
[2023-12-19T14:28:37.484+0000] {processor.py:183} INFO - Processing /home/airflow/.local/lib/python3.8/site-packages/airflow/example_dags/example_nested_branch_dag.py took 0.381 seconds
[2023-12-19T14:29:08.023+0000] {processor.py:161} INFO - Started process (PID=468) to work on /home/airflow/.local/lib/python3.8/site-packages/airflow/example_dags/example_nested_branch_dag.py
[2023-12-19T14:29:08.028+0000] {processor.py:830} INFO - Processing file /home/airflow/.local/lib/python3.8/site-packages/airflow/example_dags/example_nested_branch_dag.py for tasks to queue
[2023-12-19T14:29:08.034+0000] {logging_mixin.py:188} INFO - [2023-12-19T14:29:08.033+0000] {dagbag.py:538} INFO - Filling up the DagBag from /home/airflow/.local/lib/python3.8/site-packages/airflow/example_dags/example_nested_branch_dag.py
[2023-12-19T14:29:08.081+0000] {processor.py:840} INFO - DAG(s) 'example_nested_branch_dag' retrieved from /home/airflow/.local/lib/python3.8/site-packages/airflow/example_dags/example_nested_branch_dag.py
[2023-12-19T14:29:08.219+0000] {logging_mixin.py:188} INFO - [2023-12-19T14:29:08.199+0000] {dag.py:3033} INFO - Sync 1 DAGs
[2023-12-19T14:29:08.395+0000] {logging_mixin.py:188} INFO - [2023-12-19T14:29:08.395+0000] {dag.py:3820} INFO - Setting next_dagrun for example_nested_branch_dag to 2023-12-18T00:00:00+00:00, run_after=2023-12-19T00:00:00+00:00
[2023-12-19T14:29:08.564+0000] {processor.py:183} INFO - Processing /home/airflow/.local/lib/python3.8/site-packages/airflow/example_dags/example_nested_branch_dag.py took 0.575 seconds
[2023-12-19T14:29:38.786+0000] {processor.py:161} INFO - Started process (PID=523) to work on /home/airflow/.local/lib/python3.8/site-packages/airflow/example_dags/example_nested_branch_dag.py
[2023-12-19T14:29:38.791+0000] {processor.py:830} INFO - Processing file /home/airflow/.local/lib/python3.8/site-packages/airflow/example_dags/example_nested_branch_dag.py for tasks to queue
[2023-12-19T14:29:38.803+0000] {logging_mixin.py:188} INFO - [2023-12-19T14:29:38.795+0000] {dagbag.py:538} INFO - Filling up the DagBag from /home/airflow/.local/lib/python3.8/site-packages/airflow/example_dags/example_nested_branch_dag.py
[2023-12-19T14:29:38.861+0000] {processor.py:840} INFO - DAG(s) 'example_nested_branch_dag' retrieved from /home/airflow/.local/lib/python3.8/site-packages/airflow/example_dags/example_nested_branch_dag.py
[2023-12-19T14:29:38.949+0000] {logging_mixin.py:188} INFO - [2023-12-19T14:29:38.948+0000] {dag.py:3033} INFO - Sync 1 DAGs
[2023-12-19T14:29:39.098+0000] {logging_mixin.py:188} INFO - [2023-12-19T14:29:39.097+0000] {dag.py:3820} INFO - Setting next_dagrun for example_nested_branch_dag to 2023-12-18T00:00:00+00:00, run_after=2023-12-19T00:00:00+00:00
[2023-12-19T14:29:39.236+0000] {processor.py:183} INFO - Processing /home/airflow/.local/lib/python3.8/site-packages/airflow/example_dags/example_nested_branch_dag.py took 0.465 seconds
[2023-12-19T14:30:09.317+0000] {processor.py:161} INFO - Started process (PID=577) to work on /home/airflow/.local/lib/python3.8/site-packages/airflow/example_dags/example_nested_branch_dag.py
[2023-12-19T14:30:09.318+0000] {processor.py:830} INFO - Processing file /home/airflow/.local/lib/python3.8/site-packages/airflow/example_dags/example_nested_branch_dag.py for tasks to queue
[2023-12-19T14:30:09.323+0000] {logging_mixin.py:188} INFO - [2023-12-19T14:30:09.322+0000] {dagbag.py:538} INFO - Filling up the DagBag from /home/airflow/.local/lib/python3.8/site-packages/airflow/example_dags/example_nested_branch_dag.py
[2023-12-19T14:30:09.345+0000] {processor.py:840} INFO - DAG(s) 'example_nested_branch_dag' retrieved from /home/airflow/.local/lib/python3.8/site-packages/airflow/example_dags/example_nested_branch_dag.py
[2023-12-19T14:30:09.394+0000] {logging_mixin.py:188} INFO - [2023-12-19T14:30:09.394+0000] {dag.py:3033} INFO - Sync 1 DAGs
[2023-12-19T14:30:09.442+0000] {logging_mixin.py:188} INFO - [2023-12-19T14:30:09.441+0000] {dag.py:3820} INFO - Setting next_dagrun for example_nested_branch_dag to 2023-12-18T00:00:00+00:00, run_after=2023-12-19T00:00:00+00:00
[2023-12-19T14:30:09.476+0000] {processor.py:183} INFO - Processing /home/airflow/.local/lib/python3.8/site-packages/airflow/example_dags/example_nested_branch_dag.py took 0.165 seconds
[2023-12-19T14:30:39.666+0000] {processor.py:161} INFO - Started process (PID=632) to work on /home/airflow/.local/lib/python3.8/site-packages/airflow/example_dags/example_nested_branch_dag.py
[2023-12-19T14:30:39.668+0000] {processor.py:830} INFO - Processing file /home/airflow/.local/lib/python3.8/site-packages/airflow/example_dags/example_nested_branch_dag.py for tasks to queue
[2023-12-19T14:30:39.672+0000] {logging_mixin.py:188} INFO - [2023-12-19T14:30:39.671+0000] {dagbag.py:538} INFO - Filling up the DagBag from /home/airflow/.local/lib/python3.8/site-packages/airflow/example_dags/example_nested_branch_dag.py
[2023-12-19T14:30:39.693+0000] {processor.py:840} INFO - DAG(s) 'example_nested_branch_dag' retrieved from /home/airflow/.local/lib/python3.8/site-packages/airflow/example_dags/example_nested_branch_dag.py
[2023-12-19T14:30:39.740+0000] {logging_mixin.py:188} INFO - [2023-12-19T14:30:39.739+0000] {dag.py:3033} INFO - Sync 1 DAGs
[2023-12-19T14:30:39.789+0000] {logging_mixin.py:188} INFO - [2023-12-19T14:30:39.789+0000] {dag.py:3820} INFO - Setting next_dagrun for example_nested_branch_dag to 2023-12-18T00:00:00+00:00, run_after=2023-12-19T00:00:00+00:00
[2023-12-19T14:30:39.833+0000] {processor.py:183} INFO - Processing /home/airflow/.local/lib/python3.8/site-packages/airflow/example_dags/example_nested_branch_dag.py took 0.173 seconds
[2023-12-19T14:31:10.016+0000] {processor.py:161} INFO - Started process (PID=686) to work on /home/airflow/.local/lib/python3.8/site-packages/airflow/example_dags/example_nested_branch_dag.py
[2023-12-19T14:31:10.018+0000] {processor.py:830} INFO - Processing file /home/airflow/.local/lib/python3.8/site-packages/airflow/example_dags/example_nested_branch_dag.py for tasks to queue
[2023-12-19T14:31:10.022+0000] {logging_mixin.py:188} INFO - [2023-12-19T14:31:10.022+0000] {dagbag.py:538} INFO - Filling up the DagBag from /home/airflow/.local/lib/python3.8/site-packages/airflow/example_dags/example_nested_branch_dag.py
[2023-12-19T14:31:10.045+0000] {processor.py:840} INFO - DAG(s) 'example_nested_branch_dag' retrieved from /home/airflow/.local/lib/python3.8/site-packages/airflow/example_dags/example_nested_branch_dag.py
[2023-12-19T14:31:10.123+0000] {logging_mixin.py:188} INFO - [2023-12-19T14:31:10.118+0000] {dag.py:3033} INFO - Sync 1 DAGs
[2023-12-19T14:31:10.216+0000] {logging_mixin.py:188} INFO - [2023-12-19T14:31:10.213+0000] {dag.py:3820} INFO - Setting next_dagrun for example_nested_branch_dag to 2023-12-18T00:00:00+00:00, run_after=2023-12-19T00:00:00+00:00
[2023-12-19T14:31:10.288+0000] {processor.py:183} INFO - Processing /home/airflow/.local/lib/python3.8/site-packages/airflow/example_dags/example_nested_branch_dag.py took 0.283 seconds
[2023-12-19T14:31:40.818+0000] {processor.py:161} INFO - Started process (PID=741) to work on /home/airflow/.local/lib/python3.8/site-packages/airflow/example_dags/example_nested_branch_dag.py
[2023-12-19T14:31:40.821+0000] {processor.py:830} INFO - Processing file /home/airflow/.local/lib/python3.8/site-packages/airflow/example_dags/example_nested_branch_dag.py for tasks to queue
[2023-12-19T14:31:40.825+0000] {logging_mixin.py:188} INFO - [2023-12-19T14:31:40.824+0000] {dagbag.py:538} INFO - Filling up the DagBag from /home/airflow/.local/lib/python3.8/site-packages/airflow/example_dags/example_nested_branch_dag.py
[2023-12-19T14:31:40.845+0000] {processor.py:840} INFO - DAG(s) 'example_nested_branch_dag' retrieved from /home/airflow/.local/lib/python3.8/site-packages/airflow/example_dags/example_nested_branch_dag.py
[2023-12-19T14:31:40.908+0000] {logging_mixin.py:188} INFO - [2023-12-19T14:31:40.908+0000] {dag.py:3033} INFO - Sync 1 DAGs
[2023-12-19T14:31:40.987+0000] {logging_mixin.py:188} INFO - [2023-12-19T14:31:40.987+0000] {dag.py:3820} INFO - Setting next_dagrun for example_nested_branch_dag to 2023-12-18T00:00:00+00:00, run_after=2023-12-19T00:00:00+00:00
[2023-12-19T14:31:41.066+0000] {processor.py:183} INFO - Processing /home/airflow/.local/lib/python3.8/site-packages/airflow/example_dags/example_nested_branch_dag.py took 0.254 seconds
[2023-12-19T14:32:12.138+0000] {processor.py:161} INFO - Started process (PID=795) to work on /home/airflow/.local/lib/python3.8/site-packages/airflow/example_dags/example_nested_branch_dag.py
[2023-12-19T14:32:12.151+0000] {processor.py:830} INFO - Processing file /home/airflow/.local/lib/python3.8/site-packages/airflow/example_dags/example_nested_branch_dag.py for tasks to queue
[2023-12-19T14:32:12.155+0000] {logging_mixin.py:188} INFO - [2023-12-19T14:32:12.154+0000] {dagbag.py:538} INFO - Filling up the DagBag from /home/airflow/.local/lib/python3.8/site-packages/airflow/example_dags/example_nested_branch_dag.py
[2023-12-19T14:32:12.183+0000] {processor.py:840} INFO - DAG(s) 'example_nested_branch_dag' retrieved from /home/airflow/.local/lib/python3.8/site-packages/airflow/example_dags/example_nested_branch_dag.py
[2023-12-19T14:32:12.230+0000] {logging_mixin.py:188} INFO - [2023-12-19T14:32:12.230+0000] {dag.py:3033} INFO - Sync 1 DAGs
[2023-12-19T14:32:12.299+0000] {logging_mixin.py:188} INFO - [2023-12-19T14:32:12.298+0000] {dag.py:3820} INFO - Setting next_dagrun for example_nested_branch_dag to 2023-12-18T00:00:00+00:00, run_after=2023-12-19T00:00:00+00:00
[2023-12-19T14:32:12.351+0000] {processor.py:183} INFO - Processing /home/airflow/.local/lib/python3.8/site-packages/airflow/example_dags/example_nested_branch_dag.py took 0.238 seconds
[2023-12-19T14:32:42.965+0000] {processor.py:161} INFO - Started process (PID=850) to work on /home/airflow/.local/lib/python3.8/site-packages/airflow/example_dags/example_nested_branch_dag.py
[2023-12-19T14:32:42.972+0000] {processor.py:830} INFO - Processing file /home/airflow/.local/lib/python3.8/site-packages/airflow/example_dags/example_nested_branch_dag.py for tasks to queue
[2023-12-19T14:32:42.979+0000] {logging_mixin.py:188} INFO - [2023-12-19T14:32:42.978+0000] {dagbag.py:538} INFO - Filling up the DagBag from /home/airflow/.local/lib/python3.8/site-packages/airflow/example_dags/example_nested_branch_dag.py
[2023-12-19T14:32:43.042+0000] {processor.py:840} INFO - DAG(s) 'example_nested_branch_dag' retrieved from /home/airflow/.local/lib/python3.8/site-packages/airflow/example_dags/example_nested_branch_dag.py
[2023-12-19T14:32:43.100+0000] {logging_mixin.py:188} INFO - [2023-12-19T14:32:43.099+0000] {dag.py:3033} INFO - Sync 1 DAGs
[2023-12-19T14:32:43.171+0000] {logging_mixin.py:188} INFO - [2023-12-19T14:32:43.171+0000] {dag.py:3820} INFO - Setting next_dagrun for example_nested_branch_dag to 2023-12-18T00:00:00+00:00, run_after=2023-12-19T00:00:00+00:00
[2023-12-19T14:32:43.243+0000] {processor.py:183} INFO - Processing /home/airflow/.local/lib/python3.8/site-packages/airflow/example_dags/example_nested_branch_dag.py took 0.305 seconds
[2023-12-19T14:33:13.971+0000] {processor.py:161} INFO - Started process (PID=905) to work on /home/airflow/.local/lib/python3.8/site-packages/airflow/example_dags/example_nested_branch_dag.py
[2023-12-19T14:33:13.976+0000] {processor.py:830} INFO - Processing file /home/airflow/.local/lib/python3.8/site-packages/airflow/example_dags/example_nested_branch_dag.py for tasks to queue
[2023-12-19T14:33:13.982+0000] {logging_mixin.py:188} INFO - [2023-12-19T14:33:13.981+0000] {dagbag.py:538} INFO - Filling up the DagBag from /home/airflow/.local/lib/python3.8/site-packages/airflow/example_dags/example_nested_branch_dag.py
[2023-12-19T14:33:14.011+0000] {processor.py:840} INFO - DAG(s) 'example_nested_branch_dag' retrieved from /home/airflow/.local/lib/python3.8/site-packages/airflow/example_dags/example_nested_branch_dag.py
[2023-12-19T14:33:14.086+0000] {logging_mixin.py:188} INFO - [2023-12-19T14:33:14.086+0000] {dag.py:3033} INFO - Sync 1 DAGs
[2023-12-19T14:33:14.165+0000] {logging_mixin.py:188} INFO - [2023-12-19T14:33:14.164+0000] {dag.py:3820} INFO - Setting next_dagrun for example_nested_branch_dag to 2023-12-18T00:00:00+00:00, run_after=2023-12-19T00:00:00+00:00
[2023-12-19T14:33:14.238+0000] {processor.py:183} INFO - Processing /home/airflow/.local/lib/python3.8/site-packages/airflow/example_dags/example_nested_branch_dag.py took 0.276 seconds
[2023-12-19T14:33:44.444+0000] {processor.py:161} INFO - Started process (PID=960) to work on /home/airflow/.local/lib/python3.8/site-packages/airflow/example_dags/example_nested_branch_dag.py
[2023-12-19T14:33:44.448+0000] {processor.py:830} INFO - Processing file /home/airflow/.local/lib/python3.8/site-packages/airflow/example_dags/example_nested_branch_dag.py for tasks to queue
[2023-12-19T14:33:44.453+0000] {logging_mixin.py:188} INFO - [2023-12-19T14:33:44.452+0000] {dagbag.py:538} INFO - Filling up the DagBag from /home/airflow/.local/lib/python3.8/site-packages/airflow/example_dags/example_nested_branch_dag.py
[2023-12-19T14:33:44.477+0000] {processor.py:840} INFO - DAG(s) 'example_nested_branch_dag' retrieved from /home/airflow/.local/lib/python3.8/site-packages/airflow/example_dags/example_nested_branch_dag.py
[2023-12-19T14:33:44.532+0000] {logging_mixin.py:188} INFO - [2023-12-19T14:33:44.531+0000] {dag.py:3033} INFO - Sync 1 DAGs
[2023-12-19T14:33:44.594+0000] {logging_mixin.py:188} INFO - [2023-12-19T14:33:44.594+0000] {dag.py:3820} INFO - Setting next_dagrun for example_nested_branch_dag to 2023-12-18T00:00:00+00:00, run_after=2023-12-19T00:00:00+00:00
[2023-12-19T14:33:44.637+0000] {processor.py:183} INFO - Processing /home/airflow/.local/lib/python3.8/site-packages/airflow/example_dags/example_nested_branch_dag.py took 0.199 seconds
[2023-12-19T14:34:15.496+0000] {processor.py:161} INFO - Started process (PID=1015) to work on /home/airflow/.local/lib/python3.8/site-packages/airflow/example_dags/example_nested_branch_dag.py
[2023-12-19T14:34:15.502+0000] {processor.py:830} INFO - Processing file /home/airflow/.local/lib/python3.8/site-packages/airflow/example_dags/example_nested_branch_dag.py for tasks to queue
[2023-12-19T14:34:15.508+0000] {logging_mixin.py:188} INFO - [2023-12-19T14:34:15.507+0000] {dagbag.py:538} INFO - Filling up the DagBag from /home/airflow/.local/lib/python3.8/site-packages/airflow/example_dags/example_nested_branch_dag.py
[2023-12-19T14:34:15.539+0000] {processor.py:840} INFO - DAG(s) 'example_nested_branch_dag' retrieved from /home/airflow/.local/lib/python3.8/site-packages/airflow/example_dags/example_nested_branch_dag.py
[2023-12-19T14:34:15.616+0000] {logging_mixin.py:188} INFO - [2023-12-19T14:34:15.615+0000] {dag.py:3033} INFO - Sync 1 DAGs
[2023-12-19T14:34:15.685+0000] {logging_mixin.py:188} INFO - [2023-12-19T14:34:15.684+0000] {dag.py:3820} INFO - Setting next_dagrun for example_nested_branch_dag to 2023-12-18T00:00:00+00:00, run_after=2023-12-19T00:00:00+00:00
[2023-12-19T14:34:15.750+0000] {processor.py:183} INFO - Processing /home/airflow/.local/lib/python3.8/site-packages/airflow/example_dags/example_nested_branch_dag.py took 0.263 seconds
[2023-12-19T14:34:47.843+0000] {processor.py:161} INFO - Started process (PID=1070) to work on /home/airflow/.local/lib/python3.8/site-packages/airflow/example_dags/example_nested_branch_dag.py
[2023-12-19T14:34:47.845+0000] {processor.py:830} INFO - Processing file /home/airflow/.local/lib/python3.8/site-packages/airflow/example_dags/example_nested_branch_dag.py for tasks to queue
[2023-12-19T14:34:47.850+0000] {logging_mixin.py:188} INFO - [2023-12-19T14:34:47.849+0000] {dagbag.py:538} INFO - Filling up the DagBag from /home/airflow/.local/lib/python3.8/site-packages/airflow/example_dags/example_nested_branch_dag.py
[2023-12-19T14:34:47.900+0000] {processor.py:840} INFO - DAG(s) 'example_nested_branch_dag' retrieved from /home/airflow/.local/lib/python3.8/site-packages/airflow/example_dags/example_nested_branch_dag.py
[2023-12-19T14:34:47.983+0000] {logging_mixin.py:188} INFO - [2023-12-19T14:34:47.982+0000] {dag.py:3033} INFO - Sync 1 DAGs
[2023-12-19T14:34:48.067+0000] {logging_mixin.py:188} INFO - [2023-12-19T14:34:48.066+0000] {dag.py:3820} INFO - Setting next_dagrun for example_nested_branch_dag to 2023-12-18T00:00:00+00:00, run_after=2023-12-19T00:00:00+00:00
[2023-12-19T14:34:48.121+0000] {processor.py:183} INFO - Processing /home/airflow/.local/lib/python3.8/site-packages/airflow/example_dags/example_nested_branch_dag.py took 0.285 seconds
[2023-12-19T14:35:18.279+0000] {processor.py:161} INFO - Started process (PID=1125) to work on /home/airflow/.local/lib/python3.8/site-packages/airflow/example_dags/example_nested_branch_dag.py
[2023-12-19T14:35:18.280+0000] {processor.py:830} INFO - Processing file /home/airflow/.local/lib/python3.8/site-packages/airflow/example_dags/example_nested_branch_dag.py for tasks to queue
[2023-12-19T14:35:18.283+0000] {logging_mixin.py:188} INFO - [2023-12-19T14:35:18.283+0000] {dagbag.py:538} INFO - Filling up the DagBag from /home/airflow/.local/lib/python3.8/site-packages/airflow/example_dags/example_nested_branch_dag.py
[2023-12-19T14:35:18.295+0000] {processor.py:840} INFO - DAG(s) 'example_nested_branch_dag' retrieved from /home/airflow/.local/lib/python3.8/site-packages/airflow/example_dags/example_nested_branch_dag.py
[2023-12-19T14:35:18.321+0000] {logging_mixin.py:188} INFO - [2023-12-19T14:35:18.321+0000] {dag.py:3033} INFO - Sync 1 DAGs
[2023-12-19T14:35:18.353+0000] {logging_mixin.py:188} INFO - [2023-12-19T14:35:18.352+0000] {dag.py:3820} INFO - Setting next_dagrun for example_nested_branch_dag to 2023-12-18T00:00:00+00:00, run_after=2023-12-19T00:00:00+00:00
[2023-12-19T14:35:18.382+0000] {processor.py:183} INFO - Processing /home/airflow/.local/lib/python3.8/site-packages/airflow/example_dags/example_nested_branch_dag.py took 0.107 seconds
[2023-12-19T14:35:48.455+0000] {processor.py:161} INFO - Started process (PID=1179) to work on /home/airflow/.local/lib/python3.8/site-packages/airflow/example_dags/example_nested_branch_dag.py
[2023-12-19T14:35:48.456+0000] {processor.py:830} INFO - Processing file /home/airflow/.local/lib/python3.8/site-packages/airflow/example_dags/example_nested_branch_dag.py for tasks to queue
[2023-12-19T14:35:48.460+0000] {logging_mixin.py:188} INFO - [2023-12-19T14:35:48.459+0000] {dagbag.py:538} INFO - Filling up the DagBag from /home/airflow/.local/lib/python3.8/site-packages/airflow/example_dags/example_nested_branch_dag.py
[2023-12-19T14:35:48.480+0000] {processor.py:840} INFO - DAG(s) 'example_nested_branch_dag' retrieved from /home/airflow/.local/lib/python3.8/site-packages/airflow/example_dags/example_nested_branch_dag.py
[2023-12-19T14:35:48.517+0000] {logging_mixin.py:188} INFO - [2023-12-19T14:35:48.516+0000] {dag.py:3033} INFO - Sync 1 DAGs
[2023-12-19T14:35:48.551+0000] {logging_mixin.py:188} INFO - [2023-12-19T14:35:48.551+0000] {dag.py:3820} INFO - Setting next_dagrun for example_nested_branch_dag to 2023-12-18T00:00:00+00:00, run_after=2023-12-19T00:00:00+00:00
[2023-12-19T14:35:48.577+0000] {processor.py:183} INFO - Processing /home/airflow/.local/lib/python3.8/site-packages/airflow/example_dags/example_nested_branch_dag.py took 0.128 seconds
[2023-12-19T14:36:19.572+0000] {processor.py:161} INFO - Started process (PID=1234) to work on /home/airflow/.local/lib/python3.8/site-packages/airflow/example_dags/example_nested_branch_dag.py
[2023-12-19T14:36:19.573+0000] {processor.py:830} INFO - Processing file /home/airflow/.local/lib/python3.8/site-packages/airflow/example_dags/example_nested_branch_dag.py for tasks to queue
[2023-12-19T14:36:19.576+0000] {logging_mixin.py:188} INFO - [2023-12-19T14:36:19.576+0000] {dagbag.py:538} INFO - Filling up the DagBag from /home/airflow/.local/lib/python3.8/site-packages/airflow/example_dags/example_nested_branch_dag.py
[2023-12-19T14:36:19.595+0000] {processor.py:840} INFO - DAG(s) 'example_nested_branch_dag' retrieved from /home/airflow/.local/lib/python3.8/site-packages/airflow/example_dags/example_nested_branch_dag.py
[2023-12-19T14:36:19.633+0000] {logging_mixin.py:188} INFO - [2023-12-19T14:36:19.633+0000] {dag.py:3033} INFO - Sync 1 DAGs
[2023-12-19T14:36:19.667+0000] {logging_mixin.py:188} INFO - [2023-12-19T14:36:19.666+0000] {dag.py:3820} INFO - Setting next_dagrun for example_nested_branch_dag to 2023-12-18T00:00:00+00:00, run_after=2023-12-19T00:00:00+00:00
[2023-12-19T14:36:19.695+0000] {processor.py:183} INFO - Processing /home/airflow/.local/lib/python3.8/site-packages/airflow/example_dags/example_nested_branch_dag.py took 0.128 seconds
[2023-12-19T14:36:50.707+0000] {processor.py:161} INFO - Started process (PID=1289) to work on /home/airflow/.local/lib/python3.8/site-packages/airflow/example_dags/example_nested_branch_dag.py
[2023-12-19T14:36:50.708+0000] {processor.py:830} INFO - Processing file /home/airflow/.local/lib/python3.8/site-packages/airflow/example_dags/example_nested_branch_dag.py for tasks to queue
[2023-12-19T14:36:50.712+0000] {logging_mixin.py:188} INFO - [2023-12-19T14:36:50.711+0000] {dagbag.py:538} INFO - Filling up the DagBag from /home/airflow/.local/lib/python3.8/site-packages/airflow/example_dags/example_nested_branch_dag.py
[2023-12-19T14:36:50.730+0000] {processor.py:840} INFO - DAG(s) 'example_nested_branch_dag' retrieved from /home/airflow/.local/lib/python3.8/site-packages/airflow/example_dags/example_nested_branch_dag.py
[2023-12-19T14:36:50.773+0000] {logging_mixin.py:188} INFO - [2023-12-19T14:36:50.773+0000] {dag.py:3033} INFO - Sync 1 DAGs
[2023-12-19T14:36:50.820+0000] {logging_mixin.py:188} INFO - [2023-12-19T14:36:50.819+0000] {dag.py:3820} INFO - Setting next_dagrun for example_nested_branch_dag to 2023-12-18T00:00:00+00:00, run_after=2023-12-19T00:00:00+00:00
[2023-12-19T14:36:50.872+0000] {processor.py:183} INFO - Processing /home/airflow/.local/lib/python3.8/site-packages/airflow/example_dags/example_nested_branch_dag.py took 0.169 seconds
