[2023-12-19T14:14:20.918+0000] {processor.py:161} INFO - Started process (PID=85) to work on /home/airflow/.local/lib/python3.8/site-packages/airflow/example_dags/example_task_group.py
[2023-12-19T14:14:20.920+0000] {processor.py:830} INFO - Processing file /home/airflow/.local/lib/python3.8/site-packages/airflow/example_dags/example_task_group.py for tasks to queue
[2023-12-19T14:14:20.926+0000] {logging_mixin.py:188} INFO - [2023-12-19T14:14:20.925+0000] {dagbag.py:538} INFO - Filling up the DagBag from /home/airflow/.local/lib/python3.8/site-packages/airflow/example_dags/example_task_group.py
[2023-12-19T14:14:20.952+0000] {processor.py:840} INFO - DAG(s) 'example_task_group' retrieved from /home/airflow/.local/lib/python3.8/site-packages/airflow/example_dags/example_task_group.py
[2023-12-19T14:14:21.529+0000] {logging_mixin.py:188} INFO - [2023-12-19T14:14:21.528+0000] {dag.py:3033} INFO - Sync 1 DAGs
[2023-12-19T14:14:21.601+0000] {logging_mixin.py:188} INFO - [2023-12-19T14:14:21.600+0000] {dag.py:3820} INFO - Setting next_dagrun for example_task_group to 2023-12-18T00:00:00+00:00, run_after=2023-12-19T00:00:00+00:00
[2023-12-19T14:14:21.689+0000] {processor.py:183} INFO - Processing /home/airflow/.local/lib/python3.8/site-packages/airflow/example_dags/example_task_group.py took 0.781 seconds
[2023-12-19T14:14:52.282+0000] {processor.py:161} INFO - Started process (PID=140) to work on /home/airflow/.local/lib/python3.8/site-packages/airflow/example_dags/example_task_group.py
[2023-12-19T14:14:52.291+0000] {processor.py:830} INFO - Processing file /home/airflow/.local/lib/python3.8/site-packages/airflow/example_dags/example_task_group.py for tasks to queue
[2023-12-19T14:14:52.297+0000] {logging_mixin.py:188} INFO - [2023-12-19T14:14:52.297+0000] {dagbag.py:538} INFO - Filling up the DagBag from /home/airflow/.local/lib/python3.8/site-packages/airflow/example_dags/example_task_group.py
[2023-12-19T14:14:52.323+0000] {processor.py:840} INFO - DAG(s) 'example_task_group' retrieved from /home/airflow/.local/lib/python3.8/site-packages/airflow/example_dags/example_task_group.py
[2023-12-19T14:14:52.391+0000] {logging_mixin.py:188} INFO - [2023-12-19T14:14:52.390+0000] {dag.py:3033} INFO - Sync 1 DAGs
[2023-12-19T14:14:52.443+0000] {logging_mixin.py:188} INFO - [2023-12-19T14:14:52.443+0000] {dag.py:3820} INFO - Setting next_dagrun for example_task_group to 2023-12-18T00:00:00+00:00, run_after=2023-12-19T00:00:00+00:00
[2023-12-19T14:14:52.499+0000] {processor.py:183} INFO - Processing /home/airflow/.local/lib/python3.8/site-packages/airflow/example_dags/example_task_group.py took 0.227 seconds
[2023-12-19T14:18:45.689+0000] {processor.py:161} INFO - Started process (PID=77) to work on /home/airflow/.local/lib/python3.8/site-packages/airflow/example_dags/example_task_group.py
[2023-12-19T14:18:45.691+0000] {processor.py:830} INFO - Processing file /home/airflow/.local/lib/python3.8/site-packages/airflow/example_dags/example_task_group.py for tasks to queue
[2023-12-19T14:18:45.695+0000] {logging_mixin.py:188} INFO - [2023-12-19T14:18:45.695+0000] {dagbag.py:538} INFO - Filling up the DagBag from /home/airflow/.local/lib/python3.8/site-packages/airflow/example_dags/example_task_group.py
[2023-12-19T14:18:45.712+0000] {processor.py:840} INFO - DAG(s) 'example_task_group' retrieved from /home/airflow/.local/lib/python3.8/site-packages/airflow/example_dags/example_task_group.py
[2023-12-19T14:18:45.764+0000] {logging_mixin.py:188} INFO - [2023-12-19T14:18:45.763+0000] {dag.py:3033} INFO - Sync 1 DAGs
[2023-12-19T14:18:45.816+0000] {logging_mixin.py:188} INFO - [2023-12-19T14:18:45.815+0000] {dag.py:3820} INFO - Setting next_dagrun for example_task_group to 2023-12-18T00:00:00+00:00, run_after=2023-12-19T00:00:00+00:00
[2023-12-19T14:18:45.863+0000] {processor.py:183} INFO - Processing /home/airflow/.local/lib/python3.8/site-packages/airflow/example_dags/example_task_group.py took 0.182 seconds
[2023-12-19T14:19:18.129+0000] {processor.py:161} INFO - Started process (PID=133) to work on /home/airflow/.local/lib/python3.8/site-packages/airflow/example_dags/example_task_group.py
[2023-12-19T14:19:18.136+0000] {processor.py:830} INFO - Processing file /home/airflow/.local/lib/python3.8/site-packages/airflow/example_dags/example_task_group.py for tasks to queue
[2023-12-19T14:19:18.154+0000] {logging_mixin.py:188} INFO - [2023-12-19T14:19:18.147+0000] {dagbag.py:538} INFO - Filling up the DagBag from /home/airflow/.local/lib/python3.8/site-packages/airflow/example_dags/example_task_group.py
[2023-12-19T14:19:18.243+0000] {processor.py:840} INFO - DAG(s) 'example_task_group' retrieved from /home/airflow/.local/lib/python3.8/site-packages/airflow/example_dags/example_task_group.py
[2023-12-19T14:19:18.454+0000] {logging_mixin.py:188} INFO - [2023-12-19T14:19:18.454+0000] {dag.py:3033} INFO - Sync 1 DAGs
[2023-12-19T14:19:18.698+0000] {logging_mixin.py:188} INFO - [2023-12-19T14:19:18.698+0000] {dag.py:3820} INFO - Setting next_dagrun for example_task_group to 2023-12-18T00:00:00+00:00, run_after=2023-12-19T00:00:00+00:00
[2023-12-19T14:19:18.884+0000] {processor.py:183} INFO - Processing /home/airflow/.local/lib/python3.8/site-packages/airflow/example_dags/example_task_group.py took 0.775 seconds
[2023-12-19T14:19:49.210+0000] {processor.py:161} INFO - Started process (PID=188) to work on /home/airflow/.local/lib/python3.8/site-packages/airflow/example_dags/example_task_group.py
[2023-12-19T14:19:49.227+0000] {processor.py:830} INFO - Processing file /home/airflow/.local/lib/python3.8/site-packages/airflow/example_dags/example_task_group.py for tasks to queue
[2023-12-19T14:19:49.233+0000] {logging_mixin.py:188} INFO - [2023-12-19T14:19:49.232+0000] {dagbag.py:538} INFO - Filling up the DagBag from /home/airflow/.local/lib/python3.8/site-packages/airflow/example_dags/example_task_group.py
[2023-12-19T14:19:49.261+0000] {processor.py:840} INFO - DAG(s) 'example_task_group' retrieved from /home/airflow/.local/lib/python3.8/site-packages/airflow/example_dags/example_task_group.py
[2023-12-19T14:19:49.324+0000] {logging_mixin.py:188} INFO - [2023-12-19T14:19:49.323+0000] {dag.py:3033} INFO - Sync 1 DAGs
[2023-12-19T14:19:49.393+0000] {logging_mixin.py:188} INFO - [2023-12-19T14:19:49.393+0000] {dag.py:3820} INFO - Setting next_dagrun for example_task_group to 2023-12-18T00:00:00+00:00, run_after=2023-12-19T00:00:00+00:00
[2023-12-19T14:19:49.442+0000] {processor.py:183} INFO - Processing /home/airflow/.local/lib/python3.8/site-packages/airflow/example_dags/example_task_group.py took 0.240 seconds
[2023-12-19T14:20:20.347+0000] {processor.py:161} INFO - Started process (PID=243) to work on /home/airflow/.local/lib/python3.8/site-packages/airflow/example_dags/example_task_group.py
[2023-12-19T14:20:20.349+0000] {processor.py:830} INFO - Processing file /home/airflow/.local/lib/python3.8/site-packages/airflow/example_dags/example_task_group.py for tasks to queue
[2023-12-19T14:20:20.355+0000] {logging_mixin.py:188} INFO - [2023-12-19T14:20:20.354+0000] {dagbag.py:538} INFO - Filling up the DagBag from /home/airflow/.local/lib/python3.8/site-packages/airflow/example_dags/example_task_group.py
[2023-12-19T14:20:20.373+0000] {processor.py:840} INFO - DAG(s) 'example_task_group' retrieved from /home/airflow/.local/lib/python3.8/site-packages/airflow/example_dags/example_task_group.py
[2023-12-19T14:20:20.418+0000] {logging_mixin.py:188} INFO - [2023-12-19T14:20:20.418+0000] {dag.py:3033} INFO - Sync 1 DAGs
[2023-12-19T14:20:20.463+0000] {logging_mixin.py:188} INFO - [2023-12-19T14:20:20.462+0000] {dag.py:3820} INFO - Setting next_dagrun for example_task_group to 2023-12-18T00:00:00+00:00, run_after=2023-12-19T00:00:00+00:00
[2023-12-19T14:20:20.503+0000] {processor.py:183} INFO - Processing /home/airflow/.local/lib/python3.8/site-packages/airflow/example_dags/example_task_group.py took 0.165 seconds
[2023-12-19T14:20:51.097+0000] {processor.py:161} INFO - Started process (PID=299) to work on /home/airflow/.local/lib/python3.8/site-packages/airflow/example_dags/example_task_group.py
[2023-12-19T14:20:51.099+0000] {processor.py:830} INFO - Processing file /home/airflow/.local/lib/python3.8/site-packages/airflow/example_dags/example_task_group.py for tasks to queue
[2023-12-19T14:20:51.103+0000] {logging_mixin.py:188} INFO - [2023-12-19T14:20:51.102+0000] {dagbag.py:538} INFO - Filling up the DagBag from /home/airflow/.local/lib/python3.8/site-packages/airflow/example_dags/example_task_group.py
[2023-12-19T14:20:51.116+0000] {processor.py:840} INFO - DAG(s) 'example_task_group' retrieved from /home/airflow/.local/lib/python3.8/site-packages/airflow/example_dags/example_task_group.py
[2023-12-19T14:20:51.157+0000] {logging_mixin.py:188} INFO - [2023-12-19T14:20:51.157+0000] {dag.py:3033} INFO - Sync 1 DAGs
[2023-12-19T14:20:51.212+0000] {logging_mixin.py:188} INFO - [2023-12-19T14:20:51.211+0000] {dag.py:3820} INFO - Setting next_dagrun for example_task_group to 2023-12-18T00:00:00+00:00, run_after=2023-12-19T00:00:00+00:00
[2023-12-19T14:20:51.252+0000] {processor.py:183} INFO - Processing /home/airflow/.local/lib/python3.8/site-packages/airflow/example_dags/example_task_group.py took 0.161 seconds
[2023-12-19T14:21:21.538+0000] {processor.py:161} INFO - Started process (PID=353) to work on /home/airflow/.local/lib/python3.8/site-packages/airflow/example_dags/example_task_group.py
[2023-12-19T14:21:21.541+0000] {processor.py:830} INFO - Processing file /home/airflow/.local/lib/python3.8/site-packages/airflow/example_dags/example_task_group.py for tasks to queue
[2023-12-19T14:21:21.549+0000] {logging_mixin.py:188} INFO - [2023-12-19T14:21:21.548+0000] {dagbag.py:538} INFO - Filling up the DagBag from /home/airflow/.local/lib/python3.8/site-packages/airflow/example_dags/example_task_group.py
[2023-12-19T14:21:21.569+0000] {processor.py:840} INFO - DAG(s) 'example_task_group' retrieved from /home/airflow/.local/lib/python3.8/site-packages/airflow/example_dags/example_task_group.py
[2023-12-19T14:21:21.642+0000] {logging_mixin.py:188} INFO - [2023-12-19T14:21:21.641+0000] {dag.py:3033} INFO - Sync 1 DAGs
[2023-12-19T14:21:21.759+0000] {logging_mixin.py:188} INFO - [2023-12-19T14:21:21.758+0000] {dag.py:3820} INFO - Setting next_dagrun for example_task_group to 2023-12-18T00:00:00+00:00, run_after=2023-12-19T00:00:00+00:00
[2023-12-19T14:21:21.840+0000] {processor.py:183} INFO - Processing /home/airflow/.local/lib/python3.8/site-packages/airflow/example_dags/example_task_group.py took 0.313 seconds
[2023-12-19T14:21:52.491+0000] {processor.py:161} INFO - Started process (PID=408) to work on /home/airflow/.local/lib/python3.8/site-packages/airflow/example_dags/example_task_group.py
[2023-12-19T14:21:52.494+0000] {processor.py:830} INFO - Processing file /home/airflow/.local/lib/python3.8/site-packages/airflow/example_dags/example_task_group.py for tasks to queue
[2023-12-19T14:21:52.501+0000] {logging_mixin.py:188} INFO - [2023-12-19T14:21:52.499+0000] {dagbag.py:538} INFO - Filling up the DagBag from /home/airflow/.local/lib/python3.8/site-packages/airflow/example_dags/example_task_group.py
[2023-12-19T14:21:52.522+0000] {processor.py:840} INFO - DAG(s) 'example_task_group' retrieved from /home/airflow/.local/lib/python3.8/site-packages/airflow/example_dags/example_task_group.py
[2023-12-19T14:21:52.628+0000] {logging_mixin.py:188} INFO - [2023-12-19T14:21:52.628+0000] {dag.py:3033} INFO - Sync 1 DAGs
[2023-12-19T14:21:52.675+0000] {logging_mixin.py:188} INFO - [2023-12-19T14:21:52.674+0000] {dag.py:3820} INFO - Setting next_dagrun for example_task_group to 2023-12-18T00:00:00+00:00, run_after=2023-12-19T00:00:00+00:00
[2023-12-19T14:21:52.717+0000] {processor.py:183} INFO - Processing /home/airflow/.local/lib/python3.8/site-packages/airflow/example_dags/example_task_group.py took 0.236 seconds
[2023-12-19T14:22:22.814+0000] {processor.py:161} INFO - Started process (PID=463) to work on /home/airflow/.local/lib/python3.8/site-packages/airflow/example_dags/example_task_group.py
[2023-12-19T14:22:22.816+0000] {processor.py:830} INFO - Processing file /home/airflow/.local/lib/python3.8/site-packages/airflow/example_dags/example_task_group.py for tasks to queue
[2023-12-19T14:22:22.821+0000] {logging_mixin.py:188} INFO - [2023-12-19T14:22:22.820+0000] {dagbag.py:538} INFO - Filling up the DagBag from /home/airflow/.local/lib/python3.8/site-packages/airflow/example_dags/example_task_group.py
[2023-12-19T14:22:22.838+0000] {processor.py:840} INFO - DAG(s) 'example_task_group' retrieved from /home/airflow/.local/lib/python3.8/site-packages/airflow/example_dags/example_task_group.py
[2023-12-19T14:22:22.885+0000] {logging_mixin.py:188} INFO - [2023-12-19T14:22:22.885+0000] {dag.py:3033} INFO - Sync 1 DAGs
[2023-12-19T14:22:22.927+0000] {logging_mixin.py:188} INFO - [2023-12-19T14:22:22.927+0000] {dag.py:3820} INFO - Setting next_dagrun for example_task_group to 2023-12-18T00:00:00+00:00, run_after=2023-12-19T00:00:00+00:00
[2023-12-19T14:22:22.968+0000] {processor.py:183} INFO - Processing /home/airflow/.local/lib/python3.8/site-packages/airflow/example_dags/example_task_group.py took 0.161 seconds
[2023-12-19T14:23:37.102+0000] {processor.py:161} INFO - Started process (PID=77) to work on /home/airflow/.local/lib/python3.8/site-packages/airflow/example_dags/example_task_group.py
[2023-12-19T14:23:37.104+0000] {processor.py:830} INFO - Processing file /home/airflow/.local/lib/python3.8/site-packages/airflow/example_dags/example_task_group.py for tasks to queue
[2023-12-19T14:23:37.110+0000] {logging_mixin.py:188} INFO - [2023-12-19T14:23:37.109+0000] {dagbag.py:538} INFO - Filling up the DagBag from /home/airflow/.local/lib/python3.8/site-packages/airflow/example_dags/example_task_group.py
[2023-12-19T14:23:37.130+0000] {processor.py:840} INFO - DAG(s) 'example_task_group' retrieved from /home/airflow/.local/lib/python3.8/site-packages/airflow/example_dags/example_task_group.py
[2023-12-19T14:23:37.251+0000] {logging_mixin.py:188} INFO - [2023-12-19T14:23:37.250+0000] {dag.py:3033} INFO - Sync 1 DAGs
[2023-12-19T14:23:37.638+0000] {logging_mixin.py:188} INFO - [2023-12-19T14:23:37.637+0000] {dag.py:3820} INFO - Setting next_dagrun for example_task_group to 2023-12-18T00:00:00+00:00, run_after=2023-12-19T00:00:00+00:00
[2023-12-19T14:23:37.736+0000] {processor.py:183} INFO - Processing /home/airflow/.local/lib/python3.8/site-packages/airflow/example_dags/example_task_group.py took 0.642 seconds
[2023-12-19T14:25:35.315+0000] {processor.py:161} INFO - Started process (PID=89) to work on /home/airflow/.local/lib/python3.8/site-packages/airflow/example_dags/example_task_group.py
[2023-12-19T14:25:35.317+0000] {processor.py:830} INFO - Processing file /home/airflow/.local/lib/python3.8/site-packages/airflow/example_dags/example_task_group.py for tasks to queue
[2023-12-19T14:25:35.322+0000] {logging_mixin.py:188} INFO - [2023-12-19T14:25:35.321+0000] {dagbag.py:538} INFO - Filling up the DagBag from /home/airflow/.local/lib/python3.8/site-packages/airflow/example_dags/example_task_group.py
[2023-12-19T14:25:35.343+0000] {processor.py:840} INFO - DAG(s) 'example_task_group' retrieved from /home/airflow/.local/lib/python3.8/site-packages/airflow/example_dags/example_task_group.py
[2023-12-19T14:25:35.769+0000] {logging_mixin.py:188} INFO - [2023-12-19T14:25:35.768+0000] {dag.py:3033} INFO - Sync 1 DAGs
[2023-12-19T14:25:35.843+0000] {logging_mixin.py:188} INFO - [2023-12-19T14:25:35.842+0000] {dag.py:3820} INFO - Setting next_dagrun for example_task_group to 2023-12-18T00:00:00+00:00, run_after=2023-12-19T00:00:00+00:00
[2023-12-19T14:25:35.955+0000] {processor.py:183} INFO - Processing /home/airflow/.local/lib/python3.8/site-packages/airflow/example_dags/example_task_group.py took 0.647 seconds
[2023-12-19T14:26:06.530+0000] {processor.py:161} INFO - Started process (PID=143) to work on /home/airflow/.local/lib/python3.8/site-packages/airflow/example_dags/example_task_group.py
[2023-12-19T14:26:06.533+0000] {processor.py:830} INFO - Processing file /home/airflow/.local/lib/python3.8/site-packages/airflow/example_dags/example_task_group.py for tasks to queue
[2023-12-19T14:26:06.538+0000] {logging_mixin.py:188} INFO - [2023-12-19T14:26:06.537+0000] {dagbag.py:538} INFO - Filling up the DagBag from /home/airflow/.local/lib/python3.8/site-packages/airflow/example_dags/example_task_group.py
[2023-12-19T14:26:06.554+0000] {processor.py:840} INFO - DAG(s) 'example_task_group' retrieved from /home/airflow/.local/lib/python3.8/site-packages/airflow/example_dags/example_task_group.py
[2023-12-19T14:26:06.607+0000] {logging_mixin.py:188} INFO - [2023-12-19T14:26:06.607+0000] {dag.py:3033} INFO - Sync 1 DAGs
[2023-12-19T14:26:06.661+0000] {logging_mixin.py:188} INFO - [2023-12-19T14:26:06.661+0000] {dag.py:3820} INFO - Setting next_dagrun for example_task_group to 2023-12-18T00:00:00+00:00, run_after=2023-12-19T00:00:00+00:00
[2023-12-19T14:26:06.703+0000] {processor.py:183} INFO - Processing /home/airflow/.local/lib/python3.8/site-packages/airflow/example_dags/example_task_group.py took 0.181 seconds
[2023-12-19T14:26:37.223+0000] {processor.py:161} INFO - Started process (PID=198) to work on /home/airflow/.local/lib/python3.8/site-packages/airflow/example_dags/example_task_group.py
[2023-12-19T14:26:37.225+0000] {processor.py:830} INFO - Processing file /home/airflow/.local/lib/python3.8/site-packages/airflow/example_dags/example_task_group.py for tasks to queue
[2023-12-19T14:26:37.231+0000] {logging_mixin.py:188} INFO - [2023-12-19T14:26:37.230+0000] {dagbag.py:538} INFO - Filling up the DagBag from /home/airflow/.local/lib/python3.8/site-packages/airflow/example_dags/example_task_group.py
[2023-12-19T14:26:37.252+0000] {processor.py:840} INFO - DAG(s) 'example_task_group' retrieved from /home/airflow/.local/lib/python3.8/site-packages/airflow/example_dags/example_task_group.py
[2023-12-19T14:26:37.373+0000] {logging_mixin.py:188} INFO - [2023-12-19T14:26:37.373+0000] {dag.py:3033} INFO - Sync 1 DAGs
[2023-12-19T14:26:37.472+0000] {logging_mixin.py:188} INFO - [2023-12-19T14:26:37.471+0000] {dag.py:3820} INFO - Setting next_dagrun for example_task_group to 2023-12-18T00:00:00+00:00, run_after=2023-12-19T00:00:00+00:00
[2023-12-19T14:26:37.585+0000] {processor.py:183} INFO - Processing /home/airflow/.local/lib/python3.8/site-packages/airflow/example_dags/example_task_group.py took 0.387 seconds
[2023-12-19T14:27:07.699+0000] {processor.py:161} INFO - Started process (PID=253) to work on /home/airflow/.local/lib/python3.8/site-packages/airflow/example_dags/example_task_group.py
[2023-12-19T14:27:07.701+0000] {processor.py:830} INFO - Processing file /home/airflow/.local/lib/python3.8/site-packages/airflow/example_dags/example_task_group.py for tasks to queue
[2023-12-19T14:27:07.707+0000] {logging_mixin.py:188} INFO - [2023-12-19T14:27:07.706+0000] {dagbag.py:538} INFO - Filling up the DagBag from /home/airflow/.local/lib/python3.8/site-packages/airflow/example_dags/example_task_group.py
[2023-12-19T14:27:07.724+0000] {processor.py:840} INFO - DAG(s) 'example_task_group' retrieved from /home/airflow/.local/lib/python3.8/site-packages/airflow/example_dags/example_task_group.py
[2023-12-19T14:27:07.771+0000] {logging_mixin.py:188} INFO - [2023-12-19T14:27:07.770+0000] {dag.py:3033} INFO - Sync 1 DAGs
[2023-12-19T14:27:07.820+0000] {logging_mixin.py:188} INFO - [2023-12-19T14:27:07.819+0000] {dag.py:3820} INFO - Setting next_dagrun for example_task_group to 2023-12-18T00:00:00+00:00, run_after=2023-12-19T00:00:00+00:00
[2023-12-19T14:27:07.865+0000] {processor.py:183} INFO - Processing /home/airflow/.local/lib/python3.8/site-packages/airflow/example_dags/example_task_group.py took 0.177 seconds
[2023-12-19T14:27:38.012+0000] {processor.py:161} INFO - Started process (PID=308) to work on /home/airflow/.local/lib/python3.8/site-packages/airflow/example_dags/example_task_group.py
[2023-12-19T14:27:38.014+0000] {processor.py:830} INFO - Processing file /home/airflow/.local/lib/python3.8/site-packages/airflow/example_dags/example_task_group.py for tasks to queue
[2023-12-19T14:27:38.019+0000] {logging_mixin.py:188} INFO - [2023-12-19T14:27:38.019+0000] {dagbag.py:538} INFO - Filling up the DagBag from /home/airflow/.local/lib/python3.8/site-packages/airflow/example_dags/example_task_group.py
[2023-12-19T14:27:38.038+0000] {processor.py:840} INFO - DAG(s) 'example_task_group' retrieved from /home/airflow/.local/lib/python3.8/site-packages/airflow/example_dags/example_task_group.py
[2023-12-19T14:27:38.089+0000] {logging_mixin.py:188} INFO - [2023-12-19T14:27:38.089+0000] {dag.py:3033} INFO - Sync 1 DAGs
[2023-12-19T14:27:38.139+0000] {logging_mixin.py:188} INFO - [2023-12-19T14:27:38.139+0000] {dag.py:3820} INFO - Setting next_dagrun for example_task_group to 2023-12-18T00:00:00+00:00, run_after=2023-12-19T00:00:00+00:00
[2023-12-19T14:27:38.180+0000] {processor.py:183} INFO - Processing /home/airflow/.local/lib/python3.8/site-packages/airflow/example_dags/example_task_group.py took 0.176 seconds
[2023-12-19T14:28:08.258+0000] {processor.py:161} INFO - Started process (PID=363) to work on /home/airflow/.local/lib/python3.8/site-packages/airflow/example_dags/example_task_group.py
[2023-12-19T14:28:08.260+0000] {processor.py:830} INFO - Processing file /home/airflow/.local/lib/python3.8/site-packages/airflow/example_dags/example_task_group.py for tasks to queue
[2023-12-19T14:28:08.263+0000] {logging_mixin.py:188} INFO - [2023-12-19T14:28:08.263+0000] {dagbag.py:538} INFO - Filling up the DagBag from /home/airflow/.local/lib/python3.8/site-packages/airflow/example_dags/example_task_group.py
[2023-12-19T14:28:08.277+0000] {processor.py:840} INFO - DAG(s) 'example_task_group' retrieved from /home/airflow/.local/lib/python3.8/site-packages/airflow/example_dags/example_task_group.py
[2023-12-19T14:28:08.316+0000] {logging_mixin.py:188} INFO - [2023-12-19T14:28:08.316+0000] {dag.py:3033} INFO - Sync 1 DAGs
[2023-12-19T14:28:08.355+0000] {logging_mixin.py:188} INFO - [2023-12-19T14:28:08.354+0000] {dag.py:3820} INFO - Setting next_dagrun for example_task_group to 2023-12-18T00:00:00+00:00, run_after=2023-12-19T00:00:00+00:00
[2023-12-19T14:28:08.393+0000] {processor.py:183} INFO - Processing /home/airflow/.local/lib/python3.8/site-packages/airflow/example_dags/example_task_group.py took 0.142 seconds
[2023-12-19T14:28:38.580+0000] {processor.py:161} INFO - Started process (PID=418) to work on /home/airflow/.local/lib/python3.8/site-packages/airflow/example_dags/example_task_group.py
[2023-12-19T14:28:38.584+0000] {processor.py:830} INFO - Processing file /home/airflow/.local/lib/python3.8/site-packages/airflow/example_dags/example_task_group.py for tasks to queue
[2023-12-19T14:28:38.589+0000] {logging_mixin.py:188} INFO - [2023-12-19T14:28:38.589+0000] {dagbag.py:538} INFO - Filling up the DagBag from /home/airflow/.local/lib/python3.8/site-packages/airflow/example_dags/example_task_group.py
[2023-12-19T14:28:38.608+0000] {processor.py:840} INFO - DAG(s) 'example_task_group' retrieved from /home/airflow/.local/lib/python3.8/site-packages/airflow/example_dags/example_task_group.py
[2023-12-19T14:28:38.691+0000] {logging_mixin.py:188} INFO - [2023-12-19T14:28:38.690+0000] {dag.py:3033} INFO - Sync 1 DAGs
[2023-12-19T14:28:38.784+0000] {logging_mixin.py:188} INFO - [2023-12-19T14:28:38.784+0000] {dag.py:3820} INFO - Setting next_dagrun for example_task_group to 2023-12-18T00:00:00+00:00, run_after=2023-12-19T00:00:00+00:00
[2023-12-19T14:28:38.886+0000] {processor.py:183} INFO - Processing /home/airflow/.local/lib/python3.8/site-packages/airflow/example_dags/example_task_group.py took 0.316 seconds
[2023-12-19T14:29:09.924+0000] {processor.py:161} INFO - Started process (PID=473) to work on /home/airflow/.local/lib/python3.8/site-packages/airflow/example_dags/example_task_group.py
[2023-12-19T14:29:09.927+0000] {processor.py:830} INFO - Processing file /home/airflow/.local/lib/python3.8/site-packages/airflow/example_dags/example_task_group.py for tasks to queue
[2023-12-19T14:29:09.932+0000] {logging_mixin.py:188} INFO - [2023-12-19T14:29:09.931+0000] {dagbag.py:538} INFO - Filling up the DagBag from /home/airflow/.local/lib/python3.8/site-packages/airflow/example_dags/example_task_group.py
[2023-12-19T14:29:09.951+0000] {processor.py:840} INFO - DAG(s) 'example_task_group' retrieved from /home/airflow/.local/lib/python3.8/site-packages/airflow/example_dags/example_task_group.py
[2023-12-19T14:29:09.998+0000] {logging_mixin.py:188} INFO - [2023-12-19T14:29:09.997+0000] {dag.py:3033} INFO - Sync 1 DAGs
[2023-12-19T14:29:10.037+0000] {logging_mixin.py:188} INFO - [2023-12-19T14:29:10.037+0000] {dag.py:3820} INFO - Setting next_dagrun for example_task_group to 2023-12-18T00:00:00+00:00, run_after=2023-12-19T00:00:00+00:00
[2023-12-19T14:29:10.085+0000] {processor.py:183} INFO - Processing /home/airflow/.local/lib/python3.8/site-packages/airflow/example_dags/example_task_group.py took 0.168 seconds
[2023-12-19T14:29:41.547+0000] {processor.py:161} INFO - Started process (PID=529) to work on /home/airflow/.local/lib/python3.8/site-packages/airflow/example_dags/example_task_group.py
[2023-12-19T14:29:41.549+0000] {processor.py:830} INFO - Processing file /home/airflow/.local/lib/python3.8/site-packages/airflow/example_dags/example_task_group.py for tasks to queue
[2023-12-19T14:29:41.553+0000] {logging_mixin.py:188} INFO - [2023-12-19T14:29:41.553+0000] {dagbag.py:538} INFO - Filling up the DagBag from /home/airflow/.local/lib/python3.8/site-packages/airflow/example_dags/example_task_group.py
[2023-12-19T14:29:41.571+0000] {processor.py:840} INFO - DAG(s) 'example_task_group' retrieved from /home/airflow/.local/lib/python3.8/site-packages/airflow/example_dags/example_task_group.py
[2023-12-19T14:29:41.626+0000] {logging_mixin.py:188} INFO - [2023-12-19T14:29:41.625+0000] {dag.py:3033} INFO - Sync 1 DAGs
[2023-12-19T14:29:41.672+0000] {logging_mixin.py:188} INFO - [2023-12-19T14:29:41.672+0000] {dag.py:3820} INFO - Setting next_dagrun for example_task_group to 2023-12-18T00:00:00+00:00, run_after=2023-12-19T00:00:00+00:00
[2023-12-19T14:29:41.718+0000] {processor.py:183} INFO - Processing /home/airflow/.local/lib/python3.8/site-packages/airflow/example_dags/example_task_group.py took 0.178 seconds
[2023-12-19T14:30:12.034+0000] {processor.py:161} INFO - Started process (PID=584) to work on /home/airflow/.local/lib/python3.8/site-packages/airflow/example_dags/example_task_group.py
[2023-12-19T14:30:12.035+0000] {processor.py:830} INFO - Processing file /home/airflow/.local/lib/python3.8/site-packages/airflow/example_dags/example_task_group.py for tasks to queue
[2023-12-19T14:30:12.040+0000] {logging_mixin.py:188} INFO - [2023-12-19T14:30:12.039+0000] {dagbag.py:538} INFO - Filling up the DagBag from /home/airflow/.local/lib/python3.8/site-packages/airflow/example_dags/example_task_group.py
[2023-12-19T14:30:12.056+0000] {processor.py:840} INFO - DAG(s) 'example_task_group' retrieved from /home/airflow/.local/lib/python3.8/site-packages/airflow/example_dags/example_task_group.py
[2023-12-19T14:30:12.095+0000] {logging_mixin.py:188} INFO - [2023-12-19T14:30:12.095+0000] {dag.py:3033} INFO - Sync 1 DAGs
[2023-12-19T14:30:12.138+0000] {logging_mixin.py:188} INFO - [2023-12-19T14:30:12.138+0000] {dag.py:3820} INFO - Setting next_dagrun for example_task_group to 2023-12-18T00:00:00+00:00, run_after=2023-12-19T00:00:00+00:00
[2023-12-19T14:30:12.175+0000] {processor.py:183} INFO - Processing /home/airflow/.local/lib/python3.8/site-packages/airflow/example_dags/example_task_group.py took 0.148 seconds
[2023-12-19T14:30:42.725+0000] {processor.py:161} INFO - Started process (PID=638) to work on /home/airflow/.local/lib/python3.8/site-packages/airflow/example_dags/example_task_group.py
[2023-12-19T14:30:42.728+0000] {processor.py:830} INFO - Processing file /home/airflow/.local/lib/python3.8/site-packages/airflow/example_dags/example_task_group.py for tasks to queue
[2023-12-19T14:30:42.734+0000] {logging_mixin.py:188} INFO - [2023-12-19T14:30:42.733+0000] {dagbag.py:538} INFO - Filling up the DagBag from /home/airflow/.local/lib/python3.8/site-packages/airflow/example_dags/example_task_group.py
[2023-12-19T14:30:42.764+0000] {processor.py:840} INFO - DAG(s) 'example_task_group' retrieved from /home/airflow/.local/lib/python3.8/site-packages/airflow/example_dags/example_task_group.py
[2023-12-19T14:30:42.857+0000] {logging_mixin.py:188} INFO - [2023-12-19T14:30:42.856+0000] {dag.py:3033} INFO - Sync 1 DAGs
[2023-12-19T14:30:42.936+0000] {logging_mixin.py:188} INFO - [2023-12-19T14:30:42.934+0000] {dag.py:3820} INFO - Setting next_dagrun for example_task_group to 2023-12-18T00:00:00+00:00, run_after=2023-12-19T00:00:00+00:00
[2023-12-19T14:30:42.998+0000] {processor.py:183} INFO - Processing /home/airflow/.local/lib/python3.8/site-packages/airflow/example_dags/example_task_group.py took 0.289 seconds
[2023-12-19T14:31:13.231+0000] {processor.py:161} INFO - Started process (PID=692) to work on /home/airflow/.local/lib/python3.8/site-packages/airflow/example_dags/example_task_group.py
[2023-12-19T14:31:13.233+0000] {processor.py:830} INFO - Processing file /home/airflow/.local/lib/python3.8/site-packages/airflow/example_dags/example_task_group.py for tasks to queue
[2023-12-19T14:31:13.237+0000] {logging_mixin.py:188} INFO - [2023-12-19T14:31:13.236+0000] {dagbag.py:538} INFO - Filling up the DagBag from /home/airflow/.local/lib/python3.8/site-packages/airflow/example_dags/example_task_group.py
[2023-12-19T14:31:13.253+0000] {processor.py:840} INFO - DAG(s) 'example_task_group' retrieved from /home/airflow/.local/lib/python3.8/site-packages/airflow/example_dags/example_task_group.py
[2023-12-19T14:31:13.310+0000] {logging_mixin.py:188} INFO - [2023-12-19T14:31:13.309+0000] {dag.py:3033} INFO - Sync 1 DAGs
[2023-12-19T14:31:13.363+0000] {logging_mixin.py:188} INFO - [2023-12-19T14:31:13.362+0000] {dag.py:3820} INFO - Setting next_dagrun for example_task_group to 2023-12-18T00:00:00+00:00, run_after=2023-12-19T00:00:00+00:00
[2023-12-19T14:31:13.410+0000] {processor.py:183} INFO - Processing /home/airflow/.local/lib/python3.8/site-packages/airflow/example_dags/example_task_group.py took 0.187 seconds
[2023-12-19T14:31:44.074+0000] {processor.py:161} INFO - Started process (PID=747) to work on /home/airflow/.local/lib/python3.8/site-packages/airflow/example_dags/example_task_group.py
[2023-12-19T14:31:44.075+0000] {processor.py:830} INFO - Processing file /home/airflow/.local/lib/python3.8/site-packages/airflow/example_dags/example_task_group.py for tasks to queue
[2023-12-19T14:31:44.079+0000] {logging_mixin.py:188} INFO - [2023-12-19T14:31:44.079+0000] {dagbag.py:538} INFO - Filling up the DagBag from /home/airflow/.local/lib/python3.8/site-packages/airflow/example_dags/example_task_group.py
[2023-12-19T14:31:44.095+0000] {processor.py:840} INFO - DAG(s) 'example_task_group' retrieved from /home/airflow/.local/lib/python3.8/site-packages/airflow/example_dags/example_task_group.py
[2023-12-19T14:31:44.140+0000] {logging_mixin.py:188} INFO - [2023-12-19T14:31:44.139+0000] {dag.py:3033} INFO - Sync 1 DAGs
[2023-12-19T14:31:44.196+0000] {logging_mixin.py:188} INFO - [2023-12-19T14:31:44.196+0000] {dag.py:3820} INFO - Setting next_dagrun for example_task_group to 2023-12-18T00:00:00+00:00, run_after=2023-12-19T00:00:00+00:00
[2023-12-19T14:31:44.260+0000] {processor.py:183} INFO - Processing /home/airflow/.local/lib/python3.8/site-packages/airflow/example_dags/example_task_group.py took 0.193 seconds
[2023-12-19T14:32:15.241+0000] {processor.py:161} INFO - Started process (PID=801) to work on /home/airflow/.local/lib/python3.8/site-packages/airflow/example_dags/example_task_group.py
[2023-12-19T14:32:15.247+0000] {processor.py:830} INFO - Processing file /home/airflow/.local/lib/python3.8/site-packages/airflow/example_dags/example_task_group.py for tasks to queue
[2023-12-19T14:32:15.252+0000] {logging_mixin.py:188} INFO - [2023-12-19T14:32:15.251+0000] {dagbag.py:538} INFO - Filling up the DagBag from /home/airflow/.local/lib/python3.8/site-packages/airflow/example_dags/example_task_group.py
[2023-12-19T14:32:15.275+0000] {processor.py:840} INFO - DAG(s) 'example_task_group' retrieved from /home/airflow/.local/lib/python3.8/site-packages/airflow/example_dags/example_task_group.py
[2023-12-19T14:32:15.363+0000] {logging_mixin.py:188} INFO - [2023-12-19T14:32:15.362+0000] {dag.py:3033} INFO - Sync 1 DAGs
[2023-12-19T14:32:15.450+0000] {logging_mixin.py:188} INFO - [2023-12-19T14:32:15.449+0000] {dag.py:3820} INFO - Setting next_dagrun for example_task_group to 2023-12-18T00:00:00+00:00, run_after=2023-12-19T00:00:00+00:00
[2023-12-19T14:32:15.529+0000] {processor.py:183} INFO - Processing /home/airflow/.local/lib/python3.8/site-packages/airflow/example_dags/example_task_group.py took 0.295 seconds
[2023-12-19T14:32:45.787+0000] {processor.py:161} INFO - Started process (PID=856) to work on /home/airflow/.local/lib/python3.8/site-packages/airflow/example_dags/example_task_group.py
[2023-12-19T14:32:45.790+0000] {processor.py:830} INFO - Processing file /home/airflow/.local/lib/python3.8/site-packages/airflow/example_dags/example_task_group.py for tasks to queue
[2023-12-19T14:32:45.795+0000] {logging_mixin.py:188} INFO - [2023-12-19T14:32:45.794+0000] {dagbag.py:538} INFO - Filling up the DagBag from /home/airflow/.local/lib/python3.8/site-packages/airflow/example_dags/example_task_group.py
[2023-12-19T14:32:45.829+0000] {processor.py:840} INFO - DAG(s) 'example_task_group' retrieved from /home/airflow/.local/lib/python3.8/site-packages/airflow/example_dags/example_task_group.py
[2023-12-19T14:32:45.899+0000] {logging_mixin.py:188} INFO - [2023-12-19T14:32:45.898+0000] {dag.py:3033} INFO - Sync 1 DAGs
[2023-12-19T14:32:45.968+0000] {logging_mixin.py:188} INFO - [2023-12-19T14:32:45.967+0000] {dag.py:3820} INFO - Setting next_dagrun for example_task_group to 2023-12-18T00:00:00+00:00, run_after=2023-12-19T00:00:00+00:00
[2023-12-19T14:32:46.026+0000] {processor.py:183} INFO - Processing /home/airflow/.local/lib/python3.8/site-packages/airflow/example_dags/example_task_group.py took 0.249 seconds
[2023-12-19T14:33:16.310+0000] {processor.py:161} INFO - Started process (PID=911) to work on /home/airflow/.local/lib/python3.8/site-packages/airflow/example_dags/example_task_group.py
[2023-12-19T14:33:16.313+0000] {processor.py:830} INFO - Processing file /home/airflow/.local/lib/python3.8/site-packages/airflow/example_dags/example_task_group.py for tasks to queue
[2023-12-19T14:33:16.319+0000] {logging_mixin.py:188} INFO - [2023-12-19T14:33:16.318+0000] {dagbag.py:538} INFO - Filling up the DagBag from /home/airflow/.local/lib/python3.8/site-packages/airflow/example_dags/example_task_group.py
[2023-12-19T14:33:16.340+0000] {processor.py:840} INFO - DAG(s) 'example_task_group' retrieved from /home/airflow/.local/lib/python3.8/site-packages/airflow/example_dags/example_task_group.py
[2023-12-19T14:33:16.394+0000] {logging_mixin.py:188} INFO - [2023-12-19T14:33:16.394+0000] {dag.py:3033} INFO - Sync 1 DAGs
[2023-12-19T14:33:16.451+0000] {logging_mixin.py:188} INFO - [2023-12-19T14:33:16.450+0000] {dag.py:3820} INFO - Setting next_dagrun for example_task_group to 2023-12-18T00:00:00+00:00, run_after=2023-12-19T00:00:00+00:00
[2023-12-19T14:33:16.507+0000] {processor.py:183} INFO - Processing /home/airflow/.local/lib/python3.8/site-packages/airflow/example_dags/example_task_group.py took 0.205 seconds
[2023-12-19T14:33:47.052+0000] {processor.py:161} INFO - Started process (PID=966) to work on /home/airflow/.local/lib/python3.8/site-packages/airflow/example_dags/example_task_group.py
[2023-12-19T14:33:47.054+0000] {processor.py:830} INFO - Processing file /home/airflow/.local/lib/python3.8/site-packages/airflow/example_dags/example_task_group.py for tasks to queue
[2023-12-19T14:33:47.060+0000] {logging_mixin.py:188} INFO - [2023-12-19T14:33:47.059+0000] {dagbag.py:538} INFO - Filling up the DagBag from /home/airflow/.local/lib/python3.8/site-packages/airflow/example_dags/example_task_group.py
[2023-12-19T14:33:47.084+0000] {processor.py:840} INFO - DAG(s) 'example_task_group' retrieved from /home/airflow/.local/lib/python3.8/site-packages/airflow/example_dags/example_task_group.py
[2023-12-19T14:33:47.144+0000] {logging_mixin.py:188} INFO - [2023-12-19T14:33:47.143+0000] {dag.py:3033} INFO - Sync 1 DAGs
[2023-12-19T14:33:47.208+0000] {logging_mixin.py:188} INFO - [2023-12-19T14:33:47.208+0000] {dag.py:3820} INFO - Setting next_dagrun for example_task_group to 2023-12-18T00:00:00+00:00, run_after=2023-12-19T00:00:00+00:00
[2023-12-19T14:33:47.261+0000] {processor.py:183} INFO - Processing /home/airflow/.local/lib/python3.8/site-packages/airflow/example_dags/example_task_group.py took 0.221 seconds
[2023-12-19T14:34:17.698+0000] {processor.py:161} INFO - Started process (PID=1021) to work on /home/airflow/.local/lib/python3.8/site-packages/airflow/example_dags/example_task_group.py
[2023-12-19T14:34:17.700+0000] {processor.py:830} INFO - Processing file /home/airflow/.local/lib/python3.8/site-packages/airflow/example_dags/example_task_group.py for tasks to queue
[2023-12-19T14:34:17.706+0000] {logging_mixin.py:188} INFO - [2023-12-19T14:34:17.705+0000] {dagbag.py:538} INFO - Filling up the DagBag from /home/airflow/.local/lib/python3.8/site-packages/airflow/example_dags/example_task_group.py
[2023-12-19T14:34:17.727+0000] {processor.py:840} INFO - DAG(s) 'example_task_group' retrieved from /home/airflow/.local/lib/python3.8/site-packages/airflow/example_dags/example_task_group.py
[2023-12-19T14:34:17.793+0000] {logging_mixin.py:188} INFO - [2023-12-19T14:34:17.793+0000] {dag.py:3033} INFO - Sync 1 DAGs
[2023-12-19T14:34:17.838+0000] {logging_mixin.py:188} INFO - [2023-12-19T14:34:17.837+0000] {dag.py:3820} INFO - Setting next_dagrun for example_task_group to 2023-12-18T00:00:00+00:00, run_after=2023-12-19T00:00:00+00:00
[2023-12-19T14:34:17.876+0000] {processor.py:183} INFO - Processing /home/airflow/.local/lib/python3.8/site-packages/airflow/example_dags/example_task_group.py took 0.188 seconds
[2023-12-19T14:34:48.784+0000] {processor.py:161} INFO - Started process (PID=1075) to work on /home/airflow/.local/lib/python3.8/site-packages/airflow/example_dags/example_task_group.py
[2023-12-19T14:34:48.786+0000] {processor.py:830} INFO - Processing file /home/airflow/.local/lib/python3.8/site-packages/airflow/example_dags/example_task_group.py for tasks to queue
[2023-12-19T14:34:48.792+0000] {logging_mixin.py:188} INFO - [2023-12-19T14:34:48.791+0000] {dagbag.py:538} INFO - Filling up the DagBag from /home/airflow/.local/lib/python3.8/site-packages/airflow/example_dags/example_task_group.py
[2023-12-19T14:34:48.811+0000] {processor.py:840} INFO - DAG(s) 'example_task_group' retrieved from /home/airflow/.local/lib/python3.8/site-packages/airflow/example_dags/example_task_group.py
[2023-12-19T14:34:48.867+0000] {logging_mixin.py:188} INFO - [2023-12-19T14:34:48.866+0000] {dag.py:3033} INFO - Sync 1 DAGs
[2023-12-19T14:34:48.925+0000] {logging_mixin.py:188} INFO - [2023-12-19T14:34:48.925+0000] {dag.py:3820} INFO - Setting next_dagrun for example_task_group to 2023-12-18T00:00:00+00:00, run_after=2023-12-19T00:00:00+00:00
[2023-12-19T14:34:48.970+0000] {processor.py:183} INFO - Processing /home/airflow/.local/lib/python3.8/site-packages/airflow/example_dags/example_task_group.py took 0.197 seconds
[2023-12-19T14:35:19.811+0000] {processor.py:161} INFO - Started process (PID=1130) to work on /home/airflow/.local/lib/python3.8/site-packages/airflow/example_dags/example_task_group.py
[2023-12-19T14:35:19.813+0000] {processor.py:830} INFO - Processing file /home/airflow/.local/lib/python3.8/site-packages/airflow/example_dags/example_task_group.py for tasks to queue
[2023-12-19T14:35:19.817+0000] {logging_mixin.py:188} INFO - [2023-12-19T14:35:19.816+0000] {dagbag.py:538} INFO - Filling up the DagBag from /home/airflow/.local/lib/python3.8/site-packages/airflow/example_dags/example_task_group.py
[2023-12-19T14:35:19.830+0000] {processor.py:840} INFO - DAG(s) 'example_task_group' retrieved from /home/airflow/.local/lib/python3.8/site-packages/airflow/example_dags/example_task_group.py
[2023-12-19T14:35:19.881+0000] {logging_mixin.py:188} INFO - [2023-12-19T14:35:19.881+0000] {dag.py:3033} INFO - Sync 1 DAGs
[2023-12-19T14:35:19.920+0000] {logging_mixin.py:188} INFO - [2023-12-19T14:35:19.919+0000] {dag.py:3820} INFO - Setting next_dagrun for example_task_group to 2023-12-18T00:00:00+00:00, run_after=2023-12-19T00:00:00+00:00
[2023-12-19T14:35:19.947+0000] {processor.py:183} INFO - Processing /home/airflow/.local/lib/python3.8/site-packages/airflow/example_dags/example_task_group.py took 0.144 seconds
[2023-12-19T14:35:50.257+0000] {processor.py:161} INFO - Started process (PID=1184) to work on /home/airflow/.local/lib/python3.8/site-packages/airflow/example_dags/example_task_group.py
[2023-12-19T14:35:50.259+0000] {processor.py:830} INFO - Processing file /home/airflow/.local/lib/python3.8/site-packages/airflow/example_dags/example_task_group.py for tasks to queue
[2023-12-19T14:35:50.262+0000] {logging_mixin.py:188} INFO - [2023-12-19T14:35:50.261+0000] {dagbag.py:538} INFO - Filling up the DagBag from /home/airflow/.local/lib/python3.8/site-packages/airflow/example_dags/example_task_group.py
[2023-12-19T14:35:50.273+0000] {processor.py:840} INFO - DAG(s) 'example_task_group' retrieved from /home/airflow/.local/lib/python3.8/site-packages/airflow/example_dags/example_task_group.py
[2023-12-19T14:35:50.307+0000] {logging_mixin.py:188} INFO - [2023-12-19T14:35:50.307+0000] {dag.py:3033} INFO - Sync 1 DAGs
[2023-12-19T14:35:50.349+0000] {logging_mixin.py:188} INFO - [2023-12-19T14:35:50.348+0000] {dag.py:3820} INFO - Setting next_dagrun for example_task_group to 2023-12-18T00:00:00+00:00, run_after=2023-12-19T00:00:00+00:00
[2023-12-19T14:35:50.390+0000] {processor.py:183} INFO - Processing /home/airflow/.local/lib/python3.8/site-packages/airflow/example_dags/example_task_group.py took 0.138 seconds
[2023-12-19T14:36:21.085+0000] {processor.py:161} INFO - Started process (PID=1239) to work on /home/airflow/.local/lib/python3.8/site-packages/airflow/example_dags/example_task_group.py
[2023-12-19T14:36:21.087+0000] {processor.py:830} INFO - Processing file /home/airflow/.local/lib/python3.8/site-packages/airflow/example_dags/example_task_group.py for tasks to queue
[2023-12-19T14:36:21.092+0000] {logging_mixin.py:188} INFO - [2023-12-19T14:36:21.091+0000] {dagbag.py:538} INFO - Filling up the DagBag from /home/airflow/.local/lib/python3.8/site-packages/airflow/example_dags/example_task_group.py
[2023-12-19T14:36:21.106+0000] {processor.py:840} INFO - DAG(s) 'example_task_group' retrieved from /home/airflow/.local/lib/python3.8/site-packages/airflow/example_dags/example_task_group.py
[2023-12-19T14:36:21.137+0000] {logging_mixin.py:188} INFO - [2023-12-19T14:36:21.137+0000] {dag.py:3033} INFO - Sync 1 DAGs
[2023-12-19T14:36:21.170+0000] {logging_mixin.py:188} INFO - [2023-12-19T14:36:21.169+0000] {dag.py:3820} INFO - Setting next_dagrun for example_task_group to 2023-12-18T00:00:00+00:00, run_after=2023-12-19T00:00:00+00:00
[2023-12-19T14:36:21.197+0000] {processor.py:183} INFO - Processing /home/airflow/.local/lib/python3.8/site-packages/airflow/example_dags/example_task_group.py took 0.119 seconds
[2023-12-19T14:36:52.158+0000] {processor.py:161} INFO - Started process (PID=1294) to work on /home/airflow/.local/lib/python3.8/site-packages/airflow/example_dags/example_task_group.py
[2023-12-19T14:36:52.160+0000] {processor.py:830} INFO - Processing file /home/airflow/.local/lib/python3.8/site-packages/airflow/example_dags/example_task_group.py for tasks to queue
[2023-12-19T14:36:52.164+0000] {logging_mixin.py:188} INFO - [2023-12-19T14:36:52.164+0000] {dagbag.py:538} INFO - Filling up the DagBag from /home/airflow/.local/lib/python3.8/site-packages/airflow/example_dags/example_task_group.py
[2023-12-19T14:36:52.179+0000] {processor.py:840} INFO - DAG(s) 'example_task_group' retrieved from /home/airflow/.local/lib/python3.8/site-packages/airflow/example_dags/example_task_group.py
[2023-12-19T14:36:52.240+0000] {logging_mixin.py:188} INFO - [2023-12-19T14:36:52.239+0000] {dag.py:3033} INFO - Sync 1 DAGs
[2023-12-19T14:36:52.309+0000] {logging_mixin.py:188} INFO - [2023-12-19T14:36:52.303+0000] {dag.py:3820} INFO - Setting next_dagrun for example_task_group to 2023-12-18T00:00:00+00:00, run_after=2023-12-19T00:00:00+00:00
[2023-12-19T14:36:52.349+0000] {processor.py:183} INFO - Processing /home/airflow/.local/lib/python3.8/site-packages/airflow/example_dags/example_task_group.py took 0.197 seconds
