[2023-12-19T14:14:00.962+0000] {processor.py:161} INFO - Started process (PID=49) to work on /home/airflow/.local/lib/python3.8/site-packages/airflow/example_dags/example_dag_decorator.py
[2023-12-19T14:14:00.964+0000] {processor.py:830} INFO - Processing file /home/airflow/.local/lib/python3.8/site-packages/airflow/example_dags/example_dag_decorator.py for tasks to queue
[2023-12-19T14:14:00.969+0000] {logging_mixin.py:188} INFO - [2023-12-19T14:14:00.968+0000] {dagbag.py:538} INFO - Filling up the DagBag from /home/airflow/.local/lib/python3.8/site-packages/airflow/example_dags/example_dag_decorator.py
[2023-12-19T14:14:02.520+0000] {processor.py:840} INFO - DAG(s) 'example_dag_decorator' retrieved from /home/airflow/.local/lib/python3.8/site-packages/airflow/example_dags/example_dag_decorator.py
[2023-12-19T14:14:03.050+0000] {logging_mixin.py:188} INFO - [2023-12-19T14:14:03.049+0000] {dag.py:3033} INFO - Sync 1 DAGs
[2023-12-19T14:14:03.090+0000] {logging_mixin.py:188} INFO - [2023-12-19T14:14:03.089+0000] {dag.py:3820} INFO - Setting next_dagrun for example_dag_decorator to None, run_after=None
[2023-12-19T14:14:03.165+0000] {processor.py:183} INFO - Processing /home/airflow/.local/lib/python3.8/site-packages/airflow/example_dags/example_dag_decorator.py took 2.210 seconds
[2023-12-19T14:14:33.531+0000] {processor.py:161} INFO - Started process (PID=110) to work on /home/airflow/.local/lib/python3.8/site-packages/airflow/example_dags/example_dag_decorator.py
[2023-12-19T14:14:33.533+0000] {processor.py:830} INFO - Processing file /home/airflow/.local/lib/python3.8/site-packages/airflow/example_dags/example_dag_decorator.py for tasks to queue
[2023-12-19T14:14:33.537+0000] {logging_mixin.py:188} INFO - [2023-12-19T14:14:33.537+0000] {dagbag.py:538} INFO - Filling up the DagBag from /home/airflow/.local/lib/python3.8/site-packages/airflow/example_dags/example_dag_decorator.py
[2023-12-19T14:14:33.827+0000] {processor.py:840} INFO - DAG(s) 'example_dag_decorator' retrieved from /home/airflow/.local/lib/python3.8/site-packages/airflow/example_dags/example_dag_decorator.py
[2023-12-19T14:14:34.473+0000] {logging_mixin.py:188} INFO - [2023-12-19T14:14:34.473+0000] {dag.py:3033} INFO - Sync 1 DAGs
[2023-12-19T14:14:34.504+0000] {logging_mixin.py:188} INFO - [2023-12-19T14:14:34.503+0000] {dag.py:3820} INFO - Setting next_dagrun for example_dag_decorator to None, run_after=None
[2023-12-19T14:14:34.559+0000] {processor.py:183} INFO - Processing /home/airflow/.local/lib/python3.8/site-packages/airflow/example_dags/example_dag_decorator.py took 1.035 seconds
[2023-12-19T14:15:22.638+0000] {processor.py:161} INFO - Started process (PID=166) to work on /home/airflow/.local/lib/python3.8/site-packages/airflow/example_dags/example_dag_decorator.py
[2023-12-19T14:15:22.643+0000] {processor.py:830} INFO - Processing file /home/airflow/.local/lib/python3.8/site-packages/airflow/example_dags/example_dag_decorator.py for tasks to queue
[2023-12-19T14:15:22.648+0000] {logging_mixin.py:188} INFO - [2023-12-19T14:15:22.648+0000] {dagbag.py:538} INFO - Filling up the DagBag from /home/airflow/.local/lib/python3.8/site-packages/airflow/example_dags/example_dag_decorator.py
[2023-12-19T14:15:23.898+0000] {processor.py:840} INFO - DAG(s) 'example_dag_decorator' retrieved from /home/airflow/.local/lib/python3.8/site-packages/airflow/example_dags/example_dag_decorator.py
[2023-12-19T14:15:25.873+0000] {logging_mixin.py:188} INFO - [2023-12-19T14:15:25.823+0000] {dag.py:3033} INFO - Sync 1 DAGs
[2023-12-19T14:15:26.091+0000] {logging_mixin.py:188} INFO - [2023-12-19T14:15:26.091+0000] {dag.py:3820} INFO - Setting next_dagrun for example_dag_decorator to None, run_after=None
[2023-12-19T14:15:26.416+0000] {processor.py:183} INFO - Processing /home/airflow/.local/lib/python3.8/site-packages/airflow/example_dags/example_dag_decorator.py took 3.791 seconds
[2023-12-19T14:18:33.362+0000] {processor.py:161} INFO - Started process (PID=47) to work on /home/airflow/.local/lib/python3.8/site-packages/airflow/example_dags/example_dag_decorator.py
[2023-12-19T14:18:33.363+0000] {processor.py:830} INFO - Processing file /home/airflow/.local/lib/python3.8/site-packages/airflow/example_dags/example_dag_decorator.py for tasks to queue
[2023-12-19T14:18:33.368+0000] {logging_mixin.py:188} INFO - [2023-12-19T14:18:33.367+0000] {dagbag.py:538} INFO - Filling up the DagBag from /home/airflow/.local/lib/python3.8/site-packages/airflow/example_dags/example_dag_decorator.py
[2023-12-19T14:18:34.174+0000] {processor.py:840} INFO - DAG(s) 'example_dag_decorator' retrieved from /home/airflow/.local/lib/python3.8/site-packages/airflow/example_dags/example_dag_decorator.py
[2023-12-19T14:18:35.064+0000] {logging_mixin.py:188} INFO - [2023-12-19T14:18:35.063+0000] {dag.py:3033} INFO - Sync 1 DAGs
[2023-12-19T14:18:35.113+0000] {logging_mixin.py:188} INFO - [2023-12-19T14:18:35.112+0000] {dag.py:3820} INFO - Setting next_dagrun for example_dag_decorator to None, run_after=None
[2023-12-19T14:18:35.333+0000] {processor.py:183} INFO - Processing /home/airflow/.local/lib/python3.8/site-packages/airflow/example_dags/example_dag_decorator.py took 1.979 seconds
[2023-12-19T14:19:06.241+0000] {processor.py:161} INFO - Started process (PID=103) to work on /home/airflow/.local/lib/python3.8/site-packages/airflow/example_dags/example_dag_decorator.py
[2023-12-19T14:19:06.247+0000] {processor.py:830} INFO - Processing file /home/airflow/.local/lib/python3.8/site-packages/airflow/example_dags/example_dag_decorator.py for tasks to queue
[2023-12-19T14:19:06.259+0000] {logging_mixin.py:188} INFO - [2023-12-19T14:19:06.259+0000] {dagbag.py:538} INFO - Filling up the DagBag from /home/airflow/.local/lib/python3.8/site-packages/airflow/example_dags/example_dag_decorator.py
[2023-12-19T14:19:07.206+0000] {processor.py:840} INFO - DAG(s) 'example_dag_decorator' retrieved from /home/airflow/.local/lib/python3.8/site-packages/airflow/example_dags/example_dag_decorator.py
[2023-12-19T14:19:08.012+0000] {logging_mixin.py:188} INFO - [2023-12-19T14:19:08.011+0000] {dag.py:3033} INFO - Sync 1 DAGs
[2023-12-19T14:19:08.085+0000] {logging_mixin.py:188} INFO - [2023-12-19T14:19:08.084+0000] {dag.py:3820} INFO - Setting next_dagrun for example_dag_decorator to None, run_after=None
[2023-12-19T14:19:08.242+0000] {processor.py:183} INFO - Processing /home/airflow/.local/lib/python3.8/site-packages/airflow/example_dags/example_dag_decorator.py took 2.031 seconds
[2023-12-19T14:19:38.665+0000] {processor.py:161} INFO - Started process (PID=159) to work on /home/airflow/.local/lib/python3.8/site-packages/airflow/example_dags/example_dag_decorator.py
[2023-12-19T14:19:38.667+0000] {processor.py:830} INFO - Processing file /home/airflow/.local/lib/python3.8/site-packages/airflow/example_dags/example_dag_decorator.py for tasks to queue
[2023-12-19T14:19:38.671+0000] {logging_mixin.py:188} INFO - [2023-12-19T14:19:38.670+0000] {dagbag.py:538} INFO - Filling up the DagBag from /home/airflow/.local/lib/python3.8/site-packages/airflow/example_dags/example_dag_decorator.py
[2023-12-19T14:19:39.064+0000] {processor.py:840} INFO - DAG(s) 'example_dag_decorator' retrieved from /home/airflow/.local/lib/python3.8/site-packages/airflow/example_dags/example_dag_decorator.py
[2023-12-19T14:19:39.468+0000] {logging_mixin.py:188} INFO - [2023-12-19T14:19:39.468+0000] {dag.py:3033} INFO - Sync 1 DAGs
[2023-12-19T14:19:39.492+0000] {logging_mixin.py:188} INFO - [2023-12-19T14:19:39.491+0000] {dag.py:3820} INFO - Setting next_dagrun for example_dag_decorator to None, run_after=None
[2023-12-19T14:19:39.554+0000] {processor.py:183} INFO - Processing /home/airflow/.local/lib/python3.8/site-packages/airflow/example_dags/example_dag_decorator.py took 0.895 seconds
[2023-12-19T14:20:09.815+0000] {processor.py:161} INFO - Started process (PID=217) to work on /home/airflow/.local/lib/python3.8/site-packages/airflow/example_dags/example_dag_decorator.py
[2023-12-19T14:20:09.817+0000] {processor.py:830} INFO - Processing file /home/airflow/.local/lib/python3.8/site-packages/airflow/example_dags/example_dag_decorator.py for tasks to queue
[2023-12-19T14:20:09.822+0000] {logging_mixin.py:188} INFO - [2023-12-19T14:20:09.821+0000] {dagbag.py:538} INFO - Filling up the DagBag from /home/airflow/.local/lib/python3.8/site-packages/airflow/example_dags/example_dag_decorator.py
[2023-12-19T14:20:10.004+0000] {processor.py:840} INFO - DAG(s) 'example_dag_decorator' retrieved from /home/airflow/.local/lib/python3.8/site-packages/airflow/example_dags/example_dag_decorator.py
[2023-12-19T14:20:10.205+0000] {logging_mixin.py:188} INFO - [2023-12-19T14:20:10.205+0000] {dag.py:3033} INFO - Sync 1 DAGs
[2023-12-19T14:20:10.230+0000] {logging_mixin.py:188} INFO - [2023-12-19T14:20:10.229+0000] {dag.py:3820} INFO - Setting next_dagrun for example_dag_decorator to None, run_after=None
[2023-12-19T14:20:10.275+0000] {processor.py:183} INFO - Processing /home/airflow/.local/lib/python3.8/site-packages/airflow/example_dags/example_dag_decorator.py took 0.466 seconds
[2023-12-19T14:20:40.371+0000] {processor.py:161} INFO - Started process (PID=270) to work on /home/airflow/.local/lib/python3.8/site-packages/airflow/example_dags/example_dag_decorator.py
[2023-12-19T14:20:40.376+0000] {processor.py:830} INFO - Processing file /home/airflow/.local/lib/python3.8/site-packages/airflow/example_dags/example_dag_decorator.py for tasks to queue
[2023-12-19T14:20:40.388+0000] {logging_mixin.py:188} INFO - [2023-12-19T14:20:40.387+0000] {dagbag.py:538} INFO - Filling up the DagBag from /home/airflow/.local/lib/python3.8/site-packages/airflow/example_dags/example_dag_decorator.py
[2023-12-19T14:20:40.879+0000] {processor.py:840} INFO - DAG(s) 'example_dag_decorator' retrieved from /home/airflow/.local/lib/python3.8/site-packages/airflow/example_dags/example_dag_decorator.py
[2023-12-19T14:20:41.231+0000] {logging_mixin.py:188} INFO - [2023-12-19T14:20:41.230+0000] {dag.py:3033} INFO - Sync 1 DAGs
[2023-12-19T14:20:41.255+0000] {logging_mixin.py:188} INFO - [2023-12-19T14:20:41.255+0000] {dag.py:3820} INFO - Setting next_dagrun for example_dag_decorator to None, run_after=None
[2023-12-19T14:20:41.315+0000] {processor.py:183} INFO - Processing /home/airflow/.local/lib/python3.8/site-packages/airflow/example_dags/example_dag_decorator.py took 0.953 seconds
[2023-12-19T14:21:11.558+0000] {processor.py:161} INFO - Started process (PID=324) to work on /home/airflow/.local/lib/python3.8/site-packages/airflow/example_dags/example_dag_decorator.py
[2023-12-19T14:21:11.560+0000] {processor.py:830} INFO - Processing file /home/airflow/.local/lib/python3.8/site-packages/airflow/example_dags/example_dag_decorator.py for tasks to queue
[2023-12-19T14:21:11.572+0000] {logging_mixin.py:188} INFO - [2023-12-19T14:21:11.565+0000] {dagbag.py:538} INFO - Filling up the DagBag from /home/airflow/.local/lib/python3.8/site-packages/airflow/example_dags/example_dag_decorator.py
[2023-12-19T14:21:12.135+0000] {processor.py:840} INFO - DAG(s) 'example_dag_decorator' retrieved from /home/airflow/.local/lib/python3.8/site-packages/airflow/example_dags/example_dag_decorator.py
[2023-12-19T14:21:12.648+0000] {logging_mixin.py:188} INFO - [2023-12-19T14:21:12.647+0000] {dag.py:3033} INFO - Sync 1 DAGs
[2023-12-19T14:21:12.684+0000] {logging_mixin.py:188} INFO - [2023-12-19T14:21:12.683+0000] {dag.py:3820} INFO - Setting next_dagrun for example_dag_decorator to None, run_after=None
[2023-12-19T14:21:12.765+0000] {processor.py:183} INFO - Processing /home/airflow/.local/lib/python3.8/site-packages/airflow/example_dags/example_dag_decorator.py took 1.230 seconds
[2023-12-19T14:21:43.287+0000] {processor.py:161} INFO - Started process (PID=380) to work on /home/airflow/.local/lib/python3.8/site-packages/airflow/example_dags/example_dag_decorator.py
[2023-12-19T14:21:43.295+0000] {processor.py:830} INFO - Processing file /home/airflow/.local/lib/python3.8/site-packages/airflow/example_dags/example_dag_decorator.py for tasks to queue
[2023-12-19T14:21:43.305+0000] {logging_mixin.py:188} INFO - [2023-12-19T14:21:43.304+0000] {dagbag.py:538} INFO - Filling up the DagBag from /home/airflow/.local/lib/python3.8/site-packages/airflow/example_dags/example_dag_decorator.py
[2023-12-19T14:21:43.666+0000] {processor.py:840} INFO - DAG(s) 'example_dag_decorator' retrieved from /home/airflow/.local/lib/python3.8/site-packages/airflow/example_dags/example_dag_decorator.py
[2023-12-19T14:21:44.098+0000] {logging_mixin.py:188} INFO - [2023-12-19T14:21:44.097+0000] {dag.py:3033} INFO - Sync 1 DAGs
[2023-12-19T14:21:44.145+0000] {logging_mixin.py:188} INFO - [2023-12-19T14:21:44.144+0000] {dag.py:3820} INFO - Setting next_dagrun for example_dag_decorator to None, run_after=None
[2023-12-19T14:21:44.232+0000] {processor.py:183} INFO - Processing /home/airflow/.local/lib/python3.8/site-packages/airflow/example_dags/example_dag_decorator.py took 0.966 seconds
[2023-12-19T14:22:14.856+0000] {processor.py:161} INFO - Started process (PID=436) to work on /home/airflow/.local/lib/python3.8/site-packages/airflow/example_dags/example_dag_decorator.py
[2023-12-19T14:22:14.859+0000] {processor.py:830} INFO - Processing file /home/airflow/.local/lib/python3.8/site-packages/airflow/example_dags/example_dag_decorator.py for tasks to queue
[2023-12-19T14:22:14.883+0000] {logging_mixin.py:188} INFO - [2023-12-19T14:22:14.874+0000] {dagbag.py:538} INFO - Filling up the DagBag from /home/airflow/.local/lib/python3.8/site-packages/airflow/example_dags/example_dag_decorator.py
[2023-12-19T14:22:15.178+0000] {processor.py:840} INFO - DAG(s) 'example_dag_decorator' retrieved from /home/airflow/.local/lib/python3.8/site-packages/airflow/example_dags/example_dag_decorator.py
[2023-12-19T14:22:15.520+0000] {logging_mixin.py:188} INFO - [2023-12-19T14:22:15.519+0000] {dag.py:3033} INFO - Sync 1 DAGs
[2023-12-19T14:22:15.549+0000] {logging_mixin.py:188} INFO - [2023-12-19T14:22:15.549+0000] {dag.py:3820} INFO - Setting next_dagrun for example_dag_decorator to None, run_after=None
[2023-12-19T14:22:15.615+0000] {processor.py:183} INFO - Processing /home/airflow/.local/lib/python3.8/site-packages/airflow/example_dags/example_dag_decorator.py took 0.767 seconds
[2023-12-19T14:23:19.644+0000] {processor.py:161} INFO - Started process (PID=47) to work on /home/airflow/.local/lib/python3.8/site-packages/airflow/example_dags/example_dag_decorator.py
[2023-12-19T14:23:19.646+0000] {processor.py:830} INFO - Processing file /home/airflow/.local/lib/python3.8/site-packages/airflow/example_dags/example_dag_decorator.py for tasks to queue
[2023-12-19T14:23:19.652+0000] {logging_mixin.py:188} INFO - [2023-12-19T14:23:19.651+0000] {dagbag.py:538} INFO - Filling up the DagBag from /home/airflow/.local/lib/python3.8/site-packages/airflow/example_dags/example_dag_decorator.py
[2023-12-19T14:23:20.018+0000] {processor.py:840} INFO - DAG(s) 'example_dag_decorator' retrieved from /home/airflow/.local/lib/python3.8/site-packages/airflow/example_dags/example_dag_decorator.py
[2023-12-19T14:23:20.674+0000] {logging_mixin.py:188} INFO - [2023-12-19T14:23:20.673+0000] {dag.py:3033} INFO - Sync 1 DAGs
[2023-12-19T14:23:20.701+0000] {logging_mixin.py:188} INFO - [2023-12-19T14:23:20.701+0000] {dag.py:3820} INFO - Setting next_dagrun for example_dag_decorator to None, run_after=None
[2023-12-19T14:23:33.198+0000] {processor.py:183} INFO - Processing /home/airflow/.local/lib/python3.8/site-packages/airflow/example_dags/example_dag_decorator.py took 13.564 seconds
[2023-12-19T14:25:16.072+0000] {processor.py:161} INFO - Started process (PID=53) to work on /home/airflow/.local/lib/python3.8/site-packages/airflow/example_dags/example_dag_decorator.py
[2023-12-19T14:25:16.084+0000] {processor.py:830} INFO - Processing file /home/airflow/.local/lib/python3.8/site-packages/airflow/example_dags/example_dag_decorator.py for tasks to queue
[2023-12-19T14:25:16.090+0000] {logging_mixin.py:188} INFO - [2023-12-19T14:25:16.089+0000] {dagbag.py:538} INFO - Filling up the DagBag from /home/airflow/.local/lib/python3.8/site-packages/airflow/example_dags/example_dag_decorator.py
[2023-12-19T14:25:17.523+0000] {processor.py:840} INFO - DAG(s) 'example_dag_decorator' retrieved from /home/airflow/.local/lib/python3.8/site-packages/airflow/example_dags/example_dag_decorator.py
[2023-12-19T14:25:18.447+0000] {logging_mixin.py:188} INFO - [2023-12-19T14:25:18.446+0000] {dag.py:3033} INFO - Sync 1 DAGs
[2023-12-19T14:25:18.505+0000] {logging_mixin.py:188} INFO - [2023-12-19T14:25:18.504+0000] {dag.py:3820} INFO - Setting next_dagrun for example_dag_decorator to None, run_after=None
[2023-12-19T14:25:18.681+0000] {processor.py:183} INFO - Processing /home/airflow/.local/lib/python3.8/site-packages/airflow/example_dags/example_dag_decorator.py took 2.618 seconds
[2023-12-19T14:25:49.519+0000] {processor.py:161} INFO - Started process (PID=109) to work on /home/airflow/.local/lib/python3.8/site-packages/airflow/example_dags/example_dag_decorator.py
[2023-12-19T14:25:49.522+0000] {processor.py:830} INFO - Processing file /home/airflow/.local/lib/python3.8/site-packages/airflow/example_dags/example_dag_decorator.py for tasks to queue
[2023-12-19T14:25:49.529+0000] {logging_mixin.py:188} INFO - [2023-12-19T14:25:49.528+0000] {dagbag.py:538} INFO - Filling up the DagBag from /home/airflow/.local/lib/python3.8/site-packages/airflow/example_dags/example_dag_decorator.py
[2023-12-19T14:25:49.743+0000] {processor.py:840} INFO - DAG(s) 'example_dag_decorator' retrieved from /home/airflow/.local/lib/python3.8/site-packages/airflow/example_dags/example_dag_decorator.py
[2023-12-19T14:25:49.971+0000] {logging_mixin.py:188} INFO - [2023-12-19T14:25:49.970+0000] {dag.py:3033} INFO - Sync 1 DAGs
[2023-12-19T14:25:49.994+0000] {logging_mixin.py:188} INFO - [2023-12-19T14:25:49.993+0000] {dag.py:3820} INFO - Setting next_dagrun for example_dag_decorator to None, run_after=None
[2023-12-19T14:25:50.039+0000] {processor.py:183} INFO - Processing /home/airflow/.local/lib/python3.8/site-packages/airflow/example_dags/example_dag_decorator.py took 0.529 seconds
[2023-12-19T14:26:20.147+0000] {processor.py:161} INFO - Started process (PID=163) to work on /home/airflow/.local/lib/python3.8/site-packages/airflow/example_dags/example_dag_decorator.py
[2023-12-19T14:26:20.150+0000] {processor.py:830} INFO - Processing file /home/airflow/.local/lib/python3.8/site-packages/airflow/example_dags/example_dag_decorator.py for tasks to queue
[2023-12-19T14:26:20.155+0000] {logging_mixin.py:188} INFO - [2023-12-19T14:26:20.155+0000] {dagbag.py:538} INFO - Filling up the DagBag from /home/airflow/.local/lib/python3.8/site-packages/airflow/example_dags/example_dag_decorator.py
[2023-12-19T14:26:20.432+0000] {processor.py:840} INFO - DAG(s) 'example_dag_decorator' retrieved from /home/airflow/.local/lib/python3.8/site-packages/airflow/example_dags/example_dag_decorator.py
[2023-12-19T14:26:20.626+0000] {logging_mixin.py:188} INFO - [2023-12-19T14:26:20.625+0000] {dag.py:3033} INFO - Sync 1 DAGs
[2023-12-19T14:26:20.647+0000] {logging_mixin.py:188} INFO - [2023-12-19T14:26:20.647+0000] {dag.py:3820} INFO - Setting next_dagrun for example_dag_decorator to None, run_after=None
[2023-12-19T14:26:20.684+0000] {processor.py:183} INFO - Processing /home/airflow/.local/lib/python3.8/site-packages/airflow/example_dags/example_dag_decorator.py took 0.546 seconds
[2023-12-19T14:26:51.085+0000] {processor.py:161} INFO - Started process (PID=218) to work on /home/airflow/.local/lib/python3.8/site-packages/airflow/example_dags/example_dag_decorator.py
[2023-12-19T14:26:51.088+0000] {processor.py:830} INFO - Processing file /home/airflow/.local/lib/python3.8/site-packages/airflow/example_dags/example_dag_decorator.py for tasks to queue
[2023-12-19T14:26:51.093+0000] {logging_mixin.py:188} INFO - [2023-12-19T14:26:51.093+0000] {dagbag.py:538} INFO - Filling up the DagBag from /home/airflow/.local/lib/python3.8/site-packages/airflow/example_dags/example_dag_decorator.py
[2023-12-19T14:26:51.269+0000] {processor.py:840} INFO - DAG(s) 'example_dag_decorator' retrieved from /home/airflow/.local/lib/python3.8/site-packages/airflow/example_dags/example_dag_decorator.py
[2023-12-19T14:26:51.450+0000] {logging_mixin.py:188} INFO - [2023-12-19T14:26:51.449+0000] {dag.py:3033} INFO - Sync 1 DAGs
[2023-12-19T14:26:51.474+0000] {logging_mixin.py:188} INFO - [2023-12-19T14:26:51.473+0000] {dag.py:3820} INFO - Setting next_dagrun for example_dag_decorator to None, run_after=None
[2023-12-19T14:26:51.511+0000] {processor.py:183} INFO - Processing /home/airflow/.local/lib/python3.8/site-packages/airflow/example_dags/example_dag_decorator.py took 0.435 seconds
[2023-12-19T14:27:22.500+0000] {processor.py:161} INFO - Started process (PID=274) to work on /home/airflow/.local/lib/python3.8/site-packages/airflow/example_dags/example_dag_decorator.py
[2023-12-19T14:27:22.503+0000] {processor.py:830} INFO - Processing file /home/airflow/.local/lib/python3.8/site-packages/airflow/example_dags/example_dag_decorator.py for tasks to queue
[2023-12-19T14:27:22.507+0000] {logging_mixin.py:188} INFO - [2023-12-19T14:27:22.507+0000] {dagbag.py:538} INFO - Filling up the DagBag from /home/airflow/.local/lib/python3.8/site-packages/airflow/example_dags/example_dag_decorator.py
[2023-12-19T14:27:22.705+0000] {processor.py:840} INFO - DAG(s) 'example_dag_decorator' retrieved from /home/airflow/.local/lib/python3.8/site-packages/airflow/example_dags/example_dag_decorator.py
[2023-12-19T14:27:22.899+0000] {logging_mixin.py:188} INFO - [2023-12-19T14:27:22.898+0000] {dag.py:3033} INFO - Sync 1 DAGs
[2023-12-19T14:27:22.929+0000] {logging_mixin.py:188} INFO - [2023-12-19T14:27:22.929+0000] {dag.py:3820} INFO - Setting next_dagrun for example_dag_decorator to None, run_after=None
[2023-12-19T14:27:23.330+0000] {processor.py:183} INFO - Processing /home/airflow/.local/lib/python3.8/site-packages/airflow/example_dags/example_dag_decorator.py took 0.837 seconds
[2023-12-19T14:27:53.415+0000] {processor.py:161} INFO - Started process (PID=329) to work on /home/airflow/.local/lib/python3.8/site-packages/airflow/example_dags/example_dag_decorator.py
[2023-12-19T14:27:53.417+0000] {processor.py:830} INFO - Processing file /home/airflow/.local/lib/python3.8/site-packages/airflow/example_dags/example_dag_decorator.py for tasks to queue
[2023-12-19T14:27:53.420+0000] {logging_mixin.py:188} INFO - [2023-12-19T14:27:53.420+0000] {dagbag.py:538} INFO - Filling up the DagBag from /home/airflow/.local/lib/python3.8/site-packages/airflow/example_dags/example_dag_decorator.py
[2023-12-19T14:27:53.619+0000] {processor.py:840} INFO - DAG(s) 'example_dag_decorator' retrieved from /home/airflow/.local/lib/python3.8/site-packages/airflow/example_dags/example_dag_decorator.py
[2023-12-19T14:27:53.818+0000] {logging_mixin.py:188} INFO - [2023-12-19T14:27:53.818+0000] {dag.py:3033} INFO - Sync 1 DAGs
[2023-12-19T14:27:53.839+0000] {logging_mixin.py:188} INFO - [2023-12-19T14:27:53.838+0000] {dag.py:3820} INFO - Setting next_dagrun for example_dag_decorator to None, run_after=None
[2023-12-19T14:27:53.882+0000] {processor.py:183} INFO - Processing /home/airflow/.local/lib/python3.8/site-packages/airflow/example_dags/example_dag_decorator.py took 0.473 seconds
[2023-12-19T14:28:23.958+0000] {processor.py:161} INFO - Started process (PID=385) to work on /home/airflow/.local/lib/python3.8/site-packages/airflow/example_dags/example_dag_decorator.py
[2023-12-19T14:28:23.960+0000] {processor.py:830} INFO - Processing file /home/airflow/.local/lib/python3.8/site-packages/airflow/example_dags/example_dag_decorator.py for tasks to queue
[2023-12-19T14:28:23.965+0000] {logging_mixin.py:188} INFO - [2023-12-19T14:28:23.965+0000] {dagbag.py:538} INFO - Filling up the DagBag from /home/airflow/.local/lib/python3.8/site-packages/airflow/example_dags/example_dag_decorator.py
[2023-12-19T14:28:24.287+0000] {processor.py:840} INFO - DAG(s) 'example_dag_decorator' retrieved from /home/airflow/.local/lib/python3.8/site-packages/airflow/example_dags/example_dag_decorator.py
[2023-12-19T14:28:24.549+0000] {logging_mixin.py:188} INFO - [2023-12-19T14:28:24.548+0000] {dag.py:3033} INFO - Sync 1 DAGs
[2023-12-19T14:28:24.575+0000] {logging_mixin.py:188} INFO - [2023-12-19T14:28:24.575+0000] {dag.py:3820} INFO - Setting next_dagrun for example_dag_decorator to None, run_after=None
[2023-12-19T14:28:24.625+0000] {processor.py:183} INFO - Processing /home/airflow/.local/lib/python3.8/site-packages/airflow/example_dags/example_dag_decorator.py took 0.679 seconds
[2023-12-19T14:28:54.711+0000] {processor.py:161} INFO - Started process (PID=440) to work on /home/airflow/.local/lib/python3.8/site-packages/airflow/example_dags/example_dag_decorator.py
[2023-12-19T14:28:54.713+0000] {processor.py:830} INFO - Processing file /home/airflow/.local/lib/python3.8/site-packages/airflow/example_dags/example_dag_decorator.py for tasks to queue
[2023-12-19T14:28:54.717+0000] {logging_mixin.py:188} INFO - [2023-12-19T14:28:54.716+0000] {dagbag.py:538} INFO - Filling up the DagBag from /home/airflow/.local/lib/python3.8/site-packages/airflow/example_dags/example_dag_decorator.py
[2023-12-19T14:28:54.959+0000] {processor.py:840} INFO - DAG(s) 'example_dag_decorator' retrieved from /home/airflow/.local/lib/python3.8/site-packages/airflow/example_dags/example_dag_decorator.py
[2023-12-19T14:28:55.221+0000] {logging_mixin.py:188} INFO - [2023-12-19T14:28:55.220+0000] {dag.py:3033} INFO - Sync 1 DAGs
[2023-12-19T14:28:55.245+0000] {logging_mixin.py:188} INFO - [2023-12-19T14:28:55.245+0000] {dag.py:3820} INFO - Setting next_dagrun for example_dag_decorator to None, run_after=None
[2023-12-19T14:28:55.289+0000] {processor.py:183} INFO - Processing /home/airflow/.local/lib/python3.8/site-packages/airflow/example_dags/example_dag_decorator.py took 0.585 seconds
[2023-12-19T14:29:25.448+0000] {processor.py:161} INFO - Started process (PID=495) to work on /home/airflow/.local/lib/python3.8/site-packages/airflow/example_dags/example_dag_decorator.py
[2023-12-19T14:29:25.450+0000] {processor.py:830} INFO - Processing file /home/airflow/.local/lib/python3.8/site-packages/airflow/example_dags/example_dag_decorator.py for tasks to queue
[2023-12-19T14:29:25.454+0000] {logging_mixin.py:188} INFO - [2023-12-19T14:29:25.454+0000] {dagbag.py:538} INFO - Filling up the DagBag from /home/airflow/.local/lib/python3.8/site-packages/airflow/example_dags/example_dag_decorator.py
[2023-12-19T14:29:25.645+0000] {processor.py:840} INFO - DAG(s) 'example_dag_decorator' retrieved from /home/airflow/.local/lib/python3.8/site-packages/airflow/example_dags/example_dag_decorator.py
[2023-12-19T14:29:25.902+0000] {logging_mixin.py:188} INFO - [2023-12-19T14:29:25.902+0000] {dag.py:3033} INFO - Sync 1 DAGs
[2023-12-19T14:29:25.922+0000] {logging_mixin.py:188} INFO - [2023-12-19T14:29:25.922+0000] {dag.py:3820} INFO - Setting next_dagrun for example_dag_decorator to None, run_after=None
[2023-12-19T14:29:25.963+0000] {processor.py:183} INFO - Processing /home/airflow/.local/lib/python3.8/site-packages/airflow/example_dags/example_dag_decorator.py took 0.521 seconds
[2023-12-19T14:29:56.547+0000] {processor.py:161} INFO - Started process (PID=550) to work on /home/airflow/.local/lib/python3.8/site-packages/airflow/example_dags/example_dag_decorator.py
[2023-12-19T14:29:56.569+0000] {processor.py:830} INFO - Processing file /home/airflow/.local/lib/python3.8/site-packages/airflow/example_dags/example_dag_decorator.py for tasks to queue
[2023-12-19T14:29:56.579+0000] {logging_mixin.py:188} INFO - [2023-12-19T14:29:56.573+0000] {dagbag.py:538} INFO - Filling up the DagBag from /home/airflow/.local/lib/python3.8/site-packages/airflow/example_dags/example_dag_decorator.py
[2023-12-19T14:29:57.133+0000] {processor.py:840} INFO - DAG(s) 'example_dag_decorator' retrieved from /home/airflow/.local/lib/python3.8/site-packages/airflow/example_dags/example_dag_decorator.py
[2023-12-19T14:29:57.486+0000] {logging_mixin.py:188} INFO - [2023-12-19T14:29:57.485+0000] {dag.py:3033} INFO - Sync 1 DAGs
[2023-12-19T14:29:57.844+0000] {logging_mixin.py:188} INFO - [2023-12-19T14:29:57.843+0000] {dag.py:3820} INFO - Setting next_dagrun for example_dag_decorator to None, run_after=None
[2023-12-19T14:29:57.892+0000] {processor.py:183} INFO - Processing /home/airflow/.local/lib/python3.8/site-packages/airflow/example_dags/example_dag_decorator.py took 1.360 seconds
[2023-12-19T14:30:28.729+0000] {processor.py:161} INFO - Started process (PID=606) to work on /home/airflow/.local/lib/python3.8/site-packages/airflow/example_dags/example_dag_decorator.py
[2023-12-19T14:30:28.731+0000] {processor.py:830} INFO - Processing file /home/airflow/.local/lib/python3.8/site-packages/airflow/example_dags/example_dag_decorator.py for tasks to queue
[2023-12-19T14:30:28.735+0000] {logging_mixin.py:188} INFO - [2023-12-19T14:30:28.734+0000] {dagbag.py:538} INFO - Filling up the DagBag from /home/airflow/.local/lib/python3.8/site-packages/airflow/example_dags/example_dag_decorator.py
[2023-12-19T14:30:29.036+0000] {processor.py:840} INFO - DAG(s) 'example_dag_decorator' retrieved from /home/airflow/.local/lib/python3.8/site-packages/airflow/example_dags/example_dag_decorator.py
[2023-12-19T14:30:29.368+0000] {logging_mixin.py:188} INFO - [2023-12-19T14:30:29.367+0000] {dag.py:3033} INFO - Sync 1 DAGs
[2023-12-19T14:30:29.795+0000] {logging_mixin.py:188} INFO - [2023-12-19T14:30:29.794+0000] {dag.py:3820} INFO - Setting next_dagrun for example_dag_decorator to None, run_after=None
[2023-12-19T14:30:29.843+0000] {processor.py:183} INFO - Processing /home/airflow/.local/lib/python3.8/site-packages/airflow/example_dags/example_dag_decorator.py took 1.121 seconds
[2023-12-19T14:31:00.053+0000] {processor.py:161} INFO - Started process (PID=662) to work on /home/airflow/.local/lib/python3.8/site-packages/airflow/example_dags/example_dag_decorator.py
[2023-12-19T14:31:00.067+0000] {processor.py:830} INFO - Processing file /home/airflow/.local/lib/python3.8/site-packages/airflow/example_dags/example_dag_decorator.py for tasks to queue
[2023-12-19T14:31:00.073+0000] {logging_mixin.py:188} INFO - [2023-12-19T14:31:00.072+0000] {dagbag.py:538} INFO - Filling up the DagBag from /home/airflow/.local/lib/python3.8/site-packages/airflow/example_dags/example_dag_decorator.py
[2023-12-19T14:31:00.465+0000] {processor.py:840} INFO - DAG(s) 'example_dag_decorator' retrieved from /home/airflow/.local/lib/python3.8/site-packages/airflow/example_dags/example_dag_decorator.py
[2023-12-19T14:31:01.096+0000] {logging_mixin.py:188} INFO - [2023-12-19T14:31:01.095+0000] {dag.py:3033} INFO - Sync 1 DAGs
[2023-12-19T14:31:02.118+0000] {logging_mixin.py:188} INFO - [2023-12-19T14:31:02.117+0000] {dag.py:3820} INFO - Setting next_dagrun for example_dag_decorator to None, run_after=None
[2023-12-19T14:31:02.193+0000] {processor.py:183} INFO - Processing /home/airflow/.local/lib/python3.8/site-packages/airflow/example_dags/example_dag_decorator.py took 2.148 seconds
[2023-12-19T14:31:32.867+0000] {processor.py:161} INFO - Started process (PID=718) to work on /home/airflow/.local/lib/python3.8/site-packages/airflow/example_dags/example_dag_decorator.py
[2023-12-19T14:31:32.872+0000] {processor.py:830} INFO - Processing file /home/airflow/.local/lib/python3.8/site-packages/airflow/example_dags/example_dag_decorator.py for tasks to queue
[2023-12-19T14:31:32.876+0000] {logging_mixin.py:188} INFO - [2023-12-19T14:31:32.875+0000] {dagbag.py:538} INFO - Filling up the DagBag from /home/airflow/.local/lib/python3.8/site-packages/airflow/example_dags/example_dag_decorator.py
[2023-12-19T14:31:33.138+0000] {processor.py:840} INFO - DAG(s) 'example_dag_decorator' retrieved from /home/airflow/.local/lib/python3.8/site-packages/airflow/example_dags/example_dag_decorator.py
[2023-12-19T14:31:33.444+0000] {logging_mixin.py:188} INFO - [2023-12-19T14:31:33.443+0000] {dag.py:3033} INFO - Sync 1 DAGs
[2023-12-19T14:31:33.471+0000] {logging_mixin.py:188} INFO - [2023-12-19T14:31:33.468+0000] {dag.py:3820} INFO - Setting next_dagrun for example_dag_decorator to None, run_after=None
[2023-12-19T14:31:33.920+0000] {processor.py:183} INFO - Processing /home/airflow/.local/lib/python3.8/site-packages/airflow/example_dags/example_dag_decorator.py took 1.078 seconds
[2023-12-19T14:32:04.434+0000] {processor.py:161} INFO - Started process (PID=774) to work on /home/airflow/.local/lib/python3.8/site-packages/airflow/example_dags/example_dag_decorator.py
[2023-12-19T14:32:04.448+0000] {processor.py:830} INFO - Processing file /home/airflow/.local/lib/python3.8/site-packages/airflow/example_dags/example_dag_decorator.py for tasks to queue
[2023-12-19T14:32:04.458+0000] {logging_mixin.py:188} INFO - [2023-12-19T14:32:04.457+0000] {dagbag.py:538} INFO - Filling up the DagBag from /home/airflow/.local/lib/python3.8/site-packages/airflow/example_dags/example_dag_decorator.py
[2023-12-19T14:32:05.164+0000] {processor.py:840} INFO - DAG(s) 'example_dag_decorator' retrieved from /home/airflow/.local/lib/python3.8/site-packages/airflow/example_dags/example_dag_decorator.py
[2023-12-19T14:32:06.144+0000] {logging_mixin.py:188} INFO - [2023-12-19T14:32:06.143+0000] {dag.py:3033} INFO - Sync 1 DAGs
[2023-12-19T14:32:06.216+0000] {logging_mixin.py:188} INFO - [2023-12-19T14:32:06.215+0000] {dag.py:3820} INFO - Setting next_dagrun for example_dag_decorator to None, run_after=None
[2023-12-19T14:32:06.336+0000] {processor.py:183} INFO - Processing /home/airflow/.local/lib/python3.8/site-packages/airflow/example_dags/example_dag_decorator.py took 1.920 seconds
[2023-12-19T14:32:37.301+0000] {processor.py:161} INFO - Started process (PID=828) to work on /home/airflow/.local/lib/python3.8/site-packages/airflow/example_dags/example_dag_decorator.py
[2023-12-19T14:32:37.308+0000] {processor.py:830} INFO - Processing file /home/airflow/.local/lib/python3.8/site-packages/airflow/example_dags/example_dag_decorator.py for tasks to queue
[2023-12-19T14:32:37.320+0000] {logging_mixin.py:188} INFO - [2023-12-19T14:32:37.319+0000] {dagbag.py:538} INFO - Filling up the DagBag from /home/airflow/.local/lib/python3.8/site-packages/airflow/example_dags/example_dag_decorator.py
[2023-12-19T14:32:37.566+0000] {processor.py:840} INFO - DAG(s) 'example_dag_decorator' retrieved from /home/airflow/.local/lib/python3.8/site-packages/airflow/example_dags/example_dag_decorator.py
[2023-12-19T14:32:37.947+0000] {logging_mixin.py:188} INFO - [2023-12-19T14:32:37.946+0000] {dag.py:3033} INFO - Sync 1 DAGs
[2023-12-19T14:32:37.995+0000] {logging_mixin.py:188} INFO - [2023-12-19T14:32:37.995+0000] {dag.py:3820} INFO - Setting next_dagrun for example_dag_decorator to None, run_after=None
[2023-12-19T14:32:38.156+0000] {processor.py:183} INFO - Processing /home/airflow/.local/lib/python3.8/site-packages/airflow/example_dags/example_dag_decorator.py took 0.864 seconds
[2023-12-19T14:33:08.738+0000] {processor.py:161} INFO - Started process (PID=889) to work on /home/airflow/.local/lib/python3.8/site-packages/airflow/example_dags/example_dag_decorator.py
[2023-12-19T14:33:08.742+0000] {processor.py:830} INFO - Processing file /home/airflow/.local/lib/python3.8/site-packages/airflow/example_dags/example_dag_decorator.py for tasks to queue
[2023-12-19T14:33:08.748+0000] {logging_mixin.py:188} INFO - [2023-12-19T14:33:08.747+0000] {dagbag.py:538} INFO - Filling up the DagBag from /home/airflow/.local/lib/python3.8/site-packages/airflow/example_dags/example_dag_decorator.py
[2023-12-19T14:33:09.068+0000] {processor.py:840} INFO - DAG(s) 'example_dag_decorator' retrieved from /home/airflow/.local/lib/python3.8/site-packages/airflow/example_dags/example_dag_decorator.py
[2023-12-19T14:33:10.260+0000] {logging_mixin.py:188} INFO - [2023-12-19T14:33:10.259+0000] {dag.py:3033} INFO - Sync 1 DAGs
[2023-12-19T14:33:10.285+0000] {logging_mixin.py:188} INFO - [2023-12-19T14:33:10.284+0000] {dag.py:3820} INFO - Setting next_dagrun for example_dag_decorator to None, run_after=None
[2023-12-19T14:33:10.331+0000] {processor.py:183} INFO - Processing /home/airflow/.local/lib/python3.8/site-packages/airflow/example_dags/example_dag_decorator.py took 1.606 seconds
[2023-12-19T14:33:40.507+0000] {processor.py:161} INFO - Started process (PID=944) to work on /home/airflow/.local/lib/python3.8/site-packages/airflow/example_dags/example_dag_decorator.py
[2023-12-19T14:33:40.509+0000] {processor.py:830} INFO - Processing file /home/airflow/.local/lib/python3.8/site-packages/airflow/example_dags/example_dag_decorator.py for tasks to queue
[2023-12-19T14:33:40.513+0000] {logging_mixin.py:188} INFO - [2023-12-19T14:33:40.513+0000] {dagbag.py:538} INFO - Filling up the DagBag from /home/airflow/.local/lib/python3.8/site-packages/airflow/example_dags/example_dag_decorator.py
[2023-12-19T14:33:40.786+0000] {processor.py:840} INFO - DAG(s) 'example_dag_decorator' retrieved from /home/airflow/.local/lib/python3.8/site-packages/airflow/example_dags/example_dag_decorator.py
[2023-12-19T14:33:41.442+0000] {logging_mixin.py:188} INFO - [2023-12-19T14:33:41.442+0000] {dag.py:3033} INFO - Sync 1 DAGs
[2023-12-19T14:33:41.469+0000] {logging_mixin.py:188} INFO - [2023-12-19T14:33:41.468+0000] {dag.py:3820} INFO - Setting next_dagrun for example_dag_decorator to None, run_after=None
[2023-12-19T14:33:41.521+0000] {processor.py:183} INFO - Processing /home/airflow/.local/lib/python3.8/site-packages/airflow/example_dags/example_dag_decorator.py took 1.023 seconds
[2023-12-19T14:34:11.865+0000] {processor.py:161} INFO - Started process (PID=999) to work on /home/airflow/.local/lib/python3.8/site-packages/airflow/example_dags/example_dag_decorator.py
[2023-12-19T14:34:11.867+0000] {processor.py:830} INFO - Processing file /home/airflow/.local/lib/python3.8/site-packages/airflow/example_dags/example_dag_decorator.py for tasks to queue
[2023-12-19T14:34:11.871+0000] {logging_mixin.py:188} INFO - [2023-12-19T14:34:11.871+0000] {dagbag.py:538} INFO - Filling up the DagBag from /home/airflow/.local/lib/python3.8/site-packages/airflow/example_dags/example_dag_decorator.py
[2023-12-19T14:34:12.096+0000] {processor.py:840} INFO - DAG(s) 'example_dag_decorator' retrieved from /home/airflow/.local/lib/python3.8/site-packages/airflow/example_dags/example_dag_decorator.py
[2023-12-19T14:34:12.782+0000] {logging_mixin.py:188} INFO - [2023-12-19T14:34:12.781+0000] {dag.py:3033} INFO - Sync 1 DAGs
[2023-12-19T14:34:12.803+0000] {logging_mixin.py:188} INFO - [2023-12-19T14:34:12.803+0000] {dag.py:3820} INFO - Setting next_dagrun for example_dag_decorator to None, run_after=None
[2023-12-19T14:34:12.848+0000] {processor.py:183} INFO - Processing /home/airflow/.local/lib/python3.8/site-packages/airflow/example_dags/example_dag_decorator.py took 0.990 seconds
[2023-12-19T14:34:43.308+0000] {processor.py:161} INFO - Started process (PID=1053) to work on /home/airflow/.local/lib/python3.8/site-packages/airflow/example_dags/example_dag_decorator.py
[2023-12-19T14:34:43.310+0000] {processor.py:830} INFO - Processing file /home/airflow/.local/lib/python3.8/site-packages/airflow/example_dags/example_dag_decorator.py for tasks to queue
[2023-12-19T14:34:43.316+0000] {logging_mixin.py:188} INFO - [2023-12-19T14:34:43.315+0000] {dagbag.py:538} INFO - Filling up the DagBag from /home/airflow/.local/lib/python3.8/site-packages/airflow/example_dags/example_dag_decorator.py
[2023-12-19T14:34:43.877+0000] {processor.py:840} INFO - DAG(s) 'example_dag_decorator' retrieved from /home/airflow/.local/lib/python3.8/site-packages/airflow/example_dags/example_dag_decorator.py
[2023-12-19T14:34:44.932+0000] {logging_mixin.py:188} INFO - [2023-12-19T14:34:44.931+0000] {dag.py:3033} INFO - Sync 1 DAGs
[2023-12-19T14:34:44.961+0000] {logging_mixin.py:188} INFO - [2023-12-19T14:34:44.961+0000] {dag.py:3820} INFO - Setting next_dagrun for example_dag_decorator to None, run_after=None
[2023-12-19T14:34:45.022+0000] {processor.py:183} INFO - Processing /home/airflow/.local/lib/python3.8/site-packages/airflow/example_dags/example_dag_decorator.py took 1.721 seconds
[2023-12-19T14:35:15.529+0000] {processor.py:161} INFO - Started process (PID=1108) to work on /home/airflow/.local/lib/python3.8/site-packages/airflow/example_dags/example_dag_decorator.py
[2023-12-19T14:35:15.533+0000] {processor.py:830} INFO - Processing file /home/airflow/.local/lib/python3.8/site-packages/airflow/example_dags/example_dag_decorator.py for tasks to queue
[2023-12-19T14:35:15.539+0000] {logging_mixin.py:188} INFO - [2023-12-19T14:35:15.539+0000] {dagbag.py:538} INFO - Filling up the DagBag from /home/airflow/.local/lib/python3.8/site-packages/airflow/example_dags/example_dag_decorator.py
[2023-12-19T14:35:15.816+0000] {processor.py:840} INFO - DAG(s) 'example_dag_decorator' retrieved from /home/airflow/.local/lib/python3.8/site-packages/airflow/example_dags/example_dag_decorator.py
[2023-12-19T14:35:16.473+0000] {logging_mixin.py:188} INFO - [2023-12-19T14:35:16.472+0000] {dag.py:3033} INFO - Sync 1 DAGs
[2023-12-19T14:35:16.504+0000] {logging_mixin.py:188} INFO - [2023-12-19T14:35:16.503+0000] {dag.py:3820} INFO - Setting next_dagrun for example_dag_decorator to None, run_after=None
[2023-12-19T14:35:16.555+0000] {processor.py:183} INFO - Processing /home/airflow/.local/lib/python3.8/site-packages/airflow/example_dags/example_dag_decorator.py took 1.034 seconds
[2023-12-19T14:35:46.657+0000] {processor.py:161} INFO - Started process (PID=1165) to work on /home/airflow/.local/lib/python3.8/site-packages/airflow/example_dags/example_dag_decorator.py
[2023-12-19T14:35:46.658+0000] {processor.py:830} INFO - Processing file /home/airflow/.local/lib/python3.8/site-packages/airflow/example_dags/example_dag_decorator.py for tasks to queue
[2023-12-19T14:35:46.661+0000] {logging_mixin.py:188} INFO - [2023-12-19T14:35:46.660+0000] {dagbag.py:538} INFO - Filling up the DagBag from /home/airflow/.local/lib/python3.8/site-packages/airflow/example_dags/example_dag_decorator.py
[2023-12-19T14:35:46.778+0000] {processor.py:840} INFO - DAG(s) 'example_dag_decorator' retrieved from /home/airflow/.local/lib/python3.8/site-packages/airflow/example_dags/example_dag_decorator.py
[2023-12-19T14:35:47.074+0000] {logging_mixin.py:188} INFO - [2023-12-19T14:35:47.074+0000] {dag.py:3033} INFO - Sync 1 DAGs
[2023-12-19T14:35:47.088+0000] {logging_mixin.py:188} INFO - [2023-12-19T14:35:47.088+0000] {dag.py:3820} INFO - Setting next_dagrun for example_dag_decorator to None, run_after=None
[2023-12-19T14:35:47.109+0000] {processor.py:183} INFO - Processing /home/airflow/.local/lib/python3.8/site-packages/airflow/example_dags/example_dag_decorator.py took 0.456 seconds
[2023-12-19T14:36:17.296+0000] {processor.py:161} INFO - Started process (PID=1215) to work on /home/airflow/.local/lib/python3.8/site-packages/airflow/example_dags/example_dag_decorator.py
[2023-12-19T14:36:17.299+0000] {processor.py:830} INFO - Processing file /home/airflow/.local/lib/python3.8/site-packages/airflow/example_dags/example_dag_decorator.py for tasks to queue
[2023-12-19T14:36:17.305+0000] {logging_mixin.py:188} INFO - [2023-12-19T14:36:17.304+0000] {dagbag.py:538} INFO - Filling up the DagBag from /home/airflow/.local/lib/python3.8/site-packages/airflow/example_dags/example_dag_decorator.py
[2023-12-19T14:36:17.511+0000] {processor.py:840} INFO - DAG(s) 'example_dag_decorator' retrieved from /home/airflow/.local/lib/python3.8/site-packages/airflow/example_dags/example_dag_decorator.py
[2023-12-19T14:36:17.990+0000] {logging_mixin.py:188} INFO - [2023-12-19T14:36:17.990+0000] {dag.py:3033} INFO - Sync 1 DAGs
[2023-12-19T14:36:18.025+0000] {logging_mixin.py:188} INFO - [2023-12-19T14:36:18.024+0000] {dag.py:3820} INFO - Setting next_dagrun for example_dag_decorator to None, run_after=None
[2023-12-19T14:36:18.061+0000] {processor.py:183} INFO - Processing /home/airflow/.local/lib/python3.8/site-packages/airflow/example_dags/example_dag_decorator.py took 0.776 seconds
[2023-12-19T14:36:48.149+0000] {processor.py:161} INFO - Started process (PID=1273) to work on /home/airflow/.local/lib/python3.8/site-packages/airflow/example_dags/example_dag_decorator.py
[2023-12-19T14:36:48.150+0000] {processor.py:830} INFO - Processing file /home/airflow/.local/lib/python3.8/site-packages/airflow/example_dags/example_dag_decorator.py for tasks to queue
[2023-12-19T14:36:48.153+0000] {logging_mixin.py:188} INFO - [2023-12-19T14:36:48.153+0000] {dagbag.py:538} INFO - Filling up the DagBag from /home/airflow/.local/lib/python3.8/site-packages/airflow/example_dags/example_dag_decorator.py
[2023-12-19T14:36:48.311+0000] {processor.py:840} INFO - DAG(s) 'example_dag_decorator' retrieved from /home/airflow/.local/lib/python3.8/site-packages/airflow/example_dags/example_dag_decorator.py
[2023-12-19T14:36:48.718+0000] {logging_mixin.py:188} INFO - [2023-12-19T14:36:48.717+0000] {dag.py:3033} INFO - Sync 1 DAGs
[2023-12-19T14:36:48.734+0000] {logging_mixin.py:188} INFO - [2023-12-19T14:36:48.734+0000] {dag.py:3820} INFO - Setting next_dagrun for example_dag_decorator to None, run_after=None
[2023-12-19T14:36:48.765+0000] {processor.py:183} INFO - Processing /home/airflow/.local/lib/python3.8/site-packages/airflow/example_dags/example_dag_decorator.py took 0.621 seconds
