[2023-12-19T14:14:13.792+0000] {processor.py:161} INFO - Started process (PID=72) to work on /home/airflow/.local/lib/python3.8/site-packages/airflow/example_dags/example_setup_teardown.py
[2023-12-19T14:14:13.794+0000] {processor.py:830} INFO - Processing file /home/airflow/.local/lib/python3.8/site-packages/airflow/example_dags/example_setup_teardown.py for tasks to queue
[2023-12-19T14:14:13.800+0000] {logging_mixin.py:188} INFO - [2023-12-19T14:14:13.800+0000] {dagbag.py:538} INFO - Filling up the DagBag from /home/airflow/.local/lib/python3.8/site-packages/airflow/example_dags/example_setup_teardown.py
[2023-12-19T14:14:13.821+0000] {processor.py:840} INFO - DAG(s) 'example_setup_teardown' retrieved from /home/airflow/.local/lib/python3.8/site-packages/airflow/example_dags/example_setup_teardown.py
[2023-12-19T14:14:14.307+0000] {logging_mixin.py:188} INFO - [2023-12-19T14:14:14.307+0000] {dag.py:3033} INFO - Sync 1 DAGs
[2023-12-19T14:14:14.369+0000] {logging_mixin.py:188} INFO - [2023-12-19T14:14:14.369+0000] {dag.py:3820} INFO - Setting next_dagrun for example_setup_teardown to 2023-12-18T00:00:00+00:00, run_after=2023-12-19T00:00:00+00:00
[2023-12-19T14:14:14.716+0000] {processor.py:183} INFO - Processing /home/airflow/.local/lib/python3.8/site-packages/airflow/example_dags/example_setup_teardown.py took 0.936 seconds
[2023-12-19T14:14:45.023+0000] {processor.py:161} INFO - Started process (PID=127) to work on /home/airflow/.local/lib/python3.8/site-packages/airflow/example_dags/example_setup_teardown.py
[2023-12-19T14:14:45.025+0000] {processor.py:830} INFO - Processing file /home/airflow/.local/lib/python3.8/site-packages/airflow/example_dags/example_setup_teardown.py for tasks to queue
[2023-12-19T14:14:45.029+0000] {logging_mixin.py:188} INFO - [2023-12-19T14:14:45.029+0000] {dagbag.py:538} INFO - Filling up the DagBag from /home/airflow/.local/lib/python3.8/site-packages/airflow/example_dags/example_setup_teardown.py
[2023-12-19T14:14:45.046+0000] {processor.py:840} INFO - DAG(s) 'example_setup_teardown' retrieved from /home/airflow/.local/lib/python3.8/site-packages/airflow/example_dags/example_setup_teardown.py
[2023-12-19T14:14:45.100+0000] {logging_mixin.py:188} INFO - [2023-12-19T14:14:45.099+0000] {dag.py:3033} INFO - Sync 1 DAGs
[2023-12-19T14:14:45.157+0000] {logging_mixin.py:188} INFO - [2023-12-19T14:14:45.156+0000] {dag.py:3820} INFO - Setting next_dagrun for example_setup_teardown to 2023-12-18T00:00:00+00:00, run_after=2023-12-19T00:00:00+00:00
[2023-12-19T14:14:45.207+0000] {processor.py:183} INFO - Processing /home/airflow/.local/lib/python3.8/site-packages/airflow/example_dags/example_setup_teardown.py took 0.189 seconds
[2023-12-19T14:15:39.244+0000] {processor.py:161} INFO - Started process (PID=183) to work on /home/airflow/.local/lib/python3.8/site-packages/airflow/example_dags/example_setup_teardown.py
[2023-12-19T14:15:39.353+0000] {processor.py:830} INFO - Processing file /home/airflow/.local/lib/python3.8/site-packages/airflow/example_dags/example_setup_teardown.py for tasks to queue
[2023-12-19T14:15:39.448+0000] {logging_mixin.py:188} INFO - [2023-12-19T14:15:39.448+0000] {dagbag.py:538} INFO - Filling up the DagBag from /home/airflow/.local/lib/python3.8/site-packages/airflow/example_dags/example_setup_teardown.py
[2023-12-19T14:15:39.944+0000] {processor.py:840} INFO - DAG(s) 'example_setup_teardown' retrieved from /home/airflow/.local/lib/python3.8/site-packages/airflow/example_dags/example_setup_teardown.py
[2023-12-19T14:15:41.416+0000] {logging_mixin.py:188} INFO - [2023-12-19T14:15:41.368+0000] {dag.py:3033} INFO - Sync 1 DAGs
[2023-12-19T14:15:42.118+0000] {logging_mixin.py:188} INFO - [2023-12-19T14:15:42.117+0000] {dag.py:3820} INFO - Setting next_dagrun for example_setup_teardown to 2023-12-18T00:00:00+00:00, run_after=2023-12-19T00:00:00+00:00
[2023-12-19T14:15:42.899+0000] {processor.py:183} INFO - Processing /home/airflow/.local/lib/python3.8/site-packages/airflow/example_dags/example_setup_teardown.py took 3.934 seconds
[2023-12-19T14:18:40.960+0000] {processor.py:161} INFO - Started process (PID=64) to work on /home/airflow/.local/lib/python3.8/site-packages/airflow/example_dags/example_setup_teardown.py
[2023-12-19T14:18:40.971+0000] {processor.py:830} INFO - Processing file /home/airflow/.local/lib/python3.8/site-packages/airflow/example_dags/example_setup_teardown.py for tasks to queue
[2023-12-19T14:18:40.986+0000] {logging_mixin.py:188} INFO - [2023-12-19T14:18:40.981+0000] {dagbag.py:538} INFO - Filling up the DagBag from /home/airflow/.local/lib/python3.8/site-packages/airflow/example_dags/example_setup_teardown.py
[2023-12-19T14:18:41.076+0000] {processor.py:840} INFO - DAG(s) 'example_setup_teardown' retrieved from /home/airflow/.local/lib/python3.8/site-packages/airflow/example_dags/example_setup_teardown.py
[2023-12-19T14:18:41.200+0000] {logging_mixin.py:188} INFO - [2023-12-19T14:18:41.200+0000] {dag.py:3033} INFO - Sync 1 DAGs
[2023-12-19T14:18:41.352+0000] {logging_mixin.py:188} INFO - [2023-12-19T14:18:41.351+0000] {dag.py:3820} INFO - Setting next_dagrun for example_setup_teardown to 2023-12-18T00:00:00+00:00, run_after=2023-12-19T00:00:00+00:00
[2023-12-19T14:18:41.514+0000] {processor.py:183} INFO - Processing /home/airflow/.local/lib/python3.8/site-packages/airflow/example_dags/example_setup_teardown.py took 0.578 seconds
[2023-12-19T14:19:13.495+0000] {processor.py:161} INFO - Started process (PID=120) to work on /home/airflow/.local/lib/python3.8/site-packages/airflow/example_dags/example_setup_teardown.py
[2023-12-19T14:19:13.501+0000] {processor.py:830} INFO - Processing file /home/airflow/.local/lib/python3.8/site-packages/airflow/example_dags/example_setup_teardown.py for tasks to queue
[2023-12-19T14:19:13.506+0000] {logging_mixin.py:188} INFO - [2023-12-19T14:19:13.505+0000] {dagbag.py:538} INFO - Filling up the DagBag from /home/airflow/.local/lib/python3.8/site-packages/airflow/example_dags/example_setup_teardown.py
[2023-12-19T14:19:13.525+0000] {processor.py:840} INFO - DAG(s) 'example_setup_teardown' retrieved from /home/airflow/.local/lib/python3.8/site-packages/airflow/example_dags/example_setup_teardown.py
[2023-12-19T14:19:13.666+0000] {logging_mixin.py:188} INFO - [2023-12-19T14:19:13.665+0000] {dag.py:3033} INFO - Sync 1 DAGs
[2023-12-19T14:19:13.767+0000] {logging_mixin.py:188} INFO - [2023-12-19T14:19:13.763+0000] {dag.py:3820} INFO - Setting next_dagrun for example_setup_teardown to 2023-12-18T00:00:00+00:00, run_after=2023-12-19T00:00:00+00:00
[2023-12-19T14:19:13.854+0000] {processor.py:183} INFO - Processing /home/airflow/.local/lib/python3.8/site-packages/airflow/example_dags/example_setup_teardown.py took 0.367 seconds
[2023-12-19T14:19:44.179+0000] {processor.py:161} INFO - Started process (PID=175) to work on /home/airflow/.local/lib/python3.8/site-packages/airflow/example_dags/example_setup_teardown.py
[2023-12-19T14:19:44.183+0000] {processor.py:830} INFO - Processing file /home/airflow/.local/lib/python3.8/site-packages/airflow/example_dags/example_setup_teardown.py for tasks to queue
[2023-12-19T14:19:44.209+0000] {logging_mixin.py:188} INFO - [2023-12-19T14:19:44.207+0000] {dagbag.py:538} INFO - Filling up the DagBag from /home/airflow/.local/lib/python3.8/site-packages/airflow/example_dags/example_setup_teardown.py
[2023-12-19T14:19:44.308+0000] {processor.py:840} INFO - DAG(s) 'example_setup_teardown' retrieved from /home/airflow/.local/lib/python3.8/site-packages/airflow/example_dags/example_setup_teardown.py
[2023-12-19T14:19:44.476+0000] {logging_mixin.py:188} INFO - [2023-12-19T14:19:44.476+0000] {dag.py:3033} INFO - Sync 1 DAGs
[2023-12-19T14:19:44.548+0000] {logging_mixin.py:188} INFO - [2023-12-19T14:19:44.547+0000] {dag.py:3820} INFO - Setting next_dagrun for example_setup_teardown to 2023-12-18T00:00:00+00:00, run_after=2023-12-19T00:00:00+00:00
[2023-12-19T14:19:44.640+0000] {processor.py:183} INFO - Processing /home/airflow/.local/lib/python3.8/site-packages/airflow/example_dags/example_setup_teardown.py took 0.471 seconds
[2023-12-19T14:20:14.733+0000] {processor.py:161} INFO - Started process (PID=230) to work on /home/airflow/.local/lib/python3.8/site-packages/airflow/example_dags/example_setup_teardown.py
[2023-12-19T14:20:14.735+0000] {processor.py:830} INFO - Processing file /home/airflow/.local/lib/python3.8/site-packages/airflow/example_dags/example_setup_teardown.py for tasks to queue
[2023-12-19T14:20:14.739+0000] {logging_mixin.py:188} INFO - [2023-12-19T14:20:14.739+0000] {dagbag.py:538} INFO - Filling up the DagBag from /home/airflow/.local/lib/python3.8/site-packages/airflow/example_dags/example_setup_teardown.py
[2023-12-19T14:20:14.755+0000] {processor.py:840} INFO - DAG(s) 'example_setup_teardown' retrieved from /home/airflow/.local/lib/python3.8/site-packages/airflow/example_dags/example_setup_teardown.py
[2023-12-19T14:20:14.798+0000] {logging_mixin.py:188} INFO - [2023-12-19T14:20:14.797+0000] {dag.py:3033} INFO - Sync 1 DAGs
[2023-12-19T14:20:14.837+0000] {logging_mixin.py:188} INFO - [2023-12-19T14:20:14.837+0000] {dag.py:3820} INFO - Setting next_dagrun for example_setup_teardown to 2023-12-18T00:00:00+00:00, run_after=2023-12-19T00:00:00+00:00
[2023-12-19T14:20:14.872+0000] {processor.py:183} INFO - Processing /home/airflow/.local/lib/python3.8/site-packages/airflow/example_dags/example_setup_teardown.py took 0.147 seconds
[2023-12-19T14:20:45.247+0000] {processor.py:161} INFO - Started process (PID=286) to work on /home/airflow/.local/lib/python3.8/site-packages/airflow/example_dags/example_setup_teardown.py
[2023-12-19T14:20:45.251+0000] {processor.py:830} INFO - Processing file /home/airflow/.local/lib/python3.8/site-packages/airflow/example_dags/example_setup_teardown.py for tasks to queue
[2023-12-19T14:20:45.258+0000] {logging_mixin.py:188} INFO - [2023-12-19T14:20:45.257+0000] {dagbag.py:538} INFO - Filling up the DagBag from /home/airflow/.local/lib/python3.8/site-packages/airflow/example_dags/example_setup_teardown.py
[2023-12-19T14:20:45.277+0000] {processor.py:840} INFO - DAG(s) 'example_setup_teardown' retrieved from /home/airflow/.local/lib/python3.8/site-packages/airflow/example_dags/example_setup_teardown.py
[2023-12-19T14:20:45.358+0000] {logging_mixin.py:188} INFO - [2023-12-19T14:20:45.358+0000] {dag.py:3033} INFO - Sync 1 DAGs
[2023-12-19T14:20:45.439+0000] {logging_mixin.py:188} INFO - [2023-12-19T14:20:45.439+0000] {dag.py:3820} INFO - Setting next_dagrun for example_setup_teardown to 2023-12-18T00:00:00+00:00, run_after=2023-12-19T00:00:00+00:00
[2023-12-19T14:20:45.519+0000] {processor.py:183} INFO - Processing /home/airflow/.local/lib/python3.8/site-packages/airflow/example_dags/example_setup_teardown.py took 0.282 seconds
[2023-12-19T14:21:16.619+0000] {processor.py:161} INFO - Started process (PID=340) to work on /home/airflow/.local/lib/python3.8/site-packages/airflow/example_dags/example_setup_teardown.py
[2023-12-19T14:21:16.626+0000] {processor.py:830} INFO - Processing file /home/airflow/.local/lib/python3.8/site-packages/airflow/example_dags/example_setup_teardown.py for tasks to queue
[2023-12-19T14:21:16.632+0000] {logging_mixin.py:188} INFO - [2023-12-19T14:21:16.632+0000] {dagbag.py:538} INFO - Filling up the DagBag from /home/airflow/.local/lib/python3.8/site-packages/airflow/example_dags/example_setup_teardown.py
[2023-12-19T14:21:16.653+0000] {processor.py:840} INFO - DAG(s) 'example_setup_teardown' retrieved from /home/airflow/.local/lib/python3.8/site-packages/airflow/example_dags/example_setup_teardown.py
[2023-12-19T14:21:16.736+0000] {logging_mixin.py:188} INFO - [2023-12-19T14:21:16.736+0000] {dag.py:3033} INFO - Sync 1 DAGs
[2023-12-19T14:21:16.801+0000] {logging_mixin.py:188} INFO - [2023-12-19T14:21:16.797+0000] {dag.py:3820} INFO - Setting next_dagrun for example_setup_teardown to 2023-12-18T00:00:00+00:00, run_after=2023-12-19T00:00:00+00:00
[2023-12-19T14:21:16.858+0000] {processor.py:183} INFO - Processing /home/airflow/.local/lib/python3.8/site-packages/airflow/example_dags/example_setup_teardown.py took 0.254 seconds
[2023-12-19T14:21:47.608+0000] {processor.py:161} INFO - Started process (PID=395) to work on /home/airflow/.local/lib/python3.8/site-packages/airflow/example_dags/example_setup_teardown.py
[2023-12-19T14:21:47.617+0000] {processor.py:830} INFO - Processing file /home/airflow/.local/lib/python3.8/site-packages/airflow/example_dags/example_setup_teardown.py for tasks to queue
[2023-12-19T14:21:47.631+0000] {logging_mixin.py:188} INFO - [2023-12-19T14:21:47.629+0000] {dagbag.py:538} INFO - Filling up the DagBag from /home/airflow/.local/lib/python3.8/site-packages/airflow/example_dags/example_setup_teardown.py
[2023-12-19T14:21:47.676+0000] {processor.py:840} INFO - DAG(s) 'example_setup_teardown' retrieved from /home/airflow/.local/lib/python3.8/site-packages/airflow/example_dags/example_setup_teardown.py
[2023-12-19T14:21:47.756+0000] {logging_mixin.py:188} INFO - [2023-12-19T14:21:47.755+0000] {dag.py:3033} INFO - Sync 1 DAGs
[2023-12-19T14:21:47.832+0000] {logging_mixin.py:188} INFO - [2023-12-19T14:21:47.832+0000] {dag.py:3820} INFO - Setting next_dagrun for example_setup_teardown to 2023-12-18T00:00:00+00:00, run_after=2023-12-19T00:00:00+00:00
[2023-12-19T14:21:47.939+0000] {processor.py:183} INFO - Processing /home/airflow/.local/lib/python3.8/site-packages/airflow/example_dags/example_setup_teardown.py took 0.373 seconds
[2023-12-19T14:22:18.222+0000] {processor.py:161} INFO - Started process (PID=450) to work on /home/airflow/.local/lib/python3.8/site-packages/airflow/example_dags/example_setup_teardown.py
[2023-12-19T14:22:18.223+0000] {processor.py:830} INFO - Processing file /home/airflow/.local/lib/python3.8/site-packages/airflow/example_dags/example_setup_teardown.py for tasks to queue
[2023-12-19T14:22:18.228+0000] {logging_mixin.py:188} INFO - [2023-12-19T14:22:18.228+0000] {dagbag.py:538} INFO - Filling up the DagBag from /home/airflow/.local/lib/python3.8/site-packages/airflow/example_dags/example_setup_teardown.py
[2023-12-19T14:22:18.245+0000] {processor.py:840} INFO - DAG(s) 'example_setup_teardown' retrieved from /home/airflow/.local/lib/python3.8/site-packages/airflow/example_dags/example_setup_teardown.py
[2023-12-19T14:22:18.300+0000] {logging_mixin.py:188} INFO - [2023-12-19T14:22:18.299+0000] {dag.py:3033} INFO - Sync 1 DAGs
[2023-12-19T14:22:18.353+0000] {logging_mixin.py:188} INFO - [2023-12-19T14:22:18.353+0000] {dag.py:3820} INFO - Setting next_dagrun for example_setup_teardown to 2023-12-18T00:00:00+00:00, run_after=2023-12-19T00:00:00+00:00
[2023-12-19T14:22:18.405+0000] {processor.py:183} INFO - Processing /home/airflow/.local/lib/python3.8/site-packages/airflow/example_dags/example_setup_teardown.py took 0.189 seconds
[2023-12-19T14:23:33.869+0000] {processor.py:161} INFO - Started process (PID=64) to work on /home/airflow/.local/lib/python3.8/site-packages/airflow/example_dags/example_setup_teardown.py
[2023-12-19T14:23:33.871+0000] {processor.py:830} INFO - Processing file /home/airflow/.local/lib/python3.8/site-packages/airflow/example_dags/example_setup_teardown.py for tasks to queue
[2023-12-19T14:23:33.898+0000] {logging_mixin.py:188} INFO - [2023-12-19T14:23:33.897+0000] {dagbag.py:538} INFO - Filling up the DagBag from /home/airflow/.local/lib/python3.8/site-packages/airflow/example_dags/example_setup_teardown.py
[2023-12-19T14:23:33.930+0000] {processor.py:840} INFO - DAG(s) 'example_setup_teardown' retrieved from /home/airflow/.local/lib/python3.8/site-packages/airflow/example_dags/example_setup_teardown.py
[2023-12-19T14:23:33.989+0000] {logging_mixin.py:188} INFO - [2023-12-19T14:23:33.989+0000] {dag.py:3033} INFO - Sync 1 DAGs
[2023-12-19T14:23:34.067+0000] {logging_mixin.py:188} INFO - [2023-12-19T14:23:34.066+0000] {dag.py:3820} INFO - Setting next_dagrun for example_setup_teardown to 2023-12-18T00:00:00+00:00, run_after=2023-12-19T00:00:00+00:00
[2023-12-19T14:23:34.142+0000] {processor.py:183} INFO - Processing /home/airflow/.local/lib/python3.8/site-packages/airflow/example_dags/example_setup_teardown.py took 0.285 seconds
[2023-12-19T14:25:28.794+0000] {processor.py:161} INFO - Started process (PID=70) to work on /home/airflow/.local/lib/python3.8/site-packages/airflow/example_dags/example_setup_teardown.py
[2023-12-19T14:25:28.798+0000] {processor.py:830} INFO - Processing file /home/airflow/.local/lib/python3.8/site-packages/airflow/example_dags/example_setup_teardown.py for tasks to queue
[2023-12-19T14:25:28.813+0000] {logging_mixin.py:188} INFO - [2023-12-19T14:25:28.809+0000] {dagbag.py:538} INFO - Filling up the DagBag from /home/airflow/.local/lib/python3.8/site-packages/airflow/example_dags/example_setup_teardown.py
[2023-12-19T14:25:28.875+0000] {processor.py:840} INFO - DAG(s) 'example_setup_teardown' retrieved from /home/airflow/.local/lib/python3.8/site-packages/airflow/example_dags/example_setup_teardown.py
[2023-12-19T14:25:29.495+0000] {logging_mixin.py:188} INFO - [2023-12-19T14:25:29.494+0000] {dag.py:3033} INFO - Sync 1 DAGs
[2023-12-19T14:25:29.607+0000] {logging_mixin.py:188} INFO - [2023-12-19T14:25:29.606+0000] {dag.py:3820} INFO - Setting next_dagrun for example_setup_teardown to 2023-12-18T00:00:00+00:00, run_after=2023-12-19T00:00:00+00:00
[2023-12-19T14:25:29.726+0000] {processor.py:183} INFO - Processing /home/airflow/.local/lib/python3.8/site-packages/airflow/example_dags/example_setup_teardown.py took 0.968 seconds
[2023-12-19T14:25:59.870+0000] {processor.py:161} INFO - Started process (PID=125) to work on /home/airflow/.local/lib/python3.8/site-packages/airflow/example_dags/example_setup_teardown.py
[2023-12-19T14:25:59.872+0000] {processor.py:830} INFO - Processing file /home/airflow/.local/lib/python3.8/site-packages/airflow/example_dags/example_setup_teardown.py for tasks to queue
[2023-12-19T14:25:59.878+0000] {logging_mixin.py:188} INFO - [2023-12-19T14:25:59.877+0000] {dagbag.py:538} INFO - Filling up the DagBag from /home/airflow/.local/lib/python3.8/site-packages/airflow/example_dags/example_setup_teardown.py
[2023-12-19T14:25:59.920+0000] {processor.py:840} INFO - DAG(s) 'example_setup_teardown' retrieved from /home/airflow/.local/lib/python3.8/site-packages/airflow/example_dags/example_setup_teardown.py
[2023-12-19T14:25:59.988+0000] {logging_mixin.py:188} INFO - [2023-12-19T14:25:59.987+0000] {dag.py:3033} INFO - Sync 1 DAGs
[2023-12-19T14:26:00.081+0000] {logging_mixin.py:188} INFO - [2023-12-19T14:26:00.080+0000] {dag.py:3820} INFO - Setting next_dagrun for example_setup_teardown to 2023-12-18T00:00:00+00:00, run_after=2023-12-19T00:00:00+00:00
[2023-12-19T14:26:00.138+0000] {processor.py:183} INFO - Processing /home/airflow/.local/lib/python3.8/site-packages/airflow/example_dags/example_setup_teardown.py took 0.277 seconds
[2023-12-19T14:26:30.712+0000] {processor.py:161} INFO - Started process (PID=179) to work on /home/airflow/.local/lib/python3.8/site-packages/airflow/example_dags/example_setup_teardown.py
[2023-12-19T14:26:30.715+0000] {processor.py:830} INFO - Processing file /home/airflow/.local/lib/python3.8/site-packages/airflow/example_dags/example_setup_teardown.py for tasks to queue
[2023-12-19T14:26:30.720+0000] {logging_mixin.py:188} INFO - [2023-12-19T14:26:30.719+0000] {dagbag.py:538} INFO - Filling up the DagBag from /home/airflow/.local/lib/python3.8/site-packages/airflow/example_dags/example_setup_teardown.py
[2023-12-19T14:26:30.737+0000] {processor.py:840} INFO - DAG(s) 'example_setup_teardown' retrieved from /home/airflow/.local/lib/python3.8/site-packages/airflow/example_dags/example_setup_teardown.py
[2023-12-19T14:26:30.801+0000] {logging_mixin.py:188} INFO - [2023-12-19T14:26:30.801+0000] {dag.py:3033} INFO - Sync 1 DAGs
[2023-12-19T14:26:30.871+0000] {logging_mixin.py:188} INFO - [2023-12-19T14:26:30.870+0000] {dag.py:3820} INFO - Setting next_dagrun for example_setup_teardown to 2023-12-18T00:00:00+00:00, run_after=2023-12-19T00:00:00+00:00
[2023-12-19T14:26:30.924+0000] {processor.py:183} INFO - Processing /home/airflow/.local/lib/python3.8/site-packages/airflow/example_dags/example_setup_teardown.py took 0.225 seconds
[2023-12-19T14:27:01.104+0000] {processor.py:161} INFO - Started process (PID=234) to work on /home/airflow/.local/lib/python3.8/site-packages/airflow/example_dags/example_setup_teardown.py
[2023-12-19T14:27:01.107+0000] {processor.py:830} INFO - Processing file /home/airflow/.local/lib/python3.8/site-packages/airflow/example_dags/example_setup_teardown.py for tasks to queue
[2023-12-19T14:27:01.113+0000] {logging_mixin.py:188} INFO - [2023-12-19T14:27:01.112+0000] {dagbag.py:538} INFO - Filling up the DagBag from /home/airflow/.local/lib/python3.8/site-packages/airflow/example_dags/example_setup_teardown.py
[2023-12-19T14:27:01.131+0000] {processor.py:840} INFO - DAG(s) 'example_setup_teardown' retrieved from /home/airflow/.local/lib/python3.8/site-packages/airflow/example_dags/example_setup_teardown.py
[2023-12-19T14:27:01.188+0000] {logging_mixin.py:188} INFO - [2023-12-19T14:27:01.188+0000] {dag.py:3033} INFO - Sync 1 DAGs
[2023-12-19T14:27:01.257+0000] {logging_mixin.py:188} INFO - [2023-12-19T14:27:01.256+0000] {dag.py:3820} INFO - Setting next_dagrun for example_setup_teardown to 2023-12-18T00:00:00+00:00, run_after=2023-12-19T00:00:00+00:00
[2023-12-19T14:27:01.318+0000] {processor.py:183} INFO - Processing /home/airflow/.local/lib/python3.8/site-packages/airflow/example_dags/example_setup_teardown.py took 0.223 seconds
[2023-12-19T14:27:31.410+0000] {processor.py:161} INFO - Started process (PID=288) to work on /home/airflow/.local/lib/python3.8/site-packages/airflow/example_dags/example_setup_teardown.py
[2023-12-19T14:27:31.413+0000] {processor.py:830} INFO - Processing file /home/airflow/.local/lib/python3.8/site-packages/airflow/example_dags/example_setup_teardown.py for tasks to queue
[2023-12-19T14:27:31.418+0000] {logging_mixin.py:188} INFO - [2023-12-19T14:27:31.417+0000] {dagbag.py:538} INFO - Filling up the DagBag from /home/airflow/.local/lib/python3.8/site-packages/airflow/example_dags/example_setup_teardown.py
[2023-12-19T14:27:31.433+0000] {processor.py:840} INFO - DAG(s) 'example_setup_teardown' retrieved from /home/airflow/.local/lib/python3.8/site-packages/airflow/example_dags/example_setup_teardown.py
[2023-12-19T14:27:31.482+0000] {logging_mixin.py:188} INFO - [2023-12-19T14:27:31.482+0000] {dag.py:3033} INFO - Sync 1 DAGs
[2023-12-19T14:27:31.523+0000] {logging_mixin.py:188} INFO - [2023-12-19T14:27:31.522+0000] {dag.py:3820} INFO - Setting next_dagrun for example_setup_teardown to 2023-12-18T00:00:00+00:00, run_after=2023-12-19T00:00:00+00:00
[2023-12-19T14:27:31.557+0000] {processor.py:183} INFO - Processing /home/airflow/.local/lib/python3.8/site-packages/airflow/example_dags/example_setup_teardown.py took 0.154 seconds
[2023-12-19T14:28:01.727+0000] {processor.py:161} INFO - Started process (PID=343) to work on /home/airflow/.local/lib/python3.8/site-packages/airflow/example_dags/example_setup_teardown.py
[2023-12-19T14:28:01.730+0000] {processor.py:830} INFO - Processing file /home/airflow/.local/lib/python3.8/site-packages/airflow/example_dags/example_setup_teardown.py for tasks to queue
[2023-12-19T14:28:01.735+0000] {logging_mixin.py:188} INFO - [2023-12-19T14:28:01.734+0000] {dagbag.py:538} INFO - Filling up the DagBag from /home/airflow/.local/lib/python3.8/site-packages/airflow/example_dags/example_setup_teardown.py
[2023-12-19T14:28:01.752+0000] {processor.py:840} INFO - DAG(s) 'example_setup_teardown' retrieved from /home/airflow/.local/lib/python3.8/site-packages/airflow/example_dags/example_setup_teardown.py
[2023-12-19T14:28:01.795+0000] {logging_mixin.py:188} INFO - [2023-12-19T14:28:01.794+0000] {dag.py:3033} INFO - Sync 1 DAGs
[2023-12-19T14:28:01.836+0000] {logging_mixin.py:188} INFO - [2023-12-19T14:28:01.835+0000] {dag.py:3820} INFO - Setting next_dagrun for example_setup_teardown to 2023-12-18T00:00:00+00:00, run_after=2023-12-19T00:00:00+00:00
[2023-12-19T14:28:01.875+0000] {processor.py:183} INFO - Processing /home/airflow/.local/lib/python3.8/site-packages/airflow/example_dags/example_setup_teardown.py took 0.156 seconds
[2023-12-19T14:28:32.505+0000] {processor.py:161} INFO - Started process (PID=399) to work on /home/airflow/.local/lib/python3.8/site-packages/airflow/example_dags/example_setup_teardown.py
[2023-12-19T14:28:32.512+0000] {processor.py:830} INFO - Processing file /home/airflow/.local/lib/python3.8/site-packages/airflow/example_dags/example_setup_teardown.py for tasks to queue
[2023-12-19T14:28:32.517+0000] {logging_mixin.py:188} INFO - [2023-12-19T14:28:32.516+0000] {dagbag.py:538} INFO - Filling up the DagBag from /home/airflow/.local/lib/python3.8/site-packages/airflow/example_dags/example_setup_teardown.py
[2023-12-19T14:28:32.553+0000] {processor.py:840} INFO - DAG(s) 'example_setup_teardown' retrieved from /home/airflow/.local/lib/python3.8/site-packages/airflow/example_dags/example_setup_teardown.py
[2023-12-19T14:28:32.721+0000] {logging_mixin.py:188} INFO - [2023-12-19T14:28:32.712+0000] {dag.py:3033} INFO - Sync 1 DAGs
[2023-12-19T14:28:32.802+0000] {logging_mixin.py:188} INFO - [2023-12-19T14:28:32.802+0000] {dag.py:3820} INFO - Setting next_dagrun for example_setup_teardown to 2023-12-18T00:00:00+00:00, run_after=2023-12-19T00:00:00+00:00
[2023-12-19T14:28:32.885+0000] {processor.py:183} INFO - Processing /home/airflow/.local/lib/python3.8/site-packages/airflow/example_dags/example_setup_teardown.py took 0.389 seconds
[2023-12-19T14:29:03.520+0000] {processor.py:161} INFO - Started process (PID=454) to work on /home/airflow/.local/lib/python3.8/site-packages/airflow/example_dags/example_setup_teardown.py
[2023-12-19T14:29:03.529+0000] {processor.py:830} INFO - Processing file /home/airflow/.local/lib/python3.8/site-packages/airflow/example_dags/example_setup_teardown.py for tasks to queue
[2023-12-19T14:29:03.533+0000] {logging_mixin.py:188} INFO - [2023-12-19T14:29:03.533+0000] {dagbag.py:538} INFO - Filling up the DagBag from /home/airflow/.local/lib/python3.8/site-packages/airflow/example_dags/example_setup_teardown.py
[2023-12-19T14:29:03.576+0000] {processor.py:840} INFO - DAG(s) 'example_setup_teardown' retrieved from /home/airflow/.local/lib/python3.8/site-packages/airflow/example_dags/example_setup_teardown.py
[2023-12-19T14:29:03.698+0000] {logging_mixin.py:188} INFO - [2023-12-19T14:29:03.698+0000] {dag.py:3033} INFO - Sync 1 DAGs
[2023-12-19T14:29:03.890+0000] {logging_mixin.py:188} INFO - [2023-12-19T14:29:03.890+0000] {dag.py:3820} INFO - Setting next_dagrun for example_setup_teardown to 2023-12-18T00:00:00+00:00, run_after=2023-12-19T00:00:00+00:00
[2023-12-19T14:29:04.046+0000] {processor.py:183} INFO - Processing /home/airflow/.local/lib/python3.8/site-packages/airflow/example_dags/example_setup_teardown.py took 0.539 seconds
[2023-12-19T14:29:34.405+0000] {processor.py:161} INFO - Started process (PID=509) to work on /home/airflow/.local/lib/python3.8/site-packages/airflow/example_dags/example_setup_teardown.py
[2023-12-19T14:29:34.406+0000] {processor.py:830} INFO - Processing file /home/airflow/.local/lib/python3.8/site-packages/airflow/example_dags/example_setup_teardown.py for tasks to queue
[2023-12-19T14:29:34.412+0000] {logging_mixin.py:188} INFO - [2023-12-19T14:29:34.410+0000] {dagbag.py:538} INFO - Filling up the DagBag from /home/airflow/.local/lib/python3.8/site-packages/airflow/example_dags/example_setup_teardown.py
[2023-12-19T14:29:34.446+0000] {processor.py:840} INFO - DAG(s) 'example_setup_teardown' retrieved from /home/airflow/.local/lib/python3.8/site-packages/airflow/example_dags/example_setup_teardown.py
[2023-12-19T14:29:34.669+0000] {logging_mixin.py:188} INFO - [2023-12-19T14:29:34.669+0000] {dag.py:3033} INFO - Sync 1 DAGs
[2023-12-19T14:29:34.742+0000] {logging_mixin.py:188} INFO - [2023-12-19T14:29:34.741+0000] {dag.py:3820} INFO - Setting next_dagrun for example_setup_teardown to 2023-12-18T00:00:00+00:00, run_after=2023-12-19T00:00:00+00:00
[2023-12-19T14:29:34.810+0000] {processor.py:183} INFO - Processing /home/airflow/.local/lib/python3.8/site-packages/airflow/example_dags/example_setup_teardown.py took 0.413 seconds
[2023-12-19T14:30:05.181+0000] {processor.py:161} INFO - Started process (PID=564) to work on /home/airflow/.local/lib/python3.8/site-packages/airflow/example_dags/example_setup_teardown.py
[2023-12-19T14:30:05.187+0000] {processor.py:830} INFO - Processing file /home/airflow/.local/lib/python3.8/site-packages/airflow/example_dags/example_setup_teardown.py for tasks to queue
[2023-12-19T14:30:05.196+0000] {logging_mixin.py:188} INFO - [2023-12-19T14:30:05.195+0000] {dagbag.py:538} INFO - Filling up the DagBag from /home/airflow/.local/lib/python3.8/site-packages/airflow/example_dags/example_setup_teardown.py
[2023-12-19T14:30:05.223+0000] {processor.py:840} INFO - DAG(s) 'example_setup_teardown' retrieved from /home/airflow/.local/lib/python3.8/site-packages/airflow/example_dags/example_setup_teardown.py
[2023-12-19T14:30:05.339+0000] {logging_mixin.py:188} INFO - [2023-12-19T14:30:05.339+0000] {dag.py:3033} INFO - Sync 1 DAGs
[2023-12-19T14:30:05.419+0000] {logging_mixin.py:188} INFO - [2023-12-19T14:30:05.418+0000] {dag.py:3820} INFO - Setting next_dagrun for example_setup_teardown to 2023-12-18T00:00:00+00:00, run_after=2023-12-19T00:00:00+00:00
[2023-12-19T14:30:05.506+0000] {processor.py:183} INFO - Processing /home/airflow/.local/lib/python3.8/site-packages/airflow/example_dags/example_setup_teardown.py took 0.339 seconds
[2023-12-19T14:30:35.676+0000] {processor.py:161} INFO - Started process (PID=619) to work on /home/airflow/.local/lib/python3.8/site-packages/airflow/example_dags/example_setup_teardown.py
[2023-12-19T14:30:35.678+0000] {processor.py:830} INFO - Processing file /home/airflow/.local/lib/python3.8/site-packages/airflow/example_dags/example_setup_teardown.py for tasks to queue
[2023-12-19T14:30:35.681+0000] {logging_mixin.py:188} INFO - [2023-12-19T14:30:35.681+0000] {dagbag.py:538} INFO - Filling up the DagBag from /home/airflow/.local/lib/python3.8/site-packages/airflow/example_dags/example_setup_teardown.py
[2023-12-19T14:30:35.701+0000] {processor.py:840} INFO - DAG(s) 'example_setup_teardown' retrieved from /home/airflow/.local/lib/python3.8/site-packages/airflow/example_dags/example_setup_teardown.py
[2023-12-19T14:30:35.762+0000] {logging_mixin.py:188} INFO - [2023-12-19T14:30:35.761+0000] {dag.py:3033} INFO - Sync 1 DAGs
[2023-12-19T14:30:35.807+0000] {logging_mixin.py:188} INFO - [2023-12-19T14:30:35.807+0000] {dag.py:3820} INFO - Setting next_dagrun for example_setup_teardown to 2023-12-18T00:00:00+00:00, run_after=2023-12-19T00:00:00+00:00
[2023-12-19T14:30:35.851+0000] {processor.py:183} INFO - Processing /home/airflow/.local/lib/python3.8/site-packages/airflow/example_dags/example_setup_teardown.py took 0.181 seconds
[2023-12-19T14:31:06.033+0000] {processor.py:161} INFO - Started process (PID=674) to work on /home/airflow/.local/lib/python3.8/site-packages/airflow/example_dags/example_setup_teardown.py
[2023-12-19T14:31:06.035+0000] {processor.py:830} INFO - Processing file /home/airflow/.local/lib/python3.8/site-packages/airflow/example_dags/example_setup_teardown.py for tasks to queue
[2023-12-19T14:31:06.038+0000] {logging_mixin.py:188} INFO - [2023-12-19T14:31:06.038+0000] {dagbag.py:538} INFO - Filling up the DagBag from /home/airflow/.local/lib/python3.8/site-packages/airflow/example_dags/example_setup_teardown.py
[2023-12-19T14:31:06.057+0000] {processor.py:840} INFO - DAG(s) 'example_setup_teardown' retrieved from /home/airflow/.local/lib/python3.8/site-packages/airflow/example_dags/example_setup_teardown.py
[2023-12-19T14:31:06.138+0000] {logging_mixin.py:188} INFO - [2023-12-19T14:31:06.138+0000] {dag.py:3033} INFO - Sync 1 DAGs
[2023-12-19T14:31:06.230+0000] {logging_mixin.py:188} INFO - [2023-12-19T14:31:06.229+0000] {dag.py:3820} INFO - Setting next_dagrun for example_setup_teardown to 2023-12-18T00:00:00+00:00, run_after=2023-12-19T00:00:00+00:00
[2023-12-19T14:31:06.336+0000] {processor.py:183} INFO - Processing /home/airflow/.local/lib/python3.8/site-packages/airflow/example_dags/example_setup_teardown.py took 0.309 seconds
[2023-12-19T14:31:36.536+0000] {processor.py:161} INFO - Started process (PID=728) to work on /home/airflow/.local/lib/python3.8/site-packages/airflow/example_dags/example_setup_teardown.py
[2023-12-19T14:31:36.546+0000] {processor.py:830} INFO - Processing file /home/airflow/.local/lib/python3.8/site-packages/airflow/example_dags/example_setup_teardown.py for tasks to queue
[2023-12-19T14:31:36.555+0000] {logging_mixin.py:188} INFO - [2023-12-19T14:31:36.553+0000] {dagbag.py:538} INFO - Filling up the DagBag from /home/airflow/.local/lib/python3.8/site-packages/airflow/example_dags/example_setup_teardown.py
[2023-12-19T14:31:36.573+0000] {processor.py:840} INFO - DAG(s) 'example_setup_teardown' retrieved from /home/airflow/.local/lib/python3.8/site-packages/airflow/example_dags/example_setup_teardown.py
[2023-12-19T14:31:36.705+0000] {logging_mixin.py:188} INFO - [2023-12-19T14:31:36.705+0000] {dag.py:3033} INFO - Sync 1 DAGs
[2023-12-19T14:31:36.832+0000] {logging_mixin.py:188} INFO - [2023-12-19T14:31:36.829+0000] {dag.py:3820} INFO - Setting next_dagrun for example_setup_teardown to 2023-12-18T00:00:00+00:00, run_after=2023-12-19T00:00:00+00:00
[2023-12-19T14:31:36.944+0000] {processor.py:183} INFO - Processing /home/airflow/.local/lib/python3.8/site-packages/airflow/example_dags/example_setup_teardown.py took 0.438 seconds
[2023-12-19T14:32:09.529+0000] {processor.py:161} INFO - Started process (PID=788) to work on /home/airflow/.local/lib/python3.8/site-packages/airflow/example_dags/example_setup_teardown.py
[2023-12-19T14:32:09.567+0000] {processor.py:830} INFO - Processing file /home/airflow/.local/lib/python3.8/site-packages/airflow/example_dags/example_setup_teardown.py for tasks to queue
[2023-12-19T14:32:09.574+0000] {logging_mixin.py:188} INFO - [2023-12-19T14:32:09.573+0000] {dagbag.py:538} INFO - Filling up the DagBag from /home/airflow/.local/lib/python3.8/site-packages/airflow/example_dags/example_setup_teardown.py
[2023-12-19T14:32:09.621+0000] {processor.py:840} INFO - DAG(s) 'example_setup_teardown' retrieved from /home/airflow/.local/lib/python3.8/site-packages/airflow/example_dags/example_setup_teardown.py
[2023-12-19T14:32:09.696+0000] {logging_mixin.py:188} INFO - [2023-12-19T14:32:09.695+0000] {dag.py:3033} INFO - Sync 1 DAGs
[2023-12-19T14:32:09.759+0000] {logging_mixin.py:188} INFO - [2023-12-19T14:32:09.759+0000] {dag.py:3820} INFO - Setting next_dagrun for example_setup_teardown to 2023-12-18T00:00:00+00:00, run_after=2023-12-19T00:00:00+00:00
[2023-12-19T14:32:09.869+0000] {processor.py:183} INFO - Processing /home/airflow/.local/lib/python3.8/site-packages/airflow/example_dags/example_setup_teardown.py took 0.358 seconds
[2023-12-19T14:32:40.197+0000] {processor.py:161} INFO - Started process (PID=843) to work on /home/airflow/.local/lib/python3.8/site-packages/airflow/example_dags/example_setup_teardown.py
[2023-12-19T14:32:40.200+0000] {processor.py:830} INFO - Processing file /home/airflow/.local/lib/python3.8/site-packages/airflow/example_dags/example_setup_teardown.py for tasks to queue
[2023-12-19T14:32:40.204+0000] {logging_mixin.py:188} INFO - [2023-12-19T14:32:40.204+0000] {dagbag.py:538} INFO - Filling up the DagBag from /home/airflow/.local/lib/python3.8/site-packages/airflow/example_dags/example_setup_teardown.py
[2023-12-19T14:32:40.221+0000] {processor.py:840} INFO - DAG(s) 'example_setup_teardown' retrieved from /home/airflow/.local/lib/python3.8/site-packages/airflow/example_dags/example_setup_teardown.py
[2023-12-19T14:32:40.290+0000] {logging_mixin.py:188} INFO - [2023-12-19T14:32:40.289+0000] {dag.py:3033} INFO - Sync 1 DAGs
[2023-12-19T14:32:40.375+0000] {logging_mixin.py:188} INFO - [2023-12-19T14:32:40.374+0000] {dag.py:3820} INFO - Setting next_dagrun for example_setup_teardown to 2023-12-18T00:00:00+00:00, run_after=2023-12-19T00:00:00+00:00
[2023-12-19T14:32:40.445+0000] {processor.py:183} INFO - Processing /home/airflow/.local/lib/python3.8/site-packages/airflow/example_dags/example_setup_teardown.py took 0.256 seconds
[2023-12-19T14:33:11.206+0000] {processor.py:161} INFO - Started process (PID=898) to work on /home/airflow/.local/lib/python3.8/site-packages/airflow/example_dags/example_setup_teardown.py
[2023-12-19T14:33:11.208+0000] {processor.py:830} INFO - Processing file /home/airflow/.local/lib/python3.8/site-packages/airflow/example_dags/example_setup_teardown.py for tasks to queue
[2023-12-19T14:33:11.212+0000] {logging_mixin.py:188} INFO - [2023-12-19T14:33:11.211+0000] {dagbag.py:538} INFO - Filling up the DagBag from /home/airflow/.local/lib/python3.8/site-packages/airflow/example_dags/example_setup_teardown.py
[2023-12-19T14:33:11.225+0000] {processor.py:840} INFO - DAG(s) 'example_setup_teardown' retrieved from /home/airflow/.local/lib/python3.8/site-packages/airflow/example_dags/example_setup_teardown.py
[2023-12-19T14:33:11.268+0000] {logging_mixin.py:188} INFO - [2023-12-19T14:33:11.267+0000] {dag.py:3033} INFO - Sync 1 DAGs
[2023-12-19T14:33:11.312+0000] {logging_mixin.py:188} INFO - [2023-12-19T14:33:11.312+0000] {dag.py:3820} INFO - Setting next_dagrun for example_setup_teardown to 2023-12-18T00:00:00+00:00, run_after=2023-12-19T00:00:00+00:00
[2023-12-19T14:33:11.359+0000] {processor.py:183} INFO - Processing /home/airflow/.local/lib/python3.8/site-packages/airflow/example_dags/example_setup_teardown.py took 0.160 seconds
[2023-12-19T14:33:42.492+0000] {processor.py:161} INFO - Started process (PID=953) to work on /home/airflow/.local/lib/python3.8/site-packages/airflow/example_dags/example_setup_teardown.py
[2023-12-19T14:33:42.494+0000] {processor.py:830} INFO - Processing file /home/airflow/.local/lib/python3.8/site-packages/airflow/example_dags/example_setup_teardown.py for tasks to queue
[2023-12-19T14:33:42.501+0000] {logging_mixin.py:188} INFO - [2023-12-19T14:33:42.498+0000] {dagbag.py:538} INFO - Filling up the DagBag from /home/airflow/.local/lib/python3.8/site-packages/airflow/example_dags/example_setup_teardown.py
[2023-12-19T14:33:42.516+0000] {processor.py:840} INFO - DAG(s) 'example_setup_teardown' retrieved from /home/airflow/.local/lib/python3.8/site-packages/airflow/example_dags/example_setup_teardown.py
[2023-12-19T14:33:42.563+0000] {logging_mixin.py:188} INFO - [2023-12-19T14:33:42.563+0000] {dag.py:3033} INFO - Sync 1 DAGs
[2023-12-19T14:33:42.621+0000] {logging_mixin.py:188} INFO - [2023-12-19T14:33:42.621+0000] {dag.py:3820} INFO - Setting next_dagrun for example_setup_teardown to 2023-12-18T00:00:00+00:00, run_after=2023-12-19T00:00:00+00:00
[2023-12-19T14:33:42.667+0000] {processor.py:183} INFO - Processing /home/airflow/.local/lib/python3.8/site-packages/airflow/example_dags/example_setup_teardown.py took 0.181 seconds
[2023-12-19T14:34:13.883+0000] {processor.py:161} INFO - Started process (PID=1008) to work on /home/airflow/.local/lib/python3.8/site-packages/airflow/example_dags/example_setup_teardown.py
[2023-12-19T14:34:13.885+0000] {processor.py:830} INFO - Processing file /home/airflow/.local/lib/python3.8/site-packages/airflow/example_dags/example_setup_teardown.py for tasks to queue
[2023-12-19T14:34:13.892+0000] {logging_mixin.py:188} INFO - [2023-12-19T14:34:13.891+0000] {dagbag.py:538} INFO - Filling up the DagBag from /home/airflow/.local/lib/python3.8/site-packages/airflow/example_dags/example_setup_teardown.py
[2023-12-19T14:34:13.920+0000] {processor.py:840} INFO - DAG(s) 'example_setup_teardown' retrieved from /home/airflow/.local/lib/python3.8/site-packages/airflow/example_dags/example_setup_teardown.py
[2023-12-19T14:34:13.981+0000] {logging_mixin.py:188} INFO - [2023-12-19T14:34:13.980+0000] {dag.py:3033} INFO - Sync 1 DAGs
[2023-12-19T14:34:14.050+0000] {logging_mixin.py:188} INFO - [2023-12-19T14:34:14.050+0000] {dag.py:3820} INFO - Setting next_dagrun for example_setup_teardown to 2023-12-18T00:00:00+00:00, run_after=2023-12-19T00:00:00+00:00
[2023-12-19T14:34:14.121+0000] {processor.py:183} INFO - Processing /home/airflow/.local/lib/python3.8/site-packages/airflow/example_dags/example_setup_teardown.py took 0.251 seconds
[2023-12-19T14:34:46.386+0000] {processor.py:161} INFO - Started process (PID=1062) to work on /home/airflow/.local/lib/python3.8/site-packages/airflow/example_dags/example_setup_teardown.py
[2023-12-19T14:34:46.393+0000] {processor.py:830} INFO - Processing file /home/airflow/.local/lib/python3.8/site-packages/airflow/example_dags/example_setup_teardown.py for tasks to queue
[2023-12-19T14:34:46.401+0000] {logging_mixin.py:188} INFO - [2023-12-19T14:34:46.400+0000] {dagbag.py:538} INFO - Filling up the DagBag from /home/airflow/.local/lib/python3.8/site-packages/airflow/example_dags/example_setup_teardown.py
[2023-12-19T14:34:46.424+0000] {processor.py:840} INFO - DAG(s) 'example_setup_teardown' retrieved from /home/airflow/.local/lib/python3.8/site-packages/airflow/example_dags/example_setup_teardown.py
[2023-12-19T14:34:46.488+0000] {logging_mixin.py:188} INFO - [2023-12-19T14:34:46.487+0000] {dag.py:3033} INFO - Sync 1 DAGs
[2023-12-19T14:34:46.555+0000] {logging_mixin.py:188} INFO - [2023-12-19T14:34:46.554+0000] {dag.py:3820} INFO - Setting next_dagrun for example_setup_teardown to 2023-12-18T00:00:00+00:00, run_after=2023-12-19T00:00:00+00:00
[2023-12-19T14:34:46.616+0000] {processor.py:183} INFO - Processing /home/airflow/.local/lib/python3.8/site-packages/airflow/example_dags/example_setup_teardown.py took 0.242 seconds
[2023-12-19T14:35:17.203+0000] {processor.py:161} INFO - Started process (PID=1117) to work on /home/airflow/.local/lib/python3.8/site-packages/airflow/example_dags/example_setup_teardown.py
[2023-12-19T14:35:17.205+0000] {processor.py:830} INFO - Processing file /home/airflow/.local/lib/python3.8/site-packages/airflow/example_dags/example_setup_teardown.py for tasks to queue
[2023-12-19T14:35:17.210+0000] {logging_mixin.py:188} INFO - [2023-12-19T14:35:17.209+0000] {dagbag.py:538} INFO - Filling up the DagBag from /home/airflow/.local/lib/python3.8/site-packages/airflow/example_dags/example_setup_teardown.py
[2023-12-19T14:35:17.226+0000] {processor.py:840} INFO - DAG(s) 'example_setup_teardown' retrieved from /home/airflow/.local/lib/python3.8/site-packages/airflow/example_dags/example_setup_teardown.py
[2023-12-19T14:35:17.273+0000] {logging_mixin.py:188} INFO - [2023-12-19T14:35:17.272+0000] {dag.py:3033} INFO - Sync 1 DAGs
[2023-12-19T14:35:17.329+0000] {logging_mixin.py:188} INFO - [2023-12-19T14:35:17.328+0000] {dag.py:3820} INFO - Setting next_dagrun for example_setup_teardown to 2023-12-18T00:00:00+00:00, run_after=2023-12-19T00:00:00+00:00
[2023-12-19T14:35:17.379+0000] {processor.py:183} INFO - Processing /home/airflow/.local/lib/python3.8/site-packages/airflow/example_dags/example_setup_teardown.py took 0.182 seconds
[2023-12-19T14:35:47.513+0000] {processor.py:161} INFO - Started process (PID=1171) to work on /home/airflow/.local/lib/python3.8/site-packages/airflow/example_dags/example_setup_teardown.py
[2023-12-19T14:35:47.514+0000] {processor.py:830} INFO - Processing file /home/airflow/.local/lib/python3.8/site-packages/airflow/example_dags/example_setup_teardown.py for tasks to queue
[2023-12-19T14:35:47.516+0000] {logging_mixin.py:188} INFO - [2023-12-19T14:35:47.516+0000] {dagbag.py:538} INFO - Filling up the DagBag from /home/airflow/.local/lib/python3.8/site-packages/airflow/example_dags/example_setup_teardown.py
[2023-12-19T14:35:47.525+0000] {processor.py:840} INFO - DAG(s) 'example_setup_teardown' retrieved from /home/airflow/.local/lib/python3.8/site-packages/airflow/example_dags/example_setup_teardown.py
[2023-12-19T14:35:47.553+0000] {logging_mixin.py:188} INFO - [2023-12-19T14:35:47.552+0000] {dag.py:3033} INFO - Sync 1 DAGs
[2023-12-19T14:35:47.586+0000] {logging_mixin.py:188} INFO - [2023-12-19T14:35:47.585+0000] {dag.py:3820} INFO - Setting next_dagrun for example_setup_teardown to 2023-12-18T00:00:00+00:00, run_after=2023-12-19T00:00:00+00:00
[2023-12-19T14:35:47.621+0000] {processor.py:183} INFO - Processing /home/airflow/.local/lib/python3.8/site-packages/airflow/example_dags/example_setup_teardown.py took 0.114 seconds
[2023-12-19T14:36:18.937+0000] {processor.py:161} INFO - Started process (PID=1226) to work on /home/airflow/.local/lib/python3.8/site-packages/airflow/example_dags/example_setup_teardown.py
[2023-12-19T14:36:18.938+0000] {processor.py:830} INFO - Processing file /home/airflow/.local/lib/python3.8/site-packages/airflow/example_dags/example_setup_teardown.py for tasks to queue
[2023-12-19T14:36:18.941+0000] {logging_mixin.py:188} INFO - [2023-12-19T14:36:18.941+0000] {dagbag.py:538} INFO - Filling up the DagBag from /home/airflow/.local/lib/python3.8/site-packages/airflow/example_dags/example_setup_teardown.py
[2023-12-19T14:36:18.951+0000] {processor.py:840} INFO - DAG(s) 'example_setup_teardown' retrieved from /home/airflow/.local/lib/python3.8/site-packages/airflow/example_dags/example_setup_teardown.py
[2023-12-19T14:36:18.984+0000] {logging_mixin.py:188} INFO - [2023-12-19T14:36:18.984+0000] {dag.py:3033} INFO - Sync 1 DAGs
[2023-12-19T14:36:19.021+0000] {logging_mixin.py:188} INFO - [2023-12-19T14:36:19.020+0000] {dag.py:3820} INFO - Setting next_dagrun for example_setup_teardown to 2023-12-18T00:00:00+00:00, run_after=2023-12-19T00:00:00+00:00
[2023-12-19T14:36:19.049+0000] {processor.py:183} INFO - Processing /home/airflow/.local/lib/python3.8/site-packages/airflow/example_dags/example_setup_teardown.py took 0.118 seconds
[2023-12-19T14:36:49.232+0000] {processor.py:161} INFO - Started process (PID=1279) to work on /home/airflow/.local/lib/python3.8/site-packages/airflow/example_dags/example_setup_teardown.py
[2023-12-19T14:36:49.233+0000] {processor.py:830} INFO - Processing file /home/airflow/.local/lib/python3.8/site-packages/airflow/example_dags/example_setup_teardown.py for tasks to queue
[2023-12-19T14:36:49.237+0000] {logging_mixin.py:188} INFO - [2023-12-19T14:36:49.236+0000] {dagbag.py:538} INFO - Filling up the DagBag from /home/airflow/.local/lib/python3.8/site-packages/airflow/example_dags/example_setup_teardown.py
[2023-12-19T14:36:49.249+0000] {processor.py:840} INFO - DAG(s) 'example_setup_teardown' retrieved from /home/airflow/.local/lib/python3.8/site-packages/airflow/example_dags/example_setup_teardown.py
[2023-12-19T14:36:49.288+0000] {logging_mixin.py:188} INFO - [2023-12-19T14:36:49.288+0000] {dag.py:3033} INFO - Sync 1 DAGs
[2023-12-19T14:36:49.339+0000] {logging_mixin.py:188} INFO - [2023-12-19T14:36:49.339+0000] {dag.py:3820} INFO - Setting next_dagrun for example_setup_teardown to 2023-12-18T00:00:00+00:00, run_after=2023-12-19T00:00:00+00:00
[2023-12-19T14:36:49.375+0000] {processor.py:183} INFO - Processing /home/airflow/.local/lib/python3.8/site-packages/airflow/example_dags/example_setup_teardown.py took 0.150 seconds
