[2023-12-19T14:14:13.888+0000] {processor.py:161} INFO - Started process (PID=73) to work on /home/airflow/.local/lib/python3.8/site-packages/airflow/example_dags/example_sensors.py
[2023-12-19T14:14:13.890+0000] {processor.py:830} INFO - Processing file /home/airflow/.local/lib/python3.8/site-packages/airflow/example_dags/example_sensors.py for tasks to queue
[2023-12-19T14:14:13.895+0000] {logging_mixin.py:188} INFO - [2023-12-19T14:14:13.894+0000] {dagbag.py:538} INFO - Filling up the DagBag from /home/airflow/.local/lib/python3.8/site-packages/airflow/example_dags/example_sensors.py
[2023-12-19T14:14:13.928+0000] {processor.py:840} INFO - DAG(s) 'example_sensors' retrieved from /home/airflow/.local/lib/python3.8/site-packages/airflow/example_dags/example_sensors.py
[2023-12-19T14:14:14.403+0000] {logging_mixin.py:188} INFO - [2023-12-19T14:14:14.402+0000] {dag.py:3033} INFO - Sync 1 DAGs
[2023-12-19T14:14:14.543+0000] {logging_mixin.py:188} INFO - [2023-12-19T14:14:14.543+0000] {dag.py:3820} INFO - Setting next_dagrun for example_sensors to None, run_after=None
[2023-12-19T14:14:14.754+0000] {processor.py:183} INFO - Processing /home/airflow/.local/lib/python3.8/site-packages/airflow/example_dags/example_sensors.py took 0.879 seconds
[2023-12-19T14:14:45.047+0000] {processor.py:161} INFO - Started process (PID=128) to work on /home/airflow/.local/lib/python3.8/site-packages/airflow/example_dags/example_sensors.py
[2023-12-19T14:14:45.049+0000] {processor.py:830} INFO - Processing file /home/airflow/.local/lib/python3.8/site-packages/airflow/example_dags/example_sensors.py for tasks to queue
[2023-12-19T14:14:45.054+0000] {logging_mixin.py:188} INFO - [2023-12-19T14:14:45.053+0000] {dagbag.py:538} INFO - Filling up the DagBag from /home/airflow/.local/lib/python3.8/site-packages/airflow/example_dags/example_sensors.py
[2023-12-19T14:14:45.079+0000] {processor.py:840} INFO - DAG(s) 'example_sensors' retrieved from /home/airflow/.local/lib/python3.8/site-packages/airflow/example_dags/example_sensors.py
[2023-12-19T14:14:45.140+0000] {logging_mixin.py:188} INFO - [2023-12-19T14:14:45.139+0000] {dag.py:3033} INFO - Sync 1 DAGs
[2023-12-19T14:14:45.172+0000] {logging_mixin.py:188} INFO - [2023-12-19T14:14:45.172+0000] {dag.py:3820} INFO - Setting next_dagrun for example_sensors to None, run_after=None
[2023-12-19T14:14:45.219+0000] {processor.py:183} INFO - Processing /home/airflow/.local/lib/python3.8/site-packages/airflow/example_dags/example_sensors.py took 0.179 seconds
[2023-12-19T14:15:39.713+0000] {processor.py:161} INFO - Started process (PID=184) to work on /home/airflow/.local/lib/python3.8/site-packages/airflow/example_dags/example_sensors.py
[2023-12-19T14:15:39.830+0000] {processor.py:830} INFO - Processing file /home/airflow/.local/lib/python3.8/site-packages/airflow/example_dags/example_sensors.py for tasks to queue
[2023-12-19T14:15:40.025+0000] {logging_mixin.py:188} INFO - [2023-12-19T14:15:40.024+0000] {dagbag.py:538} INFO - Filling up the DagBag from /home/airflow/.local/lib/python3.8/site-packages/airflow/example_dags/example_sensors.py
[2023-12-19T14:15:40.221+0000] {processor.py:840} INFO - DAG(s) 'example_sensors' retrieved from /home/airflow/.local/lib/python3.8/site-packages/airflow/example_dags/example_sensors.py
[2023-12-19T14:15:41.375+0000] {logging_mixin.py:188} INFO - [2023-12-19T14:15:41.320+0000] {dag.py:3033} INFO - Sync 1 DAGs
[2023-12-19T14:15:41.804+0000] {logging_mixin.py:188} INFO - [2023-12-19T14:15:41.803+0000] {dag.py:3820} INFO - Setting next_dagrun for example_sensors to None, run_after=None
[2023-12-19T14:15:42.375+0000] {processor.py:183} INFO - Processing /home/airflow/.local/lib/python3.8/site-packages/airflow/example_dags/example_sensors.py took 2.829 seconds
[2023-12-19T14:18:41.914+0000] {processor.py:161} INFO - Started process (PID=65) to work on /home/airflow/.local/lib/python3.8/site-packages/airflow/example_dags/example_sensors.py
[2023-12-19T14:18:41.932+0000] {processor.py:830} INFO - Processing file /home/airflow/.local/lib/python3.8/site-packages/airflow/example_dags/example_sensors.py for tasks to queue
[2023-12-19T14:18:41.993+0000] {logging_mixin.py:188} INFO - [2023-12-19T14:18:41.993+0000] {dagbag.py:538} INFO - Filling up the DagBag from /home/airflow/.local/lib/python3.8/site-packages/airflow/example_dags/example_sensors.py
[2023-12-19T14:18:42.077+0000] {processor.py:840} INFO - DAG(s) 'example_sensors' retrieved from /home/airflow/.local/lib/python3.8/site-packages/airflow/example_dags/example_sensors.py
[2023-12-19T14:18:42.328+0000] {logging_mixin.py:188} INFO - [2023-12-19T14:18:42.328+0000] {dag.py:3033} INFO - Sync 1 DAGs
[2023-12-19T14:18:42.406+0000] {logging_mixin.py:188} INFO - [2023-12-19T14:18:42.405+0000] {dag.py:3820} INFO - Setting next_dagrun for example_sensors to None, run_after=None
[2023-12-19T14:18:42.558+0000] {processor.py:183} INFO - Processing /home/airflow/.local/lib/python3.8/site-packages/airflow/example_dags/example_sensors.py took 0.678 seconds
[2023-12-19T14:19:13.972+0000] {processor.py:161} INFO - Started process (PID=121) to work on /home/airflow/.local/lib/python3.8/site-packages/airflow/example_dags/example_sensors.py
[2023-12-19T14:19:13.981+0000] {processor.py:830} INFO - Processing file /home/airflow/.local/lib/python3.8/site-packages/airflow/example_dags/example_sensors.py for tasks to queue
[2023-12-19T14:19:13.986+0000] {logging_mixin.py:188} INFO - [2023-12-19T14:19:13.985+0000] {dagbag.py:538} INFO - Filling up the DagBag from /home/airflow/.local/lib/python3.8/site-packages/airflow/example_dags/example_sensors.py
[2023-12-19T14:19:14.041+0000] {processor.py:840} INFO - DAG(s) 'example_sensors' retrieved from /home/airflow/.local/lib/python3.8/site-packages/airflow/example_dags/example_sensors.py
[2023-12-19T14:19:14.205+0000] {logging_mixin.py:188} INFO - [2023-12-19T14:19:14.205+0000] {dag.py:3033} INFO - Sync 1 DAGs
[2023-12-19T14:19:14.308+0000] {logging_mixin.py:188} INFO - [2023-12-19T14:19:14.307+0000] {dag.py:3820} INFO - Setting next_dagrun for example_sensors to None, run_after=None
[2023-12-19T14:19:14.479+0000] {processor.py:183} INFO - Processing /home/airflow/.local/lib/python3.8/site-packages/airflow/example_dags/example_sensors.py took 0.524 seconds
[2023-12-19T14:19:44.722+0000] {processor.py:161} INFO - Started process (PID=176) to work on /home/airflow/.local/lib/python3.8/site-packages/airflow/example_dags/example_sensors.py
[2023-12-19T14:19:44.728+0000] {processor.py:830} INFO - Processing file /home/airflow/.local/lib/python3.8/site-packages/airflow/example_dags/example_sensors.py for tasks to queue
[2023-12-19T14:19:44.733+0000] {logging_mixin.py:188} INFO - [2023-12-19T14:19:44.732+0000] {dagbag.py:538} INFO - Filling up the DagBag from /home/airflow/.local/lib/python3.8/site-packages/airflow/example_dags/example_sensors.py
[2023-12-19T14:19:44.793+0000] {processor.py:840} INFO - DAG(s) 'example_sensors' retrieved from /home/airflow/.local/lib/python3.8/site-packages/airflow/example_dags/example_sensors.py
[2023-12-19T14:19:44.901+0000] {logging_mixin.py:188} INFO - [2023-12-19T14:19:44.901+0000] {dag.py:3033} INFO - Sync 1 DAGs
[2023-12-19T14:19:44.986+0000] {logging_mixin.py:188} INFO - [2023-12-19T14:19:44.985+0000] {dag.py:3820} INFO - Setting next_dagrun for example_sensors to None, run_after=None
[2023-12-19T14:19:45.150+0000] {processor.py:183} INFO - Processing /home/airflow/.local/lib/python3.8/site-packages/airflow/example_dags/example_sensors.py took 0.437 seconds
[2023-12-19T14:20:15.774+0000] {processor.py:161} INFO - Started process (PID=231) to work on /home/airflow/.local/lib/python3.8/site-packages/airflow/example_dags/example_sensors.py
[2023-12-19T14:20:15.776+0000] {processor.py:830} INFO - Processing file /home/airflow/.local/lib/python3.8/site-packages/airflow/example_dags/example_sensors.py for tasks to queue
[2023-12-19T14:20:15.782+0000] {logging_mixin.py:188} INFO - [2023-12-19T14:20:15.781+0000] {dagbag.py:538} INFO - Filling up the DagBag from /home/airflow/.local/lib/python3.8/site-packages/airflow/example_dags/example_sensors.py
[2023-12-19T14:20:15.808+0000] {processor.py:840} INFO - DAG(s) 'example_sensors' retrieved from /home/airflow/.local/lib/python3.8/site-packages/airflow/example_dags/example_sensors.py
[2023-12-19T14:20:15.865+0000] {logging_mixin.py:188} INFO - [2023-12-19T14:20:15.865+0000] {dag.py:3033} INFO - Sync 1 DAGs
[2023-12-19T14:20:15.892+0000] {logging_mixin.py:188} INFO - [2023-12-19T14:20:15.892+0000] {dag.py:3820} INFO - Setting next_dagrun for example_sensors to None, run_after=None
[2023-12-19T14:20:15.942+0000] {processor.py:183} INFO - Processing /home/airflow/.local/lib/python3.8/site-packages/airflow/example_dags/example_sensors.py took 0.178 seconds
[2023-12-19T14:20:46.523+0000] {processor.py:161} INFO - Started process (PID=287) to work on /home/airflow/.local/lib/python3.8/site-packages/airflow/example_dags/example_sensors.py
[2023-12-19T14:20:46.527+0000] {processor.py:830} INFO - Processing file /home/airflow/.local/lib/python3.8/site-packages/airflow/example_dags/example_sensors.py for tasks to queue
[2023-12-19T14:20:46.532+0000] {logging_mixin.py:188} INFO - [2023-12-19T14:20:46.532+0000] {dagbag.py:538} INFO - Filling up the DagBag from /home/airflow/.local/lib/python3.8/site-packages/airflow/example_dags/example_sensors.py
[2023-12-19T14:20:46.566+0000] {processor.py:840} INFO - DAG(s) 'example_sensors' retrieved from /home/airflow/.local/lib/python3.8/site-packages/airflow/example_dags/example_sensors.py
[2023-12-19T14:20:46.685+0000] {logging_mixin.py:188} INFO - [2023-12-19T14:20:46.685+0000] {dag.py:3033} INFO - Sync 1 DAGs
[2023-12-19T14:20:46.730+0000] {logging_mixin.py:188} INFO - [2023-12-19T14:20:46.730+0000] {dag.py:3820} INFO - Setting next_dagrun for example_sensors to None, run_after=None
[2023-12-19T14:20:46.852+0000] {processor.py:183} INFO - Processing /home/airflow/.local/lib/python3.8/site-packages/airflow/example_dags/example_sensors.py took 0.343 seconds
[2023-12-19T14:21:17.906+0000] {processor.py:161} INFO - Started process (PID=341) to work on /home/airflow/.local/lib/python3.8/site-packages/airflow/example_dags/example_sensors.py
[2023-12-19T14:21:17.908+0000] {processor.py:830} INFO - Processing file /home/airflow/.local/lib/python3.8/site-packages/airflow/example_dags/example_sensors.py for tasks to queue
[2023-12-19T14:21:17.913+0000] {logging_mixin.py:188} INFO - [2023-12-19T14:21:17.912+0000] {dagbag.py:538} INFO - Filling up the DagBag from /home/airflow/.local/lib/python3.8/site-packages/airflow/example_dags/example_sensors.py
[2023-12-19T14:21:17.956+0000] {processor.py:840} INFO - DAG(s) 'example_sensors' retrieved from /home/airflow/.local/lib/python3.8/site-packages/airflow/example_dags/example_sensors.py
[2023-12-19T14:21:18.161+0000] {logging_mixin.py:188} INFO - [2023-12-19T14:21:18.160+0000] {dag.py:3033} INFO - Sync 1 DAGs
[2023-12-19T14:21:18.267+0000] {logging_mixin.py:188} INFO - [2023-12-19T14:21:18.265+0000] {dag.py:3820} INFO - Setting next_dagrun for example_sensors to None, run_after=None
[2023-12-19T14:21:18.378+0000] {processor.py:183} INFO - Processing /home/airflow/.local/lib/python3.8/site-packages/airflow/example_dags/example_sensors.py took 0.480 seconds
[2023-12-19T14:21:48.601+0000] {processor.py:161} INFO - Started process (PID=396) to work on /home/airflow/.local/lib/python3.8/site-packages/airflow/example_dags/example_sensors.py
[2023-12-19T14:21:48.607+0000] {processor.py:830} INFO - Processing file /home/airflow/.local/lib/python3.8/site-packages/airflow/example_dags/example_sensors.py for tasks to queue
[2023-12-19T14:21:48.620+0000] {logging_mixin.py:188} INFO - [2023-12-19T14:21:48.620+0000] {dagbag.py:538} INFO - Filling up the DagBag from /home/airflow/.local/lib/python3.8/site-packages/airflow/example_dags/example_sensors.py
[2023-12-19T14:21:48.667+0000] {processor.py:840} INFO - DAG(s) 'example_sensors' retrieved from /home/airflow/.local/lib/python3.8/site-packages/airflow/example_dags/example_sensors.py
[2023-12-19T14:21:48.793+0000] {logging_mixin.py:188} INFO - [2023-12-19T14:21:48.792+0000] {dag.py:3033} INFO - Sync 1 DAGs
[2023-12-19T14:21:48.868+0000] {logging_mixin.py:188} INFO - [2023-12-19T14:21:48.867+0000] {dag.py:3820} INFO - Setting next_dagrun for example_sensors to None, run_after=None
[2023-12-19T14:21:49.018+0000] {processor.py:183} INFO - Processing /home/airflow/.local/lib/python3.8/site-packages/airflow/example_dags/example_sensors.py took 0.428 seconds
[2023-12-19T14:22:19.248+0000] {processor.py:161} INFO - Started process (PID=451) to work on /home/airflow/.local/lib/python3.8/site-packages/airflow/example_dags/example_sensors.py
[2023-12-19T14:22:19.250+0000] {processor.py:830} INFO - Processing file /home/airflow/.local/lib/python3.8/site-packages/airflow/example_dags/example_sensors.py for tasks to queue
[2023-12-19T14:22:19.254+0000] {logging_mixin.py:188} INFO - [2023-12-19T14:22:19.254+0000] {dagbag.py:538} INFO - Filling up the DagBag from /home/airflow/.local/lib/python3.8/site-packages/airflow/example_dags/example_sensors.py
[2023-12-19T14:22:19.273+0000] {processor.py:840} INFO - DAG(s) 'example_sensors' retrieved from /home/airflow/.local/lib/python3.8/site-packages/airflow/example_dags/example_sensors.py
[2023-12-19T14:22:19.325+0000] {logging_mixin.py:188} INFO - [2023-12-19T14:22:19.325+0000] {dag.py:3033} INFO - Sync 1 DAGs
[2023-12-19T14:22:19.354+0000] {logging_mixin.py:188} INFO - [2023-12-19T14:22:19.353+0000] {dag.py:3820} INFO - Setting next_dagrun for example_sensors to None, run_after=None
[2023-12-19T14:22:19.398+0000] {processor.py:183} INFO - Processing /home/airflow/.local/lib/python3.8/site-packages/airflow/example_dags/example_sensors.py took 0.157 seconds
[2023-12-19T14:23:34.274+0000] {processor.py:161} INFO - Started process (PID=65) to work on /home/airflow/.local/lib/python3.8/site-packages/airflow/example_dags/example_sensors.py
[2023-12-19T14:23:34.277+0000] {processor.py:830} INFO - Processing file /home/airflow/.local/lib/python3.8/site-packages/airflow/example_dags/example_sensors.py for tasks to queue
[2023-12-19T14:23:34.281+0000] {logging_mixin.py:188} INFO - [2023-12-19T14:23:34.281+0000] {dagbag.py:538} INFO - Filling up the DagBag from /home/airflow/.local/lib/python3.8/site-packages/airflow/example_dags/example_sensors.py
[2023-12-19T14:23:34.308+0000] {processor.py:840} INFO - DAG(s) 'example_sensors' retrieved from /home/airflow/.local/lib/python3.8/site-packages/airflow/example_dags/example_sensors.py
[2023-12-19T14:23:34.393+0000] {logging_mixin.py:188} INFO - [2023-12-19T14:23:34.393+0000] {dag.py:3033} INFO - Sync 1 DAGs
[2023-12-19T14:23:34.437+0000] {logging_mixin.py:188} INFO - [2023-12-19T14:23:34.436+0000] {dag.py:3820} INFO - Setting next_dagrun for example_sensors to None, run_after=None
[2023-12-19T14:23:34.536+0000] {processor.py:183} INFO - Processing /home/airflow/.local/lib/python3.8/site-packages/airflow/example_dags/example_sensors.py took 0.272 seconds
[2023-12-19T14:25:28.921+0000] {processor.py:161} INFO - Started process (PID=71) to work on /home/airflow/.local/lib/python3.8/site-packages/airflow/example_dags/example_sensors.py
[2023-12-19T14:25:28.924+0000] {processor.py:830} INFO - Processing file /home/airflow/.local/lib/python3.8/site-packages/airflow/example_dags/example_sensors.py for tasks to queue
[2023-12-19T14:25:28.930+0000] {logging_mixin.py:188} INFO - [2023-12-19T14:25:28.929+0000] {dagbag.py:538} INFO - Filling up the DagBag from /home/airflow/.local/lib/python3.8/site-packages/airflow/example_dags/example_sensors.py
[2023-12-19T14:25:29.064+0000] {processor.py:840} INFO - DAG(s) 'example_sensors' retrieved from /home/airflow/.local/lib/python3.8/site-packages/airflow/example_dags/example_sensors.py
[2023-12-19T14:25:29.636+0000] {logging_mixin.py:188} INFO - [2023-12-19T14:25:29.635+0000] {dag.py:3033} INFO - Sync 1 DAGs
[2023-12-19T14:25:29.695+0000] {logging_mixin.py:188} INFO - [2023-12-19T14:25:29.693+0000] {dag.py:3820} INFO - Setting next_dagrun for example_sensors to None, run_after=None
[2023-12-19T14:25:29.771+0000] {processor.py:183} INFO - Processing /home/airflow/.local/lib/python3.8/site-packages/airflow/example_dags/example_sensors.py took 0.865 seconds
[2023-12-19T14:25:59.899+0000] {processor.py:161} INFO - Started process (PID=126) to work on /home/airflow/.local/lib/python3.8/site-packages/airflow/example_dags/example_sensors.py
[2023-12-19T14:25:59.901+0000] {processor.py:830} INFO - Processing file /home/airflow/.local/lib/python3.8/site-packages/airflow/example_dags/example_sensors.py for tasks to queue
[2023-12-19T14:25:59.906+0000] {logging_mixin.py:188} INFO - [2023-12-19T14:25:59.906+0000] {dagbag.py:538} INFO - Filling up the DagBag from /home/airflow/.local/lib/python3.8/site-packages/airflow/example_dags/example_sensors.py
[2023-12-19T14:25:59.935+0000] {processor.py:840} INFO - DAG(s) 'example_sensors' retrieved from /home/airflow/.local/lib/python3.8/site-packages/airflow/example_dags/example_sensors.py
[2023-12-19T14:26:00.058+0000] {logging_mixin.py:188} INFO - [2023-12-19T14:26:00.056+0000] {dag.py:3033} INFO - Sync 1 DAGs
[2023-12-19T14:26:00.151+0000] {logging_mixin.py:188} INFO - [2023-12-19T14:26:00.150+0000] {dag.py:3820} INFO - Setting next_dagrun for example_sensors to None, run_after=None
[2023-12-19T14:26:00.222+0000] {processor.py:183} INFO - Processing /home/airflow/.local/lib/python3.8/site-packages/airflow/example_dags/example_sensors.py took 0.331 seconds
[2023-12-19T14:26:31.004+0000] {processor.py:161} INFO - Started process (PID=180) to work on /home/airflow/.local/lib/python3.8/site-packages/airflow/example_dags/example_sensors.py
[2023-12-19T14:26:31.006+0000] {processor.py:830} INFO - Processing file /home/airflow/.local/lib/python3.8/site-packages/airflow/example_dags/example_sensors.py for tasks to queue
[2023-12-19T14:26:31.010+0000] {logging_mixin.py:188} INFO - [2023-12-19T14:26:31.010+0000] {dagbag.py:538} INFO - Filling up the DagBag from /home/airflow/.local/lib/python3.8/site-packages/airflow/example_dags/example_sensors.py
[2023-12-19T14:26:31.033+0000] {processor.py:840} INFO - DAG(s) 'example_sensors' retrieved from /home/airflow/.local/lib/python3.8/site-packages/airflow/example_dags/example_sensors.py
[2023-12-19T14:26:31.127+0000] {logging_mixin.py:188} INFO - [2023-12-19T14:26:31.125+0000] {dag.py:3033} INFO - Sync 1 DAGs
[2023-12-19T14:26:31.188+0000] {logging_mixin.py:188} INFO - [2023-12-19T14:26:31.187+0000] {dag.py:3820} INFO - Setting next_dagrun for example_sensors to None, run_after=None
[2023-12-19T14:26:31.355+0000] {processor.py:183} INFO - Processing /home/airflow/.local/lib/python3.8/site-packages/airflow/example_dags/example_sensors.py took 0.359 seconds
[2023-12-19T14:27:02.416+0000] {processor.py:161} INFO - Started process (PID=235) to work on /home/airflow/.local/lib/python3.8/site-packages/airflow/example_dags/example_sensors.py
[2023-12-19T14:27:02.418+0000] {processor.py:830} INFO - Processing file /home/airflow/.local/lib/python3.8/site-packages/airflow/example_dags/example_sensors.py for tasks to queue
[2023-12-19T14:27:02.422+0000] {logging_mixin.py:188} INFO - [2023-12-19T14:27:02.421+0000] {dagbag.py:538} INFO - Filling up the DagBag from /home/airflow/.local/lib/python3.8/site-packages/airflow/example_dags/example_sensors.py
[2023-12-19T14:27:02.442+0000] {processor.py:840} INFO - DAG(s) 'example_sensors' retrieved from /home/airflow/.local/lib/python3.8/site-packages/airflow/example_dags/example_sensors.py
[2023-12-19T14:27:02.506+0000] {logging_mixin.py:188} INFO - [2023-12-19T14:27:02.505+0000] {dag.py:3033} INFO - Sync 1 DAGs
[2023-12-19T14:27:02.537+0000] {logging_mixin.py:188} INFO - [2023-12-19T14:27:02.537+0000] {dag.py:3820} INFO - Setting next_dagrun for example_sensors to None, run_after=None
[2023-12-19T14:27:02.586+0000] {processor.py:183} INFO - Processing /home/airflow/.local/lib/python3.8/site-packages/airflow/example_dags/example_sensors.py took 0.177 seconds
[2023-12-19T14:27:32.831+0000] {processor.py:161} INFO - Started process (PID=290) to work on /home/airflow/.local/lib/python3.8/site-packages/airflow/example_dags/example_sensors.py
[2023-12-19T14:27:32.833+0000] {processor.py:830} INFO - Processing file /home/airflow/.local/lib/python3.8/site-packages/airflow/example_dags/example_sensors.py for tasks to queue
[2023-12-19T14:27:32.838+0000] {logging_mixin.py:188} INFO - [2023-12-19T14:27:32.837+0000] {dagbag.py:538} INFO - Filling up the DagBag from /home/airflow/.local/lib/python3.8/site-packages/airflow/example_dags/example_sensors.py
[2023-12-19T14:27:32.864+0000] {processor.py:840} INFO - DAG(s) 'example_sensors' retrieved from /home/airflow/.local/lib/python3.8/site-packages/airflow/example_dags/example_sensors.py
[2023-12-19T14:27:32.912+0000] {logging_mixin.py:188} INFO - [2023-12-19T14:27:32.911+0000] {dag.py:3033} INFO - Sync 1 DAGs
[2023-12-19T14:27:32.935+0000] {logging_mixin.py:188} INFO - [2023-12-19T14:27:32.935+0000] {dag.py:3820} INFO - Setting next_dagrun for example_sensors to None, run_after=None
[2023-12-19T14:27:32.975+0000] {processor.py:183} INFO - Processing /home/airflow/.local/lib/python3.8/site-packages/airflow/example_dags/example_sensors.py took 0.152 seconds
[2023-12-19T14:28:03.160+0000] {processor.py:161} INFO - Started process (PID=345) to work on /home/airflow/.local/lib/python3.8/site-packages/airflow/example_dags/example_sensors.py
[2023-12-19T14:28:03.163+0000] {processor.py:830} INFO - Processing file /home/airflow/.local/lib/python3.8/site-packages/airflow/example_dags/example_sensors.py for tasks to queue
[2023-12-19T14:28:03.169+0000] {logging_mixin.py:188} INFO - [2023-12-19T14:28:03.168+0000] {dagbag.py:538} INFO - Filling up the DagBag from /home/airflow/.local/lib/python3.8/site-packages/airflow/example_dags/example_sensors.py
[2023-12-19T14:28:03.195+0000] {processor.py:840} INFO - DAG(s) 'example_sensors' retrieved from /home/airflow/.local/lib/python3.8/site-packages/airflow/example_dags/example_sensors.py
[2023-12-19T14:28:03.249+0000] {logging_mixin.py:188} INFO - [2023-12-19T14:28:03.249+0000] {dag.py:3033} INFO - Sync 1 DAGs
[2023-12-19T14:28:03.280+0000] {logging_mixin.py:188} INFO - [2023-12-19T14:28:03.280+0000] {dag.py:3820} INFO - Setting next_dagrun for example_sensors to None, run_after=None
[2023-12-19T14:28:03.323+0000] {processor.py:183} INFO - Processing /home/airflow/.local/lib/python3.8/site-packages/airflow/example_dags/example_sensors.py took 0.171 seconds
[2023-12-19T14:28:33.935+0000] {processor.py:161} INFO - Started process (PID=400) to work on /home/airflow/.local/lib/python3.8/site-packages/airflow/example_dags/example_sensors.py
[2023-12-19T14:28:33.937+0000] {processor.py:830} INFO - Processing file /home/airflow/.local/lib/python3.8/site-packages/airflow/example_dags/example_sensors.py for tasks to queue
[2023-12-19T14:28:33.942+0000] {logging_mixin.py:188} INFO - [2023-12-19T14:28:33.941+0000] {dagbag.py:538} INFO - Filling up the DagBag from /home/airflow/.local/lib/python3.8/site-packages/airflow/example_dags/example_sensors.py
[2023-12-19T14:28:33.970+0000] {processor.py:840} INFO - DAG(s) 'example_sensors' retrieved from /home/airflow/.local/lib/python3.8/site-packages/airflow/example_dags/example_sensors.py
[2023-12-19T14:28:34.080+0000] {logging_mixin.py:188} INFO - [2023-12-19T14:28:34.080+0000] {dag.py:3033} INFO - Sync 1 DAGs
[2023-12-19T14:28:34.115+0000] {logging_mixin.py:188} INFO - [2023-12-19T14:28:34.115+0000] {dag.py:3820} INFO - Setting next_dagrun for example_sensors to None, run_after=None
[2023-12-19T14:28:34.168+0000] {processor.py:183} INFO - Processing /home/airflow/.local/lib/python3.8/site-packages/airflow/example_dags/example_sensors.py took 0.243 seconds
[2023-12-19T14:29:04.667+0000] {processor.py:161} INFO - Started process (PID=456) to work on /home/airflow/.local/lib/python3.8/site-packages/airflow/example_dags/example_sensors.py
[2023-12-19T14:29:04.672+0000] {processor.py:830} INFO - Processing file /home/airflow/.local/lib/python3.8/site-packages/airflow/example_dags/example_sensors.py for tasks to queue
[2023-12-19T14:29:04.677+0000] {logging_mixin.py:188} INFO - [2023-12-19T14:29:04.676+0000] {dagbag.py:538} INFO - Filling up the DagBag from /home/airflow/.local/lib/python3.8/site-packages/airflow/example_dags/example_sensors.py
[2023-12-19T14:29:04.746+0000] {processor.py:840} INFO - DAG(s) 'example_sensors' retrieved from /home/airflow/.local/lib/python3.8/site-packages/airflow/example_dags/example_sensors.py
[2023-12-19T14:29:04.954+0000] {logging_mixin.py:188} INFO - [2023-12-19T14:29:04.954+0000] {dag.py:3033} INFO - Sync 1 DAGs
[2023-12-19T14:29:05.034+0000] {logging_mixin.py:188} INFO - [2023-12-19T14:29:05.033+0000] {dag.py:3820} INFO - Setting next_dagrun for example_sensors to None, run_after=None
[2023-12-19T14:29:05.230+0000] {processor.py:183} INFO - Processing /home/airflow/.local/lib/python3.8/site-packages/airflow/example_dags/example_sensors.py took 0.597 seconds
[2023-12-19T14:29:35.914+0000] {processor.py:161} INFO - Started process (PID=511) to work on /home/airflow/.local/lib/python3.8/site-packages/airflow/example_dags/example_sensors.py
[2023-12-19T14:29:35.917+0000] {processor.py:830} INFO - Processing file /home/airflow/.local/lib/python3.8/site-packages/airflow/example_dags/example_sensors.py for tasks to queue
[2023-12-19T14:29:35.924+0000] {logging_mixin.py:188} INFO - [2023-12-19T14:29:35.922+0000] {dagbag.py:538} INFO - Filling up the DagBag from /home/airflow/.local/lib/python3.8/site-packages/airflow/example_dags/example_sensors.py
[2023-12-19T14:29:35.969+0000] {processor.py:840} INFO - DAG(s) 'example_sensors' retrieved from /home/airflow/.local/lib/python3.8/site-packages/airflow/example_dags/example_sensors.py
[2023-12-19T14:29:36.156+0000] {logging_mixin.py:188} INFO - [2023-12-19T14:29:36.156+0000] {dag.py:3033} INFO - Sync 1 DAGs
[2023-12-19T14:29:36.288+0000] {logging_mixin.py:188} INFO - [2023-12-19T14:29:36.287+0000] {dag.py:3820} INFO - Setting next_dagrun for example_sensors to None, run_after=None
[2023-12-19T14:29:36.454+0000] {processor.py:183} INFO - Processing /home/airflow/.local/lib/python3.8/site-packages/airflow/example_dags/example_sensors.py took 0.550 seconds
[2023-12-19T14:30:06.632+0000] {processor.py:161} INFO - Started process (PID=572) to work on /home/airflow/.local/lib/python3.8/site-packages/airflow/example_dags/example_sensors.py
[2023-12-19T14:30:06.641+0000] {processor.py:830} INFO - Processing file /home/airflow/.local/lib/python3.8/site-packages/airflow/example_dags/example_sensors.py for tasks to queue
[2023-12-19T14:30:06.646+0000] {logging_mixin.py:188} INFO - [2023-12-19T14:30:06.645+0000] {dagbag.py:538} INFO - Filling up the DagBag from /home/airflow/.local/lib/python3.8/site-packages/airflow/example_dags/example_sensors.py
[2023-12-19T14:30:06.672+0000] {processor.py:840} INFO - DAG(s) 'example_sensors' retrieved from /home/airflow/.local/lib/python3.8/site-packages/airflow/example_dags/example_sensors.py
[2023-12-19T14:30:06.737+0000] {logging_mixin.py:188} INFO - [2023-12-19T14:30:06.737+0000] {dag.py:3033} INFO - Sync 1 DAGs
[2023-12-19T14:30:06.764+0000] {logging_mixin.py:188} INFO - [2023-12-19T14:30:06.764+0000] {dag.py:3820} INFO - Setting next_dagrun for example_sensors to None, run_after=None
[2023-12-19T14:30:06.816+0000] {processor.py:183} INFO - Processing /home/airflow/.local/lib/python3.8/site-packages/airflow/example_dags/example_sensors.py took 0.211 seconds
[2023-12-19T14:30:36.910+0000] {processor.py:161} INFO - Started process (PID=627) to work on /home/airflow/.local/lib/python3.8/site-packages/airflow/example_dags/example_sensors.py
[2023-12-19T14:30:36.911+0000] {processor.py:830} INFO - Processing file /home/airflow/.local/lib/python3.8/site-packages/airflow/example_dags/example_sensors.py for tasks to queue
[2023-12-19T14:30:36.916+0000] {logging_mixin.py:188} INFO - [2023-12-19T14:30:36.915+0000] {dagbag.py:538} INFO - Filling up the DagBag from /home/airflow/.local/lib/python3.8/site-packages/airflow/example_dags/example_sensors.py
[2023-12-19T14:30:36.932+0000] {processor.py:840} INFO - DAG(s) 'example_sensors' retrieved from /home/airflow/.local/lib/python3.8/site-packages/airflow/example_dags/example_sensors.py
[2023-12-19T14:30:36.983+0000] {logging_mixin.py:188} INFO - [2023-12-19T14:30:36.982+0000] {dag.py:3033} INFO - Sync 1 DAGs
[2023-12-19T14:30:37.010+0000] {logging_mixin.py:188} INFO - [2023-12-19T14:30:37.009+0000] {dag.py:3820} INFO - Setting next_dagrun for example_sensors to None, run_after=None
[2023-12-19T14:30:37.050+0000] {processor.py:183} INFO - Processing /home/airflow/.local/lib/python3.8/site-packages/airflow/example_dags/example_sensors.py took 0.147 seconds
[2023-12-19T14:31:07.400+0000] {processor.py:161} INFO - Started process (PID=681) to work on /home/airflow/.local/lib/python3.8/site-packages/airflow/example_dags/example_sensors.py
[2023-12-19T14:31:07.403+0000] {processor.py:830} INFO - Processing file /home/airflow/.local/lib/python3.8/site-packages/airflow/example_dags/example_sensors.py for tasks to queue
[2023-12-19T14:31:07.408+0000] {logging_mixin.py:188} INFO - [2023-12-19T14:31:07.407+0000] {dagbag.py:538} INFO - Filling up the DagBag from /home/airflow/.local/lib/python3.8/site-packages/airflow/example_dags/example_sensors.py
[2023-12-19T14:31:07.432+0000] {processor.py:840} INFO - DAG(s) 'example_sensors' retrieved from /home/airflow/.local/lib/python3.8/site-packages/airflow/example_dags/example_sensors.py
[2023-12-19T14:31:07.504+0000] {logging_mixin.py:188} INFO - [2023-12-19T14:31:07.503+0000] {dag.py:3033} INFO - Sync 1 DAGs
[2023-12-19T14:31:07.539+0000] {logging_mixin.py:188} INFO - [2023-12-19T14:31:07.539+0000] {dag.py:3820} INFO - Setting next_dagrun for example_sensors to None, run_after=None
[2023-12-19T14:31:07.599+0000] {processor.py:183} INFO - Processing /home/airflow/.local/lib/python3.8/site-packages/airflow/example_dags/example_sensors.py took 0.209 seconds
[2023-12-19T14:31:38.075+0000] {processor.py:161} INFO - Started process (PID=736) to work on /home/airflow/.local/lib/python3.8/site-packages/airflow/example_dags/example_sensors.py
[2023-12-19T14:31:38.078+0000] {processor.py:830} INFO - Processing file /home/airflow/.local/lib/python3.8/site-packages/airflow/example_dags/example_sensors.py for tasks to queue
[2023-12-19T14:31:38.086+0000] {logging_mixin.py:188} INFO - [2023-12-19T14:31:38.085+0000] {dagbag.py:538} INFO - Filling up the DagBag from /home/airflow/.local/lib/python3.8/site-packages/airflow/example_dags/example_sensors.py
[2023-12-19T14:31:38.110+0000] {processor.py:840} INFO - DAG(s) 'example_sensors' retrieved from /home/airflow/.local/lib/python3.8/site-packages/airflow/example_dags/example_sensors.py
[2023-12-19T14:31:38.200+0000] {logging_mixin.py:188} INFO - [2023-12-19T14:31:38.195+0000] {dag.py:3033} INFO - Sync 1 DAGs
[2023-12-19T14:31:38.242+0000] {logging_mixin.py:188} INFO - [2023-12-19T14:31:38.242+0000] {dag.py:3820} INFO - Setting next_dagrun for example_sensors to None, run_after=None
[2023-12-19T14:31:38.304+0000] {processor.py:183} INFO - Processing /home/airflow/.local/lib/python3.8/site-packages/airflow/example_dags/example_sensors.py took 0.236 seconds
[2023-12-19T14:32:09.659+0000] {processor.py:161} INFO - Started process (PID=789) to work on /home/airflow/.local/lib/python3.8/site-packages/airflow/example_dags/example_sensors.py
[2023-12-19T14:32:09.671+0000] {processor.py:830} INFO - Processing file /home/airflow/.local/lib/python3.8/site-packages/airflow/example_dags/example_sensors.py for tasks to queue
[2023-12-19T14:32:09.680+0000] {logging_mixin.py:188} INFO - [2023-12-19T14:32:09.678+0000] {dagbag.py:538} INFO - Filling up the DagBag from /home/airflow/.local/lib/python3.8/site-packages/airflow/example_dags/example_sensors.py
[2023-12-19T14:32:09.748+0000] {processor.py:840} INFO - DAG(s) 'example_sensors' retrieved from /home/airflow/.local/lib/python3.8/site-packages/airflow/example_dags/example_sensors.py
[2023-12-19T14:32:09.922+0000] {logging_mixin.py:188} INFO - [2023-12-19T14:32:09.922+0000] {dag.py:3033} INFO - Sync 1 DAGs
[2023-12-19T14:32:09.973+0000] {logging_mixin.py:188} INFO - [2023-12-19T14:32:09.973+0000] {dag.py:3820} INFO - Setting next_dagrun for example_sensors to None, run_after=None
[2023-12-19T14:32:10.092+0000] {processor.py:183} INFO - Processing /home/airflow/.local/lib/python3.8/site-packages/airflow/example_dags/example_sensors.py took 0.448 seconds
[2023-12-19T14:32:40.228+0000] {processor.py:161} INFO - Started process (PID=844) to work on /home/airflow/.local/lib/python3.8/site-packages/airflow/example_dags/example_sensors.py
[2023-12-19T14:32:40.233+0000] {processor.py:830} INFO - Processing file /home/airflow/.local/lib/python3.8/site-packages/airflow/example_dags/example_sensors.py for tasks to queue
[2023-12-19T14:32:40.238+0000] {logging_mixin.py:188} INFO - [2023-12-19T14:32:40.237+0000] {dagbag.py:538} INFO - Filling up the DagBag from /home/airflow/.local/lib/python3.8/site-packages/airflow/example_dags/example_sensors.py
[2023-12-19T14:32:40.276+0000] {processor.py:840} INFO - DAG(s) 'example_sensors' retrieved from /home/airflow/.local/lib/python3.8/site-packages/airflow/example_dags/example_sensors.py
[2023-12-19T14:32:40.373+0000] {logging_mixin.py:188} INFO - [2023-12-19T14:32:40.373+0000] {dag.py:3033} INFO - Sync 1 DAGs
[2023-12-19T14:32:40.418+0000] {logging_mixin.py:188} INFO - [2023-12-19T14:32:40.417+0000] {dag.py:3820} INFO - Setting next_dagrun for example_sensors to None, run_after=None
[2023-12-19T14:32:40.477+0000] {processor.py:183} INFO - Processing /home/airflow/.local/lib/python3.8/site-packages/airflow/example_dags/example_sensors.py took 0.258 seconds
[2023-12-19T14:33:11.421+0000] {processor.py:161} INFO - Started process (PID=899) to work on /home/airflow/.local/lib/python3.8/site-packages/airflow/example_dags/example_sensors.py
[2023-12-19T14:33:11.423+0000] {processor.py:830} INFO - Processing file /home/airflow/.local/lib/python3.8/site-packages/airflow/example_dags/example_sensors.py for tasks to queue
[2023-12-19T14:33:11.427+0000] {logging_mixin.py:188} INFO - [2023-12-19T14:33:11.426+0000] {dagbag.py:538} INFO - Filling up the DagBag from /home/airflow/.local/lib/python3.8/site-packages/airflow/example_dags/example_sensors.py
[2023-12-19T14:33:11.451+0000] {processor.py:840} INFO - DAG(s) 'example_sensors' retrieved from /home/airflow/.local/lib/python3.8/site-packages/airflow/example_dags/example_sensors.py
[2023-12-19T14:33:11.510+0000] {logging_mixin.py:188} INFO - [2023-12-19T14:33:11.510+0000] {dag.py:3033} INFO - Sync 1 DAGs
[2023-12-19T14:33:11.537+0000] {logging_mixin.py:188} INFO - [2023-12-19T14:33:11.536+0000] {dag.py:3820} INFO - Setting next_dagrun for example_sensors to None, run_after=None
[2023-12-19T14:33:11.579+0000] {processor.py:183} INFO - Processing /home/airflow/.local/lib/python3.8/site-packages/airflow/example_dags/example_sensors.py took 0.168 seconds
[2023-12-19T14:33:42.518+0000] {processor.py:161} INFO - Started process (PID=954) to work on /home/airflow/.local/lib/python3.8/site-packages/airflow/example_dags/example_sensors.py
[2023-12-19T14:33:42.520+0000] {processor.py:830} INFO - Processing file /home/airflow/.local/lib/python3.8/site-packages/airflow/example_dags/example_sensors.py for tasks to queue
[2023-12-19T14:33:42.524+0000] {logging_mixin.py:188} INFO - [2023-12-19T14:33:42.524+0000] {dagbag.py:538} INFO - Filling up the DagBag from /home/airflow/.local/lib/python3.8/site-packages/airflow/example_dags/example_sensors.py
[2023-12-19T14:33:42.546+0000] {processor.py:840} INFO - DAG(s) 'example_sensors' retrieved from /home/airflow/.local/lib/python3.8/site-packages/airflow/example_dags/example_sensors.py
[2023-12-19T14:33:42.610+0000] {logging_mixin.py:188} INFO - [2023-12-19T14:33:42.610+0000] {dag.py:3033} INFO - Sync 1 DAGs
[2023-12-19T14:33:42.639+0000] {logging_mixin.py:188} INFO - [2023-12-19T14:33:42.639+0000] {dag.py:3820} INFO - Setting next_dagrun for example_sensors to None, run_after=None
[2023-12-19T14:33:42.688+0000] {processor.py:183} INFO - Processing /home/airflow/.local/lib/python3.8/site-packages/airflow/example_dags/example_sensors.py took 0.177 seconds
[2023-12-19T14:34:14.001+0000] {processor.py:161} INFO - Started process (PID=1009) to work on /home/airflow/.local/lib/python3.8/site-packages/airflow/example_dags/example_sensors.py
[2023-12-19T14:34:14.015+0000] {processor.py:830} INFO - Processing file /home/airflow/.local/lib/python3.8/site-packages/airflow/example_dags/example_sensors.py for tasks to queue
[2023-12-19T14:34:14.021+0000] {logging_mixin.py:188} INFO - [2023-12-19T14:34:14.020+0000] {dagbag.py:538} INFO - Filling up the DagBag from /home/airflow/.local/lib/python3.8/site-packages/airflow/example_dags/example_sensors.py
[2023-12-19T14:34:14.061+0000] {processor.py:840} INFO - DAG(s) 'example_sensors' retrieved from /home/airflow/.local/lib/python3.8/site-packages/airflow/example_dags/example_sensors.py
[2023-12-19T14:34:14.198+0000] {logging_mixin.py:188} INFO - [2023-12-19T14:34:14.198+0000] {dag.py:3033} INFO - Sync 1 DAGs
[2023-12-19T14:34:14.238+0000] {logging_mixin.py:188} INFO - [2023-12-19T14:34:14.237+0000] {dag.py:3820} INFO - Setting next_dagrun for example_sensors to None, run_after=None
[2023-12-19T14:34:14.331+0000] {processor.py:183} INFO - Processing /home/airflow/.local/lib/python3.8/site-packages/airflow/example_dags/example_sensors.py took 0.346 seconds
[2023-12-19T14:34:46.697+0000] {processor.py:161} INFO - Started process (PID=1063) to work on /home/airflow/.local/lib/python3.8/site-packages/airflow/example_dags/example_sensors.py
[2023-12-19T14:34:46.699+0000] {processor.py:830} INFO - Processing file /home/airflow/.local/lib/python3.8/site-packages/airflow/example_dags/example_sensors.py for tasks to queue
[2023-12-19T14:34:46.705+0000] {logging_mixin.py:188} INFO - [2023-12-19T14:34:46.704+0000] {dagbag.py:538} INFO - Filling up the DagBag from /home/airflow/.local/lib/python3.8/site-packages/airflow/example_dags/example_sensors.py
[2023-12-19T14:34:46.730+0000] {processor.py:840} INFO - DAG(s) 'example_sensors' retrieved from /home/airflow/.local/lib/python3.8/site-packages/airflow/example_dags/example_sensors.py
[2023-12-19T14:34:46.815+0000] {logging_mixin.py:188} INFO - [2023-12-19T14:34:46.815+0000] {dag.py:3033} INFO - Sync 1 DAGs
[2023-12-19T14:34:46.859+0000] {logging_mixin.py:188} INFO - [2023-12-19T14:34:46.859+0000] {dag.py:3820} INFO - Setting next_dagrun for example_sensors to None, run_after=None
[2023-12-19T14:34:46.915+0000] {processor.py:183} INFO - Processing /home/airflow/.local/lib/python3.8/site-packages/airflow/example_dags/example_sensors.py took 0.229 seconds
[2023-12-19T14:35:17.324+0000] {processor.py:161} INFO - Started process (PID=1118) to work on /home/airflow/.local/lib/python3.8/site-packages/airflow/example_dags/example_sensors.py
[2023-12-19T14:35:17.326+0000] {processor.py:830} INFO - Processing file /home/airflow/.local/lib/python3.8/site-packages/airflow/example_dags/example_sensors.py for tasks to queue
[2023-12-19T14:35:17.331+0000] {logging_mixin.py:188} INFO - [2023-12-19T14:35:17.331+0000] {dagbag.py:538} INFO - Filling up the DagBag from /home/airflow/.local/lib/python3.8/site-packages/airflow/example_dags/example_sensors.py
[2023-12-19T14:35:17.354+0000] {processor.py:840} INFO - DAG(s) 'example_sensors' retrieved from /home/airflow/.local/lib/python3.8/site-packages/airflow/example_dags/example_sensors.py
[2023-12-19T14:35:17.411+0000] {logging_mixin.py:188} INFO - [2023-12-19T14:35:17.410+0000] {dag.py:3033} INFO - Sync 1 DAGs
[2023-12-19T14:35:17.442+0000] {logging_mixin.py:188} INFO - [2023-12-19T14:35:17.442+0000] {dag.py:3820} INFO - Setting next_dagrun for example_sensors to None, run_after=None
[2023-12-19T14:35:17.493+0000] {processor.py:183} INFO - Processing /home/airflow/.local/lib/python3.8/site-packages/airflow/example_dags/example_sensors.py took 0.176 seconds
[2023-12-19T14:35:47.577+0000] {processor.py:161} INFO - Started process (PID=1172) to work on /home/airflow/.local/lib/python3.8/site-packages/airflow/example_dags/example_sensors.py
[2023-12-19T14:35:47.579+0000] {processor.py:830} INFO - Processing file /home/airflow/.local/lib/python3.8/site-packages/airflow/example_dags/example_sensors.py for tasks to queue
[2023-12-19T14:35:47.582+0000] {logging_mixin.py:188} INFO - [2023-12-19T14:35:47.581+0000] {dagbag.py:538} INFO - Filling up the DagBag from /home/airflow/.local/lib/python3.8/site-packages/airflow/example_dags/example_sensors.py
[2023-12-19T14:35:47.597+0000] {processor.py:840} INFO - DAG(s) 'example_sensors' retrieved from /home/airflow/.local/lib/python3.8/site-packages/airflow/example_dags/example_sensors.py
[2023-12-19T14:35:47.644+0000] {logging_mixin.py:188} INFO - [2023-12-19T14:35:47.644+0000] {dag.py:3033} INFO - Sync 1 DAGs
[2023-12-19T14:35:47.666+0000] {logging_mixin.py:188} INFO - [2023-12-19T14:35:47.666+0000] {dag.py:3820} INFO - Setting next_dagrun for example_sensors to None, run_after=None
[2023-12-19T14:35:47.702+0000] {processor.py:183} INFO - Processing /home/airflow/.local/lib/python3.8/site-packages/airflow/example_dags/example_sensors.py took 0.129 seconds
[2023-12-19T14:36:19.032+0000] {processor.py:161} INFO - Started process (PID=1227) to work on /home/airflow/.local/lib/python3.8/site-packages/airflow/example_dags/example_sensors.py
[2023-12-19T14:36:19.033+0000] {processor.py:830} INFO - Processing file /home/airflow/.local/lib/python3.8/site-packages/airflow/example_dags/example_sensors.py for tasks to queue
[2023-12-19T14:36:19.036+0000] {logging_mixin.py:188} INFO - [2023-12-19T14:36:19.036+0000] {dagbag.py:538} INFO - Filling up the DagBag from /home/airflow/.local/lib/python3.8/site-packages/airflow/example_dags/example_sensors.py
[2023-12-19T14:36:19.049+0000] {processor.py:840} INFO - DAG(s) 'example_sensors' retrieved from /home/airflow/.local/lib/python3.8/site-packages/airflow/example_dags/example_sensors.py
[2023-12-19T14:36:19.089+0000] {logging_mixin.py:188} INFO - [2023-12-19T14:36:19.088+0000] {dag.py:3033} INFO - Sync 1 DAGs
[2023-12-19T14:36:19.108+0000] {logging_mixin.py:188} INFO - [2023-12-19T14:36:19.108+0000] {dag.py:3820} INFO - Setting next_dagrun for example_sensors to None, run_after=None
[2023-12-19T14:36:19.140+0000] {processor.py:183} INFO - Processing /home/airflow/.local/lib/python3.8/site-packages/airflow/example_dags/example_sensors.py took 0.113 seconds
[2023-12-19T14:36:49.414+0000] {processor.py:161} INFO - Started process (PID=1280) to work on /home/airflow/.local/lib/python3.8/site-packages/airflow/example_dags/example_sensors.py
[2023-12-19T14:36:49.415+0000] {processor.py:830} INFO - Processing file /home/airflow/.local/lib/python3.8/site-packages/airflow/example_dags/example_sensors.py for tasks to queue
[2023-12-19T14:36:49.418+0000] {logging_mixin.py:188} INFO - [2023-12-19T14:36:49.417+0000] {dagbag.py:538} INFO - Filling up the DagBag from /home/airflow/.local/lib/python3.8/site-packages/airflow/example_dags/example_sensors.py
[2023-12-19T14:36:49.435+0000] {processor.py:840} INFO - DAG(s) 'example_sensors' retrieved from /home/airflow/.local/lib/python3.8/site-packages/airflow/example_dags/example_sensors.py
[2023-12-19T14:36:49.476+0000] {logging_mixin.py:188} INFO - [2023-12-19T14:36:49.475+0000] {dag.py:3033} INFO - Sync 1 DAGs
[2023-12-19T14:36:49.497+0000] {logging_mixin.py:188} INFO - [2023-12-19T14:36:49.497+0000] {dag.py:3820} INFO - Setting next_dagrun for example_sensors to None, run_after=None
[2023-12-19T14:36:49.528+0000] {processor.py:183} INFO - Processing /home/airflow/.local/lib/python3.8/site-packages/airflow/example_dags/example_sensors.py took 0.119 seconds
