[2023-12-19T14:13:57.719+0000] {processor.py:161} INFO - Started process (PID=42) to work on /home/airflow/.local/lib/python3.8/site-packages/airflow/example_dags/example_latest_only_with_trigger.py
[2023-12-19T14:13:57.721+0000] {processor.py:830} INFO - Processing file /home/airflow/.local/lib/python3.8/site-packages/airflow/example_dags/example_latest_only_with_trigger.py for tasks to queue
[2023-12-19T14:13:57.732+0000] {logging_mixin.py:188} INFO - [2023-12-19T14:13:57.726+0000] {dagbag.py:538} INFO - Filling up the DagBag from /home/airflow/.local/lib/python3.8/site-packages/airflow/example_dags/example_latest_only_with_trigger.py
[2023-12-19T14:13:57.748+0000] {processor.py:840} INFO - DAG(s) 'latest_only_with_trigger' retrieved from /home/airflow/.local/lib/python3.8/site-packages/airflow/example_dags/example_latest_only_with_trigger.py
[2023-12-19T14:13:58.155+0000] {logging_mixin.py:188} INFO - [2023-12-19T14:13:58.155+0000] {dag.py:3033} INFO - Sync 1 DAGs
[2023-12-19T14:13:58.219+0000] {logging_mixin.py:188} INFO - [2023-12-19T14:13:58.219+0000] {dag.py:3820} INFO - Setting next_dagrun for latest_only_with_trigger to 2023-12-19T08:00:00+00:00, run_after=2023-12-19T12:00:00+00:00
[2023-12-19T14:13:58.320+0000] {processor.py:183} INFO - Processing /home/airflow/.local/lib/python3.8/site-packages/airflow/example_dags/example_latest_only_with_trigger.py took 0.621 seconds
[2023-12-19T14:14:30.728+0000] {processor.py:161} INFO - Started process (PID=97) to work on /home/airflow/.local/lib/python3.8/site-packages/airflow/example_dags/example_latest_only_with_trigger.py
[2023-12-19T14:14:30.731+0000] {processor.py:830} INFO - Processing file /home/airflow/.local/lib/python3.8/site-packages/airflow/example_dags/example_latest_only_with_trigger.py for tasks to queue
[2023-12-19T14:14:30.739+0000] {logging_mixin.py:188} INFO - [2023-12-19T14:14:30.738+0000] {dagbag.py:538} INFO - Filling up the DagBag from /home/airflow/.local/lib/python3.8/site-packages/airflow/example_dags/example_latest_only_with_trigger.py
[2023-12-19T14:14:30.754+0000] {processor.py:840} INFO - DAG(s) 'latest_only_with_trigger' retrieved from /home/airflow/.local/lib/python3.8/site-packages/airflow/example_dags/example_latest_only_with_trigger.py
[2023-12-19T14:14:30.826+0000] {logging_mixin.py:188} INFO - [2023-12-19T14:14:30.826+0000] {dag.py:3033} INFO - Sync 1 DAGs
[2023-12-19T14:14:30.911+0000] {logging_mixin.py:188} INFO - [2023-12-19T14:14:30.910+0000] {dag.py:3820} INFO - Setting next_dagrun for latest_only_with_trigger to 2023-12-19T08:00:00+00:00, run_after=2023-12-19T12:00:00+00:00
[2023-12-19T14:14:31.028+0000] {processor.py:183} INFO - Processing /home/airflow/.local/lib/python3.8/site-packages/airflow/example_dags/example_latest_only_with_trigger.py took 0.309 seconds
[2023-12-19T14:15:04.936+0000] {processor.py:161} INFO - Started process (PID=150) to work on /home/airflow/.local/lib/python3.8/site-packages/airflow/example_dags/example_latest_only_with_trigger.py
[2023-12-19T14:15:04.941+0000] {processor.py:830} INFO - Processing file /home/airflow/.local/lib/python3.8/site-packages/airflow/example_dags/example_latest_only_with_trigger.py for tasks to queue
[2023-12-19T14:15:04.965+0000] {logging_mixin.py:188} INFO - [2023-12-19T14:15:04.952+0000] {dagbag.py:538} INFO - Filling up the DagBag from /home/airflow/.local/lib/python3.8/site-packages/airflow/example_dags/example_latest_only_with_trigger.py
[2023-12-19T14:15:05.127+0000] {processor.py:840} INFO - DAG(s) 'latest_only_with_trigger' retrieved from /home/airflow/.local/lib/python3.8/site-packages/airflow/example_dags/example_latest_only_with_trigger.py
[2023-12-19T14:15:07.452+0000] {logging_mixin.py:188} INFO - [2023-12-19T14:15:07.244+0000] {dag.py:3033} INFO - Sync 1 DAGs
[2023-12-19T14:15:09.393+0000] {logging_mixin.py:188} INFO - [2023-12-19T14:15:09.336+0000] {dag.py:3820} INFO - Setting next_dagrun for latest_only_with_trigger to 2023-12-19T08:00:00+00:00, run_after=2023-12-19T12:00:00+00:00
[2023-12-19T14:15:13.407+0000] {processor.py:183} INFO - Processing /home/airflow/.local/lib/python3.8/site-packages/airflow/example_dags/example_latest_only_with_trigger.py took 8.645 seconds
[2023-12-19T14:15:52.234+0000] {processor.py:161} INFO - Started process (PID=192) to work on /home/airflow/.local/lib/python3.8/site-packages/airflow/example_dags/example_latest_only_with_trigger.py
[2023-12-19T14:15:52.240+0000] {processor.py:830} INFO - Processing file /home/airflow/.local/lib/python3.8/site-packages/airflow/example_dags/example_latest_only_with_trigger.py for tasks to queue
[2023-12-19T14:15:52.274+0000] {logging_mixin.py:188} INFO - [2023-12-19T14:15:52.273+0000] {dagbag.py:538} INFO - Filling up the DagBag from /home/airflow/.local/lib/python3.8/site-packages/airflow/example_dags/example_latest_only_with_trigger.py
[2023-12-19T14:15:52.520+0000] {processor.py:840} INFO - DAG(s) 'latest_only_with_trigger' retrieved from /home/airflow/.local/lib/python3.8/site-packages/airflow/example_dags/example_latest_only_with_trigger.py
[2023-12-19T14:15:54.345+0000] {logging_mixin.py:188} INFO - [2023-12-19T14:15:54.290+0000] {dag.py:3033} INFO - Sync 1 DAGs
[2023-12-19T14:15:54.737+0000] {logging_mixin.py:188} INFO - [2023-12-19T14:15:54.730+0000] {dag.py:3820} INFO - Setting next_dagrun for latest_only_with_trigger to 2023-12-19T08:00:00+00:00, run_after=2023-12-19T12:00:00+00:00
[2023-12-19T14:15:55.124+0000] {processor.py:183} INFO - Processing /home/airflow/.local/lib/python3.8/site-packages/airflow/example_dags/example_latest_only_with_trigger.py took 2.985 seconds
[2023-12-19T14:18:30.886+0000] {processor.py:161} INFO - Started process (PID=34) to work on /home/airflow/.local/lib/python3.8/site-packages/airflow/example_dags/example_latest_only_with_trigger.py
[2023-12-19T14:18:30.888+0000] {processor.py:830} INFO - Processing file /home/airflow/.local/lib/python3.8/site-packages/airflow/example_dags/example_latest_only_with_trigger.py for tasks to queue
[2023-12-19T14:18:30.893+0000] {logging_mixin.py:188} INFO - [2023-12-19T14:18:30.892+0000] {dagbag.py:538} INFO - Filling up the DagBag from /home/airflow/.local/lib/python3.8/site-packages/airflow/example_dags/example_latest_only_with_trigger.py
[2023-12-19T14:18:30.905+0000] {processor.py:840} INFO - DAG(s) 'latest_only_with_trigger' retrieved from /home/airflow/.local/lib/python3.8/site-packages/airflow/example_dags/example_latest_only_with_trigger.py
[2023-12-19T14:18:30.980+0000] {logging_mixin.py:188} INFO - [2023-12-19T14:18:30.980+0000] {dag.py:3033} INFO - Sync 1 DAGs
[2023-12-19T14:18:31.068+0000] {logging_mixin.py:188} INFO - [2023-12-19T14:18:31.068+0000] {dag.py:3820} INFO - Setting next_dagrun for latest_only_with_trigger to 2023-12-19T08:00:00+00:00, run_after=2023-12-19T12:00:00+00:00
[2023-12-19T14:18:31.120+0000] {processor.py:183} INFO - Processing /home/airflow/.local/lib/python3.8/site-packages/airflow/example_dags/example_latest_only_with_trigger.py took 0.242 seconds
[2023-12-19T14:19:03.504+0000] {processor.py:161} INFO - Started process (PID=96) to work on /home/airflow/.local/lib/python3.8/site-packages/airflow/example_dags/example_latest_only_with_trigger.py
[2023-12-19T14:19:03.508+0000] {processor.py:830} INFO - Processing file /home/airflow/.local/lib/python3.8/site-packages/airflow/example_dags/example_latest_only_with_trigger.py for tasks to queue
[2023-12-19T14:19:03.521+0000] {logging_mixin.py:188} INFO - [2023-12-19T14:19:03.518+0000] {dagbag.py:538} INFO - Filling up the DagBag from /home/airflow/.local/lib/python3.8/site-packages/airflow/example_dags/example_latest_only_with_trigger.py
[2023-12-19T14:19:03.558+0000] {processor.py:840} INFO - DAG(s) 'latest_only_with_trigger' retrieved from /home/airflow/.local/lib/python3.8/site-packages/airflow/example_dags/example_latest_only_with_trigger.py
[2023-12-19T14:19:03.748+0000] {logging_mixin.py:188} INFO - [2023-12-19T14:19:03.747+0000] {dag.py:3033} INFO - Sync 1 DAGs
[2023-12-19T14:19:03.856+0000] {logging_mixin.py:188} INFO - [2023-12-19T14:19:03.852+0000] {dag.py:3820} INFO - Setting next_dagrun for latest_only_with_trigger to 2023-12-19T08:00:00+00:00, run_after=2023-12-19T12:00:00+00:00
[2023-12-19T14:19:04.030+0000] {processor.py:183} INFO - Processing /home/airflow/.local/lib/python3.8/site-packages/airflow/example_dags/example_latest_only_with_trigger.py took 0.536 seconds
[2023-12-19T14:19:34.502+0000] {processor.py:161} INFO - Started process (PID=151) to work on /home/airflow/.local/lib/python3.8/site-packages/airflow/example_dags/example_latest_only_with_trigger.py
[2023-12-19T14:19:34.503+0000] {processor.py:830} INFO - Processing file /home/airflow/.local/lib/python3.8/site-packages/airflow/example_dags/example_latest_only_with_trigger.py for tasks to queue
[2023-12-19T14:19:34.513+0000] {logging_mixin.py:188} INFO - [2023-12-19T14:19:34.512+0000] {dagbag.py:538} INFO - Filling up the DagBag from /home/airflow/.local/lib/python3.8/site-packages/airflow/example_dags/example_latest_only_with_trigger.py
[2023-12-19T14:19:34.525+0000] {processor.py:840} INFO - DAG(s) 'latest_only_with_trigger' retrieved from /home/airflow/.local/lib/python3.8/site-packages/airflow/example_dags/example_latest_only_with_trigger.py
[2023-12-19T14:19:34.582+0000] {logging_mixin.py:188} INFO - [2023-12-19T14:19:34.581+0000] {dag.py:3033} INFO - Sync 1 DAGs
[2023-12-19T14:19:34.697+0000] {logging_mixin.py:188} INFO - [2023-12-19T14:19:34.696+0000] {dag.py:3820} INFO - Setting next_dagrun for latest_only_with_trigger to 2023-12-19T08:00:00+00:00, run_after=2023-12-19T12:00:00+00:00
[2023-12-19T14:19:34.806+0000] {processor.py:183} INFO - Processing /home/airflow/.local/lib/python3.8/site-packages/airflow/example_dags/example_latest_only_with_trigger.py took 0.312 seconds
[2023-12-19T14:20:05.799+0000] {processor.py:161} INFO - Started process (PID=206) to work on /home/airflow/.local/lib/python3.8/site-packages/airflow/example_dags/example_latest_only_with_trigger.py
[2023-12-19T14:20:05.801+0000] {processor.py:830} INFO - Processing file /home/airflow/.local/lib/python3.8/site-packages/airflow/example_dags/example_latest_only_with_trigger.py for tasks to queue
[2023-12-19T14:20:05.807+0000] {logging_mixin.py:188} INFO - [2023-12-19T14:20:05.806+0000] {dagbag.py:538} INFO - Filling up the DagBag from /home/airflow/.local/lib/python3.8/site-packages/airflow/example_dags/example_latest_only_with_trigger.py
[2023-12-19T14:20:05.827+0000] {processor.py:840} INFO - DAG(s) 'latest_only_with_trigger' retrieved from /home/airflow/.local/lib/python3.8/site-packages/airflow/example_dags/example_latest_only_with_trigger.py
[2023-12-19T14:20:05.879+0000] {logging_mixin.py:188} INFO - [2023-12-19T14:20:05.878+0000] {dag.py:3033} INFO - Sync 1 DAGs
[2023-12-19T14:20:05.934+0000] {logging_mixin.py:188} INFO - [2023-12-19T14:20:05.933+0000] {dag.py:3820} INFO - Setting next_dagrun for latest_only_with_trigger to 2023-12-19T08:00:00+00:00, run_after=2023-12-19T12:00:00+00:00
[2023-12-19T14:20:05.975+0000] {processor.py:183} INFO - Processing /home/airflow/.local/lib/python3.8/site-packages/airflow/example_dags/example_latest_only_with_trigger.py took 0.184 seconds
[2023-12-19T14:20:36.259+0000] {processor.py:161} INFO - Started process (PID=262) to work on /home/airflow/.local/lib/python3.8/site-packages/airflow/example_dags/example_latest_only_with_trigger.py
[2023-12-19T14:20:36.262+0000] {processor.py:830} INFO - Processing file /home/airflow/.local/lib/python3.8/site-packages/airflow/example_dags/example_latest_only_with_trigger.py for tasks to queue
[2023-12-19T14:20:36.268+0000] {logging_mixin.py:188} INFO - [2023-12-19T14:20:36.268+0000] {dagbag.py:538} INFO - Filling up the DagBag from /home/airflow/.local/lib/python3.8/site-packages/airflow/example_dags/example_latest_only_with_trigger.py
[2023-12-19T14:20:36.288+0000] {processor.py:840} INFO - DAG(s) 'latest_only_with_trigger' retrieved from /home/airflow/.local/lib/python3.8/site-packages/airflow/example_dags/example_latest_only_with_trigger.py
[2023-12-19T14:20:36.458+0000] {logging_mixin.py:188} INFO - [2023-12-19T14:20:36.457+0000] {dag.py:3033} INFO - Sync 1 DAGs
[2023-12-19T14:20:36.661+0000] {logging_mixin.py:188} INFO - [2023-12-19T14:20:36.661+0000] {dag.py:3820} INFO - Setting next_dagrun for latest_only_with_trigger to 2023-12-19T08:00:00+00:00, run_after=2023-12-19T12:00:00+00:00
[2023-12-19T14:20:36.726+0000] {processor.py:183} INFO - Processing /home/airflow/.local/lib/python3.8/site-packages/airflow/example_dags/example_latest_only_with_trigger.py took 0.474 seconds
[2023-12-19T14:21:06.849+0000] {processor.py:161} INFO - Started process (PID=316) to work on /home/airflow/.local/lib/python3.8/site-packages/airflow/example_dags/example_latest_only_with_trigger.py
[2023-12-19T14:21:06.851+0000] {processor.py:830} INFO - Processing file /home/airflow/.local/lib/python3.8/site-packages/airflow/example_dags/example_latest_only_with_trigger.py for tasks to queue
[2023-12-19T14:21:06.859+0000] {logging_mixin.py:188} INFO - [2023-12-19T14:21:06.857+0000] {dagbag.py:538} INFO - Filling up the DagBag from /home/airflow/.local/lib/python3.8/site-packages/airflow/example_dags/example_latest_only_with_trigger.py
[2023-12-19T14:21:06.876+0000] {processor.py:840} INFO - DAG(s) 'latest_only_with_trigger' retrieved from /home/airflow/.local/lib/python3.8/site-packages/airflow/example_dags/example_latest_only_with_trigger.py
[2023-12-19T14:21:06.935+0000] {logging_mixin.py:188} INFO - [2023-12-19T14:21:06.934+0000] {dag.py:3033} INFO - Sync 1 DAGs
[2023-12-19T14:21:07.024+0000] {logging_mixin.py:188} INFO - [2023-12-19T14:21:07.024+0000] {dag.py:3820} INFO - Setting next_dagrun for latest_only_with_trigger to 2023-12-19T08:00:00+00:00, run_after=2023-12-19T12:00:00+00:00
[2023-12-19T14:21:07.081+0000] {processor.py:183} INFO - Processing /home/airflow/.local/lib/python3.8/site-packages/airflow/example_dags/example_latest_only_with_trigger.py took 0.241 seconds
[2023-12-19T14:21:37.401+0000] {processor.py:161} INFO - Started process (PID=371) to work on /home/airflow/.local/lib/python3.8/site-packages/airflow/example_dags/example_latest_only_with_trigger.py
[2023-12-19T14:21:37.414+0000] {processor.py:830} INFO - Processing file /home/airflow/.local/lib/python3.8/site-packages/airflow/example_dags/example_latest_only_with_trigger.py for tasks to queue
[2023-12-19T14:21:37.420+0000] {logging_mixin.py:188} INFO - [2023-12-19T14:21:37.419+0000] {dagbag.py:538} INFO - Filling up the DagBag from /home/airflow/.local/lib/python3.8/site-packages/airflow/example_dags/example_latest_only_with_trigger.py
[2023-12-19T14:21:37.454+0000] {processor.py:840} INFO - DAG(s) 'latest_only_with_trigger' retrieved from /home/airflow/.local/lib/python3.8/site-packages/airflow/example_dags/example_latest_only_with_trigger.py
[2023-12-19T14:21:37.576+0000] {logging_mixin.py:188} INFO - [2023-12-19T14:21:37.574+0000] {dag.py:3033} INFO - Sync 1 DAGs
[2023-12-19T14:21:37.661+0000] {logging_mixin.py:188} INFO - [2023-12-19T14:21:37.661+0000] {dag.py:3820} INFO - Setting next_dagrun for latest_only_with_trigger to 2023-12-19T08:00:00+00:00, run_after=2023-12-19T12:00:00+00:00
[2023-12-19T14:21:37.806+0000] {processor.py:183} INFO - Processing /home/airflow/.local/lib/python3.8/site-packages/airflow/example_dags/example_latest_only_with_trigger.py took 0.428 seconds
[2023-12-19T14:22:08.349+0000] {processor.py:161} INFO - Started process (PID=426) to work on /home/airflow/.local/lib/python3.8/site-packages/airflow/example_dags/example_latest_only_with_trigger.py
[2023-12-19T14:22:08.351+0000] {processor.py:830} INFO - Processing file /home/airflow/.local/lib/python3.8/site-packages/airflow/example_dags/example_latest_only_with_trigger.py for tasks to queue
[2023-12-19T14:22:08.355+0000] {logging_mixin.py:188} INFO - [2023-12-19T14:22:08.354+0000] {dagbag.py:538} INFO - Filling up the DagBag from /home/airflow/.local/lib/python3.8/site-packages/airflow/example_dags/example_latest_only_with_trigger.py
[2023-12-19T14:22:08.371+0000] {processor.py:840} INFO - DAG(s) 'latest_only_with_trigger' retrieved from /home/airflow/.local/lib/python3.8/site-packages/airflow/example_dags/example_latest_only_with_trigger.py
[2023-12-19T14:22:08.429+0000] {logging_mixin.py:188} INFO - [2023-12-19T14:22:08.428+0000] {dag.py:3033} INFO - Sync 1 DAGs
[2023-12-19T14:22:08.489+0000] {logging_mixin.py:188} INFO - [2023-12-19T14:22:08.488+0000] {dag.py:3820} INFO - Setting next_dagrun for latest_only_with_trigger to 2023-12-19T08:00:00+00:00, run_after=2023-12-19T12:00:00+00:00
[2023-12-19T14:22:08.543+0000] {processor.py:183} INFO - Processing /home/airflow/.local/lib/python3.8/site-packages/airflow/example_dags/example_latest_only_with_trigger.py took 0.200 seconds
[2023-12-19T14:23:18.120+0000] {processor.py:161} INFO - Started process (PID=40) to work on /home/airflow/.local/lib/python3.8/site-packages/airflow/example_dags/example_latest_only_with_trigger.py
[2023-12-19T14:23:18.122+0000] {processor.py:830} INFO - Processing file /home/airflow/.local/lib/python3.8/site-packages/airflow/example_dags/example_latest_only_with_trigger.py for tasks to queue
[2023-12-19T14:23:18.131+0000] {logging_mixin.py:188} INFO - [2023-12-19T14:23:18.130+0000] {dagbag.py:538} INFO - Filling up the DagBag from /home/airflow/.local/lib/python3.8/site-packages/airflow/example_dags/example_latest_only_with_trigger.py
[2023-12-19T14:23:18.146+0000] {processor.py:840} INFO - DAG(s) 'latest_only_with_trigger' retrieved from /home/airflow/.local/lib/python3.8/site-packages/airflow/example_dags/example_latest_only_with_trigger.py
[2023-12-19T14:23:18.238+0000] {logging_mixin.py:188} INFO - [2023-12-19T14:23:18.238+0000] {dag.py:3033} INFO - Sync 1 DAGs
[2023-12-19T14:23:18.303+0000] {logging_mixin.py:188} INFO - [2023-12-19T14:23:18.302+0000] {dag.py:3820} INFO - Setting next_dagrun for latest_only_with_trigger to 2023-12-19T08:00:00+00:00, run_after=2023-12-19T12:00:00+00:00
[2023-12-19T14:23:18.357+0000] {processor.py:183} INFO - Processing /home/airflow/.local/lib/python3.8/site-packages/airflow/example_dags/example_latest_only_with_trigger.py took 0.246 seconds
[2023-12-19T14:23:49.119+0000] {processor.py:161} INFO - Started process (PID=95) to work on /home/airflow/.local/lib/python3.8/site-packages/airflow/example_dags/example_latest_only_with_trigger.py
[2023-12-19T14:23:49.121+0000] {processor.py:830} INFO - Processing file /home/airflow/.local/lib/python3.8/site-packages/airflow/example_dags/example_latest_only_with_trigger.py for tasks to queue
[2023-12-19T14:23:49.127+0000] {logging_mixin.py:188} INFO - [2023-12-19T14:23:49.126+0000] {dagbag.py:538} INFO - Filling up the DagBag from /home/airflow/.local/lib/python3.8/site-packages/airflow/example_dags/example_latest_only_with_trigger.py
[2023-12-19T14:23:49.144+0000] {processor.py:840} INFO - DAG(s) 'latest_only_with_trigger' retrieved from /home/airflow/.local/lib/python3.8/site-packages/airflow/example_dags/example_latest_only_with_trigger.py
[2023-12-19T14:23:49.206+0000] {logging_mixin.py:188} INFO - [2023-12-19T14:23:49.205+0000] {dag.py:3033} INFO - Sync 1 DAGs
[2023-12-19T14:23:49.334+0000] {logging_mixin.py:188} INFO - [2023-12-19T14:23:49.333+0000] {dag.py:3820} INFO - Setting next_dagrun for latest_only_with_trigger to 2023-12-19T08:00:00+00:00, run_after=2023-12-19T12:00:00+00:00
[2023-12-19T14:23:49.423+0000] {processor.py:183} INFO - Processing /home/airflow/.local/lib/python3.8/site-packages/airflow/example_dags/example_latest_only_with_trigger.py took 0.347 seconds
[2023-12-19T14:25:12.527+0000] {processor.py:161} INFO - Started process (PID=46) to work on /home/airflow/.local/lib/python3.8/site-packages/airflow/example_dags/example_latest_only_with_trigger.py
[2023-12-19T14:25:12.529+0000] {processor.py:830} INFO - Processing file /home/airflow/.local/lib/python3.8/site-packages/airflow/example_dags/example_latest_only_with_trigger.py for tasks to queue
[2023-12-19T14:25:12.534+0000] {logging_mixin.py:188} INFO - [2023-12-19T14:25:12.533+0000] {dagbag.py:538} INFO - Filling up the DagBag from /home/airflow/.local/lib/python3.8/site-packages/airflow/example_dags/example_latest_only_with_trigger.py
[2023-12-19T14:25:12.550+0000] {processor.py:840} INFO - DAG(s) 'latest_only_with_trigger' retrieved from /home/airflow/.local/lib/python3.8/site-packages/airflow/example_dags/example_latest_only_with_trigger.py
[2023-12-19T14:25:12.909+0000] {logging_mixin.py:188} INFO - [2023-12-19T14:25:12.909+0000] {dag.py:3033} INFO - Sync 1 DAGs
[2023-12-19T14:25:12.974+0000] {logging_mixin.py:188} INFO - [2023-12-19T14:25:12.972+0000] {dag.py:3820} INFO - Setting next_dagrun for latest_only_with_trigger to 2023-12-19T08:00:00+00:00, run_after=2023-12-19T12:00:00+00:00
[2023-12-19T14:25:13.058+0000] {processor.py:183} INFO - Processing /home/airflow/.local/lib/python3.8/site-packages/airflow/example_dags/example_latest_only_with_trigger.py took 0.539 seconds
[2023-12-19T14:25:43.656+0000] {processor.py:161} INFO - Started process (PID=101) to work on /home/airflow/.local/lib/python3.8/site-packages/airflow/example_dags/example_latest_only_with_trigger.py
[2023-12-19T14:25:43.658+0000] {processor.py:830} INFO - Processing file /home/airflow/.local/lib/python3.8/site-packages/airflow/example_dags/example_latest_only_with_trigger.py for tasks to queue
[2023-12-19T14:25:43.664+0000] {logging_mixin.py:188} INFO - [2023-12-19T14:25:43.663+0000] {dagbag.py:538} INFO - Filling up the DagBag from /home/airflow/.local/lib/python3.8/site-packages/airflow/example_dags/example_latest_only_with_trigger.py
[2023-12-19T14:25:43.681+0000] {processor.py:840} INFO - DAG(s) 'latest_only_with_trigger' retrieved from /home/airflow/.local/lib/python3.8/site-packages/airflow/example_dags/example_latest_only_with_trigger.py
[2023-12-19T14:25:43.731+0000] {logging_mixin.py:188} INFO - [2023-12-19T14:25:43.730+0000] {dag.py:3033} INFO - Sync 1 DAGs
[2023-12-19T14:25:43.787+0000] {logging_mixin.py:188} INFO - [2023-12-19T14:25:43.786+0000] {dag.py:3820} INFO - Setting next_dagrun for latest_only_with_trigger to 2023-12-19T08:00:00+00:00, run_after=2023-12-19T12:00:00+00:00
[2023-12-19T14:25:43.836+0000] {processor.py:183} INFO - Processing /home/airflow/.local/lib/python3.8/site-packages/airflow/example_dags/example_latest_only_with_trigger.py took 0.187 seconds
[2023-12-19T14:26:14.316+0000] {processor.py:161} INFO - Started process (PID=155) to work on /home/airflow/.local/lib/python3.8/site-packages/airflow/example_dags/example_latest_only_with_trigger.py
[2023-12-19T14:26:14.318+0000] {processor.py:830} INFO - Processing file /home/airflow/.local/lib/python3.8/site-packages/airflow/example_dags/example_latest_only_with_trigger.py for tasks to queue
[2023-12-19T14:26:14.324+0000] {logging_mixin.py:188} INFO - [2023-12-19T14:26:14.324+0000] {dagbag.py:538} INFO - Filling up the DagBag from /home/airflow/.local/lib/python3.8/site-packages/airflow/example_dags/example_latest_only_with_trigger.py
[2023-12-19T14:26:14.336+0000] {processor.py:840} INFO - DAG(s) 'latest_only_with_trigger' retrieved from /home/airflow/.local/lib/python3.8/site-packages/airflow/example_dags/example_latest_only_with_trigger.py
[2023-12-19T14:26:14.376+0000] {logging_mixin.py:188} INFO - [2023-12-19T14:26:14.376+0000] {dag.py:3033} INFO - Sync 1 DAGs
[2023-12-19T14:26:14.423+0000] {logging_mixin.py:188} INFO - [2023-12-19T14:26:14.422+0000] {dag.py:3820} INFO - Setting next_dagrun for latest_only_with_trigger to 2023-12-19T08:00:00+00:00, run_after=2023-12-19T12:00:00+00:00
[2023-12-19T14:26:14.465+0000] {processor.py:183} INFO - Processing /home/airflow/.local/lib/python3.8/site-packages/airflow/example_dags/example_latest_only_with_trigger.py took 0.158 seconds
[2023-12-19T14:26:45.241+0000] {processor.py:161} INFO - Started process (PID=210) to work on /home/airflow/.local/lib/python3.8/site-packages/airflow/example_dags/example_latest_only_with_trigger.py
[2023-12-19T14:26:45.243+0000] {processor.py:830} INFO - Processing file /home/airflow/.local/lib/python3.8/site-packages/airflow/example_dags/example_latest_only_with_trigger.py for tasks to queue
[2023-12-19T14:26:45.248+0000] {logging_mixin.py:188} INFO - [2023-12-19T14:26:45.248+0000] {dagbag.py:538} INFO - Filling up the DagBag from /home/airflow/.local/lib/python3.8/site-packages/airflow/example_dags/example_latest_only_with_trigger.py
[2023-12-19T14:26:45.260+0000] {processor.py:840} INFO - DAG(s) 'latest_only_with_trigger' retrieved from /home/airflow/.local/lib/python3.8/site-packages/airflow/example_dags/example_latest_only_with_trigger.py
[2023-12-19T14:26:45.303+0000] {logging_mixin.py:188} INFO - [2023-12-19T14:26:45.302+0000] {dag.py:3033} INFO - Sync 1 DAGs
[2023-12-19T14:26:45.349+0000] {logging_mixin.py:188} INFO - [2023-12-19T14:26:45.349+0000] {dag.py:3820} INFO - Setting next_dagrun for latest_only_with_trigger to 2023-12-19T08:00:00+00:00, run_after=2023-12-19T12:00:00+00:00
[2023-12-19T14:26:45.390+0000] {processor.py:183} INFO - Processing /home/airflow/.local/lib/python3.8/site-packages/airflow/example_dags/example_latest_only_with_trigger.py took 0.157 seconds
[2023-12-19T14:27:15.912+0000] {processor.py:161} INFO - Started process (PID=265) to work on /home/airflow/.local/lib/python3.8/site-packages/airflow/example_dags/example_latest_only_with_trigger.py
[2023-12-19T14:27:15.914+0000] {processor.py:830} INFO - Processing file /home/airflow/.local/lib/python3.8/site-packages/airflow/example_dags/example_latest_only_with_trigger.py for tasks to queue
[2023-12-19T14:27:15.921+0000] {logging_mixin.py:188} INFO - [2023-12-19T14:27:15.920+0000] {dagbag.py:538} INFO - Filling up the DagBag from /home/airflow/.local/lib/python3.8/site-packages/airflow/example_dags/example_latest_only_with_trigger.py
[2023-12-19T14:27:15.939+0000] {processor.py:840} INFO - DAG(s) 'latest_only_with_trigger' retrieved from /home/airflow/.local/lib/python3.8/site-packages/airflow/example_dags/example_latest_only_with_trigger.py
[2023-12-19T14:27:16.034+0000] {logging_mixin.py:188} INFO - [2023-12-19T14:27:16.033+0000] {dag.py:3033} INFO - Sync 1 DAGs
[2023-12-19T14:27:16.235+0000] {logging_mixin.py:188} INFO - [2023-12-19T14:27:16.233+0000] {dag.py:3820} INFO - Setting next_dagrun for latest_only_with_trigger to 2023-12-19T08:00:00+00:00, run_after=2023-12-19T12:00:00+00:00
[2023-12-19T14:27:16.285+0000] {processor.py:183} INFO - Processing /home/airflow/.local/lib/python3.8/site-packages/airflow/example_dags/example_latest_only_with_trigger.py took 0.383 seconds
[2023-12-19T14:27:46.681+0000] {processor.py:161} INFO - Started process (PID=320) to work on /home/airflow/.local/lib/python3.8/site-packages/airflow/example_dags/example_latest_only_with_trigger.py
[2023-12-19T14:27:46.683+0000] {processor.py:830} INFO - Processing file /home/airflow/.local/lib/python3.8/site-packages/airflow/example_dags/example_latest_only_with_trigger.py for tasks to queue
[2023-12-19T14:27:46.689+0000] {logging_mixin.py:188} INFO - [2023-12-19T14:27:46.687+0000] {dagbag.py:538} INFO - Filling up the DagBag from /home/airflow/.local/lib/python3.8/site-packages/airflow/example_dags/example_latest_only_with_trigger.py
[2023-12-19T14:27:46.707+0000] {processor.py:840} INFO - DAG(s) 'latest_only_with_trigger' retrieved from /home/airflow/.local/lib/python3.8/site-packages/airflow/example_dags/example_latest_only_with_trigger.py
[2023-12-19T14:27:46.771+0000] {logging_mixin.py:188} INFO - [2023-12-19T14:27:46.770+0000] {dag.py:3033} INFO - Sync 1 DAGs
[2023-12-19T14:27:46.887+0000] {logging_mixin.py:188} INFO - [2023-12-19T14:27:46.880+0000] {dag.py:3820} INFO - Setting next_dagrun for latest_only_with_trigger to 2023-12-19T08:00:00+00:00, run_after=2023-12-19T12:00:00+00:00
[2023-12-19T14:27:47.050+0000] {processor.py:183} INFO - Processing /home/airflow/.local/lib/python3.8/site-packages/airflow/example_dags/example_latest_only_with_trigger.py took 0.377 seconds
[2023-12-19T14:28:17.356+0000] {processor.py:161} INFO - Started process (PID=375) to work on /home/airflow/.local/lib/python3.8/site-packages/airflow/example_dags/example_latest_only_with_trigger.py
[2023-12-19T14:28:17.358+0000] {processor.py:830} INFO - Processing file /home/airflow/.local/lib/python3.8/site-packages/airflow/example_dags/example_latest_only_with_trigger.py for tasks to queue
[2023-12-19T14:28:17.364+0000] {logging_mixin.py:188} INFO - [2023-12-19T14:28:17.363+0000] {dagbag.py:538} INFO - Filling up the DagBag from /home/airflow/.local/lib/python3.8/site-packages/airflow/example_dags/example_latest_only_with_trigger.py
[2023-12-19T14:28:17.381+0000] {processor.py:840} INFO - DAG(s) 'latest_only_with_trigger' retrieved from /home/airflow/.local/lib/python3.8/site-packages/airflow/example_dags/example_latest_only_with_trigger.py
[2023-12-19T14:28:17.449+0000] {logging_mixin.py:188} INFO - [2023-12-19T14:28:17.448+0000] {dag.py:3033} INFO - Sync 1 DAGs
[2023-12-19T14:28:17.507+0000] {logging_mixin.py:188} INFO - [2023-12-19T14:28:17.507+0000] {dag.py:3820} INFO - Setting next_dagrun for latest_only_with_trigger to 2023-12-19T08:00:00+00:00, run_after=2023-12-19T12:00:00+00:00
[2023-12-19T14:28:17.582+0000] {processor.py:183} INFO - Processing /home/airflow/.local/lib/python3.8/site-packages/airflow/example_dags/example_latest_only_with_trigger.py took 0.233 seconds
[2023-12-19T14:28:48.757+0000] {processor.py:161} INFO - Started process (PID=430) to work on /home/airflow/.local/lib/python3.8/site-packages/airflow/example_dags/example_latest_only_with_trigger.py
[2023-12-19T14:28:48.759+0000] {processor.py:830} INFO - Processing file /home/airflow/.local/lib/python3.8/site-packages/airflow/example_dags/example_latest_only_with_trigger.py for tasks to queue
[2023-12-19T14:28:48.764+0000] {logging_mixin.py:188} INFO - [2023-12-19T14:28:48.763+0000] {dagbag.py:538} INFO - Filling up the DagBag from /home/airflow/.local/lib/python3.8/site-packages/airflow/example_dags/example_latest_only_with_trigger.py
[2023-12-19T14:28:48.782+0000] {processor.py:840} INFO - DAG(s) 'latest_only_with_trigger' retrieved from /home/airflow/.local/lib/python3.8/site-packages/airflow/example_dags/example_latest_only_with_trigger.py
[2023-12-19T14:28:48.870+0000] {logging_mixin.py:188} INFO - [2023-12-19T14:28:48.869+0000] {dag.py:3033} INFO - Sync 1 DAGs
[2023-12-19T14:28:48.936+0000] {logging_mixin.py:188} INFO - [2023-12-19T14:28:48.935+0000] {dag.py:3820} INFO - Setting next_dagrun for latest_only_with_trigger to 2023-12-19T08:00:00+00:00, run_after=2023-12-19T12:00:00+00:00
[2023-12-19T14:28:49.045+0000] {processor.py:183} INFO - Processing /home/airflow/.local/lib/python3.8/site-packages/airflow/example_dags/example_latest_only_with_trigger.py took 0.296 seconds
[2023-12-19T14:29:19.199+0000] {processor.py:161} INFO - Started process (PID=483) to work on /home/airflow/.local/lib/python3.8/site-packages/airflow/example_dags/example_latest_only_with_trigger.py
[2023-12-19T14:29:19.202+0000] {processor.py:830} INFO - Processing file /home/airflow/.local/lib/python3.8/site-packages/airflow/example_dags/example_latest_only_with_trigger.py for tasks to queue
[2023-12-19T14:29:19.208+0000] {logging_mixin.py:188} INFO - [2023-12-19T14:29:19.207+0000] {dagbag.py:538} INFO - Filling up the DagBag from /home/airflow/.local/lib/python3.8/site-packages/airflow/example_dags/example_latest_only_with_trigger.py
[2023-12-19T14:29:19.220+0000] {processor.py:840} INFO - DAG(s) 'latest_only_with_trigger' retrieved from /home/airflow/.local/lib/python3.8/site-packages/airflow/example_dags/example_latest_only_with_trigger.py
[2023-12-19T14:29:19.266+0000] {logging_mixin.py:188} INFO - [2023-12-19T14:29:19.266+0000] {dag.py:3033} INFO - Sync 1 DAGs
[2023-12-19T14:29:19.311+0000] {logging_mixin.py:188} INFO - [2023-12-19T14:29:19.310+0000] {dag.py:3820} INFO - Setting next_dagrun for latest_only_with_trigger to 2023-12-19T08:00:00+00:00, run_after=2023-12-19T12:00:00+00:00
[2023-12-19T14:29:19.354+0000] {processor.py:183} INFO - Processing /home/airflow/.local/lib/python3.8/site-packages/airflow/example_dags/example_latest_only_with_trigger.py took 0.162 seconds
[2023-12-19T14:29:49.711+0000] {processor.py:161} INFO - Started process (PID=538) to work on /home/airflow/.local/lib/python3.8/site-packages/airflow/example_dags/example_latest_only_with_trigger.py
[2023-12-19T14:29:49.713+0000] {processor.py:830} INFO - Processing file /home/airflow/.local/lib/python3.8/site-packages/airflow/example_dags/example_latest_only_with_trigger.py for tasks to queue
[2023-12-19T14:29:49.727+0000] {logging_mixin.py:188} INFO - [2023-12-19T14:29:49.726+0000] {dagbag.py:538} INFO - Filling up the DagBag from /home/airflow/.local/lib/python3.8/site-packages/airflow/example_dags/example_latest_only_with_trigger.py
[2023-12-19T14:29:49.790+0000] {processor.py:840} INFO - DAG(s) 'latest_only_with_trigger' retrieved from /home/airflow/.local/lib/python3.8/site-packages/airflow/example_dags/example_latest_only_with_trigger.py
[2023-12-19T14:29:49.954+0000] {logging_mixin.py:188} INFO - [2023-12-19T14:29:49.953+0000] {dag.py:3033} INFO - Sync 1 DAGs
[2023-12-19T14:29:50.074+0000] {logging_mixin.py:188} INFO - [2023-12-19T14:29:50.073+0000] {dag.py:3820} INFO - Setting next_dagrun for latest_only_with_trigger to 2023-12-19T08:00:00+00:00, run_after=2023-12-19T12:00:00+00:00
[2023-12-19T14:29:50.170+0000] {processor.py:183} INFO - Processing /home/airflow/.local/lib/python3.8/site-packages/airflow/example_dags/example_latest_only_with_trigger.py took 0.468 seconds
[2023-12-19T14:30:21.075+0000] {processor.py:161} INFO - Started process (PID=593) to work on /home/airflow/.local/lib/python3.8/site-packages/airflow/example_dags/example_latest_only_with_trigger.py
[2023-12-19T14:30:21.077+0000] {processor.py:830} INFO - Processing file /home/airflow/.local/lib/python3.8/site-packages/airflow/example_dags/example_latest_only_with_trigger.py for tasks to queue
[2023-12-19T14:30:21.084+0000] {logging_mixin.py:188} INFO - [2023-12-19T14:30:21.083+0000] {dagbag.py:538} INFO - Filling up the DagBag from /home/airflow/.local/lib/python3.8/site-packages/airflow/example_dags/example_latest_only_with_trigger.py
[2023-12-19T14:30:21.098+0000] {processor.py:840} INFO - DAG(s) 'latest_only_with_trigger' retrieved from /home/airflow/.local/lib/python3.8/site-packages/airflow/example_dags/example_latest_only_with_trigger.py
[2023-12-19T14:30:21.156+0000] {logging_mixin.py:188} INFO - [2023-12-19T14:30:21.156+0000] {dag.py:3033} INFO - Sync 1 DAGs
[2023-12-19T14:30:21.227+0000] {logging_mixin.py:188} INFO - [2023-12-19T14:30:21.226+0000] {dag.py:3820} INFO - Setting next_dagrun for latest_only_with_trigger to 2023-12-19T08:00:00+00:00, run_after=2023-12-19T12:00:00+00:00
[2023-12-19T14:30:21.266+0000] {processor.py:183} INFO - Processing /home/airflow/.local/lib/python3.8/site-packages/airflow/example_dags/example_latest_only_with_trigger.py took 0.203 seconds
[2023-12-19T14:30:51.845+0000] {processor.py:161} INFO - Started process (PID=648) to work on /home/airflow/.local/lib/python3.8/site-packages/airflow/example_dags/example_latest_only_with_trigger.py
[2023-12-19T14:30:51.851+0000] {processor.py:830} INFO - Processing file /home/airflow/.local/lib/python3.8/site-packages/airflow/example_dags/example_latest_only_with_trigger.py for tasks to queue
[2023-12-19T14:30:51.858+0000] {logging_mixin.py:188} INFO - [2023-12-19T14:30:51.857+0000] {dagbag.py:538} INFO - Filling up the DagBag from /home/airflow/.local/lib/python3.8/site-packages/airflow/example_dags/example_latest_only_with_trigger.py
[2023-12-19T14:30:51.875+0000] {processor.py:840} INFO - DAG(s) 'latest_only_with_trigger' retrieved from /home/airflow/.local/lib/python3.8/site-packages/airflow/example_dags/example_latest_only_with_trigger.py
[2023-12-19T14:30:51.999+0000] {logging_mixin.py:188} INFO - [2023-12-19T14:30:51.998+0000] {dag.py:3033} INFO - Sync 1 DAGs
[2023-12-19T14:30:52.118+0000] {logging_mixin.py:188} INFO - [2023-12-19T14:30:52.118+0000] {dag.py:3820} INFO - Setting next_dagrun for latest_only_with_trigger to 2023-12-19T08:00:00+00:00, run_after=2023-12-19T12:00:00+00:00
[2023-12-19T14:30:52.199+0000] {processor.py:183} INFO - Processing /home/airflow/.local/lib/python3.8/site-packages/airflow/example_dags/example_latest_only_with_trigger.py took 0.363 seconds
[2023-12-19T14:31:22.709+0000] {processor.py:161} INFO - Started process (PID=702) to work on /home/airflow/.local/lib/python3.8/site-packages/airflow/example_dags/example_latest_only_with_trigger.py
[2023-12-19T14:31:22.711+0000] {processor.py:830} INFO - Processing file /home/airflow/.local/lib/python3.8/site-packages/airflow/example_dags/example_latest_only_with_trigger.py for tasks to queue
[2023-12-19T14:31:22.717+0000] {logging_mixin.py:188} INFO - [2023-12-19T14:31:22.717+0000] {dagbag.py:538} INFO - Filling up the DagBag from /home/airflow/.local/lib/python3.8/site-packages/airflow/example_dags/example_latest_only_with_trigger.py
[2023-12-19T14:31:22.733+0000] {processor.py:840} INFO - DAG(s) 'latest_only_with_trigger' retrieved from /home/airflow/.local/lib/python3.8/site-packages/airflow/example_dags/example_latest_only_with_trigger.py
[2023-12-19T14:31:22.792+0000] {logging_mixin.py:188} INFO - [2023-12-19T14:31:22.792+0000] {dag.py:3033} INFO - Sync 1 DAGs
[2023-12-19T14:31:22.852+0000] {logging_mixin.py:188} INFO - [2023-12-19T14:31:22.851+0000] {dag.py:3820} INFO - Setting next_dagrun for latest_only_with_trigger to 2023-12-19T08:00:00+00:00, run_after=2023-12-19T12:00:00+00:00
[2023-12-19T14:31:22.921+0000] {processor.py:183} INFO - Processing /home/airflow/.local/lib/python3.8/site-packages/airflow/example_dags/example_latest_only_with_trigger.py took 0.220 seconds
[2023-12-19T14:31:53.157+0000] {processor.py:161} INFO - Started process (PID=757) to work on /home/airflow/.local/lib/python3.8/site-packages/airflow/example_dags/example_latest_only_with_trigger.py
[2023-12-19T14:31:53.159+0000] {processor.py:830} INFO - Processing file /home/airflow/.local/lib/python3.8/site-packages/airflow/example_dags/example_latest_only_with_trigger.py for tasks to queue
[2023-12-19T14:31:53.165+0000] {logging_mixin.py:188} INFO - [2023-12-19T14:31:53.164+0000] {dagbag.py:538} INFO - Filling up the DagBag from /home/airflow/.local/lib/python3.8/site-packages/airflow/example_dags/example_latest_only_with_trigger.py
[2023-12-19T14:31:53.177+0000] {processor.py:840} INFO - DAG(s) 'latest_only_with_trigger' retrieved from /home/airflow/.local/lib/python3.8/site-packages/airflow/example_dags/example_latest_only_with_trigger.py
[2023-12-19T14:31:53.226+0000] {logging_mixin.py:188} INFO - [2023-12-19T14:31:53.225+0000] {dag.py:3033} INFO - Sync 1 DAGs
[2023-12-19T14:31:53.272+0000] {logging_mixin.py:188} INFO - [2023-12-19T14:31:53.272+0000] {dag.py:3820} INFO - Setting next_dagrun for latest_only_with_trigger to 2023-12-19T08:00:00+00:00, run_after=2023-12-19T12:00:00+00:00
[2023-12-19T14:31:53.315+0000] {processor.py:183} INFO - Processing /home/airflow/.local/lib/python3.8/site-packages/airflow/example_dags/example_latest_only_with_trigger.py took 0.167 seconds
[2023-12-19T14:32:23.513+0000] {processor.py:161} INFO - Started process (PID=811) to work on /home/airflow/.local/lib/python3.8/site-packages/airflow/example_dags/example_latest_only_with_trigger.py
[2023-12-19T14:32:23.519+0000] {processor.py:830} INFO - Processing file /home/airflow/.local/lib/python3.8/site-packages/airflow/example_dags/example_latest_only_with_trigger.py for tasks to queue
[2023-12-19T14:32:23.526+0000] {logging_mixin.py:188} INFO - [2023-12-19T14:32:23.525+0000] {dagbag.py:538} INFO - Filling up the DagBag from /home/airflow/.local/lib/python3.8/site-packages/airflow/example_dags/example_latest_only_with_trigger.py
[2023-12-19T14:32:23.552+0000] {processor.py:840} INFO - DAG(s) 'latest_only_with_trigger' retrieved from /home/airflow/.local/lib/python3.8/site-packages/airflow/example_dags/example_latest_only_with_trigger.py
[2023-12-19T14:32:23.645+0000] {logging_mixin.py:188} INFO - [2023-12-19T14:32:23.645+0000] {dag.py:3033} INFO - Sync 1 DAGs
[2023-12-19T14:32:23.719+0000] {logging_mixin.py:188} INFO - [2023-12-19T14:32:23.718+0000] {dag.py:3820} INFO - Setting next_dagrun for latest_only_with_trigger to 2023-12-19T08:00:00+00:00, run_after=2023-12-19T12:00:00+00:00
[2023-12-19T14:32:23.801+0000] {processor.py:183} INFO - Processing /home/airflow/.local/lib/python3.8/site-packages/airflow/example_dags/example_latest_only_with_trigger.py took 0.298 seconds
[2023-12-19T14:32:54.151+0000] {processor.py:161} INFO - Started process (PID=866) to work on /home/airflow/.local/lib/python3.8/site-packages/airflow/example_dags/example_latest_only_with_trigger.py
[2023-12-19T14:32:54.159+0000] {processor.py:830} INFO - Processing file /home/airflow/.local/lib/python3.8/site-packages/airflow/example_dags/example_latest_only_with_trigger.py for tasks to queue
[2023-12-19T14:32:54.166+0000] {logging_mixin.py:188} INFO - [2023-12-19T14:32:54.165+0000] {dagbag.py:538} INFO - Filling up the DagBag from /home/airflow/.local/lib/python3.8/site-packages/airflow/example_dags/example_latest_only_with_trigger.py
[2023-12-19T14:32:54.185+0000] {processor.py:840} INFO - DAG(s) 'latest_only_with_trigger' retrieved from /home/airflow/.local/lib/python3.8/site-packages/airflow/example_dags/example_latest_only_with_trigger.py
[2023-12-19T14:32:54.269+0000] {logging_mixin.py:188} INFO - [2023-12-19T14:32:54.269+0000] {dag.py:3033} INFO - Sync 1 DAGs
[2023-12-19T14:32:54.378+0000] {logging_mixin.py:188} INFO - [2023-12-19T14:32:54.368+0000] {dag.py:3820} INFO - Setting next_dagrun for latest_only_with_trigger to 2023-12-19T08:00:00+00:00, run_after=2023-12-19T12:00:00+00:00
[2023-12-19T14:32:54.473+0000] {processor.py:183} INFO - Processing /home/airflow/.local/lib/python3.8/site-packages/airflow/example_dags/example_latest_only_with_trigger.py took 0.331 seconds
[2023-12-19T14:33:24.557+0000] {processor.py:161} INFO - Started process (PID=920) to work on /home/airflow/.local/lib/python3.8/site-packages/airflow/example_dags/example_latest_only_with_trigger.py
[2023-12-19T14:33:24.563+0000] {processor.py:830} INFO - Processing file /home/airflow/.local/lib/python3.8/site-packages/airflow/example_dags/example_latest_only_with_trigger.py for tasks to queue
[2023-12-19T14:33:24.571+0000] {logging_mixin.py:188} INFO - [2023-12-19T14:33:24.570+0000] {dagbag.py:538} INFO - Filling up the DagBag from /home/airflow/.local/lib/python3.8/site-packages/airflow/example_dags/example_latest_only_with_trigger.py
[2023-12-19T14:33:24.588+0000] {processor.py:840} INFO - DAG(s) 'latest_only_with_trigger' retrieved from /home/airflow/.local/lib/python3.8/site-packages/airflow/example_dags/example_latest_only_with_trigger.py
[2023-12-19T14:33:24.685+0000] {logging_mixin.py:188} INFO - [2023-12-19T14:33:24.685+0000] {dag.py:3033} INFO - Sync 1 DAGs
[2023-12-19T14:33:24.847+0000] {logging_mixin.py:188} INFO - [2023-12-19T14:33:24.847+0000] {dag.py:3820} INFO - Setting next_dagrun for latest_only_with_trigger to 2023-12-19T08:00:00+00:00, run_after=2023-12-19T12:00:00+00:00
[2023-12-19T14:33:24.918+0000] {processor.py:183} INFO - Processing /home/airflow/.local/lib/python3.8/site-packages/airflow/example_dags/example_latest_only_with_trigger.py took 0.372 seconds
[2023-12-19T14:33:55.106+0000] {processor.py:161} INFO - Started process (PID=975) to work on /home/airflow/.local/lib/python3.8/site-packages/airflow/example_dags/example_latest_only_with_trigger.py
[2023-12-19T14:33:55.108+0000] {processor.py:830} INFO - Processing file /home/airflow/.local/lib/python3.8/site-packages/airflow/example_dags/example_latest_only_with_trigger.py for tasks to queue
[2023-12-19T14:33:55.115+0000] {logging_mixin.py:188} INFO - [2023-12-19T14:33:55.114+0000] {dagbag.py:538} INFO - Filling up the DagBag from /home/airflow/.local/lib/python3.8/site-packages/airflow/example_dags/example_latest_only_with_trigger.py
[2023-12-19T14:33:55.129+0000] {processor.py:840} INFO - DAG(s) 'latest_only_with_trigger' retrieved from /home/airflow/.local/lib/python3.8/site-packages/airflow/example_dags/example_latest_only_with_trigger.py
[2023-12-19T14:33:55.184+0000] {logging_mixin.py:188} INFO - [2023-12-19T14:33:55.183+0000] {dag.py:3033} INFO - Sync 1 DAGs
[2023-12-19T14:33:55.245+0000] {logging_mixin.py:188} INFO - [2023-12-19T14:33:55.244+0000] {dag.py:3820} INFO - Setting next_dagrun for latest_only_with_trigger to 2023-12-19T08:00:00+00:00, run_after=2023-12-19T12:00:00+00:00
[2023-12-19T14:33:55.303+0000] {processor.py:183} INFO - Processing /home/airflow/.local/lib/python3.8/site-packages/airflow/example_dags/example_latest_only_with_trigger.py took 0.206 seconds
[2023-12-19T14:34:25.757+0000] {processor.py:161} INFO - Started process (PID=1030) to work on /home/airflow/.local/lib/python3.8/site-packages/airflow/example_dags/example_latest_only_with_trigger.py
[2023-12-19T14:34:25.758+0000] {processor.py:830} INFO - Processing file /home/airflow/.local/lib/python3.8/site-packages/airflow/example_dags/example_latest_only_with_trigger.py for tasks to queue
[2023-12-19T14:34:25.765+0000] {logging_mixin.py:188} INFO - [2023-12-19T14:34:25.764+0000] {dagbag.py:538} INFO - Filling up the DagBag from /home/airflow/.local/lib/python3.8/site-packages/airflow/example_dags/example_latest_only_with_trigger.py
[2023-12-19T14:34:25.777+0000] {processor.py:840} INFO - DAG(s) 'latest_only_with_trigger' retrieved from /home/airflow/.local/lib/python3.8/site-packages/airflow/example_dags/example_latest_only_with_trigger.py
[2023-12-19T14:34:25.840+0000] {logging_mixin.py:188} INFO - [2023-12-19T14:34:25.838+0000] {dag.py:3033} INFO - Sync 1 DAGs
[2023-12-19T14:34:25.951+0000] {logging_mixin.py:188} INFO - [2023-12-19T14:34:25.950+0000] {dag.py:3820} INFO - Setting next_dagrun for latest_only_with_trigger to 2023-12-19T08:00:00+00:00, run_after=2023-12-19T12:00:00+00:00
[2023-12-19T14:34:26.018+0000] {processor.py:183} INFO - Processing /home/airflow/.local/lib/python3.8/site-packages/airflow/example_dags/example_latest_only_with_trigger.py took 0.269 seconds
[2023-12-19T14:34:57.108+0000] {processor.py:161} INFO - Started process (PID=1085) to work on /home/airflow/.local/lib/python3.8/site-packages/airflow/example_dags/example_latest_only_with_trigger.py
[2023-12-19T14:34:57.111+0000] {processor.py:830} INFO - Processing file /home/airflow/.local/lib/python3.8/site-packages/airflow/example_dags/example_latest_only_with_trigger.py for tasks to queue
[2023-12-19T14:34:57.120+0000] {logging_mixin.py:188} INFO - [2023-12-19T14:34:57.119+0000] {dagbag.py:538} INFO - Filling up the DagBag from /home/airflow/.local/lib/python3.8/site-packages/airflow/example_dags/example_latest_only_with_trigger.py
[2023-12-19T14:34:57.135+0000] {processor.py:840} INFO - DAG(s) 'latest_only_with_trigger' retrieved from /home/airflow/.local/lib/python3.8/site-packages/airflow/example_dags/example_latest_only_with_trigger.py
[2023-12-19T14:34:57.197+0000] {logging_mixin.py:188} INFO - [2023-12-19T14:34:57.196+0000] {dag.py:3033} INFO - Sync 1 DAGs
[2023-12-19T14:34:57.285+0000] {logging_mixin.py:188} INFO - [2023-12-19T14:34:57.284+0000] {dag.py:3820} INFO - Setting next_dagrun for latest_only_with_trigger to 2023-12-19T08:00:00+00:00, run_after=2023-12-19T12:00:00+00:00
[2023-12-19T14:34:57.355+0000] {processor.py:183} INFO - Processing /home/airflow/.local/lib/python3.8/site-packages/airflow/example_dags/example_latest_only_with_trigger.py took 0.255 seconds
[2023-12-19T14:35:27.439+0000] {processor.py:161} INFO - Started process (PID=1139) to work on /home/airflow/.local/lib/python3.8/site-packages/airflow/example_dags/example_latest_only_with_trigger.py
[2023-12-19T14:35:27.440+0000] {processor.py:830} INFO - Processing file /home/airflow/.local/lib/python3.8/site-packages/airflow/example_dags/example_latest_only_with_trigger.py for tasks to queue
[2023-12-19T14:35:27.444+0000] {logging_mixin.py:188} INFO - [2023-12-19T14:35:27.443+0000] {dagbag.py:538} INFO - Filling up the DagBag from /home/airflow/.local/lib/python3.8/site-packages/airflow/example_dags/example_latest_only_with_trigger.py
[2023-12-19T14:35:27.452+0000] {processor.py:840} INFO - DAG(s) 'latest_only_with_trigger' retrieved from /home/airflow/.local/lib/python3.8/site-packages/airflow/example_dags/example_latest_only_with_trigger.py
[2023-12-19T14:35:27.490+0000] {logging_mixin.py:188} INFO - [2023-12-19T14:35:27.489+0000] {dag.py:3033} INFO - Sync 1 DAGs
[2023-12-19T14:35:27.529+0000] {logging_mixin.py:188} INFO - [2023-12-19T14:35:27.529+0000] {dag.py:3820} INFO - Setting next_dagrun for latest_only_with_trigger to 2023-12-19T08:00:00+00:00, run_after=2023-12-19T12:00:00+00:00
[2023-12-19T14:35:27.557+0000] {processor.py:183} INFO - Processing /home/airflow/.local/lib/python3.8/site-packages/airflow/example_dags/example_latest_only_with_trigger.py took 0.124 seconds
[2023-12-19T14:35:57.944+0000] {processor.py:161} INFO - Started process (PID=1193) to work on /home/airflow/.local/lib/python3.8/site-packages/airflow/example_dags/example_latest_only_with_trigger.py
[2023-12-19T14:35:57.945+0000] {processor.py:830} INFO - Processing file /home/airflow/.local/lib/python3.8/site-packages/airflow/example_dags/example_latest_only_with_trigger.py for tasks to queue
[2023-12-19T14:35:57.950+0000] {logging_mixin.py:188} INFO - [2023-12-19T14:35:57.950+0000] {dagbag.py:538} INFO - Filling up the DagBag from /home/airflow/.local/lib/python3.8/site-packages/airflow/example_dags/example_latest_only_with_trigger.py
[2023-12-19T14:35:57.961+0000] {processor.py:840} INFO - DAG(s) 'latest_only_with_trigger' retrieved from /home/airflow/.local/lib/python3.8/site-packages/airflow/example_dags/example_latest_only_with_trigger.py
[2023-12-19T14:35:58.014+0000] {logging_mixin.py:188} INFO - [2023-12-19T14:35:58.013+0000] {dag.py:3033} INFO - Sync 1 DAGs
[2023-12-19T14:35:58.076+0000] {logging_mixin.py:188} INFO - [2023-12-19T14:35:58.076+0000] {dag.py:3820} INFO - Setting next_dagrun for latest_only_with_trigger to 2023-12-19T08:00:00+00:00, run_after=2023-12-19T12:00:00+00:00
[2023-12-19T14:35:58.120+0000] {processor.py:183} INFO - Processing /home/airflow/.local/lib/python3.8/site-packages/airflow/example_dags/example_latest_only_with_trigger.py took 0.188 seconds
[2023-12-19T14:36:28.806+0000] {processor.py:161} INFO - Started process (PID=1249) to work on /home/airflow/.local/lib/python3.8/site-packages/airflow/example_dags/example_latest_only_with_trigger.py
[2023-12-19T14:36:28.808+0000] {processor.py:830} INFO - Processing file /home/airflow/.local/lib/python3.8/site-packages/airflow/example_dags/example_latest_only_with_trigger.py for tasks to queue
[2023-12-19T14:36:28.811+0000] {logging_mixin.py:188} INFO - [2023-12-19T14:36:28.811+0000] {dagbag.py:538} INFO - Filling up the DagBag from /home/airflow/.local/lib/python3.8/site-packages/airflow/example_dags/example_latest_only_with_trigger.py
[2023-12-19T14:36:28.818+0000] {processor.py:840} INFO - DAG(s) 'latest_only_with_trigger' retrieved from /home/airflow/.local/lib/python3.8/site-packages/airflow/example_dags/example_latest_only_with_trigger.py
[2023-12-19T14:36:28.846+0000] {logging_mixin.py:188} INFO - [2023-12-19T14:36:28.846+0000] {dag.py:3033} INFO - Sync 1 DAGs
[2023-12-19T14:36:28.872+0000] {logging_mixin.py:188} INFO - [2023-12-19T14:36:28.872+0000] {dag.py:3820} INFO - Setting next_dagrun for latest_only_with_trigger to 2023-12-19T08:00:00+00:00, run_after=2023-12-19T12:00:00+00:00
[2023-12-19T14:36:28.893+0000] {processor.py:183} INFO - Processing /home/airflow/.local/lib/python3.8/site-packages/airflow/example_dags/example_latest_only_with_trigger.py took 0.090 seconds
[2023-12-19T14:36:59.582+0000] {processor.py:161} INFO - Started process (PID=1304) to work on /home/airflow/.local/lib/python3.8/site-packages/airflow/example_dags/example_latest_only_with_trigger.py
[2023-12-19T14:36:59.584+0000] {processor.py:830} INFO - Processing file /home/airflow/.local/lib/python3.8/site-packages/airflow/example_dags/example_latest_only_with_trigger.py for tasks to queue
[2023-12-19T14:36:59.588+0000] {logging_mixin.py:188} INFO - [2023-12-19T14:36:59.587+0000] {dagbag.py:538} INFO - Filling up the DagBag from /home/airflow/.local/lib/python3.8/site-packages/airflow/example_dags/example_latest_only_with_trigger.py
[2023-12-19T14:36:59.598+0000] {processor.py:840} INFO - DAG(s) 'latest_only_with_trigger' retrieved from /home/airflow/.local/lib/python3.8/site-packages/airflow/example_dags/example_latest_only_with_trigger.py
[2023-12-19T14:36:59.633+0000] {logging_mixin.py:188} INFO - [2023-12-19T14:36:59.633+0000] {dag.py:3033} INFO - Sync 1 DAGs
[2023-12-19T14:36:59.701+0000] {logging_mixin.py:188} INFO - [2023-12-19T14:36:59.700+0000] {dag.py:3820} INFO - Setting next_dagrun for latest_only_with_trigger to 2023-12-19T08:00:00+00:00, run_after=2023-12-19T12:00:00+00:00
[2023-12-19T14:36:59.820+0000] {processor.py:183} INFO - Processing /home/airflow/.local/lib/python3.8/site-packages/airflow/example_dags/example_latest_only_with_trigger.py took 0.243 seconds
