[2023-12-19T14:14:12.172+0000] {processor.py:161} INFO - Started process (PID=70) to work on /home/airflow/.local/lib/python3.8/site-packages/airflow/example_dags/example_branch_operator.py
[2023-12-19T14:14:12.175+0000] {processor.py:830} INFO - Processing file /home/airflow/.local/lib/python3.8/site-packages/airflow/example_dags/example_branch_operator.py for tasks to queue
[2023-12-19T14:14:12.192+0000] {logging_mixin.py:188} INFO - [2023-12-19T14:14:12.184+0000] {dagbag.py:538} INFO - Filling up the DagBag from /home/airflow/.local/lib/python3.8/site-packages/airflow/example_dags/example_branch_operator.py
[2023-12-19T14:14:12.360+0000] {processor.py:840} INFO - DAG(s) 'example_branch_operator' retrieved from /home/airflow/.local/lib/python3.8/site-packages/airflow/example_dags/example_branch_operator.py
[2023-12-19T14:14:12.757+0000] {logging_mixin.py:188} INFO - [2023-12-19T14:14:12.756+0000] {dag.py:3033} INFO - Sync 1 DAGs
[2023-12-19T14:14:12.803+0000] {logging_mixin.py:188} INFO - [2023-12-19T14:14:12.802+0000] {dag.py:3820} INFO - Setting next_dagrun for example_branch_operator to 2023-12-18T00:00:00+00:00, run_after=2023-12-19T00:00:00+00:00
[2023-12-19T14:14:13.100+0000] {processor.py:183} INFO - Processing /home/airflow/.local/lib/python3.8/site-packages/airflow/example_dags/example_branch_operator.py took 0.951 seconds
[2023-12-19T14:14:43.525+0000] {processor.py:161} INFO - Started process (PID=125) to work on /home/airflow/.local/lib/python3.8/site-packages/airflow/example_dags/example_branch_operator.py
[2023-12-19T14:14:43.526+0000] {processor.py:830} INFO - Processing file /home/airflow/.local/lib/python3.8/site-packages/airflow/example_dags/example_branch_operator.py for tasks to queue
[2023-12-19T14:14:43.531+0000] {logging_mixin.py:188} INFO - [2023-12-19T14:14:43.530+0000] {dagbag.py:538} INFO - Filling up the DagBag from /home/airflow/.local/lib/python3.8/site-packages/airflow/example_dags/example_branch_operator.py
[2023-12-19T14:14:43.568+0000] {processor.py:840} INFO - DAG(s) 'example_branch_operator' retrieved from /home/airflow/.local/lib/python3.8/site-packages/airflow/example_dags/example_branch_operator.py
[2023-12-19T14:14:43.638+0000] {logging_mixin.py:188} INFO - [2023-12-19T14:14:43.638+0000] {dag.py:3033} INFO - Sync 1 DAGs
[2023-12-19T14:14:43.696+0000] {logging_mixin.py:188} INFO - [2023-12-19T14:14:43.696+0000] {dag.py:3820} INFO - Setting next_dagrun for example_branch_operator to 2023-12-18T00:00:00+00:00, run_after=2023-12-19T00:00:00+00:00
[2023-12-19T14:14:43.735+0000] {processor.py:183} INFO - Processing /home/airflow/.local/lib/python3.8/site-packages/airflow/example_dags/example_branch_operator.py took 0.217 seconds
[2023-12-19T14:15:34.168+0000] {processor.py:161} INFO - Started process (PID=181) to work on /home/airflow/.local/lib/python3.8/site-packages/airflow/example_dags/example_branch_operator.py
[2023-12-19T14:15:34.249+0000] {processor.py:830} INFO - Processing file /home/airflow/.local/lib/python3.8/site-packages/airflow/example_dags/example_branch_operator.py for tasks to queue
[2023-12-19T14:15:34.321+0000] {logging_mixin.py:188} INFO - [2023-12-19T14:15:34.275+0000] {dagbag.py:538} INFO - Filling up the DagBag from /home/airflow/.local/lib/python3.8/site-packages/airflow/example_dags/example_branch_operator.py
[2023-12-19T14:15:35.194+0000] {processor.py:840} INFO - DAG(s) 'example_branch_operator' retrieved from /home/airflow/.local/lib/python3.8/site-packages/airflow/example_dags/example_branch_operator.py
[2023-12-19T14:15:36.506+0000] {logging_mixin.py:188} INFO - [2023-12-19T14:15:36.506+0000] {dag.py:3033} INFO - Sync 1 DAGs
[2023-12-19T14:15:37.396+0000] {logging_mixin.py:188} INFO - [2023-12-19T14:15:37.396+0000] {dag.py:3820} INFO - Setting next_dagrun for example_branch_operator to 2023-12-18T00:00:00+00:00, run_after=2023-12-19T00:00:00+00:00
[2023-12-19T14:15:38.479+0000] {processor.py:183} INFO - Processing /home/airflow/.local/lib/python3.8/site-packages/airflow/example_dags/example_branch_operator.py took 4.534 seconds
[2023-12-19T14:18:39.667+0000] {processor.py:161} INFO - Started process (PID=62) to work on /home/airflow/.local/lib/python3.8/site-packages/airflow/example_dags/example_branch_operator.py
[2023-12-19T14:18:39.682+0000] {processor.py:830} INFO - Processing file /home/airflow/.local/lib/python3.8/site-packages/airflow/example_dags/example_branch_operator.py for tasks to queue
[2023-12-19T14:18:39.696+0000] {logging_mixin.py:188} INFO - [2023-12-19T14:18:39.696+0000] {dagbag.py:538} INFO - Filling up the DagBag from /home/airflow/.local/lib/python3.8/site-packages/airflow/example_dags/example_branch_operator.py
[2023-12-19T14:18:39.865+0000] {processor.py:840} INFO - DAG(s) 'example_branch_operator' retrieved from /home/airflow/.local/lib/python3.8/site-packages/airflow/example_dags/example_branch_operator.py
[2023-12-19T14:18:40.853+0000] {logging_mixin.py:188} INFO - [2023-12-19T14:18:40.852+0000] {dag.py:3033} INFO - Sync 1 DAGs
[2023-12-19T14:18:41.149+0000] {logging_mixin.py:188} INFO - [2023-12-19T14:18:41.148+0000] {dag.py:3820} INFO - Setting next_dagrun for example_branch_operator to 2023-12-18T00:00:00+00:00, run_after=2023-12-19T00:00:00+00:00
[2023-12-19T14:18:41.444+0000] {processor.py:183} INFO - Processing /home/airflow/.local/lib/python3.8/site-packages/airflow/example_dags/example_branch_operator.py took 1.807 seconds
[2023-12-19T14:19:12.273+0000] {processor.py:161} INFO - Started process (PID=118) to work on /home/airflow/.local/lib/python3.8/site-packages/airflow/example_dags/example_branch_operator.py
[2023-12-19T14:19:12.288+0000] {processor.py:830} INFO - Processing file /home/airflow/.local/lib/python3.8/site-packages/airflow/example_dags/example_branch_operator.py for tasks to queue
[2023-12-19T14:19:12.293+0000] {logging_mixin.py:188} INFO - [2023-12-19T14:19:12.293+0000] {dagbag.py:538} INFO - Filling up the DagBag from /home/airflow/.local/lib/python3.8/site-packages/airflow/example_dags/example_branch_operator.py
[2023-12-19T14:19:12.549+0000] {processor.py:840} INFO - DAG(s) 'example_branch_operator' retrieved from /home/airflow/.local/lib/python3.8/site-packages/airflow/example_dags/example_branch_operator.py
[2023-12-19T14:19:12.792+0000] {logging_mixin.py:188} INFO - [2023-12-19T14:19:12.792+0000] {dag.py:3033} INFO - Sync 1 DAGs
[2023-12-19T14:19:12.988+0000] {logging_mixin.py:188} INFO - [2023-12-19T14:19:12.987+0000] {dag.py:3820} INFO - Setting next_dagrun for example_branch_operator to 2023-12-18T00:00:00+00:00, run_after=2023-12-19T00:00:00+00:00
[2023-12-19T14:19:13.160+0000] {processor.py:183} INFO - Processing /home/airflow/.local/lib/python3.8/site-packages/airflow/example_dags/example_branch_operator.py took 0.917 seconds
[2023-12-19T14:19:43.646+0000] {processor.py:161} INFO - Started process (PID=173) to work on /home/airflow/.local/lib/python3.8/site-packages/airflow/example_dags/example_branch_operator.py
[2023-12-19T14:19:43.655+0000] {processor.py:830} INFO - Processing file /home/airflow/.local/lib/python3.8/site-packages/airflow/example_dags/example_branch_operator.py for tasks to queue
[2023-12-19T14:19:43.669+0000] {logging_mixin.py:188} INFO - [2023-12-19T14:19:43.668+0000] {dagbag.py:538} INFO - Filling up the DagBag from /home/airflow/.local/lib/python3.8/site-packages/airflow/example_dags/example_branch_operator.py
[2023-12-19T14:19:43.802+0000] {processor.py:840} INFO - DAG(s) 'example_branch_operator' retrieved from /home/airflow/.local/lib/python3.8/site-packages/airflow/example_dags/example_branch_operator.py
[2023-12-19T14:19:43.915+0000] {logging_mixin.py:188} INFO - [2023-12-19T14:19:43.914+0000] {dag.py:3033} INFO - Sync 1 DAGs
[2023-12-19T14:19:43.978+0000] {logging_mixin.py:188} INFO - [2023-12-19T14:19:43.978+0000] {dag.py:3820} INFO - Setting next_dagrun for example_branch_operator to 2023-12-18T00:00:00+00:00, run_after=2023-12-19T00:00:00+00:00
[2023-12-19T14:19:44.045+0000] {processor.py:183} INFO - Processing /home/airflow/.local/lib/python3.8/site-packages/airflow/example_dags/example_branch_operator.py took 0.436 seconds
[2023-12-19T14:20:14.296+0000] {processor.py:161} INFO - Started process (PID=228) to work on /home/airflow/.local/lib/python3.8/site-packages/airflow/example_dags/example_branch_operator.py
[2023-12-19T14:20:14.298+0000] {processor.py:830} INFO - Processing file /home/airflow/.local/lib/python3.8/site-packages/airflow/example_dags/example_branch_operator.py for tasks to queue
[2023-12-19T14:20:14.302+0000] {logging_mixin.py:188} INFO - [2023-12-19T14:20:14.301+0000] {dagbag.py:538} INFO - Filling up the DagBag from /home/airflow/.local/lib/python3.8/site-packages/airflow/example_dags/example_branch_operator.py
[2023-12-19T14:20:14.331+0000] {processor.py:840} INFO - DAG(s) 'example_branch_operator' retrieved from /home/airflow/.local/lib/python3.8/site-packages/airflow/example_dags/example_branch_operator.py
[2023-12-19T14:20:14.383+0000] {logging_mixin.py:188} INFO - [2023-12-19T14:20:14.383+0000] {dag.py:3033} INFO - Sync 1 DAGs
[2023-12-19T14:20:14.427+0000] {logging_mixin.py:188} INFO - [2023-12-19T14:20:14.426+0000] {dag.py:3820} INFO - Setting next_dagrun for example_branch_operator to 2023-12-18T00:00:00+00:00, run_after=2023-12-19T00:00:00+00:00
[2023-12-19T14:20:14.470+0000] {processor.py:183} INFO - Processing /home/airflow/.local/lib/python3.8/site-packages/airflow/example_dags/example_branch_operator.py took 0.179 seconds
[2023-12-19T14:20:44.708+0000] {processor.py:161} INFO - Started process (PID=284) to work on /home/airflow/.local/lib/python3.8/site-packages/airflow/example_dags/example_branch_operator.py
[2023-12-19T14:20:44.720+0000] {processor.py:830} INFO - Processing file /home/airflow/.local/lib/python3.8/site-packages/airflow/example_dags/example_branch_operator.py for tasks to queue
[2023-12-19T14:20:44.736+0000] {logging_mixin.py:188} INFO - [2023-12-19T14:20:44.735+0000] {dagbag.py:538} INFO - Filling up the DagBag from /home/airflow/.local/lib/python3.8/site-packages/airflow/example_dags/example_branch_operator.py
[2023-12-19T14:20:44.822+0000] {processor.py:840} INFO - DAG(s) 'example_branch_operator' retrieved from /home/airflow/.local/lib/python3.8/site-packages/airflow/example_dags/example_branch_operator.py
[2023-12-19T14:20:45.015+0000] {logging_mixin.py:188} INFO - [2023-12-19T14:20:45.014+0000] {dag.py:3033} INFO - Sync 1 DAGs
[2023-12-19T14:20:45.104+0000] {logging_mixin.py:188} INFO - [2023-12-19T14:20:45.103+0000] {dag.py:3820} INFO - Setting next_dagrun for example_branch_operator to 2023-12-18T00:00:00+00:00, run_after=2023-12-19T00:00:00+00:00
[2023-12-19T14:20:45.163+0000] {processor.py:183} INFO - Processing /home/airflow/.local/lib/python3.8/site-packages/airflow/example_dags/example_branch_operator.py took 0.463 seconds
[2023-12-19T14:21:15.918+0000] {processor.py:161} INFO - Started process (PID=338) to work on /home/airflow/.local/lib/python3.8/site-packages/airflow/example_dags/example_branch_operator.py
[2023-12-19T14:21:15.920+0000] {processor.py:830} INFO - Processing file /home/airflow/.local/lib/python3.8/site-packages/airflow/example_dags/example_branch_operator.py for tasks to queue
[2023-12-19T14:21:15.929+0000] {logging_mixin.py:188} INFO - [2023-12-19T14:21:15.928+0000] {dagbag.py:538} INFO - Filling up the DagBag from /home/airflow/.local/lib/python3.8/site-packages/airflow/example_dags/example_branch_operator.py
[2023-12-19T14:21:16.079+0000] {processor.py:840} INFO - DAG(s) 'example_branch_operator' retrieved from /home/airflow/.local/lib/python3.8/site-packages/airflow/example_dags/example_branch_operator.py
[2023-12-19T14:21:16.227+0000] {logging_mixin.py:188} INFO - [2023-12-19T14:21:16.226+0000] {dag.py:3033} INFO - Sync 1 DAGs
[2023-12-19T14:21:16.395+0000] {logging_mixin.py:188} INFO - [2023-12-19T14:21:16.394+0000] {dag.py:3820} INFO - Setting next_dagrun for example_branch_operator to 2023-12-18T00:00:00+00:00, run_after=2023-12-19T00:00:00+00:00
[2023-12-19T14:21:16.514+0000] {processor.py:183} INFO - Processing /home/airflow/.local/lib/python3.8/site-packages/airflow/example_dags/example_branch_operator.py took 0.610 seconds
[2023-12-19T14:21:47.030+0000] {processor.py:161} INFO - Started process (PID=393) to work on /home/airflow/.local/lib/python3.8/site-packages/airflow/example_dags/example_branch_operator.py
[2023-12-19T14:21:47.034+0000] {processor.py:830} INFO - Processing file /home/airflow/.local/lib/python3.8/site-packages/airflow/example_dags/example_branch_operator.py for tasks to queue
[2023-12-19T14:21:47.041+0000] {logging_mixin.py:188} INFO - [2023-12-19T14:21:47.041+0000] {dagbag.py:538} INFO - Filling up the DagBag from /home/airflow/.local/lib/python3.8/site-packages/airflow/example_dags/example_branch_operator.py
[2023-12-19T14:21:47.136+0000] {processor.py:840} INFO - DAG(s) 'example_branch_operator' retrieved from /home/airflow/.local/lib/python3.8/site-packages/airflow/example_dags/example_branch_operator.py
[2023-12-19T14:21:47.240+0000] {logging_mixin.py:188} INFO - [2023-12-19T14:21:47.239+0000] {dag.py:3033} INFO - Sync 1 DAGs
[2023-12-19T14:21:47.350+0000] {logging_mixin.py:188} INFO - [2023-12-19T14:21:47.349+0000] {dag.py:3820} INFO - Setting next_dagrun for example_branch_operator to 2023-12-18T00:00:00+00:00, run_after=2023-12-19T00:00:00+00:00
[2023-12-19T14:21:47.449+0000] {processor.py:183} INFO - Processing /home/airflow/.local/lib/python3.8/site-packages/airflow/example_dags/example_branch_operator.py took 0.427 seconds
[2023-12-19T14:22:17.750+0000] {processor.py:161} INFO - Started process (PID=448) to work on /home/airflow/.local/lib/python3.8/site-packages/airflow/example_dags/example_branch_operator.py
[2023-12-19T14:22:17.752+0000] {processor.py:830} INFO - Processing file /home/airflow/.local/lib/python3.8/site-packages/airflow/example_dags/example_branch_operator.py for tasks to queue
[2023-12-19T14:22:17.756+0000] {logging_mixin.py:188} INFO - [2023-12-19T14:22:17.756+0000] {dagbag.py:538} INFO - Filling up the DagBag from /home/airflow/.local/lib/python3.8/site-packages/airflow/example_dags/example_branch_operator.py
[2023-12-19T14:22:17.805+0000] {processor.py:840} INFO - DAG(s) 'example_branch_operator' retrieved from /home/airflow/.local/lib/python3.8/site-packages/airflow/example_dags/example_branch_operator.py
[2023-12-19T14:22:17.965+0000] {logging_mixin.py:188} INFO - [2023-12-19T14:22:17.965+0000] {dag.py:3033} INFO - Sync 1 DAGs
[2023-12-19T14:22:18.050+0000] {logging_mixin.py:188} INFO - [2023-12-19T14:22:18.049+0000] {dag.py:3820} INFO - Setting next_dagrun for example_branch_operator to 2023-12-18T00:00:00+00:00, run_after=2023-12-19T00:00:00+00:00
[2023-12-19T14:22:18.119+0000] {processor.py:183} INFO - Processing /home/airflow/.local/lib/python3.8/site-packages/airflow/example_dags/example_branch_operator.py took 0.376 seconds
[2023-12-19T14:23:33.268+0000] {processor.py:161} INFO - Started process (PID=62) to work on /home/airflow/.local/lib/python3.8/site-packages/airflow/example_dags/example_branch_operator.py
[2023-12-19T14:23:33.271+0000] {processor.py:830} INFO - Processing file /home/airflow/.local/lib/python3.8/site-packages/airflow/example_dags/example_branch_operator.py for tasks to queue
[2023-12-19T14:23:33.276+0000] {logging_mixin.py:188} INFO - [2023-12-19T14:23:33.275+0000] {dagbag.py:538} INFO - Filling up the DagBag from /home/airflow/.local/lib/python3.8/site-packages/airflow/example_dags/example_branch_operator.py
[2023-12-19T14:23:33.323+0000] {processor.py:840} INFO - DAG(s) 'example_branch_operator' retrieved from /home/airflow/.local/lib/python3.8/site-packages/airflow/example_dags/example_branch_operator.py
[2023-12-19T14:23:33.636+0000] {logging_mixin.py:188} INFO - [2023-12-19T14:23:33.635+0000] {dag.py:3033} INFO - Sync 1 DAGs
[2023-12-19T14:23:33.706+0000] {logging_mixin.py:188} INFO - [2023-12-19T14:23:33.705+0000] {dag.py:3820} INFO - Setting next_dagrun for example_branch_operator to 2023-12-18T00:00:00+00:00, run_after=2023-12-19T00:00:00+00:00
[2023-12-19T14:23:33.759+0000] {processor.py:183} INFO - Processing /home/airflow/.local/lib/python3.8/site-packages/airflow/example_dags/example_branch_operator.py took 0.504 seconds
[2023-12-19T14:25:27.756+0000] {processor.py:161} INFO - Started process (PID=68) to work on /home/airflow/.local/lib/python3.8/site-packages/airflow/example_dags/example_branch_operator.py
[2023-12-19T14:25:27.769+0000] {processor.py:830} INFO - Processing file /home/airflow/.local/lib/python3.8/site-packages/airflow/example_dags/example_branch_operator.py for tasks to queue
[2023-12-19T14:25:27.788+0000] {logging_mixin.py:188} INFO - [2023-12-19T14:25:27.787+0000] {dagbag.py:538} INFO - Filling up the DagBag from /home/airflow/.local/lib/python3.8/site-packages/airflow/example_dags/example_branch_operator.py
[2023-12-19T14:25:27.892+0000] {processor.py:840} INFO - DAG(s) 'example_branch_operator' retrieved from /home/airflow/.local/lib/python3.8/site-packages/airflow/example_dags/example_branch_operator.py
[2023-12-19T14:25:28.339+0000] {logging_mixin.py:188} INFO - [2023-12-19T14:25:28.339+0000] {dag.py:3033} INFO - Sync 1 DAGs
[2023-12-19T14:25:28.545+0000] {logging_mixin.py:188} INFO - [2023-12-19T14:25:28.544+0000] {dag.py:3820} INFO - Setting next_dagrun for example_branch_operator to 2023-12-18T00:00:00+00:00, run_after=2023-12-19T00:00:00+00:00
[2023-12-19T14:25:28.625+0000] {processor.py:183} INFO - Processing /home/airflow/.local/lib/python3.8/site-packages/airflow/example_dags/example_branch_operator.py took 0.879 seconds
[2023-12-19T14:25:59.021+0000] {processor.py:161} INFO - Started process (PID=123) to work on /home/airflow/.local/lib/python3.8/site-packages/airflow/example_dags/example_branch_operator.py
[2023-12-19T14:25:59.023+0000] {processor.py:830} INFO - Processing file /home/airflow/.local/lib/python3.8/site-packages/airflow/example_dags/example_branch_operator.py for tasks to queue
[2023-12-19T14:25:59.029+0000] {logging_mixin.py:188} INFO - [2023-12-19T14:25:59.028+0000] {dagbag.py:538} INFO - Filling up the DagBag from /home/airflow/.local/lib/python3.8/site-packages/airflow/example_dags/example_branch_operator.py
[2023-12-19T14:25:59.080+0000] {processor.py:840} INFO - DAG(s) 'example_branch_operator' retrieved from /home/airflow/.local/lib/python3.8/site-packages/airflow/example_dags/example_branch_operator.py
[2023-12-19T14:25:59.164+0000] {logging_mixin.py:188} INFO - [2023-12-19T14:25:59.163+0000] {dag.py:3033} INFO - Sync 1 DAGs
[2023-12-19T14:25:59.244+0000] {logging_mixin.py:188} INFO - [2023-12-19T14:25:59.243+0000] {dag.py:3820} INFO - Setting next_dagrun for example_branch_operator to 2023-12-18T00:00:00+00:00, run_after=2023-12-19T00:00:00+00:00
[2023-12-19T14:25:59.319+0000] {processor.py:183} INFO - Processing /home/airflow/.local/lib/python3.8/site-packages/airflow/example_dags/example_branch_operator.py took 0.307 seconds
[2023-12-19T14:26:29.621+0000] {processor.py:161} INFO - Started process (PID=177) to work on /home/airflow/.local/lib/python3.8/site-packages/airflow/example_dags/example_branch_operator.py
[2023-12-19T14:26:29.622+0000] {processor.py:830} INFO - Processing file /home/airflow/.local/lib/python3.8/site-packages/airflow/example_dags/example_branch_operator.py for tasks to queue
[2023-12-19T14:26:29.626+0000] {logging_mixin.py:188} INFO - [2023-12-19T14:26:29.626+0000] {dagbag.py:538} INFO - Filling up the DagBag from /home/airflow/.local/lib/python3.8/site-packages/airflow/example_dags/example_branch_operator.py
[2023-12-19T14:26:29.659+0000] {processor.py:840} INFO - DAG(s) 'example_branch_operator' retrieved from /home/airflow/.local/lib/python3.8/site-packages/airflow/example_dags/example_branch_operator.py
[2023-12-19T14:26:29.710+0000] {logging_mixin.py:188} INFO - [2023-12-19T14:26:29.710+0000] {dag.py:3033} INFO - Sync 1 DAGs
[2023-12-19T14:26:29.759+0000] {logging_mixin.py:188} INFO - [2023-12-19T14:26:29.759+0000] {dag.py:3820} INFO - Setting next_dagrun for example_branch_operator to 2023-12-18T00:00:00+00:00, run_after=2023-12-19T00:00:00+00:00
[2023-12-19T14:26:29.797+0000] {processor.py:183} INFO - Processing /home/airflow/.local/lib/python3.8/site-packages/airflow/example_dags/example_branch_operator.py took 0.183 seconds
[2023-12-19T14:27:00.040+0000] {processor.py:161} INFO - Started process (PID=232) to work on /home/airflow/.local/lib/python3.8/site-packages/airflow/example_dags/example_branch_operator.py
[2023-12-19T14:27:00.041+0000] {processor.py:830} INFO - Processing file /home/airflow/.local/lib/python3.8/site-packages/airflow/example_dags/example_branch_operator.py for tasks to queue
[2023-12-19T14:27:00.046+0000] {logging_mixin.py:188} INFO - [2023-12-19T14:27:00.045+0000] {dagbag.py:538} INFO - Filling up the DagBag from /home/airflow/.local/lib/python3.8/site-packages/airflow/example_dags/example_branch_operator.py
[2023-12-19T14:27:00.084+0000] {processor.py:840} INFO - DAG(s) 'example_branch_operator' retrieved from /home/airflow/.local/lib/python3.8/site-packages/airflow/example_dags/example_branch_operator.py
[2023-12-19T14:27:00.141+0000] {logging_mixin.py:188} INFO - [2023-12-19T14:27:00.141+0000] {dag.py:3033} INFO - Sync 1 DAGs
[2023-12-19T14:27:00.188+0000] {logging_mixin.py:188} INFO - [2023-12-19T14:27:00.188+0000] {dag.py:3820} INFO - Setting next_dagrun for example_branch_operator to 2023-12-18T00:00:00+00:00, run_after=2023-12-19T00:00:00+00:00
[2023-12-19T14:27:00.228+0000] {processor.py:183} INFO - Processing /home/airflow/.local/lib/python3.8/site-packages/airflow/example_dags/example_branch_operator.py took 0.195 seconds
[2023-12-19T14:27:30.387+0000] {processor.py:161} INFO - Started process (PID=287) to work on /home/airflow/.local/lib/python3.8/site-packages/airflow/example_dags/example_branch_operator.py
[2023-12-19T14:27:30.389+0000] {processor.py:830} INFO - Processing file /home/airflow/.local/lib/python3.8/site-packages/airflow/example_dags/example_branch_operator.py for tasks to queue
[2023-12-19T14:27:30.392+0000] {logging_mixin.py:188} INFO - [2023-12-19T14:27:30.392+0000] {dagbag.py:538} INFO - Filling up the DagBag from /home/airflow/.local/lib/python3.8/site-packages/airflow/example_dags/example_branch_operator.py
[2023-12-19T14:27:30.421+0000] {processor.py:840} INFO - DAG(s) 'example_branch_operator' retrieved from /home/airflow/.local/lib/python3.8/site-packages/airflow/example_dags/example_branch_operator.py
[2023-12-19T14:27:30.469+0000] {logging_mixin.py:188} INFO - [2023-12-19T14:27:30.469+0000] {dag.py:3033} INFO - Sync 1 DAGs
[2023-12-19T14:27:30.513+0000] {logging_mixin.py:188} INFO - [2023-12-19T14:27:30.513+0000] {dag.py:3820} INFO - Setting next_dagrun for example_branch_operator to 2023-12-18T00:00:00+00:00, run_after=2023-12-19T00:00:00+00:00
[2023-12-19T14:27:30.548+0000] {processor.py:183} INFO - Processing /home/airflow/.local/lib/python3.8/site-packages/airflow/example_dags/example_branch_operator.py took 0.168 seconds
[2023-12-19T14:28:00.706+0000] {processor.py:161} INFO - Started process (PID=342) to work on /home/airflow/.local/lib/python3.8/site-packages/airflow/example_dags/example_branch_operator.py
[2023-12-19T14:28:00.708+0000] {processor.py:830} INFO - Processing file /home/airflow/.local/lib/python3.8/site-packages/airflow/example_dags/example_branch_operator.py for tasks to queue
[2023-12-19T14:28:00.712+0000] {logging_mixin.py:188} INFO - [2023-12-19T14:28:00.712+0000] {dagbag.py:538} INFO - Filling up the DagBag from /home/airflow/.local/lib/python3.8/site-packages/airflow/example_dags/example_branch_operator.py
[2023-12-19T14:28:00.745+0000] {processor.py:840} INFO - DAG(s) 'example_branch_operator' retrieved from /home/airflow/.local/lib/python3.8/site-packages/airflow/example_dags/example_branch_operator.py
[2023-12-19T14:28:00.803+0000] {logging_mixin.py:188} INFO - [2023-12-19T14:28:00.802+0000] {dag.py:3033} INFO - Sync 1 DAGs
[2023-12-19T14:28:00.848+0000] {logging_mixin.py:188} INFO - [2023-12-19T14:28:00.847+0000] {dag.py:3820} INFO - Setting next_dagrun for example_branch_operator to 2023-12-18T00:00:00+00:00, run_after=2023-12-19T00:00:00+00:00
[2023-12-19T14:28:00.892+0000] {processor.py:183} INFO - Processing /home/airflow/.local/lib/python3.8/site-packages/airflow/example_dags/example_branch_operator.py took 0.194 seconds
[2023-12-19T14:28:31.107+0000] {processor.py:161} INFO - Started process (PID=397) to work on /home/airflow/.local/lib/python3.8/site-packages/airflow/example_dags/example_branch_operator.py
[2023-12-19T14:28:31.110+0000] {processor.py:830} INFO - Processing file /home/airflow/.local/lib/python3.8/site-packages/airflow/example_dags/example_branch_operator.py for tasks to queue
[2023-12-19T14:28:31.115+0000] {logging_mixin.py:188} INFO - [2023-12-19T14:28:31.114+0000] {dagbag.py:538} INFO - Filling up the DagBag from /home/airflow/.local/lib/python3.8/site-packages/airflow/example_dags/example_branch_operator.py
[2023-12-19T14:28:31.161+0000] {processor.py:840} INFO - DAG(s) 'example_branch_operator' retrieved from /home/airflow/.local/lib/python3.8/site-packages/airflow/example_dags/example_branch_operator.py
[2023-12-19T14:28:31.256+0000] {logging_mixin.py:188} INFO - [2023-12-19T14:28:31.256+0000] {dag.py:3033} INFO - Sync 1 DAGs
[2023-12-19T14:28:31.381+0000] {logging_mixin.py:188} INFO - [2023-12-19T14:28:31.381+0000] {dag.py:3820} INFO - Setting next_dagrun for example_branch_operator to 2023-12-18T00:00:00+00:00, run_after=2023-12-19T00:00:00+00:00
[2023-12-19T14:28:31.453+0000] {processor.py:183} INFO - Processing /home/airflow/.local/lib/python3.8/site-packages/airflow/example_dags/example_branch_operator.py took 0.353 seconds
[2023-12-19T14:29:01.957+0000] {processor.py:161} INFO - Started process (PID=452) to work on /home/airflow/.local/lib/python3.8/site-packages/airflow/example_dags/example_branch_operator.py
[2023-12-19T14:29:01.960+0000] {processor.py:830} INFO - Processing file /home/airflow/.local/lib/python3.8/site-packages/airflow/example_dags/example_branch_operator.py for tasks to queue
[2023-12-19T14:29:01.965+0000] {logging_mixin.py:188} INFO - [2023-12-19T14:29:01.964+0000] {dagbag.py:538} INFO - Filling up the DagBag from /home/airflow/.local/lib/python3.8/site-packages/airflow/example_dags/example_branch_operator.py
[2023-12-19T14:29:02.020+0000] {processor.py:840} INFO - DAG(s) 'example_branch_operator' retrieved from /home/airflow/.local/lib/python3.8/site-packages/airflow/example_dags/example_branch_operator.py
[2023-12-19T14:29:02.107+0000] {logging_mixin.py:188} INFO - [2023-12-19T14:29:02.106+0000] {dag.py:3033} INFO - Sync 1 DAGs
[2023-12-19T14:29:02.316+0000] {logging_mixin.py:188} INFO - [2023-12-19T14:29:02.316+0000] {dag.py:3820} INFO - Setting next_dagrun for example_branch_operator to 2023-12-18T00:00:00+00:00, run_after=2023-12-19T00:00:00+00:00
[2023-12-19T14:29:02.498+0000] {processor.py:183} INFO - Processing /home/airflow/.local/lib/python3.8/site-packages/airflow/example_dags/example_branch_operator.py took 0.548 seconds
[2023-12-19T14:29:33.013+0000] {processor.py:161} INFO - Started process (PID=507) to work on /home/airflow/.local/lib/python3.8/site-packages/airflow/example_dags/example_branch_operator.py
[2023-12-19T14:29:33.015+0000] {processor.py:830} INFO - Processing file /home/airflow/.local/lib/python3.8/site-packages/airflow/example_dags/example_branch_operator.py for tasks to queue
[2023-12-19T14:29:33.019+0000] {logging_mixin.py:188} INFO - [2023-12-19T14:29:33.018+0000] {dagbag.py:538} INFO - Filling up the DagBag from /home/airflow/.local/lib/python3.8/site-packages/airflow/example_dags/example_branch_operator.py
[2023-12-19T14:29:33.063+0000] {processor.py:840} INFO - DAG(s) 'example_branch_operator' retrieved from /home/airflow/.local/lib/python3.8/site-packages/airflow/example_dags/example_branch_operator.py
[2023-12-19T14:29:33.179+0000] {logging_mixin.py:188} INFO - [2023-12-19T14:29:33.178+0000] {dag.py:3033} INFO - Sync 1 DAGs
[2023-12-19T14:29:33.242+0000] {logging_mixin.py:188} INFO - [2023-12-19T14:29:33.241+0000] {dag.py:3820} INFO - Setting next_dagrun for example_branch_operator to 2023-12-18T00:00:00+00:00, run_after=2023-12-19T00:00:00+00:00
[2023-12-19T14:29:33.300+0000] {processor.py:183} INFO - Processing /home/airflow/.local/lib/python3.8/site-packages/airflow/example_dags/example_branch_operator.py took 0.292 seconds
[2023-12-19T14:30:03.475+0000] {processor.py:161} INFO - Started process (PID=562) to work on /home/airflow/.local/lib/python3.8/site-packages/airflow/example_dags/example_branch_operator.py
[2023-12-19T14:30:03.479+0000] {processor.py:830} INFO - Processing file /home/airflow/.local/lib/python3.8/site-packages/airflow/example_dags/example_branch_operator.py for tasks to queue
[2023-12-19T14:30:03.491+0000] {logging_mixin.py:188} INFO - [2023-12-19T14:30:03.490+0000] {dagbag.py:538} INFO - Filling up the DagBag from /home/airflow/.local/lib/python3.8/site-packages/airflow/example_dags/example_branch_operator.py
[2023-12-19T14:30:03.548+0000] {processor.py:840} INFO - DAG(s) 'example_branch_operator' retrieved from /home/airflow/.local/lib/python3.8/site-packages/airflow/example_dags/example_branch_operator.py
[2023-12-19T14:30:03.634+0000] {logging_mixin.py:188} INFO - [2023-12-19T14:30:03.634+0000] {dag.py:3033} INFO - Sync 1 DAGs
[2023-12-19T14:30:03.703+0000] {logging_mixin.py:188} INFO - [2023-12-19T14:30:03.703+0000] {dag.py:3820} INFO - Setting next_dagrun for example_branch_operator to 2023-12-18T00:00:00+00:00, run_after=2023-12-19T00:00:00+00:00
[2023-12-19T14:30:03.775+0000] {processor.py:183} INFO - Processing /home/airflow/.local/lib/python3.8/site-packages/airflow/example_dags/example_branch_operator.py took 0.309 seconds
[2023-12-19T14:30:34.232+0000] {processor.py:161} INFO - Started process (PID=617) to work on /home/airflow/.local/lib/python3.8/site-packages/airflow/example_dags/example_branch_operator.py
[2023-12-19T14:30:34.234+0000] {processor.py:830} INFO - Processing file /home/airflow/.local/lib/python3.8/site-packages/airflow/example_dags/example_branch_operator.py for tasks to queue
[2023-12-19T14:30:34.243+0000] {logging_mixin.py:188} INFO - [2023-12-19T14:30:34.242+0000] {dagbag.py:538} INFO - Filling up the DagBag from /home/airflow/.local/lib/python3.8/site-packages/airflow/example_dags/example_branch_operator.py
[2023-12-19T14:30:34.286+0000] {processor.py:840} INFO - DAG(s) 'example_branch_operator' retrieved from /home/airflow/.local/lib/python3.8/site-packages/airflow/example_dags/example_branch_operator.py
[2023-12-19T14:30:34.348+0000] {logging_mixin.py:188} INFO - [2023-12-19T14:30:34.348+0000] {dag.py:3033} INFO - Sync 1 DAGs
[2023-12-19T14:30:34.399+0000] {logging_mixin.py:188} INFO - [2023-12-19T14:30:34.399+0000] {dag.py:3820} INFO - Setting next_dagrun for example_branch_operator to 2023-12-18T00:00:00+00:00, run_after=2023-12-19T00:00:00+00:00
[2023-12-19T14:30:34.439+0000] {processor.py:183} INFO - Processing /home/airflow/.local/lib/python3.8/site-packages/airflow/example_dags/example_branch_operator.py took 0.220 seconds
[2023-12-19T14:31:05.405+0000] {processor.py:161} INFO - Started process (PID=672) to work on /home/airflow/.local/lib/python3.8/site-packages/airflow/example_dags/example_branch_operator.py
[2023-12-19T14:31:05.411+0000] {processor.py:830} INFO - Processing file /home/airflow/.local/lib/python3.8/site-packages/airflow/example_dags/example_branch_operator.py for tasks to queue
[2023-12-19T14:31:05.416+0000] {logging_mixin.py:188} INFO - [2023-12-19T14:31:05.415+0000] {dagbag.py:538} INFO - Filling up the DagBag from /home/airflow/.local/lib/python3.8/site-packages/airflow/example_dags/example_branch_operator.py
[2023-12-19T14:31:05.477+0000] {processor.py:840} INFO - DAG(s) 'example_branch_operator' retrieved from /home/airflow/.local/lib/python3.8/site-packages/airflow/example_dags/example_branch_operator.py
[2023-12-19T14:31:05.559+0000] {logging_mixin.py:188} INFO - [2023-12-19T14:31:05.558+0000] {dag.py:3033} INFO - Sync 1 DAGs
[2023-12-19T14:31:05.613+0000] {logging_mixin.py:188} INFO - [2023-12-19T14:31:05.613+0000] {dag.py:3820} INFO - Setting next_dagrun for example_branch_operator to 2023-12-18T00:00:00+00:00, run_after=2023-12-19T00:00:00+00:00
[2023-12-19T14:31:05.649+0000] {processor.py:183} INFO - Processing /home/airflow/.local/lib/python3.8/site-packages/airflow/example_dags/example_branch_operator.py took 0.256 seconds
[2023-12-19T14:31:36.076+0000] {processor.py:161} INFO - Started process (PID=726) to work on /home/airflow/.local/lib/python3.8/site-packages/airflow/example_dags/example_branch_operator.py
[2023-12-19T14:31:36.082+0000] {processor.py:830} INFO - Processing file /home/airflow/.local/lib/python3.8/site-packages/airflow/example_dags/example_branch_operator.py for tasks to queue
[2023-12-19T14:31:36.091+0000] {logging_mixin.py:188} INFO - [2023-12-19T14:31:36.089+0000] {dagbag.py:538} INFO - Filling up the DagBag from /home/airflow/.local/lib/python3.8/site-packages/airflow/example_dags/example_branch_operator.py
[2023-12-19T14:31:36.150+0000] {processor.py:840} INFO - DAG(s) 'example_branch_operator' retrieved from /home/airflow/.local/lib/python3.8/site-packages/airflow/example_dags/example_branch_operator.py
[2023-12-19T14:31:36.243+0000] {logging_mixin.py:188} INFO - [2023-12-19T14:31:36.243+0000] {dag.py:3033} INFO - Sync 1 DAGs
[2023-12-19T14:31:36.318+0000] {logging_mixin.py:188} INFO - [2023-12-19T14:31:36.317+0000] {dag.py:3820} INFO - Setting next_dagrun for example_branch_operator to 2023-12-18T00:00:00+00:00, run_after=2023-12-19T00:00:00+00:00
[2023-12-19T14:31:36.413+0000] {processor.py:183} INFO - Processing /home/airflow/.local/lib/python3.8/site-packages/airflow/example_dags/example_branch_operator.py took 0.344 seconds
[2023-12-19T14:32:08.632+0000] {processor.py:161} INFO - Started process (PID=786) to work on /home/airflow/.local/lib/python3.8/site-packages/airflow/example_dags/example_branch_operator.py
[2023-12-19T14:32:08.647+0000] {processor.py:830} INFO - Processing file /home/airflow/.local/lib/python3.8/site-packages/airflow/example_dags/example_branch_operator.py for tasks to queue
[2023-12-19T14:32:08.652+0000] {logging_mixin.py:188} INFO - [2023-12-19T14:32:08.651+0000] {dagbag.py:538} INFO - Filling up the DagBag from /home/airflow/.local/lib/python3.8/site-packages/airflow/example_dags/example_branch_operator.py
[2023-12-19T14:32:08.711+0000] {processor.py:840} INFO - DAG(s) 'example_branch_operator' retrieved from /home/airflow/.local/lib/python3.8/site-packages/airflow/example_dags/example_branch_operator.py
[2023-12-19T14:32:08.880+0000] {logging_mixin.py:188} INFO - [2023-12-19T14:32:08.879+0000] {dag.py:3033} INFO - Sync 1 DAGs
[2023-12-19T14:32:09.035+0000] {logging_mixin.py:188} INFO - [2023-12-19T14:32:09.034+0000] {dag.py:3820} INFO - Setting next_dagrun for example_branch_operator to 2023-12-18T00:00:00+00:00, run_after=2023-12-19T00:00:00+00:00
[2023-12-19T14:32:09.304+0000] {processor.py:183} INFO - Processing /home/airflow/.local/lib/python3.8/site-packages/airflow/example_dags/example_branch_operator.py took 0.703 seconds
[2023-12-19T14:32:39.532+0000] {processor.py:161} INFO - Started process (PID=841) to work on /home/airflow/.local/lib/python3.8/site-packages/airflow/example_dags/example_branch_operator.py
[2023-12-19T14:32:39.537+0000] {processor.py:830} INFO - Processing file /home/airflow/.local/lib/python3.8/site-packages/airflow/example_dags/example_branch_operator.py for tasks to queue
[2023-12-19T14:32:39.543+0000] {logging_mixin.py:188} INFO - [2023-12-19T14:32:39.542+0000] {dagbag.py:538} INFO - Filling up the DagBag from /home/airflow/.local/lib/python3.8/site-packages/airflow/example_dags/example_branch_operator.py
[2023-12-19T14:32:39.601+0000] {processor.py:840} INFO - DAG(s) 'example_branch_operator' retrieved from /home/airflow/.local/lib/python3.8/site-packages/airflow/example_dags/example_branch_operator.py
[2023-12-19T14:32:39.699+0000] {logging_mixin.py:188} INFO - [2023-12-19T14:32:39.698+0000] {dag.py:3033} INFO - Sync 1 DAGs
[2023-12-19T14:32:39.766+0000] {logging_mixin.py:188} INFO - [2023-12-19T14:32:39.765+0000] {dag.py:3820} INFO - Setting next_dagrun for example_branch_operator to 2023-12-18T00:00:00+00:00, run_after=2023-12-19T00:00:00+00:00
[2023-12-19T14:32:39.823+0000] {processor.py:183} INFO - Processing /home/airflow/.local/lib/python3.8/site-packages/airflow/example_dags/example_branch_operator.py took 0.298 seconds
[2023-12-19T14:33:10.924+0000] {processor.py:161} INFO - Started process (PID=896) to work on /home/airflow/.local/lib/python3.8/site-packages/airflow/example_dags/example_branch_operator.py
[2023-12-19T14:33:10.927+0000] {processor.py:830} INFO - Processing file /home/airflow/.local/lib/python3.8/site-packages/airflow/example_dags/example_branch_operator.py for tasks to queue
[2023-12-19T14:33:10.935+0000] {logging_mixin.py:188} INFO - [2023-12-19T14:33:10.931+0000] {dagbag.py:538} INFO - Filling up the DagBag from /home/airflow/.local/lib/python3.8/site-packages/airflow/example_dags/example_branch_operator.py
[2023-12-19T14:33:10.981+0000] {processor.py:840} INFO - DAG(s) 'example_branch_operator' retrieved from /home/airflow/.local/lib/python3.8/site-packages/airflow/example_dags/example_branch_operator.py
[2023-12-19T14:33:11.040+0000] {logging_mixin.py:188} INFO - [2023-12-19T14:33:11.040+0000] {dag.py:3033} INFO - Sync 1 DAGs
[2023-12-19T14:33:11.091+0000] {logging_mixin.py:188} INFO - [2023-12-19T14:33:11.091+0000] {dag.py:3820} INFO - Setting next_dagrun for example_branch_operator to 2023-12-18T00:00:00+00:00, run_after=2023-12-19T00:00:00+00:00
[2023-12-19T14:33:11.141+0000] {processor.py:183} INFO - Processing /home/airflow/.local/lib/python3.8/site-packages/airflow/example_dags/example_branch_operator.py took 0.224 seconds
[2023-12-19T14:33:42.023+0000] {processor.py:161} INFO - Started process (PID=951) to work on /home/airflow/.local/lib/python3.8/site-packages/airflow/example_dags/example_branch_operator.py
[2023-12-19T14:33:42.025+0000] {processor.py:830} INFO - Processing file /home/airflow/.local/lib/python3.8/site-packages/airflow/example_dags/example_branch_operator.py for tasks to queue
[2023-12-19T14:33:42.030+0000] {logging_mixin.py:188} INFO - [2023-12-19T14:33:42.029+0000] {dagbag.py:538} INFO - Filling up the DagBag from /home/airflow/.local/lib/python3.8/site-packages/airflow/example_dags/example_branch_operator.py
[2023-12-19T14:33:42.071+0000] {processor.py:840} INFO - DAG(s) 'example_branch_operator' retrieved from /home/airflow/.local/lib/python3.8/site-packages/airflow/example_dags/example_branch_operator.py
[2023-12-19T14:33:42.127+0000] {logging_mixin.py:188} INFO - [2023-12-19T14:33:42.126+0000] {dag.py:3033} INFO - Sync 1 DAGs
[2023-12-19T14:33:42.176+0000] {logging_mixin.py:188} INFO - [2023-12-19T14:33:42.176+0000] {dag.py:3820} INFO - Setting next_dagrun for example_branch_operator to 2023-12-18T00:00:00+00:00, run_after=2023-12-19T00:00:00+00:00
[2023-12-19T14:33:42.218+0000] {processor.py:183} INFO - Processing /home/airflow/.local/lib/python3.8/site-packages/airflow/example_dags/example_branch_operator.py took 0.203 seconds
[2023-12-19T14:34:13.419+0000] {processor.py:161} INFO - Started process (PID=1006) to work on /home/airflow/.local/lib/python3.8/site-packages/airflow/example_dags/example_branch_operator.py
[2023-12-19T14:34:13.421+0000] {processor.py:830} INFO - Processing file /home/airflow/.local/lib/python3.8/site-packages/airflow/example_dags/example_branch_operator.py for tasks to queue
[2023-12-19T14:34:13.428+0000] {logging_mixin.py:188} INFO - [2023-12-19T14:34:13.427+0000] {dagbag.py:538} INFO - Filling up the DagBag from /home/airflow/.local/lib/python3.8/site-packages/airflow/example_dags/example_branch_operator.py
[2023-12-19T14:34:13.490+0000] {processor.py:840} INFO - DAG(s) 'example_branch_operator' retrieved from /home/airflow/.local/lib/python3.8/site-packages/airflow/example_dags/example_branch_operator.py
[2023-12-19T14:34:13.588+0000] {logging_mixin.py:188} INFO - [2023-12-19T14:34:13.587+0000] {dag.py:3033} INFO - Sync 1 DAGs
[2023-12-19T14:34:13.674+0000] {logging_mixin.py:188} INFO - [2023-12-19T14:34:13.673+0000] {dag.py:3820} INFO - Setting next_dagrun for example_branch_operator to 2023-12-18T00:00:00+00:00, run_after=2023-12-19T00:00:00+00:00
[2023-12-19T14:34:13.779+0000] {processor.py:183} INFO - Processing /home/airflow/.local/lib/python3.8/site-packages/airflow/example_dags/example_branch_operator.py took 0.369 seconds
[2023-12-19T14:34:45.890+0000] {processor.py:161} INFO - Started process (PID=1060) to work on /home/airflow/.local/lib/python3.8/site-packages/airflow/example_dags/example_branch_operator.py
[2023-12-19T14:34:45.892+0000] {processor.py:830} INFO - Processing file /home/airflow/.local/lib/python3.8/site-packages/airflow/example_dags/example_branch_operator.py for tasks to queue
[2023-12-19T14:34:45.898+0000] {logging_mixin.py:188} INFO - [2023-12-19T14:34:45.897+0000] {dagbag.py:538} INFO - Filling up the DagBag from /home/airflow/.local/lib/python3.8/site-packages/airflow/example_dags/example_branch_operator.py
[2023-12-19T14:34:45.951+0000] {processor.py:840} INFO - DAG(s) 'example_branch_operator' retrieved from /home/airflow/.local/lib/python3.8/site-packages/airflow/example_dags/example_branch_operator.py
[2023-12-19T14:34:46.119+0000] {logging_mixin.py:188} INFO - [2023-12-19T14:34:46.118+0000] {dag.py:3033} INFO - Sync 1 DAGs
[2023-12-19T14:34:46.204+0000] {logging_mixin.py:188} INFO - [2023-12-19T14:34:46.204+0000] {dag.py:3820} INFO - Setting next_dagrun for example_branch_operator to 2023-12-18T00:00:00+00:00, run_after=2023-12-19T00:00:00+00:00
[2023-12-19T14:34:46.288+0000] {processor.py:183} INFO - Processing /home/airflow/.local/lib/python3.8/site-packages/airflow/example_dags/example_branch_operator.py took 0.407 seconds
[2023-12-19T14:35:16.908+0000] {processor.py:161} INFO - Started process (PID=1115) to work on /home/airflow/.local/lib/python3.8/site-packages/airflow/example_dags/example_branch_operator.py
[2023-12-19T14:35:16.911+0000] {processor.py:830} INFO - Processing file /home/airflow/.local/lib/python3.8/site-packages/airflow/example_dags/example_branch_operator.py for tasks to queue
[2023-12-19T14:35:16.916+0000] {logging_mixin.py:188} INFO - [2023-12-19T14:35:16.915+0000] {dagbag.py:538} INFO - Filling up the DagBag from /home/airflow/.local/lib/python3.8/site-packages/airflow/example_dags/example_branch_operator.py
[2023-12-19T14:35:16.963+0000] {processor.py:840} INFO - DAG(s) 'example_branch_operator' retrieved from /home/airflow/.local/lib/python3.8/site-packages/airflow/example_dags/example_branch_operator.py
[2023-12-19T14:35:17.027+0000] {logging_mixin.py:188} INFO - [2023-12-19T14:35:17.027+0000] {dag.py:3033} INFO - Sync 1 DAGs
[2023-12-19T14:35:17.086+0000] {logging_mixin.py:188} INFO - [2023-12-19T14:35:17.086+0000] {dag.py:3820} INFO - Setting next_dagrun for example_branch_operator to 2023-12-18T00:00:00+00:00, run_after=2023-12-19T00:00:00+00:00
[2023-12-19T14:35:17.134+0000] {processor.py:183} INFO - Processing /home/airflow/.local/lib/python3.8/site-packages/airflow/example_dags/example_branch_operator.py took 0.234 seconds
[2023-12-19T14:35:47.345+0000] {processor.py:161} INFO - Started process (PID=1169) to work on /home/airflow/.local/lib/python3.8/site-packages/airflow/example_dags/example_branch_operator.py
[2023-12-19T14:35:47.348+0000] {processor.py:830} INFO - Processing file /home/airflow/.local/lib/python3.8/site-packages/airflow/example_dags/example_branch_operator.py for tasks to queue
[2023-12-19T14:35:47.351+0000] {logging_mixin.py:188} INFO - [2023-12-19T14:35:47.350+0000] {dagbag.py:538} INFO - Filling up the DagBag from /home/airflow/.local/lib/python3.8/site-packages/airflow/example_dags/example_branch_operator.py
[2023-12-19T14:35:47.382+0000] {processor.py:840} INFO - DAG(s) 'example_branch_operator' retrieved from /home/airflow/.local/lib/python3.8/site-packages/airflow/example_dags/example_branch_operator.py
[2023-12-19T14:35:47.423+0000] {logging_mixin.py:188} INFO - [2023-12-19T14:35:47.422+0000] {dag.py:3033} INFO - Sync 1 DAGs
[2023-12-19T14:35:47.452+0000] {logging_mixin.py:188} INFO - [2023-12-19T14:35:47.452+0000] {dag.py:3820} INFO - Setting next_dagrun for example_branch_operator to 2023-12-18T00:00:00+00:00, run_after=2023-12-19T00:00:00+00:00
[2023-12-19T14:35:47.477+0000] {processor.py:183} INFO - Processing /home/airflow/.local/lib/python3.8/site-packages/airflow/example_dags/example_branch_operator.py took 0.136 seconds
[2023-12-19T14:36:18.560+0000] {processor.py:161} INFO - Started process (PID=1224) to work on /home/airflow/.local/lib/python3.8/site-packages/airflow/example_dags/example_branch_operator.py
[2023-12-19T14:36:18.561+0000] {processor.py:830} INFO - Processing file /home/airflow/.local/lib/python3.8/site-packages/airflow/example_dags/example_branch_operator.py for tasks to queue
[2023-12-19T14:36:18.565+0000] {logging_mixin.py:188} INFO - [2023-12-19T14:36:18.564+0000] {dagbag.py:538} INFO - Filling up the DagBag from /home/airflow/.local/lib/python3.8/site-packages/airflow/example_dags/example_branch_operator.py
[2023-12-19T14:36:18.593+0000] {processor.py:840} INFO - DAG(s) 'example_branch_operator' retrieved from /home/airflow/.local/lib/python3.8/site-packages/airflow/example_dags/example_branch_operator.py
[2023-12-19T14:36:18.640+0000] {logging_mixin.py:188} INFO - [2023-12-19T14:36:18.639+0000] {dag.py:3033} INFO - Sync 1 DAGs
[2023-12-19T14:36:18.676+0000] {logging_mixin.py:188} INFO - [2023-12-19T14:36:18.675+0000] {dag.py:3820} INFO - Setting next_dagrun for example_branch_operator to 2023-12-18T00:00:00+00:00, run_after=2023-12-19T00:00:00+00:00
[2023-12-19T14:36:18.704+0000] {processor.py:183} INFO - Processing /home/airflow/.local/lib/python3.8/site-packages/airflow/example_dags/example_branch_operator.py took 0.149 seconds
[2023-12-19T14:36:49.012+0000] {processor.py:161} INFO - Started process (PID=1277) to work on /home/airflow/.local/lib/python3.8/site-packages/airflow/example_dags/example_branch_operator.py
[2023-12-19T14:36:49.013+0000] {processor.py:830} INFO - Processing file /home/airflow/.local/lib/python3.8/site-packages/airflow/example_dags/example_branch_operator.py for tasks to queue
[2023-12-19T14:36:49.016+0000] {logging_mixin.py:188} INFO - [2023-12-19T14:36:49.016+0000] {dagbag.py:538} INFO - Filling up the DagBag from /home/airflow/.local/lib/python3.8/site-packages/airflow/example_dags/example_branch_operator.py
[2023-12-19T14:36:49.044+0000] {processor.py:840} INFO - DAG(s) 'example_branch_operator' retrieved from /home/airflow/.local/lib/python3.8/site-packages/airflow/example_dags/example_branch_operator.py
[2023-12-19T14:36:49.092+0000] {logging_mixin.py:188} INFO - [2023-12-19T14:36:49.092+0000] {dag.py:3033} INFO - Sync 1 DAGs
[2023-12-19T14:36:49.130+0000] {logging_mixin.py:188} INFO - [2023-12-19T14:36:49.130+0000] {dag.py:3820} INFO - Setting next_dagrun for example_branch_operator to 2023-12-18T00:00:00+00:00, run_after=2023-12-19T00:00:00+00:00
[2023-12-19T14:36:49.158+0000] {processor.py:183} INFO - Processing /home/airflow/.local/lib/python3.8/site-packages/airflow/example_dags/example_branch_operator.py took 0.152 seconds
