[2023-12-19T14:14:07.212+0000] {processor.py:161} INFO - Started process (PID=63) to work on /home/airflow/.local/lib/python3.8/site-packages/airflow/example_dags/example_short_circuit_operator.py
[2023-12-19T14:14:07.227+0000] {processor.py:830} INFO - Processing file /home/airflow/.local/lib/python3.8/site-packages/airflow/example_dags/example_short_circuit_operator.py for tasks to queue
[2023-12-19T14:14:07.291+0000] {logging_mixin.py:188} INFO - [2023-12-19T14:14:07.278+0000] {dagbag.py:538} INFO - Filling up the DagBag from /home/airflow/.local/lib/python3.8/site-packages/airflow/example_dags/example_short_circuit_operator.py
[2023-12-19T14:14:07.403+0000] {processor.py:840} INFO - DAG(s) 'example_short_circuit_operator' retrieved from /home/airflow/.local/lib/python3.8/site-packages/airflow/example_dags/example_short_circuit_operator.py
[2023-12-19T14:14:08.052+0000] {logging_mixin.py:188} INFO - [2023-12-19T14:14:08.051+0000] {dag.py:3033} INFO - Sync 1 DAGs
[2023-12-19T14:14:08.234+0000] {logging_mixin.py:188} INFO - [2023-12-19T14:14:08.234+0000] {dag.py:3820} INFO - Setting next_dagrun for example_short_circuit_operator to 2023-12-18T00:00:00+00:00, run_after=2023-12-19T00:00:00+00:00
[2023-12-19T14:14:08.427+0000] {processor.py:183} INFO - Processing /home/airflow/.local/lib/python3.8/site-packages/airflow/example_dags/example_short_circuit_operator.py took 1.236 seconds
[2023-12-19T14:14:38.638+0000] {processor.py:161} INFO - Started process (PID=118) to work on /home/airflow/.local/lib/python3.8/site-packages/airflow/example_dags/example_short_circuit_operator.py
[2023-12-19T14:14:38.641+0000] {processor.py:830} INFO - Processing file /home/airflow/.local/lib/python3.8/site-packages/airflow/example_dags/example_short_circuit_operator.py for tasks to queue
[2023-12-19T14:14:38.646+0000] {logging_mixin.py:188} INFO - [2023-12-19T14:14:38.645+0000] {dagbag.py:538} INFO - Filling up the DagBag from /home/airflow/.local/lib/python3.8/site-packages/airflow/example_dags/example_short_circuit_operator.py
[2023-12-19T14:14:38.669+0000] {processor.py:840} INFO - DAG(s) 'example_short_circuit_operator' retrieved from /home/airflow/.local/lib/python3.8/site-packages/airflow/example_dags/example_short_circuit_operator.py
[2023-12-19T14:14:38.754+0000] {logging_mixin.py:188} INFO - [2023-12-19T14:14:38.754+0000] {dag.py:3033} INFO - Sync 1 DAGs
[2023-12-19T14:14:38.813+0000] {logging_mixin.py:188} INFO - [2023-12-19T14:14:38.812+0000] {dag.py:3820} INFO - Setting next_dagrun for example_short_circuit_operator to 2023-12-18T00:00:00+00:00, run_after=2023-12-19T00:00:00+00:00
[2023-12-19T14:14:38.860+0000] {processor.py:183} INFO - Processing /home/airflow/.local/lib/python3.8/site-packages/airflow/example_dags/example_short_circuit_operator.py took 0.231 seconds
[2023-12-19T14:15:29.073+0000] {processor.py:161} INFO - Started process (PID=174) to work on /home/airflow/.local/lib/python3.8/site-packages/airflow/example_dags/example_short_circuit_operator.py
[2023-12-19T14:15:29.076+0000] {processor.py:830} INFO - Processing file /home/airflow/.local/lib/python3.8/site-packages/airflow/example_dags/example_short_circuit_operator.py for tasks to queue
[2023-12-19T14:15:29.083+0000] {logging_mixin.py:188} INFO - [2023-12-19T14:15:29.082+0000] {dagbag.py:538} INFO - Filling up the DagBag from /home/airflow/.local/lib/python3.8/site-packages/airflow/example_dags/example_short_circuit_operator.py
[2023-12-19T14:15:29.134+0000] {processor.py:840} INFO - DAG(s) 'example_short_circuit_operator' retrieved from /home/airflow/.local/lib/python3.8/site-packages/airflow/example_dags/example_short_circuit_operator.py
[2023-12-19T14:15:29.380+0000] {logging_mixin.py:188} INFO - [2023-12-19T14:15:29.379+0000] {dag.py:3033} INFO - Sync 1 DAGs
[2023-12-19T14:15:29.592+0000] {logging_mixin.py:188} INFO - [2023-12-19T14:15:29.592+0000] {dag.py:3820} INFO - Setting next_dagrun for example_short_circuit_operator to 2023-12-18T00:00:00+00:00, run_after=2023-12-19T00:00:00+00:00
[2023-12-19T14:15:29.749+0000] {processor.py:183} INFO - Processing /home/airflow/.local/lib/python3.8/site-packages/airflow/example_dags/example_short_circuit_operator.py took 0.686 seconds
[2023-12-19T14:18:36.705+0000] {processor.py:161} INFO - Started process (PID=55) to work on /home/airflow/.local/lib/python3.8/site-packages/airflow/example_dags/example_short_circuit_operator.py
[2023-12-19T14:18:36.709+0000] {processor.py:830} INFO - Processing file /home/airflow/.local/lib/python3.8/site-packages/airflow/example_dags/example_short_circuit_operator.py for tasks to queue
[2023-12-19T14:18:36.714+0000] {logging_mixin.py:188} INFO - [2023-12-19T14:18:36.713+0000] {dagbag.py:538} INFO - Filling up the DagBag from /home/airflow/.local/lib/python3.8/site-packages/airflow/example_dags/example_short_circuit_operator.py
[2023-12-19T14:18:36.745+0000] {processor.py:840} INFO - DAG(s) 'example_short_circuit_operator' retrieved from /home/airflow/.local/lib/python3.8/site-packages/airflow/example_dags/example_short_circuit_operator.py
[2023-12-19T14:18:37.041+0000] {logging_mixin.py:188} INFO - [2023-12-19T14:18:37.040+0000] {dag.py:3033} INFO - Sync 1 DAGs
[2023-12-19T14:18:37.224+0000] {logging_mixin.py:188} INFO - [2023-12-19T14:18:37.224+0000] {dag.py:3820} INFO - Setting next_dagrun for example_short_circuit_operator to 2023-12-18T00:00:00+00:00, run_after=2023-12-19T00:00:00+00:00
[2023-12-19T14:18:37.360+0000] {processor.py:183} INFO - Processing /home/airflow/.local/lib/python3.8/site-packages/airflow/example_dags/example_short_circuit_operator.py took 0.670 seconds
[2023-12-19T14:19:10.114+0000] {processor.py:161} INFO - Started process (PID=111) to work on /home/airflow/.local/lib/python3.8/site-packages/airflow/example_dags/example_short_circuit_operator.py
[2023-12-19T14:19:10.119+0000] {processor.py:830} INFO - Processing file /home/airflow/.local/lib/python3.8/site-packages/airflow/example_dags/example_short_circuit_operator.py for tasks to queue
[2023-12-19T14:19:10.124+0000] {logging_mixin.py:188} INFO - [2023-12-19T14:19:10.124+0000] {dagbag.py:538} INFO - Filling up the DagBag from /home/airflow/.local/lib/python3.8/site-packages/airflow/example_dags/example_short_circuit_operator.py
[2023-12-19T14:19:10.179+0000] {processor.py:840} INFO - DAG(s) 'example_short_circuit_operator' retrieved from /home/airflow/.local/lib/python3.8/site-packages/airflow/example_dags/example_short_circuit_operator.py
[2023-12-19T14:19:10.277+0000] {logging_mixin.py:188} INFO - [2023-12-19T14:19:10.276+0000] {dag.py:3033} INFO - Sync 1 DAGs
[2023-12-19T14:19:10.383+0000] {logging_mixin.py:188} INFO - [2023-12-19T14:19:10.382+0000] {dag.py:3820} INFO - Setting next_dagrun for example_short_circuit_operator to 2023-12-18T00:00:00+00:00, run_after=2023-12-19T00:00:00+00:00
[2023-12-19T14:19:10.438+0000] {processor.py:183} INFO - Processing /home/airflow/.local/lib/python3.8/site-packages/airflow/example_dags/example_short_circuit_operator.py took 0.333 seconds
[2023-12-19T14:19:40.633+0000] {processor.py:161} INFO - Started process (PID=166) to work on /home/airflow/.local/lib/python3.8/site-packages/airflow/example_dags/example_short_circuit_operator.py
[2023-12-19T14:19:40.634+0000] {processor.py:830} INFO - Processing file /home/airflow/.local/lib/python3.8/site-packages/airflow/example_dags/example_short_circuit_operator.py for tasks to queue
[2023-12-19T14:19:40.638+0000] {logging_mixin.py:188} INFO - [2023-12-19T14:19:40.638+0000] {dagbag.py:538} INFO - Filling up the DagBag from /home/airflow/.local/lib/python3.8/site-packages/airflow/example_dags/example_short_circuit_operator.py
[2023-12-19T14:19:40.653+0000] {processor.py:840} INFO - DAG(s) 'example_short_circuit_operator' retrieved from /home/airflow/.local/lib/python3.8/site-packages/airflow/example_dags/example_short_circuit_operator.py
[2023-12-19T14:19:40.702+0000] {logging_mixin.py:188} INFO - [2023-12-19T14:19:40.702+0000] {dag.py:3033} INFO - Sync 1 DAGs
[2023-12-19T14:19:40.753+0000] {logging_mixin.py:188} INFO - [2023-12-19T14:19:40.753+0000] {dag.py:3820} INFO - Setting next_dagrun for example_short_circuit_operator to 2023-12-18T00:00:00+00:00, run_after=2023-12-19T00:00:00+00:00
[2023-12-19T14:19:40.798+0000] {processor.py:183} INFO - Processing /home/airflow/.local/lib/python3.8/site-packages/airflow/example_dags/example_short_circuit_operator.py took 0.171 seconds
[2023-12-19T14:20:11.247+0000] {processor.py:161} INFO - Started process (PID=221) to work on /home/airflow/.local/lib/python3.8/site-packages/airflow/example_dags/example_short_circuit_operator.py
[2023-12-19T14:20:11.249+0000] {processor.py:830} INFO - Processing file /home/airflow/.local/lib/python3.8/site-packages/airflow/example_dags/example_short_circuit_operator.py for tasks to queue
[2023-12-19T14:20:11.253+0000] {logging_mixin.py:188} INFO - [2023-12-19T14:20:11.252+0000] {dagbag.py:538} INFO - Filling up the DagBag from /home/airflow/.local/lib/python3.8/site-packages/airflow/example_dags/example_short_circuit_operator.py
[2023-12-19T14:20:11.268+0000] {processor.py:840} INFO - DAG(s) 'example_short_circuit_operator' retrieved from /home/airflow/.local/lib/python3.8/site-packages/airflow/example_dags/example_short_circuit_operator.py
[2023-12-19T14:20:11.324+0000] {logging_mixin.py:188} INFO - [2023-12-19T14:20:11.324+0000] {dag.py:3033} INFO - Sync 1 DAGs
[2023-12-19T14:20:11.391+0000] {logging_mixin.py:188} INFO - [2023-12-19T14:20:11.390+0000] {dag.py:3820} INFO - Setting next_dagrun for example_short_circuit_operator to 2023-12-18T00:00:00+00:00, run_after=2023-12-19T00:00:00+00:00
[2023-12-19T14:20:11.445+0000] {processor.py:183} INFO - Processing /home/airflow/.local/lib/python3.8/site-packages/airflow/example_dags/example_short_circuit_operator.py took 0.204 seconds
[2023-12-19T14:20:41.871+0000] {processor.py:161} INFO - Started process (PID=277) to work on /home/airflow/.local/lib/python3.8/site-packages/airflow/example_dags/example_short_circuit_operator.py
[2023-12-19T14:20:41.873+0000] {processor.py:830} INFO - Processing file /home/airflow/.local/lib/python3.8/site-packages/airflow/example_dags/example_short_circuit_operator.py for tasks to queue
[2023-12-19T14:20:41.880+0000] {logging_mixin.py:188} INFO - [2023-12-19T14:20:41.879+0000] {dagbag.py:538} INFO - Filling up the DagBag from /home/airflow/.local/lib/python3.8/site-packages/airflow/example_dags/example_short_circuit_operator.py
[2023-12-19T14:20:41.896+0000] {processor.py:840} INFO - DAG(s) 'example_short_circuit_operator' retrieved from /home/airflow/.local/lib/python3.8/site-packages/airflow/example_dags/example_short_circuit_operator.py
[2023-12-19T14:20:41.968+0000] {logging_mixin.py:188} INFO - [2023-12-19T14:20:41.967+0000] {dag.py:3033} INFO - Sync 1 DAGs
[2023-12-19T14:20:42.049+0000] {logging_mixin.py:188} INFO - [2023-12-19T14:20:42.048+0000] {dag.py:3820} INFO - Setting next_dagrun for example_short_circuit_operator to 2023-12-18T00:00:00+00:00, run_after=2023-12-19T00:00:00+00:00
[2023-12-19T14:20:42.110+0000] {processor.py:183} INFO - Processing /home/airflow/.local/lib/python3.8/site-packages/airflow/example_dags/example_short_circuit_operator.py took 0.246 seconds
[2023-12-19T14:21:13.764+0000] {processor.py:161} INFO - Started process (PID=331) to work on /home/airflow/.local/lib/python3.8/site-packages/airflow/example_dags/example_short_circuit_operator.py
[2023-12-19T14:21:13.771+0000] {processor.py:830} INFO - Processing file /home/airflow/.local/lib/python3.8/site-packages/airflow/example_dags/example_short_circuit_operator.py for tasks to queue
[2023-12-19T14:21:13.782+0000] {logging_mixin.py:188} INFO - [2023-12-19T14:21:13.781+0000] {dagbag.py:538} INFO - Filling up the DagBag from /home/airflow/.local/lib/python3.8/site-packages/airflow/example_dags/example_short_circuit_operator.py
[2023-12-19T14:21:13.811+0000] {processor.py:840} INFO - DAG(s) 'example_short_circuit_operator' retrieved from /home/airflow/.local/lib/python3.8/site-packages/airflow/example_dags/example_short_circuit_operator.py
[2023-12-19T14:21:13.892+0000] {logging_mixin.py:188} INFO - [2023-12-19T14:21:13.891+0000] {dag.py:3033} INFO - Sync 1 DAGs
[2023-12-19T14:21:13.984+0000] {logging_mixin.py:188} INFO - [2023-12-19T14:21:13.984+0000] {dag.py:3820} INFO - Setting next_dagrun for example_short_circuit_operator to 2023-12-18T00:00:00+00:00, run_after=2023-12-19T00:00:00+00:00
[2023-12-19T14:21:14.040+0000] {processor.py:183} INFO - Processing /home/airflow/.local/lib/python3.8/site-packages/airflow/example_dags/example_short_circuit_operator.py took 0.292 seconds
[2023-12-19T14:21:44.801+0000] {processor.py:161} INFO - Started process (PID=386) to work on /home/airflow/.local/lib/python3.8/site-packages/airflow/example_dags/example_short_circuit_operator.py
[2023-12-19T14:21:44.805+0000] {processor.py:830} INFO - Processing file /home/airflow/.local/lib/python3.8/site-packages/airflow/example_dags/example_short_circuit_operator.py for tasks to queue
[2023-12-19T14:21:44.812+0000] {logging_mixin.py:188} INFO - [2023-12-19T14:21:44.811+0000] {dagbag.py:538} INFO - Filling up the DagBag from /home/airflow/.local/lib/python3.8/site-packages/airflow/example_dags/example_short_circuit_operator.py
[2023-12-19T14:21:44.831+0000] {processor.py:840} INFO - DAG(s) 'example_short_circuit_operator' retrieved from /home/airflow/.local/lib/python3.8/site-packages/airflow/example_dags/example_short_circuit_operator.py
[2023-12-19T14:21:44.915+0000] {logging_mixin.py:188} INFO - [2023-12-19T14:21:44.914+0000] {dag.py:3033} INFO - Sync 1 DAGs
[2023-12-19T14:21:45.034+0000] {logging_mixin.py:188} INFO - [2023-12-19T14:21:45.034+0000] {dag.py:3820} INFO - Setting next_dagrun for example_short_circuit_operator to 2023-12-18T00:00:00+00:00, run_after=2023-12-19T00:00:00+00:00
[2023-12-19T14:21:45.107+0000] {processor.py:183} INFO - Processing /home/airflow/.local/lib/python3.8/site-packages/airflow/example_dags/example_short_circuit_operator.py took 0.321 seconds
[2023-12-19T14:22:16.048+0000] {processor.py:161} INFO - Started process (PID=441) to work on /home/airflow/.local/lib/python3.8/site-packages/airflow/example_dags/example_short_circuit_operator.py
[2023-12-19T14:22:16.050+0000] {processor.py:830} INFO - Processing file /home/airflow/.local/lib/python3.8/site-packages/airflow/example_dags/example_short_circuit_operator.py for tasks to queue
[2023-12-19T14:22:16.056+0000] {logging_mixin.py:188} INFO - [2023-12-19T14:22:16.055+0000] {dagbag.py:538} INFO - Filling up the DagBag from /home/airflow/.local/lib/python3.8/site-packages/airflow/example_dags/example_short_circuit_operator.py
[2023-12-19T14:22:16.078+0000] {processor.py:840} INFO - DAG(s) 'example_short_circuit_operator' retrieved from /home/airflow/.local/lib/python3.8/site-packages/airflow/example_dags/example_short_circuit_operator.py
[2023-12-19T14:22:16.140+0000] {logging_mixin.py:188} INFO - [2023-12-19T14:22:16.140+0000] {dag.py:3033} INFO - Sync 1 DAGs
[2023-12-19T14:22:16.201+0000] {logging_mixin.py:188} INFO - [2023-12-19T14:22:16.200+0000] {dag.py:3820} INFO - Setting next_dagrun for example_short_circuit_operator to 2023-12-18T00:00:00+00:00, run_after=2023-12-19T00:00:00+00:00
[2023-12-19T14:22:16.256+0000] {processor.py:183} INFO - Processing /home/airflow/.local/lib/python3.8/site-packages/airflow/example_dags/example_short_circuit_operator.py took 0.216 seconds
[2023-12-19T14:23:22.726+0000] {processor.py:161} INFO - Started process (PID=55) to work on /home/airflow/.local/lib/python3.8/site-packages/airflow/example_dags/example_short_circuit_operator.py
[2023-12-19T14:23:22.729+0000] {processor.py:830} INFO - Processing file /home/airflow/.local/lib/python3.8/site-packages/airflow/example_dags/example_short_circuit_operator.py for tasks to queue
[2023-12-19T14:23:22.735+0000] {logging_mixin.py:188} INFO - [2023-12-19T14:23:22.734+0000] {dagbag.py:538} INFO - Filling up the DagBag from /home/airflow/.local/lib/python3.8/site-packages/airflow/example_dags/example_short_circuit_operator.py
[2023-12-19T14:23:22.761+0000] {processor.py:840} INFO - DAG(s) 'example_short_circuit_operator' retrieved from /home/airflow/.local/lib/python3.8/site-packages/airflow/example_dags/example_short_circuit_operator.py
[2023-12-19T14:23:22.930+0000] {logging_mixin.py:188} INFO - [2023-12-19T14:23:22.928+0000] {dag.py:3033} INFO - Sync 1 DAGs
[2023-12-19T14:23:23.025+0000] {logging_mixin.py:188} INFO - [2023-12-19T14:23:23.024+0000] {dag.py:3820} INFO - Setting next_dagrun for example_short_circuit_operator to 2023-12-18T00:00:00+00:00, run_after=2023-12-19T00:00:00+00:00
[2023-12-19T14:23:23.108+0000] {processor.py:183} INFO - Processing /home/airflow/.local/lib/python3.8/site-packages/airflow/example_dags/example_short_circuit_operator.py took 0.391 seconds
[2023-12-19T14:23:53.341+0000] {processor.py:161} INFO - Started process (PID=109) to work on /home/airflow/.local/lib/python3.8/site-packages/airflow/example_dags/example_short_circuit_operator.py
[2023-12-19T14:23:53.344+0000] {processor.py:830} INFO - Processing file /home/airflow/.local/lib/python3.8/site-packages/airflow/example_dags/example_short_circuit_operator.py for tasks to queue
[2023-12-19T14:23:53.348+0000] {logging_mixin.py:188} INFO - [2023-12-19T14:23:53.348+0000] {dagbag.py:538} INFO - Filling up the DagBag from /home/airflow/.local/lib/python3.8/site-packages/airflow/example_dags/example_short_circuit_operator.py
[2023-12-19T14:23:53.365+0000] {processor.py:840} INFO - DAG(s) 'example_short_circuit_operator' retrieved from /home/airflow/.local/lib/python3.8/site-packages/airflow/example_dags/example_short_circuit_operator.py
[2023-12-19T14:23:53.391+0000] {logging_mixin.py:188} INFO - [2023-12-19T14:23:53.391+0000] {dag.py:3033} INFO - Sync 1 DAGs
[2023-12-19T14:23:53.450+0000] {logging_mixin.py:188} INFO - [2023-12-19T14:23:53.450+0000] {dag.py:3820} INFO - Setting next_dagrun for example_short_circuit_operator to 2023-12-18T00:00:00+00:00, run_after=2023-12-19T00:00:00+00:00
[2023-12-19T14:23:53.503+0000] {processor.py:183} INFO - Processing /home/airflow/.local/lib/python3.8/site-packages/airflow/example_dags/example_short_circuit_operator.py took 0.170 seconds
[2023-12-19T14:25:23.069+0000] {processor.py:161} INFO - Started process (PID=61) to work on /home/airflow/.local/lib/python3.8/site-packages/airflow/example_dags/example_short_circuit_operator.py
[2023-12-19T14:25:23.090+0000] {processor.py:830} INFO - Processing file /home/airflow/.local/lib/python3.8/site-packages/airflow/example_dags/example_short_circuit_operator.py for tasks to queue
[2023-12-19T14:25:23.096+0000] {logging_mixin.py:188} INFO - [2023-12-19T14:25:23.095+0000] {dagbag.py:538} INFO - Filling up the DagBag from /home/airflow/.local/lib/python3.8/site-packages/airflow/example_dags/example_short_circuit_operator.py
[2023-12-19T14:25:23.202+0000] {processor.py:840} INFO - DAG(s) 'example_short_circuit_operator' retrieved from /home/airflow/.local/lib/python3.8/site-packages/airflow/example_dags/example_short_circuit_operator.py
[2023-12-19T14:25:23.877+0000] {logging_mixin.py:188} INFO - [2023-12-19T14:25:23.876+0000] {dag.py:3033} INFO - Sync 1 DAGs
[2023-12-19T14:25:24.006+0000] {logging_mixin.py:188} INFO - [2023-12-19T14:25:24.006+0000] {dag.py:3820} INFO - Setting next_dagrun for example_short_circuit_operator to 2023-12-18T00:00:00+00:00, run_after=2023-12-19T00:00:00+00:00
[2023-12-19T14:25:24.101+0000] {processor.py:183} INFO - Processing /home/airflow/.local/lib/python3.8/site-packages/airflow/example_dags/example_short_circuit_operator.py took 1.069 seconds
[2023-12-19T14:25:54.378+0000] {processor.py:161} INFO - Started process (PID=116) to work on /home/airflow/.local/lib/python3.8/site-packages/airflow/example_dags/example_short_circuit_operator.py
[2023-12-19T14:25:54.380+0000] {processor.py:830} INFO - Processing file /home/airflow/.local/lib/python3.8/site-packages/airflow/example_dags/example_short_circuit_operator.py for tasks to queue
[2023-12-19T14:25:54.384+0000] {logging_mixin.py:188} INFO - [2023-12-19T14:25:54.384+0000] {dagbag.py:538} INFO - Filling up the DagBag from /home/airflow/.local/lib/python3.8/site-packages/airflow/example_dags/example_short_circuit_operator.py
[2023-12-19T14:25:54.400+0000] {processor.py:840} INFO - DAG(s) 'example_short_circuit_operator' retrieved from /home/airflow/.local/lib/python3.8/site-packages/airflow/example_dags/example_short_circuit_operator.py
[2023-12-19T14:25:54.459+0000] {logging_mixin.py:188} INFO - [2023-12-19T14:25:54.458+0000] {dag.py:3033} INFO - Sync 1 DAGs
[2023-12-19T14:25:54.522+0000] {logging_mixin.py:188} INFO - [2023-12-19T14:25:54.521+0000] {dag.py:3820} INFO - Setting next_dagrun for example_short_circuit_operator to 2023-12-18T00:00:00+00:00, run_after=2023-12-19T00:00:00+00:00
[2023-12-19T14:25:54.626+0000] {processor.py:183} INFO - Processing /home/airflow/.local/lib/python3.8/site-packages/airflow/example_dags/example_short_circuit_operator.py took 0.254 seconds
[2023-12-19T14:26:24.733+0000] {processor.py:161} INFO - Started process (PID=170) to work on /home/airflow/.local/lib/python3.8/site-packages/airflow/example_dags/example_short_circuit_operator.py
[2023-12-19T14:26:24.734+0000] {processor.py:830} INFO - Processing file /home/airflow/.local/lib/python3.8/site-packages/airflow/example_dags/example_short_circuit_operator.py for tasks to queue
[2023-12-19T14:26:24.738+0000] {logging_mixin.py:188} INFO - [2023-12-19T14:26:24.737+0000] {dagbag.py:538} INFO - Filling up the DagBag from /home/airflow/.local/lib/python3.8/site-packages/airflow/example_dags/example_short_circuit_operator.py
[2023-12-19T14:26:24.751+0000] {processor.py:840} INFO - DAG(s) 'example_short_circuit_operator' retrieved from /home/airflow/.local/lib/python3.8/site-packages/airflow/example_dags/example_short_circuit_operator.py
[2023-12-19T14:26:24.797+0000] {logging_mixin.py:188} INFO - [2023-12-19T14:26:24.797+0000] {dag.py:3033} INFO - Sync 1 DAGs
[2023-12-19T14:26:24.846+0000] {logging_mixin.py:188} INFO - [2023-12-19T14:26:24.845+0000] {dag.py:3820} INFO - Setting next_dagrun for example_short_circuit_operator to 2023-12-18T00:00:00+00:00, run_after=2023-12-19T00:00:00+00:00
[2023-12-19T14:26:24.883+0000] {processor.py:183} INFO - Processing /home/airflow/.local/lib/python3.8/site-packages/airflow/example_dags/example_short_circuit_operator.py took 0.160 seconds
[2023-12-19T14:26:55.792+0000] {processor.py:161} INFO - Started process (PID=225) to work on /home/airflow/.local/lib/python3.8/site-packages/airflow/example_dags/example_short_circuit_operator.py
[2023-12-19T14:26:55.793+0000] {processor.py:830} INFO - Processing file /home/airflow/.local/lib/python3.8/site-packages/airflow/example_dags/example_short_circuit_operator.py for tasks to queue
[2023-12-19T14:26:55.797+0000] {logging_mixin.py:188} INFO - [2023-12-19T14:26:55.797+0000] {dagbag.py:538} INFO - Filling up the DagBag from /home/airflow/.local/lib/python3.8/site-packages/airflow/example_dags/example_short_circuit_operator.py
[2023-12-19T14:26:55.813+0000] {processor.py:840} INFO - DAG(s) 'example_short_circuit_operator' retrieved from /home/airflow/.local/lib/python3.8/site-packages/airflow/example_dags/example_short_circuit_operator.py
[2023-12-19T14:26:55.863+0000] {logging_mixin.py:188} INFO - [2023-12-19T14:26:55.863+0000] {dag.py:3033} INFO - Sync 1 DAGs
[2023-12-19T14:26:55.917+0000] {logging_mixin.py:188} INFO - [2023-12-19T14:26:55.917+0000] {dag.py:3820} INFO - Setting next_dagrun for example_short_circuit_operator to 2023-12-18T00:00:00+00:00, run_after=2023-12-19T00:00:00+00:00
[2023-12-19T14:26:55.957+0000] {processor.py:183} INFO - Processing /home/airflow/.local/lib/python3.8/site-packages/airflow/example_dags/example_short_circuit_operator.py took 0.172 seconds
[2023-12-19T14:27:26.185+0000] {processor.py:161} INFO - Started process (PID=280) to work on /home/airflow/.local/lib/python3.8/site-packages/airflow/example_dags/example_short_circuit_operator.py
[2023-12-19T14:27:26.187+0000] {processor.py:830} INFO - Processing file /home/airflow/.local/lib/python3.8/site-packages/airflow/example_dags/example_short_circuit_operator.py for tasks to queue
[2023-12-19T14:27:26.191+0000] {logging_mixin.py:188} INFO - [2023-12-19T14:27:26.190+0000] {dagbag.py:538} INFO - Filling up the DagBag from /home/airflow/.local/lib/python3.8/site-packages/airflow/example_dags/example_short_circuit_operator.py
[2023-12-19T14:27:26.206+0000] {processor.py:840} INFO - DAG(s) 'example_short_circuit_operator' retrieved from /home/airflow/.local/lib/python3.8/site-packages/airflow/example_dags/example_short_circuit_operator.py
[2023-12-19T14:27:26.257+0000] {logging_mixin.py:188} INFO - [2023-12-19T14:27:26.256+0000] {dag.py:3033} INFO - Sync 1 DAGs
[2023-12-19T14:27:26.297+0000] {logging_mixin.py:188} INFO - [2023-12-19T14:27:26.297+0000] {dag.py:3820} INFO - Setting next_dagrun for example_short_circuit_operator to 2023-12-18T00:00:00+00:00, run_after=2023-12-19T00:00:00+00:00
[2023-12-19T14:27:26.351+0000] {processor.py:183} INFO - Processing /home/airflow/.local/lib/python3.8/site-packages/airflow/example_dags/example_short_circuit_operator.py took 0.174 seconds
[2023-12-19T14:27:56.562+0000] {processor.py:161} INFO - Started process (PID=335) to work on /home/airflow/.local/lib/python3.8/site-packages/airflow/example_dags/example_short_circuit_operator.py
[2023-12-19T14:27:56.564+0000] {processor.py:830} INFO - Processing file /home/airflow/.local/lib/python3.8/site-packages/airflow/example_dags/example_short_circuit_operator.py for tasks to queue
[2023-12-19T14:27:56.568+0000] {logging_mixin.py:188} INFO - [2023-12-19T14:27:56.568+0000] {dagbag.py:538} INFO - Filling up the DagBag from /home/airflow/.local/lib/python3.8/site-packages/airflow/example_dags/example_short_circuit_operator.py
[2023-12-19T14:27:56.584+0000] {processor.py:840} INFO - DAG(s) 'example_short_circuit_operator' retrieved from /home/airflow/.local/lib/python3.8/site-packages/airflow/example_dags/example_short_circuit_operator.py
[2023-12-19T14:27:56.632+0000] {logging_mixin.py:188} INFO - [2023-12-19T14:27:56.631+0000] {dag.py:3033} INFO - Sync 1 DAGs
[2023-12-19T14:27:56.676+0000] {logging_mixin.py:188} INFO - [2023-12-19T14:27:56.675+0000] {dag.py:3820} INFO - Setting next_dagrun for example_short_circuit_operator to 2023-12-18T00:00:00+00:00, run_after=2023-12-19T00:00:00+00:00
[2023-12-19T14:27:56.714+0000] {processor.py:183} INFO - Processing /home/airflow/.local/lib/python3.8/site-packages/airflow/example_dags/example_short_circuit_operator.py took 0.161 seconds
[2023-12-19T14:28:27.313+0000] {processor.py:161} INFO - Started process (PID=390) to work on /home/airflow/.local/lib/python3.8/site-packages/airflow/example_dags/example_short_circuit_operator.py
[2023-12-19T14:28:27.315+0000] {processor.py:830} INFO - Processing file /home/airflow/.local/lib/python3.8/site-packages/airflow/example_dags/example_short_circuit_operator.py for tasks to queue
[2023-12-19T14:28:27.319+0000] {logging_mixin.py:188} INFO - [2023-12-19T14:28:27.319+0000] {dagbag.py:538} INFO - Filling up the DagBag from /home/airflow/.local/lib/python3.8/site-packages/airflow/example_dags/example_short_circuit_operator.py
[2023-12-19T14:28:27.335+0000] {processor.py:840} INFO - DAG(s) 'example_short_circuit_operator' retrieved from /home/airflow/.local/lib/python3.8/site-packages/airflow/example_dags/example_short_circuit_operator.py
[2023-12-19T14:28:27.392+0000] {logging_mixin.py:188} INFO - [2023-12-19T14:28:27.392+0000] {dag.py:3033} INFO - Sync 1 DAGs
[2023-12-19T14:28:27.439+0000] {logging_mixin.py:188} INFO - [2023-12-19T14:28:27.439+0000] {dag.py:3820} INFO - Setting next_dagrun for example_short_circuit_operator to 2023-12-18T00:00:00+00:00, run_after=2023-12-19T00:00:00+00:00
[2023-12-19T14:28:27.487+0000] {processor.py:183} INFO - Processing /home/airflow/.local/lib/python3.8/site-packages/airflow/example_dags/example_short_circuit_operator.py took 0.180 seconds
[2023-12-19T14:28:57.669+0000] {processor.py:161} INFO - Started process (PID=445) to work on /home/airflow/.local/lib/python3.8/site-packages/airflow/example_dags/example_short_circuit_operator.py
[2023-12-19T14:28:57.671+0000] {processor.py:830} INFO - Processing file /home/airflow/.local/lib/python3.8/site-packages/airflow/example_dags/example_short_circuit_operator.py for tasks to queue
[2023-12-19T14:28:57.675+0000] {logging_mixin.py:188} INFO - [2023-12-19T14:28:57.675+0000] {dagbag.py:538} INFO - Filling up the DagBag from /home/airflow/.local/lib/python3.8/site-packages/airflow/example_dags/example_short_circuit_operator.py
[2023-12-19T14:28:57.690+0000] {processor.py:840} INFO - DAG(s) 'example_short_circuit_operator' retrieved from /home/airflow/.local/lib/python3.8/site-packages/airflow/example_dags/example_short_circuit_operator.py
[2023-12-19T14:28:57.742+0000] {logging_mixin.py:188} INFO - [2023-12-19T14:28:57.741+0000] {dag.py:3033} INFO - Sync 1 DAGs
[2023-12-19T14:28:57.790+0000] {logging_mixin.py:188} INFO - [2023-12-19T14:28:57.789+0000] {dag.py:3820} INFO - Setting next_dagrun for example_short_circuit_operator to 2023-12-18T00:00:00+00:00, run_after=2023-12-19T00:00:00+00:00
[2023-12-19T14:28:57.838+0000] {processor.py:183} INFO - Processing /home/airflow/.local/lib/python3.8/site-packages/airflow/example_dags/example_short_circuit_operator.py took 0.177 seconds
[2023-12-19T14:29:28.312+0000] {processor.py:161} INFO - Started process (PID=500) to work on /home/airflow/.local/lib/python3.8/site-packages/airflow/example_dags/example_short_circuit_operator.py
[2023-12-19T14:29:28.314+0000] {processor.py:830} INFO - Processing file /home/airflow/.local/lib/python3.8/site-packages/airflow/example_dags/example_short_circuit_operator.py for tasks to queue
[2023-12-19T14:29:28.319+0000] {logging_mixin.py:188} INFO - [2023-12-19T14:29:28.318+0000] {dagbag.py:538} INFO - Filling up the DagBag from /home/airflow/.local/lib/python3.8/site-packages/airflow/example_dags/example_short_circuit_operator.py
[2023-12-19T14:29:28.336+0000] {processor.py:840} INFO - DAG(s) 'example_short_circuit_operator' retrieved from /home/airflow/.local/lib/python3.8/site-packages/airflow/example_dags/example_short_circuit_operator.py
[2023-12-19T14:29:28.384+0000] {logging_mixin.py:188} INFO - [2023-12-19T14:29:28.383+0000] {dag.py:3033} INFO - Sync 1 DAGs
[2023-12-19T14:29:28.425+0000] {logging_mixin.py:188} INFO - [2023-12-19T14:29:28.425+0000] {dag.py:3820} INFO - Setting next_dagrun for example_short_circuit_operator to 2023-12-18T00:00:00+00:00, run_after=2023-12-19T00:00:00+00:00
[2023-12-19T14:29:28.461+0000] {processor.py:183} INFO - Processing /home/airflow/.local/lib/python3.8/site-packages/airflow/example_dags/example_short_circuit_operator.py took 0.155 seconds
[2023-12-19T14:29:59.199+0000] {processor.py:161} INFO - Started process (PID=555) to work on /home/airflow/.local/lib/python3.8/site-packages/airflow/example_dags/example_short_circuit_operator.py
[2023-12-19T14:29:59.203+0000] {processor.py:830} INFO - Processing file /home/airflow/.local/lib/python3.8/site-packages/airflow/example_dags/example_short_circuit_operator.py for tasks to queue
[2023-12-19T14:29:59.208+0000] {logging_mixin.py:188} INFO - [2023-12-19T14:29:59.207+0000] {dagbag.py:538} INFO - Filling up the DagBag from /home/airflow/.local/lib/python3.8/site-packages/airflow/example_dags/example_short_circuit_operator.py
[2023-12-19T14:29:59.231+0000] {processor.py:840} INFO - DAG(s) 'example_short_circuit_operator' retrieved from /home/airflow/.local/lib/python3.8/site-packages/airflow/example_dags/example_short_circuit_operator.py
[2023-12-19T14:29:59.282+0000] {logging_mixin.py:188} INFO - [2023-12-19T14:29:59.282+0000] {dag.py:3033} INFO - Sync 1 DAGs
[2023-12-19T14:29:59.326+0000] {logging_mixin.py:188} INFO - [2023-12-19T14:29:59.325+0000] {dag.py:3820} INFO - Setting next_dagrun for example_short_circuit_operator to 2023-12-18T00:00:00+00:00, run_after=2023-12-19T00:00:00+00:00
[2023-12-19T14:29:59.376+0000] {processor.py:183} INFO - Processing /home/airflow/.local/lib/python3.8/site-packages/airflow/example_dags/example_short_circuit_operator.py took 0.186 seconds
[2023-12-19T14:30:30.209+0000] {processor.py:161} INFO - Started process (PID=610) to work on /home/airflow/.local/lib/python3.8/site-packages/airflow/example_dags/example_short_circuit_operator.py
[2023-12-19T14:30:30.211+0000] {processor.py:830} INFO - Processing file /home/airflow/.local/lib/python3.8/site-packages/airflow/example_dags/example_short_circuit_operator.py for tasks to queue
[2023-12-19T14:30:30.215+0000] {logging_mixin.py:188} INFO - [2023-12-19T14:30:30.214+0000] {dagbag.py:538} INFO - Filling up the DagBag from /home/airflow/.local/lib/python3.8/site-packages/airflow/example_dags/example_short_circuit_operator.py
[2023-12-19T14:30:30.234+0000] {processor.py:840} INFO - DAG(s) 'example_short_circuit_operator' retrieved from /home/airflow/.local/lib/python3.8/site-packages/airflow/example_dags/example_short_circuit_operator.py
[2023-12-19T14:30:30.281+0000] {logging_mixin.py:188} INFO - [2023-12-19T14:30:30.281+0000] {dag.py:3033} INFO - Sync 1 DAGs
[2023-12-19T14:30:30.324+0000] {logging_mixin.py:188} INFO - [2023-12-19T14:30:30.324+0000] {dag.py:3820} INFO - Setting next_dagrun for example_short_circuit_operator to 2023-12-18T00:00:00+00:00, run_after=2023-12-19T00:00:00+00:00
[2023-12-19T14:30:30.364+0000] {processor.py:183} INFO - Processing /home/airflow/.local/lib/python3.8/site-packages/airflow/example_dags/example_short_circuit_operator.py took 0.164 seconds
[2023-12-19T14:31:01.805+0000] {processor.py:161} INFO - Started process (PID=665) to work on /home/airflow/.local/lib/python3.8/site-packages/airflow/example_dags/example_short_circuit_operator.py
[2023-12-19T14:31:01.811+0000] {processor.py:830} INFO - Processing file /home/airflow/.local/lib/python3.8/site-packages/airflow/example_dags/example_short_circuit_operator.py for tasks to queue
[2023-12-19T14:31:01.819+0000] {logging_mixin.py:188} INFO - [2023-12-19T14:31:01.818+0000] {dagbag.py:538} INFO - Filling up the DagBag from /home/airflow/.local/lib/python3.8/site-packages/airflow/example_dags/example_short_circuit_operator.py
[2023-12-19T14:31:01.869+0000] {processor.py:840} INFO - DAG(s) 'example_short_circuit_operator' retrieved from /home/airflow/.local/lib/python3.8/site-packages/airflow/example_dags/example_short_circuit_operator.py
[2023-12-19T14:31:02.088+0000] {logging_mixin.py:188} INFO - [2023-12-19T14:31:02.087+0000] {dag.py:3033} INFO - Sync 1 DAGs
[2023-12-19T14:31:02.202+0000] {logging_mixin.py:188} INFO - [2023-12-19T14:31:02.201+0000] {dag.py:3820} INFO - Setting next_dagrun for example_short_circuit_operator to 2023-12-18T00:00:00+00:00, run_after=2023-12-19T00:00:00+00:00
[2023-12-19T14:31:02.289+0000] {processor.py:183} INFO - Processing /home/airflow/.local/lib/python3.8/site-packages/airflow/example_dags/example_short_circuit_operator.py took 0.492 seconds
[2023-12-19T14:31:32.905+0000] {processor.py:161} INFO - Started process (PID=719) to work on /home/airflow/.local/lib/python3.8/site-packages/airflow/example_dags/example_short_circuit_operator.py
[2023-12-19T14:31:32.908+0000] {processor.py:830} INFO - Processing file /home/airflow/.local/lib/python3.8/site-packages/airflow/example_dags/example_short_circuit_operator.py for tasks to queue
[2023-12-19T14:31:32.923+0000] {logging_mixin.py:188} INFO - [2023-12-19T14:31:32.922+0000] {dagbag.py:538} INFO - Filling up the DagBag from /home/airflow/.local/lib/python3.8/site-packages/airflow/example_dags/example_short_circuit_operator.py
[2023-12-19T14:31:32.958+0000] {processor.py:840} INFO - DAG(s) 'example_short_circuit_operator' retrieved from /home/airflow/.local/lib/python3.8/site-packages/airflow/example_dags/example_short_circuit_operator.py
[2023-12-19T14:31:33.017+0000] {logging_mixin.py:188} INFO - [2023-12-19T14:31:33.016+0000] {dag.py:3033} INFO - Sync 1 DAGs
[2023-12-19T14:31:33.099+0000] {logging_mixin.py:188} INFO - [2023-12-19T14:31:33.098+0000] {dag.py:3820} INFO - Setting next_dagrun for example_short_circuit_operator to 2023-12-18T00:00:00+00:00, run_after=2023-12-19T00:00:00+00:00
[2023-12-19T14:31:33.177+0000] {processor.py:183} INFO - Processing /home/airflow/.local/lib/python3.8/site-packages/airflow/example_dags/example_short_circuit_operator.py took 0.299 seconds
[2023-12-19T14:32:03.324+0000] {processor.py:161} INFO - Started process (PID=773) to work on /home/airflow/.local/lib/python3.8/site-packages/airflow/example_dags/example_short_circuit_operator.py
[2023-12-19T14:32:03.331+0000] {processor.py:830} INFO - Processing file /home/airflow/.local/lib/python3.8/site-packages/airflow/example_dags/example_short_circuit_operator.py for tasks to queue
[2023-12-19T14:32:03.345+0000] {logging_mixin.py:188} INFO - [2023-12-19T14:32:03.344+0000] {dagbag.py:538} INFO - Filling up the DagBag from /home/airflow/.local/lib/python3.8/site-packages/airflow/example_dags/example_short_circuit_operator.py
[2023-12-19T14:32:03.370+0000] {processor.py:840} INFO - DAG(s) 'example_short_circuit_operator' retrieved from /home/airflow/.local/lib/python3.8/site-packages/airflow/example_dags/example_short_circuit_operator.py
[2023-12-19T14:32:03.512+0000] {logging_mixin.py:188} INFO - [2023-12-19T14:32:03.511+0000] {dag.py:3033} INFO - Sync 1 DAGs
[2023-12-19T14:32:03.602+0000] {logging_mixin.py:188} INFO - [2023-12-19T14:32:03.601+0000] {dag.py:3820} INFO - Setting next_dagrun for example_short_circuit_operator to 2023-12-18T00:00:00+00:00, run_after=2023-12-19T00:00:00+00:00
[2023-12-19T14:32:03.725+0000] {processor.py:183} INFO - Processing /home/airflow/.local/lib/python3.8/site-packages/airflow/example_dags/example_short_circuit_operator.py took 0.409 seconds
[2023-12-19T14:32:33.973+0000] {processor.py:161} INFO - Started process (PID=825) to work on /home/airflow/.local/lib/python3.8/site-packages/airflow/example_dags/example_short_circuit_operator.py
[2023-12-19T14:32:33.976+0000] {processor.py:830} INFO - Processing file /home/airflow/.local/lib/python3.8/site-packages/airflow/example_dags/example_short_circuit_operator.py for tasks to queue
[2023-12-19T14:32:33.983+0000] {logging_mixin.py:188} INFO - [2023-12-19T14:32:33.982+0000] {dagbag.py:538} INFO - Filling up the DagBag from /home/airflow/.local/lib/python3.8/site-packages/airflow/example_dags/example_short_circuit_operator.py
[2023-12-19T14:32:34.000+0000] {processor.py:840} INFO - DAG(s) 'example_short_circuit_operator' retrieved from /home/airflow/.local/lib/python3.8/site-packages/airflow/example_dags/example_short_circuit_operator.py
[2023-12-19T14:32:34.087+0000] {logging_mixin.py:188} INFO - [2023-12-19T14:32:34.086+0000] {dag.py:3033} INFO - Sync 1 DAGs
[2023-12-19T14:32:34.159+0000] {logging_mixin.py:188} INFO - [2023-12-19T14:32:34.158+0000] {dag.py:3820} INFO - Setting next_dagrun for example_short_circuit_operator to 2023-12-18T00:00:00+00:00, run_after=2023-12-19T00:00:00+00:00
[2023-12-19T14:32:34.227+0000] {processor.py:183} INFO - Processing /home/airflow/.local/lib/python3.8/site-packages/airflow/example_dags/example_short_circuit_operator.py took 0.262 seconds
[2023-12-19T14:33:04.361+0000] {processor.py:161} INFO - Started process (PID=880) to work on /home/airflow/.local/lib/python3.8/site-packages/airflow/example_dags/example_short_circuit_operator.py
[2023-12-19T14:33:04.367+0000] {processor.py:830} INFO - Processing file /home/airflow/.local/lib/python3.8/site-packages/airflow/example_dags/example_short_circuit_operator.py for tasks to queue
[2023-12-19T14:33:04.373+0000] {logging_mixin.py:188} INFO - [2023-12-19T14:33:04.372+0000] {dagbag.py:538} INFO - Filling up the DagBag from /home/airflow/.local/lib/python3.8/site-packages/airflow/example_dags/example_short_circuit_operator.py
[2023-12-19T14:33:04.419+0000] {processor.py:840} INFO - DAG(s) 'example_short_circuit_operator' retrieved from /home/airflow/.local/lib/python3.8/site-packages/airflow/example_dags/example_short_circuit_operator.py
[2023-12-19T14:33:04.524+0000] {logging_mixin.py:188} INFO - [2023-12-19T14:33:04.524+0000] {dag.py:3033} INFO - Sync 1 DAGs
[2023-12-19T14:33:04.613+0000] {logging_mixin.py:188} INFO - [2023-12-19T14:33:04.612+0000] {dag.py:3820} INFO - Setting next_dagrun for example_short_circuit_operator to 2023-12-18T00:00:00+00:00, run_after=2023-12-19T00:00:00+00:00
[2023-12-19T14:33:04.682+0000] {processor.py:183} INFO - Processing /home/airflow/.local/lib/python3.8/site-packages/airflow/example_dags/example_short_circuit_operator.py took 0.331 seconds
[2023-12-19T14:33:35.242+0000] {processor.py:161} INFO - Started process (PID=935) to work on /home/airflow/.local/lib/python3.8/site-packages/airflow/example_dags/example_short_circuit_operator.py
[2023-12-19T14:33:35.245+0000] {processor.py:830} INFO - Processing file /home/airflow/.local/lib/python3.8/site-packages/airflow/example_dags/example_short_circuit_operator.py for tasks to queue
[2023-12-19T14:33:35.252+0000] {logging_mixin.py:188} INFO - [2023-12-19T14:33:35.252+0000] {dagbag.py:538} INFO - Filling up the DagBag from /home/airflow/.local/lib/python3.8/site-packages/airflow/example_dags/example_short_circuit_operator.py
[2023-12-19T14:33:35.273+0000] {processor.py:840} INFO - DAG(s) 'example_short_circuit_operator' retrieved from /home/airflow/.local/lib/python3.8/site-packages/airflow/example_dags/example_short_circuit_operator.py
[2023-12-19T14:33:35.338+0000] {logging_mixin.py:188} INFO - [2023-12-19T14:33:35.338+0000] {dag.py:3033} INFO - Sync 1 DAGs
[2023-12-19T14:33:35.400+0000] {logging_mixin.py:188} INFO - [2023-12-19T14:33:35.400+0000] {dag.py:3820} INFO - Setting next_dagrun for example_short_circuit_operator to 2023-12-18T00:00:00+00:00, run_after=2023-12-19T00:00:00+00:00
[2023-12-19T14:33:35.476+0000] {processor.py:183} INFO - Processing /home/airflow/.local/lib/python3.8/site-packages/airflow/example_dags/example_short_circuit_operator.py took 0.253 seconds
[2023-12-19T14:34:05.592+0000] {processor.py:161} INFO - Started process (PID=990) to work on /home/airflow/.local/lib/python3.8/site-packages/airflow/example_dags/example_short_circuit_operator.py
[2023-12-19T14:34:05.593+0000] {processor.py:830} INFO - Processing file /home/airflow/.local/lib/python3.8/site-packages/airflow/example_dags/example_short_circuit_operator.py for tasks to queue
[2023-12-19T14:34:05.600+0000] {logging_mixin.py:188} INFO - [2023-12-19T14:34:05.599+0000] {dagbag.py:538} INFO - Filling up the DagBag from /home/airflow/.local/lib/python3.8/site-packages/airflow/example_dags/example_short_circuit_operator.py
[2023-12-19T14:34:05.621+0000] {processor.py:840} INFO - DAG(s) 'example_short_circuit_operator' retrieved from /home/airflow/.local/lib/python3.8/site-packages/airflow/example_dags/example_short_circuit_operator.py
[2023-12-19T14:34:05.690+0000] {logging_mixin.py:188} INFO - [2023-12-19T14:34:05.689+0000] {dag.py:3033} INFO - Sync 1 DAGs
[2023-12-19T14:34:05.753+0000] {logging_mixin.py:188} INFO - [2023-12-19T14:34:05.753+0000] {dag.py:3820} INFO - Setting next_dagrun for example_short_circuit_operator to 2023-12-18T00:00:00+00:00, run_after=2023-12-19T00:00:00+00:00
[2023-12-19T14:34:05.792+0000] {processor.py:183} INFO - Processing /home/airflow/.local/lib/python3.8/site-packages/airflow/example_dags/example_short_circuit_operator.py took 0.208 seconds
[2023-12-19T14:34:35.929+0000] {processor.py:161} INFO - Started process (PID=1045) to work on /home/airflow/.local/lib/python3.8/site-packages/airflow/example_dags/example_short_circuit_operator.py
[2023-12-19T14:34:35.935+0000] {processor.py:830} INFO - Processing file /home/airflow/.local/lib/python3.8/site-packages/airflow/example_dags/example_short_circuit_operator.py for tasks to queue
[2023-12-19T14:34:35.944+0000] {logging_mixin.py:188} INFO - [2023-12-19T14:34:35.941+0000] {dagbag.py:538} INFO - Filling up the DagBag from /home/airflow/.local/lib/python3.8/site-packages/airflow/example_dags/example_short_circuit_operator.py
[2023-12-19T14:34:35.996+0000] {processor.py:840} INFO - DAG(s) 'example_short_circuit_operator' retrieved from /home/airflow/.local/lib/python3.8/site-packages/airflow/example_dags/example_short_circuit_operator.py
[2023-12-19T14:34:36.077+0000] {logging_mixin.py:188} INFO - [2023-12-19T14:34:36.076+0000] {dag.py:3033} INFO - Sync 1 DAGs
[2023-12-19T14:34:36.126+0000] {logging_mixin.py:188} INFO - [2023-12-19T14:34:36.126+0000] {dag.py:3820} INFO - Setting next_dagrun for example_short_circuit_operator to 2023-12-18T00:00:00+00:00, run_after=2023-12-19T00:00:00+00:00
[2023-12-19T14:34:36.172+0000] {processor.py:183} INFO - Processing /home/airflow/.local/lib/python3.8/site-packages/airflow/example_dags/example_short_circuit_operator.py took 0.253 seconds
[2023-12-19T14:35:07.116+0000] {processor.py:161} INFO - Started process (PID=1099) to work on /home/airflow/.local/lib/python3.8/site-packages/airflow/example_dags/example_short_circuit_operator.py
[2023-12-19T14:35:07.118+0000] {processor.py:830} INFO - Processing file /home/airflow/.local/lib/python3.8/site-packages/airflow/example_dags/example_short_circuit_operator.py for tasks to queue
[2023-12-19T14:35:07.123+0000] {logging_mixin.py:188} INFO - [2023-12-19T14:35:07.123+0000] {dagbag.py:538} INFO - Filling up the DagBag from /home/airflow/.local/lib/python3.8/site-packages/airflow/example_dags/example_short_circuit_operator.py
[2023-12-19T14:35:07.152+0000] {processor.py:840} INFO - DAG(s) 'example_short_circuit_operator' retrieved from /home/airflow/.local/lib/python3.8/site-packages/airflow/example_dags/example_short_circuit_operator.py
[2023-12-19T14:35:07.220+0000] {logging_mixin.py:188} INFO - [2023-12-19T14:35:07.219+0000] {dag.py:3033} INFO - Sync 1 DAGs
[2023-12-19T14:35:07.302+0000] {logging_mixin.py:188} INFO - [2023-12-19T14:35:07.302+0000] {dag.py:3820} INFO - Setting next_dagrun for example_short_circuit_operator to 2023-12-18T00:00:00+00:00, run_after=2023-12-19T00:00:00+00:00
[2023-12-19T14:35:07.363+0000] {processor.py:183} INFO - Processing /home/airflow/.local/lib/python3.8/site-packages/airflow/example_dags/example_short_circuit_operator.py took 0.254 seconds
[2023-12-19T14:35:37.709+0000] {processor.py:161} INFO - Started process (PID=1154) to work on /home/airflow/.local/lib/python3.8/site-packages/airflow/example_dags/example_short_circuit_operator.py
[2023-12-19T14:35:37.711+0000] {processor.py:830} INFO - Processing file /home/airflow/.local/lib/python3.8/site-packages/airflow/example_dags/example_short_circuit_operator.py for tasks to queue
[2023-12-19T14:35:37.714+0000] {logging_mixin.py:188} INFO - [2023-12-19T14:35:37.714+0000] {dagbag.py:538} INFO - Filling up the DagBag from /home/airflow/.local/lib/python3.8/site-packages/airflow/example_dags/example_short_circuit_operator.py
[2023-12-19T14:35:37.725+0000] {processor.py:840} INFO - DAG(s) 'example_short_circuit_operator' retrieved from /home/airflow/.local/lib/python3.8/site-packages/airflow/example_dags/example_short_circuit_operator.py
[2023-12-19T14:35:37.758+0000] {logging_mixin.py:188} INFO - [2023-12-19T14:35:37.757+0000] {dag.py:3033} INFO - Sync 1 DAGs
[2023-12-19T14:35:37.793+0000] {logging_mixin.py:188} INFO - [2023-12-19T14:35:37.792+0000] {dag.py:3820} INFO - Setting next_dagrun for example_short_circuit_operator to 2023-12-18T00:00:00+00:00, run_after=2023-12-19T00:00:00+00:00
[2023-12-19T14:35:37.815+0000] {processor.py:183} INFO - Processing /home/airflow/.local/lib/python3.8/site-packages/airflow/example_dags/example_short_circuit_operator.py took 0.114 seconds
[2023-12-19T14:36:08.064+0000] {processor.py:161} INFO - Started process (PID=1208) to work on /home/airflow/.local/lib/python3.8/site-packages/airflow/example_dags/example_short_circuit_operator.py
[2023-12-19T14:36:08.065+0000] {processor.py:830} INFO - Processing file /home/airflow/.local/lib/python3.8/site-packages/airflow/example_dags/example_short_circuit_operator.py for tasks to queue
[2023-12-19T14:36:08.068+0000] {logging_mixin.py:188} INFO - [2023-12-19T14:36:08.067+0000] {dagbag.py:538} INFO - Filling up the DagBag from /home/airflow/.local/lib/python3.8/site-packages/airflow/example_dags/example_short_circuit_operator.py
[2023-12-19T14:36:08.081+0000] {processor.py:840} INFO - DAG(s) 'example_short_circuit_operator' retrieved from /home/airflow/.local/lib/python3.8/site-packages/airflow/example_dags/example_short_circuit_operator.py
[2023-12-19T14:36:08.120+0000] {logging_mixin.py:188} INFO - [2023-12-19T14:36:08.120+0000] {dag.py:3033} INFO - Sync 1 DAGs
[2023-12-19T14:36:08.159+0000] {logging_mixin.py:188} INFO - [2023-12-19T14:36:08.159+0000] {dag.py:3820} INFO - Setting next_dagrun for example_short_circuit_operator to 2023-12-18T00:00:00+00:00, run_after=2023-12-19T00:00:00+00:00
[2023-12-19T14:36:08.193+0000] {processor.py:183} INFO - Processing /home/airflow/.local/lib/python3.8/site-packages/airflow/example_dags/example_short_circuit_operator.py took 0.134 seconds
[2023-12-19T14:36:38.693+0000] {processor.py:161} INFO - Started process (PID=1263) to work on /home/airflow/.local/lib/python3.8/site-packages/airflow/example_dags/example_short_circuit_operator.py
[2023-12-19T14:36:38.694+0000] {processor.py:830} INFO - Processing file /home/airflow/.local/lib/python3.8/site-packages/airflow/example_dags/example_short_circuit_operator.py for tasks to queue
[2023-12-19T14:36:38.698+0000] {logging_mixin.py:188} INFO - [2023-12-19T14:36:38.697+0000] {dagbag.py:538} INFO - Filling up the DagBag from /home/airflow/.local/lib/python3.8/site-packages/airflow/example_dags/example_short_circuit_operator.py
[2023-12-19T14:36:38.711+0000] {processor.py:840} INFO - DAG(s) 'example_short_circuit_operator' retrieved from /home/airflow/.local/lib/python3.8/site-packages/airflow/example_dags/example_short_circuit_operator.py
[2023-12-19T14:36:38.751+0000] {logging_mixin.py:188} INFO - [2023-12-19T14:36:38.751+0000] {dag.py:3033} INFO - Sync 1 DAGs
[2023-12-19T14:36:38.788+0000] {logging_mixin.py:188} INFO - [2023-12-19T14:36:38.788+0000] {dag.py:3820} INFO - Setting next_dagrun for example_short_circuit_operator to 2023-12-18T00:00:00+00:00, run_after=2023-12-19T00:00:00+00:00
[2023-12-19T14:36:38.818+0000] {processor.py:183} INFO - Processing /home/airflow/.local/lib/python3.8/site-packages/airflow/example_dags/example_short_circuit_operator.py took 0.130 seconds
