[2023-12-19T14:14:04.604+0000] {processor.py:161} INFO - Started process (PID=61) to work on /home/airflow/.local/lib/python3.8/site-packages/airflow/example_dags/example_task_group_decorator.py
[2023-12-19T14:14:04.606+0000] {processor.py:830} INFO - Processing file /home/airflow/.local/lib/python3.8/site-packages/airflow/example_dags/example_task_group_decorator.py for tasks to queue
[2023-12-19T14:14:04.611+0000] {logging_mixin.py:188} INFO - [2023-12-19T14:14:04.610+0000] {dagbag.py:538} INFO - Filling up the DagBag from /home/airflow/.local/lib/python3.8/site-packages/airflow/example_dags/example_task_group_decorator.py
[2023-12-19T14:14:04.669+0000] {processor.py:840} INFO - DAG(s) 'example_task_group_decorator' retrieved from /home/airflow/.local/lib/python3.8/site-packages/airflow/example_dags/example_task_group_decorator.py
[2023-12-19T14:14:05.685+0000] {logging_mixin.py:188} INFO - [2023-12-19T14:14:05.663+0000] {dag.py:3033} INFO - Sync 1 DAGs
[2023-12-19T14:14:05.972+0000] {logging_mixin.py:188} INFO - [2023-12-19T14:14:05.971+0000] {dag.py:3820} INFO - Setting next_dagrun for example_task_group_decorator to 2023-12-18T00:00:00+00:00, run_after=2023-12-19T00:00:00+00:00
[2023-12-19T14:14:06.206+0000] {processor.py:183} INFO - Processing /home/airflow/.local/lib/python3.8/site-packages/airflow/example_dags/example_task_group_decorator.py took 1.610 seconds
[2023-12-19T14:14:37.276+0000] {processor.py:161} INFO - Started process (PID=116) to work on /home/airflow/.local/lib/python3.8/site-packages/airflow/example_dags/example_task_group_decorator.py
[2023-12-19T14:14:37.279+0000] {processor.py:830} INFO - Processing file /home/airflow/.local/lib/python3.8/site-packages/airflow/example_dags/example_task_group_decorator.py for tasks to queue
[2023-12-19T14:14:37.290+0000] {logging_mixin.py:188} INFO - [2023-12-19T14:14:37.289+0000] {dagbag.py:538} INFO - Filling up the DagBag from /home/airflow/.local/lib/python3.8/site-packages/airflow/example_dags/example_task_group_decorator.py
[2023-12-19T14:14:37.340+0000] {processor.py:840} INFO - DAG(s) 'example_task_group_decorator' retrieved from /home/airflow/.local/lib/python3.8/site-packages/airflow/example_dags/example_task_group_decorator.py
[2023-12-19T14:14:37.404+0000] {logging_mixin.py:188} INFO - [2023-12-19T14:14:37.403+0000] {dag.py:3033} INFO - Sync 1 DAGs
[2023-12-19T14:14:37.459+0000] {logging_mixin.py:188} INFO - [2023-12-19T14:14:37.458+0000] {dag.py:3820} INFO - Setting next_dagrun for example_task_group_decorator to 2023-12-18T00:00:00+00:00, run_after=2023-12-19T00:00:00+00:00
[2023-12-19T14:14:37.510+0000] {processor.py:183} INFO - Processing /home/airflow/.local/lib/python3.8/site-packages/airflow/example_dags/example_task_group_decorator.py took 0.244 seconds
[2023-12-19T14:15:28.103+0000] {processor.py:161} INFO - Started process (PID=172) to work on /home/airflow/.local/lib/python3.8/site-packages/airflow/example_dags/example_task_group_decorator.py
[2023-12-19T14:15:28.129+0000] {processor.py:830} INFO - Processing file /home/airflow/.local/lib/python3.8/site-packages/airflow/example_dags/example_task_group_decorator.py for tasks to queue
[2023-12-19T14:15:28.175+0000] {logging_mixin.py:188} INFO - [2023-12-19T14:15:28.173+0000] {dagbag.py:538} INFO - Filling up the DagBag from /home/airflow/.local/lib/python3.8/site-packages/airflow/example_dags/example_task_group_decorator.py
[2023-12-19T14:15:28.414+0000] {processor.py:840} INFO - DAG(s) 'example_task_group_decorator' retrieved from /home/airflow/.local/lib/python3.8/site-packages/airflow/example_dags/example_task_group_decorator.py
[2023-12-19T14:15:28.593+0000] {logging_mixin.py:188} INFO - [2023-12-19T14:15:28.593+0000] {dag.py:3033} INFO - Sync 1 DAGs
[2023-12-19T14:15:28.656+0000] {logging_mixin.py:188} INFO - [2023-12-19T14:15:28.655+0000] {dag.py:3820} INFO - Setting next_dagrun for example_task_group_decorator to 2023-12-18T00:00:00+00:00, run_after=2023-12-19T00:00:00+00:00
[2023-12-19T14:15:28.815+0000] {processor.py:183} INFO - Processing /home/airflow/.local/lib/python3.8/site-packages/airflow/example_dags/example_task_group_decorator.py took 0.781 seconds
[2023-12-19T14:18:35.524+0000] {processor.py:161} INFO - Started process (PID=53) to work on /home/airflow/.local/lib/python3.8/site-packages/airflow/example_dags/example_task_group_decorator.py
[2023-12-19T14:18:35.528+0000] {processor.py:830} INFO - Processing file /home/airflow/.local/lib/python3.8/site-packages/airflow/example_dags/example_task_group_decorator.py for tasks to queue
[2023-12-19T14:18:35.532+0000] {logging_mixin.py:188} INFO - [2023-12-19T14:18:35.531+0000] {dagbag.py:538} INFO - Filling up the DagBag from /home/airflow/.local/lib/python3.8/site-packages/airflow/example_dags/example_task_group_decorator.py
[2023-12-19T14:18:35.608+0000] {processor.py:840} INFO - DAG(s) 'example_task_group_decorator' retrieved from /home/airflow/.local/lib/python3.8/site-packages/airflow/example_dags/example_task_group_decorator.py
[2023-12-19T14:18:35.774+0000] {logging_mixin.py:188} INFO - [2023-12-19T14:18:35.774+0000] {dag.py:3033} INFO - Sync 1 DAGs
[2023-12-19T14:18:35.930+0000] {logging_mixin.py:188} INFO - [2023-12-19T14:18:35.930+0000] {dag.py:3820} INFO - Setting next_dagrun for example_task_group_decorator to 2023-12-18T00:00:00+00:00, run_after=2023-12-19T00:00:00+00:00
[2023-12-19T14:18:36.066+0000] {processor.py:183} INFO - Processing /home/airflow/.local/lib/python3.8/site-packages/airflow/example_dags/example_task_group_decorator.py took 0.573 seconds
[2023-12-19T14:19:09.132+0000] {processor.py:161} INFO - Started process (PID=109) to work on /home/airflow/.local/lib/python3.8/site-packages/airflow/example_dags/example_task_group_decorator.py
[2023-12-19T14:19:09.144+0000] {processor.py:830} INFO - Processing file /home/airflow/.local/lib/python3.8/site-packages/airflow/example_dags/example_task_group_decorator.py for tasks to queue
[2023-12-19T14:19:09.162+0000] {logging_mixin.py:188} INFO - [2023-12-19T14:19:09.161+0000] {dagbag.py:538} INFO - Filling up the DagBag from /home/airflow/.local/lib/python3.8/site-packages/airflow/example_dags/example_task_group_decorator.py
[2023-12-19T14:19:09.347+0000] {processor.py:840} INFO - DAG(s) 'example_task_group_decorator' retrieved from /home/airflow/.local/lib/python3.8/site-packages/airflow/example_dags/example_task_group_decorator.py
[2023-12-19T14:19:09.529+0000] {logging_mixin.py:188} INFO - [2023-12-19T14:19:09.528+0000] {dag.py:3033} INFO - Sync 1 DAGs
[2023-12-19T14:19:09.861+0000] {logging_mixin.py:188} INFO - [2023-12-19T14:19:09.860+0000] {dag.py:3820} INFO - Setting next_dagrun for example_task_group_decorator to 2023-12-18T00:00:00+00:00, run_after=2023-12-19T00:00:00+00:00
[2023-12-19T14:19:09.957+0000] {processor.py:183} INFO - Processing /home/airflow/.local/lib/python3.8/site-packages/airflow/example_dags/example_task_group_decorator.py took 0.860 seconds
[2023-12-19T14:19:40.392+0000] {processor.py:161} INFO - Started process (PID=164) to work on /home/airflow/.local/lib/python3.8/site-packages/airflow/example_dags/example_task_group_decorator.py
[2023-12-19T14:19:40.394+0000] {processor.py:830} INFO - Processing file /home/airflow/.local/lib/python3.8/site-packages/airflow/example_dags/example_task_group_decorator.py for tasks to queue
[2023-12-19T14:19:40.399+0000] {logging_mixin.py:188} INFO - [2023-12-19T14:19:40.398+0000] {dagbag.py:538} INFO - Filling up the DagBag from /home/airflow/.local/lib/python3.8/site-packages/airflow/example_dags/example_task_group_decorator.py
[2023-12-19T14:19:40.435+0000] {processor.py:840} INFO - DAG(s) 'example_task_group_decorator' retrieved from /home/airflow/.local/lib/python3.8/site-packages/airflow/example_dags/example_task_group_decorator.py
[2023-12-19T14:19:40.487+0000] {logging_mixin.py:188} INFO - [2023-12-19T14:19:40.487+0000] {dag.py:3033} INFO - Sync 1 DAGs
[2023-12-19T14:19:40.533+0000] {logging_mixin.py:188} INFO - [2023-12-19T14:19:40.533+0000] {dag.py:3820} INFO - Setting next_dagrun for example_task_group_decorator to 2023-12-18T00:00:00+00:00, run_after=2023-12-19T00:00:00+00:00
[2023-12-19T14:19:40.574+0000] {processor.py:183} INFO - Processing /home/airflow/.local/lib/python3.8/site-packages/airflow/example_dags/example_task_group_decorator.py took 0.190 seconds
[2023-12-19T14:20:11.005+0000] {processor.py:161} INFO - Started process (PID=219) to work on /home/airflow/.local/lib/python3.8/site-packages/airflow/example_dags/example_task_group_decorator.py
[2023-12-19T14:20:11.007+0000] {processor.py:830} INFO - Processing file /home/airflow/.local/lib/python3.8/site-packages/airflow/example_dags/example_task_group_decorator.py for tasks to queue
[2023-12-19T14:20:11.013+0000] {logging_mixin.py:188} INFO - [2023-12-19T14:20:11.012+0000] {dagbag.py:538} INFO - Filling up the DagBag from /home/airflow/.local/lib/python3.8/site-packages/airflow/example_dags/example_task_group_decorator.py
[2023-12-19T14:20:11.047+0000] {processor.py:840} INFO - DAG(s) 'example_task_group_decorator' retrieved from /home/airflow/.local/lib/python3.8/site-packages/airflow/example_dags/example_task_group_decorator.py
[2023-12-19T14:20:11.098+0000] {logging_mixin.py:188} INFO - [2023-12-19T14:20:11.098+0000] {dag.py:3033} INFO - Sync 1 DAGs
[2023-12-19T14:20:11.145+0000] {logging_mixin.py:188} INFO - [2023-12-19T14:20:11.145+0000] {dag.py:3820} INFO - Setting next_dagrun for example_task_group_decorator to 2023-12-18T00:00:00+00:00, run_after=2023-12-19T00:00:00+00:00
[2023-12-19T14:20:11.188+0000] {processor.py:183} INFO - Processing /home/airflow/.local/lib/python3.8/site-packages/airflow/example_dags/example_task_group_decorator.py took 0.191 seconds
[2023-12-19T14:20:41.608+0000] {processor.py:161} INFO - Started process (PID=275) to work on /home/airflow/.local/lib/python3.8/site-packages/airflow/example_dags/example_task_group_decorator.py
[2023-12-19T14:20:41.611+0000] {processor.py:830} INFO - Processing file /home/airflow/.local/lib/python3.8/site-packages/airflow/example_dags/example_task_group_decorator.py for tasks to queue
[2023-12-19T14:20:41.620+0000] {logging_mixin.py:188} INFO - [2023-12-19T14:20:41.619+0000] {dagbag.py:538} INFO - Filling up the DagBag from /home/airflow/.local/lib/python3.8/site-packages/airflow/example_dags/example_task_group_decorator.py
[2023-12-19T14:20:41.658+0000] {processor.py:840} INFO - DAG(s) 'example_task_group_decorator' retrieved from /home/airflow/.local/lib/python3.8/site-packages/airflow/example_dags/example_task_group_decorator.py
[2023-12-19T14:20:41.725+0000] {logging_mixin.py:188} INFO - [2023-12-19T14:20:41.725+0000] {dag.py:3033} INFO - Sync 1 DAGs
[2023-12-19T14:20:41.785+0000] {logging_mixin.py:188} INFO - [2023-12-19T14:20:41.785+0000] {dag.py:3820} INFO - Setting next_dagrun for example_task_group_decorator to 2023-12-18T00:00:00+00:00, run_after=2023-12-19T00:00:00+00:00
[2023-12-19T14:20:41.843+0000] {processor.py:183} INFO - Processing /home/airflow/.local/lib/python3.8/site-packages/airflow/example_dags/example_task_group_decorator.py took 0.245 seconds
[2023-12-19T14:21:13.102+0000] {processor.py:161} INFO - Started process (PID=329) to work on /home/airflow/.local/lib/python3.8/site-packages/airflow/example_dags/example_task_group_decorator.py
[2023-12-19T14:21:13.119+0000] {processor.py:830} INFO - Processing file /home/airflow/.local/lib/python3.8/site-packages/airflow/example_dags/example_task_group_decorator.py for tasks to queue
[2023-12-19T14:21:13.124+0000] {logging_mixin.py:188} INFO - [2023-12-19T14:21:13.123+0000] {dagbag.py:538} INFO - Filling up the DagBag from /home/airflow/.local/lib/python3.8/site-packages/airflow/example_dags/example_task_group_decorator.py
[2023-12-19T14:21:13.210+0000] {processor.py:840} INFO - DAG(s) 'example_task_group_decorator' retrieved from /home/airflow/.local/lib/python3.8/site-packages/airflow/example_dags/example_task_group_decorator.py
[2023-12-19T14:21:13.369+0000] {logging_mixin.py:188} INFO - [2023-12-19T14:21:13.368+0000] {dag.py:3033} INFO - Sync 1 DAGs
[2023-12-19T14:21:13.528+0000] {logging_mixin.py:188} INFO - [2023-12-19T14:21:13.528+0000] {dag.py:3820} INFO - Setting next_dagrun for example_task_group_decorator to 2023-12-18T00:00:00+00:00, run_after=2023-12-19T00:00:00+00:00
[2023-12-19T14:21:13.620+0000] {processor.py:183} INFO - Processing /home/airflow/.local/lib/python3.8/site-packages/airflow/example_dags/example_task_group_decorator.py took 0.533 seconds
[2023-12-19T14:21:44.370+0000] {processor.py:161} INFO - Started process (PID=384) to work on /home/airflow/.local/lib/python3.8/site-packages/airflow/example_dags/example_task_group_decorator.py
[2023-12-19T14:21:44.375+0000] {processor.py:830} INFO - Processing file /home/airflow/.local/lib/python3.8/site-packages/airflow/example_dags/example_task_group_decorator.py for tasks to queue
[2023-12-19T14:21:44.382+0000] {logging_mixin.py:188} INFO - [2023-12-19T14:21:44.381+0000] {dagbag.py:538} INFO - Filling up the DagBag from /home/airflow/.local/lib/python3.8/site-packages/airflow/example_dags/example_task_group_decorator.py
[2023-12-19T14:21:44.452+0000] {processor.py:840} INFO - DAG(s) 'example_task_group_decorator' retrieved from /home/airflow/.local/lib/python3.8/site-packages/airflow/example_dags/example_task_group_decorator.py
[2023-12-19T14:21:44.530+0000] {logging_mixin.py:188} INFO - [2023-12-19T14:21:44.529+0000] {dag.py:3033} INFO - Sync 1 DAGs
[2023-12-19T14:21:44.611+0000] {logging_mixin.py:188} INFO - [2023-12-19T14:21:44.611+0000] {dag.py:3820} INFO - Setting next_dagrun for example_task_group_decorator to 2023-12-18T00:00:00+00:00, run_after=2023-12-19T00:00:00+00:00
[2023-12-19T14:21:44.680+0000] {processor.py:183} INFO - Processing /home/airflow/.local/lib/python3.8/site-packages/airflow/example_dags/example_task_group_decorator.py took 0.333 seconds
[2023-12-19T14:22:15.587+0000] {processor.py:161} INFO - Started process (PID=439) to work on /home/airflow/.local/lib/python3.8/site-packages/airflow/example_dags/example_task_group_decorator.py
[2023-12-19T14:22:15.589+0000] {processor.py:830} INFO - Processing file /home/airflow/.local/lib/python3.8/site-packages/airflow/example_dags/example_task_group_decorator.py for tasks to queue
[2023-12-19T14:22:15.596+0000] {logging_mixin.py:188} INFO - [2023-12-19T14:22:15.596+0000] {dagbag.py:538} INFO - Filling up the DagBag from /home/airflow/.local/lib/python3.8/site-packages/airflow/example_dags/example_task_group_decorator.py
[2023-12-19T14:22:15.636+0000] {processor.py:840} INFO - DAG(s) 'example_task_group_decorator' retrieved from /home/airflow/.local/lib/python3.8/site-packages/airflow/example_dags/example_task_group_decorator.py
[2023-12-19T14:22:15.754+0000] {logging_mixin.py:188} INFO - [2023-12-19T14:22:15.754+0000] {dag.py:3033} INFO - Sync 1 DAGs
[2023-12-19T14:22:15.865+0000] {logging_mixin.py:188} INFO - [2023-12-19T14:22:15.864+0000] {dag.py:3820} INFO - Setting next_dagrun for example_task_group_decorator to 2023-12-18T00:00:00+00:00, run_after=2023-12-19T00:00:00+00:00
[2023-12-19T14:22:15.953+0000] {processor.py:183} INFO - Processing /home/airflow/.local/lib/python3.8/site-packages/airflow/example_dags/example_task_group_decorator.py took 0.375 seconds
[2023-12-19T14:23:21.565+0000] {processor.py:161} INFO - Started process (PID=53) to work on /home/airflow/.local/lib/python3.8/site-packages/airflow/example_dags/example_task_group_decorator.py
[2023-12-19T14:23:21.567+0000] {processor.py:830} INFO - Processing file /home/airflow/.local/lib/python3.8/site-packages/airflow/example_dags/example_task_group_decorator.py for tasks to queue
[2023-12-19T14:23:21.574+0000] {logging_mixin.py:188} INFO - [2023-12-19T14:23:21.573+0000] {dagbag.py:538} INFO - Filling up the DagBag from /home/airflow/.local/lib/python3.8/site-packages/airflow/example_dags/example_task_group_decorator.py
[2023-12-19T14:23:21.641+0000] {processor.py:840} INFO - DAG(s) 'example_task_group_decorator' retrieved from /home/airflow/.local/lib/python3.8/site-packages/airflow/example_dags/example_task_group_decorator.py
[2023-12-19T14:23:21.811+0000] {logging_mixin.py:188} INFO - [2023-12-19T14:23:21.810+0000] {dag.py:3033} INFO - Sync 1 DAGs
[2023-12-19T14:23:21.900+0000] {logging_mixin.py:188} INFO - [2023-12-19T14:23:21.900+0000] {dag.py:3820} INFO - Setting next_dagrun for example_task_group_decorator to 2023-12-18T00:00:00+00:00, run_after=2023-12-19T00:00:00+00:00
[2023-12-19T14:23:22.033+0000] {processor.py:183} INFO - Processing /home/airflow/.local/lib/python3.8/site-packages/airflow/example_dags/example_task_group_decorator.py took 0.478 seconds
[2023-12-19T14:23:52.676+0000] {processor.py:161} INFO - Started process (PID=107) to work on /home/airflow/.local/lib/python3.8/site-packages/airflow/example_dags/example_task_group_decorator.py
[2023-12-19T14:23:52.679+0000] {processor.py:830} INFO - Processing file /home/airflow/.local/lib/python3.8/site-packages/airflow/example_dags/example_task_group_decorator.py for tasks to queue
[2023-12-19T14:23:52.685+0000] {logging_mixin.py:188} INFO - [2023-12-19T14:23:52.685+0000] {dagbag.py:538} INFO - Filling up the DagBag from /home/airflow/.local/lib/python3.8/site-packages/airflow/example_dags/example_task_group_decorator.py
[2023-12-19T14:23:52.720+0000] {processor.py:840} INFO - DAG(s) 'example_task_group_decorator' retrieved from /home/airflow/.local/lib/python3.8/site-packages/airflow/example_dags/example_task_group_decorator.py
[2023-12-19T14:23:52.749+0000] {logging_mixin.py:188} INFO - [2023-12-19T14:23:52.748+0000] {dag.py:3033} INFO - Sync 1 DAGs
[2023-12-19T14:23:52.853+0000] {logging_mixin.py:188} INFO - [2023-12-19T14:23:52.852+0000] {dag.py:3820} INFO - Setting next_dagrun for example_task_group_decorator to 2023-12-18T00:00:00+00:00, run_after=2023-12-19T00:00:00+00:00
[2023-12-19T14:23:53.024+0000] {processor.py:183} INFO - Processing /home/airflow/.local/lib/python3.8/site-packages/airflow/example_dags/example_task_group_decorator.py took 0.356 seconds
[2023-12-19T14:25:21.525+0000] {processor.py:161} INFO - Started process (PID=59) to work on /home/airflow/.local/lib/python3.8/site-packages/airflow/example_dags/example_task_group_decorator.py
[2023-12-19T14:25:21.567+0000] {processor.py:830} INFO - Processing file /home/airflow/.local/lib/python3.8/site-packages/airflow/example_dags/example_task_group_decorator.py for tasks to queue
[2023-12-19T14:25:21.582+0000] {logging_mixin.py:188} INFO - [2023-12-19T14:25:21.581+0000] {dagbag.py:538} INFO - Filling up the DagBag from /home/airflow/.local/lib/python3.8/site-packages/airflow/example_dags/example_task_group_decorator.py
[2023-12-19T14:25:21.748+0000] {processor.py:840} INFO - DAG(s) 'example_task_group_decorator' retrieved from /home/airflow/.local/lib/python3.8/site-packages/airflow/example_dags/example_task_group_decorator.py
[2023-12-19T14:25:22.518+0000] {logging_mixin.py:188} INFO - [2023-12-19T14:25:22.517+0000] {dag.py:3033} INFO - Sync 1 DAGs
[2023-12-19T14:25:22.625+0000] {logging_mixin.py:188} INFO - [2023-12-19T14:25:22.625+0000] {dag.py:3820} INFO - Setting next_dagrun for example_task_group_decorator to 2023-12-18T00:00:00+00:00, run_after=2023-12-19T00:00:00+00:00
[2023-12-19T14:25:22.781+0000] {processor.py:183} INFO - Processing /home/airflow/.local/lib/python3.8/site-packages/airflow/example_dags/example_task_group_decorator.py took 1.280 seconds
[2023-12-19T14:25:52.957+0000] {processor.py:161} INFO - Started process (PID=114) to work on /home/airflow/.local/lib/python3.8/site-packages/airflow/example_dags/example_task_group_decorator.py
[2023-12-19T14:25:52.959+0000] {processor.py:830} INFO - Processing file /home/airflow/.local/lib/python3.8/site-packages/airflow/example_dags/example_task_group_decorator.py for tasks to queue
[2023-12-19T14:25:52.962+0000] {logging_mixin.py:188} INFO - [2023-12-19T14:25:52.962+0000] {dagbag.py:538} INFO - Filling up the DagBag from /home/airflow/.local/lib/python3.8/site-packages/airflow/example_dags/example_task_group_decorator.py
[2023-12-19T14:25:52.988+0000] {processor.py:840} INFO - DAG(s) 'example_task_group_decorator' retrieved from /home/airflow/.local/lib/python3.8/site-packages/airflow/example_dags/example_task_group_decorator.py
[2023-12-19T14:25:53.032+0000] {logging_mixin.py:188} INFO - [2023-12-19T14:25:53.032+0000] {dag.py:3033} INFO - Sync 1 DAGs
[2023-12-19T14:25:53.074+0000] {logging_mixin.py:188} INFO - [2023-12-19T14:25:53.073+0000] {dag.py:3820} INFO - Setting next_dagrun for example_task_group_decorator to 2023-12-18T00:00:00+00:00, run_after=2023-12-19T00:00:00+00:00
[2023-12-19T14:25:53.108+0000] {processor.py:183} INFO - Processing /home/airflow/.local/lib/python3.8/site-packages/airflow/example_dags/example_task_group_decorator.py took 0.157 seconds
[2023-12-19T14:26:23.479+0000] {processor.py:161} INFO - Started process (PID=168) to work on /home/airflow/.local/lib/python3.8/site-packages/airflow/example_dags/example_task_group_decorator.py
[2023-12-19T14:26:23.481+0000] {processor.py:830} INFO - Processing file /home/airflow/.local/lib/python3.8/site-packages/airflow/example_dags/example_task_group_decorator.py for tasks to queue
[2023-12-19T14:26:23.485+0000] {logging_mixin.py:188} INFO - [2023-12-19T14:26:23.484+0000] {dagbag.py:538} INFO - Filling up the DagBag from /home/airflow/.local/lib/python3.8/site-packages/airflow/example_dags/example_task_group_decorator.py
[2023-12-19T14:26:23.516+0000] {processor.py:840} INFO - DAG(s) 'example_task_group_decorator' retrieved from /home/airflow/.local/lib/python3.8/site-packages/airflow/example_dags/example_task_group_decorator.py
[2023-12-19T14:26:23.565+0000] {logging_mixin.py:188} INFO - [2023-12-19T14:26:23.565+0000] {dag.py:3033} INFO - Sync 1 DAGs
[2023-12-19T14:26:23.616+0000] {logging_mixin.py:188} INFO - [2023-12-19T14:26:23.615+0000] {dag.py:3820} INFO - Setting next_dagrun for example_task_group_decorator to 2023-12-18T00:00:00+00:00, run_after=2023-12-19T00:00:00+00:00
[2023-12-19T14:26:23.664+0000] {processor.py:183} INFO - Processing /home/airflow/.local/lib/python3.8/site-packages/airflow/example_dags/example_task_group_decorator.py took 0.191 seconds
[2023-12-19T14:26:54.544+0000] {processor.py:161} INFO - Started process (PID=223) to work on /home/airflow/.local/lib/python3.8/site-packages/airflow/example_dags/example_task_group_decorator.py
[2023-12-19T14:26:54.546+0000] {processor.py:830} INFO - Processing file /home/airflow/.local/lib/python3.8/site-packages/airflow/example_dags/example_task_group_decorator.py for tasks to queue
[2023-12-19T14:26:54.550+0000] {logging_mixin.py:188} INFO - [2023-12-19T14:26:54.549+0000] {dagbag.py:538} INFO - Filling up the DagBag from /home/airflow/.local/lib/python3.8/site-packages/airflow/example_dags/example_task_group_decorator.py
[2023-12-19T14:26:54.586+0000] {processor.py:840} INFO - DAG(s) 'example_task_group_decorator' retrieved from /home/airflow/.local/lib/python3.8/site-packages/airflow/example_dags/example_task_group_decorator.py
[2023-12-19T14:26:54.644+0000] {logging_mixin.py:188} INFO - [2023-12-19T14:26:54.643+0000] {dag.py:3033} INFO - Sync 1 DAGs
[2023-12-19T14:26:54.697+0000] {logging_mixin.py:188} INFO - [2023-12-19T14:26:54.697+0000] {dag.py:3820} INFO - Setting next_dagrun for example_task_group_decorator to 2023-12-18T00:00:00+00:00, run_after=2023-12-19T00:00:00+00:00
[2023-12-19T14:26:54.738+0000] {processor.py:183} INFO - Processing /home/airflow/.local/lib/python3.8/site-packages/airflow/example_dags/example_task_group_decorator.py took 0.202 seconds
[2023-12-19T14:27:24.944+0000] {processor.py:161} INFO - Started process (PID=278) to work on /home/airflow/.local/lib/python3.8/site-packages/airflow/example_dags/example_task_group_decorator.py
[2023-12-19T14:27:24.946+0000] {processor.py:830} INFO - Processing file /home/airflow/.local/lib/python3.8/site-packages/airflow/example_dags/example_task_group_decorator.py for tasks to queue
[2023-12-19T14:27:24.950+0000] {logging_mixin.py:188} INFO - [2023-12-19T14:27:24.950+0000] {dagbag.py:538} INFO - Filling up the DagBag from /home/airflow/.local/lib/python3.8/site-packages/airflow/example_dags/example_task_group_decorator.py
[2023-12-19T14:27:24.979+0000] {processor.py:840} INFO - DAG(s) 'example_task_group_decorator' retrieved from /home/airflow/.local/lib/python3.8/site-packages/airflow/example_dags/example_task_group_decorator.py
[2023-12-19T14:27:25.033+0000] {logging_mixin.py:188} INFO - [2023-12-19T14:27:25.033+0000] {dag.py:3033} INFO - Sync 1 DAGs
[2023-12-19T14:27:25.080+0000] {logging_mixin.py:188} INFO - [2023-12-19T14:27:25.079+0000] {dag.py:3820} INFO - Setting next_dagrun for example_task_group_decorator to 2023-12-18T00:00:00+00:00, run_after=2023-12-19T00:00:00+00:00
[2023-12-19T14:27:25.118+0000] {processor.py:183} INFO - Processing /home/airflow/.local/lib/python3.8/site-packages/airflow/example_dags/example_task_group_decorator.py took 0.180 seconds
[2023-12-19T14:27:56.162+0000] {processor.py:161} INFO - Started process (PID=333) to work on /home/airflow/.local/lib/python3.8/site-packages/airflow/example_dags/example_task_group_decorator.py
[2023-12-19T14:27:56.164+0000] {processor.py:830} INFO - Processing file /home/airflow/.local/lib/python3.8/site-packages/airflow/example_dags/example_task_group_decorator.py for tasks to queue
[2023-12-19T14:27:56.169+0000] {logging_mixin.py:188} INFO - [2023-12-19T14:27:56.169+0000] {dagbag.py:538} INFO - Filling up the DagBag from /home/airflow/.local/lib/python3.8/site-packages/airflow/example_dags/example_task_group_decorator.py
[2023-12-19T14:27:56.202+0000] {processor.py:840} INFO - DAG(s) 'example_task_group_decorator' retrieved from /home/airflow/.local/lib/python3.8/site-packages/airflow/example_dags/example_task_group_decorator.py
[2023-12-19T14:27:56.245+0000] {logging_mixin.py:188} INFO - [2023-12-19T14:27:56.244+0000] {dag.py:3033} INFO - Sync 1 DAGs
[2023-12-19T14:27:56.285+0000] {logging_mixin.py:188} INFO - [2023-12-19T14:27:56.285+0000] {dag.py:3820} INFO - Setting next_dagrun for example_task_group_decorator to 2023-12-18T00:00:00+00:00, run_after=2023-12-19T00:00:00+00:00
[2023-12-19T14:27:56.321+0000] {processor.py:183} INFO - Processing /home/airflow/.local/lib/python3.8/site-packages/airflow/example_dags/example_task_group_decorator.py took 0.167 seconds
[2023-12-19T14:28:26.991+0000] {processor.py:161} INFO - Started process (PID=388) to work on /home/airflow/.local/lib/python3.8/site-packages/airflow/example_dags/example_task_group_decorator.py
[2023-12-19T14:28:26.995+0000] {processor.py:830} INFO - Processing file /home/airflow/.local/lib/python3.8/site-packages/airflow/example_dags/example_task_group_decorator.py for tasks to queue
[2023-12-19T14:28:27.003+0000] {logging_mixin.py:188} INFO - [2023-12-19T14:28:27.002+0000] {dagbag.py:538} INFO - Filling up the DagBag from /home/airflow/.local/lib/python3.8/site-packages/airflow/example_dags/example_task_group_decorator.py
[2023-12-19T14:28:27.044+0000] {processor.py:840} INFO - DAG(s) 'example_task_group_decorator' retrieved from /home/airflow/.local/lib/python3.8/site-packages/airflow/example_dags/example_task_group_decorator.py
[2023-12-19T14:28:27.128+0000] {logging_mixin.py:188} INFO - [2023-12-19T14:28:27.127+0000] {dag.py:3033} INFO - Sync 1 DAGs
[2023-12-19T14:28:27.204+0000] {logging_mixin.py:188} INFO - [2023-12-19T14:28:27.204+0000] {dag.py:3820} INFO - Setting next_dagrun for example_task_group_decorator to 2023-12-18T00:00:00+00:00, run_after=2023-12-19T00:00:00+00:00
[2023-12-19T14:28:27.265+0000] {processor.py:183} INFO - Processing /home/airflow/.local/lib/python3.8/site-packages/airflow/example_dags/example_task_group_decorator.py took 0.283 seconds
[2023-12-19T14:28:57.409+0000] {processor.py:161} INFO - Started process (PID=443) to work on /home/airflow/.local/lib/python3.8/site-packages/airflow/example_dags/example_task_group_decorator.py
[2023-12-19T14:28:57.411+0000] {processor.py:830} INFO - Processing file /home/airflow/.local/lib/python3.8/site-packages/airflow/example_dags/example_task_group_decorator.py for tasks to queue
[2023-12-19T14:28:57.415+0000] {logging_mixin.py:188} INFO - [2023-12-19T14:28:57.415+0000] {dagbag.py:538} INFO - Filling up the DagBag from /home/airflow/.local/lib/python3.8/site-packages/airflow/example_dags/example_task_group_decorator.py
[2023-12-19T14:28:57.448+0000] {processor.py:840} INFO - DAG(s) 'example_task_group_decorator' retrieved from /home/airflow/.local/lib/python3.8/site-packages/airflow/example_dags/example_task_group_decorator.py
[2023-12-19T14:28:57.512+0000] {logging_mixin.py:188} INFO - [2023-12-19T14:28:57.512+0000] {dag.py:3033} INFO - Sync 1 DAGs
[2023-12-19T14:28:57.576+0000] {logging_mixin.py:188} INFO - [2023-12-19T14:28:57.575+0000] {dag.py:3820} INFO - Setting next_dagrun for example_task_group_decorator to 2023-12-18T00:00:00+00:00, run_after=2023-12-19T00:00:00+00:00
[2023-12-19T14:28:57.631+0000] {processor.py:183} INFO - Processing /home/airflow/.local/lib/python3.8/site-packages/airflow/example_dags/example_task_group_decorator.py took 0.229 seconds
[2023-12-19T14:29:28.087+0000] {processor.py:161} INFO - Started process (PID=498) to work on /home/airflow/.local/lib/python3.8/site-packages/airflow/example_dags/example_task_group_decorator.py
[2023-12-19T14:29:28.089+0000] {processor.py:830} INFO - Processing file /home/airflow/.local/lib/python3.8/site-packages/airflow/example_dags/example_task_group_decorator.py for tasks to queue
[2023-12-19T14:29:28.094+0000] {logging_mixin.py:188} INFO - [2023-12-19T14:29:28.093+0000] {dagbag.py:538} INFO - Filling up the DagBag from /home/airflow/.local/lib/python3.8/site-packages/airflow/example_dags/example_task_group_decorator.py
[2023-12-19T14:29:28.123+0000] {processor.py:840} INFO - DAG(s) 'example_task_group_decorator' retrieved from /home/airflow/.local/lib/python3.8/site-packages/airflow/example_dags/example_task_group_decorator.py
[2023-12-19T14:29:28.181+0000] {logging_mixin.py:188} INFO - [2023-12-19T14:29:28.180+0000] {dag.py:3033} INFO - Sync 1 DAGs
[2023-12-19T14:29:28.226+0000] {logging_mixin.py:188} INFO - [2023-12-19T14:29:28.226+0000] {dag.py:3820} INFO - Setting next_dagrun for example_task_group_decorator to 2023-12-18T00:00:00+00:00, run_after=2023-12-19T00:00:00+00:00
[2023-12-19T14:29:28.269+0000] {processor.py:183} INFO - Processing /home/airflow/.local/lib/python3.8/site-packages/airflow/example_dags/example_task_group_decorator.py took 0.188 seconds
[2023-12-19T14:29:58.982+0000] {processor.py:161} INFO - Started process (PID=553) to work on /home/airflow/.local/lib/python3.8/site-packages/airflow/example_dags/example_task_group_decorator.py
[2023-12-19T14:29:58.986+0000] {processor.py:830} INFO - Processing file /home/airflow/.local/lib/python3.8/site-packages/airflow/example_dags/example_task_group_decorator.py for tasks to queue
[2023-12-19T14:29:58.992+0000] {logging_mixin.py:188} INFO - [2023-12-19T14:29:58.992+0000] {dagbag.py:538} INFO - Filling up the DagBag from /home/airflow/.local/lib/python3.8/site-packages/airflow/example_dags/example_task_group_decorator.py
[2023-12-19T14:29:59.027+0000] {processor.py:840} INFO - DAG(s) 'example_task_group_decorator' retrieved from /home/airflow/.local/lib/python3.8/site-packages/airflow/example_dags/example_task_group_decorator.py
[2023-12-19T14:29:59.084+0000] {logging_mixin.py:188} INFO - [2023-12-19T14:29:59.083+0000] {dag.py:3033} INFO - Sync 1 DAGs
[2023-12-19T14:29:59.130+0000] {logging_mixin.py:188} INFO - [2023-12-19T14:29:59.129+0000] {dag.py:3820} INFO - Setting next_dagrun for example_task_group_decorator to 2023-12-18T00:00:00+00:00, run_after=2023-12-19T00:00:00+00:00
[2023-12-19T14:29:59.172+0000] {processor.py:183} INFO - Processing /home/airflow/.local/lib/python3.8/site-packages/airflow/example_dags/example_task_group_decorator.py took 0.196 seconds
[2023-12-19T14:30:29.906+0000] {processor.py:161} INFO - Started process (PID=608) to work on /home/airflow/.local/lib/python3.8/site-packages/airflow/example_dags/example_task_group_decorator.py
[2023-12-19T14:30:29.907+0000] {processor.py:830} INFO - Processing file /home/airflow/.local/lib/python3.8/site-packages/airflow/example_dags/example_task_group_decorator.py for tasks to queue
[2023-12-19T14:30:29.912+0000] {logging_mixin.py:188} INFO - [2023-12-19T14:30:29.911+0000] {dagbag.py:538} INFO - Filling up the DagBag from /home/airflow/.local/lib/python3.8/site-packages/airflow/example_dags/example_task_group_decorator.py
[2023-12-19T14:30:29.945+0000] {processor.py:840} INFO - DAG(s) 'example_task_group_decorator' retrieved from /home/airflow/.local/lib/python3.8/site-packages/airflow/example_dags/example_task_group_decorator.py
[2023-12-19T14:30:30.029+0000] {logging_mixin.py:188} INFO - [2023-12-19T14:30:30.029+0000] {dag.py:3033} INFO - Sync 1 DAGs
[2023-12-19T14:30:30.096+0000] {logging_mixin.py:188} INFO - [2023-12-19T14:30:30.095+0000] {dag.py:3820} INFO - Setting next_dagrun for example_task_group_decorator to 2023-12-18T00:00:00+00:00, run_after=2023-12-19T00:00:00+00:00
[2023-12-19T14:30:30.142+0000] {processor.py:183} INFO - Processing /home/airflow/.local/lib/python3.8/site-packages/airflow/example_dags/example_task_group_decorator.py took 0.245 seconds
[2023-12-19T14:31:00.742+0000] {processor.py:161} INFO - Started process (PID=663) to work on /home/airflow/.local/lib/python3.8/site-packages/airflow/example_dags/example_task_group_decorator.py
[2023-12-19T14:31:00.755+0000] {processor.py:830} INFO - Processing file /home/airflow/.local/lib/python3.8/site-packages/airflow/example_dags/example_task_group_decorator.py for tasks to queue
[2023-12-19T14:31:00.761+0000] {logging_mixin.py:188} INFO - [2023-12-19T14:31:00.760+0000] {dagbag.py:538} INFO - Filling up the DagBag from /home/airflow/.local/lib/python3.8/site-packages/airflow/example_dags/example_task_group_decorator.py
[2023-12-19T14:31:00.838+0000] {processor.py:840} INFO - DAG(s) 'example_task_group_decorator' retrieved from /home/airflow/.local/lib/python3.8/site-packages/airflow/example_dags/example_task_group_decorator.py
[2023-12-19T14:31:00.919+0000] {logging_mixin.py:188} INFO - [2023-12-19T14:31:00.918+0000] {dag.py:3033} INFO - Sync 1 DAGs
[2023-12-19T14:31:01.088+0000] {logging_mixin.py:188} INFO - [2023-12-19T14:31:01.087+0000] {dag.py:3820} INFO - Setting next_dagrun for example_task_group_decorator to 2023-12-18T00:00:00+00:00, run_after=2023-12-19T00:00:00+00:00
[2023-12-19T14:31:01.188+0000] {processor.py:183} INFO - Processing /home/airflow/.local/lib/python3.8/site-packages/airflow/example_dags/example_task_group_decorator.py took 0.467 seconds
[2023-12-19T14:31:31.427+0000] {processor.py:161} INFO - Started process (PID=716) to work on /home/airflow/.local/lib/python3.8/site-packages/airflow/example_dags/example_task_group_decorator.py
[2023-12-19T14:31:31.431+0000] {processor.py:830} INFO - Processing file /home/airflow/.local/lib/python3.8/site-packages/airflow/example_dags/example_task_group_decorator.py for tasks to queue
[2023-12-19T14:31:31.438+0000] {logging_mixin.py:188} INFO - [2023-12-19T14:31:31.437+0000] {dagbag.py:538} INFO - Filling up the DagBag from /home/airflow/.local/lib/python3.8/site-packages/airflow/example_dags/example_task_group_decorator.py
[2023-12-19T14:31:31.519+0000] {processor.py:840} INFO - DAG(s) 'example_task_group_decorator' retrieved from /home/airflow/.local/lib/python3.8/site-packages/airflow/example_dags/example_task_group_decorator.py
[2023-12-19T14:31:31.598+0000] {logging_mixin.py:188} INFO - [2023-12-19T14:31:31.598+0000] {dag.py:3033} INFO - Sync 1 DAGs
[2023-12-19T14:31:31.678+0000] {logging_mixin.py:188} INFO - [2023-12-19T14:31:31.677+0000] {dag.py:3820} INFO - Setting next_dagrun for example_task_group_decorator to 2023-12-18T00:00:00+00:00, run_after=2023-12-19T00:00:00+00:00
[2023-12-19T14:31:31.744+0000] {processor.py:183} INFO - Processing /home/airflow/.local/lib/python3.8/site-packages/airflow/example_dags/example_task_group_decorator.py took 0.325 seconds
[2023-12-19T14:32:02.078+0000] {processor.py:161} INFO - Started process (PID=769) to work on /home/airflow/.local/lib/python3.8/site-packages/airflow/example_dags/example_task_group_decorator.py
[2023-12-19T14:32:02.088+0000] {processor.py:830} INFO - Processing file /home/airflow/.local/lib/python3.8/site-packages/airflow/example_dags/example_task_group_decorator.py for tasks to queue
[2023-12-19T14:32:02.104+0000] {logging_mixin.py:188} INFO - [2023-12-19T14:32:02.094+0000] {dagbag.py:538} INFO - Filling up the DagBag from /home/airflow/.local/lib/python3.8/site-packages/airflow/example_dags/example_task_group_decorator.py
[2023-12-19T14:32:02.213+0000] {processor.py:840} INFO - DAG(s) 'example_task_group_decorator' retrieved from /home/airflow/.local/lib/python3.8/site-packages/airflow/example_dags/example_task_group_decorator.py
[2023-12-19T14:32:02.401+0000] {logging_mixin.py:188} INFO - [2023-12-19T14:32:02.400+0000] {dag.py:3033} INFO - Sync 1 DAGs
[2023-12-19T14:32:02.562+0000] {logging_mixin.py:188} INFO - [2023-12-19T14:32:02.561+0000] {dag.py:3820} INFO - Setting next_dagrun for example_task_group_decorator to 2023-12-18T00:00:00+00:00, run_after=2023-12-19T00:00:00+00:00
[2023-12-19T14:32:02.672+0000] {processor.py:183} INFO - Processing /home/airflow/.local/lib/python3.8/site-packages/airflow/example_dags/example_task_group_decorator.py took 0.625 seconds
[2023-12-19T14:32:32.913+0000] {processor.py:161} INFO - Started process (PID=823) to work on /home/airflow/.local/lib/python3.8/site-packages/airflow/example_dags/example_task_group_decorator.py
[2023-12-19T14:32:32.916+0000] {processor.py:830} INFO - Processing file /home/airflow/.local/lib/python3.8/site-packages/airflow/example_dags/example_task_group_decorator.py for tasks to queue
[2023-12-19T14:32:32.923+0000] {logging_mixin.py:188} INFO - [2023-12-19T14:32:32.922+0000] {dagbag.py:538} INFO - Filling up the DagBag from /home/airflow/.local/lib/python3.8/site-packages/airflow/example_dags/example_task_group_decorator.py
[2023-12-19T14:32:32.963+0000] {processor.py:840} INFO - DAG(s) 'example_task_group_decorator' retrieved from /home/airflow/.local/lib/python3.8/site-packages/airflow/example_dags/example_task_group_decorator.py
[2023-12-19T14:32:33.035+0000] {logging_mixin.py:188} INFO - [2023-12-19T14:32:33.034+0000] {dag.py:3033} INFO - Sync 1 DAGs
[2023-12-19T14:32:33.098+0000] {logging_mixin.py:188} INFO - [2023-12-19T14:32:33.097+0000] {dag.py:3820} INFO - Setting next_dagrun for example_task_group_decorator to 2023-12-18T00:00:00+00:00, run_after=2023-12-19T00:00:00+00:00
[2023-12-19T14:32:33.159+0000] {processor.py:183} INFO - Processing /home/airflow/.local/lib/python3.8/site-packages/airflow/example_dags/example_task_group_decorator.py took 0.255 seconds
[2023-12-19T14:33:03.295+0000] {processor.py:161} INFO - Started process (PID=878) to work on /home/airflow/.local/lib/python3.8/site-packages/airflow/example_dags/example_task_group_decorator.py
[2023-12-19T14:33:03.300+0000] {processor.py:830} INFO - Processing file /home/airflow/.local/lib/python3.8/site-packages/airflow/example_dags/example_task_group_decorator.py for tasks to queue
[2023-12-19T14:33:03.312+0000] {logging_mixin.py:188} INFO - [2023-12-19T14:33:03.312+0000] {dagbag.py:538} INFO - Filling up the DagBag from /home/airflow/.local/lib/python3.8/site-packages/airflow/example_dags/example_task_group_decorator.py
[2023-12-19T14:33:03.361+0000] {processor.py:840} INFO - DAG(s) 'example_task_group_decorator' retrieved from /home/airflow/.local/lib/python3.8/site-packages/airflow/example_dags/example_task_group_decorator.py
[2023-12-19T14:33:03.457+0000] {logging_mixin.py:188} INFO - [2023-12-19T14:33:03.457+0000] {dag.py:3033} INFO - Sync 1 DAGs
[2023-12-19T14:33:03.518+0000] {logging_mixin.py:188} INFO - [2023-12-19T14:33:03.518+0000] {dag.py:3820} INFO - Setting next_dagrun for example_task_group_decorator to 2023-12-18T00:00:00+00:00, run_after=2023-12-19T00:00:00+00:00
[2023-12-19T14:33:03.575+0000] {processor.py:183} INFO - Processing /home/airflow/.local/lib/python3.8/site-packages/airflow/example_dags/example_task_group_decorator.py took 0.288 seconds
[2023-12-19T14:33:33.922+0000] {processor.py:161} INFO - Started process (PID=933) to work on /home/airflow/.local/lib/python3.8/site-packages/airflow/example_dags/example_task_group_decorator.py
[2023-12-19T14:33:33.924+0000] {processor.py:830} INFO - Processing file /home/airflow/.local/lib/python3.8/site-packages/airflow/example_dags/example_task_group_decorator.py for tasks to queue
[2023-12-19T14:33:33.930+0000] {logging_mixin.py:188} INFO - [2023-12-19T14:33:33.930+0000] {dagbag.py:538} INFO - Filling up the DagBag from /home/airflow/.local/lib/python3.8/site-packages/airflow/example_dags/example_task_group_decorator.py
[2023-12-19T14:33:34.000+0000] {processor.py:840} INFO - DAG(s) 'example_task_group_decorator' retrieved from /home/airflow/.local/lib/python3.8/site-packages/airflow/example_dags/example_task_group_decorator.py
[2023-12-19T14:33:34.082+0000] {logging_mixin.py:188} INFO - [2023-12-19T14:33:34.080+0000] {dag.py:3033} INFO - Sync 1 DAGs
[2023-12-19T14:33:34.145+0000] {logging_mixin.py:188} INFO - [2023-12-19T14:33:34.144+0000] {dag.py:3820} INFO - Setting next_dagrun for example_task_group_decorator to 2023-12-18T00:00:00+00:00, run_after=2023-12-19T00:00:00+00:00
[2023-12-19T14:33:34.188+0000] {processor.py:183} INFO - Processing /home/airflow/.local/lib/python3.8/site-packages/airflow/example_dags/example_task_group_decorator.py took 0.279 seconds
[2023-12-19T14:34:04.457+0000] {processor.py:161} INFO - Started process (PID=988) to work on /home/airflow/.local/lib/python3.8/site-packages/airflow/example_dags/example_task_group_decorator.py
[2023-12-19T14:34:04.460+0000] {processor.py:830} INFO - Processing file /home/airflow/.local/lib/python3.8/site-packages/airflow/example_dags/example_task_group_decorator.py for tasks to queue
[2023-12-19T14:34:04.466+0000] {logging_mixin.py:188} INFO - [2023-12-19T14:34:04.465+0000] {dagbag.py:538} INFO - Filling up the DagBag from /home/airflow/.local/lib/python3.8/site-packages/airflow/example_dags/example_task_group_decorator.py
[2023-12-19T14:34:04.498+0000] {processor.py:840} INFO - DAG(s) 'example_task_group_decorator' retrieved from /home/airflow/.local/lib/python3.8/site-packages/airflow/example_dags/example_task_group_decorator.py
[2023-12-19T14:34:04.552+0000] {logging_mixin.py:188} INFO - [2023-12-19T14:34:04.551+0000] {dag.py:3033} INFO - Sync 1 DAGs
[2023-12-19T14:34:04.596+0000] {logging_mixin.py:188} INFO - [2023-12-19T14:34:04.596+0000] {dag.py:3820} INFO - Setting next_dagrun for example_task_group_decorator to 2023-12-18T00:00:00+00:00, run_after=2023-12-19T00:00:00+00:00
[2023-12-19T14:34:04.637+0000] {processor.py:183} INFO - Processing /home/airflow/.local/lib/python3.8/site-packages/airflow/example_dags/example_task_group_decorator.py took 0.186 seconds
[2023-12-19T14:34:34.896+0000] {processor.py:161} INFO - Started process (PID=1043) to work on /home/airflow/.local/lib/python3.8/site-packages/airflow/example_dags/example_task_group_decorator.py
[2023-12-19T14:34:34.905+0000] {processor.py:830} INFO - Processing file /home/airflow/.local/lib/python3.8/site-packages/airflow/example_dags/example_task_group_decorator.py for tasks to queue
[2023-12-19T14:34:34.914+0000] {logging_mixin.py:188} INFO - [2023-12-19T14:34:34.913+0000] {dagbag.py:538} INFO - Filling up the DagBag from /home/airflow/.local/lib/python3.8/site-packages/airflow/example_dags/example_task_group_decorator.py
[2023-12-19T14:34:34.977+0000] {processor.py:840} INFO - DAG(s) 'example_task_group_decorator' retrieved from /home/airflow/.local/lib/python3.8/site-packages/airflow/example_dags/example_task_group_decorator.py
[2023-12-19T14:34:35.113+0000] {logging_mixin.py:188} INFO - [2023-12-19T14:34:35.113+0000] {dag.py:3033} INFO - Sync 1 DAGs
[2023-12-19T14:34:35.214+0000] {logging_mixin.py:188} INFO - [2023-12-19T14:34:35.213+0000] {dag.py:3820} INFO - Setting next_dagrun for example_task_group_decorator to 2023-12-18T00:00:00+00:00, run_after=2023-12-19T00:00:00+00:00
[2023-12-19T14:34:35.294+0000] {processor.py:183} INFO - Processing /home/airflow/.local/lib/python3.8/site-packages/airflow/example_dags/example_task_group_decorator.py took 0.427 seconds
[2023-12-19T14:35:05.933+0000] {processor.py:161} INFO - Started process (PID=1097) to work on /home/airflow/.local/lib/python3.8/site-packages/airflow/example_dags/example_task_group_decorator.py
[2023-12-19T14:35:05.935+0000] {processor.py:830} INFO - Processing file /home/airflow/.local/lib/python3.8/site-packages/airflow/example_dags/example_task_group_decorator.py for tasks to queue
[2023-12-19T14:35:05.941+0000] {logging_mixin.py:188} INFO - [2023-12-19T14:35:05.941+0000] {dagbag.py:538} INFO - Filling up the DagBag from /home/airflow/.local/lib/python3.8/site-packages/airflow/example_dags/example_task_group_decorator.py
[2023-12-19T14:35:05.970+0000] {processor.py:840} INFO - DAG(s) 'example_task_group_decorator' retrieved from /home/airflow/.local/lib/python3.8/site-packages/airflow/example_dags/example_task_group_decorator.py
[2023-12-19T14:35:06.018+0000] {logging_mixin.py:188} INFO - [2023-12-19T14:35:06.017+0000] {dag.py:3033} INFO - Sync 1 DAGs
[2023-12-19T14:35:06.061+0000] {logging_mixin.py:188} INFO - [2023-12-19T14:35:06.060+0000] {dag.py:3820} INFO - Setting next_dagrun for example_task_group_decorator to 2023-12-18T00:00:00+00:00, run_after=2023-12-19T00:00:00+00:00
[2023-12-19T14:35:06.101+0000] {processor.py:183} INFO - Processing /home/airflow/.local/lib/python3.8/site-packages/airflow/example_dags/example_task_group_decorator.py took 0.173 seconds
[2023-12-19T14:35:36.547+0000] {processor.py:161} INFO - Started process (PID=1152) to work on /home/airflow/.local/lib/python3.8/site-packages/airflow/example_dags/example_task_group_decorator.py
[2023-12-19T14:35:36.549+0000] {processor.py:830} INFO - Processing file /home/airflow/.local/lib/python3.8/site-packages/airflow/example_dags/example_task_group_decorator.py for tasks to queue
[2023-12-19T14:35:36.555+0000] {logging_mixin.py:188} INFO - [2023-12-19T14:35:36.555+0000] {dagbag.py:538} INFO - Filling up the DagBag from /home/airflow/.local/lib/python3.8/site-packages/airflow/example_dags/example_task_group_decorator.py
[2023-12-19T14:35:36.579+0000] {processor.py:840} INFO - DAG(s) 'example_task_group_decorator' retrieved from /home/airflow/.local/lib/python3.8/site-packages/airflow/example_dags/example_task_group_decorator.py
[2023-12-19T14:35:36.608+0000] {logging_mixin.py:188} INFO - [2023-12-19T14:35:36.608+0000] {dag.py:3033} INFO - Sync 1 DAGs
[2023-12-19T14:35:36.634+0000] {logging_mixin.py:188} INFO - [2023-12-19T14:35:36.634+0000] {dag.py:3820} INFO - Setting next_dagrun for example_task_group_decorator to 2023-12-18T00:00:00+00:00, run_after=2023-12-19T00:00:00+00:00
[2023-12-19T14:35:36.654+0000] {processor.py:183} INFO - Processing /home/airflow/.local/lib/python3.8/site-packages/airflow/example_dags/example_task_group_decorator.py took 0.114 seconds
[2023-12-19T14:36:06.983+0000] {processor.py:161} INFO - Started process (PID=1206) to work on /home/airflow/.local/lib/python3.8/site-packages/airflow/example_dags/example_task_group_decorator.py
[2023-12-19T14:36:06.985+0000] {processor.py:830} INFO - Processing file /home/airflow/.local/lib/python3.8/site-packages/airflow/example_dags/example_task_group_decorator.py for tasks to queue
[2023-12-19T14:36:06.989+0000] {logging_mixin.py:188} INFO - [2023-12-19T14:36:06.988+0000] {dagbag.py:538} INFO - Filling up the DagBag from /home/airflow/.local/lib/python3.8/site-packages/airflow/example_dags/example_task_group_decorator.py
[2023-12-19T14:36:07.011+0000] {processor.py:840} INFO - DAG(s) 'example_task_group_decorator' retrieved from /home/airflow/.local/lib/python3.8/site-packages/airflow/example_dags/example_task_group_decorator.py
[2023-12-19T14:36:07.047+0000] {logging_mixin.py:188} INFO - [2023-12-19T14:36:07.047+0000] {dag.py:3033} INFO - Sync 1 DAGs
[2023-12-19T14:36:07.078+0000] {logging_mixin.py:188} INFO - [2023-12-19T14:36:07.078+0000] {dag.py:3820} INFO - Setting next_dagrun for example_task_group_decorator to 2023-12-18T00:00:00+00:00, run_after=2023-12-19T00:00:00+00:00
[2023-12-19T14:36:07.106+0000] {processor.py:183} INFO - Processing /home/airflow/.local/lib/python3.8/site-packages/airflow/example_dags/example_task_group_decorator.py took 0.128 seconds
[2023-12-19T14:36:37.614+0000] {processor.py:161} INFO - Started process (PID=1261) to work on /home/airflow/.local/lib/python3.8/site-packages/airflow/example_dags/example_task_group_decorator.py
[2023-12-19T14:36:37.616+0000] {processor.py:830} INFO - Processing file /home/airflow/.local/lib/python3.8/site-packages/airflow/example_dags/example_task_group_decorator.py for tasks to queue
[2023-12-19T14:36:37.619+0000] {logging_mixin.py:188} INFO - [2023-12-19T14:36:37.619+0000] {dagbag.py:538} INFO - Filling up the DagBag from /home/airflow/.local/lib/python3.8/site-packages/airflow/example_dags/example_task_group_decorator.py
[2023-12-19T14:36:37.642+0000] {processor.py:840} INFO - DAG(s) 'example_task_group_decorator' retrieved from /home/airflow/.local/lib/python3.8/site-packages/airflow/example_dags/example_task_group_decorator.py
[2023-12-19T14:36:37.681+0000] {logging_mixin.py:188} INFO - [2023-12-19T14:36:37.681+0000] {dag.py:3033} INFO - Sync 1 DAGs
[2023-12-19T14:36:37.715+0000] {logging_mixin.py:188} INFO - [2023-12-19T14:36:37.715+0000] {dag.py:3820} INFO - Setting next_dagrun for example_task_group_decorator to 2023-12-18T00:00:00+00:00, run_after=2023-12-19T00:00:00+00:00
[2023-12-19T14:36:37.747+0000] {processor.py:183} INFO - Processing /home/airflow/.local/lib/python3.8/site-packages/airflow/example_dags/example_task_group_decorator.py took 0.138 seconds
[2023-12-19T14:37:07.975+0000] {processor.py:161} INFO - Started process (PID=1316) to work on /home/airflow/.local/lib/python3.8/site-packages/airflow/example_dags/example_task_group_decorator.py
[2023-12-19T14:37:07.977+0000] {processor.py:830} INFO - Processing file /home/airflow/.local/lib/python3.8/site-packages/airflow/example_dags/example_task_group_decorator.py for tasks to queue
[2023-12-19T14:37:07.982+0000] {logging_mixin.py:188} INFO - [2023-12-19T14:37:07.982+0000] {dagbag.py:538} INFO - Filling up the DagBag from /home/airflow/.local/lib/python3.8/site-packages/airflow/example_dags/example_task_group_decorator.py
[2023-12-19T14:37:08.019+0000] {processor.py:840} INFO - DAG(s) 'example_task_group_decorator' retrieved from /home/airflow/.local/lib/python3.8/site-packages/airflow/example_dags/example_task_group_decorator.py
[2023-12-19T14:37:08.055+0000] {logging_mixin.py:188} INFO - [2023-12-19T14:37:08.054+0000] {dag.py:3033} INFO - Sync 1 DAGs
[2023-12-19T14:37:08.084+0000] {logging_mixin.py:188} INFO - [2023-12-19T14:37:08.084+0000] {dag.py:3820} INFO - Setting next_dagrun for example_task_group_decorator to 2023-12-18T00:00:00+00:00, run_after=2023-12-19T00:00:00+00:00
[2023-12-19T14:37:08.110+0000] {processor.py:183} INFO - Processing /home/airflow/.local/lib/python3.8/site-packages/airflow/example_dags/example_task_group_decorator.py took 0.141 seconds
