[2023-12-19T14:14:01.652+0000] {processor.py:161} INFO - Started process (PID=56) to work on /home/airflow/.local/lib/python3.8/site-packages/airflow/example_dags/example_external_task_marker_dag.py
[2023-12-19T14:14:01.655+0000] {processor.py:830} INFO - Processing file /home/airflow/.local/lib/python3.8/site-packages/airflow/example_dags/example_external_task_marker_dag.py for tasks to queue
[2023-12-19T14:14:01.677+0000] {logging_mixin.py:188} INFO - [2023-12-19T14:14:01.676+0000] {dagbag.py:538} INFO - Filling up the DagBag from /home/airflow/.local/lib/python3.8/site-packages/airflow/example_dags/example_external_task_marker_dag.py
[2023-12-19T14:14:01.711+0000] {processor.py:840} INFO - DAG(s) 'example_external_task_marker_parent', 'example_external_task_marker_child' retrieved from /home/airflow/.local/lib/python3.8/site-packages/airflow/example_dags/example_external_task_marker_dag.py
[2023-12-19T14:14:02.404+0000] {logging_mixin.py:188} INFO - [2023-12-19T14:14:02.403+0000] {dag.py:3033} INFO - Sync 2 DAGs
[2023-12-19T14:14:02.448+0000] {logging_mixin.py:188} INFO - [2023-12-19T14:14:02.447+0000] {dag.py:3820} INFO - Setting next_dagrun for example_external_task_marker_child to None, run_after=None
[2023-12-19T14:14:02.469+0000] {logging_mixin.py:188} INFO - [2023-12-19T14:14:02.468+0000] {dag.py:3820} INFO - Setting next_dagrun for example_external_task_marker_parent to None, run_after=None
[2023-12-19T14:14:02.560+0000] {processor.py:183} INFO - Processing /home/airflow/.local/lib/python3.8/site-packages/airflow/example_dags/example_external_task_marker_dag.py took 0.916 seconds
[2023-12-19T14:14:33.549+0000] {processor.py:161} INFO - Started process (PID=111) to work on /home/airflow/.local/lib/python3.8/site-packages/airflow/example_dags/example_external_task_marker_dag.py
[2023-12-19T14:14:33.551+0000] {processor.py:830} INFO - Processing file /home/airflow/.local/lib/python3.8/site-packages/airflow/example_dags/example_external_task_marker_dag.py for tasks to queue
[2023-12-19T14:14:33.554+0000] {logging_mixin.py:188} INFO - [2023-12-19T14:14:33.554+0000] {dagbag.py:538} INFO - Filling up the DagBag from /home/airflow/.local/lib/python3.8/site-packages/airflow/example_dags/example_external_task_marker_dag.py
[2023-12-19T14:14:33.565+0000] {processor.py:840} INFO - DAG(s) 'example_external_task_marker_parent', 'example_external_task_marker_child' retrieved from /home/airflow/.local/lib/python3.8/site-packages/airflow/example_dags/example_external_task_marker_dag.py
[2023-12-19T14:14:33.626+0000] {logging_mixin.py:188} INFO - [2023-12-19T14:14:33.626+0000] {dag.py:3033} INFO - Sync 2 DAGs
[2023-12-19T14:14:33.659+0000] {logging_mixin.py:188} INFO - [2023-12-19T14:14:33.658+0000] {dag.py:3820} INFO - Setting next_dagrun for example_external_task_marker_child to None, run_after=None
[2023-12-19T14:14:33.669+0000] {logging_mixin.py:188} INFO - [2023-12-19T14:14:33.668+0000] {dag.py:3820} INFO - Setting next_dagrun for example_external_task_marker_parent to None, run_after=None
[2023-12-19T14:14:33.712+0000] {processor.py:183} INFO - Processing /home/airflow/.local/lib/python3.8/site-packages/airflow/example_dags/example_external_task_marker_dag.py took 0.168 seconds
[2023-12-19T14:15:26.573+0000] {processor.py:161} INFO - Started process (PID=167) to work on /home/airflow/.local/lib/python3.8/site-packages/airflow/example_dags/example_external_task_marker_dag.py
[2023-12-19T14:15:26.576+0000] {processor.py:830} INFO - Processing file /home/airflow/.local/lib/python3.8/site-packages/airflow/example_dags/example_external_task_marker_dag.py for tasks to queue
[2023-12-19T14:15:26.583+0000] {logging_mixin.py:188} INFO - [2023-12-19T14:15:26.582+0000] {dagbag.py:538} INFO - Filling up the DagBag from /home/airflow/.local/lib/python3.8/site-packages/airflow/example_dags/example_external_task_marker_dag.py
[2023-12-19T14:15:26.646+0000] {processor.py:840} INFO - DAG(s) 'example_external_task_marker_child', 'example_external_task_marker_parent' retrieved from /home/airflow/.local/lib/python3.8/site-packages/airflow/example_dags/example_external_task_marker_dag.py
[2023-12-19T14:15:27.029+0000] {logging_mixin.py:188} INFO - [2023-12-19T14:15:27.017+0000] {dag.py:3033} INFO - Sync 2 DAGs
[2023-12-19T14:15:27.085+0000] {logging_mixin.py:188} INFO - [2023-12-19T14:15:27.085+0000] {dag.py:3820} INFO - Setting next_dagrun for example_external_task_marker_child to None, run_after=None
[2023-12-19T14:15:27.096+0000] {logging_mixin.py:188} INFO - [2023-12-19T14:15:27.096+0000] {dag.py:3820} INFO - Setting next_dagrun for example_external_task_marker_parent to None, run_after=None
[2023-12-19T14:15:27.158+0000] {processor.py:183} INFO - Processing /home/airflow/.local/lib/python3.8/site-packages/airflow/example_dags/example_external_task_marker_dag.py took 0.596 seconds
[2023-12-19T14:18:33.437+0000] {processor.py:161} INFO - Started process (PID=48) to work on /home/airflow/.local/lib/python3.8/site-packages/airflow/example_dags/example_external_task_marker_dag.py
[2023-12-19T14:18:33.444+0000] {processor.py:830} INFO - Processing file /home/airflow/.local/lib/python3.8/site-packages/airflow/example_dags/example_external_task_marker_dag.py for tasks to queue
[2023-12-19T14:18:33.456+0000] {logging_mixin.py:188} INFO - [2023-12-19T14:18:33.455+0000] {dagbag.py:538} INFO - Filling up the DagBag from /home/airflow/.local/lib/python3.8/site-packages/airflow/example_dags/example_external_task_marker_dag.py
[2023-12-19T14:18:33.468+0000] {processor.py:840} INFO - DAG(s) 'example_external_task_marker_child', 'example_external_task_marker_parent' retrieved from /home/airflow/.local/lib/python3.8/site-packages/airflow/example_dags/example_external_task_marker_dag.py
[2023-12-19T14:18:33.536+0000] {logging_mixin.py:188} INFO - [2023-12-19T14:18:33.535+0000] {dag.py:3033} INFO - Sync 2 DAGs
[2023-12-19T14:18:33.572+0000] {logging_mixin.py:188} INFO - [2023-12-19T14:18:33.571+0000] {dag.py:3820} INFO - Setting next_dagrun for example_external_task_marker_child to None, run_after=None
[2023-12-19T14:18:33.581+0000] {logging_mixin.py:188} INFO - [2023-12-19T14:18:33.581+0000] {dag.py:3820} INFO - Setting next_dagrun for example_external_task_marker_parent to None, run_after=None
[2023-12-19T14:18:33.657+0000] {processor.py:183} INFO - Processing /home/airflow/.local/lib/python3.8/site-packages/airflow/example_dags/example_external_task_marker_dag.py took 0.227 seconds
[2023-12-19T14:19:06.758+0000] {processor.py:161} INFO - Started process (PID=104) to work on /home/airflow/.local/lib/python3.8/site-packages/airflow/example_dags/example_external_task_marker_dag.py
[2023-12-19T14:19:06.760+0000] {processor.py:830} INFO - Processing file /home/airflow/.local/lib/python3.8/site-packages/airflow/example_dags/example_external_task_marker_dag.py for tasks to queue
[2023-12-19T14:19:06.768+0000] {logging_mixin.py:188} INFO - [2023-12-19T14:19:06.767+0000] {dagbag.py:538} INFO - Filling up the DagBag from /home/airflow/.local/lib/python3.8/site-packages/airflow/example_dags/example_external_task_marker_dag.py
[2023-12-19T14:19:06.795+0000] {processor.py:840} INFO - DAG(s) 'example_external_task_marker_child', 'example_external_task_marker_parent' retrieved from /home/airflow/.local/lib/python3.8/site-packages/airflow/example_dags/example_external_task_marker_dag.py
[2023-12-19T14:19:07.029+0000] {logging_mixin.py:188} INFO - [2023-12-19T14:19:07.028+0000] {dag.py:3033} INFO - Sync 2 DAGs
[2023-12-19T14:19:07.231+0000] {logging_mixin.py:188} INFO - [2023-12-19T14:19:07.230+0000] {dag.py:3820} INFO - Setting next_dagrun for example_external_task_marker_child to None, run_after=None
[2023-12-19T14:19:07.285+0000] {logging_mixin.py:188} INFO - [2023-12-19T14:19:07.285+0000] {dag.py:3820} INFO - Setting next_dagrun for example_external_task_marker_parent to None, run_after=None
[2023-12-19T14:19:07.409+0000] {processor.py:183} INFO - Processing /home/airflow/.local/lib/python3.8/site-packages/airflow/example_dags/example_external_task_marker_dag.py took 0.667 seconds
[2023-12-19T14:19:37.644+0000] {processor.py:161} INFO - Started process (PID=158) to work on /home/airflow/.local/lib/python3.8/site-packages/airflow/example_dags/example_external_task_marker_dag.py
[2023-12-19T14:19:37.645+0000] {processor.py:830} INFO - Processing file /home/airflow/.local/lib/python3.8/site-packages/airflow/example_dags/example_external_task_marker_dag.py for tasks to queue
[2023-12-19T14:19:37.649+0000] {logging_mixin.py:188} INFO - [2023-12-19T14:19:37.648+0000] {dagbag.py:538} INFO - Filling up the DagBag from /home/airflow/.local/lib/python3.8/site-packages/airflow/example_dags/example_external_task_marker_dag.py
[2023-12-19T14:19:37.660+0000] {processor.py:840} INFO - DAG(s) 'example_external_task_marker_parent', 'example_external_task_marker_child' retrieved from /home/airflow/.local/lib/python3.8/site-packages/airflow/example_dags/example_external_task_marker_dag.py
[2023-12-19T14:19:37.705+0000] {logging_mixin.py:188} INFO - [2023-12-19T14:19:37.705+0000] {dag.py:3033} INFO - Sync 2 DAGs
[2023-12-19T14:19:37.729+0000] {logging_mixin.py:188} INFO - [2023-12-19T14:19:37.729+0000] {dag.py:3820} INFO - Setting next_dagrun for example_external_task_marker_child to None, run_after=None
[2023-12-19T14:19:37.738+0000] {logging_mixin.py:188} INFO - [2023-12-19T14:19:37.737+0000] {dag.py:3820} INFO - Setting next_dagrun for example_external_task_marker_parent to None, run_after=None
[2023-12-19T14:19:37.770+0000] {processor.py:183} INFO - Processing /home/airflow/.local/lib/python3.8/site-packages/airflow/example_dags/example_external_task_marker_dag.py took 0.132 seconds
[2023-12-19T14:20:08.450+0000] {processor.py:161} INFO - Started process (PID=213) to work on /home/airflow/.local/lib/python3.8/site-packages/airflow/example_dags/example_external_task_marker_dag.py
[2023-12-19T14:20:08.452+0000] {processor.py:830} INFO - Processing file /home/airflow/.local/lib/python3.8/site-packages/airflow/example_dags/example_external_task_marker_dag.py for tasks to queue
[2023-12-19T14:20:08.456+0000] {logging_mixin.py:188} INFO - [2023-12-19T14:20:08.455+0000] {dagbag.py:538} INFO - Filling up the DagBag from /home/airflow/.local/lib/python3.8/site-packages/airflow/example_dags/example_external_task_marker_dag.py
[2023-12-19T14:20:08.470+0000] {processor.py:840} INFO - DAG(s) 'example_external_task_marker_child', 'example_external_task_marker_parent' retrieved from /home/airflow/.local/lib/python3.8/site-packages/airflow/example_dags/example_external_task_marker_dag.py
[2023-12-19T14:20:08.524+0000] {logging_mixin.py:188} INFO - [2023-12-19T14:20:08.524+0000] {dag.py:3033} INFO - Sync 2 DAGs
[2023-12-19T14:20:08.551+0000] {logging_mixin.py:188} INFO - [2023-12-19T14:20:08.550+0000] {dag.py:3820} INFO - Setting next_dagrun for example_external_task_marker_child to None, run_after=None
[2023-12-19T14:20:08.558+0000] {logging_mixin.py:188} INFO - [2023-12-19T14:20:08.558+0000] {dag.py:3820} INFO - Setting next_dagrun for example_external_task_marker_parent to None, run_after=None
[2023-12-19T14:20:08.593+0000] {processor.py:183} INFO - Processing /home/airflow/.local/lib/python3.8/site-packages/airflow/example_dags/example_external_task_marker_dag.py took 0.150 seconds
[2023-12-19T14:20:39.137+0000] {processor.py:161} INFO - Started process (PID=269) to work on /home/airflow/.local/lib/python3.8/site-packages/airflow/example_dags/example_external_task_marker_dag.py
[2023-12-19T14:20:39.139+0000] {processor.py:830} INFO - Processing file /home/airflow/.local/lib/python3.8/site-packages/airflow/example_dags/example_external_task_marker_dag.py for tasks to queue
[2023-12-19T14:20:39.143+0000] {logging_mixin.py:188} INFO - [2023-12-19T14:20:39.143+0000] {dagbag.py:538} INFO - Filling up the DagBag from /home/airflow/.local/lib/python3.8/site-packages/airflow/example_dags/example_external_task_marker_dag.py
[2023-12-19T14:20:39.156+0000] {processor.py:840} INFO - DAG(s) 'example_external_task_marker_child', 'example_external_task_marker_parent' retrieved from /home/airflow/.local/lib/python3.8/site-packages/airflow/example_dags/example_external_task_marker_dag.py
[2023-12-19T14:20:39.228+0000] {logging_mixin.py:188} INFO - [2023-12-19T14:20:39.227+0000] {dag.py:3033} INFO - Sync 2 DAGs
[2023-12-19T14:20:39.263+0000] {logging_mixin.py:188} INFO - [2023-12-19T14:20:39.263+0000] {dag.py:3820} INFO - Setting next_dagrun for example_external_task_marker_child to None, run_after=None
[2023-12-19T14:20:39.271+0000] {logging_mixin.py:188} INFO - [2023-12-19T14:20:39.270+0000] {dag.py:3820} INFO - Setting next_dagrun for example_external_task_marker_parent to None, run_after=None
[2023-12-19T14:20:39.310+0000] {processor.py:183} INFO - Processing /home/airflow/.local/lib/python3.8/site-packages/airflow/example_dags/example_external_task_marker_dag.py took 0.180 seconds
[2023-12-19T14:21:10.240+0000] {processor.py:161} INFO - Started process (PID=323) to work on /home/airflow/.local/lib/python3.8/site-packages/airflow/example_dags/example_external_task_marker_dag.py
[2023-12-19T14:21:10.245+0000] {processor.py:830} INFO - Processing file /home/airflow/.local/lib/python3.8/site-packages/airflow/example_dags/example_external_task_marker_dag.py for tasks to queue
[2023-12-19T14:21:10.262+0000] {logging_mixin.py:188} INFO - [2023-12-19T14:21:10.261+0000] {dagbag.py:538} INFO - Filling up the DagBag from /home/airflow/.local/lib/python3.8/site-packages/airflow/example_dags/example_external_task_marker_dag.py
[2023-12-19T14:21:10.331+0000] {processor.py:840} INFO - DAG(s) 'example_external_task_marker_parent', 'example_external_task_marker_child' retrieved from /home/airflow/.local/lib/python3.8/site-packages/airflow/example_dags/example_external_task_marker_dag.py
[2023-12-19T14:21:10.469+0000] {logging_mixin.py:188} INFO - [2023-12-19T14:21:10.468+0000] {dag.py:3033} INFO - Sync 2 DAGs
[2023-12-19T14:21:10.516+0000] {logging_mixin.py:188} INFO - [2023-12-19T14:21:10.516+0000] {dag.py:3820} INFO - Setting next_dagrun for example_external_task_marker_child to None, run_after=None
[2023-12-19T14:21:10.535+0000] {logging_mixin.py:188} INFO - [2023-12-19T14:21:10.534+0000] {dag.py:3820} INFO - Setting next_dagrun for example_external_task_marker_parent to None, run_after=None
[2023-12-19T14:21:10.600+0000] {processor.py:183} INFO - Processing /home/airflow/.local/lib/python3.8/site-packages/airflow/example_dags/example_external_task_marker_dag.py took 0.370 seconds
[2023-12-19T14:21:40.895+0000] {processor.py:161} INFO - Started process (PID=378) to work on /home/airflow/.local/lib/python3.8/site-packages/airflow/example_dags/example_external_task_marker_dag.py
[2023-12-19T14:21:40.897+0000] {processor.py:830} INFO - Processing file /home/airflow/.local/lib/python3.8/site-packages/airflow/example_dags/example_external_task_marker_dag.py for tasks to queue
[2023-12-19T14:21:40.902+0000] {logging_mixin.py:188} INFO - [2023-12-19T14:21:40.902+0000] {dagbag.py:538} INFO - Filling up the DagBag from /home/airflow/.local/lib/python3.8/site-packages/airflow/example_dags/example_external_task_marker_dag.py
[2023-12-19T14:21:40.917+0000] {processor.py:840} INFO - DAG(s) 'example_external_task_marker_child', 'example_external_task_marker_parent' retrieved from /home/airflow/.local/lib/python3.8/site-packages/airflow/example_dags/example_external_task_marker_dag.py
[2023-12-19T14:21:40.985+0000] {logging_mixin.py:188} INFO - [2023-12-19T14:21:40.985+0000] {dag.py:3033} INFO - Sync 2 DAGs
[2023-12-19T14:21:41.022+0000] {logging_mixin.py:188} INFO - [2023-12-19T14:21:41.022+0000] {dag.py:3820} INFO - Setting next_dagrun for example_external_task_marker_child to None, run_after=None
[2023-12-19T14:21:41.034+0000] {logging_mixin.py:188} INFO - [2023-12-19T14:21:41.033+0000] {dag.py:3820} INFO - Setting next_dagrun for example_external_task_marker_parent to None, run_after=None
[2023-12-19T14:21:41.120+0000] {processor.py:183} INFO - Processing /home/airflow/.local/lib/python3.8/site-packages/airflow/example_dags/example_external_task_marker_dag.py took 0.233 seconds
[2023-12-19T14:22:11.211+0000] {processor.py:161} INFO - Started process (PID=432) to work on /home/airflow/.local/lib/python3.8/site-packages/airflow/example_dags/example_external_task_marker_dag.py
[2023-12-19T14:22:11.213+0000] {processor.py:830} INFO - Processing file /home/airflow/.local/lib/python3.8/site-packages/airflow/example_dags/example_external_task_marker_dag.py for tasks to queue
[2023-12-19T14:22:11.218+0000] {logging_mixin.py:188} INFO - [2023-12-19T14:22:11.217+0000] {dagbag.py:538} INFO - Filling up the DagBag from /home/airflow/.local/lib/python3.8/site-packages/airflow/example_dags/example_external_task_marker_dag.py
[2023-12-19T14:22:11.233+0000] {processor.py:840} INFO - DAG(s) 'example_external_task_marker_child', 'example_external_task_marker_parent' retrieved from /home/airflow/.local/lib/python3.8/site-packages/airflow/example_dags/example_external_task_marker_dag.py
[2023-12-19T14:22:11.292+0000] {logging_mixin.py:188} INFO - [2023-12-19T14:22:11.291+0000] {dag.py:3033} INFO - Sync 2 DAGs
[2023-12-19T14:22:11.329+0000] {logging_mixin.py:188} INFO - [2023-12-19T14:22:11.328+0000] {dag.py:3820} INFO - Setting next_dagrun for example_external_task_marker_child to None, run_after=None
[2023-12-19T14:22:11.338+0000] {logging_mixin.py:188} INFO - [2023-12-19T14:22:11.338+0000] {dag.py:3820} INFO - Setting next_dagrun for example_external_task_marker_parent to None, run_after=None
[2023-12-19T14:22:11.385+0000] {processor.py:183} INFO - Processing /home/airflow/.local/lib/python3.8/site-packages/airflow/example_dags/example_external_task_marker_dag.py took 0.181 seconds
[2023-12-19T14:23:19.760+0000] {processor.py:161} INFO - Started process (PID=48) to work on /home/airflow/.local/lib/python3.8/site-packages/airflow/example_dags/example_external_task_marker_dag.py
[2023-12-19T14:23:19.762+0000] {processor.py:830} INFO - Processing file /home/airflow/.local/lib/python3.8/site-packages/airflow/example_dags/example_external_task_marker_dag.py for tasks to queue
[2023-12-19T14:23:19.768+0000] {logging_mixin.py:188} INFO - [2023-12-19T14:23:19.767+0000] {dagbag.py:538} INFO - Filling up the DagBag from /home/airflow/.local/lib/python3.8/site-packages/airflow/example_dags/example_external_task_marker_dag.py
[2023-12-19T14:23:19.781+0000] {processor.py:840} INFO - DAG(s) 'example_external_task_marker_parent', 'example_external_task_marker_child' retrieved from /home/airflow/.local/lib/python3.8/site-packages/airflow/example_dags/example_external_task_marker_dag.py
[2023-12-19T14:23:19.864+0000] {logging_mixin.py:188} INFO - [2023-12-19T14:23:19.864+0000] {dag.py:3033} INFO - Sync 2 DAGs
[2023-12-19T14:23:19.904+0000] {logging_mixin.py:188} INFO - [2023-12-19T14:23:19.904+0000] {dag.py:3820} INFO - Setting next_dagrun for example_external_task_marker_child to None, run_after=None
[2023-12-19T14:23:19.914+0000] {logging_mixin.py:188} INFO - [2023-12-19T14:23:19.913+0000] {dag.py:3820} INFO - Setting next_dagrun for example_external_task_marker_parent to None, run_after=None
[2023-12-19T14:23:19.961+0000] {processor.py:183} INFO - Processing /home/airflow/.local/lib/python3.8/site-packages/airflow/example_dags/example_external_task_marker_dag.py took 0.212 seconds
[2023-12-19T14:23:50.771+0000] {processor.py:161} INFO - Started process (PID=102) to work on /home/airflow/.local/lib/python3.8/site-packages/airflow/example_dags/example_external_task_marker_dag.py
[2023-12-19T14:23:50.774+0000] {processor.py:830} INFO - Processing file /home/airflow/.local/lib/python3.8/site-packages/airflow/example_dags/example_external_task_marker_dag.py for tasks to queue
[2023-12-19T14:23:50.805+0000] {logging_mixin.py:188} INFO - [2023-12-19T14:23:50.778+0000] {dagbag.py:538} INFO - Filling up the DagBag from /home/airflow/.local/lib/python3.8/site-packages/airflow/example_dags/example_external_task_marker_dag.py
[2023-12-19T14:23:50.861+0000] {processor.py:840} INFO - DAG(s) 'example_external_task_marker_child', 'example_external_task_marker_parent' retrieved from /home/airflow/.local/lib/python3.8/site-packages/airflow/example_dags/example_external_task_marker_dag.py
[2023-12-19T14:23:50.920+0000] {logging_mixin.py:188} INFO - [2023-12-19T14:23:50.920+0000] {dag.py:3033} INFO - Sync 2 DAGs
[2023-12-19T14:23:50.954+0000] {logging_mixin.py:188} INFO - [2023-12-19T14:23:50.954+0000] {dag.py:3820} INFO - Setting next_dagrun for example_external_task_marker_child to None, run_after=None
[2023-12-19T14:23:50.978+0000] {logging_mixin.py:188} INFO - [2023-12-19T14:23:50.977+0000] {dag.py:3820} INFO - Setting next_dagrun for example_external_task_marker_parent to None, run_after=None
[2023-12-19T14:23:51.041+0000] {processor.py:183} INFO - Processing /home/airflow/.local/lib/python3.8/site-packages/airflow/example_dags/example_external_task_marker_dag.py took 0.305 seconds
[2023-12-19T14:25:16.524+0000] {processor.py:161} INFO - Started process (PID=54) to work on /home/airflow/.local/lib/python3.8/site-packages/airflow/example_dags/example_external_task_marker_dag.py
[2023-12-19T14:25:16.545+0000] {processor.py:830} INFO - Processing file /home/airflow/.local/lib/python3.8/site-packages/airflow/example_dags/example_external_task_marker_dag.py for tasks to queue
[2023-12-19T14:25:16.584+0000] {logging_mixin.py:188} INFO - [2023-12-19T14:25:16.583+0000] {dagbag.py:538} INFO - Filling up the DagBag from /home/airflow/.local/lib/python3.8/site-packages/airflow/example_dags/example_external_task_marker_dag.py
[2023-12-19T14:25:16.620+0000] {processor.py:840} INFO - DAG(s) 'example_external_task_marker_parent', 'example_external_task_marker_child' retrieved from /home/airflow/.local/lib/python3.8/site-packages/airflow/example_dags/example_external_task_marker_dag.py
[2023-12-19T14:25:17.452+0000] {logging_mixin.py:188} INFO - [2023-12-19T14:25:17.452+0000] {dag.py:3033} INFO - Sync 2 DAGs
[2023-12-19T14:25:17.536+0000] {logging_mixin.py:188} INFO - [2023-12-19T14:25:17.526+0000] {dag.py:3820} INFO - Setting next_dagrun for example_external_task_marker_child to None, run_after=None
[2023-12-19T14:25:17.564+0000] {logging_mixin.py:188} INFO - [2023-12-19T14:25:17.563+0000] {dag.py:3820} INFO - Setting next_dagrun for example_external_task_marker_parent to None, run_after=None
[2023-12-19T14:25:17.673+0000] {processor.py:183} INFO - Processing /home/airflow/.local/lib/python3.8/site-packages/airflow/example_dags/example_external_task_marker_dag.py took 1.163 seconds
[2023-12-19T14:25:48.456+0000] {processor.py:161} INFO - Started process (PID=108) to work on /home/airflow/.local/lib/python3.8/site-packages/airflow/example_dags/example_external_task_marker_dag.py
[2023-12-19T14:25:48.459+0000] {processor.py:830} INFO - Processing file /home/airflow/.local/lib/python3.8/site-packages/airflow/example_dags/example_external_task_marker_dag.py for tasks to queue
[2023-12-19T14:25:48.463+0000] {logging_mixin.py:188} INFO - [2023-12-19T14:25:48.463+0000] {dagbag.py:538} INFO - Filling up the DagBag from /home/airflow/.local/lib/python3.8/site-packages/airflow/example_dags/example_external_task_marker_dag.py
[2023-12-19T14:25:48.475+0000] {processor.py:840} INFO - DAG(s) 'example_external_task_marker_parent', 'example_external_task_marker_child' retrieved from /home/airflow/.local/lib/python3.8/site-packages/airflow/example_dags/example_external_task_marker_dag.py
[2023-12-19T14:25:48.516+0000] {logging_mixin.py:188} INFO - [2023-12-19T14:25:48.515+0000] {dag.py:3033} INFO - Sync 2 DAGs
[2023-12-19T14:25:48.540+0000] {logging_mixin.py:188} INFO - [2023-12-19T14:25:48.540+0000] {dag.py:3820} INFO - Setting next_dagrun for example_external_task_marker_child to None, run_after=None
[2023-12-19T14:25:48.547+0000] {logging_mixin.py:188} INFO - [2023-12-19T14:25:48.546+0000] {dag.py:3820} INFO - Setting next_dagrun for example_external_task_marker_parent to None, run_after=None
[2023-12-19T14:25:48.580+0000] {processor.py:183} INFO - Processing /home/airflow/.local/lib/python3.8/site-packages/airflow/example_dags/example_external_task_marker_dag.py took 0.131 seconds
[2023-12-19T14:26:19.053+0000] {processor.py:161} INFO - Started process (PID=162) to work on /home/airflow/.local/lib/python3.8/site-packages/airflow/example_dags/example_external_task_marker_dag.py
[2023-12-19T14:26:19.055+0000] {processor.py:830} INFO - Processing file /home/airflow/.local/lib/python3.8/site-packages/airflow/example_dags/example_external_task_marker_dag.py for tasks to queue
[2023-12-19T14:26:19.060+0000] {logging_mixin.py:188} INFO - [2023-12-19T14:26:19.060+0000] {dagbag.py:538} INFO - Filling up the DagBag from /home/airflow/.local/lib/python3.8/site-packages/airflow/example_dags/example_external_task_marker_dag.py
[2023-12-19T14:26:19.074+0000] {processor.py:840} INFO - DAG(s) 'example_external_task_marker_child', 'example_external_task_marker_parent' retrieved from /home/airflow/.local/lib/python3.8/site-packages/airflow/example_dags/example_external_task_marker_dag.py
[2023-12-19T14:26:19.119+0000] {logging_mixin.py:188} INFO - [2023-12-19T14:26:19.119+0000] {dag.py:3033} INFO - Sync 2 DAGs
[2023-12-19T14:26:19.144+0000] {logging_mixin.py:188} INFO - [2023-12-19T14:26:19.144+0000] {dag.py:3820} INFO - Setting next_dagrun for example_external_task_marker_child to None, run_after=None
[2023-12-19T14:26:19.151+0000] {logging_mixin.py:188} INFO - [2023-12-19T14:26:19.150+0000] {dag.py:3820} INFO - Setting next_dagrun for example_external_task_marker_parent to None, run_after=None
[2023-12-19T14:26:19.187+0000] {processor.py:183} INFO - Processing /home/airflow/.local/lib/python3.8/site-packages/airflow/example_dags/example_external_task_marker_dag.py took 0.143 seconds
[2023-12-19T14:26:49.990+0000] {processor.py:161} INFO - Started process (PID=217) to work on /home/airflow/.local/lib/python3.8/site-packages/airflow/example_dags/example_external_task_marker_dag.py
[2023-12-19T14:26:49.993+0000] {processor.py:830} INFO - Processing file /home/airflow/.local/lib/python3.8/site-packages/airflow/example_dags/example_external_task_marker_dag.py for tasks to queue
[2023-12-19T14:26:49.998+0000] {logging_mixin.py:188} INFO - [2023-12-19T14:26:49.997+0000] {dagbag.py:538} INFO - Filling up the DagBag from /home/airflow/.local/lib/python3.8/site-packages/airflow/example_dags/example_external_task_marker_dag.py
[2023-12-19T14:26:50.013+0000] {processor.py:840} INFO - DAG(s) 'example_external_task_marker_parent', 'example_external_task_marker_child' retrieved from /home/airflow/.local/lib/python3.8/site-packages/airflow/example_dags/example_external_task_marker_dag.py
[2023-12-19T14:26:50.066+0000] {logging_mixin.py:188} INFO - [2023-12-19T14:26:50.065+0000] {dag.py:3033} INFO - Sync 2 DAGs
[2023-12-19T14:26:50.088+0000] {logging_mixin.py:188} INFO - [2023-12-19T14:26:50.088+0000] {dag.py:3820} INFO - Setting next_dagrun for example_external_task_marker_child to None, run_after=None
[2023-12-19T14:26:50.095+0000] {logging_mixin.py:188} INFO - [2023-12-19T14:26:50.094+0000] {dag.py:3820} INFO - Setting next_dagrun for example_external_task_marker_parent to None, run_after=None
[2023-12-19T14:26:50.127+0000] {processor.py:183} INFO - Processing /home/airflow/.local/lib/python3.8/site-packages/airflow/example_dags/example_external_task_marker_dag.py took 0.144 seconds
[2023-12-19T14:27:20.272+0000] {processor.py:161} INFO - Started process (PID=272) to work on /home/airflow/.local/lib/python3.8/site-packages/airflow/example_dags/example_external_task_marker_dag.py
[2023-12-19T14:27:20.273+0000] {processor.py:830} INFO - Processing file /home/airflow/.local/lib/python3.8/site-packages/airflow/example_dags/example_external_task_marker_dag.py for tasks to queue
[2023-12-19T14:27:20.277+0000] {logging_mixin.py:188} INFO - [2023-12-19T14:27:20.276+0000] {dagbag.py:538} INFO - Filling up the DagBag from /home/airflow/.local/lib/python3.8/site-packages/airflow/example_dags/example_external_task_marker_dag.py
[2023-12-19T14:27:20.290+0000] {processor.py:840} INFO - DAG(s) 'example_external_task_marker_child', 'example_external_task_marker_parent' retrieved from /home/airflow/.local/lib/python3.8/site-packages/airflow/example_dags/example_external_task_marker_dag.py
[2023-12-19T14:27:20.341+0000] {logging_mixin.py:188} INFO - [2023-12-19T14:27:20.341+0000] {dag.py:3033} INFO - Sync 2 DAGs
[2023-12-19T14:27:20.370+0000] {logging_mixin.py:188} INFO - [2023-12-19T14:27:20.369+0000] {dag.py:3820} INFO - Setting next_dagrun for example_external_task_marker_child to None, run_after=None
[2023-12-19T14:27:20.377+0000] {logging_mixin.py:188} INFO - [2023-12-19T14:27:20.377+0000] {dag.py:3820} INFO - Setting next_dagrun for example_external_task_marker_parent to None, run_after=None
[2023-12-19T14:27:20.416+0000] {processor.py:183} INFO - Processing /home/airflow/.local/lib/python3.8/site-packages/airflow/example_dags/example_external_task_marker_dag.py took 0.152 seconds
[2023-12-19T14:27:51.122+0000] {processor.py:161} INFO - Started process (PID=327) to work on /home/airflow/.local/lib/python3.8/site-packages/airflow/example_dags/example_external_task_marker_dag.py
[2023-12-19T14:27:51.124+0000] {processor.py:830} INFO - Processing file /home/airflow/.local/lib/python3.8/site-packages/airflow/example_dags/example_external_task_marker_dag.py for tasks to queue
[2023-12-19T14:27:51.130+0000] {logging_mixin.py:188} INFO - [2023-12-19T14:27:51.130+0000] {dagbag.py:538} INFO - Filling up the DagBag from /home/airflow/.local/lib/python3.8/site-packages/airflow/example_dags/example_external_task_marker_dag.py
[2023-12-19T14:27:51.145+0000] {processor.py:840} INFO - DAG(s) 'example_external_task_marker_child', 'example_external_task_marker_parent' retrieved from /home/airflow/.local/lib/python3.8/site-packages/airflow/example_dags/example_external_task_marker_dag.py
[2023-12-19T14:27:51.232+0000] {logging_mixin.py:188} INFO - [2023-12-19T14:27:51.231+0000] {dag.py:3033} INFO - Sync 2 DAGs
[2023-12-19T14:27:51.272+0000] {logging_mixin.py:188} INFO - [2023-12-19T14:27:51.272+0000] {dag.py:3820} INFO - Setting next_dagrun for example_external_task_marker_child to None, run_after=None
[2023-12-19T14:27:51.285+0000] {logging_mixin.py:188} INFO - [2023-12-19T14:27:51.285+0000] {dag.py:3820} INFO - Setting next_dagrun for example_external_task_marker_parent to None, run_after=None
[2023-12-19T14:27:51.332+0000] {processor.py:183} INFO - Processing /home/airflow/.local/lib/python3.8/site-packages/airflow/example_dags/example_external_task_marker_dag.py took 0.217 seconds
[2023-12-19T14:28:21.475+0000] {processor.py:161} INFO - Started process (PID=382) to work on /home/airflow/.local/lib/python3.8/site-packages/airflow/example_dags/example_external_task_marker_dag.py
[2023-12-19T14:28:21.478+0000] {processor.py:830} INFO - Processing file /home/airflow/.local/lib/python3.8/site-packages/airflow/example_dags/example_external_task_marker_dag.py for tasks to queue
[2023-12-19T14:28:21.483+0000] {logging_mixin.py:188} INFO - [2023-12-19T14:28:21.483+0000] {dagbag.py:538} INFO - Filling up the DagBag from /home/airflow/.local/lib/python3.8/site-packages/airflow/example_dags/example_external_task_marker_dag.py
[2023-12-19T14:28:21.496+0000] {processor.py:840} INFO - DAG(s) 'example_external_task_marker_child', 'example_external_task_marker_parent' retrieved from /home/airflow/.local/lib/python3.8/site-packages/airflow/example_dags/example_external_task_marker_dag.py
[2023-12-19T14:28:21.550+0000] {logging_mixin.py:188} INFO - [2023-12-19T14:28:21.549+0000] {dag.py:3033} INFO - Sync 2 DAGs
[2023-12-19T14:28:21.583+0000] {logging_mixin.py:188} INFO - [2023-12-19T14:28:21.583+0000] {dag.py:3820} INFO - Setting next_dagrun for example_external_task_marker_child to None, run_after=None
[2023-12-19T14:28:21.591+0000] {logging_mixin.py:188} INFO - [2023-12-19T14:28:21.591+0000] {dag.py:3820} INFO - Setting next_dagrun for example_external_task_marker_parent to None, run_after=None
[2023-12-19T14:28:21.633+0000] {processor.py:183} INFO - Processing /home/airflow/.local/lib/python3.8/site-packages/airflow/example_dags/example_external_task_marker_dag.py took 0.166 seconds
[2023-12-19T14:28:52.493+0000] {processor.py:161} INFO - Started process (PID=437) to work on /home/airflow/.local/lib/python3.8/site-packages/airflow/example_dags/example_external_task_marker_dag.py
[2023-12-19T14:28:52.495+0000] {processor.py:830} INFO - Processing file /home/airflow/.local/lib/python3.8/site-packages/airflow/example_dags/example_external_task_marker_dag.py for tasks to queue
[2023-12-19T14:28:52.499+0000] {logging_mixin.py:188} INFO - [2023-12-19T14:28:52.498+0000] {dagbag.py:538} INFO - Filling up the DagBag from /home/airflow/.local/lib/python3.8/site-packages/airflow/example_dags/example_external_task_marker_dag.py
[2023-12-19T14:28:52.510+0000] {processor.py:840} INFO - DAG(s) 'example_external_task_marker_parent', 'example_external_task_marker_child' retrieved from /home/airflow/.local/lib/python3.8/site-packages/airflow/example_dags/example_external_task_marker_dag.py
[2023-12-19T14:28:52.572+0000] {logging_mixin.py:188} INFO - [2023-12-19T14:28:52.572+0000] {dag.py:3033} INFO - Sync 2 DAGs
[2023-12-19T14:28:52.599+0000] {logging_mixin.py:188} INFO - [2023-12-19T14:28:52.599+0000] {dag.py:3820} INFO - Setting next_dagrun for example_external_task_marker_child to None, run_after=None
[2023-12-19T14:28:52.608+0000] {logging_mixin.py:188} INFO - [2023-12-19T14:28:52.607+0000] {dag.py:3820} INFO - Setting next_dagrun for example_external_task_marker_parent to None, run_after=None
[2023-12-19T14:28:52.645+0000] {processor.py:183} INFO - Processing /home/airflow/.local/lib/python3.8/site-packages/airflow/example_dags/example_external_task_marker_dag.py took 0.158 seconds
[2023-12-19T14:29:23.018+0000] {processor.py:161} INFO - Started process (PID=492) to work on /home/airflow/.local/lib/python3.8/site-packages/airflow/example_dags/example_external_task_marker_dag.py
[2023-12-19T14:29:23.020+0000] {processor.py:830} INFO - Processing file /home/airflow/.local/lib/python3.8/site-packages/airflow/example_dags/example_external_task_marker_dag.py for tasks to queue
[2023-12-19T14:29:23.026+0000] {logging_mixin.py:188} INFO - [2023-12-19T14:29:23.025+0000] {dagbag.py:538} INFO - Filling up the DagBag from /home/airflow/.local/lib/python3.8/site-packages/airflow/example_dags/example_external_task_marker_dag.py
[2023-12-19T14:29:23.046+0000] {processor.py:840} INFO - DAG(s) 'example_external_task_marker_child', 'example_external_task_marker_parent' retrieved from /home/airflow/.local/lib/python3.8/site-packages/airflow/example_dags/example_external_task_marker_dag.py
[2023-12-19T14:29:23.094+0000] {logging_mixin.py:188} INFO - [2023-12-19T14:29:23.093+0000] {dag.py:3033} INFO - Sync 2 DAGs
[2023-12-19T14:29:23.120+0000] {logging_mixin.py:188} INFO - [2023-12-19T14:29:23.120+0000] {dag.py:3820} INFO - Setting next_dagrun for example_external_task_marker_child to None, run_after=None
[2023-12-19T14:29:23.128+0000] {logging_mixin.py:188} INFO - [2023-12-19T14:29:23.127+0000] {dag.py:3820} INFO - Setting next_dagrun for example_external_task_marker_parent to None, run_after=None
[2023-12-19T14:29:23.165+0000] {processor.py:183} INFO - Processing /home/airflow/.local/lib/python3.8/site-packages/airflow/example_dags/example_external_task_marker_dag.py took 0.155 seconds
[2023-12-19T14:29:54.100+0000] {processor.py:161} INFO - Started process (PID=547) to work on /home/airflow/.local/lib/python3.8/site-packages/airflow/example_dags/example_external_task_marker_dag.py
[2023-12-19T14:29:54.102+0000] {processor.py:830} INFO - Processing file /home/airflow/.local/lib/python3.8/site-packages/airflow/example_dags/example_external_task_marker_dag.py for tasks to queue
[2023-12-19T14:29:54.108+0000] {logging_mixin.py:188} INFO - [2023-12-19T14:29:54.107+0000] {dagbag.py:538} INFO - Filling up the DagBag from /home/airflow/.local/lib/python3.8/site-packages/airflow/example_dags/example_external_task_marker_dag.py
[2023-12-19T14:29:54.125+0000] {processor.py:840} INFO - DAG(s) 'example_external_task_marker_parent', 'example_external_task_marker_child' retrieved from /home/airflow/.local/lib/python3.8/site-packages/airflow/example_dags/example_external_task_marker_dag.py
[2023-12-19T14:29:54.280+0000] {logging_mixin.py:188} INFO - [2023-12-19T14:29:54.279+0000] {dag.py:3033} INFO - Sync 2 DAGs
[2023-12-19T14:29:54.416+0000] {logging_mixin.py:188} INFO - [2023-12-19T14:29:54.414+0000] {dag.py:3820} INFO - Setting next_dagrun for example_external_task_marker_child to None, run_after=None
[2023-12-19T14:29:54.439+0000] {logging_mixin.py:188} INFO - [2023-12-19T14:29:54.439+0000] {dag.py:3820} INFO - Setting next_dagrun for example_external_task_marker_parent to None, run_after=None
[2023-12-19T14:29:54.548+0000] {processor.py:183} INFO - Processing /home/airflow/.local/lib/python3.8/site-packages/airflow/example_dags/example_external_task_marker_dag.py took 0.458 seconds
[2023-12-19T14:30:25.110+0000] {processor.py:161} INFO - Started process (PID=600) to work on /home/airflow/.local/lib/python3.8/site-packages/airflow/example_dags/example_external_task_marker_dag.py
[2023-12-19T14:30:25.114+0000] {processor.py:830} INFO - Processing file /home/airflow/.local/lib/python3.8/site-packages/airflow/example_dags/example_external_task_marker_dag.py for tasks to queue
[2023-12-19T14:30:25.118+0000] {logging_mixin.py:188} INFO - [2023-12-19T14:30:25.118+0000] {dagbag.py:538} INFO - Filling up the DagBag from /home/airflow/.local/lib/python3.8/site-packages/airflow/example_dags/example_external_task_marker_dag.py
[2023-12-19T14:30:25.132+0000] {processor.py:840} INFO - DAG(s) 'example_external_task_marker_child', 'example_external_task_marker_parent' retrieved from /home/airflow/.local/lib/python3.8/site-packages/airflow/example_dags/example_external_task_marker_dag.py
[2023-12-19T14:30:25.184+0000] {logging_mixin.py:188} INFO - [2023-12-19T14:30:25.184+0000] {dag.py:3033} INFO - Sync 2 DAGs
[2023-12-19T14:30:25.214+0000] {logging_mixin.py:188} INFO - [2023-12-19T14:30:25.213+0000] {dag.py:3820} INFO - Setting next_dagrun for example_external_task_marker_child to None, run_after=None
[2023-12-19T14:30:25.221+0000] {logging_mixin.py:188} INFO - [2023-12-19T14:30:25.221+0000] {dag.py:3820} INFO - Setting next_dagrun for example_external_task_marker_parent to None, run_after=None
[2023-12-19T14:30:25.258+0000] {processor.py:183} INFO - Processing /home/airflow/.local/lib/python3.8/site-packages/airflow/example_dags/example_external_task_marker_dag.py took 0.155 seconds
[2023-12-19T14:30:55.542+0000] {processor.py:161} INFO - Started process (PID=655) to work on /home/airflow/.local/lib/python3.8/site-packages/airflow/example_dags/example_external_task_marker_dag.py
[2023-12-19T14:30:55.547+0000] {processor.py:830} INFO - Processing file /home/airflow/.local/lib/python3.8/site-packages/airflow/example_dags/example_external_task_marker_dag.py for tasks to queue
[2023-12-19T14:30:55.552+0000] {logging_mixin.py:188} INFO - [2023-12-19T14:30:55.552+0000] {dagbag.py:538} INFO - Filling up the DagBag from /home/airflow/.local/lib/python3.8/site-packages/airflow/example_dags/example_external_task_marker_dag.py
[2023-12-19T14:30:55.587+0000] {processor.py:840} INFO - DAG(s) 'example_external_task_marker_parent', 'example_external_task_marker_child' retrieved from /home/airflow/.local/lib/python3.8/site-packages/airflow/example_dags/example_external_task_marker_dag.py
[2023-12-19T14:30:55.691+0000] {logging_mixin.py:188} INFO - [2023-12-19T14:30:55.690+0000] {dag.py:3033} INFO - Sync 2 DAGs
[2023-12-19T14:30:55.795+0000] {logging_mixin.py:188} INFO - [2023-12-19T14:30:55.794+0000] {dag.py:3820} INFO - Setting next_dagrun for example_external_task_marker_child to None, run_after=None
[2023-12-19T14:30:55.811+0000] {logging_mixin.py:188} INFO - [2023-12-19T14:30:55.810+0000] {dag.py:3820} INFO - Setting next_dagrun for example_external_task_marker_parent to None, run_after=None
[2023-12-19T14:30:55.891+0000] {processor.py:183} INFO - Processing /home/airflow/.local/lib/python3.8/site-packages/airflow/example_dags/example_external_task_marker_dag.py took 0.380 seconds
[2023-12-19T14:31:26.813+0000] {processor.py:161} INFO - Started process (PID=709) to work on /home/airflow/.local/lib/python3.8/site-packages/airflow/example_dags/example_external_task_marker_dag.py
[2023-12-19T14:31:26.816+0000] {processor.py:830} INFO - Processing file /home/airflow/.local/lib/python3.8/site-packages/airflow/example_dags/example_external_task_marker_dag.py for tasks to queue
[2023-12-19T14:31:26.823+0000] {logging_mixin.py:188} INFO - [2023-12-19T14:31:26.822+0000] {dagbag.py:538} INFO - Filling up the DagBag from /home/airflow/.local/lib/python3.8/site-packages/airflow/example_dags/example_external_task_marker_dag.py
[2023-12-19T14:31:26.836+0000] {processor.py:840} INFO - DAG(s) 'example_external_task_marker_child', 'example_external_task_marker_parent' retrieved from /home/airflow/.local/lib/python3.8/site-packages/airflow/example_dags/example_external_task_marker_dag.py
[2023-12-19T14:31:26.917+0000] {logging_mixin.py:188} INFO - [2023-12-19T14:31:26.916+0000] {dag.py:3033} INFO - Sync 2 DAGs
[2023-12-19T14:31:26.962+0000] {logging_mixin.py:188} INFO - [2023-12-19T14:31:26.961+0000] {dag.py:3820} INFO - Setting next_dagrun for example_external_task_marker_child to None, run_after=None
[2023-12-19T14:31:26.984+0000] {logging_mixin.py:188} INFO - [2023-12-19T14:31:26.983+0000] {dag.py:3820} INFO - Setting next_dagrun for example_external_task_marker_parent to None, run_after=None
[2023-12-19T14:31:27.042+0000] {processor.py:183} INFO - Processing /home/airflow/.local/lib/python3.8/site-packages/airflow/example_dags/example_external_task_marker_dag.py took 0.237 seconds
[2023-12-19T14:31:57.421+0000] {processor.py:161} INFO - Started process (PID=764) to work on /home/airflow/.local/lib/python3.8/site-packages/airflow/example_dags/example_external_task_marker_dag.py
[2023-12-19T14:31:57.423+0000] {processor.py:830} INFO - Processing file /home/airflow/.local/lib/python3.8/site-packages/airflow/example_dags/example_external_task_marker_dag.py for tasks to queue
[2023-12-19T14:31:57.427+0000] {logging_mixin.py:188} INFO - [2023-12-19T14:31:57.427+0000] {dagbag.py:538} INFO - Filling up the DagBag from /home/airflow/.local/lib/python3.8/site-packages/airflow/example_dags/example_external_task_marker_dag.py
[2023-12-19T14:31:57.446+0000] {processor.py:840} INFO - DAG(s) 'example_external_task_marker_child', 'example_external_task_marker_parent' retrieved from /home/airflow/.local/lib/python3.8/site-packages/airflow/example_dags/example_external_task_marker_dag.py
[2023-12-19T14:31:57.523+0000] {logging_mixin.py:188} INFO - [2023-12-19T14:31:57.523+0000] {dag.py:3033} INFO - Sync 2 DAGs
[2023-12-19T14:31:57.559+0000] {logging_mixin.py:188} INFO - [2023-12-19T14:31:57.558+0000] {dag.py:3820} INFO - Setting next_dagrun for example_external_task_marker_child to None, run_after=None
[2023-12-19T14:31:57.571+0000] {logging_mixin.py:188} INFO - [2023-12-19T14:31:57.571+0000] {dag.py:3820} INFO - Setting next_dagrun for example_external_task_marker_parent to None, run_after=None
[2023-12-19T14:31:57.623+0000] {processor.py:183} INFO - Processing /home/airflow/.local/lib/python3.8/site-packages/airflow/example_dags/example_external_task_marker_dag.py took 0.209 seconds
[2023-12-19T14:32:27.975+0000] {processor.py:161} INFO - Started process (PID=818) to work on /home/airflow/.local/lib/python3.8/site-packages/airflow/example_dags/example_external_task_marker_dag.py
[2023-12-19T14:32:27.978+0000] {processor.py:830} INFO - Processing file /home/airflow/.local/lib/python3.8/site-packages/airflow/example_dags/example_external_task_marker_dag.py for tasks to queue
[2023-12-19T14:32:27.986+0000] {logging_mixin.py:188} INFO - [2023-12-19T14:32:27.985+0000] {dagbag.py:538} INFO - Filling up the DagBag from /home/airflow/.local/lib/python3.8/site-packages/airflow/example_dags/example_external_task_marker_dag.py
[2023-12-19T14:32:28.003+0000] {processor.py:840} INFO - DAG(s) 'example_external_task_marker_child', 'example_external_task_marker_parent' retrieved from /home/airflow/.local/lib/python3.8/site-packages/airflow/example_dags/example_external_task_marker_dag.py
[2023-12-19T14:32:28.101+0000] {logging_mixin.py:188} INFO - [2023-12-19T14:32:28.100+0000] {dag.py:3033} INFO - Sync 2 DAGs
[2023-12-19T14:32:28.136+0000] {logging_mixin.py:188} INFO - [2023-12-19T14:32:28.135+0000] {dag.py:3820} INFO - Setting next_dagrun for example_external_task_marker_child to None, run_after=None
[2023-12-19T14:32:28.147+0000] {logging_mixin.py:188} INFO - [2023-12-19T14:32:28.146+0000] {dag.py:3820} INFO - Setting next_dagrun for example_external_task_marker_parent to None, run_after=None
[2023-12-19T14:32:28.204+0000] {processor.py:183} INFO - Processing /home/airflow/.local/lib/python3.8/site-packages/airflow/example_dags/example_external_task_marker_dag.py took 0.238 seconds
[2023-12-19T14:32:58.351+0000] {processor.py:161} INFO - Started process (PID=873) to work on /home/airflow/.local/lib/python3.8/site-packages/airflow/example_dags/example_external_task_marker_dag.py
[2023-12-19T14:32:58.357+0000] {processor.py:830} INFO - Processing file /home/airflow/.local/lib/python3.8/site-packages/airflow/example_dags/example_external_task_marker_dag.py for tasks to queue
[2023-12-19T14:32:58.362+0000] {logging_mixin.py:188} INFO - [2023-12-19T14:32:58.361+0000] {dagbag.py:538} INFO - Filling up the DagBag from /home/airflow/.local/lib/python3.8/site-packages/airflow/example_dags/example_external_task_marker_dag.py
[2023-12-19T14:32:58.378+0000] {processor.py:840} INFO - DAG(s) 'example_external_task_marker_parent', 'example_external_task_marker_child' retrieved from /home/airflow/.local/lib/python3.8/site-packages/airflow/example_dags/example_external_task_marker_dag.py
[2023-12-19T14:32:58.450+0000] {logging_mixin.py:188} INFO - [2023-12-19T14:32:58.450+0000] {dag.py:3033} INFO - Sync 2 DAGs
[2023-12-19T14:32:58.492+0000] {logging_mixin.py:188} INFO - [2023-12-19T14:32:58.491+0000] {dag.py:3820} INFO - Setting next_dagrun for example_external_task_marker_child to None, run_after=None
[2023-12-19T14:32:58.501+0000] {logging_mixin.py:188} INFO - [2023-12-19T14:32:58.500+0000] {dag.py:3820} INFO - Setting next_dagrun for example_external_task_marker_parent to None, run_after=None
[2023-12-19T14:32:58.556+0000] {processor.py:183} INFO - Processing /home/airflow/.local/lib/python3.8/site-packages/airflow/example_dags/example_external_task_marker_dag.py took 0.215 seconds
[2023-12-19T14:33:29.057+0000] {processor.py:161} INFO - Started process (PID=928) to work on /home/airflow/.local/lib/python3.8/site-packages/airflow/example_dags/example_external_task_marker_dag.py
[2023-12-19T14:33:29.060+0000] {processor.py:830} INFO - Processing file /home/airflow/.local/lib/python3.8/site-packages/airflow/example_dags/example_external_task_marker_dag.py for tasks to queue
[2023-12-19T14:33:29.073+0000] {logging_mixin.py:188} INFO - [2023-12-19T14:33:29.073+0000] {dagbag.py:538} INFO - Filling up the DagBag from /home/airflow/.local/lib/python3.8/site-packages/airflow/example_dags/example_external_task_marker_dag.py
[2023-12-19T14:33:29.095+0000] {processor.py:840} INFO - DAG(s) 'example_external_task_marker_parent', 'example_external_task_marker_child' retrieved from /home/airflow/.local/lib/python3.8/site-packages/airflow/example_dags/example_external_task_marker_dag.py
[2023-12-19T14:33:29.195+0000] {logging_mixin.py:188} INFO - [2023-12-19T14:33:29.194+0000] {dag.py:3033} INFO - Sync 2 DAGs
[2023-12-19T14:33:29.282+0000] {logging_mixin.py:188} INFO - [2023-12-19T14:33:29.281+0000] {dag.py:3820} INFO - Setting next_dagrun for example_external_task_marker_child to None, run_after=None
[2023-12-19T14:33:29.293+0000] {logging_mixin.py:188} INFO - [2023-12-19T14:33:29.292+0000] {dag.py:3820} INFO - Setting next_dagrun for example_external_task_marker_parent to None, run_after=None
[2023-12-19T14:33:29.363+0000] {processor.py:183} INFO - Processing /home/airflow/.local/lib/python3.8/site-packages/airflow/example_dags/example_external_task_marker_dag.py took 0.319 seconds
[2023-12-19T14:33:59.599+0000] {processor.py:161} INFO - Started process (PID=983) to work on /home/airflow/.local/lib/python3.8/site-packages/airflow/example_dags/example_external_task_marker_dag.py
[2023-12-19T14:33:59.601+0000] {processor.py:830} INFO - Processing file /home/airflow/.local/lib/python3.8/site-packages/airflow/example_dags/example_external_task_marker_dag.py for tasks to queue
[2023-12-19T14:33:59.605+0000] {logging_mixin.py:188} INFO - [2023-12-19T14:33:59.604+0000] {dagbag.py:538} INFO - Filling up the DagBag from /home/airflow/.local/lib/python3.8/site-packages/airflow/example_dags/example_external_task_marker_dag.py
[2023-12-19T14:33:59.617+0000] {processor.py:840} INFO - DAG(s) 'example_external_task_marker_child', 'example_external_task_marker_parent' retrieved from /home/airflow/.local/lib/python3.8/site-packages/airflow/example_dags/example_external_task_marker_dag.py
[2023-12-19T14:33:59.677+0000] {logging_mixin.py:188} INFO - [2023-12-19T14:33:59.677+0000] {dag.py:3033} INFO - Sync 2 DAGs
[2023-12-19T14:33:59.717+0000] {logging_mixin.py:188} INFO - [2023-12-19T14:33:59.716+0000] {dag.py:3820} INFO - Setting next_dagrun for example_external_task_marker_child to None, run_after=None
[2023-12-19T14:33:59.727+0000] {logging_mixin.py:188} INFO - [2023-12-19T14:33:59.726+0000] {dag.py:3820} INFO - Setting next_dagrun for example_external_task_marker_parent to None, run_after=None
[2023-12-19T14:33:59.781+0000] {processor.py:183} INFO - Processing /home/airflow/.local/lib/python3.8/site-packages/airflow/example_dags/example_external_task_marker_dag.py took 0.188 seconds
[2023-12-19T14:34:30.093+0000] {processor.py:161} INFO - Started process (PID=1038) to work on /home/airflow/.local/lib/python3.8/site-packages/airflow/example_dags/example_external_task_marker_dag.py
[2023-12-19T14:34:30.094+0000] {processor.py:830} INFO - Processing file /home/airflow/.local/lib/python3.8/site-packages/airflow/example_dags/example_external_task_marker_dag.py for tasks to queue
[2023-12-19T14:34:30.098+0000] {logging_mixin.py:188} INFO - [2023-12-19T14:34:30.097+0000] {dagbag.py:538} INFO - Filling up the DagBag from /home/airflow/.local/lib/python3.8/site-packages/airflow/example_dags/example_external_task_marker_dag.py
[2023-12-19T14:34:30.108+0000] {processor.py:840} INFO - DAG(s) 'example_external_task_marker_child', 'example_external_task_marker_parent' retrieved from /home/airflow/.local/lib/python3.8/site-packages/airflow/example_dags/example_external_task_marker_dag.py
[2023-12-19T14:34:30.160+0000] {logging_mixin.py:188} INFO - [2023-12-19T14:34:30.160+0000] {dag.py:3033} INFO - Sync 2 DAGs
[2023-12-19T14:34:30.191+0000] {logging_mixin.py:188} INFO - [2023-12-19T14:34:30.191+0000] {dag.py:3820} INFO - Setting next_dagrun for example_external_task_marker_child to None, run_after=None
[2023-12-19T14:34:30.200+0000] {logging_mixin.py:188} INFO - [2023-12-19T14:34:30.200+0000] {dag.py:3820} INFO - Setting next_dagrun for example_external_task_marker_parent to None, run_after=None
[2023-12-19T14:34:30.241+0000] {processor.py:183} INFO - Processing /home/airflow/.local/lib/python3.8/site-packages/airflow/example_dags/example_external_task_marker_dag.py took 0.153 seconds
[2023-12-19T14:35:00.615+0000] {processor.py:161} INFO - Started process (PID=1092) to work on /home/airflow/.local/lib/python3.8/site-packages/airflow/example_dags/example_external_task_marker_dag.py
[2023-12-19T14:35:00.618+0000] {processor.py:830} INFO - Processing file /home/airflow/.local/lib/python3.8/site-packages/airflow/example_dags/example_external_task_marker_dag.py for tasks to queue
[2023-12-19T14:35:00.626+0000] {logging_mixin.py:188} INFO - [2023-12-19T14:35:00.623+0000] {dagbag.py:538} INFO - Filling up the DagBag from /home/airflow/.local/lib/python3.8/site-packages/airflow/example_dags/example_external_task_marker_dag.py
[2023-12-19T14:35:00.650+0000] {processor.py:840} INFO - DAG(s) 'example_external_task_marker_child', 'example_external_task_marker_parent' retrieved from /home/airflow/.local/lib/python3.8/site-packages/airflow/example_dags/example_external_task_marker_dag.py
[2023-12-19T14:35:00.723+0000] {logging_mixin.py:188} INFO - [2023-12-19T14:35:00.722+0000] {dag.py:3033} INFO - Sync 2 DAGs
[2023-12-19T14:35:00.764+0000] {logging_mixin.py:188} INFO - [2023-12-19T14:35:00.764+0000] {dag.py:3820} INFO - Setting next_dagrun for example_external_task_marker_child to None, run_after=None
[2023-12-19T14:35:00.777+0000] {logging_mixin.py:188} INFO - [2023-12-19T14:35:00.776+0000] {dag.py:3820} INFO - Setting next_dagrun for example_external_task_marker_parent to None, run_after=None
[2023-12-19T14:35:00.853+0000] {processor.py:183} INFO - Processing /home/airflow/.local/lib/python3.8/site-packages/airflow/example_dags/example_external_task_marker_dag.py took 0.247 seconds
[2023-12-19T14:35:31.160+0000] {processor.py:161} INFO - Started process (PID=1147) to work on /home/airflow/.local/lib/python3.8/site-packages/airflow/example_dags/example_external_task_marker_dag.py
[2023-12-19T14:35:31.161+0000] {processor.py:830} INFO - Processing file /home/airflow/.local/lib/python3.8/site-packages/airflow/example_dags/example_external_task_marker_dag.py for tasks to queue
[2023-12-19T14:35:31.165+0000] {logging_mixin.py:188} INFO - [2023-12-19T14:35:31.164+0000] {dagbag.py:538} INFO - Filling up the DagBag from /home/airflow/.local/lib/python3.8/site-packages/airflow/example_dags/example_external_task_marker_dag.py
[2023-12-19T14:35:31.174+0000] {processor.py:840} INFO - DAG(s) 'example_external_task_marker_parent', 'example_external_task_marker_child' retrieved from /home/airflow/.local/lib/python3.8/site-packages/airflow/example_dags/example_external_task_marker_dag.py
[2023-12-19T14:35:31.211+0000] {logging_mixin.py:188} INFO - [2023-12-19T14:35:31.211+0000] {dag.py:3033} INFO - Sync 2 DAGs
[2023-12-19T14:35:31.232+0000] {logging_mixin.py:188} INFO - [2023-12-19T14:35:31.231+0000] {dag.py:3820} INFO - Setting next_dagrun for example_external_task_marker_child to None, run_after=None
[2023-12-19T14:35:31.237+0000] {logging_mixin.py:188} INFO - [2023-12-19T14:35:31.236+0000] {dag.py:3820} INFO - Setting next_dagrun for example_external_task_marker_parent to None, run_after=None
[2023-12-19T14:35:31.262+0000] {processor.py:183} INFO - Processing /home/airflow/.local/lib/python3.8/site-packages/airflow/example_dags/example_external_task_marker_dag.py took 0.106 seconds
[2023-12-19T14:36:01.672+0000] {processor.py:161} INFO - Started process (PID=1201) to work on /home/airflow/.local/lib/python3.8/site-packages/airflow/example_dags/example_external_task_marker_dag.py
[2023-12-19T14:36:01.674+0000] {processor.py:830} INFO - Processing file /home/airflow/.local/lib/python3.8/site-packages/airflow/example_dags/example_external_task_marker_dag.py for tasks to queue
[2023-12-19T14:36:01.677+0000] {logging_mixin.py:188} INFO - [2023-12-19T14:36:01.677+0000] {dagbag.py:538} INFO - Filling up the DagBag from /home/airflow/.local/lib/python3.8/site-packages/airflow/example_dags/example_external_task_marker_dag.py
[2023-12-19T14:36:01.685+0000] {processor.py:840} INFO - DAG(s) 'example_external_task_marker_parent', 'example_external_task_marker_child' retrieved from /home/airflow/.local/lib/python3.8/site-packages/airflow/example_dags/example_external_task_marker_dag.py
[2023-12-19T14:36:01.728+0000] {logging_mixin.py:188} INFO - [2023-12-19T14:36:01.728+0000] {dag.py:3033} INFO - Sync 2 DAGs
[2023-12-19T14:36:01.754+0000] {logging_mixin.py:188} INFO - [2023-12-19T14:36:01.754+0000] {dag.py:3820} INFO - Setting next_dagrun for example_external_task_marker_child to None, run_after=None
[2023-12-19T14:36:01.760+0000] {logging_mixin.py:188} INFO - [2023-12-19T14:36:01.760+0000] {dag.py:3820} INFO - Setting next_dagrun for example_external_task_marker_parent to None, run_after=None
[2023-12-19T14:36:01.788+0000] {processor.py:183} INFO - Processing /home/airflow/.local/lib/python3.8/site-packages/airflow/example_dags/example_external_task_marker_dag.py took 0.120 seconds
[2023-12-19T14:36:32.303+0000] {processor.py:161} INFO - Started process (PID=1256) to work on /home/airflow/.local/lib/python3.8/site-packages/airflow/example_dags/example_external_task_marker_dag.py
[2023-12-19T14:36:32.304+0000] {processor.py:830} INFO - Processing file /home/airflow/.local/lib/python3.8/site-packages/airflow/example_dags/example_external_task_marker_dag.py for tasks to queue
[2023-12-19T14:36:32.307+0000] {logging_mixin.py:188} INFO - [2023-12-19T14:36:32.306+0000] {dagbag.py:538} INFO - Filling up the DagBag from /home/airflow/.local/lib/python3.8/site-packages/airflow/example_dags/example_external_task_marker_dag.py
[2023-12-19T14:36:32.317+0000] {processor.py:840} INFO - DAG(s) 'example_external_task_marker_parent', 'example_external_task_marker_child' retrieved from /home/airflow/.local/lib/python3.8/site-packages/airflow/example_dags/example_external_task_marker_dag.py
[2023-12-19T14:36:32.350+0000] {logging_mixin.py:188} INFO - [2023-12-19T14:36:32.349+0000] {dag.py:3033} INFO - Sync 2 DAGs
[2023-12-19T14:36:32.369+0000] {logging_mixin.py:188} INFO - [2023-12-19T14:36:32.368+0000] {dag.py:3820} INFO - Setting next_dagrun for example_external_task_marker_child to None, run_after=None
[2023-12-19T14:36:32.374+0000] {logging_mixin.py:188} INFO - [2023-12-19T14:36:32.374+0000] {dag.py:3820} INFO - Setting next_dagrun for example_external_task_marker_parent to None, run_after=None
[2023-12-19T14:36:32.398+0000] {processor.py:183} INFO - Processing /home/airflow/.local/lib/python3.8/site-packages/airflow/example_dags/example_external_task_marker_dag.py took 0.099 seconds
[2023-12-19T14:37:02.539+0000] {processor.py:161} INFO - Started process (PID=1311) to work on /home/airflow/.local/lib/python3.8/site-packages/airflow/example_dags/example_external_task_marker_dag.py
[2023-12-19T14:37:02.540+0000] {processor.py:830} INFO - Processing file /home/airflow/.local/lib/python3.8/site-packages/airflow/example_dags/example_external_task_marker_dag.py for tasks to queue
[2023-12-19T14:37:02.543+0000] {logging_mixin.py:188} INFO - [2023-12-19T14:37:02.543+0000] {dagbag.py:538} INFO - Filling up the DagBag from /home/airflow/.local/lib/python3.8/site-packages/airflow/example_dags/example_external_task_marker_dag.py
[2023-12-19T14:37:02.553+0000] {processor.py:840} INFO - DAG(s) 'example_external_task_marker_child', 'example_external_task_marker_parent' retrieved from /home/airflow/.local/lib/python3.8/site-packages/airflow/example_dags/example_external_task_marker_dag.py
[2023-12-19T14:37:02.591+0000] {logging_mixin.py:188} INFO - [2023-12-19T14:37:02.591+0000] {dag.py:3033} INFO - Sync 2 DAGs
[2023-12-19T14:37:02.612+0000] {logging_mixin.py:188} INFO - [2023-12-19T14:37:02.612+0000] {dag.py:3820} INFO - Setting next_dagrun for example_external_task_marker_child to None, run_after=None
[2023-12-19T14:37:02.618+0000] {logging_mixin.py:188} INFO - [2023-12-19T14:37:02.618+0000] {dag.py:3820} INFO - Setting next_dagrun for example_external_task_marker_parent to None, run_after=None
[2023-12-19T14:37:02.647+0000] {processor.py:183} INFO - Processing /home/airflow/.local/lib/python3.8/site-packages/airflow/example_dags/example_external_task_marker_dag.py took 0.112 seconds
