[2023-12-19T14:14:03.578+0000] {processor.py:161} INFO - Started process (PID=59) to work on /home/airflow/.local/lib/python3.8/site-packages/airflow/example_dags/example_xcomargs.py
[2023-12-19T14:14:03.580+0000] {processor.py:830} INFO - Processing file /home/airflow/.local/lib/python3.8/site-packages/airflow/example_dags/example_xcomargs.py for tasks to queue
[2023-12-19T14:14:03.594+0000] {logging_mixin.py:188} INFO - [2023-12-19T14:14:03.593+0000] {dagbag.py:538} INFO - Filling up the DagBag from /home/airflow/.local/lib/python3.8/site-packages/airflow/example_dags/example_xcomargs.py
[2023-12-19T14:14:03.623+0000] {processor.py:840} INFO - DAG(s) 'example_xcom_args', 'example_xcom_args_with_operators' retrieved from /home/airflow/.local/lib/python3.8/site-packages/airflow/example_dags/example_xcomargs.py
[2023-12-19T14:14:04.165+0000] {logging_mixin.py:188} INFO - [2023-12-19T14:14:04.164+0000] {dag.py:3033} INFO - Sync 2 DAGs
[2023-12-19T14:14:04.204+0000] {logging_mixin.py:188} INFO - [2023-12-19T14:14:04.203+0000] {dag.py:3820} INFO - Setting next_dagrun for example_xcom_args to None, run_after=None
[2023-12-19T14:14:04.214+0000] {logging_mixin.py:188} INFO - [2023-12-19T14:14:04.213+0000] {dag.py:3820} INFO - Setting next_dagrun for example_xcom_args_with_operators to None, run_after=None
[2023-12-19T14:14:04.413+0000] {processor.py:183} INFO - Processing /home/airflow/.local/lib/python3.8/site-packages/airflow/example_dags/example_xcomargs.py took 0.852 seconds
[2023-12-19T14:14:34.666+0000] {processor.py:161} INFO - Started process (PID=114) to work on /home/airflow/.local/lib/python3.8/site-packages/airflow/example_dags/example_xcomargs.py
[2023-12-19T14:14:34.669+0000] {processor.py:830} INFO - Processing file /home/airflow/.local/lib/python3.8/site-packages/airflow/example_dags/example_xcomargs.py for tasks to queue
[2023-12-19T14:14:34.674+0000] {logging_mixin.py:188} INFO - [2023-12-19T14:14:34.674+0000] {dagbag.py:538} INFO - Filling up the DagBag from /home/airflow/.local/lib/python3.8/site-packages/airflow/example_dags/example_xcomargs.py
[2023-12-19T14:14:34.700+0000] {processor.py:840} INFO - DAG(s) 'example_xcom_args', 'example_xcom_args_with_operators' retrieved from /home/airflow/.local/lib/python3.8/site-packages/airflow/example_dags/example_xcomargs.py
[2023-12-19T14:14:34.764+0000] {logging_mixin.py:188} INFO - [2023-12-19T14:14:34.763+0000] {dag.py:3033} INFO - Sync 2 DAGs
[2023-12-19T14:14:34.799+0000] {logging_mixin.py:188} INFO - [2023-12-19T14:14:34.798+0000] {dag.py:3820} INFO - Setting next_dagrun for example_xcom_args to None, run_after=None
[2023-12-19T14:14:34.812+0000] {logging_mixin.py:188} INFO - [2023-12-19T14:14:34.812+0000] {dag.py:3820} INFO - Setting next_dagrun for example_xcom_args_with_operators to None, run_after=None
[2023-12-19T14:14:34.876+0000] {processor.py:183} INFO - Processing /home/airflow/.local/lib/python3.8/site-packages/airflow/example_dags/example_xcomargs.py took 0.217 seconds
[2023-12-19T14:15:27.521+0000] {processor.py:161} INFO - Started process (PID=170) to work on /home/airflow/.local/lib/python3.8/site-packages/airflow/example_dags/example_xcomargs.py
[2023-12-19T14:15:27.523+0000] {processor.py:830} INFO - Processing file /home/airflow/.local/lib/python3.8/site-packages/airflow/example_dags/example_xcomargs.py for tasks to queue
[2023-12-19T14:15:27.530+0000] {logging_mixin.py:188} INFO - [2023-12-19T14:15:27.529+0000] {dagbag.py:538} INFO - Filling up the DagBag from /home/airflow/.local/lib/python3.8/site-packages/airflow/example_dags/example_xcomargs.py
[2023-12-19T14:15:27.560+0000] {processor.py:840} INFO - DAG(s) 'example_xcom_args_with_operators', 'example_xcom_args' retrieved from /home/airflow/.local/lib/python3.8/site-packages/airflow/example_dags/example_xcomargs.py
[2023-12-19T14:15:27.639+0000] {logging_mixin.py:188} INFO - [2023-12-19T14:15:27.638+0000] {dag.py:3033} INFO - Sync 2 DAGs
[2023-12-19T14:15:27.678+0000] {logging_mixin.py:188} INFO - [2023-12-19T14:15:27.677+0000] {dag.py:3820} INFO - Setting next_dagrun for example_xcom_args to None, run_after=None
[2023-12-19T14:15:27.697+0000] {logging_mixin.py:188} INFO - [2023-12-19T14:15:27.696+0000] {dag.py:3820} INFO - Setting next_dagrun for example_xcom_args_with_operators to None, run_after=None
[2023-12-19T14:15:27.768+0000] {processor.py:183} INFO - Processing /home/airflow/.local/lib/python3.8/site-packages/airflow/example_dags/example_xcomargs.py took 0.255 seconds
[2023-12-19T14:18:34.247+0000] {processor.py:161} INFO - Started process (PID=51) to work on /home/airflow/.local/lib/python3.8/site-packages/airflow/example_dags/example_xcomargs.py
[2023-12-19T14:18:34.256+0000] {processor.py:830} INFO - Processing file /home/airflow/.local/lib/python3.8/site-packages/airflow/example_dags/example_xcomargs.py for tasks to queue
[2023-12-19T14:18:34.260+0000] {logging_mixin.py:188} INFO - [2023-12-19T14:18:34.259+0000] {dagbag.py:538} INFO - Filling up the DagBag from /home/airflow/.local/lib/python3.8/site-packages/airflow/example_dags/example_xcomargs.py
[2023-12-19T14:18:34.278+0000] {processor.py:840} INFO - DAG(s) 'example_xcom_args_with_operators', 'example_xcom_args' retrieved from /home/airflow/.local/lib/python3.8/site-packages/airflow/example_dags/example_xcomargs.py
[2023-12-19T14:18:34.352+0000] {logging_mixin.py:188} INFO - [2023-12-19T14:18:34.351+0000] {dag.py:3033} INFO - Sync 2 DAGs
[2023-12-19T14:18:34.407+0000] {logging_mixin.py:188} INFO - [2023-12-19T14:18:34.406+0000] {dag.py:3820} INFO - Setting next_dagrun for example_xcom_args to None, run_after=None
[2023-12-19T14:18:34.418+0000] {logging_mixin.py:188} INFO - [2023-12-19T14:18:34.417+0000] {dag.py:3820} INFO - Setting next_dagrun for example_xcom_args_with_operators to None, run_after=None
[2023-12-19T14:18:34.499+0000] {processor.py:183} INFO - Processing /home/airflow/.local/lib/python3.8/site-packages/airflow/example_dags/example_xcomargs.py took 0.260 seconds
[2023-12-19T14:19:08.414+0000] {processor.py:161} INFO - Started process (PID=107) to work on /home/airflow/.local/lib/python3.8/site-packages/airflow/example_dags/example_xcomargs.py
[2023-12-19T14:19:08.423+0000] {processor.py:830} INFO - Processing file /home/airflow/.local/lib/python3.8/site-packages/airflow/example_dags/example_xcomargs.py for tasks to queue
[2023-12-19T14:19:08.439+0000] {logging_mixin.py:188} INFO - [2023-12-19T14:19:08.438+0000] {dagbag.py:538} INFO - Filling up the DagBag from /home/airflow/.local/lib/python3.8/site-packages/airflow/example_dags/example_xcomargs.py
[2023-12-19T14:19:08.507+0000] {processor.py:840} INFO - DAG(s) 'example_xcom_args_with_operators', 'example_xcom_args' retrieved from /home/airflow/.local/lib/python3.8/site-packages/airflow/example_dags/example_xcomargs.py
[2023-12-19T14:19:08.661+0000] {logging_mixin.py:188} INFO - [2023-12-19T14:19:08.660+0000] {dag.py:3033} INFO - Sync 2 DAGs
[2023-12-19T14:19:08.734+0000] {logging_mixin.py:188} INFO - [2023-12-19T14:19:08.733+0000] {dag.py:3820} INFO - Setting next_dagrun for example_xcom_args to None, run_after=None
[2023-12-19T14:19:08.761+0000] {logging_mixin.py:188} INFO - [2023-12-19T14:19:08.761+0000] {dag.py:3820} INFO - Setting next_dagrun for example_xcom_args_with_operators to None, run_after=None
[2023-12-19T14:19:08.881+0000] {processor.py:183} INFO - Processing /home/airflow/.local/lib/python3.8/site-packages/airflow/example_dags/example_xcomargs.py took 0.487 seconds
[2023-12-19T14:19:39.112+0000] {processor.py:161} INFO - Started process (PID=162) to work on /home/airflow/.local/lib/python3.8/site-packages/airflow/example_dags/example_xcomargs.py
[2023-12-19T14:19:39.115+0000] {processor.py:830} INFO - Processing file /home/airflow/.local/lib/python3.8/site-packages/airflow/example_dags/example_xcomargs.py for tasks to queue
[2023-12-19T14:19:39.120+0000] {logging_mixin.py:188} INFO - [2023-12-19T14:19:39.119+0000] {dagbag.py:538} INFO - Filling up the DagBag from /home/airflow/.local/lib/python3.8/site-packages/airflow/example_dags/example_xcomargs.py
[2023-12-19T14:19:39.160+0000] {processor.py:840} INFO - DAG(s) 'example_xcom_args_with_operators', 'example_xcom_args' retrieved from /home/airflow/.local/lib/python3.8/site-packages/airflow/example_dags/example_xcomargs.py
[2023-12-19T14:19:39.225+0000] {logging_mixin.py:188} INFO - [2023-12-19T14:19:39.224+0000] {dag.py:3033} INFO - Sync 2 DAGs
[2023-12-19T14:19:39.258+0000] {logging_mixin.py:188} INFO - [2023-12-19T14:19:39.257+0000] {dag.py:3820} INFO - Setting next_dagrun for example_xcom_args to None, run_after=None
[2023-12-19T14:19:39.266+0000] {logging_mixin.py:188} INFO - [2023-12-19T14:19:39.265+0000] {dag.py:3820} INFO - Setting next_dagrun for example_xcom_args_with_operators to None, run_after=None
[2023-12-19T14:19:39.305+0000] {processor.py:183} INFO - Processing /home/airflow/.local/lib/python3.8/site-packages/airflow/example_dags/example_xcomargs.py took 0.199 seconds
[2023-12-19T14:20:09.774+0000] {processor.py:161} INFO - Started process (PID=216) to work on /home/airflow/.local/lib/python3.8/site-packages/airflow/example_dags/example_xcomargs.py
[2023-12-19T14:20:09.775+0000] {processor.py:830} INFO - Processing file /home/airflow/.local/lib/python3.8/site-packages/airflow/example_dags/example_xcomargs.py for tasks to queue
[2023-12-19T14:20:09.779+0000] {logging_mixin.py:188} INFO - [2023-12-19T14:20:09.779+0000] {dagbag.py:538} INFO - Filling up the DagBag from /home/airflow/.local/lib/python3.8/site-packages/airflow/example_dags/example_xcomargs.py
[2023-12-19T14:20:09.795+0000] {processor.py:840} INFO - DAG(s) 'example_xcom_args_with_operators', 'example_xcom_args' retrieved from /home/airflow/.local/lib/python3.8/site-packages/airflow/example_dags/example_xcomargs.py
[2023-12-19T14:20:09.841+0000] {logging_mixin.py:188} INFO - [2023-12-19T14:20:09.841+0000] {dag.py:3033} INFO - Sync 2 DAGs
[2023-12-19T14:20:09.866+0000] {logging_mixin.py:188} INFO - [2023-12-19T14:20:09.866+0000] {dag.py:3820} INFO - Setting next_dagrun for example_xcom_args to None, run_after=None
[2023-12-19T14:20:09.873+0000] {logging_mixin.py:188} INFO - [2023-12-19T14:20:09.873+0000] {dag.py:3820} INFO - Setting next_dagrun for example_xcom_args_with_operators to None, run_after=None
[2023-12-19T14:20:09.906+0000] {processor.py:183} INFO - Processing /home/airflow/.local/lib/python3.8/site-packages/airflow/example_dags/example_xcomargs.py took 0.138 seconds
[2023-12-19T14:20:41.097+0000] {processor.py:161} INFO - Started process (PID=273) to work on /home/airflow/.local/lib/python3.8/site-packages/airflow/example_dags/example_xcomargs.py
[2023-12-19T14:20:41.099+0000] {processor.py:830} INFO - Processing file /home/airflow/.local/lib/python3.8/site-packages/airflow/example_dags/example_xcomargs.py for tasks to queue
[2023-12-19T14:20:41.106+0000] {logging_mixin.py:188} INFO - [2023-12-19T14:20:41.105+0000] {dagbag.py:538} INFO - Filling up the DagBag from /home/airflow/.local/lib/python3.8/site-packages/airflow/example_dags/example_xcomargs.py
[2023-12-19T14:20:41.132+0000] {processor.py:840} INFO - DAG(s) 'example_xcom_args_with_operators', 'example_xcom_args' retrieved from /home/airflow/.local/lib/python3.8/site-packages/airflow/example_dags/example_xcomargs.py
[2023-12-19T14:20:41.215+0000] {logging_mixin.py:188} INFO - [2023-12-19T14:20:41.214+0000] {dag.py:3033} INFO - Sync 2 DAGs
[2023-12-19T14:20:41.251+0000] {logging_mixin.py:188} INFO - [2023-12-19T14:20:41.250+0000] {dag.py:3820} INFO - Setting next_dagrun for example_xcom_args to None, run_after=None
[2023-12-19T14:20:41.259+0000] {logging_mixin.py:188} INFO - [2023-12-19T14:20:41.258+0000] {dag.py:3820} INFO - Setting next_dagrun for example_xcom_args_with_operators to None, run_after=None
[2023-12-19T14:20:41.311+0000] {processor.py:183} INFO - Processing /home/airflow/.local/lib/python3.8/site-packages/airflow/example_dags/example_xcomargs.py took 0.225 seconds
[2023-12-19T14:21:12.530+0000] {processor.py:161} INFO - Started process (PID=327) to work on /home/airflow/.local/lib/python3.8/site-packages/airflow/example_dags/example_xcomargs.py
[2023-12-19T14:21:12.535+0000] {processor.py:830} INFO - Processing file /home/airflow/.local/lib/python3.8/site-packages/airflow/example_dags/example_xcomargs.py for tasks to queue
[2023-12-19T14:21:12.545+0000] {logging_mixin.py:188} INFO - [2023-12-19T14:21:12.544+0000] {dagbag.py:538} INFO - Filling up the DagBag from /home/airflow/.local/lib/python3.8/site-packages/airflow/example_dags/example_xcomargs.py
[2023-12-19T14:21:12.575+0000] {processor.py:840} INFO - DAG(s) 'example_xcom_args', 'example_xcom_args_with_operators' retrieved from /home/airflow/.local/lib/python3.8/site-packages/airflow/example_dags/example_xcomargs.py
[2023-12-19T14:21:12.713+0000] {logging_mixin.py:188} INFO - [2023-12-19T14:21:12.713+0000] {dag.py:3033} INFO - Sync 2 DAGs
[2023-12-19T14:21:12.768+0000] {logging_mixin.py:188} INFO - [2023-12-19T14:21:12.767+0000] {dag.py:3820} INFO - Setting next_dagrun for example_xcom_args to None, run_after=None
[2023-12-19T14:21:12.796+0000] {logging_mixin.py:188} INFO - [2023-12-19T14:21:12.795+0000] {dag.py:3820} INFO - Setting next_dagrun for example_xcom_args_with_operators to None, run_after=None
[2023-12-19T14:21:12.889+0000] {processor.py:183} INFO - Processing /home/airflow/.local/lib/python3.8/site-packages/airflow/example_dags/example_xcomargs.py took 0.395 seconds
[2023-12-19T14:21:43.643+0000] {processor.py:161} INFO - Started process (PID=382) to work on /home/airflow/.local/lib/python3.8/site-packages/airflow/example_dags/example_xcomargs.py
[2023-12-19T14:21:43.648+0000] {processor.py:830} INFO - Processing file /home/airflow/.local/lib/python3.8/site-packages/airflow/example_dags/example_xcomargs.py for tasks to queue
[2023-12-19T14:21:43.662+0000] {logging_mixin.py:188} INFO - [2023-12-19T14:21:43.661+0000] {dagbag.py:538} INFO - Filling up the DagBag from /home/airflow/.local/lib/python3.8/site-packages/airflow/example_dags/example_xcomargs.py
[2023-12-19T14:21:43.699+0000] {processor.py:840} INFO - DAG(s) 'example_xcom_args', 'example_xcom_args_with_operators' retrieved from /home/airflow/.local/lib/python3.8/site-packages/airflow/example_dags/example_xcomargs.py
[2023-12-19T14:21:43.810+0000] {logging_mixin.py:188} INFO - [2023-12-19T14:21:43.809+0000] {dag.py:3033} INFO - Sync 2 DAGs
[2023-12-19T14:21:43.890+0000] {logging_mixin.py:188} INFO - [2023-12-19T14:21:43.889+0000] {dag.py:3820} INFO - Setting next_dagrun for example_xcom_args to None, run_after=None
[2023-12-19T14:21:43.945+0000] {logging_mixin.py:188} INFO - [2023-12-19T14:21:43.930+0000] {dag.py:3820} INFO - Setting next_dagrun for example_xcom_args_with_operators to None, run_after=None
[2023-12-19T14:21:44.051+0000] {processor.py:183} INFO - Processing /home/airflow/.local/lib/python3.8/site-packages/airflow/example_dags/example_xcomargs.py took 0.417 seconds
[2023-12-19T14:22:14.891+0000] {processor.py:161} INFO - Started process (PID=437) to work on /home/airflow/.local/lib/python3.8/site-packages/airflow/example_dags/example_xcomargs.py
[2023-12-19T14:22:14.894+0000] {processor.py:830} INFO - Processing file /home/airflow/.local/lib/python3.8/site-packages/airflow/example_dags/example_xcomargs.py for tasks to queue
[2023-12-19T14:22:14.915+0000] {logging_mixin.py:188} INFO - [2023-12-19T14:22:14.915+0000] {dagbag.py:538} INFO - Filling up the DagBag from /home/airflow/.local/lib/python3.8/site-packages/airflow/example_dags/example_xcomargs.py
[2023-12-19T14:22:14.950+0000] {processor.py:840} INFO - DAG(s) 'example_xcom_args', 'example_xcom_args_with_operators' retrieved from /home/airflow/.local/lib/python3.8/site-packages/airflow/example_dags/example_xcomargs.py
[2023-12-19T14:22:15.029+0000] {logging_mixin.py:188} INFO - [2023-12-19T14:22:15.029+0000] {dag.py:3033} INFO - Sync 2 DAGs
[2023-12-19T14:22:15.082+0000] {logging_mixin.py:188} INFO - [2023-12-19T14:22:15.081+0000] {dag.py:3820} INFO - Setting next_dagrun for example_xcom_args to None, run_after=None
[2023-12-19T14:22:15.094+0000] {logging_mixin.py:188} INFO - [2023-12-19T14:22:15.094+0000] {dag.py:3820} INFO - Setting next_dagrun for example_xcom_args_with_operators to None, run_after=None
[2023-12-19T14:22:15.160+0000] {processor.py:183} INFO - Processing /home/airflow/.local/lib/python3.8/site-packages/airflow/example_dags/example_xcomargs.py took 0.278 seconds
[2023-12-19T14:23:20.761+0000] {processor.py:161} INFO - Started process (PID=51) to work on /home/airflow/.local/lib/python3.8/site-packages/airflow/example_dags/example_xcomargs.py
[2023-12-19T14:23:20.763+0000] {processor.py:830} INFO - Processing file /home/airflow/.local/lib/python3.8/site-packages/airflow/example_dags/example_xcomargs.py for tasks to queue
[2023-12-19T14:23:20.767+0000] {logging_mixin.py:188} INFO - [2023-12-19T14:23:20.767+0000] {dagbag.py:538} INFO - Filling up the DagBag from /home/airflow/.local/lib/python3.8/site-packages/airflow/example_dags/example_xcomargs.py
[2023-12-19T14:23:20.792+0000] {processor.py:840} INFO - DAG(s) 'example_xcom_args_with_operators', 'example_xcom_args' retrieved from /home/airflow/.local/lib/python3.8/site-packages/airflow/example_dags/example_xcomargs.py
[2023-12-19T14:23:20.873+0000] {logging_mixin.py:188} INFO - [2023-12-19T14:23:20.872+0000] {dag.py:3033} INFO - Sync 2 DAGs
[2023-12-19T14:23:20.931+0000] {logging_mixin.py:188} INFO - [2023-12-19T14:23:20.930+0000] {dag.py:3820} INFO - Setting next_dagrun for example_xcom_args to None, run_after=None
[2023-12-19T14:23:20.952+0000] {logging_mixin.py:188} INFO - [2023-12-19T14:23:20.951+0000] {dag.py:3820} INFO - Setting next_dagrun for example_xcom_args_with_operators to None, run_after=None
[2023-12-19T14:23:21.014+0000] {processor.py:183} INFO - Processing /home/airflow/.local/lib/python3.8/site-packages/airflow/example_dags/example_xcomargs.py took 0.261 seconds
[2023-12-19T14:23:51.404+0000] {processor.py:161} INFO - Started process (PID=105) to work on /home/airflow/.local/lib/python3.8/site-packages/airflow/example_dags/example_xcomargs.py
[2023-12-19T14:23:51.407+0000] {processor.py:830} INFO - Processing file /home/airflow/.local/lib/python3.8/site-packages/airflow/example_dags/example_xcomargs.py for tasks to queue
[2023-12-19T14:23:51.424+0000] {logging_mixin.py:188} INFO - [2023-12-19T14:23:51.423+0000] {dagbag.py:538} INFO - Filling up the DagBag from /home/airflow/.local/lib/python3.8/site-packages/airflow/example_dags/example_xcomargs.py
[2023-12-19T14:23:51.448+0000] {processor.py:840} INFO - DAG(s) 'example_xcom_args', 'example_xcom_args_with_operators' retrieved from /home/airflow/.local/lib/python3.8/site-packages/airflow/example_dags/example_xcomargs.py
[2023-12-19T14:23:51.476+0000] {logging_mixin.py:188} INFO - [2023-12-19T14:23:51.476+0000] {dag.py:3033} INFO - Sync 2 DAGs
[2023-12-19T14:23:51.526+0000] {logging_mixin.py:188} INFO - [2023-12-19T14:23:51.525+0000] {dag.py:3820} INFO - Setting next_dagrun for example_xcom_args to None, run_after=None
[2023-12-19T14:23:51.542+0000] {logging_mixin.py:188} INFO - [2023-12-19T14:23:51.541+0000] {dag.py:3820} INFO - Setting next_dagrun for example_xcom_args_with_operators to None, run_after=None
[2023-12-19T14:23:51.583+0000] {processor.py:183} INFO - Processing /home/airflow/.local/lib/python3.8/site-packages/airflow/example_dags/example_xcomargs.py took 0.187 seconds
[2023-12-19T14:25:19.733+0000] {processor.py:161} INFO - Started process (PID=57) to work on /home/airflow/.local/lib/python3.8/site-packages/airflow/example_dags/example_xcomargs.py
[2023-12-19T14:25:19.751+0000] {processor.py:830} INFO - Processing file /home/airflow/.local/lib/python3.8/site-packages/airflow/example_dags/example_xcomargs.py for tasks to queue
[2023-12-19T14:25:19.761+0000] {logging_mixin.py:188} INFO - [2023-12-19T14:25:19.760+0000] {dagbag.py:538} INFO - Filling up the DagBag from /home/airflow/.local/lib/python3.8/site-packages/airflow/example_dags/example_xcomargs.py
[2023-12-19T14:25:19.835+0000] {processor.py:840} INFO - DAG(s) 'example_xcom_args_with_operators', 'example_xcom_args' retrieved from /home/airflow/.local/lib/python3.8/site-packages/airflow/example_dags/example_xcomargs.py
[2023-12-19T14:25:20.956+0000] {logging_mixin.py:188} INFO - [2023-12-19T14:25:20.956+0000] {dag.py:3033} INFO - Sync 2 DAGs
[2023-12-19T14:25:21.042+0000] {logging_mixin.py:188} INFO - [2023-12-19T14:25:21.041+0000] {dag.py:3820} INFO - Setting next_dagrun for example_xcom_args to None, run_after=None
[2023-12-19T14:25:21.060+0000] {logging_mixin.py:188} INFO - [2023-12-19T14:25:21.059+0000] {dag.py:3820} INFO - Setting next_dagrun for example_xcom_args_with_operators to None, run_after=None
[2023-12-19T14:25:21.259+0000] {processor.py:183} INFO - Processing /home/airflow/.local/lib/python3.8/site-packages/airflow/example_dags/example_xcomargs.py took 1.580 seconds
[2023-12-19T14:25:51.761+0000] {processor.py:161} INFO - Started process (PID=112) to work on /home/airflow/.local/lib/python3.8/site-packages/airflow/example_dags/example_xcomargs.py
[2023-12-19T14:25:51.763+0000] {processor.py:830} INFO - Processing file /home/airflow/.local/lib/python3.8/site-packages/airflow/example_dags/example_xcomargs.py for tasks to queue
[2023-12-19T14:25:51.768+0000] {logging_mixin.py:188} INFO - [2023-12-19T14:25:51.768+0000] {dagbag.py:538} INFO - Filling up the DagBag from /home/airflow/.local/lib/python3.8/site-packages/airflow/example_dags/example_xcomargs.py
[2023-12-19T14:25:51.787+0000] {processor.py:840} INFO - DAG(s) 'example_xcom_args', 'example_xcom_args_with_operators' retrieved from /home/airflow/.local/lib/python3.8/site-packages/airflow/example_dags/example_xcomargs.py
[2023-12-19T14:25:51.829+0000] {logging_mixin.py:188} INFO - [2023-12-19T14:25:51.829+0000] {dag.py:3033} INFO - Sync 2 DAGs
[2023-12-19T14:25:51.852+0000] {logging_mixin.py:188} INFO - [2023-12-19T14:25:51.851+0000] {dag.py:3820} INFO - Setting next_dagrun for example_xcom_args to None, run_after=None
[2023-12-19T14:25:51.858+0000] {logging_mixin.py:188} INFO - [2023-12-19T14:25:51.857+0000] {dag.py:3820} INFO - Setting next_dagrun for example_xcom_args_with_operators to None, run_after=None
[2023-12-19T14:25:51.887+0000] {processor.py:183} INFO - Processing /home/airflow/.local/lib/python3.8/site-packages/airflow/example_dags/example_xcomargs.py took 0.134 seconds
[2023-12-19T14:26:22.433+0000] {processor.py:161} INFO - Started process (PID=166) to work on /home/airflow/.local/lib/python3.8/site-packages/airflow/example_dags/example_xcomargs.py
[2023-12-19T14:26:22.435+0000] {processor.py:830} INFO - Processing file /home/airflow/.local/lib/python3.8/site-packages/airflow/example_dags/example_xcomargs.py for tasks to queue
[2023-12-19T14:26:22.441+0000] {logging_mixin.py:188} INFO - [2023-12-19T14:26:22.441+0000] {dagbag.py:538} INFO - Filling up the DagBag from /home/airflow/.local/lib/python3.8/site-packages/airflow/example_dags/example_xcomargs.py
[2023-12-19T14:26:22.456+0000] {processor.py:840} INFO - DAG(s) 'example_xcom_args', 'example_xcom_args_with_operators' retrieved from /home/airflow/.local/lib/python3.8/site-packages/airflow/example_dags/example_xcomargs.py
[2023-12-19T14:26:22.500+0000] {logging_mixin.py:188} INFO - [2023-12-19T14:26:22.500+0000] {dag.py:3033} INFO - Sync 2 DAGs
[2023-12-19T14:26:22.523+0000] {logging_mixin.py:188} INFO - [2023-12-19T14:26:22.523+0000] {dag.py:3820} INFO - Setting next_dagrun for example_xcom_args to None, run_after=None
[2023-12-19T14:26:22.530+0000] {logging_mixin.py:188} INFO - [2023-12-19T14:26:22.530+0000] {dag.py:3820} INFO - Setting next_dagrun for example_xcom_args_with_operators to None, run_after=None
[2023-12-19T14:26:22.562+0000] {processor.py:183} INFO - Processing /home/airflow/.local/lib/python3.8/site-packages/airflow/example_dags/example_xcomargs.py took 0.135 seconds
[2023-12-19T14:26:53.311+0000] {processor.py:161} INFO - Started process (PID=221) to work on /home/airflow/.local/lib/python3.8/site-packages/airflow/example_dags/example_xcomargs.py
[2023-12-19T14:26:53.313+0000] {processor.py:830} INFO - Processing file /home/airflow/.local/lib/python3.8/site-packages/airflow/example_dags/example_xcomargs.py for tasks to queue
[2023-12-19T14:26:53.320+0000] {logging_mixin.py:188} INFO - [2023-12-19T14:26:53.319+0000] {dagbag.py:538} INFO - Filling up the DagBag from /home/airflow/.local/lib/python3.8/site-packages/airflow/example_dags/example_xcomargs.py
[2023-12-19T14:26:53.340+0000] {processor.py:840} INFO - DAG(s) 'example_xcom_args', 'example_xcom_args_with_operators' retrieved from /home/airflow/.local/lib/python3.8/site-packages/airflow/example_dags/example_xcomargs.py
[2023-12-19T14:26:53.390+0000] {logging_mixin.py:188} INFO - [2023-12-19T14:26:53.390+0000] {dag.py:3033} INFO - Sync 2 DAGs
[2023-12-19T14:26:53.416+0000] {logging_mixin.py:188} INFO - [2023-12-19T14:26:53.416+0000] {dag.py:3820} INFO - Setting next_dagrun for example_xcom_args to None, run_after=None
[2023-12-19T14:26:53.424+0000] {logging_mixin.py:188} INFO - [2023-12-19T14:26:53.424+0000] {dag.py:3820} INFO - Setting next_dagrun for example_xcom_args_with_operators to None, run_after=None
[2023-12-19T14:26:53.465+0000] {processor.py:183} INFO - Processing /home/airflow/.local/lib/python3.8/site-packages/airflow/example_dags/example_xcomargs.py took 0.164 seconds
[2023-12-19T14:27:23.743+0000] {processor.py:161} INFO - Started process (PID=276) to work on /home/airflow/.local/lib/python3.8/site-packages/airflow/example_dags/example_xcomargs.py
[2023-12-19T14:27:23.745+0000] {processor.py:830} INFO - Processing file /home/airflow/.local/lib/python3.8/site-packages/airflow/example_dags/example_xcomargs.py for tasks to queue
[2023-12-19T14:27:23.750+0000] {logging_mixin.py:188} INFO - [2023-12-19T14:27:23.749+0000] {dagbag.py:538} INFO - Filling up the DagBag from /home/airflow/.local/lib/python3.8/site-packages/airflow/example_dags/example_xcomargs.py
[2023-12-19T14:27:23.765+0000] {processor.py:840} INFO - DAG(s) 'example_xcom_args_with_operators', 'example_xcom_args' retrieved from /home/airflow/.local/lib/python3.8/site-packages/airflow/example_dags/example_xcomargs.py
[2023-12-19T14:27:23.814+0000] {logging_mixin.py:188} INFO - [2023-12-19T14:27:23.814+0000] {dag.py:3033} INFO - Sync 2 DAGs
[2023-12-19T14:27:23.841+0000] {logging_mixin.py:188} INFO - [2023-12-19T14:27:23.841+0000] {dag.py:3820} INFO - Setting next_dagrun for example_xcom_args to None, run_after=None
[2023-12-19T14:27:23.848+0000] {logging_mixin.py:188} INFO - [2023-12-19T14:27:23.848+0000] {dag.py:3820} INFO - Setting next_dagrun for example_xcom_args_with_operators to None, run_after=None
[2023-12-19T14:27:23.879+0000] {processor.py:183} INFO - Processing /home/airflow/.local/lib/python3.8/site-packages/airflow/example_dags/example_xcomargs.py took 0.141 seconds
[2023-12-19T14:27:53.944+0000] {processor.py:161} INFO - Started process (PID=331) to work on /home/airflow/.local/lib/python3.8/site-packages/airflow/example_dags/example_xcomargs.py
[2023-12-19T14:27:53.947+0000] {processor.py:830} INFO - Processing file /home/airflow/.local/lib/python3.8/site-packages/airflow/example_dags/example_xcomargs.py for tasks to queue
[2023-12-19T14:27:53.951+0000] {logging_mixin.py:188} INFO - [2023-12-19T14:27:53.951+0000] {dagbag.py:538} INFO - Filling up the DagBag from /home/airflow/.local/lib/python3.8/site-packages/airflow/example_dags/example_xcomargs.py
[2023-12-19T14:27:53.966+0000] {processor.py:840} INFO - DAG(s) 'example_xcom_args', 'example_xcom_args_with_operators' retrieved from /home/airflow/.local/lib/python3.8/site-packages/airflow/example_dags/example_xcomargs.py
[2023-12-19T14:27:54.015+0000] {logging_mixin.py:188} INFO - [2023-12-19T14:27:54.015+0000] {dag.py:3033} INFO - Sync 2 DAGs
[2023-12-19T14:27:54.040+0000] {logging_mixin.py:188} INFO - [2023-12-19T14:27:54.039+0000] {dag.py:3820} INFO - Setting next_dagrun for example_xcom_args to None, run_after=None
[2023-12-19T14:27:54.047+0000] {logging_mixin.py:188} INFO - [2023-12-19T14:27:54.047+0000] {dag.py:3820} INFO - Setting next_dagrun for example_xcom_args_with_operators to None, run_after=None
[2023-12-19T14:27:54.080+0000] {processor.py:183} INFO - Processing /home/airflow/.local/lib/python3.8/site-packages/airflow/example_dags/example_xcomargs.py took 0.142 seconds
[2023-12-19T14:28:24.707+0000] {processor.py:161} INFO - Started process (PID=386) to work on /home/airflow/.local/lib/python3.8/site-packages/airflow/example_dags/example_xcomargs.py
[2023-12-19T14:28:24.709+0000] {processor.py:830} INFO - Processing file /home/airflow/.local/lib/python3.8/site-packages/airflow/example_dags/example_xcomargs.py for tasks to queue
[2023-12-19T14:28:24.715+0000] {logging_mixin.py:188} INFO - [2023-12-19T14:28:24.714+0000] {dagbag.py:538} INFO - Filling up the DagBag from /home/airflow/.local/lib/python3.8/site-packages/airflow/example_dags/example_xcomargs.py
[2023-12-19T14:28:24.733+0000] {processor.py:840} INFO - DAG(s) 'example_xcom_args_with_operators', 'example_xcom_args' retrieved from /home/airflow/.local/lib/python3.8/site-packages/airflow/example_dags/example_xcomargs.py
[2023-12-19T14:28:24.796+0000] {logging_mixin.py:188} INFO - [2023-12-19T14:28:24.795+0000] {dag.py:3033} INFO - Sync 2 DAGs
[2023-12-19T14:28:24.832+0000] {logging_mixin.py:188} INFO - [2023-12-19T14:28:24.831+0000] {dag.py:3820} INFO - Setting next_dagrun for example_xcom_args to None, run_after=None
[2023-12-19T14:28:24.846+0000] {logging_mixin.py:188} INFO - [2023-12-19T14:28:24.845+0000] {dag.py:3820} INFO - Setting next_dagrun for example_xcom_args_with_operators to None, run_after=None
[2023-12-19T14:28:24.903+0000] {processor.py:183} INFO - Processing /home/airflow/.local/lib/python3.8/site-packages/airflow/example_dags/example_xcomargs.py took 0.204 seconds
[2023-12-19T14:28:55.354+0000] {processor.py:161} INFO - Started process (PID=441) to work on /home/airflow/.local/lib/python3.8/site-packages/airflow/example_dags/example_xcomargs.py
[2023-12-19T14:28:55.355+0000] {processor.py:830} INFO - Processing file /home/airflow/.local/lib/python3.8/site-packages/airflow/example_dags/example_xcomargs.py for tasks to queue
[2023-12-19T14:28:55.360+0000] {logging_mixin.py:188} INFO - [2023-12-19T14:28:55.359+0000] {dagbag.py:538} INFO - Filling up the DagBag from /home/airflow/.local/lib/python3.8/site-packages/airflow/example_dags/example_xcomargs.py
[2023-12-19T14:28:55.378+0000] {processor.py:840} INFO - DAG(s) 'example_xcom_args_with_operators', 'example_xcom_args' retrieved from /home/airflow/.local/lib/python3.8/site-packages/airflow/example_dags/example_xcomargs.py
[2023-12-19T14:28:55.443+0000] {logging_mixin.py:188} INFO - [2023-12-19T14:28:55.442+0000] {dag.py:3033} INFO - Sync 2 DAGs
[2023-12-19T14:28:55.479+0000] {logging_mixin.py:188} INFO - [2023-12-19T14:28:55.478+0000] {dag.py:3820} INFO - Setting next_dagrun for example_xcom_args to None, run_after=None
[2023-12-19T14:28:55.490+0000] {logging_mixin.py:188} INFO - [2023-12-19T14:28:55.489+0000] {dag.py:3820} INFO - Setting next_dagrun for example_xcom_args_with_operators to None, run_after=None
[2023-12-19T14:28:55.535+0000] {processor.py:183} INFO - Processing /home/airflow/.local/lib/python3.8/site-packages/airflow/example_dags/example_xcomargs.py took 0.189 seconds
[2023-12-19T14:29:26.031+0000] {processor.py:161} INFO - Started process (PID=496) to work on /home/airflow/.local/lib/python3.8/site-packages/airflow/example_dags/example_xcomargs.py
[2023-12-19T14:29:26.033+0000] {processor.py:830} INFO - Processing file /home/airflow/.local/lib/python3.8/site-packages/airflow/example_dags/example_xcomargs.py for tasks to queue
[2023-12-19T14:29:26.037+0000] {logging_mixin.py:188} INFO - [2023-12-19T14:29:26.037+0000] {dagbag.py:538} INFO - Filling up the DagBag from /home/airflow/.local/lib/python3.8/site-packages/airflow/example_dags/example_xcomargs.py
[2023-12-19T14:29:26.050+0000] {processor.py:840} INFO - DAG(s) 'example_xcom_args', 'example_xcom_args_with_operators' retrieved from /home/airflow/.local/lib/python3.8/site-packages/airflow/example_dags/example_xcomargs.py
[2023-12-19T14:29:26.102+0000] {logging_mixin.py:188} INFO - [2023-12-19T14:29:26.102+0000] {dag.py:3033} INFO - Sync 2 DAGs
[2023-12-19T14:29:26.138+0000] {logging_mixin.py:188} INFO - [2023-12-19T14:29:26.137+0000] {dag.py:3820} INFO - Setting next_dagrun for example_xcom_args to None, run_after=None
[2023-12-19T14:29:26.147+0000] {logging_mixin.py:188} INFO - [2023-12-19T14:29:26.147+0000] {dag.py:3820} INFO - Setting next_dagrun for example_xcom_args_with_operators to None, run_after=None
[2023-12-19T14:29:26.192+0000] {processor.py:183} INFO - Processing /home/airflow/.local/lib/python3.8/site-packages/airflow/example_dags/example_xcomargs.py took 0.166 seconds
[2023-12-19T14:29:56.610+0000] {processor.py:161} INFO - Started process (PID=551) to work on /home/airflow/.local/lib/python3.8/site-packages/airflow/example_dags/example_xcomargs.py
[2023-12-19T14:29:56.621+0000] {processor.py:830} INFO - Processing file /home/airflow/.local/lib/python3.8/site-packages/airflow/example_dags/example_xcomargs.py for tasks to queue
[2023-12-19T14:29:56.633+0000] {logging_mixin.py:188} INFO - [2023-12-19T14:29:56.625+0000] {dagbag.py:538} INFO - Filling up the DagBag from /home/airflow/.local/lib/python3.8/site-packages/airflow/example_dags/example_xcomargs.py
[2023-12-19T14:29:56.686+0000] {processor.py:840} INFO - DAG(s) 'example_xcom_args', 'example_xcom_args_with_operators' retrieved from /home/airflow/.local/lib/python3.8/site-packages/airflow/example_dags/example_xcomargs.py
[2023-12-19T14:29:56.896+0000] {logging_mixin.py:188} INFO - [2023-12-19T14:29:56.896+0000] {dag.py:3033} INFO - Sync 2 DAGs
[2023-12-19T14:29:56.970+0000] {logging_mixin.py:188} INFO - [2023-12-19T14:29:56.969+0000] {dag.py:3820} INFO - Setting next_dagrun for example_xcom_args to None, run_after=None
[2023-12-19T14:29:56.986+0000] {logging_mixin.py:188} INFO - [2023-12-19T14:29:56.986+0000] {dag.py:3820} INFO - Setting next_dagrun for example_xcom_args_with_operators to None, run_after=None
[2023-12-19T14:29:57.048+0000] {processor.py:183} INFO - Processing /home/airflow/.local/lib/python3.8/site-packages/airflow/example_dags/example_xcomargs.py took 0.452 seconds
[2023-12-19T14:30:27.678+0000] {processor.py:161} INFO - Started process (PID=605) to work on /home/airflow/.local/lib/python3.8/site-packages/airflow/example_dags/example_xcomargs.py
[2023-12-19T14:30:27.680+0000] {processor.py:830} INFO - Processing file /home/airflow/.local/lib/python3.8/site-packages/airflow/example_dags/example_xcomargs.py for tasks to queue
[2023-12-19T14:30:27.684+0000] {logging_mixin.py:188} INFO - [2023-12-19T14:30:27.684+0000] {dagbag.py:538} INFO - Filling up the DagBag from /home/airflow/.local/lib/python3.8/site-packages/airflow/example_dags/example_xcomargs.py
[2023-12-19T14:30:27.701+0000] {processor.py:840} INFO - DAG(s) 'example_xcom_args', 'example_xcom_args_with_operators' retrieved from /home/airflow/.local/lib/python3.8/site-packages/airflow/example_dags/example_xcomargs.py
[2023-12-19T14:30:27.748+0000] {logging_mixin.py:188} INFO - [2023-12-19T14:30:27.747+0000] {dag.py:3033} INFO - Sync 2 DAGs
[2023-12-19T14:30:27.778+0000] {logging_mixin.py:188} INFO - [2023-12-19T14:30:27.777+0000] {dag.py:3820} INFO - Setting next_dagrun for example_xcom_args to None, run_after=None
[2023-12-19T14:30:27.785+0000] {logging_mixin.py:188} INFO - [2023-12-19T14:30:27.785+0000] {dag.py:3820} INFO - Setting next_dagrun for example_xcom_args_with_operators to None, run_after=None
[2023-12-19T14:30:27.817+0000] {processor.py:183} INFO - Processing /home/airflow/.local/lib/python3.8/site-packages/airflow/example_dags/example_xcomargs.py took 0.147 seconds
[2023-12-19T14:30:58.170+0000] {processor.py:161} INFO - Started process (PID=660) to work on /home/airflow/.local/lib/python3.8/site-packages/airflow/example_dags/example_xcomargs.py
[2023-12-19T14:30:58.173+0000] {processor.py:830} INFO - Processing file /home/airflow/.local/lib/python3.8/site-packages/airflow/example_dags/example_xcomargs.py for tasks to queue
[2023-12-19T14:30:58.208+0000] {logging_mixin.py:188} INFO - [2023-12-19T14:30:58.201+0000] {dagbag.py:538} INFO - Filling up the DagBag from /home/airflow/.local/lib/python3.8/site-packages/airflow/example_dags/example_xcomargs.py
[2023-12-19T14:30:58.256+0000] {processor.py:840} INFO - DAG(s) 'example_xcom_args_with_operators', 'example_xcom_args' retrieved from /home/airflow/.local/lib/python3.8/site-packages/airflow/example_dags/example_xcomargs.py
[2023-12-19T14:30:58.378+0000] {logging_mixin.py:188} INFO - [2023-12-19T14:30:58.377+0000] {dag.py:3033} INFO - Sync 2 DAGs
[2023-12-19T14:30:58.438+0000] {logging_mixin.py:188} INFO - [2023-12-19T14:30:58.438+0000] {dag.py:3820} INFO - Setting next_dagrun for example_xcom_args to None, run_after=None
[2023-12-19T14:30:58.449+0000] {logging_mixin.py:188} INFO - [2023-12-19T14:30:58.449+0000] {dag.py:3820} INFO - Setting next_dagrun for example_xcom_args_with_operators to None, run_after=None
[2023-12-19T14:30:58.555+0000] {processor.py:183} INFO - Processing /home/airflow/.local/lib/python3.8/site-packages/airflow/example_dags/example_xcomargs.py took 0.411 seconds
[2023-12-19T14:31:29.428+0000] {processor.py:161} INFO - Started process (PID=712) to work on /home/airflow/.local/lib/python3.8/site-packages/airflow/example_dags/example_xcomargs.py
[2023-12-19T14:31:29.431+0000] {processor.py:830} INFO - Processing file /home/airflow/.local/lib/python3.8/site-packages/airflow/example_dags/example_xcomargs.py for tasks to queue
[2023-12-19T14:31:29.436+0000] {logging_mixin.py:188} INFO - [2023-12-19T14:31:29.435+0000] {dagbag.py:538} INFO - Filling up the DagBag from /home/airflow/.local/lib/python3.8/site-packages/airflow/example_dags/example_xcomargs.py
[2023-12-19T14:31:29.465+0000] {processor.py:840} INFO - DAG(s) 'example_xcom_args_with_operators', 'example_xcom_args' retrieved from /home/airflow/.local/lib/python3.8/site-packages/airflow/example_dags/example_xcomargs.py
[2023-12-19T14:31:29.535+0000] {logging_mixin.py:188} INFO - [2023-12-19T14:31:29.534+0000] {dag.py:3033} INFO - Sync 2 DAGs
[2023-12-19T14:31:29.572+0000] {logging_mixin.py:188} INFO - [2023-12-19T14:31:29.571+0000] {dag.py:3820} INFO - Setting next_dagrun for example_xcom_args to None, run_after=None
[2023-12-19T14:31:29.588+0000] {logging_mixin.py:188} INFO - [2023-12-19T14:31:29.587+0000] {dag.py:3820} INFO - Setting next_dagrun for example_xcom_args_with_operators to None, run_after=None
[2023-12-19T14:31:29.653+0000] {processor.py:183} INFO - Processing /home/airflow/.local/lib/python3.8/site-packages/airflow/example_dags/example_xcomargs.py took 0.234 seconds
[2023-12-19T14:31:59.753+0000] {processor.py:161} INFO - Started process (PID=767) to work on /home/airflow/.local/lib/python3.8/site-packages/airflow/example_dags/example_xcomargs.py
[2023-12-19T14:31:59.756+0000] {processor.py:830} INFO - Processing file /home/airflow/.local/lib/python3.8/site-packages/airflow/example_dags/example_xcomargs.py for tasks to queue
[2023-12-19T14:31:59.761+0000] {logging_mixin.py:188} INFO - [2023-12-19T14:31:59.760+0000] {dagbag.py:538} INFO - Filling up the DagBag from /home/airflow/.local/lib/python3.8/site-packages/airflow/example_dags/example_xcomargs.py
[2023-12-19T14:31:59.779+0000] {processor.py:840} INFO - DAG(s) 'example_xcom_args', 'example_xcom_args_with_operators' retrieved from /home/airflow/.local/lib/python3.8/site-packages/airflow/example_dags/example_xcomargs.py
[2023-12-19T14:31:59.828+0000] {logging_mixin.py:188} INFO - [2023-12-19T14:31:59.828+0000] {dag.py:3033} INFO - Sync 2 DAGs
[2023-12-19T14:31:59.856+0000] {logging_mixin.py:188} INFO - [2023-12-19T14:31:59.855+0000] {dag.py:3820} INFO - Setting next_dagrun for example_xcom_args to None, run_after=None
[2023-12-19T14:31:59.863+0000] {logging_mixin.py:188} INFO - [2023-12-19T14:31:59.862+0000] {dag.py:3820} INFO - Setting next_dagrun for example_xcom_args_with_operators to None, run_after=None
[2023-12-19T14:31:59.898+0000] {processor.py:183} INFO - Processing /home/airflow/.local/lib/python3.8/site-packages/airflow/example_dags/example_xcomargs.py took 0.152 seconds
[2023-12-19T14:32:30.354+0000] {processor.py:161} INFO - Started process (PID=821) to work on /home/airflow/.local/lib/python3.8/site-packages/airflow/example_dags/example_xcomargs.py
[2023-12-19T14:32:30.357+0000] {processor.py:830} INFO - Processing file /home/airflow/.local/lib/python3.8/site-packages/airflow/example_dags/example_xcomargs.py for tasks to queue
[2023-12-19T14:32:30.361+0000] {logging_mixin.py:188} INFO - [2023-12-19T14:32:30.360+0000] {dagbag.py:538} INFO - Filling up the DagBag from /home/airflow/.local/lib/python3.8/site-packages/airflow/example_dags/example_xcomargs.py
[2023-12-19T14:32:30.383+0000] {processor.py:840} INFO - DAG(s) 'example_xcom_args_with_operators', 'example_xcom_args' retrieved from /home/airflow/.local/lib/python3.8/site-packages/airflow/example_dags/example_xcomargs.py
[2023-12-19T14:32:30.452+0000] {logging_mixin.py:188} INFO - [2023-12-19T14:32:30.451+0000] {dag.py:3033} INFO - Sync 2 DAGs
[2023-12-19T14:32:30.485+0000] {logging_mixin.py:188} INFO - [2023-12-19T14:32:30.484+0000] {dag.py:3820} INFO - Setting next_dagrun for example_xcom_args to None, run_after=None
[2023-12-19T14:32:30.498+0000] {logging_mixin.py:188} INFO - [2023-12-19T14:32:30.497+0000] {dag.py:3820} INFO - Setting next_dagrun for example_xcom_args_with_operators to None, run_after=None
[2023-12-19T14:32:30.549+0000] {processor.py:183} INFO - Processing /home/airflow/.local/lib/python3.8/site-packages/airflow/example_dags/example_xcomargs.py took 0.202 seconds
[2023-12-19T14:33:00.862+0000] {processor.py:161} INFO - Started process (PID=876) to work on /home/airflow/.local/lib/python3.8/site-packages/airflow/example_dags/example_xcomargs.py
[2023-12-19T14:33:00.864+0000] {processor.py:830} INFO - Processing file /home/airflow/.local/lib/python3.8/site-packages/airflow/example_dags/example_xcomargs.py for tasks to queue
[2023-12-19T14:33:00.870+0000] {logging_mixin.py:188} INFO - [2023-12-19T14:33:00.869+0000] {dagbag.py:538} INFO - Filling up the DagBag from /home/airflow/.local/lib/python3.8/site-packages/airflow/example_dags/example_xcomargs.py
[2023-12-19T14:33:00.894+0000] {processor.py:840} INFO - DAG(s) 'example_xcom_args', 'example_xcom_args_with_operators' retrieved from /home/airflow/.local/lib/python3.8/site-packages/airflow/example_dags/example_xcomargs.py
[2023-12-19T14:33:00.958+0000] {logging_mixin.py:188} INFO - [2023-12-19T14:33:00.958+0000] {dag.py:3033} INFO - Sync 2 DAGs
[2023-12-19T14:33:00.991+0000] {logging_mixin.py:188} INFO - [2023-12-19T14:33:00.991+0000] {dag.py:3820} INFO - Setting next_dagrun for example_xcom_args to None, run_after=None
[2023-12-19T14:33:00.999+0000] {logging_mixin.py:188} INFO - [2023-12-19T14:33:00.999+0000] {dag.py:3820} INFO - Setting next_dagrun for example_xcom_args_with_operators to None, run_after=None
[2023-12-19T14:33:01.050+0000] {processor.py:183} INFO - Processing /home/airflow/.local/lib/python3.8/site-packages/airflow/example_dags/example_xcomargs.py took 0.195 seconds
[2023-12-19T14:33:31.686+0000] {processor.py:161} INFO - Started process (PID=931) to work on /home/airflow/.local/lib/python3.8/site-packages/airflow/example_dags/example_xcomargs.py
[2023-12-19T14:33:31.688+0000] {processor.py:830} INFO - Processing file /home/airflow/.local/lib/python3.8/site-packages/airflow/example_dags/example_xcomargs.py for tasks to queue
[2023-12-19T14:33:31.693+0000] {logging_mixin.py:188} INFO - [2023-12-19T14:33:31.692+0000] {dagbag.py:538} INFO - Filling up the DagBag from /home/airflow/.local/lib/python3.8/site-packages/airflow/example_dags/example_xcomargs.py
[2023-12-19T14:33:31.717+0000] {processor.py:840} INFO - DAG(s) 'example_xcom_args', 'example_xcom_args_with_operators' retrieved from /home/airflow/.local/lib/python3.8/site-packages/airflow/example_dags/example_xcomargs.py
[2023-12-19T14:33:31.776+0000] {logging_mixin.py:188} INFO - [2023-12-19T14:33:31.776+0000] {dag.py:3033} INFO - Sync 2 DAGs
[2023-12-19T14:33:31.807+0000] {logging_mixin.py:188} INFO - [2023-12-19T14:33:31.806+0000] {dag.py:3820} INFO - Setting next_dagrun for example_xcom_args to None, run_after=None
[2023-12-19T14:33:31.816+0000] {logging_mixin.py:188} INFO - [2023-12-19T14:33:31.816+0000] {dag.py:3820} INFO - Setting next_dagrun for example_xcom_args_with_operators to None, run_after=None
[2023-12-19T14:33:31.892+0000] {processor.py:183} INFO - Processing /home/airflow/.local/lib/python3.8/site-packages/airflow/example_dags/example_xcomargs.py took 0.213 seconds
[2023-12-19T14:34:02.134+0000] {processor.py:161} INFO - Started process (PID=986) to work on /home/airflow/.local/lib/python3.8/site-packages/airflow/example_dags/example_xcomargs.py
[2023-12-19T14:34:02.137+0000] {processor.py:830} INFO - Processing file /home/airflow/.local/lib/python3.8/site-packages/airflow/example_dags/example_xcomargs.py for tasks to queue
[2023-12-19T14:34:02.142+0000] {logging_mixin.py:188} INFO - [2023-12-19T14:34:02.141+0000] {dagbag.py:538} INFO - Filling up the DagBag from /home/airflow/.local/lib/python3.8/site-packages/airflow/example_dags/example_xcomargs.py
[2023-12-19T14:34:02.162+0000] {processor.py:840} INFO - DAG(s) 'example_xcom_args_with_operators', 'example_xcom_args' retrieved from /home/airflow/.local/lib/python3.8/site-packages/airflow/example_dags/example_xcomargs.py
[2023-12-19T14:34:02.229+0000] {logging_mixin.py:188} INFO - [2023-12-19T14:34:02.229+0000] {dag.py:3033} INFO - Sync 2 DAGs
[2023-12-19T14:34:02.274+0000] {logging_mixin.py:188} INFO - [2023-12-19T14:34:02.273+0000] {dag.py:3820} INFO - Setting next_dagrun for example_xcom_args to None, run_after=None
[2023-12-19T14:34:02.283+0000] {logging_mixin.py:188} INFO - [2023-12-19T14:34:02.283+0000] {dag.py:3820} INFO - Setting next_dagrun for example_xcom_args_with_operators to None, run_after=None
[2023-12-19T14:34:02.326+0000] {processor.py:183} INFO - Processing /home/airflow/.local/lib/python3.8/site-packages/airflow/example_dags/example_xcomargs.py took 0.200 seconds
[2023-12-19T14:34:32.402+0000] {processor.py:161} INFO - Started process (PID=1041) to work on /home/airflow/.local/lib/python3.8/site-packages/airflow/example_dags/example_xcomargs.py
[2023-12-19T14:34:32.403+0000] {processor.py:830} INFO - Processing file /home/airflow/.local/lib/python3.8/site-packages/airflow/example_dags/example_xcomargs.py for tasks to queue
[2023-12-19T14:34:32.408+0000] {logging_mixin.py:188} INFO - [2023-12-19T14:34:32.407+0000] {dagbag.py:538} INFO - Filling up the DagBag from /home/airflow/.local/lib/python3.8/site-packages/airflow/example_dags/example_xcomargs.py
[2023-12-19T14:34:32.423+0000] {processor.py:840} INFO - DAG(s) 'example_xcom_args', 'example_xcom_args_with_operators' retrieved from /home/airflow/.local/lib/python3.8/site-packages/airflow/example_dags/example_xcomargs.py
[2023-12-19T14:34:32.471+0000] {logging_mixin.py:188} INFO - [2023-12-19T14:34:32.470+0000] {dag.py:3033} INFO - Sync 2 DAGs
[2023-12-19T14:34:32.497+0000] {logging_mixin.py:188} INFO - [2023-12-19T14:34:32.496+0000] {dag.py:3820} INFO - Setting next_dagrun for example_xcom_args to None, run_after=None
[2023-12-19T14:34:32.504+0000] {logging_mixin.py:188} INFO - [2023-12-19T14:34:32.504+0000] {dag.py:3820} INFO - Setting next_dagrun for example_xcom_args_with_operators to None, run_after=None
[2023-12-19T14:34:32.540+0000] {processor.py:183} INFO - Processing /home/airflow/.local/lib/python3.8/site-packages/airflow/example_dags/example_xcomargs.py took 0.144 seconds
[2023-12-19T14:35:02.704+0000] {processor.py:161} INFO - Started process (PID=1095) to work on /home/airflow/.local/lib/python3.8/site-packages/airflow/example_dags/example_xcomargs.py
[2023-12-19T14:35:02.708+0000] {processor.py:830} INFO - Processing file /home/airflow/.local/lib/python3.8/site-packages/airflow/example_dags/example_xcomargs.py for tasks to queue
[2023-12-19T14:35:02.714+0000] {logging_mixin.py:188} INFO - [2023-12-19T14:35:02.712+0000] {dagbag.py:538} INFO - Filling up the DagBag from /home/airflow/.local/lib/python3.8/site-packages/airflow/example_dags/example_xcomargs.py
[2023-12-19T14:35:02.734+0000] {processor.py:840} INFO - DAG(s) 'example_xcom_args_with_operators', 'example_xcom_args' retrieved from /home/airflow/.local/lib/python3.8/site-packages/airflow/example_dags/example_xcomargs.py
[2023-12-19T14:35:02.797+0000] {logging_mixin.py:188} INFO - [2023-12-19T14:35:02.796+0000] {dag.py:3033} INFO - Sync 2 DAGs
[2023-12-19T14:35:02.821+0000] {logging_mixin.py:188} INFO - [2023-12-19T14:35:02.821+0000] {dag.py:3820} INFO - Setting next_dagrun for example_xcom_args to None, run_after=None
[2023-12-19T14:35:02.828+0000] {logging_mixin.py:188} INFO - [2023-12-19T14:35:02.828+0000] {dag.py:3820} INFO - Setting next_dagrun for example_xcom_args_with_operators to None, run_after=None
[2023-12-19T14:35:02.861+0000] {processor.py:183} INFO - Processing /home/airflow/.local/lib/python3.8/site-packages/airflow/example_dags/example_xcomargs.py took 0.164 seconds
[2023-12-19T14:35:33.346+0000] {processor.py:161} INFO - Started process (PID=1150) to work on /home/airflow/.local/lib/python3.8/site-packages/airflow/example_dags/example_xcomargs.py
[2023-12-19T14:35:33.347+0000] {processor.py:830} INFO - Processing file /home/airflow/.local/lib/python3.8/site-packages/airflow/example_dags/example_xcomargs.py for tasks to queue
[2023-12-19T14:35:33.350+0000] {logging_mixin.py:188} INFO - [2023-12-19T14:35:33.349+0000] {dagbag.py:538} INFO - Filling up the DagBag from /home/airflow/.local/lib/python3.8/site-packages/airflow/example_dags/example_xcomargs.py
[2023-12-19T14:35:33.361+0000] {processor.py:840} INFO - DAG(s) 'example_xcom_args_with_operators', 'example_xcom_args' retrieved from /home/airflow/.local/lib/python3.8/site-packages/airflow/example_dags/example_xcomargs.py
[2023-12-19T14:35:33.409+0000] {logging_mixin.py:188} INFO - [2023-12-19T14:35:33.409+0000] {dag.py:3033} INFO - Sync 2 DAGs
[2023-12-19T14:35:33.428+0000] {logging_mixin.py:188} INFO - [2023-12-19T14:35:33.428+0000] {dag.py:3820} INFO - Setting next_dagrun for example_xcom_args to None, run_after=None
[2023-12-19T14:35:33.433+0000] {logging_mixin.py:188} INFO - [2023-12-19T14:35:33.433+0000] {dag.py:3820} INFO - Setting next_dagrun for example_xcom_args_with_operators to None, run_after=None
[2023-12-19T14:35:33.457+0000] {processor.py:183} INFO - Processing /home/airflow/.local/lib/python3.8/site-packages/airflow/example_dags/example_xcomargs.py took 0.117 seconds
[2023-12-19T14:36:03.839+0000] {processor.py:161} INFO - Started process (PID=1204) to work on /home/airflow/.local/lib/python3.8/site-packages/airflow/example_dags/example_xcomargs.py
[2023-12-19T14:36:03.840+0000] {processor.py:830} INFO - Processing file /home/airflow/.local/lib/python3.8/site-packages/airflow/example_dags/example_xcomargs.py for tasks to queue
[2023-12-19T14:36:03.842+0000] {logging_mixin.py:188} INFO - [2023-12-19T14:36:03.842+0000] {dagbag.py:538} INFO - Filling up the DagBag from /home/airflow/.local/lib/python3.8/site-packages/airflow/example_dags/example_xcomargs.py
[2023-12-19T14:36:03.853+0000] {processor.py:840} INFO - DAG(s) 'example_xcom_args_with_operators', 'example_xcom_args' retrieved from /home/airflow/.local/lib/python3.8/site-packages/airflow/example_dags/example_xcomargs.py
[2023-12-19T14:36:03.881+0000] {logging_mixin.py:188} INFO - [2023-12-19T14:36:03.881+0000] {dag.py:3033} INFO - Sync 2 DAGs
[2023-12-19T14:36:03.896+0000] {logging_mixin.py:188} INFO - [2023-12-19T14:36:03.896+0000] {dag.py:3820} INFO - Setting next_dagrun for example_xcom_args to None, run_after=None
[2023-12-19T14:36:03.900+0000] {logging_mixin.py:188} INFO - [2023-12-19T14:36:03.900+0000] {dag.py:3820} INFO - Setting next_dagrun for example_xcom_args_with_operators to None, run_after=None
[2023-12-19T14:36:03.920+0000] {processor.py:183} INFO - Processing /home/airflow/.local/lib/python3.8/site-packages/airflow/example_dags/example_xcomargs.py took 0.085 seconds
[2023-12-19T14:36:34.454+0000] {processor.py:161} INFO - Started process (PID=1259) to work on /home/airflow/.local/lib/python3.8/site-packages/airflow/example_dags/example_xcomargs.py
[2023-12-19T14:36:34.456+0000] {processor.py:830} INFO - Processing file /home/airflow/.local/lib/python3.8/site-packages/airflow/example_dags/example_xcomargs.py for tasks to queue
[2023-12-19T14:36:34.459+0000] {logging_mixin.py:188} INFO - [2023-12-19T14:36:34.459+0000] {dagbag.py:538} INFO - Filling up the DagBag from /home/airflow/.local/lib/python3.8/site-packages/airflow/example_dags/example_xcomargs.py
[2023-12-19T14:36:34.473+0000] {processor.py:840} INFO - DAG(s) 'example_xcom_args_with_operators', 'example_xcom_args' retrieved from /home/airflow/.local/lib/python3.8/site-packages/airflow/example_dags/example_xcomargs.py
[2023-12-19T14:36:34.508+0000] {logging_mixin.py:188} INFO - [2023-12-19T14:36:34.508+0000] {dag.py:3033} INFO - Sync 2 DAGs
[2023-12-19T14:36:34.530+0000] {logging_mixin.py:188} INFO - [2023-12-19T14:36:34.530+0000] {dag.py:3820} INFO - Setting next_dagrun for example_xcom_args to None, run_after=None
[2023-12-19T14:36:34.536+0000] {logging_mixin.py:188} INFO - [2023-12-19T14:36:34.536+0000] {dag.py:3820} INFO - Setting next_dagrun for example_xcom_args_with_operators to None, run_after=None
[2023-12-19T14:36:34.560+0000] {processor.py:183} INFO - Processing /home/airflow/.local/lib/python3.8/site-packages/airflow/example_dags/example_xcomargs.py took 0.110 seconds
[2023-12-19T14:37:04.835+0000] {processor.py:161} INFO - Started process (PID=1314) to work on /home/airflow/.local/lib/python3.8/site-packages/airflow/example_dags/example_xcomargs.py
[2023-12-19T14:37:04.837+0000] {processor.py:830} INFO - Processing file /home/airflow/.local/lib/python3.8/site-packages/airflow/example_dags/example_xcomargs.py for tasks to queue
[2023-12-19T14:37:04.839+0000] {logging_mixin.py:188} INFO - [2023-12-19T14:37:04.839+0000] {dagbag.py:538} INFO - Filling up the DagBag from /home/airflow/.local/lib/python3.8/site-packages/airflow/example_dags/example_xcomargs.py
[2023-12-19T14:37:04.848+0000] {processor.py:840} INFO - DAG(s) 'example_xcom_args', 'example_xcom_args_with_operators' retrieved from /home/airflow/.local/lib/python3.8/site-packages/airflow/example_dags/example_xcomargs.py
[2023-12-19T14:37:04.881+0000] {logging_mixin.py:188} INFO - [2023-12-19T14:37:04.881+0000] {dag.py:3033} INFO - Sync 2 DAGs
[2023-12-19T14:37:04.899+0000] {logging_mixin.py:188} INFO - [2023-12-19T14:37:04.898+0000] {dag.py:3820} INFO - Setting next_dagrun for example_xcom_args to None, run_after=None
[2023-12-19T14:37:04.902+0000] {logging_mixin.py:188} INFO - [2023-12-19T14:37:04.902+0000] {dag.py:3820} INFO - Setting next_dagrun for example_xcom_args_with_operators to None, run_after=None
[2023-12-19T14:37:04.922+0000] {processor.py:183} INFO - Processing /home/airflow/.local/lib/python3.8/site-packages/airflow/example_dags/example_xcomargs.py took 0.094 seconds
