[2023-12-19T14:14:02.701+0000] {processor.py:161} INFO - Started process (PID=57) to work on /home/airflow/.local/lib/python3.8/site-packages/airflow/example_dags/tutorial_taskflow_api_virtualenv.py
[2023-12-19T14:14:02.703+0000] {processor.py:830} INFO - Processing file /home/airflow/.local/lib/python3.8/site-packages/airflow/example_dags/tutorial_taskflow_api_virtualenv.py for tasks to queue
[2023-12-19T14:14:02.708+0000] {logging_mixin.py:188} INFO - [2023-12-19T14:14:02.707+0000] {dagbag.py:538} INFO - Filling up the DagBag from /home/airflow/.local/lib/python3.8/site-packages/airflow/example_dags/tutorial_taskflow_api_virtualenv.py
[2023-12-19T14:14:02.726+0000] {processor.py:840} INFO - DAG(s) 'tutorial_taskflow_api_virtualenv' retrieved from /home/airflow/.local/lib/python3.8/site-packages/airflow/example_dags/tutorial_taskflow_api_virtualenv.py
[2023-12-19T14:14:03.200+0000] {logging_mixin.py:188} INFO - [2023-12-19T14:14:03.200+0000] {dag.py:3033} INFO - Sync 1 DAGs
[2023-12-19T14:14:03.233+0000] {logging_mixin.py:188} INFO - [2023-12-19T14:14:03.233+0000] {dag.py:3820} INFO - Setting next_dagrun for tutorial_taskflow_api_virtualenv to None, run_after=None
[2023-12-19T14:14:03.384+0000] {processor.py:183} INFO - Processing /home/airflow/.local/lib/python3.8/site-packages/airflow/example_dags/tutorial_taskflow_api_virtualenv.py took 0.690 seconds
[2023-12-19T14:14:33.783+0000] {processor.py:161} INFO - Started process (PID=112) to work on /home/airflow/.local/lib/python3.8/site-packages/airflow/example_dags/tutorial_taskflow_api_virtualenv.py
[2023-12-19T14:14:33.785+0000] {processor.py:830} INFO - Processing file /home/airflow/.local/lib/python3.8/site-packages/airflow/example_dags/tutorial_taskflow_api_virtualenv.py for tasks to queue
[2023-12-19T14:14:33.789+0000] {logging_mixin.py:188} INFO - [2023-12-19T14:14:33.789+0000] {dagbag.py:538} INFO - Filling up the DagBag from /home/airflow/.local/lib/python3.8/site-packages/airflow/example_dags/tutorial_taskflow_api_virtualenv.py
[2023-12-19T14:14:33.804+0000] {processor.py:840} INFO - DAG(s) 'tutorial_taskflow_api_virtualenv' retrieved from /home/airflow/.local/lib/python3.8/site-packages/airflow/example_dags/tutorial_taskflow_api_virtualenv.py
[2023-12-19T14:14:33.860+0000] {logging_mixin.py:188} INFO - [2023-12-19T14:14:33.859+0000] {dag.py:3033} INFO - Sync 1 DAGs
[2023-12-19T14:14:33.895+0000] {logging_mixin.py:188} INFO - [2023-12-19T14:14:33.894+0000] {dag.py:3820} INFO - Setting next_dagrun for tutorial_taskflow_api_virtualenv to None, run_after=None
[2023-12-19T14:14:33.956+0000] {processor.py:183} INFO - Processing /home/airflow/.local/lib/python3.8/site-packages/airflow/example_dags/tutorial_taskflow_api_virtualenv.py took 0.180 seconds
[2023-12-19T14:15:27.152+0000] {processor.py:161} INFO - Started process (PID=168) to work on /home/airflow/.local/lib/python3.8/site-packages/airflow/example_dags/tutorial_taskflow_api_virtualenv.py
[2023-12-19T14:15:27.159+0000] {processor.py:830} INFO - Processing file /home/airflow/.local/lib/python3.8/site-packages/airflow/example_dags/tutorial_taskflow_api_virtualenv.py for tasks to queue
[2023-12-19T14:15:27.174+0000] {logging_mixin.py:188} INFO - [2023-12-19T14:15:27.171+0000] {dagbag.py:538} INFO - Filling up the DagBag from /home/airflow/.local/lib/python3.8/site-packages/airflow/example_dags/tutorial_taskflow_api_virtualenv.py
[2023-12-19T14:15:27.207+0000] {processor.py:840} INFO - DAG(s) 'tutorial_taskflow_api_virtualenv' retrieved from /home/airflow/.local/lib/python3.8/site-packages/airflow/example_dags/tutorial_taskflow_api_virtualenv.py
[2023-12-19T14:15:27.278+0000] {logging_mixin.py:188} INFO - [2023-12-19T14:15:27.277+0000] {dag.py:3033} INFO - Sync 1 DAGs
[2023-12-19T14:15:27.328+0000] {logging_mixin.py:188} INFO - [2023-12-19T14:15:27.328+0000] {dag.py:3820} INFO - Setting next_dagrun for tutorial_taskflow_api_virtualenv to None, run_after=None
[2023-12-19T14:15:27.422+0000] {processor.py:183} INFO - Processing /home/airflow/.local/lib/python3.8/site-packages/airflow/example_dags/tutorial_taskflow_api_virtualenv.py took 0.289 seconds
[2023-12-19T14:18:33.730+0000] {processor.py:161} INFO - Started process (PID=49) to work on /home/airflow/.local/lib/python3.8/site-packages/airflow/example_dags/tutorial_taskflow_api_virtualenv.py
[2023-12-19T14:18:33.732+0000] {processor.py:830} INFO - Processing file /home/airflow/.local/lib/python3.8/site-packages/airflow/example_dags/tutorial_taskflow_api_virtualenv.py for tasks to queue
[2023-12-19T14:18:33.737+0000] {logging_mixin.py:188} INFO - [2023-12-19T14:18:33.736+0000] {dagbag.py:538} INFO - Filling up the DagBag from /home/airflow/.local/lib/python3.8/site-packages/airflow/example_dags/tutorial_taskflow_api_virtualenv.py
[2023-12-19T14:18:33.751+0000] {processor.py:840} INFO - DAG(s) 'tutorial_taskflow_api_virtualenv' retrieved from /home/airflow/.local/lib/python3.8/site-packages/airflow/example_dags/tutorial_taskflow_api_virtualenv.py
[2023-12-19T14:18:33.799+0000] {logging_mixin.py:188} INFO - [2023-12-19T14:18:33.799+0000] {dag.py:3033} INFO - Sync 1 DAGs
[2023-12-19T14:18:33.842+0000] {logging_mixin.py:188} INFO - [2023-12-19T14:18:33.841+0000] {dag.py:3820} INFO - Setting next_dagrun for tutorial_taskflow_api_virtualenv to None, run_after=None
[2023-12-19T14:18:33.904+0000] {processor.py:183} INFO - Processing /home/airflow/.local/lib/python3.8/site-packages/airflow/example_dags/tutorial_taskflow_api_virtualenv.py took 0.181 seconds
[2023-12-19T14:19:07.616+0000] {processor.py:161} INFO - Started process (PID=105) to work on /home/airflow/.local/lib/python3.8/site-packages/airflow/example_dags/tutorial_taskflow_api_virtualenv.py
[2023-12-19T14:19:07.619+0000] {processor.py:830} INFO - Processing file /home/airflow/.local/lib/python3.8/site-packages/airflow/example_dags/tutorial_taskflow_api_virtualenv.py for tasks to queue
[2023-12-19T14:19:07.635+0000] {logging_mixin.py:188} INFO - [2023-12-19T14:19:07.630+0000] {dagbag.py:538} INFO - Filling up the DagBag from /home/airflow/.local/lib/python3.8/site-packages/airflow/example_dags/tutorial_taskflow_api_virtualenv.py
[2023-12-19T14:19:07.680+0000] {processor.py:840} INFO - DAG(s) 'tutorial_taskflow_api_virtualenv' retrieved from /home/airflow/.local/lib/python3.8/site-packages/airflow/example_dags/tutorial_taskflow_api_virtualenv.py
[2023-12-19T14:19:07.800+0000] {logging_mixin.py:188} INFO - [2023-12-19T14:19:07.799+0000] {dag.py:3033} INFO - Sync 1 DAGs
[2023-12-19T14:19:07.901+0000] {logging_mixin.py:188} INFO - [2023-12-19T14:19:07.900+0000] {dag.py:3820} INFO - Setting next_dagrun for tutorial_taskflow_api_virtualenv to None, run_after=None
[2023-12-19T14:19:08.072+0000] {processor.py:183} INFO - Processing /home/airflow/.local/lib/python3.8/site-packages/airflow/example_dags/tutorial_taskflow_api_virtualenv.py took 0.486 seconds
[2023-12-19T14:19:38.687+0000] {processor.py:161} INFO - Started process (PID=160) to work on /home/airflow/.local/lib/python3.8/site-packages/airflow/example_dags/tutorial_taskflow_api_virtualenv.py
[2023-12-19T14:19:38.689+0000] {processor.py:830} INFO - Processing file /home/airflow/.local/lib/python3.8/site-packages/airflow/example_dags/tutorial_taskflow_api_virtualenv.py for tasks to queue
[2023-12-19T14:19:38.693+0000] {logging_mixin.py:188} INFO - [2023-12-19T14:19:38.693+0000] {dagbag.py:538} INFO - Filling up the DagBag from /home/airflow/.local/lib/python3.8/site-packages/airflow/example_dags/tutorial_taskflow_api_virtualenv.py
[2023-12-19T14:19:38.711+0000] {processor.py:840} INFO - DAG(s) 'tutorial_taskflow_api_virtualenv' retrieved from /home/airflow/.local/lib/python3.8/site-packages/airflow/example_dags/tutorial_taskflow_api_virtualenv.py
[2023-12-19T14:19:38.752+0000] {logging_mixin.py:188} INFO - [2023-12-19T14:19:38.752+0000] {dag.py:3033} INFO - Sync 1 DAGs
[2023-12-19T14:19:38.780+0000] {logging_mixin.py:188} INFO - [2023-12-19T14:19:38.780+0000] {dag.py:3820} INFO - Setting next_dagrun for tutorial_taskflow_api_virtualenv to None, run_after=None
[2023-12-19T14:19:38.833+0000] {processor.py:183} INFO - Processing /home/airflow/.local/lib/python3.8/site-packages/airflow/example_dags/tutorial_taskflow_api_virtualenv.py took 0.154 seconds
[2023-12-19T14:20:09.579+0000] {processor.py:161} INFO - Started process (PID=214) to work on /home/airflow/.local/lib/python3.8/site-packages/airflow/example_dags/tutorial_taskflow_api_virtualenv.py
[2023-12-19T14:20:09.581+0000] {processor.py:830} INFO - Processing file /home/airflow/.local/lib/python3.8/site-packages/airflow/example_dags/tutorial_taskflow_api_virtualenv.py for tasks to queue
[2023-12-19T14:20:09.587+0000] {logging_mixin.py:188} INFO - [2023-12-19T14:20:09.586+0000] {dagbag.py:538} INFO - Filling up the DagBag from /home/airflow/.local/lib/python3.8/site-packages/airflow/example_dags/tutorial_taskflow_api_virtualenv.py
[2023-12-19T14:20:09.603+0000] {processor.py:840} INFO - DAG(s) 'tutorial_taskflow_api_virtualenv' retrieved from /home/airflow/.local/lib/python3.8/site-packages/airflow/example_dags/tutorial_taskflow_api_virtualenv.py
[2023-12-19T14:20:09.648+0000] {logging_mixin.py:188} INFO - [2023-12-19T14:20:09.648+0000] {dag.py:3033} INFO - Sync 1 DAGs
[2023-12-19T14:20:09.678+0000] {logging_mixin.py:188} INFO - [2023-12-19T14:20:09.678+0000] {dag.py:3820} INFO - Setting next_dagrun for tutorial_taskflow_api_virtualenv to None, run_after=None
[2023-12-19T14:20:09.720+0000] {processor.py:183} INFO - Processing /home/airflow/.local/lib/python3.8/site-packages/airflow/example_dags/tutorial_taskflow_api_virtualenv.py took 0.150 seconds
[2023-12-19T14:20:40.402+0000] {processor.py:161} INFO - Started process (PID=271) to work on /home/airflow/.local/lib/python3.8/site-packages/airflow/example_dags/tutorial_taskflow_api_virtualenv.py
[2023-12-19T14:20:40.404+0000] {processor.py:830} INFO - Processing file /home/airflow/.local/lib/python3.8/site-packages/airflow/example_dags/tutorial_taskflow_api_virtualenv.py for tasks to queue
[2023-12-19T14:20:40.411+0000] {logging_mixin.py:188} INFO - [2023-12-19T14:20:40.409+0000] {dagbag.py:538} INFO - Filling up the DagBag from /home/airflow/.local/lib/python3.8/site-packages/airflow/example_dags/tutorial_taskflow_api_virtualenv.py
[2023-12-19T14:20:40.436+0000] {processor.py:840} INFO - DAG(s) 'tutorial_taskflow_api_virtualenv' retrieved from /home/airflow/.local/lib/python3.8/site-packages/airflow/example_dags/tutorial_taskflow_api_virtualenv.py
[2023-12-19T14:20:40.515+0000] {logging_mixin.py:188} INFO - [2023-12-19T14:20:40.514+0000] {dag.py:3033} INFO - Sync 1 DAGs
[2023-12-19T14:20:40.605+0000] {logging_mixin.py:188} INFO - [2023-12-19T14:20:40.605+0000] {dag.py:3820} INFO - Setting next_dagrun for tutorial_taskflow_api_virtualenv to None, run_after=None
[2023-12-19T14:20:40.679+0000] {processor.py:183} INFO - Processing /home/airflow/.local/lib/python3.8/site-packages/airflow/example_dags/tutorial_taskflow_api_virtualenv.py took 0.285 seconds
[2023-12-19T14:21:11.586+0000] {processor.py:161} INFO - Started process (PID=325) to work on /home/airflow/.local/lib/python3.8/site-packages/airflow/example_dags/tutorial_taskflow_api_virtualenv.py
[2023-12-19T14:21:11.588+0000] {processor.py:830} INFO - Processing file /home/airflow/.local/lib/python3.8/site-packages/airflow/example_dags/tutorial_taskflow_api_virtualenv.py for tasks to queue
[2023-12-19T14:21:11.599+0000] {logging_mixin.py:188} INFO - [2023-12-19T14:21:11.597+0000] {dagbag.py:538} INFO - Filling up the DagBag from /home/airflow/.local/lib/python3.8/site-packages/airflow/example_dags/tutorial_taskflow_api_virtualenv.py
[2023-12-19T14:21:11.647+0000] {processor.py:840} INFO - DAG(s) 'tutorial_taskflow_api_virtualenv' retrieved from /home/airflow/.local/lib/python3.8/site-packages/airflow/example_dags/tutorial_taskflow_api_virtualenv.py
[2023-12-19T14:21:11.707+0000] {logging_mixin.py:188} INFO - [2023-12-19T14:21:11.707+0000] {dag.py:3033} INFO - Sync 1 DAGs
[2023-12-19T14:21:11.750+0000] {logging_mixin.py:188} INFO - [2023-12-19T14:21:11.749+0000] {dag.py:3820} INFO - Setting next_dagrun for tutorial_taskflow_api_virtualenv to None, run_after=None
[2023-12-19T14:21:11.850+0000] {processor.py:183} INFO - Processing /home/airflow/.local/lib/python3.8/site-packages/airflow/example_dags/tutorial_taskflow_api_virtualenv.py took 0.277 seconds
[2023-12-19T14:21:42.193+0000] {processor.py:161} INFO - Started process (PID=379) to work on /home/airflow/.local/lib/python3.8/site-packages/airflow/example_dags/tutorial_taskflow_api_virtualenv.py
[2023-12-19T14:21:42.194+0000] {processor.py:830} INFO - Processing file /home/airflow/.local/lib/python3.8/site-packages/airflow/example_dags/tutorial_taskflow_api_virtualenv.py for tasks to queue
[2023-12-19T14:21:42.198+0000] {logging_mixin.py:188} INFO - [2023-12-19T14:21:42.197+0000] {dagbag.py:538} INFO - Filling up the DagBag from /home/airflow/.local/lib/python3.8/site-packages/airflow/example_dags/tutorial_taskflow_api_virtualenv.py
[2023-12-19T14:21:42.209+0000] {processor.py:840} INFO - DAG(s) 'tutorial_taskflow_api_virtualenv' retrieved from /home/airflow/.local/lib/python3.8/site-packages/airflow/example_dags/tutorial_taskflow_api_virtualenv.py
[2023-12-19T14:21:42.241+0000] {logging_mixin.py:188} INFO - [2023-12-19T14:21:42.240+0000] {dag.py:3033} INFO - Sync 1 DAGs
[2023-12-19T14:21:42.261+0000] {logging_mixin.py:188} INFO - [2023-12-19T14:21:42.260+0000] {dag.py:3820} INFO - Setting next_dagrun for tutorial_taskflow_api_virtualenv to None, run_after=None
[2023-12-19T14:21:42.291+0000] {processor.py:183} INFO - Processing /home/airflow/.local/lib/python3.8/site-packages/airflow/example_dags/tutorial_taskflow_api_virtualenv.py took 0.104 seconds
[2023-12-19T14:22:12.503+0000] {processor.py:161} INFO - Started process (PID=434) to work on /home/airflow/.local/lib/python3.8/site-packages/airflow/example_dags/tutorial_taskflow_api_virtualenv.py
[2023-12-19T14:22:12.506+0000] {processor.py:830} INFO - Processing file /home/airflow/.local/lib/python3.8/site-packages/airflow/example_dags/tutorial_taskflow_api_virtualenv.py for tasks to queue
[2023-12-19T14:22:12.513+0000] {logging_mixin.py:188} INFO - [2023-12-19T14:22:12.512+0000] {dagbag.py:538} INFO - Filling up the DagBag from /home/airflow/.local/lib/python3.8/site-packages/airflow/example_dags/tutorial_taskflow_api_virtualenv.py
[2023-12-19T14:22:12.539+0000] {processor.py:840} INFO - DAG(s) 'tutorial_taskflow_api_virtualenv' retrieved from /home/airflow/.local/lib/python3.8/site-packages/airflow/example_dags/tutorial_taskflow_api_virtualenv.py
[2023-12-19T14:22:12.637+0000] {logging_mixin.py:188} INFO - [2023-12-19T14:22:12.637+0000] {dag.py:3033} INFO - Sync 1 DAGs
[2023-12-19T14:22:12.684+0000] {logging_mixin.py:188} INFO - [2023-12-19T14:22:12.683+0000] {dag.py:3820} INFO - Setting next_dagrun for tutorial_taskflow_api_virtualenv to None, run_after=None
[2023-12-19T14:22:12.753+0000] {processor.py:183} INFO - Processing /home/airflow/.local/lib/python3.8/site-packages/airflow/example_dags/tutorial_taskflow_api_virtualenv.py took 0.259 seconds
[2023-12-19T14:23:20.075+0000] {processor.py:161} INFO - Started process (PID=49) to work on /home/airflow/.local/lib/python3.8/site-packages/airflow/example_dags/tutorial_taskflow_api_virtualenv.py
[2023-12-19T14:23:20.078+0000] {processor.py:830} INFO - Processing file /home/airflow/.local/lib/python3.8/site-packages/airflow/example_dags/tutorial_taskflow_api_virtualenv.py for tasks to queue
[2023-12-19T14:23:20.084+0000] {logging_mixin.py:188} INFO - [2023-12-19T14:23:20.084+0000] {dagbag.py:538} INFO - Filling up the DagBag from /home/airflow/.local/lib/python3.8/site-packages/airflow/example_dags/tutorial_taskflow_api_virtualenv.py
[2023-12-19T14:23:20.102+0000] {processor.py:840} INFO - DAG(s) 'tutorial_taskflow_api_virtualenv' retrieved from /home/airflow/.local/lib/python3.8/site-packages/airflow/example_dags/tutorial_taskflow_api_virtualenv.py
[2023-12-19T14:23:20.167+0000] {logging_mixin.py:188} INFO - [2023-12-19T14:23:20.167+0000] {dag.py:3033} INFO - Sync 1 DAGs
[2023-12-19T14:23:20.215+0000] {logging_mixin.py:188} INFO - [2023-12-19T14:23:20.214+0000] {dag.py:3820} INFO - Setting next_dagrun for tutorial_taskflow_api_virtualenv to None, run_after=None
[2023-12-19T14:23:20.292+0000] {processor.py:183} INFO - Processing /home/airflow/.local/lib/python3.8/site-packages/airflow/example_dags/tutorial_taskflow_api_virtualenv.py took 0.226 seconds
[2023-12-19T14:23:51.033+0000] {processor.py:161} INFO - Started process (PID=103) to work on /home/airflow/.local/lib/python3.8/site-packages/airflow/example_dags/tutorial_taskflow_api_virtualenv.py
[2023-12-19T14:23:51.036+0000] {processor.py:830} INFO - Processing file /home/airflow/.local/lib/python3.8/site-packages/airflow/example_dags/tutorial_taskflow_api_virtualenv.py for tasks to queue
[2023-12-19T14:23:51.043+0000] {logging_mixin.py:188} INFO - [2023-12-19T14:23:51.041+0000] {dagbag.py:538} INFO - Filling up the DagBag from /home/airflow/.local/lib/python3.8/site-packages/airflow/example_dags/tutorial_taskflow_api_virtualenv.py
[2023-12-19T14:23:51.064+0000] {processor.py:840} INFO - DAG(s) 'tutorial_taskflow_api_virtualenv' retrieved from /home/airflow/.local/lib/python3.8/site-packages/airflow/example_dags/tutorial_taskflow_api_virtualenv.py
[2023-12-19T14:23:51.168+0000] {logging_mixin.py:188} INFO - [2023-12-19T14:23:51.167+0000] {dag.py:3033} INFO - Sync 1 DAGs
[2023-12-19T14:23:51.240+0000] {logging_mixin.py:188} INFO - [2023-12-19T14:23:51.239+0000] {dag.py:3820} INFO - Setting next_dagrun for tutorial_taskflow_api_virtualenv to None, run_after=None
[2023-12-19T14:23:51.300+0000] {processor.py:183} INFO - Processing /home/airflow/.local/lib/python3.8/site-packages/airflow/example_dags/tutorial_taskflow_api_virtualenv.py took 0.296 seconds
[2023-12-19T14:25:17.848+0000] {processor.py:161} INFO - Started process (PID=55) to work on /home/airflow/.local/lib/python3.8/site-packages/airflow/example_dags/tutorial_taskflow_api_virtualenv.py
[2023-12-19T14:25:17.863+0000] {processor.py:830} INFO - Processing file /home/airflow/.local/lib/python3.8/site-packages/airflow/example_dags/tutorial_taskflow_api_virtualenv.py for tasks to queue
[2023-12-19T14:25:17.911+0000] {logging_mixin.py:188} INFO - [2023-12-19T14:25:17.906+0000] {dagbag.py:538} INFO - Filling up the DagBag from /home/airflow/.local/lib/python3.8/site-packages/airflow/example_dags/tutorial_taskflow_api_virtualenv.py
[2023-12-19T14:25:17.931+0000] {processor.py:840} INFO - DAG(s) 'tutorial_taskflow_api_virtualenv' retrieved from /home/airflow/.local/lib/python3.8/site-packages/airflow/example_dags/tutorial_taskflow_api_virtualenv.py
[2023-12-19T14:25:18.525+0000] {logging_mixin.py:188} INFO - [2023-12-19T14:25:18.524+0000] {dag.py:3033} INFO - Sync 1 DAGs
[2023-12-19T14:25:18.568+0000] {logging_mixin.py:188} INFO - [2023-12-19T14:25:18.567+0000] {dag.py:3820} INFO - Setting next_dagrun for tutorial_taskflow_api_virtualenv to None, run_after=None
[2023-12-19T14:25:18.705+0000] {processor.py:183} INFO - Processing /home/airflow/.local/lib/python3.8/site-packages/airflow/example_dags/tutorial_taskflow_api_virtualenv.py took 0.869 seconds
[2023-12-19T14:25:49.533+0000] {processor.py:161} INFO - Started process (PID=110) to work on /home/airflow/.local/lib/python3.8/site-packages/airflow/example_dags/tutorial_taskflow_api_virtualenv.py
[2023-12-19T14:25:49.535+0000] {processor.py:830} INFO - Processing file /home/airflow/.local/lib/python3.8/site-packages/airflow/example_dags/tutorial_taskflow_api_virtualenv.py for tasks to queue
[2023-12-19T14:25:49.540+0000] {logging_mixin.py:188} INFO - [2023-12-19T14:25:49.539+0000] {dagbag.py:538} INFO - Filling up the DagBag from /home/airflow/.local/lib/python3.8/site-packages/airflow/example_dags/tutorial_taskflow_api_virtualenv.py
[2023-12-19T14:25:49.552+0000] {processor.py:840} INFO - DAG(s) 'tutorial_taskflow_api_virtualenv' retrieved from /home/airflow/.local/lib/python3.8/site-packages/airflow/example_dags/tutorial_taskflow_api_virtualenv.py
[2023-12-19T14:25:49.598+0000] {logging_mixin.py:188} INFO - [2023-12-19T14:25:49.598+0000] {dag.py:3033} INFO - Sync 1 DAGs
[2023-12-19T14:25:49.627+0000] {logging_mixin.py:188} INFO - [2023-12-19T14:25:49.626+0000] {dag.py:3820} INFO - Setting next_dagrun for tutorial_taskflow_api_virtualenv to None, run_after=None
[2023-12-19T14:25:49.669+0000] {processor.py:183} INFO - Processing /home/airflow/.local/lib/python3.8/site-packages/airflow/example_dags/tutorial_taskflow_api_virtualenv.py took 0.143 seconds
[2023-12-19T14:26:20.162+0000] {processor.py:161} INFO - Started process (PID=164) to work on /home/airflow/.local/lib/python3.8/site-packages/airflow/example_dags/tutorial_taskflow_api_virtualenv.py
[2023-12-19T14:26:20.164+0000] {processor.py:830} INFO - Processing file /home/airflow/.local/lib/python3.8/site-packages/airflow/example_dags/tutorial_taskflow_api_virtualenv.py for tasks to queue
[2023-12-19T14:26:20.168+0000] {logging_mixin.py:188} INFO - [2023-12-19T14:26:20.167+0000] {dagbag.py:538} INFO - Filling up the DagBag from /home/airflow/.local/lib/python3.8/site-packages/airflow/example_dags/tutorial_taskflow_api_virtualenv.py
[2023-12-19T14:26:20.179+0000] {processor.py:840} INFO - DAG(s) 'tutorial_taskflow_api_virtualenv' retrieved from /home/airflow/.local/lib/python3.8/site-packages/airflow/example_dags/tutorial_taskflow_api_virtualenv.py
[2023-12-19T14:26:20.218+0000] {logging_mixin.py:188} INFO - [2023-12-19T14:26:20.217+0000] {dag.py:3033} INFO - Sync 1 DAGs
[2023-12-19T14:26:20.254+0000] {logging_mixin.py:188} INFO - [2023-12-19T14:26:20.254+0000] {dag.py:3820} INFO - Setting next_dagrun for tutorial_taskflow_api_virtualenv to None, run_after=None
[2023-12-19T14:26:20.315+0000] {processor.py:183} INFO - Processing /home/airflow/.local/lib/python3.8/site-packages/airflow/example_dags/tutorial_taskflow_api_virtualenv.py took 0.158 seconds
[2023-12-19T14:26:51.096+0000] {processor.py:161} INFO - Started process (PID=219) to work on /home/airflow/.local/lib/python3.8/site-packages/airflow/example_dags/tutorial_taskflow_api_virtualenv.py
[2023-12-19T14:26:51.097+0000] {processor.py:830} INFO - Processing file /home/airflow/.local/lib/python3.8/site-packages/airflow/example_dags/tutorial_taskflow_api_virtualenv.py for tasks to queue
[2023-12-19T14:26:51.102+0000] {logging_mixin.py:188} INFO - [2023-12-19T14:26:51.101+0000] {dagbag.py:538} INFO - Filling up the DagBag from /home/airflow/.local/lib/python3.8/site-packages/airflow/example_dags/tutorial_taskflow_api_virtualenv.py
[2023-12-19T14:26:51.113+0000] {processor.py:840} INFO - DAG(s) 'tutorial_taskflow_api_virtualenv' retrieved from /home/airflow/.local/lib/python3.8/site-packages/airflow/example_dags/tutorial_taskflow_api_virtualenv.py
[2023-12-19T14:26:51.154+0000] {logging_mixin.py:188} INFO - [2023-12-19T14:26:51.153+0000] {dag.py:3033} INFO - Sync 1 DAGs
[2023-12-19T14:26:51.179+0000] {logging_mixin.py:188} INFO - [2023-12-19T14:26:51.178+0000] {dag.py:3820} INFO - Setting next_dagrun for tutorial_taskflow_api_virtualenv to None, run_after=None
[2023-12-19T14:26:51.217+0000] {processor.py:183} INFO - Processing /home/airflow/.local/lib/python3.8/site-packages/airflow/example_dags/tutorial_taskflow_api_virtualenv.py took 0.127 seconds
[2023-12-19T14:27:21.296+0000] {processor.py:161} INFO - Started process (PID=273) to work on /home/airflow/.local/lib/python3.8/site-packages/airflow/example_dags/tutorial_taskflow_api_virtualenv.py
[2023-12-19T14:27:21.298+0000] {processor.py:830} INFO - Processing file /home/airflow/.local/lib/python3.8/site-packages/airflow/example_dags/tutorial_taskflow_api_virtualenv.py for tasks to queue
[2023-12-19T14:27:21.303+0000] {logging_mixin.py:188} INFO - [2023-12-19T14:27:21.302+0000] {dagbag.py:538} INFO - Filling up the DagBag from /home/airflow/.local/lib/python3.8/site-packages/airflow/example_dags/tutorial_taskflow_api_virtualenv.py
[2023-12-19T14:27:21.316+0000] {processor.py:840} INFO - DAG(s) 'tutorial_taskflow_api_virtualenv' retrieved from /home/airflow/.local/lib/python3.8/site-packages/airflow/example_dags/tutorial_taskflow_api_virtualenv.py
[2023-12-19T14:27:21.374+0000] {logging_mixin.py:188} INFO - [2023-12-19T14:27:21.373+0000] {dag.py:3033} INFO - Sync 1 DAGs
[2023-12-19T14:27:21.414+0000] {logging_mixin.py:188} INFO - [2023-12-19T14:27:21.413+0000] {dag.py:3820} INFO - Setting next_dagrun for tutorial_taskflow_api_virtualenv to None, run_after=None
[2023-12-19T14:27:21.477+0000] {processor.py:183} INFO - Processing /home/airflow/.local/lib/python3.8/site-packages/airflow/example_dags/tutorial_taskflow_api_virtualenv.py took 0.188 seconds
[2023-12-19T14:27:52.175+0000] {processor.py:161} INFO - Started process (PID=328) to work on /home/airflow/.local/lib/python3.8/site-packages/airflow/example_dags/tutorial_taskflow_api_virtualenv.py
[2023-12-19T14:27:52.178+0000] {processor.py:830} INFO - Processing file /home/airflow/.local/lib/python3.8/site-packages/airflow/example_dags/tutorial_taskflow_api_virtualenv.py for tasks to queue
[2023-12-19T14:27:52.186+0000] {logging_mixin.py:188} INFO - [2023-12-19T14:27:52.185+0000] {dagbag.py:538} INFO - Filling up the DagBag from /home/airflow/.local/lib/python3.8/site-packages/airflow/example_dags/tutorial_taskflow_api_virtualenv.py
[2023-12-19T14:27:52.205+0000] {processor.py:840} INFO - DAG(s) 'tutorial_taskflow_api_virtualenv' retrieved from /home/airflow/.local/lib/python3.8/site-packages/airflow/example_dags/tutorial_taskflow_api_virtualenv.py
[2023-12-19T14:27:52.291+0000] {logging_mixin.py:188} INFO - [2023-12-19T14:27:52.290+0000] {dag.py:3033} INFO - Sync 1 DAGs
[2023-12-19T14:27:52.337+0000] {logging_mixin.py:188} INFO - [2023-12-19T14:27:52.337+0000] {dag.py:3820} INFO - Setting next_dagrun for tutorial_taskflow_api_virtualenv to None, run_after=None
[2023-12-19T14:27:52.423+0000] {processor.py:183} INFO - Processing /home/airflow/.local/lib/python3.8/site-packages/airflow/example_dags/tutorial_taskflow_api_virtualenv.py took 0.257 seconds
[2023-12-19T14:28:22.559+0000] {processor.py:161} INFO - Started process (PID=383) to work on /home/airflow/.local/lib/python3.8/site-packages/airflow/example_dags/tutorial_taskflow_api_virtualenv.py
[2023-12-19T14:28:22.561+0000] {processor.py:830} INFO - Processing file /home/airflow/.local/lib/python3.8/site-packages/airflow/example_dags/tutorial_taskflow_api_virtualenv.py for tasks to queue
[2023-12-19T14:28:22.565+0000] {logging_mixin.py:188} INFO - [2023-12-19T14:28:22.565+0000] {dagbag.py:538} INFO - Filling up the DagBag from /home/airflow/.local/lib/python3.8/site-packages/airflow/example_dags/tutorial_taskflow_api_virtualenv.py
[2023-12-19T14:28:22.581+0000] {processor.py:840} INFO - DAG(s) 'tutorial_taskflow_api_virtualenv' retrieved from /home/airflow/.local/lib/python3.8/site-packages/airflow/example_dags/tutorial_taskflow_api_virtualenv.py
[2023-12-19T14:28:22.625+0000] {logging_mixin.py:188} INFO - [2023-12-19T14:28:22.625+0000] {dag.py:3033} INFO - Sync 1 DAGs
[2023-12-19T14:28:22.651+0000] {logging_mixin.py:188} INFO - [2023-12-19T14:28:22.650+0000] {dag.py:3820} INFO - Setting next_dagrun for tutorial_taskflow_api_virtualenv to None, run_after=None
[2023-12-19T14:28:22.692+0000] {processor.py:183} INFO - Processing /home/airflow/.local/lib/python3.8/site-packages/airflow/example_dags/tutorial_taskflow_api_virtualenv.py took 0.139 seconds
[2023-12-19T14:28:53.522+0000] {processor.py:161} INFO - Started process (PID=438) to work on /home/airflow/.local/lib/python3.8/site-packages/airflow/example_dags/tutorial_taskflow_api_virtualenv.py
[2023-12-19T14:28:53.524+0000] {processor.py:830} INFO - Processing file /home/airflow/.local/lib/python3.8/site-packages/airflow/example_dags/tutorial_taskflow_api_virtualenv.py for tasks to queue
[2023-12-19T14:28:53.529+0000] {logging_mixin.py:188} INFO - [2023-12-19T14:28:53.528+0000] {dagbag.py:538} INFO - Filling up the DagBag from /home/airflow/.local/lib/python3.8/site-packages/airflow/example_dags/tutorial_taskflow_api_virtualenv.py
[2023-12-19T14:28:53.545+0000] {processor.py:840} INFO - DAG(s) 'tutorial_taskflow_api_virtualenv' retrieved from /home/airflow/.local/lib/python3.8/site-packages/airflow/example_dags/tutorial_taskflow_api_virtualenv.py
[2023-12-19T14:28:53.584+0000] {logging_mixin.py:188} INFO - [2023-12-19T14:28:53.583+0000] {dag.py:3033} INFO - Sync 1 DAGs
[2023-12-19T14:28:53.608+0000] {logging_mixin.py:188} INFO - [2023-12-19T14:28:53.607+0000] {dag.py:3820} INFO - Setting next_dagrun for tutorial_taskflow_api_virtualenv to None, run_after=None
[2023-12-19T14:28:53.644+0000] {processor.py:183} INFO - Processing /home/airflow/.local/lib/python3.8/site-packages/airflow/example_dags/tutorial_taskflow_api_virtualenv.py took 0.130 seconds
[2023-12-19T14:29:24.095+0000] {processor.py:161} INFO - Started process (PID=493) to work on /home/airflow/.local/lib/python3.8/site-packages/airflow/example_dags/tutorial_taskflow_api_virtualenv.py
[2023-12-19T14:29:24.097+0000] {processor.py:830} INFO - Processing file /home/airflow/.local/lib/python3.8/site-packages/airflow/example_dags/tutorial_taskflow_api_virtualenv.py for tasks to queue
[2023-12-19T14:29:24.102+0000] {logging_mixin.py:188} INFO - [2023-12-19T14:29:24.101+0000] {dagbag.py:538} INFO - Filling up the DagBag from /home/airflow/.local/lib/python3.8/site-packages/airflow/example_dags/tutorial_taskflow_api_virtualenv.py
[2023-12-19T14:29:24.115+0000] {processor.py:840} INFO - DAG(s) 'tutorial_taskflow_api_virtualenv' retrieved from /home/airflow/.local/lib/python3.8/site-packages/airflow/example_dags/tutorial_taskflow_api_virtualenv.py
[2023-12-19T14:29:24.156+0000] {logging_mixin.py:188} INFO - [2023-12-19T14:29:24.156+0000] {dag.py:3033} INFO - Sync 1 DAGs
[2023-12-19T14:29:24.183+0000] {logging_mixin.py:188} INFO - [2023-12-19T14:29:24.182+0000] {dag.py:3820} INFO - Setting next_dagrun for tutorial_taskflow_api_virtualenv to None, run_after=None
[2023-12-19T14:29:24.239+0000] {processor.py:183} INFO - Processing /home/airflow/.local/lib/python3.8/site-packages/airflow/example_dags/tutorial_taskflow_api_virtualenv.py took 0.150 seconds
[2023-12-19T14:29:54.711+0000] {processor.py:161} INFO - Started process (PID=548) to work on /home/airflow/.local/lib/python3.8/site-packages/airflow/example_dags/tutorial_taskflow_api_virtualenv.py
[2023-12-19T14:29:54.719+0000] {processor.py:830} INFO - Processing file /home/airflow/.local/lib/python3.8/site-packages/airflow/example_dags/tutorial_taskflow_api_virtualenv.py for tasks to queue
[2023-12-19T14:29:54.725+0000] {logging_mixin.py:188} INFO - [2023-12-19T14:29:54.724+0000] {dagbag.py:538} INFO - Filling up the DagBag from /home/airflow/.local/lib/python3.8/site-packages/airflow/example_dags/tutorial_taskflow_api_virtualenv.py
[2023-12-19T14:29:54.765+0000] {processor.py:840} INFO - DAG(s) 'tutorial_taskflow_api_virtualenv' retrieved from /home/airflow/.local/lib/python3.8/site-packages/airflow/example_dags/tutorial_taskflow_api_virtualenv.py
[2023-12-19T14:29:54.889+0000] {logging_mixin.py:188} INFO - [2023-12-19T14:29:54.888+0000] {dag.py:3033} INFO - Sync 1 DAGs
[2023-12-19T14:29:54.957+0000] {logging_mixin.py:188} INFO - [2023-12-19T14:29:54.956+0000] {dag.py:3820} INFO - Setting next_dagrun for tutorial_taskflow_api_virtualenv to None, run_after=None
[2023-12-19T14:29:55.049+0000] {processor.py:183} INFO - Processing /home/airflow/.local/lib/python3.8/site-packages/airflow/example_dags/tutorial_taskflow_api_virtualenv.py took 0.375 seconds
[2023-12-19T14:30:25.300+0000] {processor.py:161} INFO - Started process (PID=601) to work on /home/airflow/.local/lib/python3.8/site-packages/airflow/example_dags/tutorial_taskflow_api_virtualenv.py
[2023-12-19T14:30:25.301+0000] {processor.py:830} INFO - Processing file /home/airflow/.local/lib/python3.8/site-packages/airflow/example_dags/tutorial_taskflow_api_virtualenv.py for tasks to queue
[2023-12-19T14:30:25.306+0000] {logging_mixin.py:188} INFO - [2023-12-19T14:30:25.305+0000] {dagbag.py:538} INFO - Filling up the DagBag from /home/airflow/.local/lib/python3.8/site-packages/airflow/example_dags/tutorial_taskflow_api_virtualenv.py
[2023-12-19T14:30:25.318+0000] {processor.py:840} INFO - DAG(s) 'tutorial_taskflow_api_virtualenv' retrieved from /home/airflow/.local/lib/python3.8/site-packages/airflow/example_dags/tutorial_taskflow_api_virtualenv.py
[2023-12-19T14:30:25.361+0000] {logging_mixin.py:188} INFO - [2023-12-19T14:30:25.360+0000] {dag.py:3033} INFO - Sync 1 DAGs
[2023-12-19T14:30:25.388+0000] {logging_mixin.py:188} INFO - [2023-12-19T14:30:25.388+0000] {dag.py:3820} INFO - Setting next_dagrun for tutorial_taskflow_api_virtualenv to None, run_after=None
[2023-12-19T14:30:25.430+0000] {processor.py:183} INFO - Processing /home/airflow/.local/lib/python3.8/site-packages/airflow/example_dags/tutorial_taskflow_api_virtualenv.py took 0.137 seconds
[2023-12-19T14:30:55.740+0000] {processor.py:161} INFO - Started process (PID=656) to work on /home/airflow/.local/lib/python3.8/site-packages/airflow/example_dags/tutorial_taskflow_api_virtualenv.py
[2023-12-19T14:30:55.747+0000] {processor.py:830} INFO - Processing file /home/airflow/.local/lib/python3.8/site-packages/airflow/example_dags/tutorial_taskflow_api_virtualenv.py for tasks to queue
[2023-12-19T14:30:55.761+0000] {logging_mixin.py:188} INFO - [2023-12-19T14:30:55.760+0000] {dagbag.py:538} INFO - Filling up the DagBag from /home/airflow/.local/lib/python3.8/site-packages/airflow/example_dags/tutorial_taskflow_api_virtualenv.py
[2023-12-19T14:30:55.798+0000] {processor.py:840} INFO - DAG(s) 'tutorial_taskflow_api_virtualenv' retrieved from /home/airflow/.local/lib/python3.8/site-packages/airflow/example_dags/tutorial_taskflow_api_virtualenv.py
[2023-12-19T14:30:55.870+0000] {logging_mixin.py:188} INFO - [2023-12-19T14:30:55.870+0000] {dag.py:3033} INFO - Sync 1 DAGs
[2023-12-19T14:30:55.909+0000] {logging_mixin.py:188} INFO - [2023-12-19T14:30:55.909+0000] {dag.py:3820} INFO - Setting next_dagrun for tutorial_taskflow_api_virtualenv to None, run_after=None
[2023-12-19T14:30:55.977+0000] {processor.py:183} INFO - Processing /home/airflow/.local/lib/python3.8/site-packages/airflow/example_dags/tutorial_taskflow_api_virtualenv.py took 0.250 seconds
[2023-12-19T14:31:27.134+0000] {processor.py:161} INFO - Started process (PID=710) to work on /home/airflow/.local/lib/python3.8/site-packages/airflow/example_dags/tutorial_taskflow_api_virtualenv.py
[2023-12-19T14:31:27.136+0000] {processor.py:830} INFO - Processing file /home/airflow/.local/lib/python3.8/site-packages/airflow/example_dags/tutorial_taskflow_api_virtualenv.py for tasks to queue
[2023-12-19T14:31:27.142+0000] {logging_mixin.py:188} INFO - [2023-12-19T14:31:27.141+0000] {dagbag.py:538} INFO - Filling up the DagBag from /home/airflow/.local/lib/python3.8/site-packages/airflow/example_dags/tutorial_taskflow_api_virtualenv.py
[2023-12-19T14:31:27.160+0000] {processor.py:840} INFO - DAG(s) 'tutorial_taskflow_api_virtualenv' retrieved from /home/airflow/.local/lib/python3.8/site-packages/airflow/example_dags/tutorial_taskflow_api_virtualenv.py
[2023-12-19T14:31:27.216+0000] {logging_mixin.py:188} INFO - [2023-12-19T14:31:27.215+0000] {dag.py:3033} INFO - Sync 1 DAGs
[2023-12-19T14:31:27.249+0000] {logging_mixin.py:188} INFO - [2023-12-19T14:31:27.248+0000] {dag.py:3820} INFO - Setting next_dagrun for tutorial_taskflow_api_virtualenv to None, run_after=None
[2023-12-19T14:31:27.302+0000] {processor.py:183} INFO - Processing /home/airflow/.local/lib/python3.8/site-packages/airflow/example_dags/tutorial_taskflow_api_virtualenv.py took 0.175 seconds
[2023-12-19T14:31:57.448+0000] {processor.py:161} INFO - Started process (PID=765) to work on /home/airflow/.local/lib/python3.8/site-packages/airflow/example_dags/tutorial_taskflow_api_virtualenv.py
[2023-12-19T14:31:57.450+0000] {processor.py:830} INFO - Processing file /home/airflow/.local/lib/python3.8/site-packages/airflow/example_dags/tutorial_taskflow_api_virtualenv.py for tasks to queue
[2023-12-19T14:31:57.458+0000] {logging_mixin.py:188} INFO - [2023-12-19T14:31:57.457+0000] {dagbag.py:538} INFO - Filling up the DagBag from /home/airflow/.local/lib/python3.8/site-packages/airflow/example_dags/tutorial_taskflow_api_virtualenv.py
[2023-12-19T14:31:57.481+0000] {processor.py:840} INFO - DAG(s) 'tutorial_taskflow_api_virtualenv' retrieved from /home/airflow/.local/lib/python3.8/site-packages/airflow/example_dags/tutorial_taskflow_api_virtualenv.py
[2023-12-19T14:31:57.535+0000] {logging_mixin.py:188} INFO - [2023-12-19T14:31:57.535+0000] {dag.py:3033} INFO - Sync 1 DAGs
[2023-12-19T14:31:57.571+0000] {logging_mixin.py:188} INFO - [2023-12-19T14:31:57.571+0000] {dag.py:3820} INFO - Setting next_dagrun for tutorial_taskflow_api_virtualenv to None, run_after=None
[2023-12-19T14:31:57.632+0000] {processor.py:183} INFO - Processing /home/airflow/.local/lib/python3.8/site-packages/airflow/example_dags/tutorial_taskflow_api_virtualenv.py took 0.193 seconds
[2023-12-19T14:32:28.002+0000] {processor.py:161} INFO - Started process (PID=819) to work on /home/airflow/.local/lib/python3.8/site-packages/airflow/example_dags/tutorial_taskflow_api_virtualenv.py
[2023-12-19T14:32:28.004+0000] {processor.py:830} INFO - Processing file /home/airflow/.local/lib/python3.8/site-packages/airflow/example_dags/tutorial_taskflow_api_virtualenv.py for tasks to queue
[2023-12-19T14:32:28.009+0000] {logging_mixin.py:188} INFO - [2023-12-19T14:32:28.008+0000] {dagbag.py:538} INFO - Filling up the DagBag from /home/airflow/.local/lib/python3.8/site-packages/airflow/example_dags/tutorial_taskflow_api_virtualenv.py
[2023-12-19T14:32:28.029+0000] {processor.py:840} INFO - DAG(s) 'tutorial_taskflow_api_virtualenv' retrieved from /home/airflow/.local/lib/python3.8/site-packages/airflow/example_dags/tutorial_taskflow_api_virtualenv.py
[2023-12-19T14:32:28.113+0000] {logging_mixin.py:188} INFO - [2023-12-19T14:32:28.112+0000] {dag.py:3033} INFO - Sync 1 DAGs
[2023-12-19T14:32:28.163+0000] {logging_mixin.py:188} INFO - [2023-12-19T14:32:28.159+0000] {dag.py:3820} INFO - Setting next_dagrun for tutorial_taskflow_api_virtualenv to None, run_after=None
[2023-12-19T14:32:28.231+0000] {processor.py:183} INFO - Processing /home/airflow/.local/lib/python3.8/site-packages/airflow/example_dags/tutorial_taskflow_api_virtualenv.py took 0.237 seconds
[2023-12-19T14:32:58.575+0000] {processor.py:161} INFO - Started process (PID=874) to work on /home/airflow/.local/lib/python3.8/site-packages/airflow/example_dags/tutorial_taskflow_api_virtualenv.py
[2023-12-19T14:32:58.577+0000] {processor.py:830} INFO - Processing file /home/airflow/.local/lib/python3.8/site-packages/airflow/example_dags/tutorial_taskflow_api_virtualenv.py for tasks to queue
[2023-12-19T14:32:58.583+0000] {logging_mixin.py:188} INFO - [2023-12-19T14:32:58.582+0000] {dagbag.py:538} INFO - Filling up the DagBag from /home/airflow/.local/lib/python3.8/site-packages/airflow/example_dags/tutorial_taskflow_api_virtualenv.py
[2023-12-19T14:32:58.606+0000] {processor.py:840} INFO - DAG(s) 'tutorial_taskflow_api_virtualenv' retrieved from /home/airflow/.local/lib/python3.8/site-packages/airflow/example_dags/tutorial_taskflow_api_virtualenv.py
[2023-12-19T14:32:58.663+0000] {logging_mixin.py:188} INFO - [2023-12-19T14:32:58.663+0000] {dag.py:3033} INFO - Sync 1 DAGs
[2023-12-19T14:32:58.704+0000] {logging_mixin.py:188} INFO - [2023-12-19T14:32:58.704+0000] {dag.py:3820} INFO - Setting next_dagrun for tutorial_taskflow_api_virtualenv to None, run_after=None
[2023-12-19T14:32:58.763+0000] {processor.py:183} INFO - Processing /home/airflow/.local/lib/python3.8/site-packages/airflow/example_dags/tutorial_taskflow_api_virtualenv.py took 0.196 seconds
[2023-12-19T14:33:29.293+0000] {processor.py:161} INFO - Started process (PID=929) to work on /home/airflow/.local/lib/python3.8/site-packages/airflow/example_dags/tutorial_taskflow_api_virtualenv.py
[2023-12-19T14:33:29.301+0000] {processor.py:830} INFO - Processing file /home/airflow/.local/lib/python3.8/site-packages/airflow/example_dags/tutorial_taskflow_api_virtualenv.py for tasks to queue
[2023-12-19T14:33:29.306+0000] {logging_mixin.py:188} INFO - [2023-12-19T14:33:29.305+0000] {dagbag.py:538} INFO - Filling up the DagBag from /home/airflow/.local/lib/python3.8/site-packages/airflow/example_dags/tutorial_taskflow_api_virtualenv.py
[2023-12-19T14:33:29.358+0000] {processor.py:840} INFO - DAG(s) 'tutorial_taskflow_api_virtualenv' retrieved from /home/airflow/.local/lib/python3.8/site-packages/airflow/example_dags/tutorial_taskflow_api_virtualenv.py
[2023-12-19T14:33:29.438+0000] {logging_mixin.py:188} INFO - [2023-12-19T14:33:29.438+0000] {dag.py:3033} INFO - Sync 1 DAGs
[2023-12-19T14:33:29.497+0000] {logging_mixin.py:188} INFO - [2023-12-19T14:33:29.496+0000] {dag.py:3820} INFO - Setting next_dagrun for tutorial_taskflow_api_virtualenv to None, run_after=None
[2023-12-19T14:33:29.558+0000] {processor.py:183} INFO - Processing /home/airflow/.local/lib/python3.8/site-packages/airflow/example_dags/tutorial_taskflow_api_virtualenv.py took 0.282 seconds
[2023-12-19T14:33:59.869+0000] {processor.py:161} INFO - Started process (PID=984) to work on /home/airflow/.local/lib/python3.8/site-packages/airflow/example_dags/tutorial_taskflow_api_virtualenv.py
[2023-12-19T14:33:59.872+0000] {processor.py:830} INFO - Processing file /home/airflow/.local/lib/python3.8/site-packages/airflow/example_dags/tutorial_taskflow_api_virtualenv.py for tasks to queue
[2023-12-19T14:33:59.880+0000] {logging_mixin.py:188} INFO - [2023-12-19T14:33:59.879+0000] {dagbag.py:538} INFO - Filling up the DagBag from /home/airflow/.local/lib/python3.8/site-packages/airflow/example_dags/tutorial_taskflow_api_virtualenv.py
[2023-12-19T14:33:59.896+0000] {processor.py:840} INFO - DAG(s) 'tutorial_taskflow_api_virtualenv' retrieved from /home/airflow/.local/lib/python3.8/site-packages/airflow/example_dags/tutorial_taskflow_api_virtualenv.py
[2023-12-19T14:33:59.939+0000] {logging_mixin.py:188} INFO - [2023-12-19T14:33:59.939+0000] {dag.py:3033} INFO - Sync 1 DAGs
[2023-12-19T14:33:59.966+0000] {logging_mixin.py:188} INFO - [2023-12-19T14:33:59.966+0000] {dag.py:3820} INFO - Setting next_dagrun for tutorial_taskflow_api_virtualenv to None, run_after=None
[2023-12-19T14:34:00.008+0000] {processor.py:183} INFO - Processing /home/airflow/.local/lib/python3.8/site-packages/airflow/example_dags/tutorial_taskflow_api_virtualenv.py took 0.149 seconds
[2023-12-19T14:34:30.115+0000] {processor.py:161} INFO - Started process (PID=1039) to work on /home/airflow/.local/lib/python3.8/site-packages/airflow/example_dags/tutorial_taskflow_api_virtualenv.py
[2023-12-19T14:34:30.116+0000] {processor.py:830} INFO - Processing file /home/airflow/.local/lib/python3.8/site-packages/airflow/example_dags/tutorial_taskflow_api_virtualenv.py for tasks to queue
[2023-12-19T14:34:30.121+0000] {logging_mixin.py:188} INFO - [2023-12-19T14:34:30.120+0000] {dagbag.py:538} INFO - Filling up the DagBag from /home/airflow/.local/lib/python3.8/site-packages/airflow/example_dags/tutorial_taskflow_api_virtualenv.py
[2023-12-19T14:34:30.136+0000] {processor.py:840} INFO - DAG(s) 'tutorial_taskflow_api_virtualenv' retrieved from /home/airflow/.local/lib/python3.8/site-packages/airflow/example_dags/tutorial_taskflow_api_virtualenv.py
[2023-12-19T14:34:30.181+0000] {logging_mixin.py:188} INFO - [2023-12-19T14:34:30.180+0000] {dag.py:3033} INFO - Sync 1 DAGs
[2023-12-19T14:34:30.211+0000] {logging_mixin.py:188} INFO - [2023-12-19T14:34:30.210+0000] {dag.py:3820} INFO - Setting next_dagrun for tutorial_taskflow_api_virtualenv to None, run_after=None
[2023-12-19T14:34:30.255+0000] {processor.py:183} INFO - Processing /home/airflow/.local/lib/python3.8/site-packages/airflow/example_dags/tutorial_taskflow_api_virtualenv.py took 0.148 seconds
[2023-12-19T14:35:00.644+0000] {processor.py:161} INFO - Started process (PID=1093) to work on /home/airflow/.local/lib/python3.8/site-packages/airflow/example_dags/tutorial_taskflow_api_virtualenv.py
[2023-12-19T14:35:00.648+0000] {processor.py:830} INFO - Processing file /home/airflow/.local/lib/python3.8/site-packages/airflow/example_dags/tutorial_taskflow_api_virtualenv.py for tasks to queue
[2023-12-19T14:35:00.653+0000] {logging_mixin.py:188} INFO - [2023-12-19T14:35:00.652+0000] {dagbag.py:538} INFO - Filling up the DagBag from /home/airflow/.local/lib/python3.8/site-packages/airflow/example_dags/tutorial_taskflow_api_virtualenv.py
[2023-12-19T14:35:00.673+0000] {processor.py:840} INFO - DAG(s) 'tutorial_taskflow_api_virtualenv' retrieved from /home/airflow/.local/lib/python3.8/site-packages/airflow/example_dags/tutorial_taskflow_api_virtualenv.py
[2023-12-19T14:35:00.735+0000] {logging_mixin.py:188} INFO - [2023-12-19T14:35:00.735+0000] {dag.py:3033} INFO - Sync 1 DAGs
[2023-12-19T14:35:00.774+0000] {logging_mixin.py:188} INFO - [2023-12-19T14:35:00.773+0000] {dag.py:3820} INFO - Setting next_dagrun for tutorial_taskflow_api_virtualenv to None, run_after=None
[2023-12-19T14:35:00.855+0000] {processor.py:183} INFO - Processing /home/airflow/.local/lib/python3.8/site-packages/airflow/example_dags/tutorial_taskflow_api_virtualenv.py took 0.220 seconds
[2023-12-19T14:35:31.177+0000] {processor.py:161} INFO - Started process (PID=1148) to work on /home/airflow/.local/lib/python3.8/site-packages/airflow/example_dags/tutorial_taskflow_api_virtualenv.py
[2023-12-19T14:35:31.178+0000] {processor.py:830} INFO - Processing file /home/airflow/.local/lib/python3.8/site-packages/airflow/example_dags/tutorial_taskflow_api_virtualenv.py for tasks to queue
[2023-12-19T14:35:31.181+0000] {logging_mixin.py:188} INFO - [2023-12-19T14:35:31.181+0000] {dagbag.py:538} INFO - Filling up the DagBag from /home/airflow/.local/lib/python3.8/site-packages/airflow/example_dags/tutorial_taskflow_api_virtualenv.py
[2023-12-19T14:35:31.193+0000] {processor.py:840} INFO - DAG(s) 'tutorial_taskflow_api_virtualenv' retrieved from /home/airflow/.local/lib/python3.8/site-packages/airflow/example_dags/tutorial_taskflow_api_virtualenv.py
[2023-12-19T14:35:31.222+0000] {logging_mixin.py:188} INFO - [2023-12-19T14:35:31.222+0000] {dag.py:3033} INFO - Sync 1 DAGs
[2023-12-19T14:35:31.241+0000] {logging_mixin.py:188} INFO - [2023-12-19T14:35:31.241+0000] {dag.py:3820} INFO - Setting next_dagrun for tutorial_taskflow_api_virtualenv to None, run_after=None
[2023-12-19T14:35:31.270+0000] {processor.py:183} INFO - Processing /home/airflow/.local/lib/python3.8/site-packages/airflow/example_dags/tutorial_taskflow_api_virtualenv.py took 0.099 seconds
[2023-12-19T14:36:01.687+0000] {processor.py:161} INFO - Started process (PID=1202) to work on /home/airflow/.local/lib/python3.8/site-packages/airflow/example_dags/tutorial_taskflow_api_virtualenv.py
[2023-12-19T14:36:01.688+0000] {processor.py:830} INFO - Processing file /home/airflow/.local/lib/python3.8/site-packages/airflow/example_dags/tutorial_taskflow_api_virtualenv.py for tasks to queue
[2023-12-19T14:36:01.692+0000] {logging_mixin.py:188} INFO - [2023-12-19T14:36:01.691+0000] {dagbag.py:538} INFO - Filling up the DagBag from /home/airflow/.local/lib/python3.8/site-packages/airflow/example_dags/tutorial_taskflow_api_virtualenv.py
[2023-12-19T14:36:01.703+0000] {processor.py:840} INFO - DAG(s) 'tutorial_taskflow_api_virtualenv' retrieved from /home/airflow/.local/lib/python3.8/site-packages/airflow/example_dags/tutorial_taskflow_api_virtualenv.py
[2023-12-19T14:36:01.737+0000] {logging_mixin.py:188} INFO - [2023-12-19T14:36:01.737+0000] {dag.py:3033} INFO - Sync 1 DAGs
[2023-12-19T14:36:01.758+0000] {logging_mixin.py:188} INFO - [2023-12-19T14:36:01.757+0000] {dag.py:3820} INFO - Setting next_dagrun for tutorial_taskflow_api_virtualenv to None, run_after=None
[2023-12-19T14:36:01.788+0000] {processor.py:183} INFO - Processing /home/airflow/.local/lib/python3.8/site-packages/airflow/example_dags/tutorial_taskflow_api_virtualenv.py took 0.106 seconds
[2023-12-19T14:36:32.314+0000] {processor.py:161} INFO - Started process (PID=1257) to work on /home/airflow/.local/lib/python3.8/site-packages/airflow/example_dags/tutorial_taskflow_api_virtualenv.py
[2023-12-19T14:36:32.315+0000] {processor.py:830} INFO - Processing file /home/airflow/.local/lib/python3.8/site-packages/airflow/example_dags/tutorial_taskflow_api_virtualenv.py for tasks to queue
[2023-12-19T14:36:32.318+0000] {logging_mixin.py:188} INFO - [2023-12-19T14:36:32.318+0000] {dagbag.py:538} INFO - Filling up the DagBag from /home/airflow/.local/lib/python3.8/site-packages/airflow/example_dags/tutorial_taskflow_api_virtualenv.py
[2023-12-19T14:36:32.327+0000] {processor.py:840} INFO - DAG(s) 'tutorial_taskflow_api_virtualenv' retrieved from /home/airflow/.local/lib/python3.8/site-packages/airflow/example_dags/tutorial_taskflow_api_virtualenv.py
[2023-12-19T14:36:32.354+0000] {logging_mixin.py:188} INFO - [2023-12-19T14:36:32.354+0000] {dag.py:3033} INFO - Sync 1 DAGs
[2023-12-19T14:36:32.372+0000] {logging_mixin.py:188} INFO - [2023-12-19T14:36:32.371+0000] {dag.py:3820} INFO - Setting next_dagrun for tutorial_taskflow_api_virtualenv to None, run_after=None
[2023-12-19T14:36:32.400+0000] {processor.py:183} INFO - Processing /home/airflow/.local/lib/python3.8/site-packages/airflow/example_dags/tutorial_taskflow_api_virtualenv.py took 0.090 seconds
[2023-12-19T14:37:02.683+0000] {processor.py:161} INFO - Started process (PID=1312) to work on /home/airflow/.local/lib/python3.8/site-packages/airflow/example_dags/tutorial_taskflow_api_virtualenv.py
[2023-12-19T14:37:02.684+0000] {processor.py:830} INFO - Processing file /home/airflow/.local/lib/python3.8/site-packages/airflow/example_dags/tutorial_taskflow_api_virtualenv.py for tasks to queue
[2023-12-19T14:37:02.688+0000] {logging_mixin.py:188} INFO - [2023-12-19T14:37:02.688+0000] {dagbag.py:538} INFO - Filling up the DagBag from /home/airflow/.local/lib/python3.8/site-packages/airflow/example_dags/tutorial_taskflow_api_virtualenv.py
[2023-12-19T14:37:02.698+0000] {processor.py:840} INFO - DAG(s) 'tutorial_taskflow_api_virtualenv' retrieved from /home/airflow/.local/lib/python3.8/site-packages/airflow/example_dags/tutorial_taskflow_api_virtualenv.py
[2023-12-19T14:37:02.731+0000] {logging_mixin.py:188} INFO - [2023-12-19T14:37:02.731+0000] {dag.py:3033} INFO - Sync 1 DAGs
[2023-12-19T14:37:02.749+0000] {logging_mixin.py:188} INFO - [2023-12-19T14:37:02.748+0000] {dag.py:3820} INFO - Setting next_dagrun for tutorial_taskflow_api_virtualenv to None, run_after=None
[2023-12-19T14:37:02.775+0000] {processor.py:183} INFO - Processing /home/airflow/.local/lib/python3.8/site-packages/airflow/example_dags/tutorial_taskflow_api_virtualenv.py took 0.096 seconds
