[2023-12-19T14:13:58.467+0000] {processor.py:161} INFO - Started process (PID=44) to work on /home/airflow/.local/lib/python3.8/site-packages/airflow/example_dags/tutorial_dag.py
[2023-12-19T14:13:58.478+0000] {processor.py:830} INFO - Processing file /home/airflow/.local/lib/python3.8/site-packages/airflow/example_dags/tutorial_dag.py for tasks to queue
[2023-12-19T14:13:58.493+0000] {logging_mixin.py:188} INFO - [2023-12-19T14:13:58.492+0000] {dagbag.py:538} INFO - Filling up the DagBag from /home/airflow/.local/lib/python3.8/site-packages/airflow/example_dags/tutorial_dag.py
[2023-12-19T14:13:58.525+0000] {processor.py:840} INFO - DAG(s) 'tutorial_dag' retrieved from /home/airflow/.local/lib/python3.8/site-packages/airflow/example_dags/tutorial_dag.py
[2023-12-19T14:13:58.895+0000] {logging_mixin.py:188} INFO - [2023-12-19T14:13:58.895+0000] {dag.py:3033} INFO - Sync 1 DAGs
[2023-12-19T14:13:58.929+0000] {logging_mixin.py:188} INFO - [2023-12-19T14:13:58.929+0000] {dag.py:3820} INFO - Setting next_dagrun for tutorial_dag to None, run_after=None
[2023-12-19T14:13:59.007+0000] {processor.py:183} INFO - Processing /home/airflow/.local/lib/python3.8/site-packages/airflow/example_dags/tutorial_dag.py took 0.548 seconds
[2023-12-19T14:14:31.425+0000] {processor.py:161} INFO - Started process (PID=99) to work on /home/airflow/.local/lib/python3.8/site-packages/airflow/example_dags/tutorial_dag.py
[2023-12-19T14:14:31.427+0000] {processor.py:830} INFO - Processing file /home/airflow/.local/lib/python3.8/site-packages/airflow/example_dags/tutorial_dag.py for tasks to queue
[2023-12-19T14:14:31.432+0000] {logging_mixin.py:188} INFO - [2023-12-19T14:14:31.431+0000] {dagbag.py:538} INFO - Filling up the DagBag from /home/airflow/.local/lib/python3.8/site-packages/airflow/example_dags/tutorial_dag.py
[2023-12-19T14:14:31.447+0000] {processor.py:840} INFO - DAG(s) 'tutorial_dag' retrieved from /home/airflow/.local/lib/python3.8/site-packages/airflow/example_dags/tutorial_dag.py
[2023-12-19T14:14:31.498+0000] {logging_mixin.py:188} INFO - [2023-12-19T14:14:31.498+0000] {dag.py:3033} INFO - Sync 1 DAGs
[2023-12-19T14:14:31.539+0000] {logging_mixin.py:188} INFO - [2023-12-19T14:14:31.538+0000] {dag.py:3820} INFO - Setting next_dagrun for tutorial_dag to None, run_after=None
[2023-12-19T14:14:31.621+0000] {processor.py:183} INFO - Processing /home/airflow/.local/lib/python3.8/site-packages/airflow/example_dags/tutorial_dag.py took 0.205 seconds
[2023-12-19T14:15:15.609+0000] {processor.py:161} INFO - Started process (PID=159) to work on /home/airflow/.local/lib/python3.8/site-packages/airflow/example_dags/tutorial_dag.py
[2023-12-19T14:15:15.646+0000] {processor.py:830} INFO - Processing file /home/airflow/.local/lib/python3.8/site-packages/airflow/example_dags/tutorial_dag.py for tasks to queue
[2023-12-19T14:15:15.842+0000] {logging_mixin.py:188} INFO - [2023-12-19T14:15:15.744+0000] {dagbag.py:538} INFO - Filling up the DagBag from /home/airflow/.local/lib/python3.8/site-packages/airflow/example_dags/tutorial_dag.py
[2023-12-19T14:15:16.174+0000] {processor.py:840} INFO - DAG(s) 'tutorial_dag' retrieved from /home/airflow/.local/lib/python3.8/site-packages/airflow/example_dags/tutorial_dag.py
[2023-12-19T14:15:16.783+0000] {logging_mixin.py:188} INFO - [2023-12-19T14:15:16.777+0000] {dag.py:3033} INFO - Sync 1 DAGs
[2023-12-19T14:15:16.930+0000] {logging_mixin.py:188} INFO - [2023-12-19T14:15:16.928+0000] {dag.py:3820} INFO - Setting next_dagrun for tutorial_dag to None, run_after=None
[2023-12-19T14:15:17.268+0000] {processor.py:183} INFO - Processing /home/airflow/.local/lib/python3.8/site-packages/airflow/example_dags/tutorial_dag.py took 2.089 seconds
[2023-12-19T14:18:31.228+0000] {processor.py:161} INFO - Started process (PID=36) to work on /home/airflow/.local/lib/python3.8/site-packages/airflow/example_dags/tutorial_dag.py
[2023-12-19T14:18:31.231+0000] {processor.py:830} INFO - Processing file /home/airflow/.local/lib/python3.8/site-packages/airflow/example_dags/tutorial_dag.py for tasks to queue
[2023-12-19T14:18:31.236+0000] {logging_mixin.py:188} INFO - [2023-12-19T14:18:31.235+0000] {dagbag.py:538} INFO - Filling up the DagBag from /home/airflow/.local/lib/python3.8/site-packages/airflow/example_dags/tutorial_dag.py
[2023-12-19T14:18:31.250+0000] {processor.py:840} INFO - DAG(s) 'tutorial_dag' retrieved from /home/airflow/.local/lib/python3.8/site-packages/airflow/example_dags/tutorial_dag.py
[2023-12-19T14:18:31.413+0000] {logging_mixin.py:188} INFO - [2023-12-19T14:18:31.412+0000] {dag.py:3033} INFO - Sync 1 DAGs
[2023-12-19T14:18:31.518+0000] {logging_mixin.py:188} INFO - [2023-12-19T14:18:31.517+0000] {dag.py:3820} INFO - Setting next_dagrun for tutorial_dag to None, run_after=None
[2023-12-19T14:18:31.849+0000] {processor.py:183} INFO - Processing /home/airflow/.local/lib/python3.8/site-packages/airflow/example_dags/tutorial_dag.py took 0.636 seconds
[2023-12-19T14:19:04.262+0000] {processor.py:161} INFO - Started process (PID=98) to work on /home/airflow/.local/lib/python3.8/site-packages/airflow/example_dags/tutorial_dag.py
[2023-12-19T14:19:04.275+0000] {processor.py:830} INFO - Processing file /home/airflow/.local/lib/python3.8/site-packages/airflow/example_dags/tutorial_dag.py for tasks to queue
[2023-12-19T14:19:04.280+0000] {logging_mixin.py:188} INFO - [2023-12-19T14:19:04.279+0000] {dagbag.py:538} INFO - Filling up the DagBag from /home/airflow/.local/lib/python3.8/site-packages/airflow/example_dags/tutorial_dag.py
[2023-12-19T14:19:04.330+0000] {processor.py:840} INFO - DAG(s) 'tutorial_dag' retrieved from /home/airflow/.local/lib/python3.8/site-packages/airflow/example_dags/tutorial_dag.py
[2023-12-19T14:19:04.467+0000] {logging_mixin.py:188} INFO - [2023-12-19T14:19:04.467+0000] {dag.py:3033} INFO - Sync 1 DAGs
[2023-12-19T14:19:04.545+0000] {logging_mixin.py:188} INFO - [2023-12-19T14:19:04.544+0000] {dag.py:3820} INFO - Setting next_dagrun for tutorial_dag to None, run_after=None
[2023-12-19T14:19:04.649+0000] {processor.py:183} INFO - Processing /home/airflow/.local/lib/python3.8/site-packages/airflow/example_dags/tutorial_dag.py took 0.409 seconds
[2023-12-19T14:19:34.880+0000] {processor.py:161} INFO - Started process (PID=153) to work on /home/airflow/.local/lib/python3.8/site-packages/airflow/example_dags/tutorial_dag.py
[2023-12-19T14:19:34.881+0000] {processor.py:830} INFO - Processing file /home/airflow/.local/lib/python3.8/site-packages/airflow/example_dags/tutorial_dag.py for tasks to queue
[2023-12-19T14:19:34.887+0000] {logging_mixin.py:188} INFO - [2023-12-19T14:19:34.886+0000] {dagbag.py:538} INFO - Filling up the DagBag from /home/airflow/.local/lib/python3.8/site-packages/airflow/example_dags/tutorial_dag.py
[2023-12-19T14:19:34.898+0000] {processor.py:840} INFO - DAG(s) 'tutorial_dag' retrieved from /home/airflow/.local/lib/python3.8/site-packages/airflow/example_dags/tutorial_dag.py
[2023-12-19T14:19:34.951+0000] {logging_mixin.py:188} INFO - [2023-12-19T14:19:34.950+0000] {dag.py:3033} INFO - Sync 1 DAGs
[2023-12-19T14:19:34.982+0000] {logging_mixin.py:188} INFO - [2023-12-19T14:19:34.982+0000] {dag.py:3820} INFO - Setting next_dagrun for tutorial_dag to None, run_after=None
[2023-12-19T14:19:35.029+0000] {processor.py:183} INFO - Processing /home/airflow/.local/lib/python3.8/site-packages/airflow/example_dags/tutorial_dag.py took 0.156 seconds
[2023-12-19T14:20:06.035+0000] {processor.py:161} INFO - Started process (PID=208) to work on /home/airflow/.local/lib/python3.8/site-packages/airflow/example_dags/tutorial_dag.py
[2023-12-19T14:20:06.037+0000] {processor.py:830} INFO - Processing file /home/airflow/.local/lib/python3.8/site-packages/airflow/example_dags/tutorial_dag.py for tasks to queue
[2023-12-19T14:20:06.040+0000] {logging_mixin.py:188} INFO - [2023-12-19T14:20:06.040+0000] {dagbag.py:538} INFO - Filling up the DagBag from /home/airflow/.local/lib/python3.8/site-packages/airflow/example_dags/tutorial_dag.py
[2023-12-19T14:20:06.049+0000] {processor.py:840} INFO - DAG(s) 'tutorial_dag' retrieved from /home/airflow/.local/lib/python3.8/site-packages/airflow/example_dags/tutorial_dag.py
[2023-12-19T14:20:06.085+0000] {logging_mixin.py:188} INFO - [2023-12-19T14:20:06.085+0000] {dag.py:3033} INFO - Sync 1 DAGs
[2023-12-19T14:20:06.109+0000] {logging_mixin.py:188} INFO - [2023-12-19T14:20:06.109+0000] {dag.py:3820} INFO - Setting next_dagrun for tutorial_dag to None, run_after=None
[2023-12-19T14:20:06.144+0000] {processor.py:183} INFO - Processing /home/airflow/.local/lib/python3.8/site-packages/airflow/example_dags/tutorial_dag.py took 0.118 seconds
[2023-12-19T14:20:36.795+0000] {processor.py:161} INFO - Started process (PID=264) to work on /home/airflow/.local/lib/python3.8/site-packages/airflow/example_dags/tutorial_dag.py
[2023-12-19T14:20:36.797+0000] {processor.py:830} INFO - Processing file /home/airflow/.local/lib/python3.8/site-packages/airflow/example_dags/tutorial_dag.py for tasks to queue
[2023-12-19T14:20:36.801+0000] {logging_mixin.py:188} INFO - [2023-12-19T14:20:36.800+0000] {dagbag.py:538} INFO - Filling up the DagBag from /home/airflow/.local/lib/python3.8/site-packages/airflow/example_dags/tutorial_dag.py
[2023-12-19T14:20:36.812+0000] {processor.py:840} INFO - DAG(s) 'tutorial_dag' retrieved from /home/airflow/.local/lib/python3.8/site-packages/airflow/example_dags/tutorial_dag.py
[2023-12-19T14:20:36.864+0000] {logging_mixin.py:188} INFO - [2023-12-19T14:20:36.861+0000] {dag.py:3033} INFO - Sync 1 DAGs
[2023-12-19T14:20:36.900+0000] {logging_mixin.py:188} INFO - [2023-12-19T14:20:36.900+0000] {dag.py:3820} INFO - Setting next_dagrun for tutorial_dag to None, run_after=None
[2023-12-19T14:20:36.953+0000] {processor.py:183} INFO - Processing /home/airflow/.local/lib/python3.8/site-packages/airflow/example_dags/tutorial_dag.py took 0.164 seconds
[2023-12-19T14:21:07.149+0000] {processor.py:161} INFO - Started process (PID=318) to work on /home/airflow/.local/lib/python3.8/site-packages/airflow/example_dags/tutorial_dag.py
[2023-12-19T14:21:07.151+0000] {processor.py:830} INFO - Processing file /home/airflow/.local/lib/python3.8/site-packages/airflow/example_dags/tutorial_dag.py for tasks to queue
[2023-12-19T14:21:07.156+0000] {logging_mixin.py:188} INFO - [2023-12-19T14:21:07.155+0000] {dagbag.py:538} INFO - Filling up the DagBag from /home/airflow/.local/lib/python3.8/site-packages/airflow/example_dags/tutorial_dag.py
[2023-12-19T14:21:07.166+0000] {processor.py:840} INFO - DAG(s) 'tutorial_dag' retrieved from /home/airflow/.local/lib/python3.8/site-packages/airflow/example_dags/tutorial_dag.py
[2023-12-19T14:21:07.206+0000] {logging_mixin.py:188} INFO - [2023-12-19T14:21:07.206+0000] {dag.py:3033} INFO - Sync 1 DAGs
[2023-12-19T14:21:07.231+0000] {logging_mixin.py:188} INFO - [2023-12-19T14:21:07.231+0000] {dag.py:3820} INFO - Setting next_dagrun for tutorial_dag to None, run_after=None
[2023-12-19T14:21:07.272+0000] {processor.py:183} INFO - Processing /home/airflow/.local/lib/python3.8/site-packages/airflow/example_dags/tutorial_dag.py took 0.130 seconds
[2023-12-19T14:21:37.923+0000] {processor.py:161} INFO - Started process (PID=373) to work on /home/airflow/.local/lib/python3.8/site-packages/airflow/example_dags/tutorial_dag.py
[2023-12-19T14:21:37.925+0000] {processor.py:830} INFO - Processing file /home/airflow/.local/lib/python3.8/site-packages/airflow/example_dags/tutorial_dag.py for tasks to queue
[2023-12-19T14:21:37.931+0000] {logging_mixin.py:188} INFO - [2023-12-19T14:21:37.930+0000] {dagbag.py:538} INFO - Filling up the DagBag from /home/airflow/.local/lib/python3.8/site-packages/airflow/example_dags/tutorial_dag.py
[2023-12-19T14:21:37.944+0000] {processor.py:840} INFO - DAG(s) 'tutorial_dag' retrieved from /home/airflow/.local/lib/python3.8/site-packages/airflow/example_dags/tutorial_dag.py
[2023-12-19T14:21:37.999+0000] {logging_mixin.py:188} INFO - [2023-12-19T14:21:37.998+0000] {dag.py:3033} INFO - Sync 1 DAGs
[2023-12-19T14:21:38.037+0000] {logging_mixin.py:188} INFO - [2023-12-19T14:21:38.036+0000] {dag.py:3820} INFO - Setting next_dagrun for tutorial_dag to None, run_after=None
[2023-12-19T14:21:38.101+0000] {processor.py:183} INFO - Processing /home/airflow/.local/lib/python3.8/site-packages/airflow/example_dags/tutorial_dag.py took 0.186 seconds
[2023-12-19T14:22:08.611+0000] {processor.py:161} INFO - Started process (PID=428) to work on /home/airflow/.local/lib/python3.8/site-packages/airflow/example_dags/tutorial_dag.py
[2023-12-19T14:22:08.612+0000] {processor.py:830} INFO - Processing file /home/airflow/.local/lib/python3.8/site-packages/airflow/example_dags/tutorial_dag.py for tasks to queue
[2023-12-19T14:22:08.617+0000] {logging_mixin.py:188} INFO - [2023-12-19T14:22:08.616+0000] {dagbag.py:538} INFO - Filling up the DagBag from /home/airflow/.local/lib/python3.8/site-packages/airflow/example_dags/tutorial_dag.py
[2023-12-19T14:22:08.629+0000] {processor.py:840} INFO - DAG(s) 'tutorial_dag' retrieved from /home/airflow/.local/lib/python3.8/site-packages/airflow/example_dags/tutorial_dag.py
[2023-12-19T14:22:08.671+0000] {logging_mixin.py:188} INFO - [2023-12-19T14:22:08.671+0000] {dag.py:3033} INFO - Sync 1 DAGs
[2023-12-19T14:22:08.698+0000] {logging_mixin.py:188} INFO - [2023-12-19T14:22:08.698+0000] {dag.py:3820} INFO - Setting next_dagrun for tutorial_dag to None, run_after=None
[2023-12-19T14:22:08.744+0000] {processor.py:183} INFO - Processing /home/airflow/.local/lib/python3.8/site-packages/airflow/example_dags/tutorial_dag.py took 0.141 seconds
[2023-12-19T14:23:18.544+0000] {processor.py:161} INFO - Started process (PID=42) to work on /home/airflow/.local/lib/python3.8/site-packages/airflow/example_dags/tutorial_dag.py
[2023-12-19T14:23:18.548+0000] {processor.py:830} INFO - Processing file /home/airflow/.local/lib/python3.8/site-packages/airflow/example_dags/tutorial_dag.py for tasks to queue
[2023-12-19T14:23:18.559+0000] {logging_mixin.py:188} INFO - [2023-12-19T14:23:18.558+0000] {dagbag.py:538} INFO - Filling up the DagBag from /home/airflow/.local/lib/python3.8/site-packages/airflow/example_dags/tutorial_dag.py
[2023-12-19T14:23:18.577+0000] {processor.py:840} INFO - DAG(s) 'tutorial_dag' retrieved from /home/airflow/.local/lib/python3.8/site-packages/airflow/example_dags/tutorial_dag.py
[2023-12-19T14:23:18.666+0000] {logging_mixin.py:188} INFO - [2023-12-19T14:23:18.666+0000] {dag.py:3033} INFO - Sync 1 DAGs
[2023-12-19T14:23:18.698+0000] {logging_mixin.py:188} INFO - [2023-12-19T14:23:18.698+0000] {dag.py:3820} INFO - Setting next_dagrun for tutorial_dag to None, run_after=None
[2023-12-19T14:23:18.765+0000] {processor.py:183} INFO - Processing /home/airflow/.local/lib/python3.8/site-packages/airflow/example_dags/tutorial_dag.py took 0.234 seconds
[2023-12-19T14:23:49.634+0000] {processor.py:161} INFO - Started process (PID=97) to work on /home/airflow/.local/lib/python3.8/site-packages/airflow/example_dags/tutorial_dag.py
[2023-12-19T14:23:49.649+0000] {processor.py:830} INFO - Processing file /home/airflow/.local/lib/python3.8/site-packages/airflow/example_dags/tutorial_dag.py for tasks to queue
[2023-12-19T14:23:49.654+0000] {logging_mixin.py:188} INFO - [2023-12-19T14:23:49.653+0000] {dagbag.py:538} INFO - Filling up the DagBag from /home/airflow/.local/lib/python3.8/site-packages/airflow/example_dags/tutorial_dag.py
[2023-12-19T14:23:49.692+0000] {processor.py:840} INFO - DAG(s) 'tutorial_dag' retrieved from /home/airflow/.local/lib/python3.8/site-packages/airflow/example_dags/tutorial_dag.py
[2023-12-19T14:23:49.808+0000] {logging_mixin.py:188} INFO - [2023-12-19T14:23:49.807+0000] {dag.py:3033} INFO - Sync 1 DAGs
[2023-12-19T14:23:49.903+0000] {logging_mixin.py:188} INFO - [2023-12-19T14:23:49.902+0000] {dag.py:3820} INFO - Setting next_dagrun for tutorial_dag to None, run_after=None
[2023-12-19T14:23:50.068+0000] {processor.py:183} INFO - Processing /home/airflow/.local/lib/python3.8/site-packages/airflow/example_dags/tutorial_dag.py took 0.449 seconds
[2023-12-19T14:25:13.300+0000] {processor.py:161} INFO - Started process (PID=48) to work on /home/airflow/.local/lib/python3.8/site-packages/airflow/example_dags/tutorial_dag.py
[2023-12-19T14:25:13.318+0000] {processor.py:830} INFO - Processing file /home/airflow/.local/lib/python3.8/site-packages/airflow/example_dags/tutorial_dag.py for tasks to queue
[2023-12-19T14:25:13.330+0000] {logging_mixin.py:188} INFO - [2023-12-19T14:25:13.322+0000] {dagbag.py:538} INFO - Filling up the DagBag from /home/airflow/.local/lib/python3.8/site-packages/airflow/example_dags/tutorial_dag.py
[2023-12-19T14:25:13.357+0000] {processor.py:840} INFO - DAG(s) 'tutorial_dag' retrieved from /home/airflow/.local/lib/python3.8/site-packages/airflow/example_dags/tutorial_dag.py
[2023-12-19T14:25:13.696+0000] {logging_mixin.py:188} INFO - [2023-12-19T14:25:13.695+0000] {dag.py:3033} INFO - Sync 1 DAGs
[2023-12-19T14:25:13.724+0000] {logging_mixin.py:188} INFO - [2023-12-19T14:25:13.724+0000] {dag.py:3820} INFO - Setting next_dagrun for tutorial_dag to None, run_after=None
[2023-12-19T14:25:13.839+0000] {processor.py:183} INFO - Processing /home/airflow/.local/lib/python3.8/site-packages/airflow/example_dags/tutorial_dag.py took 0.557 seconds
[2023-12-19T14:25:44.929+0000] {processor.py:161} INFO - Started process (PID=103) to work on /home/airflow/.local/lib/python3.8/site-packages/airflow/example_dags/tutorial_dag.py
[2023-12-19T14:25:44.931+0000] {processor.py:830} INFO - Processing file /home/airflow/.local/lib/python3.8/site-packages/airflow/example_dags/tutorial_dag.py for tasks to queue
[2023-12-19T14:25:44.939+0000] {logging_mixin.py:188} INFO - [2023-12-19T14:25:44.938+0000] {dagbag.py:538} INFO - Filling up the DagBag from /home/airflow/.local/lib/python3.8/site-packages/airflow/example_dags/tutorial_dag.py
[2023-12-19T14:25:44.954+0000] {processor.py:840} INFO - DAG(s) 'tutorial_dag' retrieved from /home/airflow/.local/lib/python3.8/site-packages/airflow/example_dags/tutorial_dag.py
[2023-12-19T14:25:44.999+0000] {logging_mixin.py:188} INFO - [2023-12-19T14:25:44.998+0000] {dag.py:3033} INFO - Sync 1 DAGs
[2023-12-19T14:25:45.029+0000] {logging_mixin.py:188} INFO - [2023-12-19T14:25:45.028+0000] {dag.py:3820} INFO - Setting next_dagrun for tutorial_dag to None, run_after=None
[2023-12-19T14:25:45.071+0000] {processor.py:183} INFO - Processing /home/airflow/.local/lib/python3.8/site-packages/airflow/example_dags/tutorial_dag.py took 0.148 seconds
[2023-12-19T14:26:15.559+0000] {processor.py:161} INFO - Started process (PID=157) to work on /home/airflow/.local/lib/python3.8/site-packages/airflow/example_dags/tutorial_dag.py
[2023-12-19T14:26:15.561+0000] {processor.py:830} INFO - Processing file /home/airflow/.local/lib/python3.8/site-packages/airflow/example_dags/tutorial_dag.py for tasks to queue
[2023-12-19T14:26:15.567+0000] {logging_mixin.py:188} INFO - [2023-12-19T14:26:15.566+0000] {dagbag.py:538} INFO - Filling up the DagBag from /home/airflow/.local/lib/python3.8/site-packages/airflow/example_dags/tutorial_dag.py
[2023-12-19T14:26:15.581+0000] {processor.py:840} INFO - DAG(s) 'tutorial_dag' retrieved from /home/airflow/.local/lib/python3.8/site-packages/airflow/example_dags/tutorial_dag.py
[2023-12-19T14:26:15.622+0000] {logging_mixin.py:188} INFO - [2023-12-19T14:26:15.621+0000] {dag.py:3033} INFO - Sync 1 DAGs
[2023-12-19T14:26:15.645+0000] {logging_mixin.py:188} INFO - [2023-12-19T14:26:15.645+0000] {dag.py:3820} INFO - Setting next_dagrun for tutorial_dag to None, run_after=None
[2023-12-19T14:26:15.685+0000] {processor.py:183} INFO - Processing /home/airflow/.local/lib/python3.8/site-packages/airflow/example_dags/tutorial_dag.py took 0.135 seconds
[2023-12-19T14:26:46.496+0000] {processor.py:161} INFO - Started process (PID=212) to work on /home/airflow/.local/lib/python3.8/site-packages/airflow/example_dags/tutorial_dag.py
[2023-12-19T14:26:46.499+0000] {processor.py:830} INFO - Processing file /home/airflow/.local/lib/python3.8/site-packages/airflow/example_dags/tutorial_dag.py for tasks to queue
[2023-12-19T14:26:46.503+0000] {logging_mixin.py:188} INFO - [2023-12-19T14:26:46.503+0000] {dagbag.py:538} INFO - Filling up the DagBag from /home/airflow/.local/lib/python3.8/site-packages/airflow/example_dags/tutorial_dag.py
[2023-12-19T14:26:46.515+0000] {processor.py:840} INFO - DAG(s) 'tutorial_dag' retrieved from /home/airflow/.local/lib/python3.8/site-packages/airflow/example_dags/tutorial_dag.py
[2023-12-19T14:26:46.553+0000] {logging_mixin.py:188} INFO - [2023-12-19T14:26:46.553+0000] {dag.py:3033} INFO - Sync 1 DAGs
[2023-12-19T14:26:46.576+0000] {logging_mixin.py:188} INFO - [2023-12-19T14:26:46.575+0000] {dag.py:3820} INFO - Setting next_dagrun for tutorial_dag to None, run_after=None
[2023-12-19T14:26:46.613+0000] {processor.py:183} INFO - Processing /home/airflow/.local/lib/python3.8/site-packages/airflow/example_dags/tutorial_dag.py took 0.124 seconds
[2023-12-19T14:27:17.333+0000] {processor.py:161} INFO - Started process (PID=267) to work on /home/airflow/.local/lib/python3.8/site-packages/airflow/example_dags/tutorial_dag.py
[2023-12-19T14:27:17.335+0000] {processor.py:830} INFO - Processing file /home/airflow/.local/lib/python3.8/site-packages/airflow/example_dags/tutorial_dag.py for tasks to queue
[2023-12-19T14:27:17.342+0000] {logging_mixin.py:188} INFO - [2023-12-19T14:27:17.341+0000] {dagbag.py:538} INFO - Filling up the DagBag from /home/airflow/.local/lib/python3.8/site-packages/airflow/example_dags/tutorial_dag.py
[2023-12-19T14:27:17.355+0000] {processor.py:840} INFO - DAG(s) 'tutorial_dag' retrieved from /home/airflow/.local/lib/python3.8/site-packages/airflow/example_dags/tutorial_dag.py
[2023-12-19T14:27:17.409+0000] {logging_mixin.py:188} INFO - [2023-12-19T14:27:17.407+0000] {dag.py:3033} INFO - Sync 1 DAGs
[2023-12-19T14:27:17.434+0000] {logging_mixin.py:188} INFO - [2023-12-19T14:27:17.434+0000] {dag.py:3820} INFO - Setting next_dagrun for tutorial_dag to None, run_after=None
[2023-12-19T14:27:17.475+0000] {processor.py:183} INFO - Processing /home/airflow/.local/lib/python3.8/site-packages/airflow/example_dags/tutorial_dag.py took 0.151 seconds
[2023-12-19T14:27:48.174+0000] {processor.py:161} INFO - Started process (PID=322) to work on /home/airflow/.local/lib/python3.8/site-packages/airflow/example_dags/tutorial_dag.py
[2023-12-19T14:27:48.177+0000] {processor.py:830} INFO - Processing file /home/airflow/.local/lib/python3.8/site-packages/airflow/example_dags/tutorial_dag.py for tasks to queue
[2023-12-19T14:27:48.201+0000] {logging_mixin.py:188} INFO - [2023-12-19T14:27:48.200+0000] {dagbag.py:538} INFO - Filling up the DagBag from /home/airflow/.local/lib/python3.8/site-packages/airflow/example_dags/tutorial_dag.py
[2023-12-19T14:27:48.232+0000] {processor.py:840} INFO - DAG(s) 'tutorial_dag' retrieved from /home/airflow/.local/lib/python3.8/site-packages/airflow/example_dags/tutorial_dag.py
[2023-12-19T14:27:48.295+0000] {logging_mixin.py:188} INFO - [2023-12-19T14:27:48.294+0000] {dag.py:3033} INFO - Sync 1 DAGs
[2023-12-19T14:27:48.329+0000] {logging_mixin.py:188} INFO - [2023-12-19T14:27:48.328+0000] {dag.py:3820} INFO - Setting next_dagrun for tutorial_dag to None, run_after=None
[2023-12-19T14:27:48.380+0000] {processor.py:183} INFO - Processing /home/airflow/.local/lib/python3.8/site-packages/airflow/example_dags/tutorial_dag.py took 0.215 seconds
[2023-12-19T14:28:18.703+0000] {processor.py:161} INFO - Started process (PID=377) to work on /home/airflow/.local/lib/python3.8/site-packages/airflow/example_dags/tutorial_dag.py
[2023-12-19T14:28:18.704+0000] {processor.py:830} INFO - Processing file /home/airflow/.local/lib/python3.8/site-packages/airflow/example_dags/tutorial_dag.py for tasks to queue
[2023-12-19T14:28:18.709+0000] {logging_mixin.py:188} INFO - [2023-12-19T14:28:18.708+0000] {dagbag.py:538} INFO - Filling up the DagBag from /home/airflow/.local/lib/python3.8/site-packages/airflow/example_dags/tutorial_dag.py
[2023-12-19T14:28:18.719+0000] {processor.py:840} INFO - DAG(s) 'tutorial_dag' retrieved from /home/airflow/.local/lib/python3.8/site-packages/airflow/example_dags/tutorial_dag.py
[2023-12-19T14:28:18.758+0000] {logging_mixin.py:188} INFO - [2023-12-19T14:28:18.758+0000] {dag.py:3033} INFO - Sync 1 DAGs
[2023-12-19T14:28:18.782+0000] {logging_mixin.py:188} INFO - [2023-12-19T14:28:18.782+0000] {dag.py:3820} INFO - Setting next_dagrun for tutorial_dag to None, run_after=None
[2023-12-19T14:28:18.818+0000] {processor.py:183} INFO - Processing /home/airflow/.local/lib/python3.8/site-packages/airflow/example_dags/tutorial_dag.py took 0.122 seconds
[2023-12-19T14:28:49.544+0000] {processor.py:161} INFO - Started process (PID=432) to work on /home/airflow/.local/lib/python3.8/site-packages/airflow/example_dags/tutorial_dag.py
[2023-12-19T14:28:49.548+0000] {processor.py:830} INFO - Processing file /home/airflow/.local/lib/python3.8/site-packages/airflow/example_dags/tutorial_dag.py for tasks to queue
[2023-12-19T14:28:49.554+0000] {logging_mixin.py:188} INFO - [2023-12-19T14:28:49.553+0000] {dagbag.py:538} INFO - Filling up the DagBag from /home/airflow/.local/lib/python3.8/site-packages/airflow/example_dags/tutorial_dag.py
[2023-12-19T14:28:49.568+0000] {processor.py:840} INFO - DAG(s) 'tutorial_dag' retrieved from /home/airflow/.local/lib/python3.8/site-packages/airflow/example_dags/tutorial_dag.py
[2023-12-19T14:28:49.649+0000] {logging_mixin.py:188} INFO - [2023-12-19T14:28:49.648+0000] {dag.py:3033} INFO - Sync 1 DAGs
[2023-12-19T14:28:49.685+0000] {logging_mixin.py:188} INFO - [2023-12-19T14:28:49.684+0000] {dag.py:3820} INFO - Setting next_dagrun for tutorial_dag to None, run_after=None
[2023-12-19T14:28:49.750+0000] {processor.py:183} INFO - Processing /home/airflow/.local/lib/python3.8/site-packages/airflow/example_dags/tutorial_dag.py took 0.214 seconds
[2023-12-19T14:29:20.246+0000] {processor.py:161} INFO - Started process (PID=485) to work on /home/airflow/.local/lib/python3.8/site-packages/airflow/example_dags/tutorial_dag.py
[2023-12-19T14:29:20.248+0000] {processor.py:830} INFO - Processing file /home/airflow/.local/lib/python3.8/site-packages/airflow/example_dags/tutorial_dag.py for tasks to queue
[2023-12-19T14:29:20.254+0000] {logging_mixin.py:188} INFO - [2023-12-19T14:29:20.253+0000] {dagbag.py:538} INFO - Filling up the DagBag from /home/airflow/.local/lib/python3.8/site-packages/airflow/example_dags/tutorial_dag.py
[2023-12-19T14:29:20.266+0000] {processor.py:840} INFO - DAG(s) 'tutorial_dag' retrieved from /home/airflow/.local/lib/python3.8/site-packages/airflow/example_dags/tutorial_dag.py
[2023-12-19T14:29:20.308+0000] {logging_mixin.py:188} INFO - [2023-12-19T14:29:20.307+0000] {dag.py:3033} INFO - Sync 1 DAGs
[2023-12-19T14:29:20.335+0000] {logging_mixin.py:188} INFO - [2023-12-19T14:29:20.334+0000] {dag.py:3820} INFO - Setting next_dagrun for tutorial_dag to None, run_after=None
[2023-12-19T14:29:20.375+0000] {processor.py:183} INFO - Processing /home/airflow/.local/lib/python3.8/site-packages/airflow/example_dags/tutorial_dag.py took 0.140 seconds
[2023-12-19T14:29:51.340+0000] {processor.py:161} INFO - Started process (PID=540) to work on /home/airflow/.local/lib/python3.8/site-packages/airflow/example_dags/tutorial_dag.py
[2023-12-19T14:29:51.345+0000] {processor.py:830} INFO - Processing file /home/airflow/.local/lib/python3.8/site-packages/airflow/example_dags/tutorial_dag.py for tasks to queue
[2023-12-19T14:29:51.357+0000] {logging_mixin.py:188} INFO - [2023-12-19T14:29:51.356+0000] {dagbag.py:538} INFO - Filling up the DagBag from /home/airflow/.local/lib/python3.8/site-packages/airflow/example_dags/tutorial_dag.py
[2023-12-19T14:29:51.401+0000] {processor.py:840} INFO - DAG(s) 'tutorial_dag' retrieved from /home/airflow/.local/lib/python3.8/site-packages/airflow/example_dags/tutorial_dag.py
[2023-12-19T14:29:51.473+0000] {logging_mixin.py:188} INFO - [2023-12-19T14:29:51.472+0000] {dag.py:3033} INFO - Sync 1 DAGs
[2023-12-19T14:29:51.524+0000] {logging_mixin.py:188} INFO - [2023-12-19T14:29:51.523+0000] {dag.py:3820} INFO - Setting next_dagrun for tutorial_dag to None, run_after=None
[2023-12-19T14:29:51.638+0000] {processor.py:183} INFO - Processing /home/airflow/.local/lib/python3.8/site-packages/airflow/example_dags/tutorial_dag.py took 0.309 seconds
[2023-12-19T14:30:22.365+0000] {processor.py:161} INFO - Started process (PID=595) to work on /home/airflow/.local/lib/python3.8/site-packages/airflow/example_dags/tutorial_dag.py
[2023-12-19T14:30:22.368+0000] {processor.py:830} INFO - Processing file /home/airflow/.local/lib/python3.8/site-packages/airflow/example_dags/tutorial_dag.py for tasks to queue
[2023-12-19T14:30:22.372+0000] {logging_mixin.py:188} INFO - [2023-12-19T14:30:22.372+0000] {dagbag.py:538} INFO - Filling up the DagBag from /home/airflow/.local/lib/python3.8/site-packages/airflow/example_dags/tutorial_dag.py
[2023-12-19T14:30:22.384+0000] {processor.py:840} INFO - DAG(s) 'tutorial_dag' retrieved from /home/airflow/.local/lib/python3.8/site-packages/airflow/example_dags/tutorial_dag.py
[2023-12-19T14:30:22.438+0000] {logging_mixin.py:188} INFO - [2023-12-19T14:30:22.438+0000] {dag.py:3033} INFO - Sync 1 DAGs
[2023-12-19T14:30:22.473+0000] {logging_mixin.py:188} INFO - [2023-12-19T14:30:22.472+0000] {dag.py:3820} INFO - Setting next_dagrun for tutorial_dag to None, run_after=None
[2023-12-19T14:30:22.548+0000] {processor.py:183} INFO - Processing /home/airflow/.local/lib/python3.8/site-packages/airflow/example_dags/tutorial_dag.py took 0.190 seconds
[2023-12-19T14:30:53.400+0000] {processor.py:161} INFO - Started process (PID=650) to work on /home/airflow/.local/lib/python3.8/site-packages/airflow/example_dags/tutorial_dag.py
[2023-12-19T14:30:53.404+0000] {processor.py:830} INFO - Processing file /home/airflow/.local/lib/python3.8/site-packages/airflow/example_dags/tutorial_dag.py for tasks to queue
[2023-12-19T14:30:53.413+0000] {logging_mixin.py:188} INFO - [2023-12-19T14:30:53.413+0000] {dagbag.py:538} INFO - Filling up the DagBag from /home/airflow/.local/lib/python3.8/site-packages/airflow/example_dags/tutorial_dag.py
[2023-12-19T14:30:53.445+0000] {processor.py:840} INFO - DAG(s) 'tutorial_dag' retrieved from /home/airflow/.local/lib/python3.8/site-packages/airflow/example_dags/tutorial_dag.py
[2023-12-19T14:30:53.684+0000] {logging_mixin.py:188} INFO - [2023-12-19T14:30:53.683+0000] {dag.py:3033} INFO - Sync 1 DAGs
[2023-12-19T14:30:53.877+0000] {logging_mixin.py:188} INFO - [2023-12-19T14:30:53.876+0000] {dag.py:3820} INFO - Setting next_dagrun for tutorial_dag to None, run_after=None
[2023-12-19T14:30:54.093+0000] {processor.py:183} INFO - Processing /home/airflow/.local/lib/python3.8/site-packages/airflow/example_dags/tutorial_dag.py took 0.703 seconds
[2023-12-19T14:31:25.074+0000] {processor.py:161} INFO - Started process (PID=704) to work on /home/airflow/.local/lib/python3.8/site-packages/airflow/example_dags/tutorial_dag.py
[2023-12-19T14:31:25.076+0000] {processor.py:830} INFO - Processing file /home/airflow/.local/lib/python3.8/site-packages/airflow/example_dags/tutorial_dag.py for tasks to queue
[2023-12-19T14:31:25.085+0000] {logging_mixin.py:188} INFO - [2023-12-19T14:31:25.084+0000] {dagbag.py:538} INFO - Filling up the DagBag from /home/airflow/.local/lib/python3.8/site-packages/airflow/example_dags/tutorial_dag.py
[2023-12-19T14:31:25.108+0000] {processor.py:840} INFO - DAG(s) 'tutorial_dag' retrieved from /home/airflow/.local/lib/python3.8/site-packages/airflow/example_dags/tutorial_dag.py
[2023-12-19T14:31:25.172+0000] {logging_mixin.py:188} INFO - [2023-12-19T14:31:25.172+0000] {dag.py:3033} INFO - Sync 1 DAGs
[2023-12-19T14:31:25.238+0000] {logging_mixin.py:188} INFO - [2023-12-19T14:31:25.237+0000] {dag.py:3820} INFO - Setting next_dagrun for tutorial_dag to None, run_after=None
[2023-12-19T14:31:25.324+0000] {processor.py:183} INFO - Processing /home/airflow/.local/lib/python3.8/site-packages/airflow/example_dags/tutorial_dag.py took 0.257 seconds
[2023-12-19T14:31:55.409+0000] {processor.py:161} INFO - Started process (PID=758) to work on /home/airflow/.local/lib/python3.8/site-packages/airflow/example_dags/tutorial_dag.py
[2023-12-19T14:31:55.410+0000] {processor.py:830} INFO - Processing file /home/airflow/.local/lib/python3.8/site-packages/airflow/example_dags/tutorial_dag.py for tasks to queue
[2023-12-19T14:31:55.414+0000] {logging_mixin.py:188} INFO - [2023-12-19T14:31:55.414+0000] {dagbag.py:538} INFO - Filling up the DagBag from /home/airflow/.local/lib/python3.8/site-packages/airflow/example_dags/tutorial_dag.py
[2023-12-19T14:31:55.425+0000] {processor.py:840} INFO - DAG(s) 'tutorial_dag' retrieved from /home/airflow/.local/lib/python3.8/site-packages/airflow/example_dags/tutorial_dag.py
[2023-12-19T14:31:55.464+0000] {logging_mixin.py:188} INFO - [2023-12-19T14:31:55.464+0000] {dag.py:3033} INFO - Sync 1 DAGs
[2023-12-19T14:31:55.494+0000] {logging_mixin.py:188} INFO - [2023-12-19T14:31:55.493+0000] {dag.py:3820} INFO - Setting next_dagrun for tutorial_dag to None, run_after=None
[2023-12-19T14:31:55.538+0000] {processor.py:183} INFO - Processing /home/airflow/.local/lib/python3.8/site-packages/airflow/example_dags/tutorial_dag.py took 0.135 seconds
[2023-12-19T14:32:26.000+0000] {processor.py:161} INFO - Started process (PID=813) to work on /home/airflow/.local/lib/python3.8/site-packages/airflow/example_dags/tutorial_dag.py
[2023-12-19T14:32:26.006+0000] {processor.py:830} INFO - Processing file /home/airflow/.local/lib/python3.8/site-packages/airflow/example_dags/tutorial_dag.py for tasks to queue
[2023-12-19T14:32:26.012+0000] {logging_mixin.py:188} INFO - [2023-12-19T14:32:26.011+0000] {dagbag.py:538} INFO - Filling up the DagBag from /home/airflow/.local/lib/python3.8/site-packages/airflow/example_dags/tutorial_dag.py
[2023-12-19T14:32:26.038+0000] {processor.py:840} INFO - DAG(s) 'tutorial_dag' retrieved from /home/airflow/.local/lib/python3.8/site-packages/airflow/example_dags/tutorial_dag.py
[2023-12-19T14:32:26.095+0000] {logging_mixin.py:188} INFO - [2023-12-19T14:32:26.094+0000] {dag.py:3033} INFO - Sync 1 DAGs
[2023-12-19T14:32:26.135+0000] {logging_mixin.py:188} INFO - [2023-12-19T14:32:26.135+0000] {dag.py:3820} INFO - Setting next_dagrun for tutorial_dag to None, run_after=None
[2023-12-19T14:32:26.201+0000] {processor.py:183} INFO - Processing /home/airflow/.local/lib/python3.8/site-packages/airflow/example_dags/tutorial_dag.py took 0.227 seconds
[2023-12-19T14:32:56.620+0000] {processor.py:161} INFO - Started process (PID=868) to work on /home/airflow/.local/lib/python3.8/site-packages/airflow/example_dags/tutorial_dag.py
[2023-12-19T14:32:56.622+0000] {processor.py:830} INFO - Processing file /home/airflow/.local/lib/python3.8/site-packages/airflow/example_dags/tutorial_dag.py for tasks to queue
[2023-12-19T14:32:56.629+0000] {logging_mixin.py:188} INFO - [2023-12-19T14:32:56.628+0000] {dagbag.py:538} INFO - Filling up the DagBag from /home/airflow/.local/lib/python3.8/site-packages/airflow/example_dags/tutorial_dag.py
[2023-12-19T14:32:56.645+0000] {processor.py:840} INFO - DAG(s) 'tutorial_dag' retrieved from /home/airflow/.local/lib/python3.8/site-packages/airflow/example_dags/tutorial_dag.py
[2023-12-19T14:32:56.703+0000] {logging_mixin.py:188} INFO - [2023-12-19T14:32:56.702+0000] {dag.py:3033} INFO - Sync 1 DAGs
[2023-12-19T14:32:56.743+0000] {logging_mixin.py:188} INFO - [2023-12-19T14:32:56.743+0000] {dag.py:3820} INFO - Setting next_dagrun for tutorial_dag to None, run_after=None
[2023-12-19T14:32:56.831+0000] {processor.py:183} INFO - Processing /home/airflow/.local/lib/python3.8/site-packages/airflow/example_dags/tutorial_dag.py took 0.219 seconds
[2023-12-19T14:33:27.065+0000] {processor.py:161} INFO - Started process (PID=923) to work on /home/airflow/.local/lib/python3.8/site-packages/airflow/example_dags/tutorial_dag.py
[2023-12-19T14:33:27.072+0000] {processor.py:830} INFO - Processing file /home/airflow/.local/lib/python3.8/site-packages/airflow/example_dags/tutorial_dag.py for tasks to queue
[2023-12-19T14:33:27.078+0000] {logging_mixin.py:188} INFO - [2023-12-19T14:33:27.077+0000] {dagbag.py:538} INFO - Filling up the DagBag from /home/airflow/.local/lib/python3.8/site-packages/airflow/example_dags/tutorial_dag.py
[2023-12-19T14:33:27.105+0000] {processor.py:840} INFO - DAG(s) 'tutorial_dag' retrieved from /home/airflow/.local/lib/python3.8/site-packages/airflow/example_dags/tutorial_dag.py
[2023-12-19T14:33:27.187+0000] {logging_mixin.py:188} INFO - [2023-12-19T14:33:27.186+0000] {dag.py:3033} INFO - Sync 1 DAGs
[2023-12-19T14:33:27.236+0000] {logging_mixin.py:188} INFO - [2023-12-19T14:33:27.236+0000] {dag.py:3820} INFO - Setting next_dagrun for tutorial_dag to None, run_after=None
[2023-12-19T14:33:27.295+0000] {processor.py:183} INFO - Processing /home/airflow/.local/lib/python3.8/site-packages/airflow/example_dags/tutorial_dag.py took 0.243 seconds
[2023-12-19T14:33:57.462+0000] {processor.py:161} INFO - Started process (PID=978) to work on /home/airflow/.local/lib/python3.8/site-packages/airflow/example_dags/tutorial_dag.py
[2023-12-19T14:33:57.466+0000] {processor.py:830} INFO - Processing file /home/airflow/.local/lib/python3.8/site-packages/airflow/example_dags/tutorial_dag.py for tasks to queue
[2023-12-19T14:33:57.474+0000] {logging_mixin.py:188} INFO - [2023-12-19T14:33:57.473+0000] {dagbag.py:538} INFO - Filling up the DagBag from /home/airflow/.local/lib/python3.8/site-packages/airflow/example_dags/tutorial_dag.py
[2023-12-19T14:33:57.497+0000] {processor.py:840} INFO - DAG(s) 'tutorial_dag' retrieved from /home/airflow/.local/lib/python3.8/site-packages/airflow/example_dags/tutorial_dag.py
[2023-12-19T14:33:57.614+0000] {logging_mixin.py:188} INFO - [2023-12-19T14:33:57.614+0000] {dag.py:3033} INFO - Sync 1 DAGs
[2023-12-19T14:33:57.658+0000] {logging_mixin.py:188} INFO - [2023-12-19T14:33:57.657+0000] {dag.py:3820} INFO - Setting next_dagrun for tutorial_dag to None, run_after=None
[2023-12-19T14:33:57.707+0000] {processor.py:183} INFO - Processing /home/airflow/.local/lib/python3.8/site-packages/airflow/example_dags/tutorial_dag.py took 0.256 seconds
[2023-12-19T14:34:28.148+0000] {processor.py:161} INFO - Started process (PID=1033) to work on /home/airflow/.local/lib/python3.8/site-packages/airflow/example_dags/tutorial_dag.py
[2023-12-19T14:34:28.150+0000] {processor.py:830} INFO - Processing file /home/airflow/.local/lib/python3.8/site-packages/airflow/example_dags/tutorial_dag.py for tasks to queue
[2023-12-19T14:34:28.162+0000] {logging_mixin.py:188} INFO - [2023-12-19T14:34:28.161+0000] {dagbag.py:538} INFO - Filling up the DagBag from /home/airflow/.local/lib/python3.8/site-packages/airflow/example_dags/tutorial_dag.py
[2023-12-19T14:34:28.178+0000] {processor.py:840} INFO - DAG(s) 'tutorial_dag' retrieved from /home/airflow/.local/lib/python3.8/site-packages/airflow/example_dags/tutorial_dag.py
[2023-12-19T14:34:28.238+0000] {logging_mixin.py:188} INFO - [2023-12-19T14:34:28.237+0000] {dag.py:3033} INFO - Sync 1 DAGs
[2023-12-19T14:34:28.264+0000] {logging_mixin.py:188} INFO - [2023-12-19T14:34:28.264+0000] {dag.py:3820} INFO - Setting next_dagrun for tutorial_dag to None, run_after=None
[2023-12-19T14:34:28.307+0000] {processor.py:183} INFO - Processing /home/airflow/.local/lib/python3.8/site-packages/airflow/example_dags/tutorial_dag.py took 0.170 seconds
[2023-12-19T14:34:58.489+0000] {processor.py:161} INFO - Started process (PID=1087) to work on /home/airflow/.local/lib/python3.8/site-packages/airflow/example_dags/tutorial_dag.py
[2023-12-19T14:34:58.493+0000] {processor.py:830} INFO - Processing file /home/airflow/.local/lib/python3.8/site-packages/airflow/example_dags/tutorial_dag.py for tasks to queue
[2023-12-19T14:34:58.499+0000] {logging_mixin.py:188} INFO - [2023-12-19T14:34:58.498+0000] {dagbag.py:538} INFO - Filling up the DagBag from /home/airflow/.local/lib/python3.8/site-packages/airflow/example_dags/tutorial_dag.py
[2023-12-19T14:34:58.516+0000] {processor.py:840} INFO - DAG(s) 'tutorial_dag' retrieved from /home/airflow/.local/lib/python3.8/site-packages/airflow/example_dags/tutorial_dag.py
[2023-12-19T14:34:58.609+0000] {logging_mixin.py:188} INFO - [2023-12-19T14:34:58.608+0000] {dag.py:3033} INFO - Sync 1 DAGs
[2023-12-19T14:34:58.644+0000] {logging_mixin.py:188} INFO - [2023-12-19T14:34:58.643+0000] {dag.py:3820} INFO - Setting next_dagrun for tutorial_dag to None, run_after=None
[2023-12-19T14:34:58.724+0000] {processor.py:183} INFO - Processing /home/airflow/.local/lib/python3.8/site-packages/airflow/example_dags/tutorial_dag.py took 0.244 seconds
[2023-12-19T14:35:29.626+0000] {processor.py:161} INFO - Started process (PID=1142) to work on /home/airflow/.local/lib/python3.8/site-packages/airflow/example_dags/tutorial_dag.py
[2023-12-19T14:35:29.627+0000] {processor.py:830} INFO - Processing file /home/airflow/.local/lib/python3.8/site-packages/airflow/example_dags/tutorial_dag.py for tasks to queue
[2023-12-19T14:35:29.630+0000] {logging_mixin.py:188} INFO - [2023-12-19T14:35:29.630+0000] {dagbag.py:538} INFO - Filling up the DagBag from /home/airflow/.local/lib/python3.8/site-packages/airflow/example_dags/tutorial_dag.py
[2023-12-19T14:35:29.639+0000] {processor.py:840} INFO - DAG(s) 'tutorial_dag' retrieved from /home/airflow/.local/lib/python3.8/site-packages/airflow/example_dags/tutorial_dag.py
[2023-12-19T14:35:29.679+0000] {logging_mixin.py:188} INFO - [2023-12-19T14:35:29.678+0000] {dag.py:3033} INFO - Sync 1 DAGs
[2023-12-19T14:35:29.702+0000] {logging_mixin.py:188} INFO - [2023-12-19T14:35:29.702+0000] {dag.py:3820} INFO - Setting next_dagrun for tutorial_dag to None, run_after=None
[2023-12-19T14:35:29.739+0000] {processor.py:183} INFO - Processing /home/airflow/.local/lib/python3.8/site-packages/airflow/example_dags/tutorial_dag.py took 0.118 seconds
[2023-12-19T14:36:00.194+0000] {processor.py:161} INFO - Started process (PID=1196) to work on /home/airflow/.local/lib/python3.8/site-packages/airflow/example_dags/tutorial_dag.py
[2023-12-19T14:36:00.195+0000] {processor.py:830} INFO - Processing file /home/airflow/.local/lib/python3.8/site-packages/airflow/example_dags/tutorial_dag.py for tasks to queue
[2023-12-19T14:36:00.199+0000] {logging_mixin.py:188} INFO - [2023-12-19T14:36:00.198+0000] {dagbag.py:538} INFO - Filling up the DagBag from /home/airflow/.local/lib/python3.8/site-packages/airflow/example_dags/tutorial_dag.py
[2023-12-19T14:36:00.208+0000] {processor.py:840} INFO - DAG(s) 'tutorial_dag' retrieved from /home/airflow/.local/lib/python3.8/site-packages/airflow/example_dags/tutorial_dag.py
[2023-12-19T14:36:00.248+0000] {logging_mixin.py:188} INFO - [2023-12-19T14:36:00.248+0000] {dag.py:3033} INFO - Sync 1 DAGs
[2023-12-19T14:36:00.273+0000] {logging_mixin.py:188} INFO - [2023-12-19T14:36:00.272+0000] {dag.py:3820} INFO - Setting next_dagrun for tutorial_dag to None, run_after=None
[2023-12-19T14:36:00.304+0000] {processor.py:183} INFO - Processing /home/airflow/.local/lib/python3.8/site-packages/airflow/example_dags/tutorial_dag.py took 0.116 seconds
[2023-12-19T14:36:30.902+0000] {processor.py:161} INFO - Started process (PID=1251) to work on /home/airflow/.local/lib/python3.8/site-packages/airflow/example_dags/tutorial_dag.py
[2023-12-19T14:36:30.903+0000] {processor.py:830} INFO - Processing file /home/airflow/.local/lib/python3.8/site-packages/airflow/example_dags/tutorial_dag.py for tasks to queue
[2023-12-19T14:36:30.906+0000] {logging_mixin.py:188} INFO - [2023-12-19T14:36:30.906+0000] {dagbag.py:538} INFO - Filling up the DagBag from /home/airflow/.local/lib/python3.8/site-packages/airflow/example_dags/tutorial_dag.py
[2023-12-19T14:36:30.912+0000] {processor.py:840} INFO - DAG(s) 'tutorial_dag' retrieved from /home/airflow/.local/lib/python3.8/site-packages/airflow/example_dags/tutorial_dag.py
[2023-12-19T14:36:30.939+0000] {logging_mixin.py:188} INFO - [2023-12-19T14:36:30.939+0000] {dag.py:3033} INFO - Sync 1 DAGs
[2023-12-19T14:36:30.956+0000] {logging_mixin.py:188} INFO - [2023-12-19T14:36:30.955+0000] {dag.py:3820} INFO - Setting next_dagrun for tutorial_dag to None, run_after=None
[2023-12-19T14:36:30.983+0000] {processor.py:183} INFO - Processing /home/airflow/.local/lib/python3.8/site-packages/airflow/example_dags/tutorial_dag.py took 0.085 seconds
[2023-12-19T14:37:01.903+0000] {processor.py:161} INFO - Started process (PID=1306) to work on /home/airflow/.local/lib/python3.8/site-packages/airflow/example_dags/tutorial_dag.py
[2023-12-19T14:37:01.907+0000] {processor.py:830} INFO - Processing file /home/airflow/.local/lib/python3.8/site-packages/airflow/example_dags/tutorial_dag.py for tasks to queue
[2023-12-19T14:37:01.911+0000] {logging_mixin.py:188} INFO - [2023-12-19T14:37:01.911+0000] {dagbag.py:538} INFO - Filling up the DagBag from /home/airflow/.local/lib/python3.8/site-packages/airflow/example_dags/tutorial_dag.py
[2023-12-19T14:37:01.923+0000] {processor.py:840} INFO - DAG(s) 'tutorial_dag' retrieved from /home/airflow/.local/lib/python3.8/site-packages/airflow/example_dags/tutorial_dag.py
[2023-12-19T14:37:01.963+0000] {logging_mixin.py:188} INFO - [2023-12-19T14:37:01.963+0000] {dag.py:3033} INFO - Sync 1 DAGs
[2023-12-19T14:37:01.999+0000] {logging_mixin.py:188} INFO - [2023-12-19T14:37:01.999+0000] {dag.py:3820} INFO - Setting next_dagrun for tutorial_dag to None, run_after=None
[2023-12-19T14:37:02.038+0000] {processor.py:183} INFO - Processing /home/airflow/.local/lib/python3.8/site-packages/airflow/example_dags/tutorial_dag.py took 0.141 seconds
