[2023-12-19T14:13:55.191+0000] {processor.py:161} INFO - Started process (PID=39) to work on /home/airflow/.local/lib/python3.8/site-packages/airflow/example_dags/tutorial_taskflow_api.py
[2023-12-19T14:13:55.193+0000] {processor.py:830} INFO - Processing file /home/airflow/.local/lib/python3.8/site-packages/airflow/example_dags/tutorial_taskflow_api.py for tasks to queue
[2023-12-19T14:13:55.197+0000] {logging_mixin.py:188} INFO - [2023-12-19T14:13:55.196+0000] {dagbag.py:538} INFO - Filling up the DagBag from /home/airflow/.local/lib/python3.8/site-packages/airflow/example_dags/tutorial_taskflow_api.py
[2023-12-19T14:13:55.221+0000] {processor.py:840} INFO - DAG(s) 'tutorial_taskflow_api' retrieved from /home/airflow/.local/lib/python3.8/site-packages/airflow/example_dags/tutorial_taskflow_api.py
[2023-12-19T14:13:56.368+0000] {logging_mixin.py:188} INFO - [2023-12-19T14:13:56.367+0000] {dag.py:3033} INFO - Sync 1 DAGs
[2023-12-19T14:13:56.415+0000] {logging_mixin.py:188} INFO - [2023-12-19T14:13:56.415+0000] {dag.py:3820} INFO - Setting next_dagrun for tutorial_taskflow_api to None, run_after=None
[2023-12-19T14:13:56.553+0000] {processor.py:183} INFO - Processing /home/airflow/.local/lib/python3.8/site-packages/airflow/example_dags/tutorial_taskflow_api.py took 1.370 seconds
[2023-12-19T14:14:29.333+0000] {processor.py:161} INFO - Started process (PID=94) to work on /home/airflow/.local/lib/python3.8/site-packages/airflow/example_dags/tutorial_taskflow_api.py
[2023-12-19T14:14:29.343+0000] {processor.py:830} INFO - Processing file /home/airflow/.local/lib/python3.8/site-packages/airflow/example_dags/tutorial_taskflow_api.py for tasks to queue
[2023-12-19T14:14:29.355+0000] {logging_mixin.py:188} INFO - [2023-12-19T14:14:29.351+0000] {dagbag.py:538} INFO - Filling up the DagBag from /home/airflow/.local/lib/python3.8/site-packages/airflow/example_dags/tutorial_taskflow_api.py
[2023-12-19T14:14:29.410+0000] {processor.py:840} INFO - DAG(s) 'tutorial_taskflow_api' retrieved from /home/airflow/.local/lib/python3.8/site-packages/airflow/example_dags/tutorial_taskflow_api.py
[2023-12-19T14:14:29.657+0000] {logging_mixin.py:188} INFO - [2023-12-19T14:14:29.656+0000] {dag.py:3033} INFO - Sync 1 DAGs
[2023-12-19T14:14:29.801+0000] {logging_mixin.py:188} INFO - [2023-12-19T14:14:29.801+0000] {dag.py:3820} INFO - Setting next_dagrun for tutorial_taskflow_api to None, run_after=None
[2023-12-19T14:14:29.915+0000] {processor.py:183} INFO - Processing /home/airflow/.local/lib/python3.8/site-packages/airflow/example_dags/tutorial_taskflow_api.py took 0.610 seconds
[2023-12-19T14:15:00.564+0000] {processor.py:161} INFO - Started process (PID=147) to work on /home/airflow/.local/lib/python3.8/site-packages/airflow/example_dags/tutorial_taskflow_api.py
[2023-12-19T14:15:00.567+0000] {processor.py:830} INFO - Processing file /home/airflow/.local/lib/python3.8/site-packages/airflow/example_dags/tutorial_taskflow_api.py for tasks to queue
[2023-12-19T14:15:00.579+0000] {logging_mixin.py:188} INFO - [2023-12-19T14:15:00.574+0000] {dagbag.py:538} INFO - Filling up the DagBag from /home/airflow/.local/lib/python3.8/site-packages/airflow/example_dags/tutorial_taskflow_api.py
[2023-12-19T14:15:00.606+0000] {processor.py:840} INFO - DAG(s) 'tutorial_taskflow_api' retrieved from /home/airflow/.local/lib/python3.8/site-packages/airflow/example_dags/tutorial_taskflow_api.py
[2023-12-19T14:15:01.184+0000] {logging_mixin.py:188} INFO - [2023-12-19T14:15:01.180+0000] {dag.py:3033} INFO - Sync 1 DAGs
[2023-12-19T14:15:01.494+0000] {logging_mixin.py:188} INFO - [2023-12-19T14:15:01.494+0000] {dag.py:3820} INFO - Setting next_dagrun for tutorial_taskflow_api to None, run_after=None
[2023-12-19T14:15:01.881+0000] {processor.py:183} INFO - Processing /home/airflow/.local/lib/python3.8/site-packages/airflow/example_dags/tutorial_taskflow_api.py took 1.381 seconds
[2023-12-19T14:15:46.221+0000] {processor.py:161} INFO - Started process (PID=189) to work on /home/airflow/.local/lib/python3.8/site-packages/airflow/example_dags/tutorial_taskflow_api.py
[2023-12-19T14:15:46.229+0000] {processor.py:830} INFO - Processing file /home/airflow/.local/lib/python3.8/site-packages/airflow/example_dags/tutorial_taskflow_api.py for tasks to queue
[2023-12-19T14:15:46.257+0000] {logging_mixin.py:188} INFO - [2023-12-19T14:15:46.245+0000] {dagbag.py:538} INFO - Filling up the DagBag from /home/airflow/.local/lib/python3.8/site-packages/airflow/example_dags/tutorial_taskflow_api.py
[2023-12-19T14:15:46.293+0000] {processor.py:840} INFO - DAG(s) 'tutorial_taskflow_api' retrieved from /home/airflow/.local/lib/python3.8/site-packages/airflow/example_dags/tutorial_taskflow_api.py
[2023-12-19T14:15:46.973+0000] {logging_mixin.py:188} INFO - [2023-12-19T14:15:46.889+0000] {dag.py:3033} INFO - Sync 1 DAGs
[2023-12-19T14:15:47.013+0000] {logging_mixin.py:188} INFO - [2023-12-19T14:15:47.012+0000] {dag.py:3820} INFO - Setting next_dagrun for tutorial_taskflow_api to None, run_after=None
[2023-12-19T14:15:47.703+0000] {processor.py:183} INFO - Processing /home/airflow/.local/lib/python3.8/site-packages/airflow/example_dags/tutorial_taskflow_api.py took 1.508 seconds
[2023-12-19T14:18:30.154+0000] {processor.py:161} INFO - Started process (PID=31) to work on /home/airflow/.local/lib/python3.8/site-packages/airflow/example_dags/tutorial_taskflow_api.py
[2023-12-19T14:18:30.173+0000] {processor.py:830} INFO - Processing file /home/airflow/.local/lib/python3.8/site-packages/airflow/example_dags/tutorial_taskflow_api.py for tasks to queue
[2023-12-19T14:18:30.178+0000] {logging_mixin.py:188} INFO - [2023-12-19T14:18:30.178+0000] {dagbag.py:538} INFO - Filling up the DagBag from /home/airflow/.local/lib/python3.8/site-packages/airflow/example_dags/tutorial_taskflow_api.py
[2023-12-19T14:18:30.212+0000] {processor.py:840} INFO - DAG(s) 'tutorial_taskflow_api' retrieved from /home/airflow/.local/lib/python3.8/site-packages/airflow/example_dags/tutorial_taskflow_api.py
[2023-12-19T14:18:30.357+0000] {logging_mixin.py:188} INFO - [2023-12-19T14:18:30.356+0000] {dag.py:3033} INFO - Sync 1 DAGs
[2023-12-19T14:18:30.388+0000] {logging_mixin.py:188} INFO - [2023-12-19T14:18:30.387+0000] {dag.py:3820} INFO - Setting next_dagrun for tutorial_taskflow_api to None, run_after=None
[2023-12-19T14:18:30.437+0000] {processor.py:183} INFO - Processing /home/airflow/.local/lib/python3.8/site-packages/airflow/example_dags/tutorial_taskflow_api.py took 0.292 seconds
[2023-12-19T14:19:01.192+0000] {processor.py:161} INFO - Started process (PID=86) to work on /home/airflow/.local/lib/python3.8/site-packages/airflow/example_dags/tutorial_taskflow_api.py
[2023-12-19T14:19:01.199+0000] {processor.py:830} INFO - Processing file /home/airflow/.local/lib/python3.8/site-packages/airflow/example_dags/tutorial_taskflow_api.py for tasks to queue
[2023-12-19T14:19:01.221+0000] {logging_mixin.py:188} INFO - [2023-12-19T14:19:01.220+0000] {dagbag.py:538} INFO - Filling up the DagBag from /home/airflow/.local/lib/python3.8/site-packages/airflow/example_dags/tutorial_taskflow_api.py
[2023-12-19T14:19:01.302+0000] {processor.py:840} INFO - DAG(s) 'tutorial_taskflow_api' retrieved from /home/airflow/.local/lib/python3.8/site-packages/airflow/example_dags/tutorial_taskflow_api.py
[2023-12-19T14:19:01.629+0000] {logging_mixin.py:188} INFO - [2023-12-19T14:19:01.628+0000] {dag.py:3033} INFO - Sync 1 DAGs
[2023-12-19T14:19:01.786+0000] {logging_mixin.py:188} INFO - [2023-12-19T14:19:01.785+0000] {dag.py:3820} INFO - Setting next_dagrun for tutorial_taskflow_api to None, run_after=None
[2023-12-19T14:19:02.098+0000] {processor.py:183} INFO - Processing /home/airflow/.local/lib/python3.8/site-packages/airflow/example_dags/tutorial_taskflow_api.py took 0.943 seconds
[2023-12-19T14:19:32.667+0000] {processor.py:161} INFO - Started process (PID=148) to work on /home/airflow/.local/lib/python3.8/site-packages/airflow/example_dags/tutorial_taskflow_api.py
[2023-12-19T14:19:32.671+0000] {processor.py:830} INFO - Processing file /home/airflow/.local/lib/python3.8/site-packages/airflow/example_dags/tutorial_taskflow_api.py for tasks to queue
[2023-12-19T14:19:32.689+0000] {logging_mixin.py:188} INFO - [2023-12-19T14:19:32.688+0000] {dagbag.py:538} INFO - Filling up the DagBag from /home/airflow/.local/lib/python3.8/site-packages/airflow/example_dags/tutorial_taskflow_api.py
[2023-12-19T14:19:32.711+0000] {processor.py:840} INFO - DAG(s) 'tutorial_taskflow_api' retrieved from /home/airflow/.local/lib/python3.8/site-packages/airflow/example_dags/tutorial_taskflow_api.py
[2023-12-19T14:19:32.836+0000] {logging_mixin.py:188} INFO - [2023-12-19T14:19:32.835+0000] {dag.py:3033} INFO - Sync 1 DAGs
[2023-12-19T14:19:32.948+0000] {logging_mixin.py:188} INFO - [2023-12-19T14:19:32.947+0000] {dag.py:3820} INFO - Setting next_dagrun for tutorial_taskflow_api to None, run_after=None
[2023-12-19T14:19:33.034+0000] {processor.py:183} INFO - Processing /home/airflow/.local/lib/python3.8/site-packages/airflow/example_dags/tutorial_taskflow_api.py took 0.388 seconds
[2023-12-19T14:20:03.301+0000] {processor.py:161} INFO - Started process (PID=203) to work on /home/airflow/.local/lib/python3.8/site-packages/airflow/example_dags/tutorial_taskflow_api.py
[2023-12-19T14:20:03.303+0000] {processor.py:830} INFO - Processing file /home/airflow/.local/lib/python3.8/site-packages/airflow/example_dags/tutorial_taskflow_api.py for tasks to queue
[2023-12-19T14:20:03.310+0000] {logging_mixin.py:188} INFO - [2023-12-19T14:20:03.309+0000] {dagbag.py:538} INFO - Filling up the DagBag from /home/airflow/.local/lib/python3.8/site-packages/airflow/example_dags/tutorial_taskflow_api.py
[2023-12-19T14:20:03.323+0000] {processor.py:840} INFO - DAG(s) 'tutorial_taskflow_api' retrieved from /home/airflow/.local/lib/python3.8/site-packages/airflow/example_dags/tutorial_taskflow_api.py
[2023-12-19T14:20:03.369+0000] {logging_mixin.py:188} INFO - [2023-12-19T14:20:03.369+0000] {dag.py:3033} INFO - Sync 1 DAGs
[2023-12-19T14:20:03.400+0000] {logging_mixin.py:188} INFO - [2023-12-19T14:20:03.399+0000] {dag.py:3820} INFO - Setting next_dagrun for tutorial_taskflow_api to None, run_after=None
[2023-12-19T14:20:03.452+0000] {processor.py:183} INFO - Processing /home/airflow/.local/lib/python3.8/site-packages/airflow/example_dags/tutorial_taskflow_api.py took 0.158 seconds
[2023-12-19T14:20:33.996+0000] {processor.py:161} INFO - Started process (PID=259) to work on /home/airflow/.local/lib/python3.8/site-packages/airflow/example_dags/tutorial_taskflow_api.py
[2023-12-19T14:20:34.014+0000] {processor.py:830} INFO - Processing file /home/airflow/.local/lib/python3.8/site-packages/airflow/example_dags/tutorial_taskflow_api.py for tasks to queue
[2023-12-19T14:20:34.034+0000] {logging_mixin.py:188} INFO - [2023-12-19T14:20:34.033+0000] {dagbag.py:538} INFO - Filling up the DagBag from /home/airflow/.local/lib/python3.8/site-packages/airflow/example_dags/tutorial_taskflow_api.py
[2023-12-19T14:20:34.110+0000] {processor.py:840} INFO - DAG(s) 'tutorial_taskflow_api' retrieved from /home/airflow/.local/lib/python3.8/site-packages/airflow/example_dags/tutorial_taskflow_api.py
[2023-12-19T14:20:34.297+0000] {logging_mixin.py:188} INFO - [2023-12-19T14:20:34.296+0000] {dag.py:3033} INFO - Sync 1 DAGs
[2023-12-19T14:20:34.503+0000] {logging_mixin.py:188} INFO - [2023-12-19T14:20:34.502+0000] {dag.py:3820} INFO - Setting next_dagrun for tutorial_taskflow_api to None, run_after=None
[2023-12-19T14:20:34.668+0000] {processor.py:183} INFO - Processing /home/airflow/.local/lib/python3.8/site-packages/airflow/example_dags/tutorial_taskflow_api.py took 0.721 seconds
[2023-12-19T14:21:04.957+0000] {processor.py:161} INFO - Started process (PID=313) to work on /home/airflow/.local/lib/python3.8/site-packages/airflow/example_dags/tutorial_taskflow_api.py
[2023-12-19T14:21:04.963+0000] {processor.py:830} INFO - Processing file /home/airflow/.local/lib/python3.8/site-packages/airflow/example_dags/tutorial_taskflow_api.py for tasks to queue
[2023-12-19T14:21:04.972+0000] {logging_mixin.py:188} INFO - [2023-12-19T14:21:04.971+0000] {dagbag.py:538} INFO - Filling up the DagBag from /home/airflow/.local/lib/python3.8/site-packages/airflow/example_dags/tutorial_taskflow_api.py
[2023-12-19T14:21:04.990+0000] {processor.py:840} INFO - DAG(s) 'tutorial_taskflow_api' retrieved from /home/airflow/.local/lib/python3.8/site-packages/airflow/example_dags/tutorial_taskflow_api.py
[2023-12-19T14:21:05.074+0000] {logging_mixin.py:188} INFO - [2023-12-19T14:21:05.074+0000] {dag.py:3033} INFO - Sync 1 DAGs
[2023-12-19T14:21:05.155+0000] {logging_mixin.py:188} INFO - [2023-12-19T14:21:05.155+0000] {dag.py:3820} INFO - Setting next_dagrun for tutorial_taskflow_api to None, run_after=None
[2023-12-19T14:21:05.240+0000] {processor.py:183} INFO - Processing /home/airflow/.local/lib/python3.8/site-packages/airflow/example_dags/tutorial_taskflow_api.py took 0.292 seconds
[2023-12-19T14:21:35.323+0000] {processor.py:161} INFO - Started process (PID=367) to work on /home/airflow/.local/lib/python3.8/site-packages/airflow/example_dags/tutorial_taskflow_api.py
[2023-12-19T14:21:35.327+0000] {processor.py:830} INFO - Processing file /home/airflow/.local/lib/python3.8/site-packages/airflow/example_dags/tutorial_taskflow_api.py for tasks to queue
[2023-12-19T14:21:35.334+0000] {logging_mixin.py:188} INFO - [2023-12-19T14:21:35.333+0000] {dagbag.py:538} INFO - Filling up the DagBag from /home/airflow/.local/lib/python3.8/site-packages/airflow/example_dags/tutorial_taskflow_api.py
[2023-12-19T14:21:35.351+0000] {processor.py:840} INFO - DAG(s) 'tutorial_taskflow_api' retrieved from /home/airflow/.local/lib/python3.8/site-packages/airflow/example_dags/tutorial_taskflow_api.py
[2023-12-19T14:21:35.424+0000] {logging_mixin.py:188} INFO - [2023-12-19T14:21:35.423+0000] {dag.py:3033} INFO - Sync 1 DAGs
[2023-12-19T14:21:35.477+0000] {logging_mixin.py:188} INFO - [2023-12-19T14:21:35.476+0000] {dag.py:3820} INFO - Setting next_dagrun for tutorial_taskflow_api to None, run_after=None
[2023-12-19T14:21:35.623+0000] {processor.py:183} INFO - Processing /home/airflow/.local/lib/python3.8/site-packages/airflow/example_dags/tutorial_taskflow_api.py took 0.309 seconds
[2023-12-19T14:22:05.813+0000] {processor.py:161} INFO - Started process (PID=420) to work on /home/airflow/.local/lib/python3.8/site-packages/airflow/example_dags/tutorial_taskflow_api.py
[2023-12-19T14:22:05.816+0000] {processor.py:830} INFO - Processing file /home/airflow/.local/lib/python3.8/site-packages/airflow/example_dags/tutorial_taskflow_api.py for tasks to queue
[2023-12-19T14:22:05.820+0000] {logging_mixin.py:188} INFO - [2023-12-19T14:22:05.820+0000] {dagbag.py:538} INFO - Filling up the DagBag from /home/airflow/.local/lib/python3.8/site-packages/airflow/example_dags/tutorial_taskflow_api.py
[2023-12-19T14:22:05.839+0000] {processor.py:840} INFO - DAG(s) 'tutorial_taskflow_api' retrieved from /home/airflow/.local/lib/python3.8/site-packages/airflow/example_dags/tutorial_taskflow_api.py
[2023-12-19T14:22:05.888+0000] {logging_mixin.py:188} INFO - [2023-12-19T14:22:05.887+0000] {dag.py:3033} INFO - Sync 1 DAGs
[2023-12-19T14:22:05.923+0000] {logging_mixin.py:188} INFO - [2023-12-19T14:22:05.922+0000] {dag.py:3820} INFO - Setting next_dagrun for tutorial_taskflow_api to None, run_after=None
[2023-12-19T14:22:05.971+0000] {processor.py:183} INFO - Processing /home/airflow/.local/lib/python3.8/site-packages/airflow/example_dags/tutorial_taskflow_api.py took 0.166 seconds
[2023-12-19T14:22:36.445+0000] {processor.py:161} INFO - Started process (PID=475) to work on /home/airflow/.local/lib/python3.8/site-packages/airflow/example_dags/tutorial_taskflow_api.py
[2023-12-19T14:22:36.447+0000] {processor.py:830} INFO - Processing file /home/airflow/.local/lib/python3.8/site-packages/airflow/example_dags/tutorial_taskflow_api.py for tasks to queue
[2023-12-19T14:22:36.452+0000] {logging_mixin.py:188} INFO - [2023-12-19T14:22:36.452+0000] {dagbag.py:538} INFO - Filling up the DagBag from /home/airflow/.local/lib/python3.8/site-packages/airflow/example_dags/tutorial_taskflow_api.py
[2023-12-19T14:22:36.467+0000] {processor.py:840} INFO - DAG(s) 'tutorial_taskflow_api' retrieved from /home/airflow/.local/lib/python3.8/site-packages/airflow/example_dags/tutorial_taskflow_api.py
[2023-12-19T14:22:36.503+0000] {logging_mixin.py:188} INFO - [2023-12-19T14:22:36.502+0000] {dag.py:3033} INFO - Sync 1 DAGs
[2023-12-19T14:22:36.526+0000] {logging_mixin.py:188} INFO - [2023-12-19T14:22:36.526+0000] {dag.py:3820} INFO - Setting next_dagrun for tutorial_taskflow_api to None, run_after=None
[2023-12-19T14:22:36.585+0000] {processor.py:183} INFO - Processing /home/airflow/.local/lib/python3.8/site-packages/airflow/example_dags/tutorial_taskflow_api.py took 0.148 seconds
[2023-12-19T14:23:17.283+0000] {processor.py:161} INFO - Started process (PID=37) to work on /home/airflow/.local/lib/python3.8/site-packages/airflow/example_dags/tutorial_taskflow_api.py
[2023-12-19T14:23:17.285+0000] {processor.py:830} INFO - Processing file /home/airflow/.local/lib/python3.8/site-packages/airflow/example_dags/tutorial_taskflow_api.py for tasks to queue
[2023-12-19T14:23:17.291+0000] {logging_mixin.py:188} INFO - [2023-12-19T14:23:17.290+0000] {dagbag.py:538} INFO - Filling up the DagBag from /home/airflow/.local/lib/python3.8/site-packages/airflow/example_dags/tutorial_taskflow_api.py
[2023-12-19T14:23:17.398+0000] {processor.py:840} INFO - DAG(s) 'tutorial_taskflow_api' retrieved from /home/airflow/.local/lib/python3.8/site-packages/airflow/example_dags/tutorial_taskflow_api.py
[2023-12-19T14:23:17.568+0000] {logging_mixin.py:188} INFO - [2023-12-19T14:23:17.567+0000] {dag.py:3033} INFO - Sync 1 DAGs
[2023-12-19T14:23:17.651+0000] {logging_mixin.py:188} INFO - [2023-12-19T14:23:17.650+0000] {dag.py:3820} INFO - Setting next_dagrun for tutorial_taskflow_api to None, run_after=None
[2023-12-19T14:23:17.705+0000] {processor.py:183} INFO - Processing /home/airflow/.local/lib/python3.8/site-packages/airflow/example_dags/tutorial_taskflow_api.py took 0.429 seconds
[2023-12-19T14:23:48.223+0000] {processor.py:161} INFO - Started process (PID=92) to work on /home/airflow/.local/lib/python3.8/site-packages/airflow/example_dags/tutorial_taskflow_api.py
[2023-12-19T14:23:48.227+0000] {processor.py:830} INFO - Processing file /home/airflow/.local/lib/python3.8/site-packages/airflow/example_dags/tutorial_taskflow_api.py for tasks to queue
[2023-12-19T14:23:48.249+0000] {logging_mixin.py:188} INFO - [2023-12-19T14:23:48.243+0000] {dagbag.py:538} INFO - Filling up the DagBag from /home/airflow/.local/lib/python3.8/site-packages/airflow/example_dags/tutorial_taskflow_api.py
[2023-12-19T14:23:48.297+0000] {processor.py:840} INFO - DAG(s) 'tutorial_taskflow_api' retrieved from /home/airflow/.local/lib/python3.8/site-packages/airflow/example_dags/tutorial_taskflow_api.py
[2023-12-19T14:23:48.412+0000] {logging_mixin.py:188} INFO - [2023-12-19T14:23:48.411+0000] {dag.py:3033} INFO - Sync 1 DAGs
[2023-12-19T14:23:48.481+0000] {logging_mixin.py:188} INFO - [2023-12-19T14:23:48.480+0000] {dag.py:3820} INFO - Setting next_dagrun for tutorial_taskflow_api to None, run_after=None
[2023-12-19T14:23:48.556+0000] {processor.py:183} INFO - Processing /home/airflow/.local/lib/python3.8/site-packages/airflow/example_dags/tutorial_taskflow_api.py took 0.375 seconds
[2023-12-19T14:25:10.881+0000] {processor.py:161} INFO - Started process (PID=43) to work on /home/airflow/.local/lib/python3.8/site-packages/airflow/example_dags/tutorial_taskflow_api.py
[2023-12-19T14:25:10.892+0000] {processor.py:830} INFO - Processing file /home/airflow/.local/lib/python3.8/site-packages/airflow/example_dags/tutorial_taskflow_api.py for tasks to queue
[2023-12-19T14:25:10.897+0000] {logging_mixin.py:188} INFO - [2023-12-19T14:25:10.896+0000] {dagbag.py:538} INFO - Filling up the DagBag from /home/airflow/.local/lib/python3.8/site-packages/airflow/example_dags/tutorial_taskflow_api.py
[2023-12-19T14:25:10.979+0000] {processor.py:840} INFO - DAG(s) 'tutorial_taskflow_api' retrieved from /home/airflow/.local/lib/python3.8/site-packages/airflow/example_dags/tutorial_taskflow_api.py
[2023-12-19T14:25:11.549+0000] {logging_mixin.py:188} INFO - [2023-12-19T14:25:11.549+0000] {dag.py:3033} INFO - Sync 1 DAGs
[2023-12-19T14:25:11.587+0000] {logging_mixin.py:188} INFO - [2023-12-19T14:25:11.586+0000] {dag.py:3820} INFO - Setting next_dagrun for tutorial_taskflow_api to None, run_after=None
[2023-12-19T14:25:11.649+0000] {processor.py:183} INFO - Processing /home/airflow/.local/lib/python3.8/site-packages/airflow/example_dags/tutorial_taskflow_api.py took 0.788 seconds
[2023-12-19T14:25:42.357+0000] {processor.py:161} INFO - Started process (PID=98) to work on /home/airflow/.local/lib/python3.8/site-packages/airflow/example_dags/tutorial_taskflow_api.py
[2023-12-19T14:25:42.359+0000] {processor.py:830} INFO - Processing file /home/airflow/.local/lib/python3.8/site-packages/airflow/example_dags/tutorial_taskflow_api.py for tasks to queue
[2023-12-19T14:25:42.366+0000] {logging_mixin.py:188} INFO - [2023-12-19T14:25:42.365+0000] {dagbag.py:538} INFO - Filling up the DagBag from /home/airflow/.local/lib/python3.8/site-packages/airflow/example_dags/tutorial_taskflow_api.py
[2023-12-19T14:25:42.381+0000] {processor.py:840} INFO - DAG(s) 'tutorial_taskflow_api' retrieved from /home/airflow/.local/lib/python3.8/site-packages/airflow/example_dags/tutorial_taskflow_api.py
[2023-12-19T14:25:42.431+0000] {logging_mixin.py:188} INFO - [2023-12-19T14:25:42.430+0000] {dag.py:3033} INFO - Sync 1 DAGs
[2023-12-19T14:25:42.461+0000] {logging_mixin.py:188} INFO - [2023-12-19T14:25:42.461+0000] {dag.py:3820} INFO - Setting next_dagrun for tutorial_taskflow_api to None, run_after=None
[2023-12-19T14:25:42.519+0000] {processor.py:183} INFO - Processing /home/airflow/.local/lib/python3.8/site-packages/airflow/example_dags/tutorial_taskflow_api.py took 0.172 seconds
[2023-12-19T14:26:13.057+0000] {processor.py:161} INFO - Started process (PID=152) to work on /home/airflow/.local/lib/python3.8/site-packages/airflow/example_dags/tutorial_taskflow_api.py
[2023-12-19T14:26:13.059+0000] {processor.py:830} INFO - Processing file /home/airflow/.local/lib/python3.8/site-packages/airflow/example_dags/tutorial_taskflow_api.py for tasks to queue
[2023-12-19T14:26:13.063+0000] {logging_mixin.py:188} INFO - [2023-12-19T14:26:13.062+0000] {dagbag.py:538} INFO - Filling up the DagBag from /home/airflow/.local/lib/python3.8/site-packages/airflow/example_dags/tutorial_taskflow_api.py
[2023-12-19T14:26:13.074+0000] {processor.py:840} INFO - DAG(s) 'tutorial_taskflow_api' retrieved from /home/airflow/.local/lib/python3.8/site-packages/airflow/example_dags/tutorial_taskflow_api.py
[2023-12-19T14:26:13.121+0000] {logging_mixin.py:188} INFO - [2023-12-19T14:26:13.120+0000] {dag.py:3033} INFO - Sync 1 DAGs
[2023-12-19T14:26:13.148+0000] {logging_mixin.py:188} INFO - [2023-12-19T14:26:13.148+0000] {dag.py:3820} INFO - Setting next_dagrun for tutorial_taskflow_api to None, run_after=None
[2023-12-19T14:26:13.189+0000] {processor.py:183} INFO - Processing /home/airflow/.local/lib/python3.8/site-packages/airflow/example_dags/tutorial_taskflow_api.py took 0.138 seconds
[2023-12-19T14:26:44.002+0000] {processor.py:161} INFO - Started process (PID=207) to work on /home/airflow/.local/lib/python3.8/site-packages/airflow/example_dags/tutorial_taskflow_api.py
[2023-12-19T14:26:44.004+0000] {processor.py:830} INFO - Processing file /home/airflow/.local/lib/python3.8/site-packages/airflow/example_dags/tutorial_taskflow_api.py for tasks to queue
[2023-12-19T14:26:44.007+0000] {logging_mixin.py:188} INFO - [2023-12-19T14:26:44.007+0000] {dagbag.py:538} INFO - Filling up the DagBag from /home/airflow/.local/lib/python3.8/site-packages/airflow/example_dags/tutorial_taskflow_api.py
[2023-12-19T14:26:44.019+0000] {processor.py:840} INFO - DAG(s) 'tutorial_taskflow_api' retrieved from /home/airflow/.local/lib/python3.8/site-packages/airflow/example_dags/tutorial_taskflow_api.py
[2023-12-19T14:26:44.060+0000] {logging_mixin.py:188} INFO - [2023-12-19T14:26:44.059+0000] {dag.py:3033} INFO - Sync 1 DAGs
[2023-12-19T14:26:44.082+0000] {logging_mixin.py:188} INFO - [2023-12-19T14:26:44.082+0000] {dag.py:3820} INFO - Setting next_dagrun for tutorial_taskflow_api to None, run_after=None
[2023-12-19T14:26:44.121+0000] {processor.py:183} INFO - Processing /home/airflow/.local/lib/python3.8/site-packages/airflow/example_dags/tutorial_taskflow_api.py took 0.125 seconds
[2023-12-19T14:27:14.454+0000] {processor.py:161} INFO - Started process (PID=262) to work on /home/airflow/.local/lib/python3.8/site-packages/airflow/example_dags/tutorial_taskflow_api.py
[2023-12-19T14:27:14.458+0000] {processor.py:830} INFO - Processing file /home/airflow/.local/lib/python3.8/site-packages/airflow/example_dags/tutorial_taskflow_api.py for tasks to queue
[2023-12-19T14:27:14.465+0000] {logging_mixin.py:188} INFO - [2023-12-19T14:27:14.464+0000] {dagbag.py:538} INFO - Filling up the DagBag from /home/airflow/.local/lib/python3.8/site-packages/airflow/example_dags/tutorial_taskflow_api.py
[2023-12-19T14:27:14.515+0000] {processor.py:840} INFO - DAG(s) 'tutorial_taskflow_api' retrieved from /home/airflow/.local/lib/python3.8/site-packages/airflow/example_dags/tutorial_taskflow_api.py
[2023-12-19T14:27:14.574+0000] {logging_mixin.py:188} INFO - [2023-12-19T14:27:14.574+0000] {dag.py:3033} INFO - Sync 1 DAGs
[2023-12-19T14:27:14.620+0000] {logging_mixin.py:188} INFO - [2023-12-19T14:27:14.619+0000] {dag.py:3820} INFO - Setting next_dagrun for tutorial_taskflow_api to None, run_after=None
[2023-12-19T14:27:14.731+0000] {processor.py:183} INFO - Processing /home/airflow/.local/lib/python3.8/site-packages/airflow/example_dags/tutorial_taskflow_api.py took 0.287 seconds
[2023-12-19T14:27:45.434+0000] {processor.py:161} INFO - Started process (PID=317) to work on /home/airflow/.local/lib/python3.8/site-packages/airflow/example_dags/tutorial_taskflow_api.py
[2023-12-19T14:27:45.436+0000] {processor.py:830} INFO - Processing file /home/airflow/.local/lib/python3.8/site-packages/airflow/example_dags/tutorial_taskflow_api.py for tasks to queue
[2023-12-19T14:27:45.440+0000] {logging_mixin.py:188} INFO - [2023-12-19T14:27:45.439+0000] {dagbag.py:538} INFO - Filling up the DagBag from /home/airflow/.local/lib/python3.8/site-packages/airflow/example_dags/tutorial_taskflow_api.py
[2023-12-19T14:27:45.452+0000] {processor.py:840} INFO - DAG(s) 'tutorial_taskflow_api' retrieved from /home/airflow/.local/lib/python3.8/site-packages/airflow/example_dags/tutorial_taskflow_api.py
[2023-12-19T14:27:45.491+0000] {logging_mixin.py:188} INFO - [2023-12-19T14:27:45.490+0000] {dag.py:3033} INFO - Sync 1 DAGs
[2023-12-19T14:27:45.515+0000] {logging_mixin.py:188} INFO - [2023-12-19T14:27:45.515+0000] {dag.py:3820} INFO - Setting next_dagrun for tutorial_taskflow_api to None, run_after=None
[2023-12-19T14:27:45.554+0000] {processor.py:183} INFO - Processing /home/airflow/.local/lib/python3.8/site-packages/airflow/example_dags/tutorial_taskflow_api.py took 0.126 seconds
[2023-12-19T14:28:15.907+0000] {processor.py:161} INFO - Started process (PID=370) to work on /home/airflow/.local/lib/python3.8/site-packages/airflow/example_dags/tutorial_taskflow_api.py
[2023-12-19T14:28:15.909+0000] {processor.py:830} INFO - Processing file /home/airflow/.local/lib/python3.8/site-packages/airflow/example_dags/tutorial_taskflow_api.py for tasks to queue
[2023-12-19T14:28:15.915+0000] {logging_mixin.py:188} INFO - [2023-12-19T14:28:15.914+0000] {dagbag.py:538} INFO - Filling up the DagBag from /home/airflow/.local/lib/python3.8/site-packages/airflow/example_dags/tutorial_taskflow_api.py
[2023-12-19T14:28:15.929+0000] {processor.py:840} INFO - DAG(s) 'tutorial_taskflow_api' retrieved from /home/airflow/.local/lib/python3.8/site-packages/airflow/example_dags/tutorial_taskflow_api.py
[2023-12-19T14:28:15.974+0000] {logging_mixin.py:188} INFO - [2023-12-19T14:28:15.974+0000] {dag.py:3033} INFO - Sync 1 DAGs
[2023-12-19T14:28:16.003+0000] {logging_mixin.py:188} INFO - [2023-12-19T14:28:16.002+0000] {dag.py:3820} INFO - Setting next_dagrun for tutorial_taskflow_api to None, run_after=None
[2023-12-19T14:28:16.042+0000] {processor.py:183} INFO - Processing /home/airflow/.local/lib/python3.8/site-packages/airflow/example_dags/tutorial_taskflow_api.py took 0.142 seconds
[2023-12-19T14:28:46.819+0000] {processor.py:161} INFO - Started process (PID=425) to work on /home/airflow/.local/lib/python3.8/site-packages/airflow/example_dags/tutorial_taskflow_api.py
[2023-12-19T14:28:46.825+0000] {processor.py:830} INFO - Processing file /home/airflow/.local/lib/python3.8/site-packages/airflow/example_dags/tutorial_taskflow_api.py for tasks to queue
[2023-12-19T14:28:46.836+0000] {logging_mixin.py:188} INFO - [2023-12-19T14:28:46.835+0000] {dagbag.py:538} INFO - Filling up the DagBag from /home/airflow/.local/lib/python3.8/site-packages/airflow/example_dags/tutorial_taskflow_api.py
[2023-12-19T14:28:46.861+0000] {processor.py:840} INFO - DAG(s) 'tutorial_taskflow_api' retrieved from /home/airflow/.local/lib/python3.8/site-packages/airflow/example_dags/tutorial_taskflow_api.py
[2023-12-19T14:28:46.964+0000] {logging_mixin.py:188} INFO - [2023-12-19T14:28:46.963+0000] {dag.py:3033} INFO - Sync 1 DAGs
[2023-12-19T14:28:47.007+0000] {logging_mixin.py:188} INFO - [2023-12-19T14:28:47.006+0000] {dag.py:3820} INFO - Setting next_dagrun for tutorial_taskflow_api to None, run_after=None
[2023-12-19T14:28:47.092+0000] {processor.py:183} INFO - Processing /home/airflow/.local/lib/python3.8/site-packages/airflow/example_dags/tutorial_taskflow_api.py took 0.286 seconds
[2023-12-19T14:29:17.498+0000] {processor.py:161} INFO - Started process (PID=480) to work on /home/airflow/.local/lib/python3.8/site-packages/airflow/example_dags/tutorial_taskflow_api.py
[2023-12-19T14:29:17.500+0000] {processor.py:830} INFO - Processing file /home/airflow/.local/lib/python3.8/site-packages/airflow/example_dags/tutorial_taskflow_api.py for tasks to queue
[2023-12-19T14:29:17.506+0000] {logging_mixin.py:188} INFO - [2023-12-19T14:29:17.505+0000] {dagbag.py:538} INFO - Filling up the DagBag from /home/airflow/.local/lib/python3.8/site-packages/airflow/example_dags/tutorial_taskflow_api.py
[2023-12-19T14:29:17.518+0000] {processor.py:840} INFO - DAG(s) 'tutorial_taskflow_api' retrieved from /home/airflow/.local/lib/python3.8/site-packages/airflow/example_dags/tutorial_taskflow_api.py
[2023-12-19T14:29:17.563+0000] {logging_mixin.py:188} INFO - [2023-12-19T14:29:17.562+0000] {dag.py:3033} INFO - Sync 1 DAGs
[2023-12-19T14:29:17.594+0000] {logging_mixin.py:188} INFO - [2023-12-19T14:29:17.594+0000] {dag.py:3820} INFO - Setting next_dagrun for tutorial_taskflow_api to None, run_after=None
[2023-12-19T14:29:17.640+0000] {processor.py:183} INFO - Processing /home/airflow/.local/lib/python3.8/site-packages/airflow/example_dags/tutorial_taskflow_api.py took 0.149 seconds
[2023-12-19T14:29:48.398+0000] {processor.py:161} INFO - Started process (PID=535) to work on /home/airflow/.local/lib/python3.8/site-packages/airflow/example_dags/tutorial_taskflow_api.py
[2023-12-19T14:29:48.400+0000] {processor.py:830} INFO - Processing file /home/airflow/.local/lib/python3.8/site-packages/airflow/example_dags/tutorial_taskflow_api.py for tasks to queue
[2023-12-19T14:29:48.405+0000] {logging_mixin.py:188} INFO - [2023-12-19T14:29:48.404+0000] {dagbag.py:538} INFO - Filling up the DagBag from /home/airflow/.local/lib/python3.8/site-packages/airflow/example_dags/tutorial_taskflow_api.py
[2023-12-19T14:29:48.419+0000] {processor.py:840} INFO - DAG(s) 'tutorial_taskflow_api' retrieved from /home/airflow/.local/lib/python3.8/site-packages/airflow/example_dags/tutorial_taskflow_api.py
[2023-12-19T14:29:48.460+0000] {logging_mixin.py:188} INFO - [2023-12-19T14:29:48.460+0000] {dag.py:3033} INFO - Sync 1 DAGs
[2023-12-19T14:29:48.485+0000] {logging_mixin.py:188} INFO - [2023-12-19T14:29:48.485+0000] {dag.py:3820} INFO - Setting next_dagrun for tutorial_taskflow_api to None, run_after=None
[2023-12-19T14:29:48.531+0000] {processor.py:183} INFO - Processing /home/airflow/.local/lib/python3.8/site-packages/airflow/example_dags/tutorial_taskflow_api.py took 0.140 seconds
[2023-12-19T14:30:18.700+0000] {processor.py:161} INFO - Started process (PID=590) to work on /home/airflow/.local/lib/python3.8/site-packages/airflow/example_dags/tutorial_taskflow_api.py
[2023-12-19T14:30:18.702+0000] {processor.py:830} INFO - Processing file /home/airflow/.local/lib/python3.8/site-packages/airflow/example_dags/tutorial_taskflow_api.py for tasks to queue
[2023-12-19T14:30:18.709+0000] {logging_mixin.py:188} INFO - [2023-12-19T14:30:18.708+0000] {dagbag.py:538} INFO - Filling up the DagBag from /home/airflow/.local/lib/python3.8/site-packages/airflow/example_dags/tutorial_taskflow_api.py
[2023-12-19T14:30:18.728+0000] {processor.py:840} INFO - DAG(s) 'tutorial_taskflow_api' retrieved from /home/airflow/.local/lib/python3.8/site-packages/airflow/example_dags/tutorial_taskflow_api.py
[2023-12-19T14:30:18.784+0000] {logging_mixin.py:188} INFO - [2023-12-19T14:30:18.783+0000] {dag.py:3033} INFO - Sync 1 DAGs
[2023-12-19T14:30:18.819+0000] {logging_mixin.py:188} INFO - [2023-12-19T14:30:18.819+0000] {dag.py:3820} INFO - Setting next_dagrun for tutorial_taskflow_api to None, run_after=None
[2023-12-19T14:30:18.875+0000] {processor.py:183} INFO - Processing /home/airflow/.local/lib/python3.8/site-packages/airflow/example_dags/tutorial_taskflow_api.py took 0.189 seconds
[2023-12-19T14:30:49.485+0000] {processor.py:161} INFO - Started process (PID=645) to work on /home/airflow/.local/lib/python3.8/site-packages/airflow/example_dags/tutorial_taskflow_api.py
[2023-12-19T14:30:49.490+0000] {processor.py:830} INFO - Processing file /home/airflow/.local/lib/python3.8/site-packages/airflow/example_dags/tutorial_taskflow_api.py for tasks to queue
[2023-12-19T14:30:49.496+0000] {logging_mixin.py:188} INFO - [2023-12-19T14:30:49.495+0000] {dagbag.py:538} INFO - Filling up the DagBag from /home/airflow/.local/lib/python3.8/site-packages/airflow/example_dags/tutorial_taskflow_api.py
[2023-12-19T14:30:49.511+0000] {processor.py:840} INFO - DAG(s) 'tutorial_taskflow_api' retrieved from /home/airflow/.local/lib/python3.8/site-packages/airflow/example_dags/tutorial_taskflow_api.py
[2023-12-19T14:30:49.570+0000] {logging_mixin.py:188} INFO - [2023-12-19T14:30:49.569+0000] {dag.py:3033} INFO - Sync 1 DAGs
[2023-12-19T14:30:49.606+0000] {logging_mixin.py:188} INFO - [2023-12-19T14:30:49.603+0000] {dag.py:3820} INFO - Setting next_dagrun for tutorial_taskflow_api to None, run_after=None
[2023-12-19T14:30:49.659+0000] {processor.py:183} INFO - Processing /home/airflow/.local/lib/python3.8/site-packages/airflow/example_dags/tutorial_taskflow_api.py took 0.184 seconds
[2023-12-19T14:31:20.359+0000] {processor.py:161} INFO - Started process (PID=699) to work on /home/airflow/.local/lib/python3.8/site-packages/airflow/example_dags/tutorial_taskflow_api.py
[2023-12-19T14:31:20.361+0000] {processor.py:830} INFO - Processing file /home/airflow/.local/lib/python3.8/site-packages/airflow/example_dags/tutorial_taskflow_api.py for tasks to queue
[2023-12-19T14:31:20.368+0000] {logging_mixin.py:188} INFO - [2023-12-19T14:31:20.368+0000] {dagbag.py:538} INFO - Filling up the DagBag from /home/airflow/.local/lib/python3.8/site-packages/airflow/example_dags/tutorial_taskflow_api.py
[2023-12-19T14:31:20.381+0000] {processor.py:840} INFO - DAG(s) 'tutorial_taskflow_api' retrieved from /home/airflow/.local/lib/python3.8/site-packages/airflow/example_dags/tutorial_taskflow_api.py
[2023-12-19T14:31:20.444+0000] {logging_mixin.py:188} INFO - [2023-12-19T14:31:20.443+0000] {dag.py:3033} INFO - Sync 1 DAGs
[2023-12-19T14:31:20.485+0000] {logging_mixin.py:188} INFO - [2023-12-19T14:31:20.484+0000] {dag.py:3820} INFO - Setting next_dagrun for tutorial_taskflow_api to None, run_after=None
[2023-12-19T14:31:20.556+0000] {processor.py:183} INFO - Processing /home/airflow/.local/lib/python3.8/site-packages/airflow/example_dags/tutorial_taskflow_api.py took 0.204 seconds
[2023-12-19T14:31:50.701+0000] {processor.py:161} INFO - Started process (PID=754) to work on /home/airflow/.local/lib/python3.8/site-packages/airflow/example_dags/tutorial_taskflow_api.py
[2023-12-19T14:31:50.703+0000] {processor.py:830} INFO - Processing file /home/airflow/.local/lib/python3.8/site-packages/airflow/example_dags/tutorial_taskflow_api.py for tasks to queue
[2023-12-19T14:31:50.710+0000] {logging_mixin.py:188} INFO - [2023-12-19T14:31:50.709+0000] {dagbag.py:538} INFO - Filling up the DagBag from /home/airflow/.local/lib/python3.8/site-packages/airflow/example_dags/tutorial_taskflow_api.py
[2023-12-19T14:31:50.727+0000] {processor.py:840} INFO - DAG(s) 'tutorial_taskflow_api' retrieved from /home/airflow/.local/lib/python3.8/site-packages/airflow/example_dags/tutorial_taskflow_api.py
[2023-12-19T14:31:50.775+0000] {logging_mixin.py:188} INFO - [2023-12-19T14:31:50.775+0000] {dag.py:3033} INFO - Sync 1 DAGs
[2023-12-19T14:31:50.808+0000] {logging_mixin.py:188} INFO - [2023-12-19T14:31:50.808+0000] {dag.py:3820} INFO - Setting next_dagrun for tutorial_taskflow_api to None, run_after=None
[2023-12-19T14:31:50.855+0000] {processor.py:183} INFO - Processing /home/airflow/.local/lib/python3.8/site-packages/airflow/example_dags/tutorial_taskflow_api.py took 0.162 seconds
[2023-12-19T14:32:21.733+0000] {processor.py:161} INFO - Started process (PID=808) to work on /home/airflow/.local/lib/python3.8/site-packages/airflow/example_dags/tutorial_taskflow_api.py
[2023-12-19T14:32:21.735+0000] {processor.py:830} INFO - Processing file /home/airflow/.local/lib/python3.8/site-packages/airflow/example_dags/tutorial_taskflow_api.py for tasks to queue
[2023-12-19T14:32:21.744+0000] {logging_mixin.py:188} INFO - [2023-12-19T14:32:21.743+0000] {dagbag.py:538} INFO - Filling up the DagBag from /home/airflow/.local/lib/python3.8/site-packages/airflow/example_dags/tutorial_taskflow_api.py
[2023-12-19T14:32:21.774+0000] {processor.py:840} INFO - DAG(s) 'tutorial_taskflow_api' retrieved from /home/airflow/.local/lib/python3.8/site-packages/airflow/example_dags/tutorial_taskflow_api.py
[2023-12-19T14:32:21.872+0000] {logging_mixin.py:188} INFO - [2023-12-19T14:32:21.871+0000] {dag.py:3033} INFO - Sync 1 DAGs
[2023-12-19T14:32:21.930+0000] {logging_mixin.py:188} INFO - [2023-12-19T14:32:21.930+0000] {dag.py:3820} INFO - Setting next_dagrun for tutorial_taskflow_api to None, run_after=None
[2023-12-19T14:32:22.041+0000] {processor.py:183} INFO - Processing /home/airflow/.local/lib/python3.8/site-packages/airflow/example_dags/tutorial_taskflow_api.py took 0.325 seconds
[2023-12-19T14:32:52.256+0000] {processor.py:161} INFO - Started process (PID=863) to work on /home/airflow/.local/lib/python3.8/site-packages/airflow/example_dags/tutorial_taskflow_api.py
[2023-12-19T14:32:52.259+0000] {processor.py:830} INFO - Processing file /home/airflow/.local/lib/python3.8/site-packages/airflow/example_dags/tutorial_taskflow_api.py for tasks to queue
[2023-12-19T14:32:52.264+0000] {logging_mixin.py:188} INFO - [2023-12-19T14:32:52.263+0000] {dagbag.py:538} INFO - Filling up the DagBag from /home/airflow/.local/lib/python3.8/site-packages/airflow/example_dags/tutorial_taskflow_api.py
[2023-12-19T14:32:52.316+0000] {processor.py:840} INFO - DAG(s) 'tutorial_taskflow_api' retrieved from /home/airflow/.local/lib/python3.8/site-packages/airflow/example_dags/tutorial_taskflow_api.py
[2023-12-19T14:32:52.417+0000] {logging_mixin.py:188} INFO - [2023-12-19T14:32:52.417+0000] {dag.py:3033} INFO - Sync 1 DAGs
[2023-12-19T14:32:52.490+0000] {logging_mixin.py:188} INFO - [2023-12-19T14:32:52.490+0000] {dag.py:3820} INFO - Setting next_dagrun for tutorial_taskflow_api to None, run_after=None
[2023-12-19T14:32:52.598+0000] {processor.py:183} INFO - Processing /home/airflow/.local/lib/python3.8/site-packages/airflow/example_dags/tutorial_taskflow_api.py took 0.376 seconds
[2023-12-19T14:33:23.614+0000] {processor.py:161} INFO - Started process (PID=918) to work on /home/airflow/.local/lib/python3.8/site-packages/airflow/example_dags/tutorial_taskflow_api.py
[2023-12-19T14:33:23.627+0000] {processor.py:830} INFO - Processing file /home/airflow/.local/lib/python3.8/site-packages/airflow/example_dags/tutorial_taskflow_api.py for tasks to queue
[2023-12-19T14:33:23.641+0000] {logging_mixin.py:188} INFO - [2023-12-19T14:33:23.640+0000] {dagbag.py:538} INFO - Filling up the DagBag from /home/airflow/.local/lib/python3.8/site-packages/airflow/example_dags/tutorial_taskflow_api.py
[2023-12-19T14:33:23.709+0000] {processor.py:840} INFO - DAG(s) 'tutorial_taskflow_api' retrieved from /home/airflow/.local/lib/python3.8/site-packages/airflow/example_dags/tutorial_taskflow_api.py
[2023-12-19T14:33:23.916+0000] {logging_mixin.py:188} INFO - [2023-12-19T14:33:23.916+0000] {dag.py:3033} INFO - Sync 1 DAGs
[2023-12-19T14:33:24.012+0000] {logging_mixin.py:188} INFO - [2023-12-19T14:33:24.012+0000] {dag.py:3820} INFO - Setting next_dagrun for tutorial_taskflow_api to None, run_after=None
[2023-12-19T14:33:24.183+0000] {processor.py:183} INFO - Processing /home/airflow/.local/lib/python3.8/site-packages/airflow/example_dags/tutorial_taskflow_api.py took 0.594 seconds
[2023-12-19T14:33:54.816+0000] {processor.py:161} INFO - Started process (PID=973) to work on /home/airflow/.local/lib/python3.8/site-packages/airflow/example_dags/tutorial_taskflow_api.py
[2023-12-19T14:33:54.818+0000] {processor.py:830} INFO - Processing file /home/airflow/.local/lib/python3.8/site-packages/airflow/example_dags/tutorial_taskflow_api.py for tasks to queue
[2023-12-19T14:33:54.824+0000] {logging_mixin.py:188} INFO - [2023-12-19T14:33:54.823+0000] {dagbag.py:538} INFO - Filling up the DagBag from /home/airflow/.local/lib/python3.8/site-packages/airflow/example_dags/tutorial_taskflow_api.py
[2023-12-19T14:33:54.840+0000] {processor.py:840} INFO - DAG(s) 'tutorial_taskflow_api' retrieved from /home/airflow/.local/lib/python3.8/site-packages/airflow/example_dags/tutorial_taskflow_api.py
[2023-12-19T14:33:54.892+0000] {logging_mixin.py:188} INFO - [2023-12-19T14:33:54.892+0000] {dag.py:3033} INFO - Sync 1 DAGs
[2023-12-19T14:33:54.926+0000] {logging_mixin.py:188} INFO - [2023-12-19T14:33:54.926+0000] {dag.py:3820} INFO - Setting next_dagrun for tutorial_taskflow_api to None, run_after=None
[2023-12-19T14:33:54.986+0000] {processor.py:183} INFO - Processing /home/airflow/.local/lib/python3.8/site-packages/airflow/example_dags/tutorial_taskflow_api.py took 0.180 seconds
[2023-12-19T14:34:25.442+0000] {processor.py:161} INFO - Started process (PID=1028) to work on /home/airflow/.local/lib/python3.8/site-packages/airflow/example_dags/tutorial_taskflow_api.py
[2023-12-19T14:34:25.444+0000] {processor.py:830} INFO - Processing file /home/airflow/.local/lib/python3.8/site-packages/airflow/example_dags/tutorial_taskflow_api.py for tasks to queue
[2023-12-19T14:34:25.449+0000] {logging_mixin.py:188} INFO - [2023-12-19T14:34:25.449+0000] {dagbag.py:538} INFO - Filling up the DagBag from /home/airflow/.local/lib/python3.8/site-packages/airflow/example_dags/tutorial_taskflow_api.py
[2023-12-19T14:34:25.461+0000] {processor.py:840} INFO - DAG(s) 'tutorial_taskflow_api' retrieved from /home/airflow/.local/lib/python3.8/site-packages/airflow/example_dags/tutorial_taskflow_api.py
[2023-12-19T14:34:25.516+0000] {logging_mixin.py:188} INFO - [2023-12-19T14:34:25.516+0000] {dag.py:3033} INFO - Sync 1 DAGs
[2023-12-19T14:34:25.559+0000] {logging_mixin.py:188} INFO - [2023-12-19T14:34:25.556+0000] {dag.py:3820} INFO - Setting next_dagrun for tutorial_taskflow_api to None, run_after=None
[2023-12-19T14:34:25.631+0000] {processor.py:183} INFO - Processing /home/airflow/.local/lib/python3.8/site-packages/airflow/example_dags/tutorial_taskflow_api.py took 0.198 seconds
[2023-12-19T14:34:56.518+0000] {processor.py:161} INFO - Started process (PID=1082) to work on /home/airflow/.local/lib/python3.8/site-packages/airflow/example_dags/tutorial_taskflow_api.py
[2023-12-19T14:34:56.520+0000] {processor.py:830} INFO - Processing file /home/airflow/.local/lib/python3.8/site-packages/airflow/example_dags/tutorial_taskflow_api.py for tasks to queue
[2023-12-19T14:34:56.526+0000] {logging_mixin.py:188} INFO - [2023-12-19T14:34:56.525+0000] {dagbag.py:538} INFO - Filling up the DagBag from /home/airflow/.local/lib/python3.8/site-packages/airflow/example_dags/tutorial_taskflow_api.py
[2023-12-19T14:34:56.551+0000] {processor.py:840} INFO - DAG(s) 'tutorial_taskflow_api' retrieved from /home/airflow/.local/lib/python3.8/site-packages/airflow/example_dags/tutorial_taskflow_api.py
[2023-12-19T14:34:56.602+0000] {logging_mixin.py:188} INFO - [2023-12-19T14:34:56.602+0000] {dag.py:3033} INFO - Sync 1 DAGs
[2023-12-19T14:34:56.641+0000] {logging_mixin.py:188} INFO - [2023-12-19T14:34:56.638+0000] {dag.py:3820} INFO - Setting next_dagrun for tutorial_taskflow_api to None, run_after=None
[2023-12-19T14:34:56.698+0000] {processor.py:183} INFO - Processing /home/airflow/.local/lib/python3.8/site-packages/airflow/example_dags/tutorial_taskflow_api.py took 0.188 seconds
[2023-12-19T14:35:27.253+0000] {processor.py:161} INFO - Started process (PID=1137) to work on /home/airflow/.local/lib/python3.8/site-packages/airflow/example_dags/tutorial_taskflow_api.py
[2023-12-19T14:35:27.254+0000] {processor.py:830} INFO - Processing file /home/airflow/.local/lib/python3.8/site-packages/airflow/example_dags/tutorial_taskflow_api.py for tasks to queue
[2023-12-19T14:35:27.257+0000] {logging_mixin.py:188} INFO - [2023-12-19T14:35:27.257+0000] {dagbag.py:538} INFO - Filling up the DagBag from /home/airflow/.local/lib/python3.8/site-packages/airflow/example_dags/tutorial_taskflow_api.py
[2023-12-19T14:35:27.265+0000] {processor.py:840} INFO - DAG(s) 'tutorial_taskflow_api' retrieved from /home/airflow/.local/lib/python3.8/site-packages/airflow/example_dags/tutorial_taskflow_api.py
[2023-12-19T14:35:27.300+0000] {logging_mixin.py:188} INFO - [2023-12-19T14:35:27.300+0000] {dag.py:3033} INFO - Sync 1 DAGs
[2023-12-19T14:35:27.320+0000] {logging_mixin.py:188} INFO - [2023-12-19T14:35:27.320+0000] {dag.py:3820} INFO - Setting next_dagrun for tutorial_taskflow_api to None, run_after=None
[2023-12-19T14:35:27.348+0000] {processor.py:183} INFO - Processing /home/airflow/.local/lib/python3.8/site-packages/airflow/example_dags/tutorial_taskflow_api.py took 0.100 seconds
[2023-12-19T14:35:57.720+0000] {processor.py:161} INFO - Started process (PID=1191) to work on /home/airflow/.local/lib/python3.8/site-packages/airflow/example_dags/tutorial_taskflow_api.py
[2023-12-19T14:35:57.721+0000] {processor.py:830} INFO - Processing file /home/airflow/.local/lib/python3.8/site-packages/airflow/example_dags/tutorial_taskflow_api.py for tasks to queue
[2023-12-19T14:35:57.725+0000] {logging_mixin.py:188} INFO - [2023-12-19T14:35:57.725+0000] {dagbag.py:538} INFO - Filling up the DagBag from /home/airflow/.local/lib/python3.8/site-packages/airflow/example_dags/tutorial_taskflow_api.py
[2023-12-19T14:35:57.735+0000] {processor.py:840} INFO - DAG(s) 'tutorial_taskflow_api' retrieved from /home/airflow/.local/lib/python3.8/site-packages/airflow/example_dags/tutorial_taskflow_api.py
[2023-12-19T14:35:57.766+0000] {logging_mixin.py:188} INFO - [2023-12-19T14:35:57.766+0000] {dag.py:3033} INFO - Sync 1 DAGs
[2023-12-19T14:35:57.787+0000] {logging_mixin.py:188} INFO - [2023-12-19T14:35:57.786+0000] {dag.py:3820} INFO - Setting next_dagrun for tutorial_taskflow_api to None, run_after=None
[2023-12-19T14:35:57.823+0000] {processor.py:183} INFO - Processing /home/airflow/.local/lib/python3.8/site-packages/airflow/example_dags/tutorial_taskflow_api.py took 0.108 seconds
[2023-12-19T14:36:28.548+0000] {processor.py:161} INFO - Started process (PID=1246) to work on /home/airflow/.local/lib/python3.8/site-packages/airflow/example_dags/tutorial_taskflow_api.py
[2023-12-19T14:36:28.549+0000] {processor.py:830} INFO - Processing file /home/airflow/.local/lib/python3.8/site-packages/airflow/example_dags/tutorial_taskflow_api.py for tasks to queue
[2023-12-19T14:36:28.552+0000] {logging_mixin.py:188} INFO - [2023-12-19T14:36:28.552+0000] {dagbag.py:538} INFO - Filling up the DagBag from /home/airflow/.local/lib/python3.8/site-packages/airflow/example_dags/tutorial_taskflow_api.py
[2023-12-19T14:36:28.560+0000] {processor.py:840} INFO - DAG(s) 'tutorial_taskflow_api' retrieved from /home/airflow/.local/lib/python3.8/site-packages/airflow/example_dags/tutorial_taskflow_api.py
[2023-12-19T14:36:28.585+0000] {logging_mixin.py:188} INFO - [2023-12-19T14:36:28.585+0000] {dag.py:3033} INFO - Sync 1 DAGs
[2023-12-19T14:36:28.601+0000] {logging_mixin.py:188} INFO - [2023-12-19T14:36:28.601+0000] {dag.py:3820} INFO - Setting next_dagrun for tutorial_taskflow_api to None, run_after=None
[2023-12-19T14:36:28.628+0000] {processor.py:183} INFO - Processing /home/airflow/.local/lib/python3.8/site-packages/airflow/example_dags/tutorial_taskflow_api.py took 0.084 seconds
[2023-12-19T14:36:59.096+0000] {processor.py:161} INFO - Started process (PID=1301) to work on /home/airflow/.local/lib/python3.8/site-packages/airflow/example_dags/tutorial_taskflow_api.py
[2023-12-19T14:36:59.097+0000] {processor.py:830} INFO - Processing file /home/airflow/.local/lib/python3.8/site-packages/airflow/example_dags/tutorial_taskflow_api.py for tasks to queue
[2023-12-19T14:36:59.102+0000] {logging_mixin.py:188} INFO - [2023-12-19T14:36:59.101+0000] {dagbag.py:538} INFO - Filling up the DagBag from /home/airflow/.local/lib/python3.8/site-packages/airflow/example_dags/tutorial_taskflow_api.py
[2023-12-19T14:36:59.114+0000] {processor.py:840} INFO - DAG(s) 'tutorial_taskflow_api' retrieved from /home/airflow/.local/lib/python3.8/site-packages/airflow/example_dags/tutorial_taskflow_api.py
[2023-12-19T14:36:59.162+0000] {logging_mixin.py:188} INFO - [2023-12-19T14:36:59.161+0000] {dag.py:3033} INFO - Sync 1 DAGs
[2023-12-19T14:36:59.217+0000] {logging_mixin.py:188} INFO - [2023-12-19T14:36:59.217+0000] {dag.py:3820} INFO - Setting next_dagrun for tutorial_taskflow_api to None, run_after=None
[2023-12-19T14:36:59.299+0000] {processor.py:183} INFO - Processing /home/airflow/.local/lib/python3.8/site-packages/airflow/example_dags/tutorial_taskflow_api.py took 0.217 seconds
