[2023-12-19T14:14:03.262+0000] {processor.py:161} INFO - Started process (PID=58) to work on /home/airflow/.local/lib/python3.8/site-packages/airflow/example_dags/tutorial.py
[2023-12-19T14:14:03.264+0000] {processor.py:830} INFO - Processing file /home/airflow/.local/lib/python3.8/site-packages/airflow/example_dags/tutorial.py for tasks to queue
[2023-12-19T14:14:03.271+0000] {logging_mixin.py:188} INFO - [2023-12-19T14:14:03.270+0000] {dagbag.py:538} INFO - Filling up the DagBag from /home/airflow/.local/lib/python3.8/site-packages/airflow/example_dags/tutorial.py
[2023-12-19T14:14:03.289+0000] {processor.py:840} INFO - DAG(s) 'tutorial' retrieved from /home/airflow/.local/lib/python3.8/site-packages/airflow/example_dags/tutorial.py
[2023-12-19T14:14:03.820+0000] {logging_mixin.py:188} INFO - [2023-12-19T14:14:03.817+0000] {dag.py:3033} INFO - Sync 1 DAGs
[2023-12-19T14:14:04.005+0000] {logging_mixin.py:188} INFO - [2023-12-19T14:14:04.004+0000] {dag.py:3820} INFO - Setting next_dagrun for tutorial to 2023-12-18T00:00:00+00:00, run_after=2023-12-19T00:00:00+00:00
[2023-12-19T14:14:04.278+0000] {processor.py:183} INFO - Processing /home/airflow/.local/lib/python3.8/site-packages/airflow/example_dags/tutorial.py took 1.024 seconds
[2023-12-19T14:14:34.640+0000] {processor.py:161} INFO - Started process (PID=113) to work on /home/airflow/.local/lib/python3.8/site-packages/airflow/example_dags/tutorial.py
[2023-12-19T14:14:34.642+0000] {processor.py:830} INFO - Processing file /home/airflow/.local/lib/python3.8/site-packages/airflow/example_dags/tutorial.py for tasks to queue
[2023-12-19T14:14:34.647+0000] {logging_mixin.py:188} INFO - [2023-12-19T14:14:34.646+0000] {dagbag.py:538} INFO - Filling up the DagBag from /home/airflow/.local/lib/python3.8/site-packages/airflow/example_dags/tutorial.py
[2023-12-19T14:14:34.662+0000] {processor.py:840} INFO - DAG(s) 'tutorial' retrieved from /home/airflow/.local/lib/python3.8/site-packages/airflow/example_dags/tutorial.py
[2023-12-19T14:14:34.720+0000] {logging_mixin.py:188} INFO - [2023-12-19T14:14:34.719+0000] {dag.py:3033} INFO - Sync 1 DAGs
[2023-12-19T14:14:34.771+0000] {logging_mixin.py:188} INFO - [2023-12-19T14:14:34.771+0000] {dag.py:3820} INFO - Setting next_dagrun for tutorial to 2023-12-18T00:00:00+00:00, run_after=2023-12-19T00:00:00+00:00
[2023-12-19T14:14:34.829+0000] {processor.py:183} INFO - Processing /home/airflow/.local/lib/python3.8/site-packages/airflow/example_dags/tutorial.py took 0.203 seconds
[2023-12-19T14:15:27.268+0000] {processor.py:161} INFO - Started process (PID=169) to work on /home/airflow/.local/lib/python3.8/site-packages/airflow/example_dags/tutorial.py
[2023-12-19T14:15:27.271+0000] {processor.py:830} INFO - Processing file /home/airflow/.local/lib/python3.8/site-packages/airflow/example_dags/tutorial.py for tasks to queue
[2023-12-19T14:15:27.278+0000] {logging_mixin.py:188} INFO - [2023-12-19T14:15:27.278+0000] {dagbag.py:538} INFO - Filling up the DagBag from /home/airflow/.local/lib/python3.8/site-packages/airflow/example_dags/tutorial.py
[2023-12-19T14:15:27.295+0000] {processor.py:840} INFO - DAG(s) 'tutorial' retrieved from /home/airflow/.local/lib/python3.8/site-packages/airflow/example_dags/tutorial.py
[2023-12-19T14:15:27.347+0000] {logging_mixin.py:188} INFO - [2023-12-19T14:15:27.346+0000] {dag.py:3033} INFO - Sync 1 DAGs
[2023-12-19T14:15:27.413+0000] {logging_mixin.py:188} INFO - [2023-12-19T14:15:27.413+0000] {dag.py:3820} INFO - Setting next_dagrun for tutorial to 2023-12-18T00:00:00+00:00, run_after=2023-12-19T00:00:00+00:00
[2023-12-19T14:15:27.468+0000] {processor.py:183} INFO - Processing /home/airflow/.local/lib/python3.8/site-packages/airflow/example_dags/tutorial.py took 0.209 seconds
[2023-12-19T14:18:33.966+0000] {processor.py:161} INFO - Started process (PID=50) to work on /home/airflow/.local/lib/python3.8/site-packages/airflow/example_dags/tutorial.py
[2023-12-19T14:18:33.974+0000] {processor.py:830} INFO - Processing file /home/airflow/.local/lib/python3.8/site-packages/airflow/example_dags/tutorial.py for tasks to queue
[2023-12-19T14:18:33.979+0000] {logging_mixin.py:188} INFO - [2023-12-19T14:18:33.978+0000] {dagbag.py:538} INFO - Filling up the DagBag from /home/airflow/.local/lib/python3.8/site-packages/airflow/example_dags/tutorial.py
[2023-12-19T14:18:33.994+0000] {processor.py:840} INFO - DAG(s) 'tutorial' retrieved from /home/airflow/.local/lib/python3.8/site-packages/airflow/example_dags/tutorial.py
[2023-12-19T14:18:34.052+0000] {logging_mixin.py:188} INFO - [2023-12-19T14:18:34.052+0000] {dag.py:3033} INFO - Sync 1 DAGs
[2023-12-19T14:18:34.114+0000] {logging_mixin.py:188} INFO - [2023-12-19T14:18:34.114+0000] {dag.py:3820} INFO - Setting next_dagrun for tutorial to 2023-12-18T00:00:00+00:00, run_after=2023-12-19T00:00:00+00:00
[2023-12-19T14:18:34.177+0000] {processor.py:183} INFO - Processing /home/airflow/.local/lib/python3.8/site-packages/airflow/example_dags/tutorial.py took 0.219 seconds
[2023-12-19T14:19:08.249+0000] {processor.py:161} INFO - Started process (PID=106) to work on /home/airflow/.local/lib/python3.8/site-packages/airflow/example_dags/tutorial.py
[2023-12-19T14:19:08.268+0000] {processor.py:830} INFO - Processing file /home/airflow/.local/lib/python3.8/site-packages/airflow/example_dags/tutorial.py for tasks to queue
[2023-12-19T14:19:08.284+0000] {logging_mixin.py:188} INFO - [2023-12-19T14:19:08.281+0000] {dagbag.py:538} INFO - Filling up the DagBag from /home/airflow/.local/lib/python3.8/site-packages/airflow/example_dags/tutorial.py
[2023-12-19T14:19:08.316+0000] {processor.py:840} INFO - DAG(s) 'tutorial' retrieved from /home/airflow/.local/lib/python3.8/site-packages/airflow/example_dags/tutorial.py
[2023-12-19T14:19:08.421+0000] {logging_mixin.py:188} INFO - [2023-12-19T14:19:08.421+0000] {dag.py:3033} INFO - Sync 1 DAGs
[2023-12-19T14:19:08.591+0000] {logging_mixin.py:188} INFO - [2023-12-19T14:19:08.590+0000] {dag.py:3820} INFO - Setting next_dagrun for tutorial to 2023-12-18T00:00:00+00:00, run_after=2023-12-19T00:00:00+00:00
[2023-12-19T14:19:08.707+0000] {processor.py:183} INFO - Processing /home/airflow/.local/lib/python3.8/site-packages/airflow/example_dags/tutorial.py took 0.488 seconds
[2023-12-19T14:19:38.885+0000] {processor.py:161} INFO - Started process (PID=161) to work on /home/airflow/.local/lib/python3.8/site-packages/airflow/example_dags/tutorial.py
[2023-12-19T14:19:38.887+0000] {processor.py:830} INFO - Processing file /home/airflow/.local/lib/python3.8/site-packages/airflow/example_dags/tutorial.py for tasks to queue
[2023-12-19T14:19:38.892+0000] {logging_mixin.py:188} INFO - [2023-12-19T14:19:38.892+0000] {dagbag.py:538} INFO - Filling up the DagBag from /home/airflow/.local/lib/python3.8/site-packages/airflow/example_dags/tutorial.py
[2023-12-19T14:19:38.906+0000] {processor.py:840} INFO - DAG(s) 'tutorial' retrieved from /home/airflow/.local/lib/python3.8/site-packages/airflow/example_dags/tutorial.py
[2023-12-19T14:19:38.952+0000] {logging_mixin.py:188} INFO - [2023-12-19T14:19:38.952+0000] {dag.py:3033} INFO - Sync 1 DAGs
[2023-12-19T14:19:39.002+0000] {logging_mixin.py:188} INFO - [2023-12-19T14:19:39.001+0000] {dag.py:3820} INFO - Setting next_dagrun for tutorial to 2023-12-18T00:00:00+00:00, run_after=2023-12-19T00:00:00+00:00
[2023-12-19T14:19:39.052+0000] {processor.py:183} INFO - Processing /home/airflow/.local/lib/python3.8/site-packages/airflow/example_dags/tutorial.py took 0.174 seconds
[2023-12-19T14:20:09.589+0000] {processor.py:161} INFO - Started process (PID=215) to work on /home/airflow/.local/lib/python3.8/site-packages/airflow/example_dags/tutorial.py
[2023-12-19T14:20:09.590+0000] {processor.py:830} INFO - Processing file /home/airflow/.local/lib/python3.8/site-packages/airflow/example_dags/tutorial.py for tasks to queue
[2023-12-19T14:20:09.595+0000] {logging_mixin.py:188} INFO - [2023-12-19T14:20:09.594+0000] {dagbag.py:538} INFO - Filling up the DagBag from /home/airflow/.local/lib/python3.8/site-packages/airflow/example_dags/tutorial.py
[2023-12-19T14:20:09.609+0000] {processor.py:840} INFO - DAG(s) 'tutorial' retrieved from /home/airflow/.local/lib/python3.8/site-packages/airflow/example_dags/tutorial.py
[2023-12-19T14:20:09.655+0000] {logging_mixin.py:188} INFO - [2023-12-19T14:20:09.655+0000] {dag.py:3033} INFO - Sync 1 DAGs
[2023-12-19T14:20:09.707+0000] {logging_mixin.py:188} INFO - [2023-12-19T14:20:09.707+0000] {dag.py:3820} INFO - Setting next_dagrun for tutorial to 2023-12-18T00:00:00+00:00, run_after=2023-12-19T00:00:00+00:00
[2023-12-19T14:20:09.754+0000] {processor.py:183} INFO - Processing /home/airflow/.local/lib/python3.8/site-packages/airflow/example_dags/tutorial.py took 0.171 seconds
[2023-12-19T14:20:40.786+0000] {processor.py:161} INFO - Started process (PID=272) to work on /home/airflow/.local/lib/python3.8/site-packages/airflow/example_dags/tutorial.py
[2023-12-19T14:20:40.793+0000] {processor.py:830} INFO - Processing file /home/airflow/.local/lib/python3.8/site-packages/airflow/example_dags/tutorial.py for tasks to queue
[2023-12-19T14:20:40.800+0000] {logging_mixin.py:188} INFO - [2023-12-19T14:20:40.799+0000] {dagbag.py:538} INFO - Filling up the DagBag from /home/airflow/.local/lib/python3.8/site-packages/airflow/example_dags/tutorial.py
[2023-12-19T14:20:40.815+0000] {processor.py:840} INFO - DAG(s) 'tutorial' retrieved from /home/airflow/.local/lib/python3.8/site-packages/airflow/example_dags/tutorial.py
[2023-12-19T14:20:40.875+0000] {logging_mixin.py:188} INFO - [2023-12-19T14:20:40.874+0000] {dag.py:3033} INFO - Sync 1 DAGs
[2023-12-19T14:20:40.946+0000] {logging_mixin.py:188} INFO - [2023-12-19T14:20:40.945+0000] {dag.py:3820} INFO - Setting next_dagrun for tutorial to 2023-12-18T00:00:00+00:00, run_after=2023-12-19T00:00:00+00:00
[2023-12-19T14:20:41.027+0000] {processor.py:183} INFO - Processing /home/airflow/.local/lib/python3.8/site-packages/airflow/example_dags/tutorial.py took 0.251 seconds
[2023-12-19T14:21:12.033+0000] {processor.py:161} INFO - Started process (PID=326) to work on /home/airflow/.local/lib/python3.8/site-packages/airflow/example_dags/tutorial.py
[2023-12-19T14:21:12.035+0000] {processor.py:830} INFO - Processing file /home/airflow/.local/lib/python3.8/site-packages/airflow/example_dags/tutorial.py for tasks to queue
[2023-12-19T14:21:12.042+0000] {logging_mixin.py:188} INFO - [2023-12-19T14:21:12.041+0000] {dagbag.py:538} INFO - Filling up the DagBag from /home/airflow/.local/lib/python3.8/site-packages/airflow/example_dags/tutorial.py
[2023-12-19T14:21:12.059+0000] {processor.py:840} INFO - DAG(s) 'tutorial' retrieved from /home/airflow/.local/lib/python3.8/site-packages/airflow/example_dags/tutorial.py
[2023-12-19T14:21:12.155+0000] {logging_mixin.py:188} INFO - [2023-12-19T14:21:12.154+0000] {dag.py:3033} INFO - Sync 1 DAGs
[2023-12-19T14:21:12.287+0000] {logging_mixin.py:188} INFO - [2023-12-19T14:21:12.287+0000] {dag.py:3820} INFO - Setting next_dagrun for tutorial to 2023-12-18T00:00:00+00:00, run_after=2023-12-19T00:00:00+00:00
[2023-12-19T14:21:12.370+0000] {processor.py:183} INFO - Processing /home/airflow/.local/lib/python3.8/site-packages/airflow/example_dags/tutorial.py took 0.380 seconds
[2023-12-19T14:21:43.299+0000] {processor.py:161} INFO - Started process (PID=381) to work on /home/airflow/.local/lib/python3.8/site-packages/airflow/example_dags/tutorial.py
[2023-12-19T14:21:43.306+0000] {processor.py:830} INFO - Processing file /home/airflow/.local/lib/python3.8/site-packages/airflow/example_dags/tutorial.py for tasks to queue
[2023-12-19T14:21:43.324+0000] {logging_mixin.py:188} INFO - [2023-12-19T14:21:43.312+0000] {dagbag.py:538} INFO - Filling up the DagBag from /home/airflow/.local/lib/python3.8/site-packages/airflow/example_dags/tutorial.py
[2023-12-19T14:21:43.345+0000] {processor.py:840} INFO - DAG(s) 'tutorial' retrieved from /home/airflow/.local/lib/python3.8/site-packages/airflow/example_dags/tutorial.py
[2023-12-19T14:21:43.415+0000] {logging_mixin.py:188} INFO - [2023-12-19T14:21:43.415+0000] {dag.py:3033} INFO - Sync 1 DAGs
[2023-12-19T14:21:43.478+0000] {logging_mixin.py:188} INFO - [2023-12-19T14:21:43.478+0000] {dag.py:3820} INFO - Setting next_dagrun for tutorial to 2023-12-18T00:00:00+00:00, run_after=2023-12-19T00:00:00+00:00
[2023-12-19T14:21:43.555+0000] {processor.py:183} INFO - Processing /home/airflow/.local/lib/python3.8/site-packages/airflow/example_dags/tutorial.py took 0.269 seconds
[2023-12-19T14:22:13.722+0000] {processor.py:161} INFO - Started process (PID=435) to work on /home/airflow/.local/lib/python3.8/site-packages/airflow/example_dags/tutorial.py
[2023-12-19T14:22:13.724+0000] {processor.py:830} INFO - Processing file /home/airflow/.local/lib/python3.8/site-packages/airflow/example_dags/tutorial.py for tasks to queue
[2023-12-19T14:22:13.728+0000] {logging_mixin.py:188} INFO - [2023-12-19T14:22:13.728+0000] {dagbag.py:538} INFO - Filling up the DagBag from /home/airflow/.local/lib/python3.8/site-packages/airflow/example_dags/tutorial.py
[2023-12-19T14:22:13.740+0000] {processor.py:840} INFO - DAG(s) 'tutorial' retrieved from /home/airflow/.local/lib/python3.8/site-packages/airflow/example_dags/tutorial.py
[2023-12-19T14:22:13.795+0000] {logging_mixin.py:188} INFO - [2023-12-19T14:22:13.794+0000] {dag.py:3033} INFO - Sync 1 DAGs
[2023-12-19T14:22:13.859+0000] {logging_mixin.py:188} INFO - [2023-12-19T14:22:13.858+0000] {dag.py:3820} INFO - Setting next_dagrun for tutorial to 2023-12-18T00:00:00+00:00, run_after=2023-12-19T00:00:00+00:00
[2023-12-19T14:22:13.906+0000] {processor.py:183} INFO - Processing /home/airflow/.local/lib/python3.8/site-packages/airflow/example_dags/tutorial.py took 0.191 seconds
[2023-12-19T14:23:20.398+0000] {processor.py:161} INFO - Started process (PID=50) to work on /home/airflow/.local/lib/python3.8/site-packages/airflow/example_dags/tutorial.py
[2023-12-19T14:23:20.401+0000] {processor.py:830} INFO - Processing file /home/airflow/.local/lib/python3.8/site-packages/airflow/example_dags/tutorial.py for tasks to queue
[2023-12-19T14:23:20.419+0000] {logging_mixin.py:188} INFO - [2023-12-19T14:23:20.418+0000] {dagbag.py:538} INFO - Filling up the DagBag from /home/airflow/.local/lib/python3.8/site-packages/airflow/example_dags/tutorial.py
[2023-12-19T14:23:20.450+0000] {processor.py:840} INFO - DAG(s) 'tutorial' retrieved from /home/airflow/.local/lib/python3.8/site-packages/airflow/example_dags/tutorial.py
[2023-12-19T14:23:20.524+0000] {logging_mixin.py:188} INFO - [2023-12-19T14:23:20.523+0000] {dag.py:3033} INFO - Sync 1 DAGs
[2023-12-19T14:23:20.626+0000] {logging_mixin.py:188} INFO - [2023-12-19T14:23:20.625+0000] {dag.py:3820} INFO - Setting next_dagrun for tutorial to 2023-12-18T00:00:00+00:00, run_after=2023-12-19T00:00:00+00:00
[2023-12-19T14:23:20.690+0000] {processor.py:183} INFO - Processing /home/airflow/.local/lib/python3.8/site-packages/airflow/example_dags/tutorial.py took 0.318 seconds
[2023-12-19T14:23:51.151+0000] {processor.py:161} INFO - Started process (PID=104) to work on /home/airflow/.local/lib/python3.8/site-packages/airflow/example_dags/tutorial.py
[2023-12-19T14:23:51.159+0000] {processor.py:830} INFO - Processing file /home/airflow/.local/lib/python3.8/site-packages/airflow/example_dags/tutorial.py for tasks to queue
[2023-12-19T14:23:51.181+0000] {logging_mixin.py:188} INFO - [2023-12-19T14:23:51.180+0000] {dagbag.py:538} INFO - Filling up the DagBag from /home/airflow/.local/lib/python3.8/site-packages/airflow/example_dags/tutorial.py
[2023-12-19T14:23:51.212+0000] {processor.py:840} INFO - DAG(s) 'tutorial' retrieved from /home/airflow/.local/lib/python3.8/site-packages/airflow/example_dags/tutorial.py
[2023-12-19T14:23:51.247+0000] {logging_mixin.py:188} INFO - [2023-12-19T14:23:51.247+0000] {dag.py:3033} INFO - Sync 1 DAGs
[2023-12-19T14:23:51.308+0000] {logging_mixin.py:188} INFO - [2023-12-19T14:23:51.308+0000] {dag.py:3820} INFO - Setting next_dagrun for tutorial to 2023-12-18T00:00:00+00:00, run_after=2023-12-19T00:00:00+00:00
[2023-12-19T14:23:51.397+0000] {processor.py:183} INFO - Processing /home/airflow/.local/lib/python3.8/site-packages/airflow/example_dags/tutorial.py took 0.257 seconds
[2023-12-19T14:25:18.913+0000] {processor.py:161} INFO - Started process (PID=56) to work on /home/airflow/.local/lib/python3.8/site-packages/airflow/example_dags/tutorial.py
[2023-12-19T14:25:18.939+0000] {processor.py:830} INFO - Processing file /home/airflow/.local/lib/python3.8/site-packages/airflow/example_dags/tutorial.py for tasks to queue
[2023-12-19T14:25:18.953+0000] {logging_mixin.py:188} INFO - [2023-12-19T14:25:18.952+0000] {dagbag.py:538} INFO - Filling up the DagBag from /home/airflow/.local/lib/python3.8/site-packages/airflow/example_dags/tutorial.py
[2023-12-19T14:25:18.987+0000] {processor.py:840} INFO - DAG(s) 'tutorial' retrieved from /home/airflow/.local/lib/python3.8/site-packages/airflow/example_dags/tutorial.py
[2023-12-19T14:25:19.840+0000] {logging_mixin.py:188} INFO - [2023-12-19T14:25:19.840+0000] {dag.py:3033} INFO - Sync 1 DAGs
[2023-12-19T14:25:20.008+0000] {logging_mixin.py:188} INFO - [2023-12-19T14:25:20.008+0000] {dag.py:3820} INFO - Setting next_dagrun for tutorial to 2023-12-18T00:00:00+00:00, run_after=2023-12-19T00:00:00+00:00
[2023-12-19T14:25:20.155+0000] {processor.py:183} INFO - Processing /home/airflow/.local/lib/python3.8/site-packages/airflow/example_dags/tutorial.py took 1.263 seconds
[2023-12-19T14:25:50.736+0000] {processor.py:161} INFO - Started process (PID=111) to work on /home/airflow/.local/lib/python3.8/site-packages/airflow/example_dags/tutorial.py
[2023-12-19T14:25:50.737+0000] {processor.py:830} INFO - Processing file /home/airflow/.local/lib/python3.8/site-packages/airflow/example_dags/tutorial.py for tasks to queue
[2023-12-19T14:25:50.743+0000] {logging_mixin.py:188} INFO - [2023-12-19T14:25:50.743+0000] {dagbag.py:538} INFO - Filling up the DagBag from /home/airflow/.local/lib/python3.8/site-packages/airflow/example_dags/tutorial.py
[2023-12-19T14:25:50.753+0000] {processor.py:840} INFO - DAG(s) 'tutorial' retrieved from /home/airflow/.local/lib/python3.8/site-packages/airflow/example_dags/tutorial.py
[2023-12-19T14:25:50.790+0000] {logging_mixin.py:188} INFO - [2023-12-19T14:25:50.790+0000] {dag.py:3033} INFO - Sync 1 DAGs
[2023-12-19T14:25:50.836+0000] {logging_mixin.py:188} INFO - [2023-12-19T14:25:50.835+0000] {dag.py:3820} INFO - Setting next_dagrun for tutorial to 2023-12-18T00:00:00+00:00, run_after=2023-12-19T00:00:00+00:00
[2023-12-19T14:25:50.876+0000] {processor.py:183} INFO - Processing /home/airflow/.local/lib/python3.8/site-packages/airflow/example_dags/tutorial.py took 0.148 seconds
[2023-12-19T14:26:21.406+0000] {processor.py:161} INFO - Started process (PID=165) to work on /home/airflow/.local/lib/python3.8/site-packages/airflow/example_dags/tutorial.py
[2023-12-19T14:26:21.408+0000] {processor.py:830} INFO - Processing file /home/airflow/.local/lib/python3.8/site-packages/airflow/example_dags/tutorial.py for tasks to queue
[2023-12-19T14:26:21.413+0000] {logging_mixin.py:188} INFO - [2023-12-19T14:26:21.412+0000] {dagbag.py:538} INFO - Filling up the DagBag from /home/airflow/.local/lib/python3.8/site-packages/airflow/example_dags/tutorial.py
[2023-12-19T14:26:21.424+0000] {processor.py:840} INFO - DAG(s) 'tutorial' retrieved from /home/airflow/.local/lib/python3.8/site-packages/airflow/example_dags/tutorial.py
[2023-12-19T14:26:21.463+0000] {logging_mixin.py:188} INFO - [2023-12-19T14:26:21.462+0000] {dag.py:3033} INFO - Sync 1 DAGs
[2023-12-19T14:26:21.509+0000] {logging_mixin.py:188} INFO - [2023-12-19T14:26:21.509+0000] {dag.py:3820} INFO - Setting next_dagrun for tutorial to 2023-12-18T00:00:00+00:00, run_after=2023-12-19T00:00:00+00:00
[2023-12-19T14:26:21.546+0000] {processor.py:183} INFO - Processing /home/airflow/.local/lib/python3.8/site-packages/airflow/example_dags/tutorial.py took 0.149 seconds
[2023-12-19T14:26:52.284+0000] {processor.py:161} INFO - Started process (PID=220) to work on /home/airflow/.local/lib/python3.8/site-packages/airflow/example_dags/tutorial.py
[2023-12-19T14:26:52.287+0000] {processor.py:830} INFO - Processing file /home/airflow/.local/lib/python3.8/site-packages/airflow/example_dags/tutorial.py for tasks to queue
[2023-12-19T14:26:52.293+0000] {logging_mixin.py:188} INFO - [2023-12-19T14:26:52.292+0000] {dagbag.py:538} INFO - Filling up the DagBag from /home/airflow/.local/lib/python3.8/site-packages/airflow/example_dags/tutorial.py
[2023-12-19T14:26:52.306+0000] {processor.py:840} INFO - DAG(s) 'tutorial' retrieved from /home/airflow/.local/lib/python3.8/site-packages/airflow/example_dags/tutorial.py
[2023-12-19T14:26:52.351+0000] {logging_mixin.py:188} INFO - [2023-12-19T14:26:52.351+0000] {dag.py:3033} INFO - Sync 1 DAGs
[2023-12-19T14:26:52.395+0000] {logging_mixin.py:188} INFO - [2023-12-19T14:26:52.395+0000] {dag.py:3820} INFO - Setting next_dagrun for tutorial to 2023-12-18T00:00:00+00:00, run_after=2023-12-19T00:00:00+00:00
[2023-12-19T14:26:52.431+0000] {processor.py:183} INFO - Processing /home/airflow/.local/lib/python3.8/site-packages/airflow/example_dags/tutorial.py took 0.154 seconds
[2023-12-19T14:27:22.521+0000] {processor.py:161} INFO - Started process (PID=275) to work on /home/airflow/.local/lib/python3.8/site-packages/airflow/example_dags/tutorial.py
[2023-12-19T14:27:22.523+0000] {processor.py:830} INFO - Processing file /home/airflow/.local/lib/python3.8/site-packages/airflow/example_dags/tutorial.py for tasks to queue
[2023-12-19T14:27:22.528+0000] {logging_mixin.py:188} INFO - [2023-12-19T14:27:22.528+0000] {dagbag.py:538} INFO - Filling up the DagBag from /home/airflow/.local/lib/python3.8/site-packages/airflow/example_dags/tutorial.py
[2023-12-19T14:27:22.539+0000] {processor.py:840} INFO - DAG(s) 'tutorial' retrieved from /home/airflow/.local/lib/python3.8/site-packages/airflow/example_dags/tutorial.py
[2023-12-19T14:27:22.581+0000] {logging_mixin.py:188} INFO - [2023-12-19T14:27:22.581+0000] {dag.py:3033} INFO - Sync 1 DAGs
[2023-12-19T14:27:22.627+0000] {logging_mixin.py:188} INFO - [2023-12-19T14:27:22.627+0000] {dag.py:3820} INFO - Setting next_dagrun for tutorial to 2023-12-18T00:00:00+00:00, run_after=2023-12-19T00:00:00+00:00
[2023-12-19T14:27:22.673+0000] {processor.py:183} INFO - Processing /home/airflow/.local/lib/python3.8/site-packages/airflow/example_dags/tutorial.py took 0.159 seconds
[2023-12-19T14:27:53.443+0000] {processor.py:161} INFO - Started process (PID=330) to work on /home/airflow/.local/lib/python3.8/site-packages/airflow/example_dags/tutorial.py
[2023-12-19T14:27:53.445+0000] {processor.py:830} INFO - Processing file /home/airflow/.local/lib/python3.8/site-packages/airflow/example_dags/tutorial.py for tasks to queue
[2023-12-19T14:27:53.450+0000] {logging_mixin.py:188} INFO - [2023-12-19T14:27:53.449+0000] {dagbag.py:538} INFO - Filling up the DagBag from /home/airflow/.local/lib/python3.8/site-packages/airflow/example_dags/tutorial.py
[2023-12-19T14:27:53.462+0000] {processor.py:840} INFO - DAG(s) 'tutorial' retrieved from /home/airflow/.local/lib/python3.8/site-packages/airflow/example_dags/tutorial.py
[2023-12-19T14:27:53.506+0000] {logging_mixin.py:188} INFO - [2023-12-19T14:27:53.505+0000] {dag.py:3033} INFO - Sync 1 DAGs
[2023-12-19T14:27:53.553+0000] {logging_mixin.py:188} INFO - [2023-12-19T14:27:53.553+0000] {dag.py:3820} INFO - Setting next_dagrun for tutorial to 2023-12-18T00:00:00+00:00, run_after=2023-12-19T00:00:00+00:00
[2023-12-19T14:27:53.601+0000] {processor.py:183} INFO - Processing /home/airflow/.local/lib/python3.8/site-packages/airflow/example_dags/tutorial.py took 0.166 seconds
[2023-12-19T14:28:23.714+0000] {processor.py:161} INFO - Started process (PID=384) to work on /home/airflow/.local/lib/python3.8/site-packages/airflow/example_dags/tutorial.py
[2023-12-19T14:28:23.717+0000] {processor.py:830} INFO - Processing file /home/airflow/.local/lib/python3.8/site-packages/airflow/example_dags/tutorial.py for tasks to queue
[2023-12-19T14:28:23.722+0000] {logging_mixin.py:188} INFO - [2023-12-19T14:28:23.721+0000] {dagbag.py:538} INFO - Filling up the DagBag from /home/airflow/.local/lib/python3.8/site-packages/airflow/example_dags/tutorial.py
[2023-12-19T14:28:23.738+0000] {processor.py:840} INFO - DAG(s) 'tutorial' retrieved from /home/airflow/.local/lib/python3.8/site-packages/airflow/example_dags/tutorial.py
[2023-12-19T14:28:23.794+0000] {logging_mixin.py:188} INFO - [2023-12-19T14:28:23.794+0000] {dag.py:3033} INFO - Sync 1 DAGs
[2023-12-19T14:28:23.846+0000] {logging_mixin.py:188} INFO - [2023-12-19T14:28:23.846+0000] {dag.py:3820} INFO - Setting next_dagrun for tutorial to 2023-12-18T00:00:00+00:00, run_after=2023-12-19T00:00:00+00:00
[2023-12-19T14:28:23.888+0000] {processor.py:183} INFO - Processing /home/airflow/.local/lib/python3.8/site-packages/airflow/example_dags/tutorial.py took 0.181 seconds
[2023-12-19T14:28:54.545+0000] {processor.py:161} INFO - Started process (PID=439) to work on /home/airflow/.local/lib/python3.8/site-packages/airflow/example_dags/tutorial.py
[2023-12-19T14:28:54.547+0000] {processor.py:830} INFO - Processing file /home/airflow/.local/lib/python3.8/site-packages/airflow/example_dags/tutorial.py for tasks to queue
[2023-12-19T14:28:54.551+0000] {logging_mixin.py:188} INFO - [2023-12-19T14:28:54.551+0000] {dagbag.py:538} INFO - Filling up the DagBag from /home/airflow/.local/lib/python3.8/site-packages/airflow/example_dags/tutorial.py
[2023-12-19T14:28:54.563+0000] {processor.py:840} INFO - DAG(s) 'tutorial' retrieved from /home/airflow/.local/lib/python3.8/site-packages/airflow/example_dags/tutorial.py
[2023-12-19T14:28:54.603+0000] {logging_mixin.py:188} INFO - [2023-12-19T14:28:54.602+0000] {dag.py:3033} INFO - Sync 1 DAGs
[2023-12-19T14:28:54.643+0000] {logging_mixin.py:188} INFO - [2023-12-19T14:28:54.643+0000] {dag.py:3820} INFO - Setting next_dagrun for tutorial to 2023-12-18T00:00:00+00:00, run_after=2023-12-19T00:00:00+00:00
[2023-12-19T14:28:54.681+0000] {processor.py:183} INFO - Processing /home/airflow/.local/lib/python3.8/site-packages/airflow/example_dags/tutorial.py took 0.142 seconds
[2023-12-19T14:29:25.247+0000] {processor.py:161} INFO - Started process (PID=494) to work on /home/airflow/.local/lib/python3.8/site-packages/airflow/example_dags/tutorial.py
[2023-12-19T14:29:25.249+0000] {processor.py:830} INFO - Processing file /home/airflow/.local/lib/python3.8/site-packages/airflow/example_dags/tutorial.py for tasks to queue
[2023-12-19T14:29:25.253+0000] {logging_mixin.py:188} INFO - [2023-12-19T14:29:25.253+0000] {dagbag.py:538} INFO - Filling up the DagBag from /home/airflow/.local/lib/python3.8/site-packages/airflow/example_dags/tutorial.py
[2023-12-19T14:29:25.265+0000] {processor.py:840} INFO - DAG(s) 'tutorial' retrieved from /home/airflow/.local/lib/python3.8/site-packages/airflow/example_dags/tutorial.py
[2023-12-19T14:29:25.304+0000] {logging_mixin.py:188} INFO - [2023-12-19T14:29:25.304+0000] {dag.py:3033} INFO - Sync 1 DAGs
[2023-12-19T14:29:25.350+0000] {logging_mixin.py:188} INFO - [2023-12-19T14:29:25.349+0000] {dag.py:3820} INFO - Setting next_dagrun for tutorial to 2023-12-18T00:00:00+00:00, run_after=2023-12-19T00:00:00+00:00
[2023-12-19T14:29:25.390+0000] {processor.py:183} INFO - Processing /home/airflow/.local/lib/python3.8/site-packages/airflow/example_dags/tutorial.py took 0.151 seconds
[2023-12-19T14:29:55.479+0000] {processor.py:161} INFO - Started process (PID=549) to work on /home/airflow/.local/lib/python3.8/site-packages/airflow/example_dags/tutorial.py
[2023-12-19T14:29:55.482+0000] {processor.py:830} INFO - Processing file /home/airflow/.local/lib/python3.8/site-packages/airflow/example_dags/tutorial.py for tasks to queue
[2023-12-19T14:29:55.488+0000] {logging_mixin.py:188} INFO - [2023-12-19T14:29:55.487+0000] {dagbag.py:538} INFO - Filling up the DagBag from /home/airflow/.local/lib/python3.8/site-packages/airflow/example_dags/tutorial.py
[2023-12-19T14:29:55.507+0000] {processor.py:840} INFO - DAG(s) 'tutorial' retrieved from /home/airflow/.local/lib/python3.8/site-packages/airflow/example_dags/tutorial.py
[2023-12-19T14:29:55.571+0000] {logging_mixin.py:188} INFO - [2023-12-19T14:29:55.570+0000] {dag.py:3033} INFO - Sync 1 DAGs
[2023-12-19T14:29:55.638+0000] {logging_mixin.py:188} INFO - [2023-12-19T14:29:55.637+0000] {dag.py:3820} INFO - Setting next_dagrun for tutorial to 2023-12-18T00:00:00+00:00, run_after=2023-12-19T00:00:00+00:00
[2023-12-19T14:29:55.706+0000] {processor.py:183} INFO - Processing /home/airflow/.local/lib/python3.8/site-packages/airflow/example_dags/tutorial.py took 0.236 seconds
[2023-12-19T14:30:26.356+0000] {processor.py:161} INFO - Started process (PID=604) to work on /home/airflow/.local/lib/python3.8/site-packages/airflow/example_dags/tutorial.py
[2023-12-19T14:30:26.358+0000] {processor.py:830} INFO - Processing file /home/airflow/.local/lib/python3.8/site-packages/airflow/example_dags/tutorial.py for tasks to queue
[2023-12-19T14:30:26.364+0000] {logging_mixin.py:188} INFO - [2023-12-19T14:30:26.363+0000] {dagbag.py:538} INFO - Filling up the DagBag from /home/airflow/.local/lib/python3.8/site-packages/airflow/example_dags/tutorial.py
[2023-12-19T14:30:26.379+0000] {processor.py:840} INFO - DAG(s) 'tutorial' retrieved from /home/airflow/.local/lib/python3.8/site-packages/airflow/example_dags/tutorial.py
[2023-12-19T14:30:26.445+0000] {logging_mixin.py:188} INFO - [2023-12-19T14:30:26.445+0000] {dag.py:3033} INFO - Sync 1 DAGs
[2023-12-19T14:30:26.512+0000] {logging_mixin.py:188} INFO - [2023-12-19T14:30:26.511+0000] {dag.py:3820} INFO - Setting next_dagrun for tutorial to 2023-12-18T00:00:00+00:00, run_after=2023-12-19T00:00:00+00:00
[2023-12-19T14:30:26.592+0000] {processor.py:183} INFO - Processing /home/airflow/.local/lib/python3.8/site-packages/airflow/example_dags/tutorial.py took 0.244 seconds
[2023-12-19T14:30:57.046+0000] {processor.py:161} INFO - Started process (PID=657) to work on /home/airflow/.local/lib/python3.8/site-packages/airflow/example_dags/tutorial.py
[2023-12-19T14:30:57.059+0000] {processor.py:830} INFO - Processing file /home/airflow/.local/lib/python3.8/site-packages/airflow/example_dags/tutorial.py for tasks to queue
[2023-12-19T14:30:57.071+0000] {logging_mixin.py:188} INFO - [2023-12-19T14:30:57.067+0000] {dagbag.py:538} INFO - Filling up the DagBag from /home/airflow/.local/lib/python3.8/site-packages/airflow/example_dags/tutorial.py
[2023-12-19T14:30:57.132+0000] {processor.py:840} INFO - DAG(s) 'tutorial' retrieved from /home/airflow/.local/lib/python3.8/site-packages/airflow/example_dags/tutorial.py
[2023-12-19T14:30:57.289+0000] {logging_mixin.py:188} INFO - [2023-12-19T14:30:57.289+0000] {dag.py:3033} INFO - Sync 1 DAGs
[2023-12-19T14:30:57.462+0000] {logging_mixin.py:188} INFO - [2023-12-19T14:30:57.461+0000] {dag.py:3820} INFO - Setting next_dagrun for tutorial to 2023-12-18T00:00:00+00:00, run_after=2023-12-19T00:00:00+00:00
[2023-12-19T14:30:57.562+0000] {processor.py:183} INFO - Processing /home/airflow/.local/lib/python3.8/site-packages/airflow/example_dags/tutorial.py took 0.553 seconds
[2023-12-19T14:31:28.160+0000] {processor.py:161} INFO - Started process (PID=711) to work on /home/airflow/.local/lib/python3.8/site-packages/airflow/example_dags/tutorial.py
[2023-12-19T14:31:28.164+0000] {processor.py:830} INFO - Processing file /home/airflow/.local/lib/python3.8/site-packages/airflow/example_dags/tutorial.py for tasks to queue
[2023-12-19T14:31:28.173+0000] {logging_mixin.py:188} INFO - [2023-12-19T14:31:28.172+0000] {dagbag.py:538} INFO - Filling up the DagBag from /home/airflow/.local/lib/python3.8/site-packages/airflow/example_dags/tutorial.py
[2023-12-19T14:31:28.187+0000] {processor.py:840} INFO - DAG(s) 'tutorial' retrieved from /home/airflow/.local/lib/python3.8/site-packages/airflow/example_dags/tutorial.py
[2023-12-19T14:31:28.248+0000] {logging_mixin.py:188} INFO - [2023-12-19T14:31:28.247+0000] {dag.py:3033} INFO - Sync 1 DAGs
[2023-12-19T14:31:28.317+0000] {logging_mixin.py:188} INFO - [2023-12-19T14:31:28.316+0000] {dag.py:3820} INFO - Setting next_dagrun for tutorial to 2023-12-18T00:00:00+00:00, run_after=2023-12-19T00:00:00+00:00
[2023-12-19T14:31:28.380+0000] {processor.py:183} INFO - Processing /home/airflow/.local/lib/python3.8/site-packages/airflow/example_dags/tutorial.py took 0.226 seconds
[2023-12-19T14:31:58.715+0000] {processor.py:161} INFO - Started process (PID=766) to work on /home/airflow/.local/lib/python3.8/site-packages/airflow/example_dags/tutorial.py
[2023-12-19T14:31:58.717+0000] {processor.py:830} INFO - Processing file /home/airflow/.local/lib/python3.8/site-packages/airflow/example_dags/tutorial.py for tasks to queue
[2023-12-19T14:31:58.722+0000] {logging_mixin.py:188} INFO - [2023-12-19T14:31:58.721+0000] {dagbag.py:538} INFO - Filling up the DagBag from /home/airflow/.local/lib/python3.8/site-packages/airflow/example_dags/tutorial.py
[2023-12-19T14:31:58.733+0000] {processor.py:840} INFO - DAG(s) 'tutorial' retrieved from /home/airflow/.local/lib/python3.8/site-packages/airflow/example_dags/tutorial.py
[2023-12-19T14:31:58.773+0000] {logging_mixin.py:188} INFO - [2023-12-19T14:31:58.772+0000] {dag.py:3033} INFO - Sync 1 DAGs
[2023-12-19T14:31:58.823+0000] {logging_mixin.py:188} INFO - [2023-12-19T14:31:58.822+0000] {dag.py:3820} INFO - Setting next_dagrun for tutorial to 2023-12-18T00:00:00+00:00, run_after=2023-12-19T00:00:00+00:00
[2023-12-19T14:31:58.874+0000] {processor.py:183} INFO - Processing /home/airflow/.local/lib/python3.8/site-packages/airflow/example_dags/tutorial.py took 0.165 seconds
[2023-12-19T14:32:29.305+0000] {processor.py:161} INFO - Started process (PID=820) to work on /home/airflow/.local/lib/python3.8/site-packages/airflow/example_dags/tutorial.py
[2023-12-19T14:32:29.308+0000] {processor.py:830} INFO - Processing file /home/airflow/.local/lib/python3.8/site-packages/airflow/example_dags/tutorial.py for tasks to queue
[2023-12-19T14:32:29.315+0000] {logging_mixin.py:188} INFO - [2023-12-19T14:32:29.314+0000] {dagbag.py:538} INFO - Filling up the DagBag from /home/airflow/.local/lib/python3.8/site-packages/airflow/example_dags/tutorial.py
[2023-12-19T14:32:29.330+0000] {processor.py:840} INFO - DAG(s) 'tutorial' retrieved from /home/airflow/.local/lib/python3.8/site-packages/airflow/example_dags/tutorial.py
[2023-12-19T14:32:29.386+0000] {logging_mixin.py:188} INFO - [2023-12-19T14:32:29.385+0000] {dag.py:3033} INFO - Sync 1 DAGs
[2023-12-19T14:32:29.446+0000] {logging_mixin.py:188} INFO - [2023-12-19T14:32:29.446+0000] {dag.py:3820} INFO - Setting next_dagrun for tutorial to 2023-12-18T00:00:00+00:00, run_after=2023-12-19T00:00:00+00:00
[2023-12-19T14:32:29.502+0000] {processor.py:183} INFO - Processing /home/airflow/.local/lib/python3.8/site-packages/airflow/example_dags/tutorial.py took 0.205 seconds
[2023-12-19T14:32:59.654+0000] {processor.py:161} INFO - Started process (PID=875) to work on /home/airflow/.local/lib/python3.8/site-packages/airflow/example_dags/tutorial.py
[2023-12-19T14:32:59.657+0000] {processor.py:830} INFO - Processing file /home/airflow/.local/lib/python3.8/site-packages/airflow/example_dags/tutorial.py for tasks to queue
[2023-12-19T14:32:59.663+0000] {logging_mixin.py:188} INFO - [2023-12-19T14:32:59.662+0000] {dagbag.py:538} INFO - Filling up the DagBag from /home/airflow/.local/lib/python3.8/site-packages/airflow/example_dags/tutorial.py
[2023-12-19T14:32:59.680+0000] {processor.py:840} INFO - DAG(s) 'tutorial' retrieved from /home/airflow/.local/lib/python3.8/site-packages/airflow/example_dags/tutorial.py
[2023-12-19T14:32:59.743+0000] {logging_mixin.py:188} INFO - [2023-12-19T14:32:59.742+0000] {dag.py:3033} INFO - Sync 1 DAGs
[2023-12-19T14:32:59.802+0000] {logging_mixin.py:188} INFO - [2023-12-19T14:32:59.800+0000] {dag.py:3820} INFO - Setting next_dagrun for tutorial to 2023-12-18T00:00:00+00:00, run_after=2023-12-19T00:00:00+00:00
[2023-12-19T14:32:59.857+0000] {processor.py:183} INFO - Processing /home/airflow/.local/lib/python3.8/site-packages/airflow/example_dags/tutorial.py took 0.214 seconds
[2023-12-19T14:33:30.522+0000] {processor.py:161} INFO - Started process (PID=930) to work on /home/airflow/.local/lib/python3.8/site-packages/airflow/example_dags/tutorial.py
[2023-12-19T14:33:30.544+0000] {processor.py:830} INFO - Processing file /home/airflow/.local/lib/python3.8/site-packages/airflow/example_dags/tutorial.py for tasks to queue
[2023-12-19T14:33:30.556+0000] {logging_mixin.py:188} INFO - [2023-12-19T14:33:30.555+0000] {dagbag.py:538} INFO - Filling up the DagBag from /home/airflow/.local/lib/python3.8/site-packages/airflow/example_dags/tutorial.py
[2023-12-19T14:33:30.570+0000] {processor.py:840} INFO - DAG(s) 'tutorial' retrieved from /home/airflow/.local/lib/python3.8/site-packages/airflow/example_dags/tutorial.py
[2023-12-19T14:33:30.634+0000] {logging_mixin.py:188} INFO - [2023-12-19T14:33:30.633+0000] {dag.py:3033} INFO - Sync 1 DAGs
[2023-12-19T14:33:30.704+0000] {logging_mixin.py:188} INFO - [2023-12-19T14:33:30.702+0000] {dag.py:3820} INFO - Setting next_dagrun for tutorial to 2023-12-18T00:00:00+00:00, run_after=2023-12-19T00:00:00+00:00
[2023-12-19T14:33:30.758+0000] {processor.py:183} INFO - Processing /home/airflow/.local/lib/python3.8/site-packages/airflow/example_dags/tutorial.py took 0.253 seconds
[2023-12-19T14:34:00.900+0000] {processor.py:161} INFO - Started process (PID=985) to work on /home/airflow/.local/lib/python3.8/site-packages/airflow/example_dags/tutorial.py
[2023-12-19T14:34:00.903+0000] {processor.py:830} INFO - Processing file /home/airflow/.local/lib/python3.8/site-packages/airflow/example_dags/tutorial.py for tasks to queue
[2023-12-19T14:34:00.907+0000] {logging_mixin.py:188} INFO - [2023-12-19T14:34:00.906+0000] {dagbag.py:538} INFO - Filling up the DagBag from /home/airflow/.local/lib/python3.8/site-packages/airflow/example_dags/tutorial.py
[2023-12-19T14:34:00.921+0000] {processor.py:840} INFO - DAG(s) 'tutorial' retrieved from /home/airflow/.local/lib/python3.8/site-packages/airflow/example_dags/tutorial.py
[2023-12-19T14:34:00.987+0000] {logging_mixin.py:188} INFO - [2023-12-19T14:34:00.987+0000] {dag.py:3033} INFO - Sync 1 DAGs
[2023-12-19T14:34:01.038+0000] {logging_mixin.py:188} INFO - [2023-12-19T14:34:01.038+0000] {dag.py:3820} INFO - Setting next_dagrun for tutorial to 2023-12-18T00:00:00+00:00, run_after=2023-12-19T00:00:00+00:00
[2023-12-19T14:34:01.136+0000] {processor.py:183} INFO - Processing /home/airflow/.local/lib/python3.8/site-packages/airflow/example_dags/tutorial.py took 0.245 seconds
[2023-12-19T14:34:31.369+0000] {processor.py:161} INFO - Started process (PID=1040) to work on /home/airflow/.local/lib/python3.8/site-packages/airflow/example_dags/tutorial.py
[2023-12-19T14:34:31.371+0000] {processor.py:830} INFO - Processing file /home/airflow/.local/lib/python3.8/site-packages/airflow/example_dags/tutorial.py for tasks to queue
[2023-12-19T14:34:31.377+0000] {logging_mixin.py:188} INFO - [2023-12-19T14:34:31.376+0000] {dagbag.py:538} INFO - Filling up the DagBag from /home/airflow/.local/lib/python3.8/site-packages/airflow/example_dags/tutorial.py
[2023-12-19T14:34:31.394+0000] {processor.py:840} INFO - DAG(s) 'tutorial' retrieved from /home/airflow/.local/lib/python3.8/site-packages/airflow/example_dags/tutorial.py
[2023-12-19T14:34:31.480+0000] {logging_mixin.py:188} INFO - [2023-12-19T14:34:31.479+0000] {dag.py:3033} INFO - Sync 1 DAGs
[2023-12-19T14:34:31.551+0000] {logging_mixin.py:188} INFO - [2023-12-19T14:34:31.551+0000] {dag.py:3820} INFO - Setting next_dagrun for tutorial to 2023-12-18T00:00:00+00:00, run_after=2023-12-19T00:00:00+00:00
[2023-12-19T14:34:31.594+0000] {processor.py:183} INFO - Processing /home/airflow/.local/lib/python3.8/site-packages/airflow/example_dags/tutorial.py took 0.241 seconds
[2023-12-19T14:35:01.662+0000] {processor.py:161} INFO - Started process (PID=1094) to work on /home/airflow/.local/lib/python3.8/site-packages/airflow/example_dags/tutorial.py
[2023-12-19T14:35:01.664+0000] {processor.py:830} INFO - Processing file /home/airflow/.local/lib/python3.8/site-packages/airflow/example_dags/tutorial.py for tasks to queue
[2023-12-19T14:35:01.669+0000] {logging_mixin.py:188} INFO - [2023-12-19T14:35:01.668+0000] {dagbag.py:538} INFO - Filling up the DagBag from /home/airflow/.local/lib/python3.8/site-packages/airflow/example_dags/tutorial.py
[2023-12-19T14:35:01.680+0000] {processor.py:840} INFO - DAG(s) 'tutorial' retrieved from /home/airflow/.local/lib/python3.8/site-packages/airflow/example_dags/tutorial.py
[2023-12-19T14:35:01.720+0000] {logging_mixin.py:188} INFO - [2023-12-19T14:35:01.720+0000] {dag.py:3033} INFO - Sync 1 DAGs
[2023-12-19T14:35:01.766+0000] {logging_mixin.py:188} INFO - [2023-12-19T14:35:01.765+0000] {dag.py:3820} INFO - Setting next_dagrun for tutorial to 2023-12-18T00:00:00+00:00, run_after=2023-12-19T00:00:00+00:00
[2023-12-19T14:35:01.807+0000] {processor.py:183} INFO - Processing /home/airflow/.local/lib/python3.8/site-packages/airflow/example_dags/tutorial.py took 0.151 seconds
[2023-12-19T14:35:32.314+0000] {processor.py:161} INFO - Started process (PID=1149) to work on /home/airflow/.local/lib/python3.8/site-packages/airflow/example_dags/tutorial.py
[2023-12-19T14:35:32.315+0000] {processor.py:830} INFO - Processing file /home/airflow/.local/lib/python3.8/site-packages/airflow/example_dags/tutorial.py for tasks to queue
[2023-12-19T14:35:32.319+0000] {logging_mixin.py:188} INFO - [2023-12-19T14:35:32.318+0000] {dagbag.py:538} INFO - Filling up the DagBag from /home/airflow/.local/lib/python3.8/site-packages/airflow/example_dags/tutorial.py
[2023-12-19T14:35:32.329+0000] {processor.py:840} INFO - DAG(s) 'tutorial' retrieved from /home/airflow/.local/lib/python3.8/site-packages/airflow/example_dags/tutorial.py
[2023-12-19T14:35:32.366+0000] {logging_mixin.py:188} INFO - [2023-12-19T14:35:32.365+0000] {dag.py:3033} INFO - Sync 1 DAGs
[2023-12-19T14:35:32.403+0000] {logging_mixin.py:188} INFO - [2023-12-19T14:35:32.402+0000] {dag.py:3820} INFO - Setting next_dagrun for tutorial to 2023-12-18T00:00:00+00:00, run_after=2023-12-19T00:00:00+00:00
[2023-12-19T14:35:32.438+0000] {processor.py:183} INFO - Processing /home/airflow/.local/lib/python3.8/site-packages/airflow/example_dags/tutorial.py took 0.130 seconds
[2023-12-19T14:36:02.703+0000] {processor.py:161} INFO - Started process (PID=1203) to work on /home/airflow/.local/lib/python3.8/site-packages/airflow/example_dags/tutorial.py
[2023-12-19T14:36:02.705+0000] {processor.py:830} INFO - Processing file /home/airflow/.local/lib/python3.8/site-packages/airflow/example_dags/tutorial.py for tasks to queue
[2023-12-19T14:36:02.708+0000] {logging_mixin.py:188} INFO - [2023-12-19T14:36:02.708+0000] {dagbag.py:538} INFO - Filling up the DagBag from /home/airflow/.local/lib/python3.8/site-packages/airflow/example_dags/tutorial.py
[2023-12-19T14:36:02.716+0000] {processor.py:840} INFO - DAG(s) 'tutorial' retrieved from /home/airflow/.local/lib/python3.8/site-packages/airflow/example_dags/tutorial.py
[2023-12-19T14:36:02.748+0000] {logging_mixin.py:188} INFO - [2023-12-19T14:36:02.748+0000] {dag.py:3033} INFO - Sync 1 DAGs
[2023-12-19T14:36:02.785+0000] {logging_mixin.py:188} INFO - [2023-12-19T14:36:02.785+0000] {dag.py:3820} INFO - Setting next_dagrun for tutorial to 2023-12-18T00:00:00+00:00, run_after=2023-12-19T00:00:00+00:00
[2023-12-19T14:36:02.820+0000] {processor.py:183} INFO - Processing /home/airflow/.local/lib/python3.8/site-packages/airflow/example_dags/tutorial.py took 0.121 seconds
[2023-12-19T14:36:33.338+0000] {processor.py:161} INFO - Started process (PID=1258) to work on /home/airflow/.local/lib/python3.8/site-packages/airflow/example_dags/tutorial.py
[2023-12-19T14:36:33.339+0000] {processor.py:830} INFO - Processing file /home/airflow/.local/lib/python3.8/site-packages/airflow/example_dags/tutorial.py for tasks to queue
[2023-12-19T14:36:33.342+0000] {logging_mixin.py:188} INFO - [2023-12-19T14:36:33.341+0000] {dagbag.py:538} INFO - Filling up the DagBag from /home/airflow/.local/lib/python3.8/site-packages/airflow/example_dags/tutorial.py
[2023-12-19T14:36:33.349+0000] {processor.py:840} INFO - DAG(s) 'tutorial' retrieved from /home/airflow/.local/lib/python3.8/site-packages/airflow/example_dags/tutorial.py
[2023-12-19T14:36:33.375+0000] {logging_mixin.py:188} INFO - [2023-12-19T14:36:33.374+0000] {dag.py:3033} INFO - Sync 1 DAGs
[2023-12-19T14:36:33.401+0000] {logging_mixin.py:188} INFO - [2023-12-19T14:36:33.401+0000] {dag.py:3820} INFO - Setting next_dagrun for tutorial to 2023-12-18T00:00:00+00:00, run_after=2023-12-19T00:00:00+00:00
[2023-12-19T14:36:33.426+0000] {processor.py:183} INFO - Processing /home/airflow/.local/lib/python3.8/site-packages/airflow/example_dags/tutorial.py took 0.093 seconds
[2023-12-19T14:37:03.701+0000] {processor.py:161} INFO - Started process (PID=1313) to work on /home/airflow/.local/lib/python3.8/site-packages/airflow/example_dags/tutorial.py
[2023-12-19T14:37:03.702+0000] {processor.py:830} INFO - Processing file /home/airflow/.local/lib/python3.8/site-packages/airflow/example_dags/tutorial.py for tasks to queue
[2023-12-19T14:37:03.705+0000] {logging_mixin.py:188} INFO - [2023-12-19T14:37:03.704+0000] {dagbag.py:538} INFO - Filling up the DagBag from /home/airflow/.local/lib/python3.8/site-packages/airflow/example_dags/tutorial.py
[2023-12-19T14:37:03.711+0000] {processor.py:840} INFO - DAG(s) 'tutorial' retrieved from /home/airflow/.local/lib/python3.8/site-packages/airflow/example_dags/tutorial.py
[2023-12-19T14:37:03.736+0000] {logging_mixin.py:188} INFO - [2023-12-19T14:37:03.736+0000] {dag.py:3033} INFO - Sync 1 DAGs
[2023-12-19T14:37:03.769+0000] {logging_mixin.py:188} INFO - [2023-12-19T14:37:03.769+0000] {dag.py:3820} INFO - Setting next_dagrun for tutorial to 2023-12-18T00:00:00+00:00, run_after=2023-12-19T00:00:00+00:00
[2023-12-19T14:37:03.793+0000] {processor.py:183} INFO - Processing /home/airflow/.local/lib/python3.8/site-packages/airflow/example_dags/tutorial.py took 0.097 seconds
